[rosmaster.main][INFO] 2017-09-28 16:29:10,647: initialization complete, waiting for shutdown
[rosmaster.main][INFO] 2017-09-28 16:29:10,647: Starting ROS Master Node
[xmlrpc][INFO] 2017-09-28 16:29:10,647: XML-RPC server binding to 0.0.0.0:11311
[xmlrpc][INFO] 2017-09-28 16:29:10,648: Started XML-RPC server [http://ubuntu:11311/]
[xmlrpc][INFO] 2017-09-28 16:29:10,648: xml rpc node: starting XML-RPC server
[rosmaster.master][INFO] 2017-09-28 16:29:10,648: Master initialized: port[11311], uri[http://ubuntu:11311/]
[rosmaster.master][INFO] 2017-09-28 16:29:10,695: +PARAM [/run_id] by /roslaunch
[rosmaster.master][INFO] 2017-09-28 16:29:10,697: +PARAM [/roslaunch/uris/host_ubuntu__36084] by /roslaunch
[rosmaster.master][INFO] 2017-09-28 16:29:10,785: +PARAM [/rosversion] by /roslaunch
[rosmaster.master][INFO] 2017-09-28 16:29:10,785: +PARAM [/rosdistro] by /roslaunch
[rosmaster.master][INFO] 2017-09-28 16:29:10,786: +PARAM [/camera/device_id] by /roslaunch
[rosmaster.master][INFO] 2017-09-28 16:29:10,820: +SERVICE [/rosout/get_loggers] /rosout http://ubuntu:33106/
[rosmaster.master][INFO] 2017-09-28 16:29:10,822: +SERVICE [/rosout/set_logger_level] /rosout http://ubuntu:33106/
[rosmaster.master][INFO] 2017-09-28 16:29:10,829: +PUB [/rosout_agg] /rosout http://ubuntu:33106/
[rosmaster.master][INFO] 2017-09-28 16:29:10,854: +SUB [/rosout] /rosout http://ubuntu:33106/
[rosmaster.master][INFO] 2017-09-28 16:29:10,999: +PUB [/rosout] /mask http://ubuntu:44774/
[rosmaster.master][INFO] 2017-09-28 16:29:11,001: +SERVICE [/mask/get_loggers] /mask http://ubuntu:44774/
[rosmaster.master][INFO] 2017-09-28 16:29:11,002: +SERVICE [/mask/set_logger_level] /mask http://ubuntu:44774/
[rosmaster.master][INFO] 2017-09-28 16:29:11,012: +PUB [/rosout] /camera http://ubuntu:40228/
[rosmaster.master][INFO] 2017-09-28 16:29:11,013: +SERVICE [/camera/get_loggers] /camera http://ubuntu:40228/
[rosmaster.master][INFO] 2017-09-28 16:29:11,015: +SERVICE [/camera/set_logger_level] /camera http://ubuntu:40228/
[rosmaster.master][INFO] 2017-09-28 16:29:11,033: +PUB [/rosout] /view http://ubuntu:38710/
[rosmaster.master][INFO] 2017-09-28 16:29:11,034: +SERVICE [/view/get_loggers] /view http://ubuntu:38710/
[rosmaster.master][INFO] 2017-09-28 16:29:11,034: +SERVICE [/view/set_logger_level] /view http://ubuntu:38710/
[rosmaster.master][INFO] 2017-09-28 16:29:11,048: +SUB [/tf] /view http://ubuntu:38710/
[rosmaster.master][INFO] 2017-09-28 16:29:11,053: publisherUpdate[/rosout] -> http://ubuntu:33106/ ['http://ubuntu:44774/']
[rosmaster.master][INFO] 2017-09-28 16:29:11,055: publisherUpdate[/rosout] -> http://ubuntu:33106/ ['http://ubuntu:44774/']: sec=0.00, result=[1, '', 0]
[rosmaster.master][INFO] 2017-09-28 16:29:11,055: publisherUpdate[/rosout] -> http://ubuntu:33106/ ['http://ubuntu:44774/', 'http://ubuntu:40228/']
[rosmaster.master][INFO] 2017-09-28 16:29:11,058: publisherUpdate[/rosout] -> http://ubuntu:33106/ ['http://ubuntu:44774/', 'http://ubuntu:40228/']: sec=0.00, result=[1, '', 0]
[rosmaster.master][INFO] 2017-09-28 16:29:11,058: publisherUpdate[/rosout] -> http://ubuntu:33106/ ['http://ubuntu:44774/', 'http://ubuntu:40228/', 'http://ubuntu:38710/']
[rosmaster.master][INFO] 2017-09-28 16:29:11,060: publisherUpdate[/rosout] -> http://ubuntu:33106/ ['http://ubuntu:44774/', 'http://ubuntu:40228/', 'http://ubuntu:38710/']: sec=0.00, result=[1, '', 0]
[rosmaster.master][INFO] 2017-09-28 16:29:11,063: +SUB [/tf_static] /view http://ubuntu:38710/
[rosmaster.master][INFO] 2017-09-28 16:29:11,072: +SERVICE [/camera/set_camera_info] /camera http://ubuntu:40228/
[rosmaster.master][INFO] 2017-09-28 16:29:11,113: +PUB [/image/screenpoint] /view http://ubuntu:38710/
[rosmaster.master][INFO] 2017-09-28 16:29:11,114: +PUB [/image/screenpoint_array] /view http://ubuntu:38710/
[rosmaster.master][INFO] 2017-09-28 16:29:11,115: +PUB [/image/screenrectangle] /view http://ubuntu:38710/
[rosmaster.master][INFO] 2017-09-28 16:29:11,116: +PUB [/image/screenrectangle_image] /view http://ubuntu:38710/
[rosmaster.master][INFO] 2017-09-28 16:29:11,117: +PUB [/image/movepoint] /view http://ubuntu:38710/
[rosmaster.master][INFO] 2017-09-28 16:29:11,118: +PUB [/image/foreground] /view http://ubuntu:38710/
[rosmaster.master][INFO] 2017-09-28 16:29:11,120: +PUB [/image/background] /view http://ubuntu:38710/
[rosmaster.master][INFO] 2017-09-28 16:29:11,124: +PUB [/image/foreground_rect] /view http://ubuntu:38710/
[rosmaster.master][INFO] 2017-09-28 16:29:11,126: +PUB [/image/background_rect] /view http://ubuntu:38710/
[rosmaster.master][INFO] 2017-09-28 16:29:11,127: +PUB [/image/line] /view http://ubuntu:38710/
[rosmaster.master][INFO] 2017-09-28 16:29:11,127: +PUB [/image/poly] /view http://ubuntu:38710/
[rosmaster.master][INFO] 2017-09-28 16:29:11,353: +SUB [/camera/image_raw] /mask http://ubuntu:44774/
[rosmaster.master][INFO] 2017-09-28 16:29:11,418: +PUB [/image_marked/compressedDepth] /view http://ubuntu:38710/
[rosmaster.master][INFO] 2017-09-28 16:29:11,419: +PUB [/image/compressedDepth] /mask http://ubuntu:44774/
[rosmaster.master][INFO] 2017-09-28 16:29:11,420: +SERVICE [/image_marked/compressedDepth/set_parameters] /view http://ubuntu:38710/
[rosmaster.master][INFO] 2017-09-28 16:29:11,421: +SERVICE [/image/compressedDepth/set_parameters] /mask http://ubuntu:44774/
[rosmaster.master][INFO] 2017-09-28 16:29:11,422: +PUB [/image_marked/compressedDepth/parameter_descriptions] /view http://ubuntu:38710/
[rosmaster.master][INFO] 2017-09-28 16:29:11,424: +PUB [/image/compressedDepth/parameter_descriptions] /mask http://ubuntu:44774/
[rosmaster.master][INFO] 2017-09-28 16:29:11,425: +PUB [/image_marked/compressedDepth/parameter_updates] /view http://ubuntu:38710/
[rosmaster.master][INFO] 2017-09-28 16:29:11,426: +PUB [/image/compressedDepth/parameter_updates] /mask http://ubuntu:44774/
[rosmaster.master][INFO] 2017-09-28 16:29:11,432: +PARAM [/image_marked/compressedDepth/depth_max] by /view
[rosmaster.master][INFO] 2017-09-28 16:29:11,433: +PARAM [/image/compressedDepth/depth_max] by /mask
[rosmaster.master][INFO] 2017-09-28 16:29:11,434: +PARAM [/image_marked/compressedDepth/depth_quantization] by /view
[rosmaster.master][INFO] 2017-09-28 16:29:11,435: +PARAM [/image/compressedDepth/depth_quantization] by /mask
[rosmaster.master][INFO] 2017-09-28 16:29:11,436: +PARAM [/image_marked/compressedDepth/png_level] by /view
[rosmaster.master][INFO] 2017-09-28 16:29:11,438: +PARAM [/image/compressedDepth/png_level] by /mask
[rosmaster.master][INFO] 2017-09-28 16:29:11,439: +PARAM [/image_marked/compressedDepth/depth_max] by /view
[rosmaster.master][INFO] 2017-09-28 16:29:11,440: +PARAM [/image/compressedDepth/depth_max] by /mask
[rosmaster.master][INFO] 2017-09-28 16:29:11,441: +PARAM [/image_marked/compressedDepth/depth_quantization] by /view
[rosmaster.master][INFO] 2017-09-28 16:29:11,442: +PARAM [/image/compressedDepth/depth_quantization] by /mask
[rosmaster.master][INFO] 2017-09-28 16:29:11,443: +PARAM [/image_marked/compressedDepth/png_level] by /view
[rosmaster.master][INFO] 2017-09-28 16:29:11,448: +PARAM [/image/compressedDepth/png_level] by /mask
[rosmaster.master][INFO] 2017-09-28 16:29:11,515: +PUB [/image_marked/compressed] /view http://ubuntu:38710/
[rosmaster.master][INFO] 2017-09-28 16:29:11,515: +PUB [/image/compressed] /mask http://ubuntu:44774/
[rosmaster.master][INFO] 2017-09-28 16:29:11,519: +SERVICE [/image/compressed/set_parameters] /mask http://ubuntu:44774/
[rosmaster.master][INFO] 2017-09-28 16:29:11,520: +PUB [/image/compressed/parameter_descriptions] /mask http://ubuntu:44774/
[rosmaster.master][INFO] 2017-09-28 16:29:11,521: +PUB [/image/compressed/parameter_updates] /mask http://ubuntu:44774/
[rosmaster.master][INFO] 2017-09-28 16:29:11,521: +SERVICE [/image_marked/compressed/set_parameters] /view http://ubuntu:38710/
[rosmaster.master][INFO] 2017-09-28 16:29:11,522: +PUB [/image_marked/compressed/parameter_descriptions] /view http://ubuntu:38710/
[rosmaster.master][INFO] 2017-09-28 16:29:11,523: +PUB [/image_marked/compressed/parameter_updates] /view http://ubuntu:38710/
[rosmaster.master][INFO] 2017-09-28 16:29:11,526: +PARAM [/image/compressed/format] by /mask
[rosmaster.master][INFO] 2017-09-28 16:29:11,527: +PARAM [/image/compressed/jpeg_quality] by /mask
[rosmaster.master][INFO] 2017-09-28 16:29:11,528: +PARAM [/image_marked/compressed/format] by /view
[rosmaster.master][INFO] 2017-09-28 16:29:11,528: +PARAM [/image/compressed/png_level] by /mask
[rosmaster.master][INFO] 2017-09-28 16:29:11,529: +PARAM [/image_marked/compressed/jpeg_quality] by /view
[rosmaster.master][INFO] 2017-09-28 16:29:11,530: +PARAM [/image/compressed/format] by /mask
[rosmaster.master][INFO] 2017-09-28 16:29:11,737: +PARAM [/image_marked/compressed/png_level] by /view
[rosmaster.master][INFO] 2017-09-28 16:29:11,740: +PARAM [/image/compressed/jpeg_quality] by /mask
[rosmaster.master][INFO] 2017-09-28 16:29:11,742: +PARAM [/image_marked/compressed/format] by /view
[rosmaster.master][INFO] 2017-09-28 16:29:11,743: +PARAM [/image/compressed/png_level] by /mask
[rosmaster.master][INFO] 2017-09-28 16:29:11,750: +PARAM [/image_marked/compressed/jpeg_quality] by /view
[rosmaster.master][INFO] 2017-09-28 16:29:11,756: +PARAM [/image_marked/compressed/png_level] by /view
[rosmaster.master][INFO] 2017-09-28 16:29:11,819: +PUB [/image] /mask http://ubuntu:44774/
[rosmaster.master][INFO] 2017-09-28 16:29:11,822: +PUB [/image_marked] /view http://ubuntu:38710/
[rosmaster.master][INFO] 2017-09-28 16:29:11,898: +PUB [/image/theora] /mask http://ubuntu:44774/
[rosmaster.master][INFO] 2017-09-28 16:29:11,899: +SERVICE [/image/theora/set_parameters] /mask http://ubuntu:44774/
[rosmaster.master][INFO] 2017-09-28 16:29:11,900: +PUB [/image_marked/theora] /view http://ubuntu:38710/
[rosmaster.master][INFO] 2017-09-28 16:29:11,901: +SERVICE [/image_marked/theora/set_parameters] /view http://ubuntu:38710/
[rosmaster.master][INFO] 2017-09-28 16:29:11,902: +PUB [/image/theora/parameter_descriptions] /mask http://ubuntu:44774/
[rosmaster.master][INFO] 2017-09-28 16:29:11,904: +PUB [/image_marked/theora/parameter_descriptions] /view http://ubuntu:38710/
[rosmaster.master][INFO] 2017-09-28 16:29:11,905: +PUB [/image/theora/parameter_updates] /mask http://ubuntu:44774/
[rosmaster.master][INFO] 2017-09-28 16:29:11,906: +PUB [/image_marked/theora/parameter_updates] /view http://ubuntu:38710/
[rosmaster.master][INFO] 2017-09-28 16:29:11,914: +PARAM [/image/theora/optimize_for] by /mask
[rosmaster.master][INFO] 2017-09-28 16:29:11,914: +PARAM [/image_marked/theora/optimize_for] by /view
[rosmaster.master][INFO] 2017-09-28 16:29:11,915: +PARAM [/image/theora/target_bitrate] by /mask
[rosmaster.master][INFO] 2017-09-28 16:29:11,916: +PARAM [/image_marked/theora/target_bitrate] by /view
[rosmaster.master][INFO] 2017-09-28 16:29:11,916: +PARAM [/image/theora/quality] by /mask
[rosmaster.master][INFO] 2017-09-28 16:29:11,917: +PARAM [/image_marked/theora/quality] by /view
[rosmaster.master][INFO] 2017-09-28 16:29:11,917: +PARAM [/image/theora/keyframe_frequency] by /mask
[rosmaster.master][INFO] 2017-09-28 16:29:11,918: +PARAM [/image_marked/theora/keyframe_frequency] by /view
[rosmaster.master][INFO] 2017-09-28 16:29:11,919: +PARAM [/image/theora/optimize_for] by /mask
[rosmaster.master][INFO] 2017-09-28 16:29:11,919: +PARAM [/image_marked/theora/optimize_for] by /view
[rosmaster.master][INFO] 2017-09-28 16:29:11,920: +PARAM [/image/theora/target_bitrate] by /mask
[rosmaster.master][INFO] 2017-09-28 16:29:11,921: +PARAM [/image_marked/theora/target_bitrate] by /view
[rosmaster.master][INFO] 2017-09-28 16:29:11,921: +PARAM [/image/theora/quality] by /mask
[rosmaster.master][INFO] 2017-09-28 16:29:11,922: +PARAM [/image_marked/theora/quality] by /view
[rosmaster.master][INFO] 2017-09-28 16:29:11,922: +PARAM [/image/theora/keyframe_frequency] by /mask
[rosmaster.master][INFO] 2017-09-28 16:29:11,923: +PARAM [/image_marked/theora/keyframe_frequency] by /view
[rosmaster.master][INFO] 2017-09-28 16:29:11,978: +PUB [/image/marked/compressedDepth] /view http://ubuntu:38710/
[rosmaster.master][INFO] 2017-09-28 16:29:11,980: +SERVICE [/image/marked/compressedDepth/set_parameters] /view http://ubuntu:38710/
[rosmaster.master][INFO] 2017-09-28 16:29:11,981: +PUB [/image/marked/compressedDepth/parameter_descriptions] /view http://ubuntu:38710/
[rosmaster.master][INFO] 2017-09-28 16:29:11,982: +PUB [/image/marked/compressedDepth/parameter_updates] /view http://ubuntu:38710/
[rosmaster.master][INFO] 2017-09-28 16:29:11,989: +PARAM [/image/marked/compressedDepth/depth_max] by /view
[rosmaster.master][INFO] 2017-09-28 16:29:11,992: +PARAM [/image/marked/compressedDepth/depth_quantization] by /view
[rosmaster.master][INFO] 2017-09-28 16:29:11,994: +PARAM [/image/marked/compressedDepth/png_level] by /view
[rosmaster.master][INFO] 2017-09-28 16:29:11,996: +PARAM [/image/marked/compressedDepth/depth_max] by /view
[rosmaster.master][INFO] 2017-09-28 16:29:11,999: +PARAM [/image/marked/compressedDepth/depth_quantization] by /view
[rosmaster.master][INFO] 2017-09-28 16:29:12,000: +PARAM [/image/marked/compressedDepth/png_level] by /view
[rosmaster.master][INFO] 2017-09-28 16:29:12,055: +PUB [/image/marked/compressed] /view http://ubuntu:38710/
[rosmaster.master][INFO] 2017-09-28 16:29:12,059: +SERVICE [/image/marked/compressed/set_parameters] /view http://ubuntu:38710/
[rosmaster.master][INFO] 2017-09-28 16:29:12,061: +PUB [/image/marked/compressed/parameter_descriptions] /view http://ubuntu:38710/
[rosmaster.master][INFO] 2017-09-28 16:29:12,063: +PUB [/image/marked/compressed/parameter_updates] /view http://ubuntu:38710/
[rosmaster.master][INFO] 2017-09-28 16:29:12,070: +PARAM [/image/marked/compressed/format] by /view
[rosmaster.master][INFO] 2017-09-28 16:29:12,071: +PARAM [/image/marked/compressed/jpeg_quality] by /view
[rosmaster.master][INFO] 2017-09-28 16:29:12,073: +PARAM [/image/marked/compressed/png_level] by /view
[rosmaster.master][INFO] 2017-09-28 16:29:12,074: +PARAM [/image/marked/compressed/format] by /view
[rosmaster.master][INFO] 2017-09-28 16:29:12,077: +PARAM [/image/marked/compressed/jpeg_quality] by /view
[rosmaster.master][INFO] 2017-09-28 16:29:12,079: +PARAM [/image/marked/compressed/png_level] by /view
[rosmaster.master][INFO] 2017-09-28 16:29:12,134: +PUB [/image/marked] /view http://ubuntu:38710/
[rosmaster.master][INFO] 2017-09-28 16:29:12,163: +PUB [/image/marked/theora] /view http://ubuntu:38710/
[rosmaster.master][INFO] 2017-09-28 16:29:12,164: +SERVICE [/image/marked/theora/set_parameters] /view http://ubuntu:38710/
[rosmaster.master][INFO] 2017-09-28 16:29:12,166: +PUB [/image/marked/theora/parameter_descriptions] /view http://ubuntu:38710/
[rosmaster.master][INFO] 2017-09-28 16:29:12,167: +PUB [/image/marked/theora/parameter_updates] /view http://ubuntu:38710/
[rosmaster.master][INFO] 2017-09-28 16:29:12,177: +PARAM [/image/marked/theora/optimize_for] by /view
[rosmaster.master][INFO] 2017-09-28 16:29:12,180: +PARAM [/image/marked/theora/target_bitrate] by /view
[rosmaster.master][INFO] 2017-09-28 16:29:12,181: +PARAM [/image/marked/theora/quality] by /view
[rosmaster.master][INFO] 2017-09-28 16:29:12,184: +PARAM [/image/marked/theora/keyframe_frequency] by /view
[rosmaster.master][INFO] 2017-09-28 16:29:12,185: +PARAM [/image/marked/theora/optimize_for] by /view
[rosmaster.master][INFO] 2017-09-28 16:29:12,185: +PARAM [/image/marked/theora/target_bitrate] by /view
[rosmaster.master][INFO] 2017-09-28 16:29:12,186: +PARAM [/image/marked/theora/quality] by /view
[rosmaster.master][INFO] 2017-09-28 16:29:12,188: +PARAM [/image/marked/theora/keyframe_frequency] by /view
[rosmaster.master][INFO] 2017-09-28 16:29:12,253: +SUB [/image] /view http://ubuntu:38710/
[rosmaster.master][INFO] 2017-09-28 16:29:12,266: +SUB [/camera_info] /view http://ubuntu:38710/
[rosmaster.master][INFO] 2017-09-28 16:29:12,283: +SUB [/image_marker] /view http://ubuntu:38710/
[rosmaster.master][INFO] 2017-09-28 16:29:12,294: +SUB [/image/event] /view http://ubuntu:38710/
[rosmaster.master][INFO] 2017-09-28 16:29:12,307: +SERVICE [/view/change_mode] /view http://ubuntu:38710/
[rosmaster.master][INFO] 2017-09-28 16:29:12,316: +SERVICE [/view/rectangle_mode] /view http://ubuntu:38710/
[rosmaster.master][INFO] 2017-09-28 16:29:12,321: +SERVICE [/view/grabcut_mode] /view http://ubuntu:38710/
[rosmaster.master][INFO] 2017-09-28 16:29:12,322: +SERVICE [/view/grabcut_rect_mode] /view http://ubuntu:38710/
[rosmaster.master][INFO] 2017-09-28 16:29:12,327: +SERVICE [/view/line_mode] /view http://ubuntu:38710/
[rosmaster.master][INFO] 2017-09-28 16:29:12,329: +SERVICE [/view/poly_mode] /view http://ubuntu:38710/
[rosmaster.master][INFO] 2017-09-28 16:29:12,337: +SERVICE [/view/none_mode] /view http://ubuntu:38710/
[rosmaster.master][INFO] 2017-09-28 16:29:12,338: +SERVICE [/view/set_parameters] /view http://ubuntu:38710/
[rosmaster.master][INFO] 2017-09-28 16:29:12,345: +PUB [/view/parameter_descriptions] /view http://ubuntu:38710/
[rosmaster.master][INFO] 2017-09-28 16:29:12,346: +PUB [/view/parameter_updates] /view http://ubuntu:38710/
[rosmaster.master][INFO] 2017-09-28 16:29:12,365: +PARAM [/view/grid] by /view
[rosmaster.master][INFO] 2017-09-28 16:29:12,370: +PARAM [/view/fisheye_mode] by /view
[rosmaster.master][INFO] 2017-09-28 16:29:12,374: +PARAM [/view/div_u] by /view
[rosmaster.master][INFO] 2017-09-28 16:29:12,376: +PARAM [/view/div_v] by /view
[rosmaster.master][INFO] 2017-09-28 16:29:12,377: +PARAM [/view/grid_red] by /view
[rosmaster.master][INFO] 2017-09-28 16:29:12,380: +PARAM [/view/grid_green] by /view
[rosmaster.master][INFO] 2017-09-28 16:29:12,386: +PARAM [/view/grid_blue] by /view
[rosmaster.master][INFO] 2017-09-28 16:29:12,387: +PARAM [/view/grid_thickness] by /view
[rosmaster.master][INFO] 2017-09-28 16:29:12,389: +PARAM [/view/grid_space] by /view
[rosmaster.master][INFO] 2017-09-28 16:29:12,392: +PARAM [/view/grid] by /view
[rosmaster.master][INFO] 2017-09-28 16:29:12,396: +PARAM [/view/fisheye_mode] by /view
[rosmaster.master][INFO] 2017-09-28 16:29:12,398: +PARAM [/view/div_u] by /view
[rosmaster.master][INFO] 2017-09-28 16:29:12,401: +PARAM [/view/div_v] by /view
[rosmaster.master][INFO] 2017-09-28 16:29:12,404: +PARAM [/view/grid_red] by /view
[rosmaster.master][INFO] 2017-09-28 16:29:12,408: +PARAM [/view/grid_green] by /view
[rosmaster.master][INFO] 2017-09-28 16:29:12,412: +PARAM [/view/grid_blue] by /view
[rosmaster.master][INFO] 2017-09-28 16:29:12,414: +PARAM [/view/grid_thickness] by /view
[rosmaster.master][INFO] 2017-09-28 16:29:12,416: +PARAM [/view/grid_space] by /view
[rosmaster.master][INFO] 2017-09-28 16:29:12,662: +PUB [/camera/image_raw/compressedDepth] /camera http://ubuntu:40228/
[rosmaster.master][INFO] 2017-09-28 16:29:12,668: +SERVICE [/camera/image_raw/compressedDepth/set_parameters] /camera http://ubuntu:40228/
[rosmaster.master][INFO] 2017-09-28 16:29:12,669: +PUB [/camera/image_raw/compressedDepth/parameter_descriptions] /camera http://ubuntu:40228/
[rosmaster.master][INFO] 2017-09-28 16:29:12,672: +PUB [/camera/image_raw/compressedDepth/parameter_updates] /camera http://ubuntu:40228/
[rosmaster.master][INFO] 2017-09-28 16:29:12,688: +PARAM [/camera/image_raw/compressedDepth/depth_max] by /camera
[rosmaster.master][INFO] 2017-09-28 16:29:12,692: +PARAM [/camera/image_raw/compressedDepth/depth_quantization] by /camera
[rosmaster.master][INFO] 2017-09-28 16:29:12,697: +PARAM [/camera/image_raw/compressedDepth/png_level] by /camera
[rosmaster.master][INFO] 2017-09-28 16:29:12,698: +PARAM [/camera/image_raw/compressedDepth/depth_max] by /camera
[rosmaster.master][INFO] 2017-09-28 16:29:12,700: +PARAM [/camera/image_raw/compressedDepth/depth_quantization] by /camera
[rosmaster.master][INFO] 2017-09-28 16:29:12,703: +PARAM [/camera/image_raw/compressedDepth/png_level] by /camera
[rosmaster.master][INFO] 2017-09-28 16:29:12,862: +PUB [/camera/image_raw/compressed] /camera http://ubuntu:40228/
[rosmaster.master][INFO] 2017-09-28 16:29:12,864: +SERVICE [/camera/image_raw/compressed/set_parameters] /camera http://ubuntu:40228/
[rosmaster.master][INFO] 2017-09-28 16:29:12,867: +PUB [/camera/image_raw/compressed/parameter_descriptions] /camera http://ubuntu:40228/
[rosmaster.master][INFO] 2017-09-28 16:29:12,873: +PUB [/camera/image_raw/compressed/parameter_updates] /camera http://ubuntu:40228/
[rosmaster.master][INFO] 2017-09-28 16:29:12,880: +PARAM [/camera/image_raw/compressed/format] by /camera
[rosmaster.master][INFO] 2017-09-28 16:29:12,882: +PARAM [/camera/image_raw/compressed/jpeg_quality] by /camera
[rosmaster.master][INFO] 2017-09-28 16:29:12,883: +PARAM [/camera/image_raw/compressed/png_level] by /camera
[rosmaster.master][INFO] 2017-09-28 16:29:12,885: +PARAM [/camera/image_raw/compressed/format] by /camera
[rosmaster.master][INFO] 2017-09-28 16:29:12,889: +PARAM [/camera/image_raw/compressed/jpeg_quality] by /camera
[rosmaster.master][INFO] 2017-09-28 16:29:12,890: +PARAM [/camera/image_raw/compressed/png_level] by /camera
[rosmaster.master][INFO] 2017-09-28 16:29:12,964: +PUB [/camera/image_raw] /camera http://ubuntu:40228/
[rosmaster.master][INFO] 2017-09-28 16:29:13,047: publisherUpdate[/camera/image_raw] -> http://ubuntu:44774/ ['http://ubuntu:40228/']
[rosmaster.master][INFO] 2017-09-28 16:29:13,048: publisherUpdate[/camera/image_raw] -> http://ubuntu:44774/ ['http://ubuntu:40228/']: sec=0.00, result=[1, '', 0]
[rosmaster.master][INFO] 2017-09-28 16:29:13,087: +PUB [/camera/image_raw/theora] /camera http://ubuntu:40228/
[rosmaster.master][INFO] 2017-09-28 16:29:13,088: +SERVICE [/camera/image_raw/theora/set_parameters] /camera http://ubuntu:40228/
[rosmaster.master][INFO] 2017-09-28 16:29:13,089: +PUB [/camera/image_raw/theora/parameter_descriptions] /camera http://ubuntu:40228/
[rosmaster.master][INFO] 2017-09-28 16:29:13,091: +PUB [/camera/image_raw/theora/parameter_updates] /camera http://ubuntu:40228/
[rosmaster.master][INFO] 2017-09-28 16:29:13,103: +PARAM [/camera/image_raw/theora/optimize_for] by /camera
[rosmaster.master][INFO] 2017-09-28 16:29:13,104: +PARAM [/camera/image_raw/theora/target_bitrate] by /camera
[rosmaster.master][INFO] 2017-09-28 16:29:13,105: +PARAM [/camera/image_raw/theora/quality] by /camera
[rosmaster.master][INFO] 2017-09-28 16:29:13,106: +PARAM [/camera/image_raw/theora/keyframe_frequency] by /camera
[rosmaster.master][INFO] 2017-09-28 16:29:13,108: +PARAM [/camera/image_raw/theora/optimize_for] by /camera
[rosmaster.master][INFO] 2017-09-28 16:29:13,110: +PARAM [/camera/image_raw/theora/target_bitrate] by /camera
[rosmaster.master][INFO] 2017-09-28 16:29:13,117: +PARAM [/camera/image_raw/theora/quality] by /camera
[rosmaster.master][INFO] 2017-09-28 16:29:13,119: +PARAM [/camera/image_raw/theora/keyframe_frequency] by /camera
[rosmaster.master][INFO] 2017-09-28 16:29:13,120: +PUB [/camera/camera_info] /camera http://ubuntu:40228/
[rosmaster.master][INFO] 2017-09-28 16:29:34,796: -PUB [/rosout] /camera http://ubuntu:40228/
[rosmaster.master][INFO] 2017-09-28 16:29:34,799: -PUB [/camera/image_raw/compressedDepth] /camera http://ubuntu:40228/
[rosmaster.master][INFO] 2017-09-28 16:29:34,809: -PUB [/camera/image_raw/compressedDepth/parameter_descriptions] /camera http://ubuntu:40228/
[rosmaster.master][INFO] 2017-09-28 16:29:34,812: -PUB [/camera/image_raw/compressedDepth/parameter_updates] /camera http://ubuntu:40228/
[rosmaster.master][INFO] 2017-09-28 16:29:34,818: -PUB [/camera/image_raw/compressed] /camera http://ubuntu:40228/
[rosmaster.master][INFO] 2017-09-28 16:29:34,820: -PUB [/camera/image_raw/compressed/parameter_descriptions] /camera http://ubuntu:40228/
[rosmaster.master][INFO] 2017-09-28 16:29:34,822: -PUB [/camera/image_raw/compressed/parameter_updates] /camera http://ubuntu:40228/
[rosmaster.master][INFO] 2017-09-28 16:29:34,827: -PUB [/camera/image_raw] /camera http://ubuntu:40228/
[rosmaster.master][INFO] 2017-09-28 16:29:34,833: -PUB [/camera/image_raw/theora] /camera http://ubuntu:40228/
[rosmaster.master][INFO] 2017-09-28 16:29:34,839: -PUB [/camera/image_raw/theora/parameter_descriptions] /camera http://ubuntu:40228/
[rosmaster.master][INFO] 2017-09-28 16:29:34,842: -PUB [/camera/image_raw/theora/parameter_updates] /camera http://ubuntu:40228/
[rosmaster.master][INFO] 2017-09-28 16:29:34,844: -PUB [/camera/camera_info] /camera http://ubuntu:40228/
[rosmaster.master][INFO] 2017-09-28 16:29:34,847: -SERVICE [/camera/get_loggers] /camera rosrpc://ubuntu:56975
[rosmaster.master][INFO] 2017-09-28 16:29:34,852: -SERVICE [/camera/set_logger_level] /camera rosrpc://ubuntu:56975
[rosmaster.master][INFO] 2017-09-28 16:29:34,854: -SERVICE [/camera/set_camera_info] /camera rosrpc://ubuntu:56975
[rosmaster.master][INFO] 2017-09-28 16:29:34,857: -SERVICE [/camera/image_raw/compressedDepth/set_parameters] /camera rosrpc://ubuntu:56975
[rosmaster.master][INFO] 2017-09-28 16:29:34,860: -SERVICE [/camera/image_raw/compressed/set_parameters] /camera rosrpc://ubuntu:56975
[rosmaster.master][INFO] 2017-09-28 16:29:34,862: -SERVICE [/camera/image_raw/theora/set_parameters] /camera rosrpc://ubuntu:56975
[rosmaster.master][INFO] 2017-09-28 16:29:34,891: publisherUpdate[/rosout] -> http://ubuntu:33106/ ['http://ubuntu:44774/', 'http://ubuntu:38710/']
[rosmaster.master][INFO] 2017-09-28 16:29:34,891: publisherUpdate[/camera/image_raw] -> http://ubuntu:44774/ []
[rosmaster.master][INFO] 2017-09-28 16:29:34,892: publisherUpdate[/rosout] -> http://ubuntu:33106/ ['http://ubuntu:44774/', 'http://ubuntu:38710/']: sec=0.00, result=[1, '', 0]
[rosmaster.master][INFO] 2017-09-28 16:29:34,898: publisherUpdate[/camera/image_raw] -> http://ubuntu:44774/ []: sec=0.01, result=[0, 'Unknown Error', 0]
[rosmaster.master][INFO] 2017-09-28 16:29:34,961: -PUB [/rosout] /view http://ubuntu:38710/
[rosmaster.master][INFO] 2017-09-28 16:29:34,967: -PUB [/image/screenpoint] /view http://ubuntu:38710/
[rosmaster.master][INFO] 2017-09-28 16:29:34,969: -PUB [/image/screenpoint_array] /view http://ubuntu:38710/
[rosmaster.master][INFO] 2017-09-28 16:29:34,972: -PUB [/image/screenrectangle] /view http://ubuntu:38710/
[rosmaster.master][INFO] 2017-09-28 16:29:34,976: -PUB [/image/screenrectangle_image] /view http://ubuntu:38710/
[rosmaster.master][INFO] 2017-09-28 16:29:34,981: -PUB [/image/movepoint] /view http://ubuntu:38710/
[rosmaster.master][INFO] 2017-09-28 16:29:34,983: -PUB [/image/foreground] /view http://ubuntu:38710/
[rosmaster.master][INFO] 2017-09-28 16:29:34,986: -PUB [/image/background] /view http://ubuntu:38710/
[rosmaster.master][INFO] 2017-09-28 16:29:34,995: publisherUpdate[/rosout] -> http://ubuntu:33106/ ['http://ubuntu:44774/']
[rosmaster.master][INFO] 2017-09-28 16:29:34,997: publisherUpdate[/rosout] -> http://ubuntu:33106/ ['http://ubuntu:44774/']: sec=0.00, result=[1, '', 0]
[rosmaster.master][INFO] 2017-09-28 16:29:34,997: -PUB [/image/foreground_rect] /view http://ubuntu:38710/
[rosmaster.master][INFO] 2017-09-28 16:29:35,000: -PUB [/image/background_rect] /view http://ubuntu:38710/
[rosmaster.master][INFO] 2017-09-28 16:29:35,004: -PUB [/image/line] /view http://ubuntu:38710/
[rosmaster.master][INFO] 2017-09-28 16:29:35,008: -PUB [/rosout] /mask http://ubuntu:44774/
[rosmaster.master][INFO] 2017-09-28 16:29:35,013: -PUB [/image/poly] /view http://ubuntu:38710/
[rosmaster.master][INFO] 2017-09-28 16:29:35,016: -PUB [/image_marked/compressedDepth] /view http://ubuntu:38710/
[rosmaster.master][INFO] 2017-09-28 16:29:35,021: -PUB [/image/compressedDepth] /mask http://ubuntu:44774/
[rosmaster.master][INFO] 2017-09-28 16:29:35,022: -PUB [/image_marked/compressedDepth/parameter_descriptions] /view http://ubuntu:38710/
[rosmaster.master][INFO] 2017-09-28 16:29:35,032: -PUB [/image/compressedDepth/parameter_descriptions] /mask http://ubuntu:44774/
[rosmaster.master][INFO] 2017-09-28 16:29:35,037: -PUB [/image/compressedDepth/parameter_updates] /mask http://ubuntu:44774/
[rosmaster.master][INFO] 2017-09-28 16:29:35,038: -PUB [/image_marked/compressedDepth/parameter_updates] /view http://ubuntu:38710/
[rosmaster.master][INFO] 2017-09-28 16:29:35,042: -PUB [/image/compressed] /mask http://ubuntu:44774/
[rosmaster.master][INFO] 2017-09-28 16:29:35,042: -PUB [/image_marked/compressed] /view http://ubuntu:38710/
[rosmaster.master][INFO] 2017-09-28 16:29:35,044: -PUB [/image/compressed/parameter_descriptions] /mask http://ubuntu:44774/
[rosmaster.master][INFO] 2017-09-28 16:29:35,047: -PUB [/image_marked/compressed/parameter_descriptions] /view http://ubuntu:38710/
[rosmaster.master][INFO] 2017-09-28 16:29:35,048: -PUB [/image/compressed/parameter_updates] /mask http://ubuntu:44774/
[rosmaster.master][INFO] 2017-09-28 16:29:35,050: -PUB [/image_marked/compressed/parameter_updates] /view http://ubuntu:38710/
[rosmaster.master][INFO] 2017-09-28 16:29:35,052: -PUB [/image] /mask http://ubuntu:44774/
[rosmaster.master][INFO] 2017-09-28 16:29:35,054: -PUB [/image_marked] /view http://ubuntu:38710/
[rosmaster.master][INFO] 2017-09-28 16:29:35,056: -PUB [/image/theora] /mask http://ubuntu:44774/
[rosmaster.master][INFO] 2017-09-28 16:29:35,060: -PUB [/image/theora/parameter_descriptions] /mask http://ubuntu:44774/
[rosmaster.master][INFO] 2017-09-28 16:29:35,062: -PUB [/image_marked/theora] /view http://ubuntu:38710/
[rosmaster.master][INFO] 2017-09-28 16:29:35,062: -PUB [/image_marked/theora/parameter_descriptions] /view http://ubuntu:38710/
[rosmaster.master][INFO] 2017-09-28 16:29:35,063: -PUB [/image_marked/theora/parameter_updates] /view http://ubuntu:38710/
[rosmaster.master][INFO] 2017-09-28 16:29:35,069: -PUB [/image/marked/compressedDepth] /view http://ubuntu:38710/
[rosmaster.master][INFO] 2017-09-28 16:29:35,071: -PUB [/image/theora/parameter_updates] /mask http://ubuntu:44774/
[rosmaster.master][INFO] 2017-09-28 16:29:35,072: -SUB [/camera/image_raw] /mask http://ubuntu:44774/
[rosmaster.master][INFO] 2017-09-28 16:29:35,074: -SERVICE [/mask/get_loggers] /mask rosrpc://ubuntu:47323
[rosmaster.master][INFO] 2017-09-28 16:29:35,076: -PUB [/image/marked/compressedDepth/parameter_descriptions] /view http://ubuntu:38710/
[rosmaster.master][INFO] 2017-09-28 16:29:35,088: -PUB [/image/marked/compressedDepth/parameter_updates] /view http://ubuntu:38710/
[rosmaster.master][INFO] 2017-09-28 16:29:35,091: -PUB [/image/marked/compressed] /view http://ubuntu:38710/
[rosmaster.master][INFO] 2017-09-28 16:29:35,095: -SERVICE [/mask/set_logger_level] /mask rosrpc://ubuntu:47323
[rosmaster.master][INFO] 2017-09-28 16:29:35,097: publisherUpdate[/rosout] -> http://ubuntu:33106/ []
[rosmaster.master][INFO] 2017-09-28 16:29:35,100: publisherUpdate[/image] -> http://ubuntu:38710/ []
[rosmaster.master][INFO] 2017-09-28 16:29:35,100: publisherUpdate[/rosout] -> http://ubuntu:33106/ []: sec=0.00, result=[1, '', 0]
[rosmaster.master][INFO] 2017-09-28 16:29:35,101: -PUB [/image/marked/compressed/parameter_descriptions] /view http://ubuntu:38710/
[rosmaster.master][INFO] 2017-09-28 16:29:35,101: -SERVICE [/image/compressedDepth/set_parameters] /mask rosrpc://ubuntu:47323
[rosmaster.master][INFO] 2017-09-28 16:29:35,104: -SERVICE [/image/compressed/set_parameters] /mask rosrpc://ubuntu:47323
[rosmaster.master][INFO] 2017-09-28 16:29:35,107: publisherUpdate[/image] -> http://ubuntu:38710/ []: sec=0.01, exception=<Fault -1: 'publisherUpdate: unknown method name'>
[rosmaster.master][INFO] 2017-09-28 16:29:35,108: -PUB [/image/marked/compressed/parameter_updates] /view http://ubuntu:38710/
[rosmaster.threadpool][ERROR] 2017-09-28 16:29:35,113: Traceback (most recent call last):
  File "/opt/ros/kinetic/lib/python2.7/dist-packages/rosmaster/threadpool.py", line 218, in run
    result = cmd(*args)
  File "/opt/ros/kinetic/lib/python2.7/dist-packages/rosmaster/master_api.py", line 210, in publisher_update_task
    ret = xmlrpcapi(api).publisherUpdate('/master', topic, pub_uris)
  File "/usr/lib/python2.7/xmlrpclib.py", line 1243, in __call__
    return self.__send(self.__name, args)
  File "/usr/lib/python2.7/xmlrpclib.py", line 1602, in __request
    verbose=self.__verbose
  File "/usr/lib/python2.7/xmlrpclib.py", line 1283, in request
    return self.single_request(host, handler, request_body, verbose)
  File "/usr/lib/python2.7/xmlrpclib.py", line 1316, in single_request
    return self.parse_response(response)
  File "/usr/lib/python2.7/xmlrpclib.py", line 1493, in parse_response
    return u.close()
  File "/usr/lib/python2.7/xmlrpclib.py", line 800, in close
    raise Fault(**self._stack[0])
Fault: <Fault -1: 'publisherUpdate: unknown method name'>

[rosmaster.master][INFO] 2017-09-28 16:29:35,113: -PUB [/image/marked] /view http://ubuntu:38710/
[rosmaster.master][INFO] 2017-09-28 16:29:35,114: -SERVICE [/image/theora/set_parameters] /mask rosrpc://ubuntu:47323
[rosmaster.master][INFO] 2017-09-28 16:29:35,117: -PUB [/image/marked/theora] /view http://ubuntu:38710/
[rosmaster.master][INFO] 2017-09-28 16:29:35,120: -PUB [/image/marked/theora/parameter_descriptions] /view http://ubuntu:38710/
[rosmaster.master][INFO] 2017-09-28 16:29:35,121: -PUB [/image/marked/theora/parameter_updates] /view http://ubuntu:38710/
[rosmaster.master][INFO] 2017-09-28 16:29:35,123: -PUB [/view/parameter_descriptions] /view http://ubuntu:38710/
[rosmaster.master][INFO] 2017-09-28 16:29:35,130: -PUB [/view/parameter_updates] /view http://ubuntu:38710/
[rosmaster.master][INFO] 2017-09-28 16:29:35,132: -SUB [/tf] /view http://ubuntu:38710/
[rosmaster.master][INFO] 2017-09-28 16:29:35,134: -SUB [/tf_static] /view http://ubuntu:38710/
[rosmaster.master][INFO] 2017-09-28 16:29:35,139: -SUB [/image] /view http://ubuntu:38710/
[rosmaster.master][INFO] 2017-09-28 16:29:35,144: -SUB [/camera_info] /view http://ubuntu:38710/
[rosmaster.master][INFO] 2017-09-28 16:29:35,146: -SUB [/image_marker] /view http://ubuntu:38710/
[rosmaster.master][INFO] 2017-09-28 16:29:35,148: -SUB [/image/event] /view http://ubuntu:38710/
[rosmaster.master][INFO] 2017-09-28 16:29:35,151: -SERVICE [/view/get_loggers] /view rosrpc://ubuntu:45463
[rosmaster.master][INFO] 2017-09-28 16:29:35,156: -SERVICE [/view/set_logger_level] /view rosrpc://ubuntu:45463
[rosmaster.master][INFO] 2017-09-28 16:29:35,158: -SERVICE [/image_marked/compressedDepth/set_parameters] /view rosrpc://ubuntu:45463
[rosmaster.master][INFO] 2017-09-28 16:29:35,160: -SERVICE [/image_marked/compressed/set_parameters] /view rosrpc://ubuntu:45463
[rosmaster.master][INFO] 2017-09-28 16:29:35,162: -SERVICE [/image_marked/theora/set_parameters] /view rosrpc://ubuntu:45463
[rosmaster.master][INFO] 2017-09-28 16:29:35,164: -SERVICE [/image/marked/compressedDepth/set_parameters] /view rosrpc://ubuntu:45463
[rosmaster.master][INFO] 2017-09-28 16:29:35,165: -SERVICE [/image/marked/compressed/set_parameters] /view rosrpc://ubuntu:45463
[rosmaster.master][INFO] 2017-09-28 16:29:35,168: -SERVICE [/image/marked/theora/set_parameters] /view rosrpc://ubuntu:45463
[rosmaster.master][INFO] 2017-09-28 16:29:35,170: -SERVICE [/view/change_mode] /view rosrpc://ubuntu:45463
[rosmaster.master][INFO] 2017-09-28 16:29:35,172: -SERVICE [/view/rectangle_mode] /view rosrpc://ubuntu:45463
[rosmaster.master][INFO] 2017-09-28 16:29:35,174: -SERVICE [/view/grabcut_mode] /view rosrpc://ubuntu:45463
[rosmaster.master][INFO] 2017-09-28 16:29:35,175: -SERVICE [/view/grabcut_rect_mode] /view rosrpc://ubuntu:45463
[rosmaster.master][INFO] 2017-09-28 16:29:35,178: -SERVICE [/view/line_mode] /view rosrpc://ubuntu:45463
[rosmaster.master][INFO] 2017-09-28 16:29:35,180: -SERVICE [/view/poly_mode] /view rosrpc://ubuntu:45463
[rosmaster.master][INFO] 2017-09-28 16:29:35,184: -SERVICE [/view/none_mode] /view rosrpc://ubuntu:45463
[rosmaster.master][INFO] 2017-09-28 16:29:35,190: -SERVICE [/view/set_parameters] /view rosrpc://ubuntu:45463
[rosmaster.master][INFO] 2017-09-28 16:29:35,702: -PUB [/rosout_agg] /rosout http://ubuntu:33106/
[rosmaster.master][INFO] 2017-09-28 16:29:35,708: -SUB [/rosout] /rosout http://ubuntu:33106/
[rosmaster.master][INFO] 2017-09-28 16:29:35,709: -SERVICE [/rosout/get_loggers] /rosout rosrpc://ubuntu:60676
[rosmaster.master][INFO] 2017-09-28 16:29:35,709: -SERVICE [/rosout/set_logger_level] /rosout rosrpc://ubuntu:60676
[rosmaster.main][INFO] 2017-09-28 16:29:35,804: keyboard interrupt, will exit
[rosmaster.main][INFO] 2017-09-28 16:29:35,805: stopping master...
[rospy.core][INFO] 2017-09-28 16:29:35,805: signal_shutdown [atexit]
