[rosmaster.main][INFO] 2017-09-23 12:09:00,981: initialization complete, waiting for shutdown
[rosmaster.main][INFO] 2017-09-23 12:09:00,981: Starting ROS Master Node
[xmlrpc][INFO] 2017-09-23 12:09:00,983: XML-RPC server binding to 0.0.0.0:11311
[rosmaster.master][INFO] 2017-09-23 12:09:00,983: Master initialized: port[11311], uri[http://ubuntu:11311/]
[xmlrpc][INFO] 2017-09-23 12:09:00,983: Started XML-RPC server [http://ubuntu:11311/]
[xmlrpc][INFO] 2017-09-23 12:09:00,983: xml rpc node: starting XML-RPC server
[rosmaster.master][INFO] 2017-09-23 12:09:01,016: +PARAM [/run_id] by /roslaunch
[rosmaster.master][INFO] 2017-09-23 12:09:01,017: +PARAM [/roslaunch/uris/host_ubuntu__36089] by /roslaunch
[rosmaster.master][INFO] 2017-09-23 12:09:01,108: +PARAM [/rosversion] by /roslaunch
[rosmaster.master][INFO] 2017-09-23 12:09:01,108: +PARAM [/rosdistro] by /roslaunch
[rosmaster.master][INFO] 2017-09-23 12:09:01,109: +PARAM [/camera/device_id] by /roslaunch
[rosmaster.master][INFO] 2017-09-23 12:09:01,181: +SERVICE [/rosout/get_loggers] /rosout http://ubuntu:46637/
[rosmaster.master][INFO] 2017-09-23 12:09:01,182: +SERVICE [/rosout/set_logger_level] /rosout http://ubuntu:46637/
[rosmaster.master][INFO] 2017-09-23 12:09:01,187: +PUB [/rosout_agg] /rosout http://ubuntu:46637/
[rosmaster.master][INFO] 2017-09-23 12:09:01,198: +SUB [/rosout] /rosout http://ubuntu:46637/
[rosmaster.master][INFO] 2017-09-23 12:09:01,406: +PUB [/rosout] /image_converter http://ubuntu:38352/
[rosmaster.master][INFO] 2017-09-23 12:09:01,407: +SERVICE [/image_converter/get_loggers] /image_converter http://ubuntu:38352/
[rosmaster.master][INFO] 2017-09-23 12:09:01,408: +SERVICE [/image_converter/set_logger_level] /image_converter http://ubuntu:38352/
[rosmaster.master][INFO] 2017-09-23 12:09:01,456: +PUB [/rosout] /view http://ubuntu:36796/
[rosmaster.master][INFO] 2017-09-23 12:09:01,457: +SERVICE [/view/get_loggers] /view http://ubuntu:36796/
[rosmaster.master][INFO] 2017-09-23 12:09:01,458: +SERVICE [/view/set_logger_level] /view http://ubuntu:36796/
[rosmaster.master][INFO] 2017-09-23 12:09:01,485: publisherUpdate[/rosout] -> http://ubuntu:46637/ ['http://ubuntu:38352/']
[rosmaster.master][INFO] 2017-09-23 12:09:01,490: publisherUpdate[/rosout] -> http://ubuntu:46637/ ['http://ubuntu:38352/']: sec=0.00, result=[1, '', 0]
[rosmaster.master][INFO] 2017-09-23 12:09:01,490: publisherUpdate[/rosout] -> http://ubuntu:46637/ ['http://ubuntu:38352/', 'http://ubuntu:36796/']
[rosmaster.master][INFO] 2017-09-23 12:09:01,491: publisherUpdate[/rosout] -> http://ubuntu:46637/ ['http://ubuntu:38352/', 'http://ubuntu:36796/']: sec=0.00, result=[1, '', 0]
[rosmaster.master][INFO] 2017-09-23 12:09:01,492: +SUB [/tf] /view http://ubuntu:36796/
[rosmaster.master][INFO] 2017-09-23 12:09:01,501: +SUB [/tf_static] /view http://ubuntu:36796/
[rosmaster.master][INFO] 2017-09-23 12:09:01,551: +PUB [/rosout] /camera http://ubuntu:43586/
[rosmaster.master][INFO] 2017-09-23 12:09:01,552: +SERVICE [/camera/get_loggers] /camera http://ubuntu:43586/
[rosmaster.master][INFO] 2017-09-23 12:09:01,553: +SERVICE [/camera/set_logger_level] /camera http://ubuntu:43586/
[rosmaster.master][INFO] 2017-09-23 12:09:01,589: publisherUpdate[/rosout] -> http://ubuntu:46637/ ['http://ubuntu:38352/', 'http://ubuntu:36796/', 'http://ubuntu:43586/']
[rosmaster.master][INFO] 2017-09-23 12:09:01,590: publisherUpdate[/rosout] -> http://ubuntu:46637/ ['http://ubuntu:38352/', 'http://ubuntu:36796/', 'http://ubuntu:43586/']: sec=0.00, result=[1, '', 0]
[rosmaster.master][INFO] 2017-09-23 12:09:01,603: +PUB [/image/screenpoint] /view http://ubuntu:36796/
[rosmaster.master][INFO] 2017-09-23 12:09:01,603: +PUB [/image/screenpoint_array] /view http://ubuntu:36796/
[rosmaster.master][INFO] 2017-09-23 12:09:01,604: +PUB [/image/screenrectangle] /view http://ubuntu:36796/
[rosmaster.master][INFO] 2017-09-23 12:09:01,605: +PUB [/image/screenrectangle_image] /view http://ubuntu:36796/
[rosmaster.master][INFO] 2017-09-23 12:09:01,606: +PUB [/image/movepoint] /view http://ubuntu:36796/
[rosmaster.master][INFO] 2017-09-23 12:09:01,606: +PUB [/image/foreground] /view http://ubuntu:36796/
[rosmaster.master][INFO] 2017-09-23 12:09:01,607: +PUB [/image/background] /view http://ubuntu:36796/
[rosmaster.master][INFO] 2017-09-23 12:09:01,610: +PUB [/image/foreground_rect] /view http://ubuntu:36796/
[rosmaster.master][INFO] 2017-09-23 12:09:01,615: +PUB [/image/background_rect] /view http://ubuntu:36796/
[rosmaster.master][INFO] 2017-09-23 12:09:01,619: +PUB [/image/line] /view http://ubuntu:36796/
[rosmaster.master][INFO] 2017-09-23 12:09:01,620: +PUB [/image/poly] /view http://ubuntu:36796/
[rosmaster.master][INFO] 2017-09-23 12:09:01,667: +SERVICE [/camera/set_camera_info] /camera http://ubuntu:43586/
[rosmaster.master][INFO] 2017-09-23 12:09:01,706: +SUB [/camera/image_raw] /image_converter http://ubuntu:38352/
[rosmaster.master][INFO] 2017-09-23 12:09:01,987: +PUB [/image_marked/compressedDepth] /view http://ubuntu:36796/
[rosmaster.master][INFO] 2017-09-23 12:09:01,988: +SERVICE [/image_marked/compressedDepth/set_parameters] /view http://ubuntu:36796/
[rosmaster.master][INFO] 2017-09-23 12:09:01,989: +PUB [/image_marked/compressedDepth/parameter_descriptions] /view http://ubuntu:36796/
[rosmaster.master][INFO] 2017-09-23 12:09:01,990: +PUB [/image_marked/compressedDepth/parameter_updates] /view http://ubuntu:36796/
[rosmaster.master][INFO] 2017-09-23 12:09:01,994: +PARAM [/image_marked/compressedDepth/depth_max] by /view
[rosmaster.master][INFO] 2017-09-23 12:09:01,998: +PARAM [/image_marked/compressedDepth/depth_quantization] by /view
[rosmaster.master][INFO] 2017-09-23 12:09:01,999: +PARAM [/image_marked/compressedDepth/png_level] by /view
[rosmaster.master][INFO] 2017-09-23 12:09:02,000: +PARAM [/image_marked/compressedDepth/depth_max] by /view
[rosmaster.master][INFO] 2017-09-23 12:09:02,001: +PARAM [/image_marked/compressedDepth/depth_quantization] by /view
[rosmaster.master][INFO] 2017-09-23 12:09:02,001: +PARAM [/image_marked/compressedDepth/png_level] by /view
[rosmaster.master][INFO] 2017-09-23 12:09:02,012: +PUB [/image/compressedDepth] /image_converter http://ubuntu:38352/
[rosmaster.master][INFO] 2017-09-23 12:09:02,012: +SERVICE [/image/compressedDepth/set_parameters] /image_converter http://ubuntu:38352/
[rosmaster.master][INFO] 2017-09-23 12:09:02,015: +PUB [/image/compressedDepth/parameter_descriptions] /image_converter http://ubuntu:38352/
[rosmaster.master][INFO] 2017-09-23 12:09:02,016: +PUB [/image/compressedDepth/parameter_updates] /image_converter http://ubuntu:38352/
[rosmaster.master][INFO] 2017-09-23 12:09:02,018: +PARAM [/image/compressedDepth/depth_max] by /image_converter
[rosmaster.master][INFO] 2017-09-23 12:09:02,018: +PARAM [/image/compressedDepth/depth_quantization] by /image_converter
[rosmaster.master][INFO] 2017-09-23 12:09:02,023: +PARAM [/image/compressedDepth/png_level] by /image_converter
[rosmaster.master][INFO] 2017-09-23 12:09:02,024: +PARAM [/image/compressedDepth/depth_max] by /image_converter
[rosmaster.master][INFO] 2017-09-23 12:09:02,024: +PARAM [/image/compressedDepth/depth_quantization] by /image_converter
[rosmaster.master][INFO] 2017-09-23 12:09:02,025: +PARAM [/image/compressedDepth/png_level] by /image_converter
[rosmaster.master][INFO] 2017-09-23 12:09:02,066: +PUB [/image_marked/compressed] /view http://ubuntu:36796/
[rosmaster.master][INFO] 2017-09-23 12:09:02,066: +SERVICE [/image_marked/compressed/set_parameters] /view http://ubuntu:36796/
[rosmaster.master][INFO] 2017-09-23 12:09:02,068: +PUB [/image_marked/compressed/parameter_descriptions] /view http://ubuntu:36796/
[rosmaster.master][INFO] 2017-09-23 12:09:02,071: +PUB [/image_marked/compressed/parameter_updates] /view http://ubuntu:36796/
[rosmaster.master][INFO] 2017-09-23 12:09:02,082: +PARAM [/image_marked/compressed/format] by /view
[rosmaster.master][INFO] 2017-09-23 12:09:02,082: +PARAM [/image_marked/compressed/jpeg_quality] by /view
[rosmaster.master][INFO] 2017-09-23 12:09:02,083: +PARAM [/image_marked/compressed/png_level] by /view
[rosmaster.master][INFO] 2017-09-23 12:09:02,085: +PARAM [/image_marked/compressed/format] by /view
[rosmaster.master][INFO] 2017-09-23 12:09:02,086: +PARAM [/image_marked/compressed/jpeg_quality] by /view
[rosmaster.master][INFO] 2017-09-23 12:09:02,089: +PARAM [/image_marked/compressed/png_level] by /view
[rosmaster.master][INFO] 2017-09-23 12:09:02,095: +PUB [/image/compressed] /image_converter http://ubuntu:38352/
[rosmaster.master][INFO] 2017-09-23 12:09:02,096: +SERVICE [/image/compressed/set_parameters] /image_converter http://ubuntu:38352/
[rosmaster.master][INFO] 2017-09-23 12:09:02,097: +PUB [/image/compressed/parameter_descriptions] /image_converter http://ubuntu:38352/
[rosmaster.master][INFO] 2017-09-23 12:09:02,097: +PUB [/image/compressed/parameter_updates] /image_converter http://ubuntu:38352/
[rosmaster.master][INFO] 2017-09-23 12:09:02,102: +PARAM [/image/compressed/format] by /image_converter
[rosmaster.master][INFO] 2017-09-23 12:09:02,103: +PARAM [/image/compressed/jpeg_quality] by /image_converter
[rosmaster.master][INFO] 2017-09-23 12:09:02,108: +PARAM [/image/compressed/png_level] by /image_converter
[rosmaster.master][INFO] 2017-09-23 12:09:02,109: +PARAM [/image/compressed/format] by /image_converter
[rosmaster.master][INFO] 2017-09-23 12:09:02,109: +PARAM [/image/compressed/jpeg_quality] by /image_converter
[rosmaster.master][INFO] 2017-09-23 12:09:02,110: +PARAM [/image/compressed/png_level] by /image_converter
[rosmaster.master][INFO] 2017-09-23 12:09:02,147: +PUB [/image_marked] /view http://ubuntu:36796/
[rosmaster.master][INFO] 2017-09-23 12:09:02,159: +PUB [/image] /image_converter http://ubuntu:38352/
[rosmaster.master][INFO] 2017-09-23 12:09:02,206: +PUB [/image_marked/theora] /view http://ubuntu:36796/
[rosmaster.master][INFO] 2017-09-23 12:09:02,206: +SERVICE [/image_marked/theora/set_parameters] /view http://ubuntu:36796/
[rosmaster.master][INFO] 2017-09-23 12:09:02,207: +PUB [/image_marked/theora/parameter_descriptions] /view http://ubuntu:36796/
[rosmaster.master][INFO] 2017-09-23 12:09:02,208: +PUB [/image_marked/theora/parameter_updates] /view http://ubuntu:36796/
[rosmaster.master][INFO] 2017-09-23 12:09:02,211: +PARAM [/image_marked/theora/optimize_for] by /view
[rosmaster.master][INFO] 2017-09-23 12:09:02,213: +PUB [/image/theora] /image_converter http://ubuntu:38352/
[rosmaster.master][INFO] 2017-09-23 12:09:02,214: +PARAM [/image_marked/theora/target_bitrate] by /view
[rosmaster.master][INFO] 2017-09-23 12:09:02,215: +SERVICE [/image/theora/set_parameters] /image_converter http://ubuntu:38352/
[rosmaster.master][INFO] 2017-09-23 12:09:02,216: +PARAM [/image_marked/theora/quality] by /view
[rosmaster.master][INFO] 2017-09-23 12:09:02,216: +PUB [/image/theora/parameter_descriptions] /image_converter http://ubuntu:38352/
[rosmaster.master][INFO] 2017-09-23 12:09:02,217: +PARAM [/image_marked/theora/keyframe_frequency] by /view
[rosmaster.master][INFO] 2017-09-23 12:09:02,218: +PUB [/image/theora/parameter_updates] /image_converter http://ubuntu:38352/
[rosmaster.master][INFO] 2017-09-23 12:09:02,218: +PARAM [/image_marked/theora/optimize_for] by /view
[rosmaster.master][INFO] 2017-09-23 12:09:02,220: +PARAM [/image_marked/theora/target_bitrate] by /view
[rosmaster.master][INFO] 2017-09-23 12:09:02,221: +PARAM [/image_marked/theora/quality] by /view
[rosmaster.master][INFO] 2017-09-23 12:09:02,222: +PARAM [/image_marked/theora/keyframe_frequency] by /view
[rosmaster.master][INFO] 2017-09-23 12:09:02,227: +PARAM [/image/theora/optimize_for] by /image_converter
[rosmaster.master][INFO] 2017-09-23 12:09:02,228: +PARAM [/image/theora/target_bitrate] by /image_converter
[rosmaster.master][INFO] 2017-09-23 12:09:02,231: +PARAM [/image/theora/quality] by /image_converter
[rosmaster.master][INFO] 2017-09-23 12:09:02,231: +PARAM [/image/theora/keyframe_frequency] by /image_converter
[rosmaster.master][INFO] 2017-09-23 12:09:02,232: +PARAM [/image/theora/optimize_for] by /image_converter
[rosmaster.master][INFO] 2017-09-23 12:09:02,233: +PARAM [/image/theora/target_bitrate] by /image_converter
[rosmaster.master][INFO] 2017-09-23 12:09:02,235: +PARAM [/image/theora/quality] by /image_converter
[rosmaster.master][INFO] 2017-09-23 12:09:02,236: +PARAM [/image/theora/keyframe_frequency] by /image_converter
[rosmaster.master][INFO] 2017-09-23 12:09:02,253: +PUB [/image/marked/compressedDepth] /view http://ubuntu:36796/
[rosmaster.master][INFO] 2017-09-23 12:09:02,254: +SERVICE [/image/marked/compressedDepth/set_parameters] /view http://ubuntu:36796/
[rosmaster.master][INFO] 2017-09-23 12:09:02,255: +PUB [/image/marked/compressedDepth/parameter_descriptions] /view http://ubuntu:36796/
[rosmaster.master][INFO] 2017-09-23 12:09:02,255: +PUB [/image/marked/compressedDepth/parameter_updates] /view http://ubuntu:36796/
[rosmaster.master][INFO] 2017-09-23 12:09:02,257: +PARAM [/image/marked/compressedDepth/depth_max] by /view
[rosmaster.master][INFO] 2017-09-23 12:09:02,258: +PARAM [/image/marked/compressedDepth/depth_quantization] by /view
[rosmaster.master][INFO] 2017-09-23 12:09:02,258: +PARAM [/image/marked/compressedDepth/png_level] by /view
[rosmaster.master][INFO] 2017-09-23 12:09:02,259: +PARAM [/image/marked/compressedDepth/depth_max] by /view
[rosmaster.master][INFO] 2017-09-23 12:09:02,260: +PARAM [/image/marked/compressedDepth/depth_quantization] by /view
[rosmaster.master][INFO] 2017-09-23 12:09:02,260: +PARAM [/image/marked/compressedDepth/png_level] by /view
[rosmaster.master][INFO] 2017-09-23 12:09:02,285: +PUB [/image/marked/compressed] /view http://ubuntu:36796/
[rosmaster.master][INFO] 2017-09-23 12:09:02,285: +SERVICE [/image/marked/compressed/set_parameters] /view http://ubuntu:36796/
[rosmaster.master][INFO] 2017-09-23 12:09:02,286: +PUB [/image/marked/compressed/parameter_descriptions] /view http://ubuntu:36796/
[rosmaster.master][INFO] 2017-09-23 12:09:02,287: +PUB [/image/marked/compressed/parameter_updates] /view http://ubuntu:36796/
[rosmaster.master][INFO] 2017-09-23 12:09:02,289: +PARAM [/image/marked/compressed/format] by /view
[rosmaster.master][INFO] 2017-09-23 12:09:02,289: +PARAM [/image/marked/compressed/jpeg_quality] by /view
[rosmaster.master][INFO] 2017-09-23 12:09:02,290: +PARAM [/image/marked/compressed/png_level] by /view
[rosmaster.master][INFO] 2017-09-23 12:09:02,291: +PARAM [/image/marked/compressed/format] by /view
[rosmaster.master][INFO] 2017-09-23 12:09:02,291: +PARAM [/image/marked/compressed/jpeg_quality] by /view
[rosmaster.master][INFO] 2017-09-23 12:09:02,292: +PARAM [/image/marked/compressed/png_level] by /view
[rosmaster.master][INFO] 2017-09-23 12:09:02,317: +PUB [/image/marked] /view http://ubuntu:36796/
[rosmaster.master][INFO] 2017-09-23 12:09:02,341: +PUB [/image/marked/theora] /view http://ubuntu:36796/
[rosmaster.master][INFO] 2017-09-23 12:09:02,342: +SERVICE [/image/marked/theora/set_parameters] /view http://ubuntu:36796/
[rosmaster.master][INFO] 2017-09-23 12:09:02,343: +PUB [/image/marked/theora/parameter_descriptions] /view http://ubuntu:36796/
[rosmaster.master][INFO] 2017-09-23 12:09:02,344: +PUB [/image/marked/theora/parameter_updates] /view http://ubuntu:36796/
[rosmaster.master][INFO] 2017-09-23 12:09:02,346: +PARAM [/image/marked/theora/optimize_for] by /view
[rosmaster.master][INFO] 2017-09-23 12:09:02,347: +PARAM [/image/marked/theora/target_bitrate] by /view
[rosmaster.master][INFO] 2017-09-23 12:09:02,347: +PARAM [/image/marked/theora/quality] by /view
[rosmaster.master][INFO] 2017-09-23 12:09:02,348: +PARAM [/image/marked/theora/keyframe_frequency] by /view
[rosmaster.master][INFO] 2017-09-23 12:09:02,349: +PARAM [/image/marked/theora/optimize_for] by /view
[rosmaster.master][INFO] 2017-09-23 12:09:02,349: +PARAM [/image/marked/theora/target_bitrate] by /view
[rosmaster.master][INFO] 2017-09-23 12:09:02,350: +PARAM [/image/marked/theora/quality] by /view
[rosmaster.master][INFO] 2017-09-23 12:09:02,350: +PARAM [/image/marked/theora/keyframe_frequency] by /view
[rosmaster.master][INFO] 2017-09-23 12:09:02,378: +SUB [/image] /view http://ubuntu:36796/
[rosmaster.master][INFO] 2017-09-23 12:09:02,381: +SUB [/camera_info] /view http://ubuntu:36796/
[rosmaster.master][INFO] 2017-09-23 12:09:02,384: +SUB [/image_marker] /view http://ubuntu:36796/
[rosmaster.master][INFO] 2017-09-23 12:09:02,387: +SUB [/image/event] /view http://ubuntu:36796/
[rosmaster.master][INFO] 2017-09-23 12:09:02,388: +SERVICE [/view/change_mode] /view http://ubuntu:36796/
[rosmaster.master][INFO] 2017-09-23 12:09:02,388: +SERVICE [/view/rectangle_mode] /view http://ubuntu:36796/
[rosmaster.master][INFO] 2017-09-23 12:09:02,389: +SERVICE [/view/grabcut_mode] /view http://ubuntu:36796/
[rosmaster.master][INFO] 2017-09-23 12:09:02,389: +SERVICE [/view/grabcut_rect_mode] /view http://ubuntu:36796/
[rosmaster.master][INFO] 2017-09-23 12:09:02,390: +SERVICE [/view/line_mode] /view http://ubuntu:36796/
[rosmaster.master][INFO] 2017-09-23 12:09:02,391: +SERVICE [/view/poly_mode] /view http://ubuntu:36796/
[rosmaster.master][INFO] 2017-09-23 12:09:02,391: +SERVICE [/view/none_mode] /view http://ubuntu:36796/
[rosmaster.master][INFO] 2017-09-23 12:09:02,392: +SERVICE [/view/set_parameters] /view http://ubuntu:36796/
[rosmaster.master][INFO] 2017-09-23 12:09:02,393: +PUB [/view/parameter_descriptions] /view http://ubuntu:36796/
[rosmaster.master][INFO] 2017-09-23 12:09:02,394: +PUB [/view/parameter_updates] /view http://ubuntu:36796/
[rosmaster.master][INFO] 2017-09-23 12:09:02,399: +PARAM [/view/grid] by /view
[rosmaster.master][INFO] 2017-09-23 12:09:02,400: +PARAM [/view/fisheye_mode] by /view
[rosmaster.master][INFO] 2017-09-23 12:09:02,401: +PARAM [/view/div_u] by /view
[rosmaster.master][INFO] 2017-09-23 12:09:02,401: +PARAM [/view/div_v] by /view
[rosmaster.master][INFO] 2017-09-23 12:09:02,402: +PARAM [/view/grid_red] by /view
[rosmaster.master][INFO] 2017-09-23 12:09:02,403: +PARAM [/view/grid_green] by /view
[rosmaster.master][INFO] 2017-09-23 12:09:02,403: +PARAM [/view/grid_blue] by /view
[rosmaster.master][INFO] 2017-09-23 12:09:02,404: +PARAM [/view/grid_thickness] by /view
[rosmaster.master][INFO] 2017-09-23 12:09:02,404: +PARAM [/view/grid_space] by /view
[rosmaster.master][INFO] 2017-09-23 12:09:02,405: +PARAM [/view/grid] by /view
[rosmaster.master][INFO] 2017-09-23 12:09:02,406: +PARAM [/view/fisheye_mode] by /view
[rosmaster.master][INFO] 2017-09-23 12:09:02,406: +PARAM [/view/div_u] by /view
[rosmaster.master][INFO] 2017-09-23 12:09:02,407: +PARAM [/view/div_v] by /view
[rosmaster.master][INFO] 2017-09-23 12:09:02,407: +PARAM [/view/grid_red] by /view
[rosmaster.master][INFO] 2017-09-23 12:09:02,408: +PARAM [/view/grid_green] by /view
[rosmaster.master][INFO] 2017-09-23 12:09:02,409: +PARAM [/view/grid_blue] by /view
[rosmaster.master][INFO] 2017-09-23 12:09:02,409: +PARAM [/view/grid_thickness] by /view
[rosmaster.master][INFO] 2017-09-23 12:09:02,410: +PARAM [/view/grid_space] by /view
[rosmaster.master][INFO] 2017-09-23 12:09:03,439: +PUB [/camera/image_raw/compressedDepth] /camera http://ubuntu:43586/
[rosmaster.master][INFO] 2017-09-23 12:09:03,440: +SERVICE [/camera/image_raw/compressedDepth/set_parameters] /camera http://ubuntu:43586/
[rosmaster.master][INFO] 2017-09-23 12:09:03,441: +PUB [/camera/image_raw/compressedDepth/parameter_descriptions] /camera http://ubuntu:43586/
[rosmaster.master][INFO] 2017-09-23 12:09:03,441: +PUB [/camera/image_raw/compressedDepth/parameter_updates] /camera http://ubuntu:43586/
[rosmaster.master][INFO] 2017-09-23 12:09:03,444: +PARAM [/camera/image_raw/compressedDepth/depth_max] by /camera
[rosmaster.master][INFO] 2017-09-23 12:09:03,444: +PARAM [/camera/image_raw/compressedDepth/depth_quantization] by /camera
[rosmaster.master][INFO] 2017-09-23 12:09:03,445: +PARAM [/camera/image_raw/compressedDepth/png_level] by /camera
[rosmaster.master][INFO] 2017-09-23 12:09:03,446: +PARAM [/camera/image_raw/compressedDepth/depth_max] by /camera
[rosmaster.master][INFO] 2017-09-23 12:09:03,446: +PARAM [/camera/image_raw/compressedDepth/depth_quantization] by /camera
[rosmaster.master][INFO] 2017-09-23 12:09:03,448: +PARAM [/camera/image_raw/compressedDepth/png_level] by /camera
[rosmaster.master][INFO] 2017-09-23 12:09:03,475: +PUB [/camera/image_raw/compressed] /camera http://ubuntu:43586/
[rosmaster.master][INFO] 2017-09-23 12:09:03,476: +SERVICE [/camera/image_raw/compressed/set_parameters] /camera http://ubuntu:43586/
[rosmaster.master][INFO] 2017-09-23 12:09:03,476: +PUB [/camera/image_raw/compressed/parameter_descriptions] /camera http://ubuntu:43586/
[rosmaster.master][INFO] 2017-09-23 12:09:03,477: +PUB [/camera/image_raw/compressed/parameter_updates] /camera http://ubuntu:43586/
[rosmaster.master][INFO] 2017-09-23 12:09:03,479: +PARAM [/camera/image_raw/compressed/format] by /camera
[rosmaster.master][INFO] 2017-09-23 12:09:03,480: +PARAM [/camera/image_raw/compressed/jpeg_quality] by /camera
[rosmaster.master][INFO] 2017-09-23 12:09:03,481: +PARAM [/camera/image_raw/compressed/png_level] by /camera
[rosmaster.master][INFO] 2017-09-23 12:09:03,481: +PARAM [/camera/image_raw/compressed/format] by /camera
[rosmaster.master][INFO] 2017-09-23 12:09:03,482: +PARAM [/camera/image_raw/compressed/jpeg_quality] by /camera
[rosmaster.master][INFO] 2017-09-23 12:09:03,483: +PARAM [/camera/image_raw/compressed/png_level] by /camera
[rosmaster.master][INFO] 2017-09-23 12:09:03,510: +PUB [/camera/image_raw] /camera http://ubuntu:43586/
[rosmaster.master][INFO] 2017-09-23 12:09:03,536: +PUB [/camera/image_raw/theora] /camera http://ubuntu:43586/
[rosmaster.master][INFO] 2017-09-23 12:09:03,537: +SERVICE [/camera/image_raw/theora/set_parameters] /camera http://ubuntu:43586/
[rosmaster.master][INFO] 2017-09-23 12:09:03,537: +PUB [/camera/image_raw/theora/parameter_descriptions] /camera http://ubuntu:43586/
[rosmaster.master][INFO] 2017-09-23 12:09:03,538: +PUB [/camera/image_raw/theora/parameter_updates] /camera http://ubuntu:43586/
[rosmaster.master][INFO] 2017-09-23 12:09:03,541: +PARAM [/camera/image_raw/theora/optimize_for] by /camera
[rosmaster.master][INFO] 2017-09-23 12:09:03,541: +PARAM [/camera/image_raw/theora/target_bitrate] by /camera
[rosmaster.master][INFO] 2017-09-23 12:09:03,542: +PARAM [/camera/image_raw/theora/quality] by /camera
[rosmaster.master][INFO] 2017-09-23 12:09:03,543: +PARAM [/camera/image_raw/theora/keyframe_frequency] by /camera
[rosmaster.master][INFO] 2017-09-23 12:09:03,543: +PARAM [/camera/image_raw/theora/optimize_for] by /camera
[rosmaster.master][INFO] 2017-09-23 12:09:03,544: +PARAM [/camera/image_raw/theora/target_bitrate] by /camera
[rosmaster.master][INFO] 2017-09-23 12:09:03,545: +PARAM [/camera/image_raw/theora/quality] by /camera
[rosmaster.master][INFO] 2017-09-23 12:09:03,546: +PARAM [/camera/image_raw/theora/keyframe_frequency] by /camera
[rosmaster.master][INFO] 2017-09-23 12:09:03,546: +PUB [/camera/camera_info] /camera http://ubuntu:43586/
[rosmaster.master][INFO] 2017-09-23 12:09:03,553: publisherUpdate[/camera/image_raw] -> http://ubuntu:38352/ ['http://ubuntu:43586/']
[rosmaster.master][INFO] 2017-09-23 12:09:03,554: publisherUpdate[/camera/image_raw] -> http://ubuntu:38352/ ['http://ubuntu:43586/']: sec=0.00, result=[1, '', 0]
[rosmaster.master][INFO] 2017-09-23 12:09:27,463: -PUB [/rosout] /camera http://ubuntu:43586/
[rosmaster.master][INFO] 2017-09-23 12:09:27,464: -PUB [/camera/image_raw/compressedDepth] /camera http://ubuntu:43586/
[rosmaster.master][INFO] 2017-09-23 12:09:27,467: -PUB [/camera/image_raw/compressedDepth/parameter_descriptions] /camera http://ubuntu:43586/
[rosmaster.master][INFO] 2017-09-23 12:09:27,468: -PUB [/camera/image_raw/compressedDepth/parameter_updates] /camera http://ubuntu:43586/
[rosmaster.master][INFO] 2017-09-23 12:09:27,470: -PUB [/camera/image_raw/compressed] /camera http://ubuntu:43586/
[rosmaster.master][INFO] 2017-09-23 12:09:27,475: -PUB [/camera/image_raw/compressed/parameter_descriptions] /camera http://ubuntu:43586/
[rosmaster.master][INFO] 2017-09-23 12:09:27,476: -PUB [/camera/image_raw/compressed/parameter_updates] /camera http://ubuntu:43586/
[rosmaster.master][INFO] 2017-09-23 12:09:27,487: -PUB [/camera/image_raw] /camera http://ubuntu:43586/
[rosmaster.master][INFO] 2017-09-23 12:09:27,488: publisherUpdate[/rosout] -> http://ubuntu:46637/ ['http://ubuntu:38352/', 'http://ubuntu:36796/']
[rosmaster.master][INFO] 2017-09-23 12:09:27,488: publisherUpdate[/camera/image_raw] -> http://ubuntu:38352/ []
[rosmaster.master][INFO] 2017-09-23 12:09:27,489: publisherUpdate[/rosout] -> http://ubuntu:46637/ ['http://ubuntu:38352/', 'http://ubuntu:36796/']: sec=0.00, result=[1, '', 0]
[rosmaster.master][INFO] 2017-09-23 12:09:27,492: publisherUpdate[/camera/image_raw] -> http://ubuntu:38352/ []: sec=0.00, result=[1, '', 0]
[rosmaster.master][INFO] 2017-09-23 12:09:27,493: -PUB [/camera/image_raw/theora] /camera http://ubuntu:43586/
[rosmaster.master][INFO] 2017-09-23 12:09:27,498: -PUB [/camera/image_raw/theora/parameter_descriptions] /camera http://ubuntu:43586/
[rosmaster.master][INFO] 2017-09-23 12:09:27,502: -PUB [/camera/image_raw/theora/parameter_updates] /camera http://ubuntu:43586/
[rosmaster.master][INFO] 2017-09-23 12:09:27,507: -PUB [/camera/camera_info] /camera http://ubuntu:43586/
[rosmaster.master][INFO] 2017-09-23 12:09:27,516: -SERVICE [/camera/get_loggers] /camera rosrpc://ubuntu:38503
[rosmaster.master][INFO] 2017-09-23 12:09:27,521: -SERVICE [/camera/set_logger_level] /camera rosrpc://ubuntu:38503
[rosmaster.master][INFO] 2017-09-23 12:09:27,523: -SERVICE [/camera/set_camera_info] /camera rosrpc://ubuntu:38503
[rosmaster.master][INFO] 2017-09-23 12:09:27,524: -SERVICE [/camera/image_raw/compressedDepth/set_parameters] /camera rosrpc://ubuntu:38503
[rosmaster.master][INFO] 2017-09-23 12:09:27,529: -SERVICE [/camera/image_raw/compressed/set_parameters] /camera rosrpc://ubuntu:38503
[rosmaster.master][INFO] 2017-09-23 12:09:27,529: -SERVICE [/camera/image_raw/theora/set_parameters] /camera rosrpc://ubuntu:38503
[rosmaster.master][INFO] 2017-09-23 12:09:27,594: -PUB [/rosout] /image_converter http://ubuntu:38352/
[rosmaster.master][INFO] 2017-09-23 12:09:27,595: -PUB [/image/compressedDepth] /image_converter http://ubuntu:38352/
[rosmaster.master][INFO] 2017-09-23 12:09:27,595: -PUB [/image/compressedDepth/parameter_descriptions] /image_converter http://ubuntu:38352/
[rosmaster.master][INFO] 2017-09-23 12:09:27,596: -PUB [/image/compressedDepth/parameter_updates] /image_converter http://ubuntu:38352/
[rosmaster.master][INFO] 2017-09-23 12:09:27,599: -PUB [/image/compressed] /image_converter http://ubuntu:38352/
[rosmaster.master][INFO] 2017-09-23 12:09:27,601: -PUB [/rosout] /view http://ubuntu:36796/
[rosmaster.master][INFO] 2017-09-23 12:09:27,607: -PUB [/image/compressed/parameter_descriptions] /image_converter http://ubuntu:38352/
[rosmaster.master][INFO] 2017-09-23 12:09:27,612: -PUB [/image/screenpoint] /view http://ubuntu:36796/
[rosmaster.master][INFO] 2017-09-23 12:09:27,618: -PUB [/image/compressed/parameter_updates] /image_converter http://ubuntu:38352/
[rosmaster.master][INFO] 2017-09-23 12:09:27,624: -PUB [/image] /image_converter http://ubuntu:38352/
[rosmaster.master][INFO] 2017-09-23 12:09:27,634: -PUB [/image/screenpoint_array] /view http://ubuntu:36796/
[rosmaster.master][INFO] 2017-09-23 12:09:27,635: -PUB [/image/theora] /image_converter http://ubuntu:38352/
[rosmaster.master][INFO] 2017-09-23 12:09:27,637: -PUB [/image/screenrectangle] /view http://ubuntu:36796/
[rosmaster.master][INFO] 2017-09-23 12:09:27,639: -PUB [/image/theora/parameter_descriptions] /image_converter http://ubuntu:38352/
[rosmaster.master][INFO] 2017-09-23 12:09:27,640: -PUB [/image/screenrectangle_image] /view http://ubuntu:36796/
[rosmaster.master][INFO] 2017-09-23 12:09:27,643: -PUB [/image/movepoint] /view http://ubuntu:36796/
[rosmaster.master][INFO] 2017-09-23 12:09:27,643: -PUB [/image/theora/parameter_updates] /image_converter http://ubuntu:38352/
[rosmaster.master][INFO] 2017-09-23 12:09:27,647: -PUB [/image/foreground] /view http://ubuntu:36796/
[rosmaster.master][INFO] 2017-09-23 12:09:27,648: -SUB [/camera/image_raw] /image_converter http://ubuntu:38352/
[rosmaster.master][INFO] 2017-09-23 12:09:27,654: -PUB [/image/background] /view http://ubuntu:36796/
[rosmaster.master][INFO] 2017-09-23 12:09:27,655: -SERVICE [/image_converter/get_loggers] /image_converter rosrpc://ubuntu:49644
[rosmaster.master][INFO] 2017-09-23 12:09:27,657: -PUB [/image/foreground_rect] /view http://ubuntu:36796/
[rosmaster.master][INFO] 2017-09-23 12:09:27,659: -PUB [/image/background_rect] /view http://ubuntu:36796/
[rosmaster.master][INFO] 2017-09-23 12:09:27,662: -PUB [/image/line] /view http://ubuntu:36796/
[rosmaster.master][INFO] 2017-09-23 12:09:27,663: -SERVICE [/image_converter/set_logger_level] /image_converter rosrpc://ubuntu:49644
[rosmaster.master][INFO] 2017-09-23 12:09:27,667: -PUB [/image/poly] /view http://ubuntu:36796/
[rosmaster.master][INFO] 2017-09-23 12:09:27,672: -SERVICE [/image/compressedDepth/set_parameters] /image_converter rosrpc://ubuntu:49644
[rosmaster.master][INFO] 2017-09-23 12:09:27,673: -PUB [/image_marked/compressedDepth] /view http://ubuntu:36796/
[rosmaster.master][INFO] 2017-09-23 12:09:27,679: -SERVICE [/image/compressed/set_parameters] /image_converter rosrpc://ubuntu:49644
[rosmaster.master][INFO] 2017-09-23 12:09:27,686: -PUB [/image_marked/compressedDepth/parameter_descriptions] /view http://ubuntu:36796/
[rosmaster.master][INFO] 2017-09-23 12:09:27,690: publisherUpdate[/rosout] -> http://ubuntu:46637/ ['http://ubuntu:36796/']
[rosmaster.master][INFO] 2017-09-23 12:09:27,692: publisherUpdate[/image] -> http://ubuntu:36796/ []
[rosmaster.master][INFO] 2017-09-23 12:09:27,698: publisherUpdate[/rosout] -> http://ubuntu:46637/ ['http://ubuntu:36796/']: sec=0.01, result=[1, '', 0]
[rosmaster.master][INFO] 2017-09-23 12:09:27,698: publisherUpdate[/rosout] -> http://ubuntu:46637/ []
[rosmaster.master][INFO] 2017-09-23 12:09:27,702: publisherUpdate[/rosout] -> http://ubuntu:46637/ []: sec=0.00, result=[1, '', 0]
[rosmaster.master][INFO] 2017-09-23 12:09:27,702: -SERVICE [/image/theora/set_parameters] /image_converter rosrpc://ubuntu:49644
[rosmaster.master][INFO] 2017-09-23 12:09:27,703: -PUB [/image_marked/compressedDepth/parameter_updates] /view http://ubuntu:36796/
[rosmaster.master][INFO] 2017-09-23 12:09:27,707: publisherUpdate[/image] -> http://ubuntu:36796/ []: sec=0.01, exception=<Fault -1: 'publisherUpdate: unknown method name'>
[rosmaster.master][INFO] 2017-09-23 12:09:27,709: -PUB [/image_marked/compressed] /view http://ubuntu:36796/
[rosmaster.threadpool][ERROR] 2017-09-23 12:09:27,712: Traceback (most recent call last):
  File "/opt/ros/kinetic/lib/python2.7/dist-packages/rosmaster/threadpool.py", line 218, in run
    result = cmd(*args)
  File "/opt/ros/kinetic/lib/python2.7/dist-packages/rosmaster/master_api.py", line 210, in publisher_update_task
    ret = xmlrpcapi(api).publisherUpdate('/master', topic, pub_uris)
  File "/usr/lib/python2.7/xmlrpclib.py", line 1243, in __call__
    return self.__send(self.__name, args)
  File "/usr/lib/python2.7/xmlrpclib.py", line 1602, in __request
    verbose=self.__verbose
  File "/usr/lib/python2.7/xmlrpclib.py", line 1283, in request
    return self.single_request(host, handler, request_body, verbose)
  File "/usr/lib/python2.7/xmlrpclib.py", line 1316, in single_request
    return self.parse_response(response)
  File "/usr/lib/python2.7/xmlrpclib.py", line 1493, in parse_response
    return u.close()
  File "/usr/lib/python2.7/xmlrpclib.py", line 800, in close
    raise Fault(**self._stack[0])
Fault: <Fault -1: 'publisherUpdate: unknown method name'>

[rosmaster.master][INFO] 2017-09-23 12:09:27,713: -PUB [/image_marked/compressed/parameter_descriptions] /view http://ubuntu:36796/
[rosmaster.master][INFO] 2017-09-23 12:09:27,716: -PUB [/image_marked/compressed/parameter_updates] /view http://ubuntu:36796/
[rosmaster.master][INFO] 2017-09-23 12:09:27,717: -PUB [/image_marked] /view http://ubuntu:36796/
[rosmaster.master][INFO] 2017-09-23 12:09:27,719: -PUB [/image_marked/theora] /view http://ubuntu:36796/
[rosmaster.master][INFO] 2017-09-23 12:09:27,721: -PUB [/image_marked/theora/parameter_descriptions] /view http://ubuntu:36796/
[rosmaster.master][INFO] 2017-09-23 12:09:27,723: -PUB [/image_marked/theora/parameter_updates] /view http://ubuntu:36796/
[rosmaster.master][INFO] 2017-09-23 12:09:27,728: -PUB [/image/marked/compressedDepth] /view http://ubuntu:36796/
[rosmaster.master][INFO] 2017-09-23 12:09:27,728: -PUB [/image/marked/compressedDepth/parameter_descriptions] /view http://ubuntu:36796/
[rosmaster.master][INFO] 2017-09-23 12:09:27,731: -PUB [/image/marked/compressedDepth/parameter_updates] /view http://ubuntu:36796/
[rosmaster.master][INFO] 2017-09-23 12:09:27,733: -PUB [/image/marked/compressed] /view http://ubuntu:36796/
[rosmaster.master][INFO] 2017-09-23 12:09:27,735: -PUB [/image/marked/compressed/parameter_descriptions] /view http://ubuntu:36796/
[rosmaster.master][INFO] 2017-09-23 12:09:27,737: -PUB [/image/marked/compressed/parameter_updates] /view http://ubuntu:36796/
[rosmaster.master][INFO] 2017-09-23 12:09:27,738: -PUB [/image/marked] /view http://ubuntu:36796/
[rosmaster.master][INFO] 2017-09-23 12:09:27,739: -PUB [/image/marked/theora] /view http://ubuntu:36796/
[rosmaster.master][INFO] 2017-09-23 12:09:27,741: -PUB [/image/marked/theora/parameter_descriptions] /view http://ubuntu:36796/
[rosmaster.master][INFO] 2017-09-23 12:09:27,742: -PUB [/image/marked/theora/parameter_updates] /view http://ubuntu:36796/
[rosmaster.master][INFO] 2017-09-23 12:09:27,745: -PUB [/view/parameter_descriptions] /view http://ubuntu:36796/
[rosmaster.master][INFO] 2017-09-23 12:09:27,746: -PUB [/view/parameter_updates] /view http://ubuntu:36796/
[rosmaster.master][INFO] 2017-09-23 12:09:27,747: -SUB [/tf] /view http://ubuntu:36796/
[rosmaster.master][INFO] 2017-09-23 12:09:27,749: -SUB [/tf_static] /view http://ubuntu:36796/
[rosmaster.master][INFO] 2017-09-23 12:09:27,751: -SUB [/image] /view http://ubuntu:36796/
[rosmaster.master][INFO] 2017-09-23 12:09:27,753: -SUB [/camera_info] /view http://ubuntu:36796/
[rosmaster.master][INFO] 2017-09-23 12:09:27,754: -SUB [/image_marker] /view http://ubuntu:36796/
[rosmaster.master][INFO] 2017-09-23 12:09:27,758: -SUB [/image/event] /view http://ubuntu:36796/
[rosmaster.master][INFO] 2017-09-23 12:09:27,761: -SERVICE [/view/get_loggers] /view rosrpc://ubuntu:44483
[rosmaster.master][INFO] 2017-09-23 12:09:27,763: -SERVICE [/view/set_logger_level] /view rosrpc://ubuntu:44483
[rosmaster.master][INFO] 2017-09-23 12:09:27,765: -SERVICE [/image_marked/compressedDepth/set_parameters] /view rosrpc://ubuntu:44483
[rosmaster.master][INFO] 2017-09-23 12:09:27,774: -SERVICE [/image_marked/compressed/set_parameters] /view rosrpc://ubuntu:44483
[rosmaster.master][INFO] 2017-09-23 12:09:27,776: -SERVICE [/image_marked/theora/set_parameters] /view rosrpc://ubuntu:44483
[rosmaster.master][INFO] 2017-09-23 12:09:27,777: -SERVICE [/image/marked/compressedDepth/set_parameters] /view rosrpc://ubuntu:44483
[rosmaster.master][INFO] 2017-09-23 12:09:27,781: -SERVICE [/image/marked/compressed/set_parameters] /view rosrpc://ubuntu:44483
[rosmaster.master][INFO] 2017-09-23 12:09:27,785: -SERVICE [/image/marked/theora/set_parameters] /view rosrpc://ubuntu:44483
[rosmaster.master][INFO] 2017-09-23 12:09:27,787: -SERVICE [/view/change_mode] /view rosrpc://ubuntu:44483
[rosmaster.master][INFO] 2017-09-23 12:09:27,789: -SERVICE [/view/rectangle_mode] /view rosrpc://ubuntu:44483
[rosmaster.master][INFO] 2017-09-23 12:09:27,792: -SERVICE [/view/grabcut_mode] /view rosrpc://ubuntu:44483
[rosmaster.master][INFO] 2017-09-23 12:09:27,794: -SERVICE [/view/grabcut_rect_mode] /view rosrpc://ubuntu:44483
[rosmaster.master][INFO] 2017-09-23 12:09:27,797: -SERVICE [/view/line_mode] /view rosrpc://ubuntu:44483
[rosmaster.master][INFO] 2017-09-23 12:09:27,799: -SERVICE [/view/poly_mode] /view rosrpc://ubuntu:44483
[rosmaster.master][INFO] 2017-09-23 12:09:27,802: -SERVICE [/view/none_mode] /view rosrpc://ubuntu:44483
[rosmaster.master][INFO] 2017-09-23 12:09:27,803: -SERVICE [/view/set_parameters] /view rosrpc://ubuntu:44483
[rosmaster.master][INFO] 2017-09-23 12:09:28,002: -PUB [/rosout_agg] /rosout http://ubuntu:46637/
[rosmaster.master][INFO] 2017-09-23 12:09:28,003: -SUB [/rosout] /rosout http://ubuntu:46637/
[rosmaster.master][INFO] 2017-09-23 12:09:28,007: -SERVICE [/rosout/get_loggers] /rosout rosrpc://ubuntu:59656
[rosmaster.master][INFO] 2017-09-23 12:09:28,014: -SERVICE [/rosout/set_logger_level] /rosout rosrpc://ubuntu:59656
[rosmaster.main][INFO] 2017-09-23 12:09:28,209: keyboard interrupt, will exit
[rosmaster.main][INFO] 2017-09-23 12:09:28,209: stopping master...
[rospy.core][INFO] 2017-09-23 12:09:28,209: signal_shutdown [atexit]
