[rosmaster.main][INFO] 2017-09-21 16:46:40,251: initialization complete, waiting for shutdown
[rosmaster.main][INFO] 2017-09-21 16:46:40,251: Starting ROS Master Node
[xmlrpc][INFO] 2017-09-21 16:46:40,252: XML-RPC server binding to 0.0.0.0:11311
[xmlrpc][INFO] 2017-09-21 16:46:40,252: Started XML-RPC server [http://ubuntu:11311/]
[xmlrpc][INFO] 2017-09-21 16:46:40,252: xml rpc node: starting XML-RPC server
[rosmaster.master][INFO] 2017-09-21 16:46:40,252: Master initialized: port[11311], uri[http://ubuntu:11311/]
[rosmaster.master][INFO] 2017-09-21 16:46:40,306: +PARAM [/run_id] by /roslaunch
[rosmaster.master][INFO] 2017-09-21 16:46:40,310: +PARAM [/roslaunch/uris/host_ubuntu__33991] by /roslaunch
[rosmaster.master][INFO] 2017-09-21 16:46:40,385: +PARAM [/rosversion] by /roslaunch
[rosmaster.master][INFO] 2017-09-21 16:46:40,385: +PARAM [/rosdistro] by /roslaunch
[rosmaster.master][INFO] 2017-09-21 16:46:40,385: +PARAM [/camera/device_id] by /roslaunch
[rosmaster.master][INFO] 2017-09-21 16:46:40,423: +SERVICE [/rosout/get_loggers] /rosout http://ubuntu:34676/
[rosmaster.master][INFO] 2017-09-21 16:46:40,425: +SERVICE [/rosout/set_logger_level] /rosout http://ubuntu:34676/
[rosmaster.master][INFO] 2017-09-21 16:46:40,429: +PUB [/rosout_agg] /rosout http://ubuntu:34676/
[rosmaster.master][INFO] 2017-09-21 16:46:40,447: +SUB [/rosout] /rosout http://ubuntu:34676/
[rosmaster.master][INFO] 2017-09-21 16:46:40,561: +PUB [/rosout] /image_converter http://ubuntu:33427/
[rosmaster.master][INFO] 2017-09-21 16:46:40,562: +SERVICE [/image_converter/get_loggers] /image_converter http://ubuntu:33427/
[rosmaster.master][INFO] 2017-09-21 16:46:40,563: +SERVICE [/image_converter/set_logger_level] /image_converter http://ubuntu:33427/
[rosmaster.master][INFO] 2017-09-21 16:46:40,642: +PUB [/rosout] /camera http://ubuntu:41982/
[rosmaster.master][INFO] 2017-09-21 16:46:40,643: +PUB [/rosout] /view http://ubuntu:40912/
[rosmaster.master][INFO] 2017-09-21 16:46:40,643: +SERVICE [/camera/get_loggers] /camera http://ubuntu:41982/
[rosmaster.master][INFO] 2017-09-21 16:46:40,646: +SERVICE [/view/get_loggers] /view http://ubuntu:40912/
[rosmaster.master][INFO] 2017-09-21 16:46:40,647: +SERVICE [/camera/set_logger_level] /camera http://ubuntu:41982/
[rosmaster.master][INFO] 2017-09-21 16:46:40,647: +SERVICE [/view/set_logger_level] /view http://ubuntu:40912/
[rosmaster.master][INFO] 2017-09-21 16:46:40,659: publisherUpdate[/rosout] -> http://ubuntu:34676/ ['http://ubuntu:33427/']
[rosmaster.master][INFO] 2017-09-21 16:46:40,665: publisherUpdate[/rosout] -> http://ubuntu:34676/ ['http://ubuntu:33427/']: sec=0.01, result=[1, '', 0]
[rosmaster.master][INFO] 2017-09-21 16:46:40,665: publisherUpdate[/rosout] -> http://ubuntu:34676/ ['http://ubuntu:33427/', 'http://ubuntu:41982/']
[rosmaster.master][INFO] 2017-09-21 16:46:40,670: publisherUpdate[/rosout] -> http://ubuntu:34676/ ['http://ubuntu:33427/', 'http://ubuntu:41982/']: sec=0.00, result=[1, '', 0]
[rosmaster.master][INFO] 2017-09-21 16:46:40,670: publisherUpdate[/rosout] -> http://ubuntu:34676/ ['http://ubuntu:33427/', 'http://ubuntu:41982/', 'http://ubuntu:40912/']
[rosmaster.master][INFO] 2017-09-21 16:46:40,670: publisherUpdate[/rosout] -> http://ubuntu:34676/ ['http://ubuntu:33427/', 'http://ubuntu:41982/', 'http://ubuntu:40912/']: sec=0.00, result=[1, '', 0]
[rosmaster.master][INFO] 2017-09-21 16:46:40,674: +SUB [/tf] /view http://ubuntu:40912/
[rosmaster.master][INFO] 2017-09-21 16:46:40,683: +SUB [/tf_static] /view http://ubuntu:40912/
[rosmaster.master][INFO] 2017-09-21 16:46:40,698: +SUB [/camera/image_raw] /image_converter http://ubuntu:33427/
[rosmaster.master][INFO] 2017-09-21 16:46:40,721: +SERVICE [/camera/set_camera_info] /camera http://ubuntu:41982/
[rosmaster.master][INFO] 2017-09-21 16:46:40,725: -SERVICE [/camera/set_camera_info] /camera rosrpc://ubuntu:54301
[rosmaster.master][INFO] 2017-09-21 16:46:40,746: +PUB [/image/screenpoint] /view http://ubuntu:40912/
[rosmaster.master][INFO] 2017-09-21 16:46:40,747: +PUB [/image/screenpoint_array] /view http://ubuntu:40912/
[rosmaster.master][INFO] 2017-09-21 16:46:40,748: +PUB [/image/screenrectangle] /view http://ubuntu:40912/
[rosmaster.master][INFO] 2017-09-21 16:46:40,748: +PUB [/image/screenrectangle_image] /view http://ubuntu:40912/
[rosmaster.master][INFO] 2017-09-21 16:46:40,749: +PUB [/image/movepoint] /view http://ubuntu:40912/
[rosmaster.master][INFO] 2017-09-21 16:46:40,750: +PUB [/image/foreground] /view http://ubuntu:40912/
[rosmaster.master][INFO] 2017-09-21 16:46:40,750: +PUB [/image/background] /view http://ubuntu:40912/
[rosmaster.master][INFO] 2017-09-21 16:46:40,751: +PUB [/image/foreground_rect] /view http://ubuntu:40912/
[rosmaster.master][INFO] 2017-09-21 16:46:40,755: +PUB [/image/background_rect] /view http://ubuntu:40912/
[rosmaster.master][INFO] 2017-09-21 16:46:40,760: +PUB [/image/line] /view http://ubuntu:40912/
[rosmaster.master][INFO] 2017-09-21 16:46:40,761: +PUB [/image/poly] /view http://ubuntu:40912/
[rosmaster.master][INFO] 2017-09-21 16:46:40,793: +PUB [/image/compressedDepth] /image_converter http://ubuntu:33427/
[rosmaster.master][INFO] 2017-09-21 16:46:40,794: +SERVICE [/image/compressedDepth/set_parameters] /image_converter http://ubuntu:33427/
[rosmaster.master][INFO] 2017-09-21 16:46:40,796: +PUB [/image/compressedDepth/parameter_descriptions] /image_converter http://ubuntu:33427/
[rosmaster.master][INFO] 2017-09-21 16:46:40,801: +PUB [/image/compressedDepth/parameter_updates] /image_converter http://ubuntu:33427/
[rosmaster.master][INFO] 2017-09-21 16:46:40,806: +PARAM [/image/compressedDepth/depth_max] by /image_converter
[rosmaster.master][INFO] 2017-09-21 16:46:40,809: +PARAM [/image/compressedDepth/depth_quantization] by /image_converter
[rosmaster.master][INFO] 2017-09-21 16:46:40,810: +PARAM [/image/compressedDepth/png_level] by /image_converter
[rosmaster.master][INFO] 2017-09-21 16:46:40,811: +PARAM [/image/compressedDepth/depth_max] by /image_converter
[rosmaster.master][INFO] 2017-09-21 16:46:40,811: +PARAM [/image/compressedDepth/depth_quantization] by /image_converter
[rosmaster.master][INFO] 2017-09-21 16:46:40,813: +PARAM [/image/compressedDepth/png_level] by /image_converter
[rosmaster.master][INFO] 2017-09-21 16:46:40,851: +PUB [/image_marked/compressedDepth] /view http://ubuntu:40912/
[rosmaster.master][INFO] 2017-09-21 16:46:40,852: +SERVICE [/image_marked/compressedDepth/set_parameters] /view http://ubuntu:40912/
[rosmaster.master][INFO] 2017-09-21 16:46:40,853: +PUB [/image_marked/compressedDepth/parameter_descriptions] /view http://ubuntu:40912/
[rosmaster.master][INFO] 2017-09-21 16:46:40,854: +PUB [/image_marked/compressedDepth/parameter_updates] /view http://ubuntu:40912/
[rosmaster.master][INFO] 2017-09-21 16:46:40,856: +PARAM [/image_marked/compressedDepth/depth_max] by /view
[rosmaster.master][INFO] 2017-09-21 16:46:40,856: +PARAM [/image_marked/compressedDepth/depth_quantization] by /view
[rosmaster.master][INFO] 2017-09-21 16:46:40,860: +PARAM [/image_marked/compressedDepth/png_level] by /view
[rosmaster.master][INFO] 2017-09-21 16:46:40,861: +PARAM [/image_marked/compressedDepth/depth_max] by /view
[rosmaster.master][INFO] 2017-09-21 16:46:40,862: +PARAM [/image_marked/compressedDepth/depth_quantization] by /view
[rosmaster.master][INFO] 2017-09-21 16:46:40,863: +PARAM [/image_marked/compressedDepth/png_level] by /view
[rosmaster.master][INFO] 2017-09-21 16:46:40,873: -PUB [/rosout] /camera http://ubuntu:41982/
[rosmaster.master][INFO] 2017-09-21 16:46:40,874: -SERVICE [/camera/get_loggers] /camera rosrpc://ubuntu:54301
[rosmaster.master][INFO] 2017-09-21 16:46:40,877: -SERVICE [/camera/set_logger_level] /camera rosrpc://ubuntu:54301
[rosmaster.master][INFO] 2017-09-21 16:46:40,878: +PUB [/image/compressed] /image_converter http://ubuntu:33427/
[rosmaster.master][INFO] 2017-09-21 16:46:40,879: +SERVICE [/image/compressed/set_parameters] /image_converter http://ubuntu:33427/
[rosmaster.master][INFO] 2017-09-21 16:46:40,882: +PUB [/image/compressed/parameter_descriptions] /image_converter http://ubuntu:33427/
[rosmaster.master][INFO] 2017-09-21 16:46:40,882: +PUB [/image/compressed/parameter_updates] /image_converter http://ubuntu:33427/
[rosmaster.master][INFO] 2017-09-21 16:46:40,893: +PARAM [/image/compressed/format] by /image_converter
[rosmaster.master][INFO] 2017-09-21 16:46:40,897: +PARAM [/image/compressed/jpeg_quality] by /image_converter
[rosmaster.master][INFO] 2017-09-21 16:46:40,901: +PARAM [/image/compressed/png_level] by /image_converter
[rosmaster.master][INFO] 2017-09-21 16:46:40,902: +PARAM [/image/compressed/format] by /image_converter
[rosmaster.master][INFO] 2017-09-21 16:46:40,902: +PARAM [/image/compressed/jpeg_quality] by /image_converter
[rosmaster.master][INFO] 2017-09-21 16:46:40,903: +PARAM [/image/compressed/png_level] by /image_converter
[rosmaster.master][INFO] 2017-09-21 16:46:40,929: +PUB [/image_marked/compressed] /view http://ubuntu:40912/
[rosmaster.master][INFO] 2017-09-21 16:46:40,930: +SERVICE [/image_marked/compressed/set_parameters] /view http://ubuntu:40912/
[rosmaster.master][INFO] 2017-09-21 16:46:40,933: +PUB [/image_marked/compressed/parameter_descriptions] /view http://ubuntu:40912/
[rosmaster.master][INFO] 2017-09-21 16:46:40,934: +PUB [/image_marked/compressed/parameter_updates] /view http://ubuntu:40912/
[rosmaster.master][INFO] 2017-09-21 16:46:40,936: +PARAM [/image_marked/compressed/format] by /view
[rosmaster.master][INFO] 2017-09-21 16:46:40,937: +PARAM [/image_marked/compressed/jpeg_quality] by /view
[rosmaster.master][INFO] 2017-09-21 16:46:40,938: +PARAM [/image_marked/compressed/png_level] by /view
[rosmaster.master][INFO] 2017-09-21 16:46:40,938: +PARAM [/image_marked/compressed/format] by /view
[rosmaster.master][INFO] 2017-09-21 16:46:40,942: +PARAM [/image_marked/compressed/jpeg_quality] by /view
[rosmaster.master][INFO] 2017-09-21 16:46:40,942: +PARAM [/image_marked/compressed/png_level] by /view
[rosmaster.master][INFO] 2017-09-21 16:46:40,959: +PUB [/image] /image_converter http://ubuntu:33427/
[rosmaster.master][INFO] 2017-09-21 16:46:40,969: publisherUpdate[/rosout] -> http://ubuntu:34676/ ['http://ubuntu:33427/', 'http://ubuntu:40912/']
[rosmaster.master][INFO] 2017-09-21 16:46:40,970: publisherUpdate[/rosout] -> http://ubuntu:34676/ ['http://ubuntu:33427/', 'http://ubuntu:40912/']: sec=0.00, result=[1, '', 0]
[rosmaster.master][INFO] 2017-09-21 16:46:41,002: +PUB [/image_marked] /view http://ubuntu:40912/
[rosmaster.master][INFO] 2017-09-21 16:46:41,033: +PUB [/image/theora] /image_converter http://ubuntu:33427/
[rosmaster.master][INFO] 2017-09-21 16:46:41,033: +SERVICE [/image/theora/set_parameters] /image_converter http://ubuntu:33427/
[rosmaster.master][INFO] 2017-09-21 16:46:41,034: +PUB [/image/theora/parameter_descriptions] /image_converter http://ubuntu:33427/
[rosmaster.master][INFO] 2017-09-21 16:46:41,035: +PUB [/image/theora/parameter_updates] /image_converter http://ubuntu:33427/
[rosmaster.master][INFO] 2017-09-21 16:46:41,042: +PARAM [/image/theora/optimize_for] by /image_converter
[rosmaster.master][INFO] 2017-09-21 16:46:41,043: +PARAM [/image/theora/target_bitrate] by /image_converter
[rosmaster.master][INFO] 2017-09-21 16:46:41,046: +PARAM [/image/theora/quality] by /image_converter
[rosmaster.master][INFO] 2017-09-21 16:46:41,047: +PARAM [/image/theora/keyframe_frequency] by /image_converter
[rosmaster.master][INFO] 2017-09-21 16:46:41,047: +PARAM [/image/theora/optimize_for] by /image_converter
[rosmaster.master][INFO] 2017-09-21 16:46:41,048: +PARAM [/image/theora/target_bitrate] by /image_converter
[rosmaster.master][INFO] 2017-09-21 16:46:41,049: +PARAM [/image/theora/quality] by /image_converter
[rosmaster.master][INFO] 2017-09-21 16:46:41,050: +PARAM [/image/theora/keyframe_frequency] by /image_converter
[rosmaster.master][INFO] 2017-09-21 16:46:41,061: +PUB [/image_marked/theora] /view http://ubuntu:40912/
[rosmaster.master][INFO] 2017-09-21 16:46:41,062: +SERVICE [/image_marked/theora/set_parameters] /view http://ubuntu:40912/
[rosmaster.master][INFO] 2017-09-21 16:46:41,063: +PUB [/image_marked/theora/parameter_descriptions] /view http://ubuntu:40912/
[rosmaster.master][INFO] 2017-09-21 16:46:41,063: +PUB [/image_marked/theora/parameter_updates] /view http://ubuntu:40912/
[rosmaster.master][INFO] 2017-09-21 16:46:41,066: +PARAM [/image_marked/theora/optimize_for] by /view
[rosmaster.master][INFO] 2017-09-21 16:46:41,066: +PARAM [/image_marked/theora/target_bitrate] by /view
[rosmaster.master][INFO] 2017-09-21 16:46:41,067: +PARAM [/image_marked/theora/quality] by /view
[rosmaster.master][INFO] 2017-09-21 16:46:41,068: +PARAM [/image_marked/theora/keyframe_frequency] by /view
[rosmaster.master][INFO] 2017-09-21 16:46:41,068: +PARAM [/image_marked/theora/optimize_for] by /view
[rosmaster.master][INFO] 2017-09-21 16:46:41,069: +PARAM [/image_marked/theora/target_bitrate] by /view
[rosmaster.master][INFO] 2017-09-21 16:46:41,070: +PARAM [/image_marked/theora/quality] by /view
[rosmaster.master][INFO] 2017-09-21 16:46:41,070: +PARAM [/image_marked/theora/keyframe_frequency] by /view
[rosmaster.master][INFO] 2017-09-21 16:46:41,096: +PUB [/image/marked/compressedDepth] /view http://ubuntu:40912/
[rosmaster.master][INFO] 2017-09-21 16:46:41,097: +SERVICE [/image/marked/compressedDepth/set_parameters] /view http://ubuntu:40912/
[rosmaster.master][INFO] 2017-09-21 16:46:41,097: +PUB [/image/marked/compressedDepth/parameter_descriptions] /view http://ubuntu:40912/
[rosmaster.master][INFO] 2017-09-21 16:46:41,098: +PUB [/image/marked/compressedDepth/parameter_updates] /view http://ubuntu:40912/
[rosmaster.master][INFO] 2017-09-21 16:46:41,100: +PARAM [/image/marked/compressedDepth/depth_max] by /view
[rosmaster.master][INFO] 2017-09-21 16:46:41,101: +PARAM [/image/marked/compressedDepth/depth_quantization] by /view
[rosmaster.master][INFO] 2017-09-21 16:46:41,101: +PARAM [/image/marked/compressedDepth/png_level] by /view
[rosmaster.master][INFO] 2017-09-21 16:46:41,102: +PARAM [/image/marked/compressedDepth/depth_max] by /view
[rosmaster.master][INFO] 2017-09-21 16:46:41,103: +PARAM [/image/marked/compressedDepth/depth_quantization] by /view
[rosmaster.master][INFO] 2017-09-21 16:46:41,103: +PARAM [/image/marked/compressedDepth/png_level] by /view
[rosmaster.master][INFO] 2017-09-21 16:46:41,128: +PUB [/image/marked/compressed] /view http://ubuntu:40912/
[rosmaster.master][INFO] 2017-09-21 16:46:41,129: +SERVICE [/image/marked/compressed/set_parameters] /view http://ubuntu:40912/
[rosmaster.master][INFO] 2017-09-21 16:46:41,130: +PUB [/image/marked/compressed/parameter_descriptions] /view http://ubuntu:40912/
[rosmaster.master][INFO] 2017-09-21 16:46:41,131: +PUB [/image/marked/compressed/parameter_updates] /view http://ubuntu:40912/
[rosmaster.master][INFO] 2017-09-21 16:46:41,133: +PARAM [/image/marked/compressed/format] by /view
[rosmaster.master][INFO] 2017-09-21 16:46:41,133: +PARAM [/image/marked/compressed/jpeg_quality] by /view
[rosmaster.master][INFO] 2017-09-21 16:46:41,134: +PARAM [/image/marked/compressed/png_level] by /view
[rosmaster.master][INFO] 2017-09-21 16:46:41,135: +PARAM [/image/marked/compressed/format] by /view
[rosmaster.master][INFO] 2017-09-21 16:46:41,135: +PARAM [/image/marked/compressed/jpeg_quality] by /view
[rosmaster.master][INFO] 2017-09-21 16:46:41,136: +PARAM [/image/marked/compressed/png_level] by /view
[rosmaster.master][INFO] 2017-09-21 16:46:41,161: +PUB [/image/marked] /view http://ubuntu:40912/
[rosmaster.master][INFO] 2017-09-21 16:46:41,187: +PUB [/image/marked/theora] /view http://ubuntu:40912/
[rosmaster.master][INFO] 2017-09-21 16:46:41,187: +SERVICE [/image/marked/theora/set_parameters] /view http://ubuntu:40912/
[rosmaster.master][INFO] 2017-09-21 16:46:41,188: +PUB [/image/marked/theora/parameter_descriptions] /view http://ubuntu:40912/
[rosmaster.master][INFO] 2017-09-21 16:46:41,189: +PUB [/image/marked/theora/parameter_updates] /view http://ubuntu:40912/
[rosmaster.master][INFO] 2017-09-21 16:46:41,192: +PARAM [/image/marked/theora/optimize_for] by /view
[rosmaster.master][INFO] 2017-09-21 16:46:41,192: +PARAM [/image/marked/theora/target_bitrate] by /view
[rosmaster.master][INFO] 2017-09-21 16:46:41,193: +PARAM [/image/marked/theora/quality] by /view
[rosmaster.master][INFO] 2017-09-21 16:46:41,193: +PARAM [/image/marked/theora/keyframe_frequency] by /view
[rosmaster.master][INFO] 2017-09-21 16:46:41,194: +PARAM [/image/marked/theora/optimize_for] by /view
[rosmaster.master][INFO] 2017-09-21 16:46:41,195: +PARAM [/image/marked/theora/target_bitrate] by /view
[rosmaster.master][INFO] 2017-09-21 16:46:41,195: +PARAM [/image/marked/theora/quality] by /view
[rosmaster.master][INFO] 2017-09-21 16:46:41,196: +PARAM [/image/marked/theora/keyframe_frequency] by /view
[rosmaster.master][INFO] 2017-09-21 16:46:41,224: +SUB [/image] /view http://ubuntu:40912/
[rosmaster.master][INFO] 2017-09-21 16:46:41,227: +SUB [/camera_info] /view http://ubuntu:40912/
[rosmaster.master][INFO] 2017-09-21 16:46:41,230: +SUB [/image_marker] /view http://ubuntu:40912/
[rosmaster.master][INFO] 2017-09-21 16:46:41,234: +SUB [/image/event] /view http://ubuntu:40912/
[rosmaster.master][INFO] 2017-09-21 16:46:41,234: +SERVICE [/view/change_mode] /view http://ubuntu:40912/
[rosmaster.master][INFO] 2017-09-21 16:46:41,235: +SERVICE [/view/rectangle_mode] /view http://ubuntu:40912/
[rosmaster.master][INFO] 2017-09-21 16:46:41,236: +SERVICE [/view/grabcut_mode] /view http://ubuntu:40912/
[rosmaster.master][INFO] 2017-09-21 16:46:41,236: +SERVICE [/view/grabcut_rect_mode] /view http://ubuntu:40912/
[rosmaster.master][INFO] 2017-09-21 16:46:41,237: +SERVICE [/view/line_mode] /view http://ubuntu:40912/
[rosmaster.master][INFO] 2017-09-21 16:46:41,238: +SERVICE [/view/poly_mode] /view http://ubuntu:40912/
[rosmaster.master][INFO] 2017-09-21 16:46:41,238: +SERVICE [/view/none_mode] /view http://ubuntu:40912/
[rosmaster.master][INFO] 2017-09-21 16:46:41,239: +SERVICE [/view/set_parameters] /view http://ubuntu:40912/
[rosmaster.master][INFO] 2017-09-21 16:46:41,240: +PUB [/view/parameter_descriptions] /view http://ubuntu:40912/
[rosmaster.master][INFO] 2017-09-21 16:46:41,241: +PUB [/view/parameter_updates] /view http://ubuntu:40912/
[rosmaster.master][INFO] 2017-09-21 16:46:41,246: +PARAM [/view/grid] by /view
[rosmaster.master][INFO] 2017-09-21 16:46:41,246: +PARAM [/view/fisheye_mode] by /view
[rosmaster.master][INFO] 2017-09-21 16:46:41,247: +PARAM [/view/div_u] by /view
[rosmaster.master][INFO] 2017-09-21 16:46:41,247: +PARAM [/view/div_v] by /view
[rosmaster.master][INFO] 2017-09-21 16:46:41,248: +PARAM [/view/grid_red] by /view
[rosmaster.master][INFO] 2017-09-21 16:46:41,249: +PARAM [/view/grid_green] by /view
[rosmaster.master][INFO] 2017-09-21 16:46:41,249: +PARAM [/view/grid_blue] by /view
[rosmaster.master][INFO] 2017-09-21 16:46:41,250: +PARAM [/view/grid_thickness] by /view
[rosmaster.master][INFO] 2017-09-21 16:46:41,251: +PARAM [/view/grid_space] by /view
[rosmaster.master][INFO] 2017-09-21 16:46:41,251: +PARAM [/view/grid] by /view
[rosmaster.master][INFO] 2017-09-21 16:46:41,252: +PARAM [/view/fisheye_mode] by /view
[rosmaster.master][INFO] 2017-09-21 16:46:41,253: +PARAM [/view/div_u] by /view
[rosmaster.master][INFO] 2017-09-21 16:46:41,254: +PARAM [/view/div_v] by /view
[rosmaster.master][INFO] 2017-09-21 16:46:41,254: +PARAM [/view/grid_red] by /view
[rosmaster.master][INFO] 2017-09-21 16:46:41,255: +PARAM [/view/grid_green] by /view
[rosmaster.master][INFO] 2017-09-21 16:46:41,255: +PARAM [/view/grid_blue] by /view
[rosmaster.master][INFO] 2017-09-21 16:46:41,256: +PARAM [/view/grid_thickness] by /view
[rosmaster.master][INFO] 2017-09-21 16:46:41,257: +PARAM [/view/grid_space] by /view
[rosmaster.master][INFO] 2017-09-21 16:46:53,048: -PUB [/rosout] /view http://ubuntu:40912/
[rosmaster.master][INFO] 2017-09-21 16:46:53,049: -PUB [/image/screenpoint] /view http://ubuntu:40912/
[rosmaster.master][INFO] 2017-09-21 16:46:53,050: -PUB [/image/screenpoint_array] /view http://ubuntu:40912/
[rosmaster.master][INFO] 2017-09-21 16:46:53,050: -PUB [/image/screenrectangle] /view http://ubuntu:40912/
[rosmaster.master][INFO] 2017-09-21 16:46:53,052: -PUB [/image/screenrectangle_image] /view http://ubuntu:40912/
[rosmaster.master][INFO] 2017-09-21 16:46:53,056: -PUB [/image/movepoint] /view http://ubuntu:40912/
[rosmaster.master][INFO] 2017-09-21 16:46:53,057: -PUB [/image/foreground] /view http://ubuntu:40912/
[rosmaster.master][INFO] 2017-09-21 16:46:53,059: -PUB [/image/background] /view http://ubuntu:40912/
[rosmaster.master][INFO] 2017-09-21 16:46:53,060: -PUB [/image/foreground_rect] /view http://ubuntu:40912/
[rosmaster.master][INFO] 2017-09-21 16:46:53,061: -PUB [/image/background_rect] /view http://ubuntu:40912/
[rosmaster.master][INFO] 2017-09-21 16:46:53,063: -PUB [/image/line] /view http://ubuntu:40912/
[rosmaster.master][INFO] 2017-09-21 16:46:53,065: -PUB [/image/poly] /view http://ubuntu:40912/
[rosmaster.master][INFO] 2017-09-21 16:46:53,066: -PUB [/image_marked/compressedDepth] /view http://ubuntu:40912/
[rosmaster.master][INFO] 2017-09-21 16:46:53,068: -PUB [/image_marked/compressedDepth/parameter_descriptions] /view http://ubuntu:40912/
[rosmaster.master][INFO] 2017-09-21 16:46:53,073: -PUB [/image_marked/compressedDepth/parameter_updates] /view http://ubuntu:40912/
[rosmaster.master][INFO] 2017-09-21 16:46:53,074: -PUB [/image_marked/compressed] /view http://ubuntu:40912/
[rosmaster.master][INFO] 2017-09-21 16:46:53,076: -PUB [/image_marked/compressed/parameter_descriptions] /view http://ubuntu:40912/
[rosmaster.master][INFO] 2017-09-21 16:46:53,077: -PUB [/image_marked/compressed/parameter_updates] /view http://ubuntu:40912/
[rosmaster.master][INFO] 2017-09-21 16:46:53,078: -PUB [/image_marked] /view http://ubuntu:40912/
[rosmaster.master][INFO] 2017-09-21 16:46:53,080: -PUB [/image_marked/theora] /view http://ubuntu:40912/
[rosmaster.master][INFO] 2017-09-21 16:46:53,081: -PUB [/image_marked/theora/parameter_descriptions] /view http://ubuntu:40912/
[rosmaster.master][INFO] 2017-09-21 16:46:53,082: -PUB [/image_marked/theora/parameter_updates] /view http://ubuntu:40912/
[rosmaster.master][INFO] 2017-09-21 16:46:53,084: -PUB [/image/marked/compressedDepth] /view http://ubuntu:40912/
[rosmaster.master][INFO] 2017-09-21 16:46:53,088: -PUB [/image/marked/compressedDepth/parameter_descriptions] /view http://ubuntu:40912/
[rosmaster.master][INFO] 2017-09-21 16:46:53,089: -PUB [/image/marked/compressedDepth/parameter_updates] /view http://ubuntu:40912/
[rosmaster.master][INFO] 2017-09-21 16:46:53,091: -PUB [/image/marked/compressed] /view http://ubuntu:40912/
[rosmaster.master][INFO] 2017-09-21 16:46:53,093: -PUB [/image/marked/compressed/parameter_descriptions] /view http://ubuntu:40912/
[rosmaster.master][INFO] 2017-09-21 16:46:53,094: -PUB [/image/marked/compressed/parameter_updates] /view http://ubuntu:40912/
[rosmaster.master][INFO] 2017-09-21 16:46:53,096: -PUB [/image/marked] /view http://ubuntu:40912/
[rosmaster.master][INFO] 2017-09-21 16:46:53,099: -PUB [/image/marked/theora] /view http://ubuntu:40912/
[rosmaster.master][INFO] 2017-09-21 16:46:53,099: -PUB [/image/marked/theora/parameter_descriptions] /view http://ubuntu:40912/
[rosmaster.master][INFO] 2017-09-21 16:46:53,101: -PUB [/image/marked/theora/parameter_updates] /view http://ubuntu:40912/
[rosmaster.master][INFO] 2017-09-21 16:46:53,104: -PUB [/view/parameter_descriptions] /view http://ubuntu:40912/
[rosmaster.master][INFO] 2017-09-21 16:46:53,105: -PUB [/view/parameter_updates] /view http://ubuntu:40912/
[rosmaster.master][INFO] 2017-09-21 16:46:53,106: -SUB [/tf] /view http://ubuntu:40912/
[rosmaster.master][INFO] 2017-09-21 16:46:53,108: -SUB [/tf_static] /view http://ubuntu:40912/
[rosmaster.master][INFO] 2017-09-21 16:46:53,109: -SUB [/image] /view http://ubuntu:40912/
[rosmaster.master][INFO] 2017-09-21 16:46:53,113: -SUB [/camera_info] /view http://ubuntu:40912/
[rosmaster.master][INFO] 2017-09-21 16:46:53,114: -SUB [/image_marker] /view http://ubuntu:40912/
[rosmaster.master][INFO] 2017-09-21 16:46:53,116: -SUB [/image/event] /view http://ubuntu:40912/
[rosmaster.master][INFO] 2017-09-21 16:46:53,117: -SERVICE [/view/get_loggers] /view rosrpc://ubuntu:56771
[rosmaster.master][INFO] 2017-09-21 16:46:53,118: -SERVICE [/view/set_logger_level] /view rosrpc://ubuntu:56771
[rosmaster.master][INFO] 2017-09-21 16:46:53,120: -SERVICE [/image_marked/compressedDepth/set_parameters] /view rosrpc://ubuntu:56771
[rosmaster.master][INFO] 2017-09-21 16:46:53,121: -SERVICE [/image_marked/compressed/set_parameters] /view rosrpc://ubuntu:56771
[rosmaster.master][INFO] 2017-09-21 16:46:53,122: -SERVICE [/image_marked/theora/set_parameters] /view rosrpc://ubuntu:56771
[rosmaster.master][INFO] 2017-09-21 16:46:53,124: -SERVICE [/image/marked/compressedDepth/set_parameters] /view rosrpc://ubuntu:56771
[rosmaster.master][INFO] 2017-09-21 16:46:53,129: -SERVICE [/image/marked/compressed/set_parameters] /view rosrpc://ubuntu:56771
[rosmaster.master][INFO] 2017-09-21 16:46:53,130: -SERVICE [/image/marked/theora/set_parameters] /view rosrpc://ubuntu:56771
[rosmaster.master][INFO] 2017-09-21 16:46:53,131: -SERVICE [/view/change_mode] /view rosrpc://ubuntu:56771
[rosmaster.master][INFO] 2017-09-21 16:46:53,133: -SERVICE [/view/rectangle_mode] /view rosrpc://ubuntu:56771
[rosmaster.master][INFO] 2017-09-21 16:46:53,134: publisherUpdate[/rosout] -> http://ubuntu:34676/ ['http://ubuntu:33427/']
[rosmaster.master][INFO] 2017-09-21 16:46:53,134: publisherUpdate[/rosout] -> http://ubuntu:34676/ ['http://ubuntu:33427/']: sec=0.00, result=[1, '', 0]
[rosmaster.master][INFO] 2017-09-21 16:46:53,135: -SERVICE [/view/grabcut_mode] /view rosrpc://ubuntu:56771
[rosmaster.master][INFO] 2017-09-21 16:46:53,136: -SERVICE [/view/grabcut_rect_mode] /view rosrpc://ubuntu:56771
[rosmaster.master][INFO] 2017-09-21 16:46:53,140: -SERVICE [/view/line_mode] /view rosrpc://ubuntu:56771
[rosmaster.master][INFO] 2017-09-21 16:46:53,141: -SERVICE [/view/poly_mode] /view rosrpc://ubuntu:56771
[rosmaster.master][INFO] 2017-09-21 16:46:53,144: -SERVICE [/view/none_mode] /view rosrpc://ubuntu:56771
[rosmaster.master][INFO] 2017-09-21 16:46:53,145: -SERVICE [/view/set_parameters] /view rosrpc://ubuntu:56771
[rosmaster.master][INFO] 2017-09-21 16:46:53,148: -PUB [/rosout] /image_converter http://ubuntu:33427/
[rosmaster.master][INFO] 2017-09-21 16:46:53,149: -PUB [/image/compressedDepth] /image_converter http://ubuntu:33427/
[rosmaster.master][INFO] 2017-09-21 16:46:53,153: -PUB [/image/compressedDepth/parameter_descriptions] /image_converter http://ubuntu:33427/
[rosmaster.master][INFO] 2017-09-21 16:46:53,157: -PUB [/image/compressedDepth/parameter_updates] /image_converter http://ubuntu:33427/
[rosmaster.master][INFO] 2017-09-21 16:46:53,158: -PUB [/image/compressed] /image_converter http://ubuntu:33427/
[rosmaster.master][INFO] 2017-09-21 16:46:53,159: -PUB [/image/compressed/parameter_descriptions] /image_converter http://ubuntu:33427/
[rosmaster.master][INFO] 2017-09-21 16:46:53,160: -PUB [/image/compressed/parameter_updates] /image_converter http://ubuntu:33427/
[rosmaster.master][INFO] 2017-09-21 16:46:53,161: -PUB [/image] /image_converter http://ubuntu:33427/
[rosmaster.master][INFO] 2017-09-21 16:46:53,162: -PUB [/image/theora] /image_converter http://ubuntu:33427/
[rosmaster.master][INFO] 2017-09-21 16:46:53,164: -PUB [/image/theora/parameter_descriptions] /image_converter http://ubuntu:33427/
[rosmaster.master][INFO] 2017-09-21 16:46:53,165: -PUB [/image/theora/parameter_updates] /image_converter http://ubuntu:33427/
[rosmaster.master][INFO] 2017-09-21 16:46:53,165: -SUB [/camera/image_raw] /image_converter http://ubuntu:33427/
[rosmaster.master][INFO] 2017-09-21 16:46:53,166: -SERVICE [/image_converter/get_loggers] /image_converter rosrpc://ubuntu:53228
[rosmaster.master][INFO] 2017-09-21 16:46:53,168: -SERVICE [/image_converter/set_logger_level] /image_converter rosrpc://ubuntu:53228
[rosmaster.master][INFO] 2017-09-21 16:46:53,169: -SERVICE [/image/compressedDepth/set_parameters] /image_converter rosrpc://ubuntu:53228
[rosmaster.master][INFO] 2017-09-21 16:46:53,170: -SERVICE [/image/compressed/set_parameters] /image_converter rosrpc://ubuntu:53228
[rosmaster.master][INFO] 2017-09-21 16:46:53,171: -SERVICE [/image/theora/set_parameters] /image_converter rosrpc://ubuntu:53228
[rosmaster.master][INFO] 2017-09-21 16:46:53,234: publisherUpdate[/rosout] -> http://ubuntu:34676/ []
[rosmaster.master][INFO] 2017-09-21 16:46:53,236: publisherUpdate[/rosout] -> http://ubuntu:34676/ []: sec=0.00, result=[1, '', 0]
[rosmaster.master][INFO] 2017-09-21 16:46:53,538: -PUB [/rosout_agg] /rosout http://ubuntu:34676/
[rosmaster.master][INFO] 2017-09-21 16:46:53,539: -SUB [/rosout] /rosout http://ubuntu:34676/
[rosmaster.master][INFO] 2017-09-21 16:46:53,539: -SERVICE [/rosout/get_loggers] /rosout rosrpc://ubuntu:44153
[rosmaster.master][INFO] 2017-09-21 16:46:53,540: -SERVICE [/rosout/set_logger_level] /rosout rosrpc://ubuntu:44153
[rosmaster.main][INFO] 2017-09-21 16:46:53,565: keyboard interrupt, will exit
[rosmaster.main][INFO] 2017-09-21 16:46:53,565: stopping master...
[rospy.core][INFO] 2017-09-21 16:46:53,565: signal_shutdown [atexit]
