[rosmaster.main][INFO] 2017-09-21 17:15:28,177: initialization complete, waiting for shutdown
[rosmaster.main][INFO] 2017-09-21 17:15:28,178: Starting ROS Master Node
[xmlrpc][INFO] 2017-09-21 17:15:28,178: XML-RPC server binding to 0.0.0.0:11311
[xmlrpc][INFO] 2017-09-21 17:15:28,178: Started XML-RPC server [http://ubuntu:11311/]
[xmlrpc][INFO] 2017-09-21 17:15:28,179: xml rpc node: starting XML-RPC server
[rosmaster.master][INFO] 2017-09-21 17:15:28,179: Master initialized: port[11311], uri[http://ubuntu:11311/]
[rosmaster.master][INFO] 2017-09-21 17:15:28,229: +PARAM [/run_id] by /roslaunch
[rosmaster.master][INFO] 2017-09-21 17:15:28,231: +PARAM [/roslaunch/uris/host_ubuntu__42926] by /roslaunch
[rosmaster.master][INFO] 2017-09-21 17:15:28,304: +PARAM [/rosversion] by /roslaunch
[rosmaster.master][INFO] 2017-09-21 17:15:28,304: +PARAM [/rosdistro] by /roslaunch
[rosmaster.master][INFO] 2017-09-21 17:15:28,304: +PARAM [/camera/device_id] by /roslaunch
[rosmaster.master][INFO] 2017-09-21 17:15:28,321: +SERVICE [/rosout/get_loggers] /rosout http://ubuntu:43416/
[rosmaster.master][INFO] 2017-09-21 17:15:28,322: +SERVICE [/rosout/set_logger_level] /rosout http://ubuntu:43416/
[rosmaster.master][INFO] 2017-09-21 17:15:28,323: +PUB [/rosout_agg] /rosout http://ubuntu:43416/
[rosmaster.master][INFO] 2017-09-21 17:15:28,345: +SUB [/rosout] /rosout http://ubuntu:43416/
[rosmaster.master][INFO] 2017-09-21 17:15:28,430: +PUB [/rosout] /image_converter http://ubuntu:40926/
[rosmaster.master][INFO] 2017-09-21 17:15:28,431: +SERVICE [/image_converter/get_loggers] /image_converter http://ubuntu:40926/
[rosmaster.master][INFO] 2017-09-21 17:15:28,432: +SERVICE [/image_converter/set_logger_level] /image_converter http://ubuntu:40926/
[rosmaster.master][INFO] 2017-09-21 17:15:28,479: publisherUpdate[/rosout] -> http://ubuntu:43416/ ['http://ubuntu:40926/']
[rosmaster.master][INFO] 2017-09-21 17:15:28,482: publisherUpdate[/rosout] -> http://ubuntu:43416/ ['http://ubuntu:40926/']: sec=0.00, result=[1, '', 0]
[rosmaster.master][INFO] 2017-09-21 17:15:28,503: +PUB [/rosout] /view http://ubuntu:43405/
[rosmaster.master][INFO] 2017-09-21 17:15:28,505: +SERVICE [/view/get_loggers] /view http://ubuntu:43405/
[rosmaster.master][INFO] 2017-09-21 17:15:28,506: +SERVICE [/view/set_logger_level] /view http://ubuntu:43405/
[rosmaster.master][INFO] 2017-09-21 17:15:28,507: +PUB [/rosout] /camera http://ubuntu:41115/
[rosmaster.master][INFO] 2017-09-21 17:15:28,508: +SERVICE [/camera/get_loggers] /camera http://ubuntu:41115/
[rosmaster.master][INFO] 2017-09-21 17:15:28,511: +SERVICE [/camera/set_logger_level] /camera http://ubuntu:41115/
[rosmaster.master][INFO] 2017-09-21 17:15:28,520: +SUB [/tf] /view http://ubuntu:43405/
[rosmaster.master][INFO] 2017-09-21 17:15:28,535: +SUB [/tf_static] /view http://ubuntu:43405/
[rosmaster.master][INFO] 2017-09-21 17:15:28,581: publisherUpdate[/rosout] -> http://ubuntu:43416/ ['http://ubuntu:40926/', 'http://ubuntu:43405/']
[rosmaster.master][INFO] 2017-09-21 17:15:28,582: publisherUpdate[/rosout] -> http://ubuntu:43416/ ['http://ubuntu:40926/', 'http://ubuntu:43405/']: sec=0.00, result=[1, '', 0]
[rosmaster.master][INFO] 2017-09-21 17:15:28,582: publisherUpdate[/rosout] -> http://ubuntu:43416/ ['http://ubuntu:40926/', 'http://ubuntu:43405/', 'http://ubuntu:41115/']
[rosmaster.master][INFO] 2017-09-21 17:15:28,583: publisherUpdate[/rosout] -> http://ubuntu:43416/ ['http://ubuntu:40926/', 'http://ubuntu:43405/', 'http://ubuntu:41115/']: sec=0.00, result=[1, '', 0]
[rosmaster.master][INFO] 2017-09-21 17:15:28,594: +SERVICE [/camera/set_camera_info] /camera http://ubuntu:41115/
[rosmaster.master][INFO] 2017-09-21 17:15:28,608: +PUB [/image/screenpoint] /view http://ubuntu:43405/
[rosmaster.master][INFO] 2017-09-21 17:15:28,612: +PUB [/image/screenpoint_array] /view http://ubuntu:43405/
[rosmaster.master][INFO] 2017-09-21 17:15:28,613: +PUB [/image/screenrectangle] /view http://ubuntu:43405/
[rosmaster.master][INFO] 2017-09-21 17:15:28,614: +PUB [/image/screenrectangle_image] /view http://ubuntu:43405/
[rosmaster.master][INFO] 2017-09-21 17:15:28,615: +PUB [/image/movepoint] /view http://ubuntu:43405/
[rosmaster.master][INFO] 2017-09-21 17:15:28,616: +PUB [/image/foreground] /view http://ubuntu:43405/
[rosmaster.master][INFO] 2017-09-21 17:15:28,616: +PUB [/image/background] /view http://ubuntu:43405/
[rosmaster.master][INFO] 2017-09-21 17:15:28,617: +PUB [/image/foreground_rect] /view http://ubuntu:43405/
[rosmaster.master][INFO] 2017-09-21 17:15:28,618: +PUB [/image/background_rect] /view http://ubuntu:43405/
[rosmaster.master][INFO] 2017-09-21 17:15:28,621: +PUB [/image/line] /view http://ubuntu:43405/
[rosmaster.master][INFO] 2017-09-21 17:15:28,623: +PUB [/image/poly] /view http://ubuntu:43405/
[rosmaster.master][INFO] 2017-09-21 17:15:28,634: +SUB [/camera/image_raw] /image_converter http://ubuntu:40926/
[rosmaster.master][INFO] 2017-09-21 17:15:28,694: +PUB [/image/compressedDepth] /image_converter http://ubuntu:40926/
[rosmaster.master][INFO] 2017-09-21 17:15:28,695: +SERVICE [/image/compressedDepth/set_parameters] /image_converter http://ubuntu:40926/
[rosmaster.master][INFO] 2017-09-21 17:15:28,696: +PUB [/image/compressedDepth/parameter_descriptions] /image_converter http://ubuntu:40926/
[rosmaster.master][INFO] 2017-09-21 17:15:28,697: +PUB [/image/compressedDepth/parameter_updates] /image_converter http://ubuntu:40926/
[rosmaster.master][INFO] 2017-09-21 17:15:28,701: +PUB [/image_marked/compressedDepth] /view http://ubuntu:43405/
[rosmaster.master][INFO] 2017-09-21 17:15:28,702: +SERVICE [/image_marked/compressedDepth/set_parameters] /view http://ubuntu:43405/
[rosmaster.master][INFO] 2017-09-21 17:15:28,703: +PARAM [/image/compressedDepth/depth_max] by /image_converter
[rosmaster.master][INFO] 2017-09-21 17:15:28,704: +PUB [/image_marked/compressedDepth/parameter_descriptions] /view http://ubuntu:43405/
[rosmaster.master][INFO] 2017-09-21 17:15:28,704: +PARAM [/image/compressedDepth/depth_quantization] by /image_converter
[rosmaster.master][INFO] 2017-09-21 17:15:28,705: +PUB [/image_marked/compressedDepth/parameter_updates] /view http://ubuntu:43405/
[rosmaster.master][INFO] 2017-09-21 17:15:28,706: +PARAM [/image/compressedDepth/png_level] by /image_converter
[rosmaster.master][INFO] 2017-09-21 17:15:28,707: +PARAM [/image/compressedDepth/depth_max] by /image_converter
[rosmaster.master][INFO] 2017-09-21 17:15:28,708: +PARAM [/image/compressedDepth/depth_quantization] by /image_converter
[rosmaster.master][INFO] 2017-09-21 17:15:28,710: +PARAM [/image/compressedDepth/png_level] by /image_converter
[rosmaster.master][INFO] 2017-09-21 17:15:28,715: +PARAM [/image_marked/compressedDepth/depth_max] by /view
[rosmaster.master][INFO] 2017-09-21 17:15:28,716: +PARAM [/image_marked/compressedDepth/depth_quantization] by /view
[rosmaster.master][INFO] 2017-09-21 17:15:28,717: +PARAM [/image_marked/compressedDepth/png_level] by /view
[rosmaster.master][INFO] 2017-09-21 17:15:28,720: +PARAM [/image_marked/compressedDepth/depth_max] by /view
[rosmaster.master][INFO] 2017-09-21 17:15:28,721: +PARAM [/image_marked/compressedDepth/depth_quantization] by /view
[rosmaster.master][INFO] 2017-09-21 17:15:28,722: +PARAM [/image_marked/compressedDepth/png_level] by /view
[rosmaster.master][INFO] 2017-09-21 17:15:28,768: +PUB [/image/compressed] /image_converter http://ubuntu:40926/
[rosmaster.master][INFO] 2017-09-21 17:15:28,768: +SERVICE [/image/compressed/set_parameters] /image_converter http://ubuntu:40926/
[rosmaster.master][INFO] 2017-09-21 17:15:28,769: +PUB [/image/compressed/parameter_descriptions] /image_converter http://ubuntu:40926/
[rosmaster.master][INFO] 2017-09-21 17:15:28,770: +PUB [/image/compressed/parameter_updates] /image_converter http://ubuntu:40926/
[rosmaster.master][INFO] 2017-09-21 17:15:28,772: +PARAM [/image/compressed/format] by /image_converter
[rosmaster.master][INFO] 2017-09-21 17:15:28,773: +PARAM [/image/compressed/jpeg_quality] by /image_converter
[rosmaster.master][INFO] 2017-09-21 17:15:28,774: +PARAM [/image/compressed/png_level] by /image_converter
[rosmaster.master][INFO] 2017-09-21 17:15:28,777: +PARAM [/image/compressed/format] by /image_converter
[rosmaster.master][INFO] 2017-09-21 17:15:28,778: +PARAM [/image/compressed/jpeg_quality] by /image_converter
[rosmaster.master][INFO] 2017-09-21 17:15:28,778: +PUB [/image_marked/compressed] /view http://ubuntu:43405/
[rosmaster.master][INFO] 2017-09-21 17:15:28,779: +PARAM [/image/compressed/png_level] by /image_converter
[rosmaster.master][INFO] 2017-09-21 17:15:28,785: +SERVICE [/image_marked/compressed/set_parameters] /view http://ubuntu:43405/
[rosmaster.master][INFO] 2017-09-21 17:15:28,785: +PUB [/image_marked/compressed/parameter_descriptions] /view http://ubuntu:43405/
[rosmaster.master][INFO] 2017-09-21 17:15:28,790: +PUB [/image_marked/compressed/parameter_updates] /view http://ubuntu:43405/
[rosmaster.master][INFO] 2017-09-21 17:15:28,796: +PARAM [/image_marked/compressed/format] by /view
[rosmaster.master][INFO] 2017-09-21 17:15:28,797: +PARAM [/image_marked/compressed/jpeg_quality] by /view
[rosmaster.master][INFO] 2017-09-21 17:15:28,798: +PARAM [/image_marked/compressed/png_level] by /view
[rosmaster.master][INFO] 2017-09-21 17:15:28,800: +PARAM [/image_marked/compressed/format] by /view
[rosmaster.master][INFO] 2017-09-21 17:15:28,804: +PARAM [/image_marked/compressed/jpeg_quality] by /view
[rosmaster.master][INFO] 2017-09-21 17:15:28,805: +PARAM [/image_marked/compressed/png_level] by /view
[rosmaster.master][INFO] 2017-09-21 17:15:28,865: +PUB [/image] /image_converter http://ubuntu:40926/
[rosmaster.master][INFO] 2017-09-21 17:15:28,890: +PUB [/image_marked] /view http://ubuntu:43405/
[rosmaster.master][INFO] 2017-09-21 17:15:28,906: +PUB [/camera/image_raw/compressedDepth] /camera http://ubuntu:41115/
[rosmaster.master][INFO] 2017-09-21 17:15:28,906: +SERVICE [/camera/image_raw/compressedDepth/set_parameters] /camera http://ubuntu:41115/
[rosmaster.master][INFO] 2017-09-21 17:15:28,907: +PUB [/camera/image_raw/compressedDepth/parameter_descriptions] /camera http://ubuntu:41115/
[rosmaster.master][INFO] 2017-09-21 17:15:28,908: +PUB [/camera/image_raw/compressedDepth/parameter_updates] /camera http://ubuntu:41115/
[rosmaster.master][INFO] 2017-09-21 17:15:28,910: +PARAM [/camera/image_raw/compressedDepth/depth_max] by /camera
[rosmaster.master][INFO] 2017-09-21 17:15:28,914: +PARAM [/camera/image_raw/compressedDepth/depth_quantization] by /camera
[rosmaster.master][INFO] 2017-09-21 17:15:28,914: +PARAM [/camera/image_raw/compressedDepth/png_level] by /camera
[rosmaster.master][INFO] 2017-09-21 17:15:28,915: +PARAM [/camera/image_raw/compressedDepth/depth_max] by /camera
[rosmaster.master][INFO] 2017-09-21 17:15:28,916: +PARAM [/camera/image_raw/compressedDepth/depth_quantization] by /camera
[rosmaster.master][INFO] 2017-09-21 17:15:28,917: +PARAM [/camera/image_raw/compressedDepth/png_level] by /camera
[rosmaster.master][INFO] 2017-09-21 17:15:28,957: +PUB [/image/theora] /image_converter http://ubuntu:40926/
[rosmaster.master][INFO] 2017-09-21 17:15:28,958: +SERVICE [/image/theora/set_parameters] /image_converter http://ubuntu:40926/
[rosmaster.master][INFO] 2017-09-21 17:15:28,959: +PUB [/image/theora/parameter_descriptions] /image_converter http://ubuntu:40926/
[rosmaster.master][INFO] 2017-09-21 17:15:28,959: +PUB [/image/theora/parameter_updates] /image_converter http://ubuntu:40926/
[rosmaster.master][INFO] 2017-09-21 17:15:28,962: +PARAM [/image/theora/optimize_for] by /image_converter
[rosmaster.master][INFO] 2017-09-21 17:15:28,963: +PARAM [/image/theora/target_bitrate] by /image_converter
[rosmaster.master][INFO] 2017-09-21 17:15:28,966: +PARAM [/image/theora/quality] by /image_converter
[rosmaster.master][INFO] 2017-09-21 17:15:28,967: +PARAM [/image/theora/keyframe_frequency] by /image_converter
[rosmaster.master][INFO] 2017-09-21 17:15:28,970: +PARAM [/image/theora/optimize_for] by /image_converter
[rosmaster.master][INFO] 2017-09-21 17:15:28,974: +PARAM [/image/theora/target_bitrate] by /image_converter
[rosmaster.master][INFO] 2017-09-21 17:15:28,976: +PARAM [/image/theora/quality] by /image_converter
[rosmaster.master][INFO] 2017-09-21 17:15:28,976: +PARAM [/image/theora/keyframe_frequency] by /image_converter
[rosmaster.master][INFO] 2017-09-21 17:15:28,980: +PUB [/image_marked/theora] /view http://ubuntu:43405/
[rosmaster.master][INFO] 2017-09-21 17:15:28,981: +SERVICE [/image_marked/theora/set_parameters] /view http://ubuntu:43405/
[rosmaster.master][INFO] 2017-09-21 17:15:28,986: +PUB [/image_marked/theora/parameter_descriptions] /view http://ubuntu:43405/
[rosmaster.master][INFO] 2017-09-21 17:15:28,987: +PUB [/image_marked/theora/parameter_updates] /view http://ubuntu:43405/
[rosmaster.master][INFO] 2017-09-21 17:15:28,989: +PARAM [/image_marked/theora/optimize_for] by /view
[rosmaster.master][INFO] 2017-09-21 17:15:28,990: +PARAM [/image_marked/theora/target_bitrate] by /view
[rosmaster.master][INFO] 2017-09-21 17:15:28,993: +PARAM [/image_marked/theora/quality] by /view
[rosmaster.master][INFO] 2017-09-21 17:15:28,993: +PARAM [/image_marked/theora/keyframe_frequency] by /view
[rosmaster.master][INFO] 2017-09-21 17:15:28,994: +PARAM [/image_marked/theora/optimize_for] by /view
[rosmaster.master][INFO] 2017-09-21 17:15:28,995: +PUB [/camera/image_raw/compressed] /camera http://ubuntu:41115/
[rosmaster.master][INFO] 2017-09-21 17:15:28,995: +PARAM [/image_marked/theora/target_bitrate] by /view
[rosmaster.master][INFO] 2017-09-21 17:15:28,996: +SERVICE [/camera/image_raw/compressed/set_parameters] /camera http://ubuntu:41115/
[rosmaster.master][INFO] 2017-09-21 17:15:28,997: +PARAM [/image_marked/theora/quality] by /view
[rosmaster.master][INFO] 2017-09-21 17:15:28,998: +PUB [/camera/image_raw/compressed/parameter_descriptions] /camera http://ubuntu:41115/
[rosmaster.master][INFO] 2017-09-21 17:15:28,999: +PARAM [/image_marked/theora/keyframe_frequency] by /view
[rosmaster.master][INFO] 2017-09-21 17:15:29,004: +PUB [/camera/image_raw/compressed/parameter_updates] /camera http://ubuntu:41115/
[rosmaster.master][INFO] 2017-09-21 17:15:29,010: +PARAM [/camera/image_raw/compressed/format] by /camera
[rosmaster.master][INFO] 2017-09-21 17:15:29,011: +PARAM [/camera/image_raw/compressed/jpeg_quality] by /camera
[rosmaster.master][INFO] 2017-09-21 17:15:29,012: +PARAM [/camera/image_raw/compressed/png_level] by /camera
[rosmaster.master][INFO] 2017-09-21 17:15:29,012: +PARAM [/camera/image_raw/compressed/format] by /camera
[rosmaster.master][INFO] 2017-09-21 17:15:29,013: +PARAM [/camera/image_raw/compressed/jpeg_quality] by /camera
[rosmaster.master][INFO] 2017-09-21 17:15:29,017: +PARAM [/camera/image_raw/compressed/png_level] by /camera
[rosmaster.master][INFO] 2017-09-21 17:15:29,055: +PUB [/image/marked/compressedDepth] /view http://ubuntu:43405/
[rosmaster.master][INFO] 2017-09-21 17:15:29,056: +SERVICE [/image/marked/compressedDepth/set_parameters] /view http://ubuntu:43405/
[rosmaster.master][INFO] 2017-09-21 17:15:29,056: +PUB [/image/marked/compressedDepth/parameter_descriptions] /view http://ubuntu:43405/
[rosmaster.master][INFO] 2017-09-21 17:15:29,057: +PUB [/image/marked/compressedDepth/parameter_updates] /view http://ubuntu:43405/
[rosmaster.master][INFO] 2017-09-21 17:15:29,059: +PARAM [/image/marked/compressedDepth/depth_max] by /view
[rosmaster.master][INFO] 2017-09-21 17:15:29,060: +PARAM [/image/marked/compressedDepth/depth_quantization] by /view
[rosmaster.master][INFO] 2017-09-21 17:15:29,060: +PARAM [/image/marked/compressedDepth/png_level] by /view
[rosmaster.master][INFO] 2017-09-21 17:15:29,062: +PARAM [/image/marked/compressedDepth/depth_max] by /view
[rosmaster.master][INFO] 2017-09-21 17:15:29,064: +PARAM [/image/marked/compressedDepth/depth_quantization] by /view
[rosmaster.master][INFO] 2017-09-21 17:15:29,066: +PARAM [/image/marked/compressedDepth/png_level] by /view
[rosmaster.master][INFO] 2017-09-21 17:15:29,074: +PUB [/camera/image_raw] /camera http://ubuntu:41115/
[rosmaster.master][INFO] 2017-09-21 17:15:29,085: publisherUpdate[/camera/image_raw] -> http://ubuntu:40926/ ['http://ubuntu:41115/']
[rosmaster.master][INFO] 2017-09-21 17:15:29,086: publisherUpdate[/camera/image_raw] -> http://ubuntu:40926/ ['http://ubuntu:41115/']: sec=0.00, result=[1, '', 0]
[rosmaster.master][INFO] 2017-09-21 17:15:29,121: +PUB [/image/marked/compressed] /view http://ubuntu:43405/
[rosmaster.master][INFO] 2017-09-21 17:15:29,122: +SERVICE [/image/marked/compressed/set_parameters] /view http://ubuntu:43405/
[rosmaster.master][INFO] 2017-09-21 17:15:29,122: +PUB [/image/marked/compressed/parameter_descriptions] /view http://ubuntu:43405/
[rosmaster.master][INFO] 2017-09-21 17:15:29,123: +PUB [/image/marked/compressed/parameter_updates] /view http://ubuntu:43405/
[rosmaster.master][INFO] 2017-09-21 17:15:29,126: +PARAM [/image/marked/compressed/format] by /view
[rosmaster.master][INFO] 2017-09-21 17:15:29,129: +PARAM [/image/marked/compressed/jpeg_quality] by /view
[rosmaster.master][INFO] 2017-09-21 17:15:29,130: +PARAM [/image/marked/compressed/png_level] by /view
[rosmaster.master][INFO] 2017-09-21 17:15:29,131: +PARAM [/image/marked/compressed/format] by /view
[rosmaster.master][INFO] 2017-09-21 17:15:29,134: +PARAM [/image/marked/compressed/jpeg_quality] by /view
[rosmaster.master][INFO] 2017-09-21 17:15:29,135: +PARAM [/image/marked/compressed/png_level] by /view
[rosmaster.master][INFO] 2017-09-21 17:15:29,143: +PUB [/camera/image_raw/theora] /camera http://ubuntu:41115/
[rosmaster.master][INFO] 2017-09-21 17:15:29,144: +SERVICE [/camera/image_raw/theora/set_parameters] /camera http://ubuntu:41115/
[rosmaster.master][INFO] 2017-09-21 17:15:29,144: +PUB [/camera/image_raw/theora/parameter_descriptions] /camera http://ubuntu:41115/
[rosmaster.master][INFO] 2017-09-21 17:15:29,145: +PUB [/camera/image_raw/theora/parameter_updates] /camera http://ubuntu:41115/
[rosmaster.master][INFO] 2017-09-21 17:15:29,150: +PARAM [/camera/image_raw/theora/optimize_for] by /camera
[rosmaster.master][INFO] 2017-09-21 17:15:29,153: +PARAM [/camera/image_raw/theora/target_bitrate] by /camera
[rosmaster.master][INFO] 2017-09-21 17:15:29,154: +PARAM [/camera/image_raw/theora/quality] by /camera
[rosmaster.master][INFO] 2017-09-21 17:15:29,154: +PARAM [/camera/image_raw/theora/keyframe_frequency] by /camera
[rosmaster.master][INFO] 2017-09-21 17:15:29,155: +PARAM [/camera/image_raw/theora/optimize_for] by /camera
[rosmaster.master][INFO] 2017-09-21 17:15:29,161: +PARAM [/camera/image_raw/theora/target_bitrate] by /camera
[rosmaster.master][INFO] 2017-09-21 17:15:29,162: +PARAM [/camera/image_raw/theora/quality] by /camera
[rosmaster.master][INFO] 2017-09-21 17:15:29,163: +PARAM [/camera/image_raw/theora/keyframe_frequency] by /camera
[rosmaster.master][INFO] 2017-09-21 17:15:29,163: +PUB [/camera/camera_info] /camera http://ubuntu:41115/
[rosmaster.master][INFO] 2017-09-21 17:15:29,188: +PUB [/image/marked] /view http://ubuntu:43405/
[rosmaster.master][INFO] 2017-09-21 17:15:29,215: +PUB [/image/marked/theora] /view http://ubuntu:43405/
[rosmaster.master][INFO] 2017-09-21 17:15:29,216: +SERVICE [/image/marked/theora/set_parameters] /view http://ubuntu:43405/
[rosmaster.master][INFO] 2017-09-21 17:15:29,216: +PUB [/image/marked/theora/parameter_descriptions] /view http://ubuntu:43405/
[rosmaster.master][INFO] 2017-09-21 17:15:29,217: +PUB [/image/marked/theora/parameter_updates] /view http://ubuntu:43405/
[rosmaster.master][INFO] 2017-09-21 17:15:29,220: +PARAM [/image/marked/theora/optimize_for] by /view
[rosmaster.master][INFO] 2017-09-21 17:15:29,220: +PARAM [/image/marked/theora/target_bitrate] by /view
[rosmaster.master][INFO] 2017-09-21 17:15:29,221: +PARAM [/image/marked/theora/quality] by /view
[rosmaster.master][INFO] 2017-09-21 17:15:29,222: +PARAM [/image/marked/theora/keyframe_frequency] by /view
[rosmaster.master][INFO] 2017-09-21 17:15:29,223: +PARAM [/image/marked/theora/optimize_for] by /view
[rosmaster.master][INFO] 2017-09-21 17:15:29,223: +PARAM [/image/marked/theora/target_bitrate] by /view
[rosmaster.master][INFO] 2017-09-21 17:15:29,224: +PARAM [/image/marked/theora/quality] by /view
[rosmaster.master][INFO] 2017-09-21 17:15:29,224: +PARAM [/image/marked/theora/keyframe_frequency] by /view
[rosmaster.master][INFO] 2017-09-21 17:15:29,254: +SUB [/image] /view http://ubuntu:43405/
[rosmaster.master][INFO] 2017-09-21 17:15:29,257: +SUB [/camera_info] /view http://ubuntu:43405/
[rosmaster.master][INFO] 2017-09-21 17:15:29,260: +SUB [/image_marker] /view http://ubuntu:43405/
[rosmaster.master][INFO] 2017-09-21 17:15:29,263: +SUB [/image/event] /view http://ubuntu:43405/
[rosmaster.master][INFO] 2017-09-21 17:15:29,264: +SERVICE [/view/change_mode] /view http://ubuntu:43405/
[rosmaster.master][INFO] 2017-09-21 17:15:29,265: +SERVICE [/view/rectangle_mode] /view http://ubuntu:43405/
[rosmaster.master][INFO] 2017-09-21 17:15:29,266: +SERVICE [/view/grabcut_mode] /view http://ubuntu:43405/
[rosmaster.master][INFO] 2017-09-21 17:15:29,266: +SERVICE [/view/grabcut_rect_mode] /view http://ubuntu:43405/
[rosmaster.master][INFO] 2017-09-21 17:15:29,267: +SERVICE [/view/line_mode] /view http://ubuntu:43405/
[rosmaster.master][INFO] 2017-09-21 17:15:29,267: +SERVICE [/view/poly_mode] /view http://ubuntu:43405/
[rosmaster.master][INFO] 2017-09-21 17:15:29,268: +SERVICE [/view/none_mode] /view http://ubuntu:43405/
[rosmaster.master][INFO] 2017-09-21 17:15:29,269: +SERVICE [/view/set_parameters] /view http://ubuntu:43405/
[rosmaster.master][INFO] 2017-09-21 17:15:29,270: +PUB [/view/parameter_descriptions] /view http://ubuntu:43405/
[rosmaster.master][INFO] 2017-09-21 17:15:29,270: +PUB [/view/parameter_updates] /view http://ubuntu:43405/
[rosmaster.master][INFO] 2017-09-21 17:15:29,275: +PARAM [/view/grid] by /view
[rosmaster.master][INFO] 2017-09-21 17:15:29,276: +PARAM [/view/fisheye_mode] by /view
[rosmaster.master][INFO] 2017-09-21 17:15:29,277: +PARAM [/view/div_u] by /view
[rosmaster.master][INFO] 2017-09-21 17:15:29,277: +PARAM [/view/div_v] by /view
[rosmaster.master][INFO] 2017-09-21 17:15:29,278: +PARAM [/view/grid_red] by /view
[rosmaster.master][INFO] 2017-09-21 17:15:29,279: +PARAM [/view/grid_green] by /view
[rosmaster.master][INFO] 2017-09-21 17:15:29,279: +PARAM [/view/grid_blue] by /view
[rosmaster.master][INFO] 2017-09-21 17:15:29,280: +PARAM [/view/grid_thickness] by /view
[rosmaster.master][INFO] 2017-09-21 17:15:29,281: +PARAM [/view/grid_space] by /view
[rosmaster.master][INFO] 2017-09-21 17:15:29,282: +PARAM [/view/grid] by /view
[rosmaster.master][INFO] 2017-09-21 17:15:29,283: +PARAM [/view/fisheye_mode] by /view
[rosmaster.master][INFO] 2017-09-21 17:15:29,283: +PARAM [/view/div_u] by /view
[rosmaster.master][INFO] 2017-09-21 17:15:29,284: +PARAM [/view/div_v] by /view
[rosmaster.master][INFO] 2017-09-21 17:15:29,284: +PARAM [/view/grid_red] by /view
[rosmaster.master][INFO] 2017-09-21 17:15:29,285: +PARAM [/view/grid_green] by /view
[rosmaster.master][INFO] 2017-09-21 17:15:29,286: +PARAM [/view/grid_blue] by /view
[rosmaster.master][INFO] 2017-09-21 17:15:29,286: +PARAM [/view/grid_thickness] by /view
[rosmaster.master][INFO] 2017-09-21 17:15:29,287: +PARAM [/view/grid_space] by /view
[rosmaster.master][INFO] 2017-09-21 17:15:34,339: -PUB [/rosout] /image_converter http://ubuntu:40926/
[rosmaster.master][INFO] 2017-09-21 17:15:34,340: -PUB [/image/compressedDepth] /image_converter http://ubuntu:40926/
[rosmaster.master][INFO] 2017-09-21 17:15:34,341: -PUB [/image/compressedDepth/parameter_descriptions] /image_converter http://ubuntu:40926/
[rosmaster.master][INFO] 2017-09-21 17:15:34,346: -PUB [/image/compressedDepth/parameter_updates] /image_converter http://ubuntu:40926/
[rosmaster.master][INFO] 2017-09-21 17:15:34,347: -PUB [/image/compressed] /image_converter http://ubuntu:40926/
[rosmaster.master][INFO] 2017-09-21 17:15:34,348: -PUB [/image/compressed/parameter_descriptions] /image_converter http://ubuntu:40926/
[rosmaster.master][INFO] 2017-09-21 17:15:34,350: -PUB [/image/compressed/parameter_updates] /image_converter http://ubuntu:40926/
[rosmaster.master][INFO] 2017-09-21 17:15:34,354: -PUB [/image] /image_converter http://ubuntu:40926/
[rosmaster.master][INFO] 2017-09-21 17:15:34,357: -PUB [/image/theora] /image_converter http://ubuntu:40926/
[rosmaster.master][INFO] 2017-09-21 17:15:34,363: -PUB [/image/theora/parameter_descriptions] /image_converter http://ubuntu:40926/
[rosmaster.master][INFO] 2017-09-21 17:15:34,364: -PUB [/image/theora/parameter_updates] /image_converter http://ubuntu:40926/
[rosmaster.master][INFO] 2017-09-21 17:15:34,369: -SUB [/camera/image_raw] /image_converter http://ubuntu:40926/
[rosmaster.master][INFO] 2017-09-21 17:15:34,386: -SERVICE [/image_converter/get_loggers] /image_converter rosrpc://ubuntu:54710
[rosmaster.master][INFO] 2017-09-21 17:15:34,387: -SERVICE [/image_converter/set_logger_level] /image_converter rosrpc://ubuntu:54710
[rosmaster.master][INFO] 2017-09-21 17:15:34,388: -SERVICE [/image/compressedDepth/set_parameters] /image_converter rosrpc://ubuntu:54710
[rosmaster.master][INFO] 2017-09-21 17:15:34,390: -SERVICE [/image/compressed/set_parameters] /image_converter rosrpc://ubuntu:54710
[rosmaster.master][INFO] 2017-09-21 17:15:34,395: -SERVICE [/image/theora/set_parameters] /image_converter rosrpc://ubuntu:54710
[rosmaster.master][INFO] 2017-09-21 17:15:34,415: publisherUpdate[/rosout] -> http://ubuntu:43416/ ['http://ubuntu:43405/', 'http://ubuntu:41115/']
[rosmaster.master][INFO] 2017-09-21 17:15:34,415: publisherUpdate[/image] -> http://ubuntu:43405/ []
[rosmaster.master][INFO] 2017-09-21 17:15:34,416: publisherUpdate[/rosout] -> http://ubuntu:43416/ ['http://ubuntu:43405/', 'http://ubuntu:41115/']: sec=0.00, result=[1, '', 0]
[rosmaster.master][INFO] 2017-09-21 17:15:34,421: publisherUpdate[/image] -> http://ubuntu:43405/ []: sec=0.01, result=[0, 'Unknown Error', 0]
[rosmaster.master][INFO] 2017-09-21 17:15:34,440: -PUB [/rosout] /camera http://ubuntu:41115/
[rosmaster.master][INFO] 2017-09-21 17:15:34,441: -PUB [/camera/image_raw/compressedDepth] /camera http://ubuntu:41115/
[rosmaster.master][INFO] 2017-09-21 17:15:34,444: -PUB [/camera/image_raw/compressedDepth/parameter_descriptions] /camera http://ubuntu:41115/
[rosmaster.master][INFO] 2017-09-21 17:15:34,446: -PUB [/camera/image_raw/compressedDepth/parameter_updates] /camera http://ubuntu:41115/
[rosmaster.master][INFO] 2017-09-21 17:15:34,451: -PUB [/camera/image_raw/compressed] /camera http://ubuntu:41115/
[rosmaster.master][INFO] 2017-09-21 17:15:34,463: -PUB [/camera/image_raw/compressed/parameter_descriptions] /camera http://ubuntu:41115/
[rosmaster.master][INFO] 2017-09-21 17:15:34,466: -PUB [/camera/image_raw/compressed/parameter_updates] /camera http://ubuntu:41115/
[rosmaster.master][INFO] 2017-09-21 17:15:34,468: -PUB [/camera/image_raw] /camera http://ubuntu:41115/
[rosmaster.master][INFO] 2017-09-21 17:15:34,474: -PUB [/camera/image_raw/theora] /camera http://ubuntu:41115/
[rosmaster.master][INFO] 2017-09-21 17:15:34,474: -PUB [/camera/image_raw/theora/parameter_descriptions] /camera http://ubuntu:41115/
[rosmaster.master][INFO] 2017-09-21 17:15:34,475: -PUB [/camera/image_raw/theora/parameter_updates] /camera http://ubuntu:41115/
[rosmaster.master][INFO] 2017-09-21 17:15:34,476: -PUB [/camera/camera_info] /camera http://ubuntu:41115/
[rosmaster.master][INFO] 2017-09-21 17:15:34,477: -SERVICE [/camera/get_loggers] /camera rosrpc://ubuntu:45660
[rosmaster.master][INFO] 2017-09-21 17:15:34,482: -SERVICE [/camera/set_logger_level] /camera rosrpc://ubuntu:45660
[rosmaster.master][INFO] 2017-09-21 17:15:34,483: -SERVICE [/camera/set_camera_info] /camera rosrpc://ubuntu:45660
[rosmaster.master][INFO] 2017-09-21 17:15:34,485: -SERVICE [/camera/image_raw/compressedDepth/set_parameters] /camera rosrpc://ubuntu:45660
[rosmaster.master][INFO] 2017-09-21 17:15:34,486: -SERVICE [/camera/image_raw/compressed/set_parameters] /camera rosrpc://ubuntu:45660
[rosmaster.master][INFO] 2017-09-21 17:15:34,487: -SERVICE [/camera/image_raw/theora/set_parameters] /camera rosrpc://ubuntu:45660
[rosmaster.master][INFO] 2017-09-21 17:15:34,517: publisherUpdate[/rosout] -> http://ubuntu:43416/ ['http://ubuntu:43405/']
[rosmaster.master][INFO] 2017-09-21 17:15:34,518: publisherUpdate[/rosout] -> http://ubuntu:43416/ ['http://ubuntu:43405/']: sec=0.00, result=[1, '', 0]
[rosmaster.master][INFO] 2017-09-21 17:15:34,524: -PUB [/rosout] /view http://ubuntu:43405/
[rosmaster.master][INFO] 2017-09-21 17:15:34,526: -PUB [/image/screenpoint] /view http://ubuntu:43405/
[rosmaster.master][INFO] 2017-09-21 17:15:34,529: -PUB [/image/screenpoint_array] /view http://ubuntu:43405/
[rosmaster.master][INFO] 2017-09-21 17:15:34,532: -PUB [/image/screenrectangle] /view http://ubuntu:43405/
[rosmaster.master][INFO] 2017-09-21 17:15:34,534: -PUB [/image/screenrectangle_image] /view http://ubuntu:43405/
[rosmaster.master][INFO] 2017-09-21 17:15:34,543: -PUB [/image/movepoint] /view http://ubuntu:43405/
[rosmaster.master][INFO] 2017-09-21 17:15:34,545: -PUB [/image/foreground] /view http://ubuntu:43405/
[rosmaster.master][INFO] 2017-09-21 17:15:34,550: -PUB [/image/background] /view http://ubuntu:43405/
[rosmaster.master][INFO] 2017-09-21 17:15:34,554: -PUB [/image/foreground_rect] /view http://ubuntu:43405/
[rosmaster.master][INFO] 2017-09-21 17:15:34,557: -PUB [/image/background_rect] /view http://ubuntu:43405/
[rosmaster.master][INFO] 2017-09-21 17:15:34,559: -PUB [/image/line] /view http://ubuntu:43405/
[rosmaster.master][INFO] 2017-09-21 17:15:34,565: -PUB [/image/poly] /view http://ubuntu:43405/
[rosmaster.master][INFO] 2017-09-21 17:15:34,571: -PUB [/image_marked/compressedDepth] /view http://ubuntu:43405/
[rosmaster.master][INFO] 2017-09-21 17:15:34,575: -PUB [/image_marked/compressedDepth/parameter_descriptions] /view http://ubuntu:43405/
[rosmaster.master][INFO] 2017-09-21 17:15:34,577: -PUB [/image_marked/compressedDepth/parameter_updates] /view http://ubuntu:43405/
[rosmaster.master][INFO] 2017-09-21 17:15:34,578: -PUB [/image_marked/compressed] /view http://ubuntu:43405/
[rosmaster.master][INFO] 2017-09-21 17:15:34,581: -PUB [/image_marked/compressed/parameter_descriptions] /view http://ubuntu:43405/
[rosmaster.master][INFO] 2017-09-21 17:15:34,584: -PUB [/image_marked/compressed/parameter_updates] /view http://ubuntu:43405/
[rosmaster.master][INFO] 2017-09-21 17:15:34,586: -PUB [/image_marked] /view http://ubuntu:43405/
[rosmaster.master][INFO] 2017-09-21 17:15:34,588: -PUB [/image_marked/theora] /view http://ubuntu:43405/
[rosmaster.master][INFO] 2017-09-21 17:15:34,591: -PUB [/image_marked/theora/parameter_descriptions] /view http://ubuntu:43405/
[rosmaster.master][INFO] 2017-09-21 17:15:34,594: -PUB [/image_marked/theora/parameter_updates] /view http://ubuntu:43405/
[rosmaster.master][INFO] 2017-09-21 17:15:34,597: -PUB [/image/marked/compressedDepth] /view http://ubuntu:43405/
[rosmaster.master][INFO] 2017-09-21 17:15:34,602: -PUB [/image/marked/compressedDepth/parameter_descriptions] /view http://ubuntu:43405/
[rosmaster.master][INFO] 2017-09-21 17:15:34,614: -PUB [/image/marked/compressedDepth/parameter_updates] /view http://ubuntu:43405/
[rosmaster.master][INFO] 2017-09-21 17:15:34,618: publisherUpdate[/rosout] -> http://ubuntu:43416/ []
[rosmaster.master][INFO] 2017-09-21 17:15:34,619: publisherUpdate[/rosout] -> http://ubuntu:43416/ []: sec=0.00, result=[1, '', 0]
[rosmaster.master][INFO] 2017-09-21 17:15:34,625: -PUB [/image/marked/compressed] /view http://ubuntu:43405/
[rosmaster.master][INFO] 2017-09-21 17:15:34,626: -PUB [/image/marked/compressed/parameter_descriptions] /view http://ubuntu:43405/
[rosmaster.master][INFO] 2017-09-21 17:15:34,628: -PUB [/image/marked/compressed/parameter_updates] /view http://ubuntu:43405/
[rosmaster.master][INFO] 2017-09-21 17:15:34,630: -PUB [/image/marked] /view http://ubuntu:43405/
[rosmaster.master][INFO] 2017-09-21 17:15:34,633: -PUB [/image/marked/theora] /view http://ubuntu:43405/
[rosmaster.master][INFO] 2017-09-21 17:15:34,638: -PUB [/image/marked/theora/parameter_descriptions] /view http://ubuntu:43405/
[rosmaster.master][INFO] 2017-09-21 17:15:34,641: -PUB [/image/marked/theora/parameter_updates] /view http://ubuntu:43405/
[rosmaster.master][INFO] 2017-09-21 17:15:34,643: -PUB [/view/parameter_descriptions] /view http://ubuntu:43405/
[rosmaster.master][INFO] 2017-09-21 17:15:34,646: -PUB [/view/parameter_updates] /view http://ubuntu:43405/
[rosmaster.master][INFO] 2017-09-21 17:15:34,653: -SUB [/tf] /view http://ubuntu:43405/
[rosmaster.master][INFO] 2017-09-21 17:15:34,658: -SUB [/tf_static] /view http://ubuntu:43405/
[rosmaster.master][INFO] 2017-09-21 17:15:34,661: -SUB [/image] /view http://ubuntu:43405/
[rosmaster.master][INFO] 2017-09-21 17:15:34,663: -SUB [/camera_info] /view http://ubuntu:43405/
[rosmaster.master][INFO] 2017-09-21 17:15:34,665: -SUB [/image_marker] /view http://ubuntu:43405/
[rosmaster.master][INFO] 2017-09-21 17:15:34,666: -SUB [/image/event] /view http://ubuntu:43405/
[rosmaster.master][INFO] 2017-09-21 17:15:34,667: -SERVICE [/view/get_loggers] /view rosrpc://ubuntu:44872
[rosmaster.master][INFO] 2017-09-21 17:15:34,669: -SERVICE [/view/set_logger_level] /view rosrpc://ubuntu:44872
[rosmaster.master][INFO] 2017-09-21 17:15:34,672: -SERVICE [/image_marked/compressedDepth/set_parameters] /view rosrpc://ubuntu:44872
[rosmaster.master][INFO] 2017-09-21 17:15:34,672: -SERVICE [/image_marked/compressed/set_parameters] /view rosrpc://ubuntu:44872
[rosmaster.master][INFO] 2017-09-21 17:15:34,673: -SERVICE [/image_marked/theora/set_parameters] /view rosrpc://ubuntu:44872
[rosmaster.master][INFO] 2017-09-21 17:15:34,675: -SERVICE [/image/marked/compressedDepth/set_parameters] /view rosrpc://ubuntu:44872
[rosmaster.master][INFO] 2017-09-21 17:15:34,676: -SERVICE [/image/marked/compressed/set_parameters] /view rosrpc://ubuntu:44872
[rosmaster.master][INFO] 2017-09-21 17:15:34,677: -SERVICE [/image/marked/theora/set_parameters] /view rosrpc://ubuntu:44872
[rosmaster.master][INFO] 2017-09-21 17:15:34,680: -SERVICE [/view/change_mode] /view rosrpc://ubuntu:44872
[rosmaster.master][INFO] 2017-09-21 17:15:34,680: -SERVICE [/view/rectangle_mode] /view rosrpc://ubuntu:44872
[rosmaster.master][INFO] 2017-09-21 17:15:34,681: -SERVICE [/view/grabcut_mode] /view rosrpc://ubuntu:44872
[rosmaster.master][INFO] 2017-09-21 17:15:34,682: -SERVICE [/view/grabcut_rect_mode] /view rosrpc://ubuntu:44872
[rosmaster.master][INFO] 2017-09-21 17:15:34,684: -SERVICE [/view/line_mode] /view rosrpc://ubuntu:44872
[rosmaster.master][INFO] 2017-09-21 17:15:34,684: -SERVICE [/view/poly_mode] /view rosrpc://ubuntu:44872
[rosmaster.master][INFO] 2017-09-21 17:15:34,685: -SERVICE [/view/none_mode] /view rosrpc://ubuntu:44872
[rosmaster.master][INFO] 2017-09-21 17:15:34,687: -SERVICE [/view/set_parameters] /view rosrpc://ubuntu:44872
[rosmaster.master][INFO] 2017-09-21 17:15:35,022: -PUB [/rosout_agg] /rosout http://ubuntu:43416/
[rosmaster.master][INFO] 2017-09-21 17:15:35,022: -SUB [/rosout] /rosout http://ubuntu:43416/
[rosmaster.master][INFO] 2017-09-21 17:15:35,023: -SERVICE [/rosout/get_loggers] /rosout rosrpc://ubuntu:33320
[rosmaster.master][INFO] 2017-09-21 17:15:35,024: -SERVICE [/rosout/set_logger_level] /rosout rosrpc://ubuntu:33320
[rosmaster.main][INFO] 2017-09-21 17:15:35,059: keyboard interrupt, will exit
[rosmaster.main][INFO] 2017-09-21 17:15:35,059: stopping master...
[rospy.core][INFO] 2017-09-21 17:15:35,060: signal_shutdown [atexit]
