[rosmaster.main][INFO] 2017-09-21 16:48:53,917: initialization complete, waiting for shutdown
[rosmaster.main][INFO] 2017-09-21 16:48:53,918: Starting ROS Master Node
[xmlrpc][INFO] 2017-09-21 16:48:53,925: XML-RPC server binding to 0.0.0.0:11311
[rosmaster.master][INFO] 2017-09-21 16:48:53,926: Master initialized: port[11311], uri[http://ubuntu:11311/]
[xmlrpc][INFO] 2017-09-21 16:48:53,926: Started XML-RPC server [http://ubuntu:11311/]
[xmlrpc][INFO] 2017-09-21 16:48:53,926: xml rpc node: starting XML-RPC server
[rosmaster.master][INFO] 2017-09-21 16:48:53,972: +PARAM [/run_id] by /roslaunch
[rosmaster.master][INFO] 2017-09-21 16:48:53,974: +PARAM [/roslaunch/uris/host_ubuntu__39042] by /roslaunch
[rosmaster.master][INFO] 2017-09-21 16:48:54,040: +PARAM [/rosversion] by /roslaunch
[rosmaster.master][INFO] 2017-09-21 16:48:54,040: +PARAM [/rosdistro] by /roslaunch
[rosmaster.master][INFO] 2017-09-21 16:48:54,041: +PARAM [/camera/device_id] by /roslaunch
[rosmaster.master][INFO] 2017-09-21 16:48:54,071: +SERVICE [/rosout/get_loggers] /rosout http://ubuntu:40200/
[rosmaster.master][INFO] 2017-09-21 16:48:54,074: +SERVICE [/rosout/set_logger_level] /rosout http://ubuntu:40200/
[rosmaster.master][INFO] 2017-09-21 16:48:54,087: +PUB [/rosout_agg] /rosout http://ubuntu:40200/
[rosmaster.master][INFO] 2017-09-21 16:48:54,095: +SUB [/rosout] /rosout http://ubuntu:40200/
[rosmaster.master][INFO] 2017-09-21 16:48:54,149: +PUB [/rosout] /image_converter http://ubuntu:41721/
[rosmaster.master][INFO] 2017-09-21 16:48:54,150: +SERVICE [/image_converter/get_loggers] /image_converter http://ubuntu:41721/
[rosmaster.master][INFO] 2017-09-21 16:48:54,151: +SERVICE [/image_converter/set_logger_level] /image_converter http://ubuntu:41721/
[rosmaster.master][INFO] 2017-09-21 16:48:54,219: publisherUpdate[/rosout] -> http://ubuntu:40200/ ['http://ubuntu:41721/']
[rosmaster.master][INFO] 2017-09-21 16:48:54,220: publisherUpdate[/rosout] -> http://ubuntu:40200/ ['http://ubuntu:41721/']: sec=0.00, result=[1, '', 0]
[rosmaster.master][INFO] 2017-09-21 16:48:54,237: +PUB [/rosout] /camera http://ubuntu:37142/
[rosmaster.master][INFO] 2017-09-21 16:48:54,237: +PUB [/rosout] /view http://ubuntu:36754/
[rosmaster.master][INFO] 2017-09-21 16:48:54,238: +SERVICE [/camera/get_loggers] /camera http://ubuntu:37142/
[rosmaster.master][INFO] 2017-09-21 16:48:54,239: +SERVICE [/view/get_loggers] /view http://ubuntu:36754/
[rosmaster.master][INFO] 2017-09-21 16:48:54,240: +SERVICE [/view/set_logger_level] /view http://ubuntu:36754/
[rosmaster.master][INFO] 2017-09-21 16:48:54,240: +SERVICE [/camera/set_logger_level] /camera http://ubuntu:37142/
[rosmaster.master][INFO] 2017-09-21 16:48:54,262: +SUB [/tf] /view http://ubuntu:36754/
[rosmaster.master][INFO] 2017-09-21 16:48:54,268: +SUB [/tf_static] /view http://ubuntu:36754/
[rosmaster.master][INFO] 2017-09-21 16:48:54,314: +SERVICE [/camera/set_camera_info] /camera http://ubuntu:37142/
[rosmaster.master][INFO] 2017-09-21 16:48:54,320: publisherUpdate[/rosout] -> http://ubuntu:40200/ ['http://ubuntu:41721/', 'http://ubuntu:37142/']
[rosmaster.master][INFO] 2017-09-21 16:48:54,321: publisherUpdate[/rosout] -> http://ubuntu:40200/ ['http://ubuntu:41721/', 'http://ubuntu:37142/']: sec=0.00, result=[1, '', 0]
[rosmaster.master][INFO] 2017-09-21 16:48:54,321: publisherUpdate[/rosout] -> http://ubuntu:40200/ ['http://ubuntu:41721/', 'http://ubuntu:37142/', 'http://ubuntu:36754/']
[rosmaster.master][INFO] 2017-09-21 16:48:54,322: publisherUpdate[/rosout] -> http://ubuntu:40200/ ['http://ubuntu:41721/', 'http://ubuntu:37142/', 'http://ubuntu:36754/']: sec=0.00, result=[1, '', 0]
[rosmaster.master][INFO] 2017-09-21 16:48:54,323: +SUB [/camera/image_raw] /image_converter http://ubuntu:41721/
[rosmaster.master][INFO] 2017-09-21 16:48:54,329: +PUB [/image/screenpoint] /view http://ubuntu:36754/
[rosmaster.master][INFO] 2017-09-21 16:48:54,330: +PUB [/image/screenpoint_array] /view http://ubuntu:36754/
[rosmaster.master][INFO] 2017-09-21 16:48:54,331: +PUB [/image/screenrectangle] /view http://ubuntu:36754/
[rosmaster.master][INFO] 2017-09-21 16:48:54,332: +PUB [/image/screenrectangle_image] /view http://ubuntu:36754/
[rosmaster.master][INFO] 2017-09-21 16:48:54,334: +PUB [/image/movepoint] /view http://ubuntu:36754/
[rosmaster.master][INFO] 2017-09-21 16:48:54,337: +PUB [/image/foreground] /view http://ubuntu:36754/
[rosmaster.master][INFO] 2017-09-21 16:48:54,338: +PUB [/image/background] /view http://ubuntu:36754/
[rosmaster.master][INFO] 2017-09-21 16:48:54,339: +PUB [/image/foreground_rect] /view http://ubuntu:36754/
[rosmaster.master][INFO] 2017-09-21 16:48:54,342: +PUB [/image/background_rect] /view http://ubuntu:36754/
[rosmaster.master][INFO] 2017-09-21 16:48:54,343: +PUB [/image/line] /view http://ubuntu:36754/
[rosmaster.master][INFO] 2017-09-21 16:48:54,344: +PUB [/image/poly] /view http://ubuntu:36754/
[rosmaster.master][INFO] 2017-09-21 16:48:54,392: +PUB [/image/compressedDepth] /image_converter http://ubuntu:41721/
[rosmaster.master][INFO] 2017-09-21 16:48:54,393: +SERVICE [/image/compressedDepth/set_parameters] /image_converter http://ubuntu:41721/
[rosmaster.master][INFO] 2017-09-21 16:48:54,394: +PUB [/image/compressedDepth/parameter_descriptions] /image_converter http://ubuntu:41721/
[rosmaster.master][INFO] 2017-09-21 16:48:54,395: +PUB [/image/compressedDepth/parameter_updates] /image_converter http://ubuntu:41721/
[rosmaster.master][INFO] 2017-09-21 16:48:54,400: +PARAM [/image/compressedDepth/depth_max] by /image_converter
[rosmaster.master][INFO] 2017-09-21 16:48:54,402: +PARAM [/image/compressedDepth/depth_quantization] by /image_converter
[rosmaster.master][INFO] 2017-09-21 16:48:54,406: +PARAM [/image/compressedDepth/png_level] by /image_converter
[rosmaster.master][INFO] 2017-09-21 16:48:54,407: +PARAM [/image/compressedDepth/depth_max] by /image_converter
[rosmaster.master][INFO] 2017-09-21 16:48:54,408: +PARAM [/image/compressedDepth/depth_quantization] by /image_converter
[rosmaster.master][INFO] 2017-09-21 16:48:54,408: +PARAM [/image/compressedDepth/png_level] by /image_converter
[rosmaster.master][INFO] 2017-09-21 16:48:54,424: +PUB [/image_marked/compressedDepth] /view http://ubuntu:36754/
[rosmaster.master][INFO] 2017-09-21 16:48:54,425: +SERVICE [/image_marked/compressedDepth/set_parameters] /view http://ubuntu:36754/
[rosmaster.master][INFO] 2017-09-21 16:48:54,425: +PUB [/image_marked/compressedDepth/parameter_descriptions] /view http://ubuntu:36754/
[rosmaster.master][INFO] 2017-09-21 16:48:54,426: +PUB [/image_marked/compressedDepth/parameter_updates] /view http://ubuntu:36754/
[rosmaster.master][INFO] 2017-09-21 16:48:54,429: +PARAM [/image_marked/compressedDepth/depth_max] by /view
[rosmaster.master][INFO] 2017-09-21 16:48:54,431: +PARAM [/image_marked/compressedDepth/depth_quantization] by /view
[rosmaster.master][INFO] 2017-09-21 16:48:54,434: +PARAM [/image_marked/compressedDepth/png_level] by /view
[rosmaster.master][INFO] 2017-09-21 16:48:54,435: +PARAM [/image_marked/compressedDepth/depth_max] by /view
[rosmaster.master][INFO] 2017-09-21 16:48:54,436: +PARAM [/image_marked/compressedDepth/depth_quantization] by /view
[rosmaster.master][INFO] 2017-09-21 16:48:54,438: +PARAM [/image_marked/compressedDepth/png_level] by /view
[rosmaster.master][INFO] 2017-09-21 16:48:54,472: +PUB [/image/compressed] /image_converter http://ubuntu:41721/
[rosmaster.master][INFO] 2017-09-21 16:48:54,473: +SERVICE [/image/compressed/set_parameters] /image_converter http://ubuntu:41721/
[rosmaster.master][INFO] 2017-09-21 16:48:54,474: +PUB [/image/compressed/parameter_descriptions] /image_converter http://ubuntu:41721/
[rosmaster.master][INFO] 2017-09-21 16:48:54,475: +PUB [/image/compressed/parameter_updates] /image_converter http://ubuntu:41721/
[rosmaster.master][INFO] 2017-09-21 16:48:54,480: +PARAM [/image/compressed/format] by /image_converter
[rosmaster.master][INFO] 2017-09-21 16:48:54,481: +PARAM [/image/compressed/jpeg_quality] by /image_converter
[rosmaster.master][INFO] 2017-09-21 16:48:54,481: +PARAM [/image/compressed/png_level] by /image_converter
[rosmaster.master][INFO] 2017-09-21 16:48:54,485: +PARAM [/image/compressed/format] by /image_converter
[rosmaster.master][INFO] 2017-09-21 16:48:54,486: +PARAM [/image/compressed/jpeg_quality] by /image_converter
[rosmaster.master][INFO] 2017-09-21 16:48:54,487: +PARAM [/image/compressed/png_level] by /image_converter
[rosmaster.master][INFO] 2017-09-21 16:48:54,498: +PUB [/image_marked/compressed] /view http://ubuntu:36754/
[rosmaster.master][INFO] 2017-09-21 16:48:54,499: +SERVICE [/image_marked/compressed/set_parameters] /view http://ubuntu:36754/
[rosmaster.master][INFO] 2017-09-21 16:48:54,499: +PUB [/image_marked/compressed/parameter_descriptions] /view http://ubuntu:36754/
[rosmaster.master][INFO] 2017-09-21 16:48:54,500: +PUB [/image_marked/compressed/parameter_updates] /view http://ubuntu:36754/
[rosmaster.master][INFO] 2017-09-21 16:48:54,506: +PARAM [/image_marked/compressed/format] by /view
[rosmaster.master][INFO] 2017-09-21 16:48:54,507: +PARAM [/image_marked/compressed/jpeg_quality] by /view
[rosmaster.master][INFO] 2017-09-21 16:48:54,507: +PARAM [/image_marked/compressed/png_level] by /view
[rosmaster.master][INFO] 2017-09-21 16:48:54,508: +PARAM [/image_marked/compressed/format] by /view
[rosmaster.master][INFO] 2017-09-21 16:48:54,509: +PARAM [/image_marked/compressed/jpeg_quality] by /view
[rosmaster.master][INFO] 2017-09-21 16:48:54,509: +PARAM [/image_marked/compressed/png_level] by /view
[rosmaster.master][INFO] 2017-09-21 16:48:54,560: +PUB [/image] /image_converter http://ubuntu:41721/
[rosmaster.master][INFO] 2017-09-21 16:48:54,586: +PUB [/image_marked] /view http://ubuntu:36754/
[rosmaster.master][INFO] 2017-09-21 16:48:54,657: +PUB [/image/theora] /image_converter http://ubuntu:41721/
[rosmaster.master][INFO] 2017-09-21 16:48:54,658: +SERVICE [/image/theora/set_parameters] /image_converter http://ubuntu:41721/
[rosmaster.master][INFO] 2017-09-21 16:48:54,659: +PUB [/image/theora/parameter_descriptions] /image_converter http://ubuntu:41721/
[rosmaster.master][INFO] 2017-09-21 16:48:54,660: +PUB [/image/theora/parameter_updates] /image_converter http://ubuntu:41721/
[rosmaster.master][INFO] 2017-09-21 16:48:54,665: +PARAM [/image/theora/optimize_for] by /image_converter
[rosmaster.master][INFO] 2017-09-21 16:48:54,671: +PUB [/camera/image_raw/compressedDepth] /camera http://ubuntu:37142/
[rosmaster.master][INFO] 2017-09-21 16:48:54,671: +PARAM [/image/theora/target_bitrate] by /image_converter
[rosmaster.master][INFO] 2017-09-21 16:48:54,672: +SERVICE [/camera/image_raw/compressedDepth/set_parameters] /camera http://ubuntu:37142/
[rosmaster.master][INFO] 2017-09-21 16:48:54,673: +PARAM [/image/theora/quality] by /image_converter
[rosmaster.master][INFO] 2017-09-21 16:48:54,677: +PUB [/camera/image_raw/compressedDepth/parameter_descriptions] /camera http://ubuntu:37142/
[rosmaster.master][INFO] 2017-09-21 16:48:54,678: +PARAM [/image/theora/keyframe_frequency] by /image_converter
[rosmaster.master][INFO] 2017-09-21 16:48:54,679: +PUB [/camera/image_raw/compressedDepth/parameter_updates] /camera http://ubuntu:37142/
[rosmaster.master][INFO] 2017-09-21 16:48:54,679: +PARAM [/image/theora/optimize_for] by /image_converter
[rosmaster.master][INFO] 2017-09-21 16:48:54,682: +PARAM [/image/theora/target_bitrate] by /image_converter
[rosmaster.master][INFO] 2017-09-21 16:48:54,684: +PARAM [/image/theora/quality] by /image_converter
[rosmaster.master][INFO] 2017-09-21 16:48:54,685: +PUB [/image_marked/theora] /view http://ubuntu:36754/
[rosmaster.master][INFO] 2017-09-21 16:48:54,686: +PARAM [/image/theora/keyframe_frequency] by /image_converter
[rosmaster.master][INFO] 2017-09-21 16:48:54,687: +SERVICE [/image_marked/theora/set_parameters] /view http://ubuntu:36754/
[rosmaster.master][INFO] 2017-09-21 16:48:54,687: +PARAM [/camera/image_raw/compressedDepth/depth_max] by /camera
[rosmaster.master][INFO] 2017-09-21 16:48:54,688: +PUB [/image_marked/theora/parameter_descriptions] /view http://ubuntu:36754/
[rosmaster.master][INFO] 2017-09-21 16:48:54,689: +PARAM [/camera/image_raw/compressedDepth/depth_quantization] by /camera
[rosmaster.master][INFO] 2017-09-21 16:48:54,690: +PUB [/image_marked/theora/parameter_updates] /view http://ubuntu:36754/
[rosmaster.master][INFO] 2017-09-21 16:48:54,690: +PARAM [/camera/image_raw/compressedDepth/png_level] by /camera
[rosmaster.master][INFO] 2017-09-21 16:48:54,692: +PARAM [/camera/image_raw/compressedDepth/depth_max] by /camera
[rosmaster.master][INFO] 2017-09-21 16:48:54,693: +PARAM [/camera/image_raw/compressedDepth/depth_quantization] by /camera
[rosmaster.master][INFO] 2017-09-21 16:48:54,694: +PARAM [/camera/image_raw/compressedDepth/png_level] by /camera
[rosmaster.master][INFO] 2017-09-21 16:48:54,702: +PARAM [/image_marked/theora/optimize_for] by /view
[rosmaster.master][INFO] 2017-09-21 16:48:54,702: +PARAM [/image_marked/theora/target_bitrate] by /view
[rosmaster.master][INFO] 2017-09-21 16:48:54,703: +PARAM [/image_marked/theora/quality] by /view
[rosmaster.master][INFO] 2017-09-21 16:48:54,704: +PARAM [/image_marked/theora/keyframe_frequency] by /view
[rosmaster.master][INFO] 2017-09-21 16:48:54,706: +PARAM [/image_marked/theora/optimize_for] by /view
[rosmaster.master][INFO] 2017-09-21 16:48:54,706: +PARAM [/image_marked/theora/target_bitrate] by /view
[rosmaster.master][INFO] 2017-09-21 16:48:54,710: +PARAM [/image_marked/theora/quality] by /view
[rosmaster.master][INFO] 2017-09-21 16:48:54,710: +PARAM [/image_marked/theora/keyframe_frequency] by /view
[rosmaster.master][INFO] 2017-09-21 16:48:54,755: +PUB [/camera/image_raw/compressed] /camera http://ubuntu:37142/
[rosmaster.master][INFO] 2017-09-21 16:48:54,756: +SERVICE [/camera/image_raw/compressed/set_parameters] /camera http://ubuntu:37142/
[rosmaster.master][INFO] 2017-09-21 16:48:54,756: +PUB [/camera/image_raw/compressed/parameter_descriptions] /camera http://ubuntu:37142/
[rosmaster.master][INFO] 2017-09-21 16:48:54,757: +PUB [/camera/image_raw/compressed/parameter_updates] /camera http://ubuntu:37142/
[rosmaster.master][INFO] 2017-09-21 16:48:54,759: +PARAM [/camera/image_raw/compressed/format] by /camera
[rosmaster.master][INFO] 2017-09-21 16:48:54,760: +PARAM [/camera/image_raw/compressed/jpeg_quality] by /camera
[rosmaster.master][INFO] 2017-09-21 16:48:54,760: +PARAM [/camera/image_raw/compressed/png_level] by /camera
[rosmaster.master][INFO] 2017-09-21 16:48:54,761: +PARAM [/camera/image_raw/compressed/format] by /camera
[rosmaster.master][INFO] 2017-09-21 16:48:54,764: +PARAM [/camera/image_raw/compressed/jpeg_quality] by /camera
[rosmaster.master][INFO] 2017-09-21 16:48:54,764: +PARAM [/camera/image_raw/compressed/png_level] by /camera
[rosmaster.master][INFO] 2017-09-21 16:48:54,770: +PUB [/image/marked/compressedDepth] /view http://ubuntu:36754/
[rosmaster.master][INFO] 2017-09-21 16:48:54,771: +SERVICE [/image/marked/compressedDepth/set_parameters] /view http://ubuntu:36754/
[rosmaster.master][INFO] 2017-09-21 16:48:54,772: +PUB [/image/marked/compressedDepth/parameter_descriptions] /view http://ubuntu:36754/
[rosmaster.master][INFO] 2017-09-21 16:48:54,772: +PUB [/image/marked/compressedDepth/parameter_updates] /view http://ubuntu:36754/
[rosmaster.master][INFO] 2017-09-21 16:48:54,779: +PARAM [/image/marked/compressedDepth/depth_max] by /view
[rosmaster.master][INFO] 2017-09-21 16:48:54,780: +PARAM [/image/marked/compressedDepth/depth_quantization] by /view
[rosmaster.master][INFO] 2017-09-21 16:48:54,780: +PARAM [/image/marked/compressedDepth/png_level] by /view
[rosmaster.master][INFO] 2017-09-21 16:48:54,781: +PARAM [/image/marked/compressedDepth/depth_max] by /view
[rosmaster.master][INFO] 2017-09-21 16:48:54,782: +PARAM [/image/marked/compressedDepth/depth_quantization] by /view
[rosmaster.master][INFO] 2017-09-21 16:48:54,784: +PARAM [/image/marked/compressedDepth/png_level] by /view
[rosmaster.master][INFO] 2017-09-21 16:48:54,825: +PUB [/camera/image_raw] /camera http://ubuntu:37142/
[rosmaster.master][INFO] 2017-09-21 16:48:54,829: publisherUpdate[/camera/image_raw] -> http://ubuntu:41721/ ['http://ubuntu:37142/']
[rosmaster.master][INFO] 2017-09-21 16:48:54,830: publisherUpdate[/camera/image_raw] -> http://ubuntu:41721/ ['http://ubuntu:37142/']: sec=0.00, result=[1, '', 0]
[rosmaster.master][INFO] 2017-09-21 16:48:54,838: +PUB [/image/marked/compressed] /view http://ubuntu:36754/
[rosmaster.master][INFO] 2017-09-21 16:48:54,839: +SERVICE [/image/marked/compressed/set_parameters] /view http://ubuntu:36754/
[rosmaster.master][INFO] 2017-09-21 16:48:54,840: +PUB [/image/marked/compressed/parameter_descriptions] /view http://ubuntu:36754/
[rosmaster.master][INFO] 2017-09-21 16:48:54,841: +PUB [/image/marked/compressed/parameter_updates] /view http://ubuntu:36754/
[rosmaster.master][INFO] 2017-09-21 16:48:54,843: +PARAM [/image/marked/compressed/format] by /view
[rosmaster.master][INFO] 2017-09-21 16:48:54,843: +PARAM [/image/marked/compressed/jpeg_quality] by /view
[rosmaster.master][INFO] 2017-09-21 16:48:54,845: +PARAM [/image/marked/compressed/png_level] by /view
[rosmaster.master][INFO] 2017-09-21 16:48:54,848: +PARAM [/image/marked/compressed/format] by /view
[rosmaster.master][INFO] 2017-09-21 16:48:54,849: +PARAM [/image/marked/compressed/jpeg_quality] by /view
[rosmaster.master][INFO] 2017-09-21 16:48:54,850: +PARAM [/image/marked/compressed/png_level] by /view
[rosmaster.master][INFO] 2017-09-21 16:48:54,888: +PUB [/camera/image_raw/theora] /camera http://ubuntu:37142/
[rosmaster.master][INFO] 2017-09-21 16:48:54,889: +SERVICE [/camera/image_raw/theora/set_parameters] /camera http://ubuntu:37142/
[rosmaster.master][INFO] 2017-09-21 16:48:54,890: +PUB [/camera/image_raw/theora/parameter_descriptions] /camera http://ubuntu:37142/
[rosmaster.master][INFO] 2017-09-21 16:48:54,890: +PUB [/camera/image_raw/theora/parameter_updates] /camera http://ubuntu:37142/
[rosmaster.master][INFO] 2017-09-21 16:48:54,893: +PARAM [/camera/image_raw/theora/optimize_for] by /camera
[rosmaster.master][INFO] 2017-09-21 16:48:54,894: +PARAM [/camera/image_raw/theora/target_bitrate] by /camera
[rosmaster.master][INFO] 2017-09-21 16:48:54,897: +PARAM [/camera/image_raw/theora/quality] by /camera
[rosmaster.master][INFO] 2017-09-21 16:48:54,898: +PARAM [/camera/image_raw/theora/keyframe_frequency] by /camera
[rosmaster.master][INFO] 2017-09-21 16:48:54,899: +PARAM [/camera/image_raw/theora/optimize_for] by /camera
[rosmaster.master][INFO] 2017-09-21 16:48:54,899: +PARAM [/camera/image_raw/theora/target_bitrate] by /camera
[rosmaster.master][INFO] 2017-09-21 16:48:54,901: +PARAM [/camera/image_raw/theora/quality] by /camera
[rosmaster.master][INFO] 2017-09-21 16:48:54,902: +PARAM [/camera/image_raw/theora/keyframe_frequency] by /camera
[rosmaster.master][INFO] 2017-09-21 16:48:54,905: +PUB [/camera/camera_info] /camera http://ubuntu:37142/
[rosmaster.master][INFO] 2017-09-21 16:48:54,907: +PUB [/image/marked] /view http://ubuntu:36754/
[rosmaster.master][INFO] 2017-09-21 16:48:54,946: +PUB [/image/marked/theora] /view http://ubuntu:36754/
[rosmaster.master][INFO] 2017-09-21 16:48:54,947: +SERVICE [/image/marked/theora/set_parameters] /view http://ubuntu:36754/
[rosmaster.master][INFO] 2017-09-21 16:48:54,948: +PUB [/image/marked/theora/parameter_descriptions] /view http://ubuntu:36754/
[rosmaster.master][INFO] 2017-09-21 16:48:54,948: +PUB [/image/marked/theora/parameter_updates] /view http://ubuntu:36754/
[rosmaster.master][INFO] 2017-09-21 16:48:54,951: +PARAM [/image/marked/theora/optimize_for] by /view
[rosmaster.master][INFO] 2017-09-21 16:48:54,952: +PARAM [/image/marked/theora/target_bitrate] by /view
[rosmaster.master][INFO] 2017-09-21 16:48:54,952: +PARAM [/image/marked/theora/quality] by /view
[rosmaster.master][INFO] 2017-09-21 16:48:54,953: +PARAM [/image/marked/theora/keyframe_frequency] by /view
[rosmaster.master][INFO] 2017-09-21 16:48:54,954: +PARAM [/image/marked/theora/optimize_for] by /view
[rosmaster.master][INFO] 2017-09-21 16:48:54,954: +PARAM [/image/marked/theora/target_bitrate] by /view
[rosmaster.master][INFO] 2017-09-21 16:48:54,955: +PARAM [/image/marked/theora/quality] by /view
[rosmaster.master][INFO] 2017-09-21 16:48:54,956: +PARAM [/image/marked/theora/keyframe_frequency] by /view
[rosmaster.master][INFO] 2017-09-21 16:48:54,985: +SUB [/image] /view http://ubuntu:36754/
[rosmaster.master][INFO] 2017-09-21 16:48:54,989: +SUB [/camera_info] /view http://ubuntu:36754/
[rosmaster.master][INFO] 2017-09-21 16:48:54,992: +SUB [/image_marker] /view http://ubuntu:36754/
[rosmaster.master][INFO] 2017-09-21 16:48:54,995: +SUB [/image/event] /view http://ubuntu:36754/
[rosmaster.master][INFO] 2017-09-21 16:48:54,996: +SERVICE [/view/change_mode] /view http://ubuntu:36754/
[rosmaster.master][INFO] 2017-09-21 16:48:54,997: +SERVICE [/view/rectangle_mode] /view http://ubuntu:36754/
[rosmaster.master][INFO] 2017-09-21 16:48:54,997: +SERVICE [/view/grabcut_mode] /view http://ubuntu:36754/
[rosmaster.master][INFO] 2017-09-21 16:48:54,998: +SERVICE [/view/grabcut_rect_mode] /view http://ubuntu:36754/
[rosmaster.master][INFO] 2017-09-21 16:48:54,999: +SERVICE [/view/line_mode] /view http://ubuntu:36754/
[rosmaster.master][INFO] 2017-09-21 16:48:54,999: +SERVICE [/view/poly_mode] /view http://ubuntu:36754/
[rosmaster.master][INFO] 2017-09-21 16:48:55,000: +SERVICE [/view/none_mode] /view http://ubuntu:36754/
[rosmaster.master][INFO] 2017-09-21 16:48:55,001: +SERVICE [/view/set_parameters] /view http://ubuntu:36754/
[rosmaster.master][INFO] 2017-09-21 16:48:55,002: +PUB [/view/parameter_descriptions] /view http://ubuntu:36754/
[rosmaster.master][INFO] 2017-09-21 16:48:55,002: +PUB [/view/parameter_updates] /view http://ubuntu:36754/
[rosmaster.master][INFO] 2017-09-21 16:48:55,008: +PARAM [/view/grid] by /view
[rosmaster.master][INFO] 2017-09-21 16:48:55,008: +PARAM [/view/fisheye_mode] by /view
[rosmaster.master][INFO] 2017-09-21 16:48:55,009: +PARAM [/view/div_u] by /view
[rosmaster.master][INFO] 2017-09-21 16:48:55,010: +PARAM [/view/div_v] by /view
[rosmaster.master][INFO] 2017-09-21 16:48:55,010: +PARAM [/view/grid_red] by /view
[rosmaster.master][INFO] 2017-09-21 16:48:55,011: +PARAM [/view/grid_green] by /view
[rosmaster.master][INFO] 2017-09-21 16:48:55,011: +PARAM [/view/grid_blue] by /view
[rosmaster.master][INFO] 2017-09-21 16:48:55,012: +PARAM [/view/grid_thickness] by /view
[rosmaster.master][INFO] 2017-09-21 16:48:55,013: +PARAM [/view/grid_space] by /view
[rosmaster.master][INFO] 2017-09-21 16:48:55,013: +PARAM [/view/grid] by /view
[rosmaster.master][INFO] 2017-09-21 16:48:55,014: +PARAM [/view/fisheye_mode] by /view
[rosmaster.master][INFO] 2017-09-21 16:48:55,015: +PARAM [/view/div_u] by /view
[rosmaster.master][INFO] 2017-09-21 16:48:55,015: +PARAM [/view/div_v] by /view
[rosmaster.master][INFO] 2017-09-21 16:48:55,016: +PARAM [/view/grid_red] by /view
[rosmaster.master][INFO] 2017-09-21 16:48:55,017: +PARAM [/view/grid_green] by /view
[rosmaster.master][INFO] 2017-09-21 16:48:55,017: +PARAM [/view/grid_blue] by /view
[rosmaster.master][INFO] 2017-09-21 16:48:55,018: +PARAM [/view/grid_thickness] by /view
[rosmaster.master][INFO] 2017-09-21 16:48:55,019: +PARAM [/view/grid_space] by /view
[rosmaster.master][INFO] 2017-09-21 16:49:01,101: -PUB [/rosout] /camera http://ubuntu:37142/
[rosmaster.master][INFO] 2017-09-21 16:49:01,103: -PUB [/camera/image_raw/compressedDepth] /camera http://ubuntu:37142/
[rosmaster.master][INFO] 2017-09-21 16:49:01,112: -PUB [/camera/image_raw/compressedDepth/parameter_descriptions] /camera http://ubuntu:37142/
[rosmaster.master][INFO] 2017-09-21 16:49:01,118: -PUB [/camera/image_raw/compressedDepth/parameter_updates] /camera http://ubuntu:37142/
[rosmaster.master][INFO] 2017-09-21 16:49:01,119: -PUB [/camera/image_raw/compressed] /camera http://ubuntu:37142/
[rosmaster.master][INFO] 2017-09-21 16:49:01,122: -PUB [/camera/image_raw/compressed/parameter_descriptions] /camera http://ubuntu:37142/
[rosmaster.master][INFO] 2017-09-21 16:49:01,128: -PUB [/camera/image_raw/compressed/parameter_updates] /camera http://ubuntu:37142/
[rosmaster.master][INFO] 2017-09-21 16:49:01,129: -PUB [/camera/image_raw] /camera http://ubuntu:37142/
[rosmaster.master][INFO] 2017-09-21 16:49:01,134: -PUB [/camera/image_raw/theora] /camera http://ubuntu:37142/
[rosmaster.master][INFO] 2017-09-21 16:49:01,134: -PUB [/camera/image_raw/theora/parameter_descriptions] /camera http://ubuntu:37142/
[rosmaster.master][INFO] 2017-09-21 16:49:01,138: -PUB [/camera/image_raw/theora/parameter_updates] /camera http://ubuntu:37142/
[rosmaster.master][INFO] 2017-09-21 16:49:01,138: -PUB [/camera/camera_info] /camera http://ubuntu:37142/
[rosmaster.master][INFO] 2017-09-21 16:49:01,139: -SERVICE [/camera/get_loggers] /camera rosrpc://ubuntu:53634
[rosmaster.master][INFO] 2017-09-21 16:49:01,141: -SERVICE [/camera/set_logger_level] /camera rosrpc://ubuntu:53634
[rosmaster.master][INFO] 2017-09-21 16:49:01,146: -SERVICE [/camera/set_camera_info] /camera rosrpc://ubuntu:53634
[rosmaster.master][INFO] 2017-09-21 16:49:01,150: -SERVICE [/camera/image_raw/compressedDepth/set_parameters] /camera rosrpc://ubuntu:53634
[rosmaster.master][INFO] 2017-09-21 16:49:01,150: -SERVICE [/camera/image_raw/compressed/set_parameters] /camera rosrpc://ubuntu:53634
[rosmaster.master][INFO] 2017-09-21 16:49:01,151: -SERVICE [/camera/image_raw/theora/set_parameters] /camera rosrpc://ubuntu:53634
[rosmaster.master][INFO] 2017-09-21 16:49:01,166: publisherUpdate[/rosout] -> http://ubuntu:40200/ ['http://ubuntu:41721/', 'http://ubuntu:36754/']
[rosmaster.master][INFO] 2017-09-21 16:49:01,166: publisherUpdate[/camera/image_raw] -> http://ubuntu:41721/ []
[rosmaster.master][INFO] 2017-09-21 16:49:01,167: publisherUpdate[/rosout] -> http://ubuntu:40200/ ['http://ubuntu:41721/', 'http://ubuntu:36754/']: sec=0.00, result=[1, '', 0]
[rosmaster.master][INFO] 2017-09-21 16:49:01,169: publisherUpdate[/camera/image_raw] -> http://ubuntu:41721/ []: sec=0.00, result=[0, 'Unknown Error', 0]
[rosmaster.master][INFO] 2017-09-21 16:49:01,193: -PUB [/rosout] /view http://ubuntu:36754/
[rosmaster.master][INFO] 2017-09-21 16:49:01,195: -PUB [/image/screenpoint] /view http://ubuntu:36754/
[rosmaster.master][INFO] 2017-09-21 16:49:01,195: -PUB [/image/screenpoint_array] /view http://ubuntu:36754/
[rosmaster.master][INFO] 2017-09-21 16:49:01,196: -PUB [/image/screenrectangle] /view http://ubuntu:36754/
[rosmaster.master][INFO] 2017-09-21 16:49:01,198: -PUB [/image/screenrectangle_image] /view http://ubuntu:36754/
[rosmaster.master][INFO] 2017-09-21 16:49:01,202: -PUB [/image/movepoint] /view http://ubuntu:36754/
[rosmaster.master][INFO] 2017-09-21 16:49:01,208: -PUB [/image/foreground] /view http://ubuntu:36754/
[rosmaster.master][INFO] 2017-09-21 16:49:01,216: -PUB [/image/background] /view http://ubuntu:36754/
[rosmaster.master][INFO] 2017-09-21 16:49:01,226: -PUB [/image/foreground_rect] /view http://ubuntu:36754/
[rosmaster.master][INFO] 2017-09-21 16:49:01,230: -PUB [/image/background_rect] /view http://ubuntu:36754/
[rosmaster.master][INFO] 2017-09-21 16:49:01,235: -PUB [/image/line] /view http://ubuntu:36754/
[rosmaster.master][INFO] 2017-09-21 16:49:01,237: -PUB [/image/poly] /view http://ubuntu:36754/
[rosmaster.master][INFO] 2017-09-21 16:49:01,244: -PUB [/image_marked/compressedDepth] /view http://ubuntu:36754/
[rosmaster.master][INFO] 2017-09-21 16:49:01,251: -PUB [/image_marked/compressedDepth/parameter_descriptions] /view http://ubuntu:36754/
[rosmaster.master][INFO] 2017-09-21 16:49:01,254: -PUB [/image_marked/compressedDepth/parameter_updates] /view http://ubuntu:36754/
[rosmaster.master][INFO] 2017-09-21 16:49:01,262: -PUB [/image_marked/compressed] /view http://ubuntu:36754/
[rosmaster.master][INFO] 2017-09-21 16:49:01,264: -PUB [/image_marked/compressed/parameter_descriptions] /view http://ubuntu:36754/
[rosmaster.master][INFO] 2017-09-21 16:49:01,267: publisherUpdate[/rosout] -> http://ubuntu:40200/ ['http://ubuntu:41721/']
[rosmaster.master][INFO] 2017-09-21 16:49:01,268: publisherUpdate[/rosout] -> http://ubuntu:40200/ ['http://ubuntu:41721/']: sec=0.00, result=[1, '', 0]
[rosmaster.master][INFO] 2017-09-21 16:49:01,268: -PUB [/image_marked/compressed/parameter_updates] /view http://ubuntu:36754/
[rosmaster.master][INFO] 2017-09-21 16:49:01,271: -PUB [/image_marked] /view http://ubuntu:36754/
[rosmaster.master][INFO] 2017-09-21 16:49:01,271: -PUB [/image_marked/theora] /view http://ubuntu:36754/
[rosmaster.master][INFO] 2017-09-21 16:49:01,273: -PUB [/image_marked/theora/parameter_descriptions] /view http://ubuntu:36754/
[rosmaster.master][INFO] 2017-09-21 16:49:01,274: -PUB [/rosout] /image_converter http://ubuntu:41721/
[rosmaster.master][INFO] 2017-09-21 16:49:01,276: -PUB [/image_marked/theora/parameter_updates] /view http://ubuntu:36754/
[rosmaster.master][INFO] 2017-09-21 16:49:01,278: -PUB [/image/compressedDepth] /image_converter http://ubuntu:41721/
[rosmaster.master][INFO] 2017-09-21 16:49:01,280: -PUB [/image/marked/compressedDepth] /view http://ubuntu:36754/
[rosmaster.master][INFO] 2017-09-21 16:49:01,282: -PUB [/image/compressedDepth/parameter_descriptions] /image_converter http://ubuntu:41721/
[rosmaster.master][INFO] 2017-09-21 16:49:01,286: -PUB [/image/marked/compressedDepth/parameter_descriptions] /view http://ubuntu:36754/
[rosmaster.master][INFO] 2017-09-21 16:49:01,286: -PUB [/image/compressedDepth/parameter_updates] /image_converter http://ubuntu:41721/
[rosmaster.master][INFO] 2017-09-21 16:49:01,289: -PUB [/image/marked/compressedDepth/parameter_updates] /view http://ubuntu:36754/
[rosmaster.master][INFO] 2017-09-21 16:49:01,290: -PUB [/image/compressed] /image_converter http://ubuntu:41721/
[rosmaster.master][INFO] 2017-09-21 16:49:01,292: -PUB [/image/compressed/parameter_descriptions] /image_converter http://ubuntu:41721/
[rosmaster.master][INFO] 2017-09-21 16:49:01,293: -PUB [/image/marked/compressed] /view http://ubuntu:36754/
[rosmaster.master][INFO] 2017-09-21 16:49:01,295: -PUB [/image/marked/compressed/parameter_descriptions] /view http://ubuntu:36754/
[rosmaster.master][INFO] 2017-09-21 16:49:01,298: -PUB [/image/compressed/parameter_updates] /image_converter http://ubuntu:41721/
[rosmaster.master][INFO] 2017-09-21 16:49:01,300: -PUB [/image/marked/compressed/parameter_updates] /view http://ubuntu:36754/
[rosmaster.master][INFO] 2017-09-21 16:49:01,301: -PUB [/image] /image_converter http://ubuntu:41721/
[rosmaster.master][INFO] 2017-09-21 16:49:01,302: -PUB [/image/theora] /image_converter http://ubuntu:41721/
[rosmaster.master][INFO] 2017-09-21 16:49:01,304: -PUB [/image/marked] /view http://ubuntu:36754/
[rosmaster.master][INFO] 2017-09-21 16:49:01,305: -PUB [/image/theora/parameter_descriptions] /image_converter http://ubuntu:41721/
[rosmaster.master][INFO] 2017-09-21 16:49:01,310: -PUB [/image/theora/parameter_updates] /image_converter http://ubuntu:41721/
[rosmaster.master][INFO] 2017-09-21 16:49:01,311: -PUB [/image/marked/theora] /view http://ubuntu:36754/
[rosmaster.master][INFO] 2017-09-21 16:49:01,313: -PUB [/image/marked/theora/parameter_descriptions] /view http://ubuntu:36754/
[rosmaster.master][INFO] 2017-09-21 16:49:01,314: -PUB [/image/marked/theora/parameter_updates] /view http://ubuntu:36754/
[rosmaster.master][INFO] 2017-09-21 16:49:01,316: -PUB [/view/parameter_descriptions] /view http://ubuntu:36754/
[rosmaster.master][INFO] 2017-09-21 16:49:01,317: -PUB [/view/parameter_updates] /view http://ubuntu:36754/
[rosmaster.master][INFO] 2017-09-21 16:49:01,318: -SUB [/tf] /view http://ubuntu:36754/
[rosmaster.master][INFO] 2017-09-21 16:49:01,321: -SUB [/camera/image_raw] /image_converter http://ubuntu:41721/
[rosmaster.master][INFO] 2017-09-21 16:49:01,322: -SUB [/tf_static] /view http://ubuntu:36754/
[rosmaster.master][INFO] 2017-09-21 16:49:01,325: -SUB [/image] /view http://ubuntu:36754/
[rosmaster.master][INFO] 2017-09-21 16:49:01,326: -SERVICE [/image_converter/get_loggers] /image_converter rosrpc://ubuntu:60099
[rosmaster.master][INFO] 2017-09-21 16:49:01,329: -SERVICE [/image_converter/set_logger_level] /image_converter rosrpc://ubuntu:60099
[rosmaster.master][INFO] 2017-09-21 16:49:01,331: -SUB [/camera_info] /view http://ubuntu:36754/
[rosmaster.master][INFO] 2017-09-21 16:49:01,331: -SUB [/image_marker] /view http://ubuntu:36754/
[rosmaster.master][INFO] 2017-09-21 16:49:01,333: -SUB [/image/event] /view http://ubuntu:36754/
[rosmaster.master][INFO] 2017-09-21 16:49:01,337: -SERVICE [/image/compressedDepth/set_parameters] /image_converter rosrpc://ubuntu:60099
[rosmaster.master][INFO] 2017-09-21 16:49:01,339: -SERVICE [/view/get_loggers] /view rosrpc://ubuntu:34044
[rosmaster.master][INFO] 2017-09-21 16:49:01,339: -SERVICE [/view/set_logger_level] /view rosrpc://ubuntu:34044
[rosmaster.master][INFO] 2017-09-21 16:49:01,340: -SERVICE [/image_marked/compressedDepth/set_parameters] /view rosrpc://ubuntu:34044
[rosmaster.master][INFO] 2017-09-21 16:49:01,341: -SERVICE [/image_marked/compressed/set_parameters] /view rosrpc://ubuntu:34044
[rosmaster.master][INFO] 2017-09-21 16:49:01,343: -SERVICE [/image_marked/theora/set_parameters] /view rosrpc://ubuntu:34044
[rosmaster.master][INFO] 2017-09-21 16:49:01,344: -SERVICE [/image/compressed/set_parameters] /image_converter rosrpc://ubuntu:60099
[rosmaster.master][INFO] 2017-09-21 16:49:01,345: -SERVICE [/image/theora/set_parameters] /image_converter rosrpc://ubuntu:60099
[rosmaster.master][INFO] 2017-09-21 16:49:01,347: -SERVICE [/image/marked/compressedDepth/set_parameters] /view rosrpc://ubuntu:34044
[rosmaster.master][INFO] 2017-09-21 16:49:01,351: -SERVICE [/image/marked/compressed/set_parameters] /view rosrpc://ubuntu:34044
[rosmaster.master][INFO] 2017-09-21 16:49:01,353: -SERVICE [/image/marked/theora/set_parameters] /view rosrpc://ubuntu:34044
[rosmaster.master][INFO] 2017-09-21 16:49:01,354: -SERVICE [/view/change_mode] /view rosrpc://ubuntu:34044
[rosmaster.master][INFO] 2017-09-21 16:49:01,357: -SERVICE [/view/rectangle_mode] /view rosrpc://ubuntu:34044
[rosmaster.master][INFO] 2017-09-21 16:49:01,359: -SERVICE [/view/grabcut_mode] /view rosrpc://ubuntu:34044
[rosmaster.master][INFO] 2017-09-21 16:49:01,360: -SERVICE [/view/grabcut_rect_mode] /view rosrpc://ubuntu:34044
[rosmaster.master][INFO] 2017-09-21 16:49:01,360: -SERVICE [/view/line_mode] /view rosrpc://ubuntu:34044
[rosmaster.master][INFO] 2017-09-21 16:49:01,361: -SERVICE [/view/poly_mode] /view rosrpc://ubuntu:34044
[rosmaster.master][INFO] 2017-09-21 16:49:01,363: -SERVICE [/view/none_mode] /view rosrpc://ubuntu:34044
[rosmaster.master][INFO] 2017-09-21 16:49:01,365: -SERVICE [/view/set_parameters] /view rosrpc://ubuntu:34044
[rosmaster.master][INFO] 2017-09-21 16:49:01,369: publisherUpdate[/rosout] -> http://ubuntu:40200/ []
[rosmaster.master][INFO] 2017-09-21 16:49:01,369: publisherUpdate[/image] -> http://ubuntu:36754/ []
[rosmaster.master][INFO] 2017-09-21 16:49:01,372: publisherUpdate[/rosout] -> http://ubuntu:40200/ []: sec=0.00, result=[1, '', 0]
[rosmaster.master][INFO] 2017-09-21 16:49:01,373: publisherUpdate[/image] -> http://ubuntu:36754/ []: sec=0.00, exception=<Fault -1: 'publisherUpdate: unknown method name'>
[rosmaster.threadpool][ERROR] 2017-09-21 16:49:01,377: Traceback (most recent call last):
  File "/opt/ros/kinetic/lib/python2.7/dist-packages/rosmaster/threadpool.py", line 218, in run
    result = cmd(*args)
  File "/opt/ros/kinetic/lib/python2.7/dist-packages/rosmaster/master_api.py", line 210, in publisher_update_task
    ret = xmlrpcapi(api).publisherUpdate('/master', topic, pub_uris)
  File "/usr/lib/python2.7/xmlrpclib.py", line 1243, in __call__
    return self.__send(self.__name, args)
  File "/usr/lib/python2.7/xmlrpclib.py", line 1602, in __request
    verbose=self.__verbose
  File "/usr/lib/python2.7/xmlrpclib.py", line 1283, in request
    return self.single_request(host, handler, request_body, verbose)
  File "/usr/lib/python2.7/xmlrpclib.py", line 1316, in single_request
    return self.parse_response(response)
  File "/usr/lib/python2.7/xmlrpclib.py", line 1493, in parse_response
    return u.close()
  File "/usr/lib/python2.7/xmlrpclib.py", line 800, in close
    raise Fault(**self._stack[0])
Fault: <Fault -1: 'publisherUpdate: unknown method name'>

[rosmaster.master][INFO] 2017-09-21 16:49:01,772: -PUB [/rosout_agg] /rosout http://ubuntu:40200/
[rosmaster.master][INFO] 2017-09-21 16:49:01,773: -SUB [/rosout] /rosout http://ubuntu:40200/
[rosmaster.master][INFO] 2017-09-21 16:49:01,773: -SERVICE [/rosout/get_loggers] /rosout rosrpc://ubuntu:33001
[rosmaster.master][INFO] 2017-09-21 16:49:01,774: -SERVICE [/rosout/set_logger_level] /rosout rosrpc://ubuntu:33001
[rosmaster.main][INFO] 2017-09-21 16:49:01,797: keyboard interrupt, will exit
[rosmaster.main][INFO] 2017-09-21 16:49:01,797: stopping master...
[rospy.core][INFO] 2017-09-21 16:49:01,797: signal_shutdown [atexit]
