[rosmaster.main][INFO] 2017-10-04 18:02:41,789: initialization complete, waiting for shutdown
[rosmaster.main][INFO] 2017-10-04 18:02:41,789: Starting ROS Master Node
[xmlrpc][INFO] 2017-10-04 18:02:41,790: XML-RPC server binding to 0.0.0.0:11311
[xmlrpc][INFO] 2017-10-04 18:02:41,790: Started XML-RPC server [http://ubuntu:11311/]
[xmlrpc][INFO] 2017-10-04 18:02:41,790: xml rpc node: starting XML-RPC server
[rosmaster.master][INFO] 2017-10-04 18:02:41,791: Master initialized: port[11311], uri[http://ubuntu:11311/]
[rosmaster.master][INFO] 2017-10-04 18:02:41,848: +PARAM [/run_id] by /roslaunch
[rosmaster.master][INFO] 2017-10-04 18:02:41,851: +PARAM [/roslaunch/uris/host_ubuntu__43125] by /roslaunch
[rosmaster.master][INFO] 2017-10-04 18:02:41,936: +PARAM [/rosversion] by /roslaunch
[rosmaster.master][INFO] 2017-10-04 18:02:41,936: +PARAM [/rosdistro] by /roslaunch
[rosmaster.master][INFO] 2017-10-04 18:02:41,936: +PARAM [/camera/device_id] by /roslaunch
[rosmaster.master][INFO] 2017-10-04 18:02:41,962: +SERVICE [/rosout/get_loggers] /rosout http://ubuntu:43361/
[rosmaster.master][INFO] 2017-10-04 18:02:41,966: +SERVICE [/rosout/set_logger_level] /rosout http://ubuntu:43361/
[rosmaster.master][INFO] 2017-10-04 18:02:41,970: +PUB [/rosout_agg] /rosout http://ubuntu:43361/
[rosmaster.master][INFO] 2017-10-04 18:02:41,999: +SUB [/rosout] /rosout http://ubuntu:43361/
[rosmaster.master][INFO] 2017-10-04 18:02:42,070: +PUB [/rosout] /mask_orange http://ubuntu:39740/
[rosmaster.master][INFO] 2017-10-04 18:02:42,072: +SERVICE [/mask_orange/get_loggers] /mask_orange http://ubuntu:39740/
[rosmaster.master][INFO] 2017-10-04 18:02:42,074: +SERVICE [/mask_orange/set_logger_level] /mask_orange http://ubuntu:39740/
[rosmaster.master][INFO] 2017-10-04 18:02:42,091: publisherUpdate[/rosout] -> http://ubuntu:43361/ ['http://ubuntu:39740/']
[rosmaster.master][INFO] 2017-10-04 18:02:42,093: publisherUpdate[/rosout] -> http://ubuntu:43361/ ['http://ubuntu:39740/']: sec=0.00, result=[1, '', 0]
[rosmaster.master][INFO] 2017-10-04 18:02:42,136: +PUB [/rosout] /camera http://ubuntu:35625/
[rosmaster.master][INFO] 2017-10-04 18:02:42,137: +SERVICE [/camera/get_loggers] /camera http://ubuntu:35625/
[rosmaster.master][INFO] 2017-10-04 18:02:42,137: +SERVICE [/camera/set_logger_level] /camera http://ubuntu:35625/
[rosmaster.master][INFO] 2017-10-04 18:02:42,139: +PUB [/rosout] /view http://ubuntu:38262/
[rosmaster.master][INFO] 2017-10-04 18:02:42,140: +SERVICE [/view/get_loggers] /view http://ubuntu:38262/
[rosmaster.master][INFO] 2017-10-04 18:02:42,141: +SERVICE [/view/set_logger_level] /view http://ubuntu:38262/
[rosmaster.master][INFO] 2017-10-04 18:02:42,155: +SUB [/tf] /view http://ubuntu:38262/
[rosmaster.master][INFO] 2017-10-04 18:02:42,166: +SUB [/tf_static] /view http://ubuntu:38262/
[rosmaster.master][INFO] 2017-10-04 18:02:42,193: publisherUpdate[/rosout] -> http://ubuntu:43361/ ['http://ubuntu:39740/', 'http://ubuntu:35625/']
[rosmaster.master][INFO] 2017-10-04 18:02:42,194: publisherUpdate[/rosout] -> http://ubuntu:43361/ ['http://ubuntu:39740/', 'http://ubuntu:35625/']: sec=0.00, result=[1, '', 0]
[rosmaster.master][INFO] 2017-10-04 18:02:42,194: publisherUpdate[/rosout] -> http://ubuntu:43361/ ['http://ubuntu:39740/', 'http://ubuntu:35625/', 'http://ubuntu:38262/']
[rosmaster.master][INFO] 2017-10-04 18:02:42,194: publisherUpdate[/rosout] -> http://ubuntu:43361/ ['http://ubuntu:39740/', 'http://ubuntu:35625/', 'http://ubuntu:38262/']: sec=0.00, result=[1, '', 0]
[rosmaster.master][INFO] 2017-10-04 18:02:42,209: +SERVICE [/camera/set_camera_info] /camera http://ubuntu:35625/
[rosmaster.master][INFO] 2017-10-04 18:02:42,220: +SUB [/camera/image_raw] /mask_orange http://ubuntu:39740/
[rosmaster.master][INFO] 2017-10-04 18:02:42,224: +PUB [/image/screenpoint] /view http://ubuntu:38262/
[rosmaster.master][INFO] 2017-10-04 18:02:42,225: +PUB [/image/screenpoint_array] /view http://ubuntu:38262/
[rosmaster.master][INFO] 2017-10-04 18:02:42,226: +PUB [/image/screenrectangle] /view http://ubuntu:38262/
[rosmaster.master][INFO] 2017-10-04 18:02:42,226: +PUB [/image/screenrectangle_image] /view http://ubuntu:38262/
[rosmaster.master][INFO] 2017-10-04 18:02:42,228: +PUB [/image/movepoint] /view http://ubuntu:38262/
[rosmaster.master][INFO] 2017-10-04 18:02:42,229: +PUB [/image/foreground] /view http://ubuntu:38262/
[rosmaster.master][INFO] 2017-10-04 18:02:42,232: +PUB [/image/background] /view http://ubuntu:38262/
[rosmaster.master][INFO] 2017-10-04 18:02:42,232: +PUB [/image/foreground_rect] /view http://ubuntu:38262/
[rosmaster.master][INFO] 2017-10-04 18:02:42,233: +PUB [/image/background_rect] /view http://ubuntu:38262/
[rosmaster.master][INFO] 2017-10-04 18:02:42,236: +PUB [/image/line] /view http://ubuntu:38262/
[rosmaster.master][INFO] 2017-10-04 18:02:42,236: +PUB [/image/poly] /view http://ubuntu:38262/
[rosmaster.master][INFO] 2017-10-04 18:02:42,286: +PUB [/image/compressedDepth] /mask_orange http://ubuntu:39740/
[rosmaster.master][INFO] 2017-10-04 18:02:42,287: +SERVICE [/image/compressedDepth/set_parameters] /mask_orange http://ubuntu:39740/
[rosmaster.master][INFO] 2017-10-04 18:02:42,288: +PUB [/image/compressedDepth/parameter_descriptions] /mask_orange http://ubuntu:39740/
[rosmaster.master][INFO] 2017-10-04 18:02:42,289: +PUB [/image/compressedDepth/parameter_updates] /mask_orange http://ubuntu:39740/
[rosmaster.master][INFO] 2017-10-04 18:02:42,293: +PARAM [/image/compressedDepth/depth_max] by /mask_orange
[rosmaster.master][INFO] 2017-10-04 18:02:42,295: +PARAM [/image/compressedDepth/depth_quantization] by /mask_orange
[rosmaster.master][INFO] 2017-10-04 18:02:42,298: +PARAM [/image/compressedDepth/png_level] by /mask_orange
[rosmaster.master][INFO] 2017-10-04 18:02:42,301: +PARAM [/image/compressedDepth/depth_max] by /mask_orange
[rosmaster.master][INFO] 2017-10-04 18:02:42,302: +PARAM [/image/compressedDepth/depth_quantization] by /mask_orange
[rosmaster.master][INFO] 2017-10-04 18:02:42,303: +PARAM [/image/compressedDepth/png_level] by /mask_orange
[rosmaster.master][INFO] 2017-10-04 18:02:42,316: +PUB [/image_marked/compressedDepth] /view http://ubuntu:38262/
[rosmaster.master][INFO] 2017-10-04 18:02:42,319: +SERVICE [/image_marked/compressedDepth/set_parameters] /view http://ubuntu:38262/
[rosmaster.master][INFO] 2017-10-04 18:02:42,320: +PUB [/image_marked/compressedDepth/parameter_descriptions] /view http://ubuntu:38262/
[rosmaster.master][INFO] 2017-10-04 18:02:42,321: +PUB [/image_marked/compressedDepth/parameter_updates] /view http://ubuntu:38262/
[rosmaster.master][INFO] 2017-10-04 18:02:42,323: +PARAM [/image_marked/compressedDepth/depth_max] by /view
[rosmaster.master][INFO] 2017-10-04 18:02:42,324: +PARAM [/image_marked/compressedDepth/depth_quantization] by /view
[rosmaster.master][INFO] 2017-10-04 18:02:42,330: +PARAM [/image_marked/compressedDepth/png_level] by /view
[rosmaster.master][INFO] 2017-10-04 18:02:42,333: +PARAM [/image_marked/compressedDepth/depth_max] by /view
[rosmaster.master][INFO] 2017-10-04 18:02:42,337: +PARAM [/image_marked/compressedDepth/depth_quantization] by /view
[rosmaster.master][INFO] 2017-10-04 18:02:42,338: +PARAM [/image_marked/compressedDepth/png_level] by /view
[rosmaster.master][INFO] 2017-10-04 18:02:42,388: +PUB [/image/compressed] /mask_orange http://ubuntu:39740/
[rosmaster.master][INFO] 2017-10-04 18:02:42,389: +SERVICE [/image/compressed/set_parameters] /mask_orange http://ubuntu:39740/
[rosmaster.master][INFO] 2017-10-04 18:02:42,390: +PUB [/image/compressed/parameter_descriptions] /mask_orange http://ubuntu:39740/
[rosmaster.master][INFO] 2017-10-04 18:02:42,391: +PUB [/image/compressed/parameter_updates] /mask_orange http://ubuntu:39740/
[rosmaster.master][INFO] 2017-10-04 18:02:42,396: +PARAM [/image/compressed/format] by /mask_orange
[rosmaster.master][INFO] 2017-10-04 18:02:42,399: +PARAM [/image/compressed/jpeg_quality] by /mask_orange
[rosmaster.master][INFO] 2017-10-04 18:02:42,405: +PARAM [/image/compressed/png_level] by /mask_orange
[rosmaster.master][INFO] 2017-10-04 18:02:42,410: +PARAM [/image/compressed/format] by /mask_orange
[rosmaster.master][INFO] 2017-10-04 18:02:42,411: +PARAM [/image/compressed/jpeg_quality] by /mask_orange
[rosmaster.master][INFO] 2017-10-04 18:02:42,413: +PARAM [/image/compressed/png_level] by /mask_orange
[rosmaster.master][INFO] 2017-10-04 18:02:42,421: +PUB [/camera/image_raw/compressedDepth] /camera http://ubuntu:35625/
[rosmaster.master][INFO] 2017-10-04 18:02:42,424: +SERVICE [/camera/image_raw/compressedDepth/set_parameters] /camera http://ubuntu:35625/
[rosmaster.master][INFO] 2017-10-04 18:02:42,425: +PUB [/camera/image_raw/compressedDepth/parameter_descriptions] /camera http://ubuntu:35625/
[rosmaster.master][INFO] 2017-10-04 18:02:42,426: +PUB [/camera/image_raw/compressedDepth/parameter_updates] /camera http://ubuntu:35625/
[rosmaster.master][INFO] 2017-10-04 18:02:42,432: +PUB [/image_marked/compressed] /view http://ubuntu:38262/
[rosmaster.master][INFO] 2017-10-04 18:02:42,433: +SERVICE [/image_marked/compressed/set_parameters] /view http://ubuntu:38262/
[rosmaster.master][INFO] 2017-10-04 18:02:42,435: +PUB [/image_marked/compressed/parameter_descriptions] /view http://ubuntu:38262/
[rosmaster.master][INFO] 2017-10-04 18:02:42,437: +PARAM [/camera/image_raw/compressedDepth/depth_max] by /camera
[rosmaster.master][INFO] 2017-10-04 18:02:42,438: +PUB [/image_marked/compressed/parameter_updates] /view http://ubuntu:38262/
[rosmaster.master][INFO] 2017-10-04 18:02:42,441: +PARAM [/camera/image_raw/compressedDepth/depth_quantization] by /camera
[rosmaster.master][INFO] 2017-10-04 18:02:42,442: +PARAM [/camera/image_raw/compressedDepth/png_level] by /camera
[rosmaster.master][INFO] 2017-10-04 18:02:42,445: +PARAM [/camera/image_raw/compressedDepth/depth_max] by /camera
[rosmaster.master][INFO] 2017-10-04 18:02:42,449: +PARAM [/camera/image_raw/compressedDepth/depth_quantization] by /camera
[rosmaster.master][INFO] 2017-10-04 18:02:42,450: +PARAM [/image_marked/compressed/format] by /view
[rosmaster.master][INFO] 2017-10-04 18:02:42,451: +PARAM [/camera/image_raw/compressedDepth/png_level] by /camera
[rosmaster.master][INFO] 2017-10-04 18:02:42,457: +PARAM [/image_marked/compressed/jpeg_quality] by /view
[rosmaster.master][INFO] 2017-10-04 18:02:42,461: +PARAM [/image_marked/compressed/png_level] by /view
[rosmaster.master][INFO] 2017-10-04 18:02:42,462: +PARAM [/image_marked/compressed/format] by /view
[rosmaster.master][INFO] 2017-10-04 18:02:42,463: +PARAM [/image_marked/compressed/jpeg_quality] by /view
[rosmaster.master][INFO] 2017-10-04 18:02:42,463: +PARAM [/image_marked/compressed/png_level] by /view
[rosmaster.master][INFO] 2017-10-04 18:02:42,496: +PUB [/image] /mask_orange http://ubuntu:39740/
[rosmaster.master][INFO] 2017-10-04 18:02:42,538: +PUB [/camera/image_raw/compressed] /camera http://ubuntu:35625/
[rosmaster.master][INFO] 2017-10-04 18:02:42,539: +SERVICE [/camera/image_raw/compressed/set_parameters] /camera http://ubuntu:35625/
[rosmaster.master][INFO] 2017-10-04 18:02:42,540: +PUB [/camera/image_raw/compressed/parameter_descriptions] /camera http://ubuntu:35625/
[rosmaster.master][INFO] 2017-10-04 18:02:42,544: +PUB [/camera/image_raw/compressed/parameter_updates] /camera http://ubuntu:35625/
[rosmaster.master][INFO] 2017-10-04 18:02:42,547: +PARAM [/camera/image_raw/compressed/format] by /camera
[rosmaster.master][INFO] 2017-10-04 18:02:42,547: +PARAM [/camera/image_raw/compressed/jpeg_quality] by /camera
[rosmaster.master][INFO] 2017-10-04 18:02:42,549: +PARAM [/camera/image_raw/compressed/png_level] by /camera
[rosmaster.master][INFO] 2017-10-04 18:02:42,550: +PARAM [/camera/image_raw/compressed/format] by /camera
[rosmaster.master][INFO] 2017-10-04 18:02:42,554: +PARAM [/camera/image_raw/compressed/jpeg_quality] by /camera
[rosmaster.master][INFO] 2017-10-04 18:02:42,556: +PARAM [/camera/image_raw/compressed/png_level] by /camera
[rosmaster.master][INFO] 2017-10-04 18:02:42,564: +PUB [/image_marked] /view http://ubuntu:38262/
[rosmaster.master][INFO] 2017-10-04 18:02:42,591: +PUB [/image/theora] /mask_orange http://ubuntu:39740/
[rosmaster.master][INFO] 2017-10-04 18:02:42,592: +SERVICE [/image/theora/set_parameters] /mask_orange http://ubuntu:39740/
[rosmaster.master][INFO] 2017-10-04 18:02:42,596: +PUB [/image/theora/parameter_descriptions] /mask_orange http://ubuntu:39740/
[rosmaster.master][INFO] 2017-10-04 18:02:42,597: +PUB [/image/theora/parameter_updates] /mask_orange http://ubuntu:39740/
[rosmaster.master][INFO] 2017-10-04 18:02:42,600: +PARAM [/image/theora/optimize_for] by /mask_orange
[rosmaster.master][INFO] 2017-10-04 18:02:42,605: +PARAM [/image/theora/target_bitrate] by /mask_orange
[rosmaster.master][INFO] 2017-10-04 18:02:42,606: +PARAM [/image/theora/quality] by /mask_orange
[rosmaster.master][INFO] 2017-10-04 18:02:42,607: +PARAM [/image/theora/keyframe_frequency] by /mask_orange
[rosmaster.master][INFO] 2017-10-04 18:02:42,609: +PARAM [/image/theora/optimize_for] by /mask_orange
[rosmaster.master][INFO] 2017-10-04 18:02:42,609: +PARAM [/image/theora/target_bitrate] by /mask_orange
[rosmaster.master][INFO] 2017-10-04 18:02:42,613: +PARAM [/image/theora/quality] by /mask_orange
[rosmaster.master][INFO] 2017-10-04 18:02:42,617: +PARAM [/image/theora/keyframe_frequency] by /mask_orange
[rosmaster.master][INFO] 2017-10-04 18:02:42,634: +PUB [/camera/image_raw] /camera http://ubuntu:35625/
[rosmaster.master][INFO] 2017-10-04 18:02:42,642: +PUB [/image_marked/theora] /view http://ubuntu:38262/
[rosmaster.master][INFO] 2017-10-04 18:02:42,642: +SERVICE [/image_marked/theora/set_parameters] /view http://ubuntu:38262/
[rosmaster.master][INFO] 2017-10-04 18:02:42,643: +PUB [/image_marked/theora/parameter_descriptions] /view http://ubuntu:38262/
[rosmaster.master][INFO] 2017-10-04 18:02:42,644: +PUB [/image_marked/theora/parameter_updates] /view http://ubuntu:38262/
[rosmaster.master][INFO] 2017-10-04 18:02:42,648: +PARAM [/image_marked/theora/optimize_for] by /view
[rosmaster.master][INFO] 2017-10-04 18:02:42,653: +PARAM [/image_marked/theora/target_bitrate] by /view
[rosmaster.master][INFO] 2017-10-04 18:02:42,653: +PARAM [/image_marked/theora/quality] by /view
[rosmaster.master][INFO] 2017-10-04 18:02:42,654: +PARAM [/image_marked/theora/keyframe_frequency] by /view
[rosmaster.master][INFO] 2017-10-04 18:02:42,655: +PARAM [/image_marked/theora/optimize_for] by /view
[rosmaster.master][INFO] 2017-10-04 18:02:42,656: +PARAM [/image_marked/theora/target_bitrate] by /view
[rosmaster.master][INFO] 2017-10-04 18:02:42,656: +PARAM [/image_marked/theora/quality] by /view
[rosmaster.master][INFO] 2017-10-04 18:02:42,659: +PARAM [/image_marked/theora/keyframe_frequency] by /view
[rosmaster.master][INFO] 2017-10-04 18:02:42,696: publisherUpdate[/camera/image_raw] -> http://ubuntu:39740/ ['http://ubuntu:35625/']
[rosmaster.master][INFO] 2017-10-04 18:02:42,697: publisherUpdate[/camera/image_raw] -> http://ubuntu:39740/ ['http://ubuntu:35625/']: sec=0.00, result=[1, '', 0]
[rosmaster.master][INFO] 2017-10-04 18:02:42,701: +PUB [/camera/image_raw/theora] /camera http://ubuntu:35625/
[rosmaster.master][INFO] 2017-10-04 18:02:42,701: +SERVICE [/camera/image_raw/theora/set_parameters] /camera http://ubuntu:35625/
[rosmaster.master][INFO] 2017-10-04 18:02:42,702: +PUB [/camera/image_raw/theora/parameter_descriptions] /camera http://ubuntu:35625/
[rosmaster.master][INFO] 2017-10-04 18:02:42,703: +PUB [/camera/image_raw/theora/parameter_updates] /camera http://ubuntu:35625/
[rosmaster.master][INFO] 2017-10-04 18:02:42,705: +PARAM [/camera/image_raw/theora/optimize_for] by /camera
[rosmaster.master][INFO] 2017-10-04 18:02:42,706: +PARAM [/camera/image_raw/theora/target_bitrate] by /camera
[rosmaster.master][INFO] 2017-10-04 18:02:42,707: +PARAM [/camera/image_raw/theora/quality] by /camera
[rosmaster.master][INFO] 2017-10-04 18:02:42,709: +PARAM [/camera/image_raw/theora/keyframe_frequency] by /camera
[rosmaster.master][INFO] 2017-10-04 18:02:42,710: +PARAM [/camera/image_raw/theora/optimize_for] by /camera
[rosmaster.master][INFO] 2017-10-04 18:02:42,713: +PARAM [/camera/image_raw/theora/target_bitrate] by /camera
[rosmaster.master][INFO] 2017-10-04 18:02:42,713: +PARAM [/camera/image_raw/theora/quality] by /camera
[rosmaster.master][INFO] 2017-10-04 18:02:42,715: +PUB [/image/marked/compressedDepth] /view http://ubuntu:38262/
[rosmaster.master][INFO] 2017-10-04 18:02:42,716: +PARAM [/camera/image_raw/theora/keyframe_frequency] by /camera
[rosmaster.master][INFO] 2017-10-04 18:02:42,717: +SERVICE [/image/marked/compressedDepth/set_parameters] /view http://ubuntu:38262/
[rosmaster.master][INFO] 2017-10-04 18:02:42,718: +PUB [/camera/camera_info] /camera http://ubuntu:35625/
[rosmaster.master][INFO] 2017-10-04 18:02:42,718: +PUB [/image/marked/compressedDepth/parameter_descriptions] /view http://ubuntu:38262/
[rosmaster.master][INFO] 2017-10-04 18:02:42,720: +PUB [/image/marked/compressedDepth/parameter_updates] /view http://ubuntu:38262/
[rosmaster.master][INFO] 2017-10-04 18:02:42,726: +PARAM [/image/marked/compressedDepth/depth_max] by /view
[rosmaster.master][INFO] 2017-10-04 18:02:42,728: +PARAM [/image/marked/compressedDepth/depth_quantization] by /view
[rosmaster.master][INFO] 2017-10-04 18:02:42,730: +PARAM [/image/marked/compressedDepth/png_level] by /view
[rosmaster.master][INFO] 2017-10-04 18:02:42,731: +PARAM [/image/marked/compressedDepth/depth_max] by /view
[rosmaster.master][INFO] 2017-10-04 18:02:42,732: +PARAM [/image/marked/compressedDepth/depth_quantization] by /view
[rosmaster.master][INFO] 2017-10-04 18:02:42,734: +PARAM [/image/marked/compressedDepth/png_level] by /view
[rosmaster.master][INFO] 2017-10-04 18:02:43,213: +PUB [/image/marked/compressed] /view http://ubuntu:38262/
[rosmaster.master][INFO] 2017-10-04 18:02:43,214: +SERVICE [/image/marked/compressed/set_parameters] /view http://ubuntu:38262/
[rosmaster.master][INFO] 2017-10-04 18:02:43,215: +PUB [/image/marked/compressed/parameter_descriptions] /view http://ubuntu:38262/
[rosmaster.master][INFO] 2017-10-04 18:02:43,215: +PUB [/image/marked/compressed/parameter_updates] /view http://ubuntu:38262/
[rosmaster.master][INFO] 2017-10-04 18:02:43,218: +PARAM [/image/marked/compressed/format] by /view
[rosmaster.master][INFO] 2017-10-04 18:02:43,218: +PARAM [/image/marked/compressed/jpeg_quality] by /view
[rosmaster.master][INFO] 2017-10-04 18:02:43,219: +PARAM [/image/marked/compressed/png_level] by /view
[rosmaster.master][INFO] 2017-10-04 18:02:43,220: +PARAM [/image/marked/compressed/format] by /view
[rosmaster.master][INFO] 2017-10-04 18:02:43,220: +PARAM [/image/marked/compressed/jpeg_quality] by /view
[rosmaster.master][INFO] 2017-10-04 18:02:43,221: +PARAM [/image/marked/compressed/png_level] by /view
[rosmaster.master][INFO] 2017-10-04 18:02:43,252: +PUB [/image/marked] /view http://ubuntu:38262/
[rosmaster.master][INFO] 2017-10-04 18:02:43,281: +PUB [/image/marked/theora] /view http://ubuntu:38262/
[rosmaster.master][INFO] 2017-10-04 18:02:43,282: +SERVICE [/image/marked/theora/set_parameters] /view http://ubuntu:38262/
[rosmaster.master][INFO] 2017-10-04 18:02:43,283: +PUB [/image/marked/theora/parameter_descriptions] /view http://ubuntu:38262/
[rosmaster.master][INFO] 2017-10-04 18:02:43,284: +PUB [/image/marked/theora/parameter_updates] /view http://ubuntu:38262/
[rosmaster.master][INFO] 2017-10-04 18:02:43,286: +PARAM [/image/marked/theora/optimize_for] by /view
[rosmaster.master][INFO] 2017-10-04 18:02:43,287: +PARAM [/image/marked/theora/target_bitrate] by /view
[rosmaster.master][INFO] 2017-10-04 18:02:43,291: +PARAM [/image/marked/theora/quality] by /view
[rosmaster.master][INFO] 2017-10-04 18:02:43,292: +PARAM [/image/marked/theora/keyframe_frequency] by /view
[rosmaster.master][INFO] 2017-10-04 18:02:43,293: +PARAM [/image/marked/theora/optimize_for] by /view
[rosmaster.master][INFO] 2017-10-04 18:02:43,294: +PARAM [/image/marked/theora/target_bitrate] by /view
[rosmaster.master][INFO] 2017-10-04 18:02:43,294: +PARAM [/image/marked/theora/quality] by /view
[rosmaster.master][INFO] 2017-10-04 18:02:43,295: +PARAM [/image/marked/theora/keyframe_frequency] by /view
[rosmaster.master][INFO] 2017-10-04 18:02:43,325: +SUB [/image] /view http://ubuntu:38262/
[rosmaster.master][INFO] 2017-10-04 18:02:43,336: +SUB [/camera_info] /view http://ubuntu:38262/
[rosmaster.master][INFO] 2017-10-04 18:02:43,341: +SUB [/image_marker] /view http://ubuntu:38262/
[rosmaster.master][INFO] 2017-10-04 18:02:43,344: +SUB [/image/event] /view http://ubuntu:38262/
[rosmaster.master][INFO] 2017-10-04 18:02:43,345: +SERVICE [/view/change_mode] /view http://ubuntu:38262/
[rosmaster.master][INFO] 2017-10-04 18:02:43,346: +SERVICE [/view/rectangle_mode] /view http://ubuntu:38262/
[rosmaster.master][INFO] 2017-10-04 18:02:43,346: +SERVICE [/view/grabcut_mode] /view http://ubuntu:38262/
[rosmaster.master][INFO] 2017-10-04 18:02:43,347: +SERVICE [/view/grabcut_rect_mode] /view http://ubuntu:38262/
[rosmaster.master][INFO] 2017-10-04 18:02:43,348: +SERVICE [/view/line_mode] /view http://ubuntu:38262/
[rosmaster.master][INFO] 2017-10-04 18:02:43,348: +SERVICE [/view/poly_mode] /view http://ubuntu:38262/
[rosmaster.master][INFO] 2017-10-04 18:02:43,349: +SERVICE [/view/none_mode] /view http://ubuntu:38262/
[rosmaster.master][INFO] 2017-10-04 18:02:43,350: +SERVICE [/view/set_parameters] /view http://ubuntu:38262/
[rosmaster.master][INFO] 2017-10-04 18:02:43,351: +PUB [/view/parameter_descriptions] /view http://ubuntu:38262/
[rosmaster.master][INFO] 2017-10-04 18:02:43,351: +PUB [/view/parameter_updates] /view http://ubuntu:38262/
[rosmaster.master][INFO] 2017-10-04 18:02:43,356: +PARAM [/view/grid] by /view
[rosmaster.master][INFO] 2017-10-04 18:02:43,357: +PARAM [/view/fisheye_mode] by /view
[rosmaster.master][INFO] 2017-10-04 18:02:43,358: +PARAM [/view/div_u] by /view
[rosmaster.master][INFO] 2017-10-04 18:02:43,358: +PARAM [/view/div_v] by /view
[rosmaster.master][INFO] 2017-10-04 18:02:43,359: +PARAM [/view/grid_red] by /view
[rosmaster.master][INFO] 2017-10-04 18:02:43,360: +PARAM [/view/grid_green] by /view
[rosmaster.master][INFO] 2017-10-04 18:02:43,360: +PARAM [/view/grid_blue] by /view
[rosmaster.master][INFO] 2017-10-04 18:02:43,361: +PARAM [/view/grid_thickness] by /view
[rosmaster.master][INFO] 2017-10-04 18:02:43,362: +PARAM [/view/grid_space] by /view
[rosmaster.master][INFO] 2017-10-04 18:02:43,362: +PARAM [/view/grid] by /view
[rosmaster.master][INFO] 2017-10-04 18:02:43,363: +PARAM [/view/fisheye_mode] by /view
[rosmaster.master][INFO] 2017-10-04 18:02:43,364: +PARAM [/view/div_u] by /view
[rosmaster.master][INFO] 2017-10-04 18:02:43,364: +PARAM [/view/div_v] by /view
[rosmaster.master][INFO] 2017-10-04 18:02:43,365: +PARAM [/view/grid_red] by /view
[rosmaster.master][INFO] 2017-10-04 18:02:43,366: +PARAM [/view/grid_green] by /view
[rosmaster.master][INFO] 2017-10-04 18:02:43,366: +PARAM [/view/grid_blue] by /view
[rosmaster.master][INFO] 2017-10-04 18:02:43,367: +PARAM [/view/grid_thickness] by /view
[rosmaster.master][INFO] 2017-10-04 18:02:43,367: +PARAM [/view/grid_space] by /view
[rosmaster.master][INFO] 2017-10-04 18:03:29,565: -PUB [/rosout] /camera http://ubuntu:35625/
[rosmaster.master][INFO] 2017-10-04 18:03:29,569: -PUB [/camera/image_raw/compressedDepth] /camera http://ubuntu:35625/
[rosmaster.master][INFO] 2017-10-04 18:03:29,570: -PUB [/camera/image_raw/compressedDepth/parameter_descriptions] /camera http://ubuntu:35625/
[rosmaster.master][INFO] 2017-10-04 18:03:29,571: -PUB [/camera/image_raw/compressedDepth/parameter_updates] /camera http://ubuntu:35625/
[rosmaster.master][INFO] 2017-10-04 18:03:29,575: -PUB [/camera/image_raw/compressed] /camera http://ubuntu:35625/
[rosmaster.master][INFO] 2017-10-04 18:03:29,577: -PUB [/camera/image_raw/compressed/parameter_descriptions] /camera http://ubuntu:35625/
[rosmaster.master][INFO] 2017-10-04 18:03:29,577: -PUB [/camera/image_raw/compressed/parameter_updates] /camera http://ubuntu:35625/
[rosmaster.master][INFO] 2017-10-04 18:03:29,580: -PUB [/camera/image_raw] /camera http://ubuntu:35625/
[rosmaster.master][INFO] 2017-10-04 18:03:29,580: -PUB [/camera/image_raw/theora] /camera http://ubuntu:35625/
[rosmaster.master][INFO] 2017-10-04 18:03:29,583: -PUB [/camera/image_raw/theora/parameter_descriptions] /camera http://ubuntu:35625/
[rosmaster.master][INFO] 2017-10-04 18:03:29,585: -PUB [/camera/image_raw/theora/parameter_updates] /camera http://ubuntu:35625/
[rosmaster.master][INFO] 2017-10-04 18:03:29,585: -PUB [/camera/camera_info] /camera http://ubuntu:35625/
[rosmaster.master][INFO] 2017-10-04 18:03:29,589: -SERVICE [/camera/get_loggers] /camera rosrpc://ubuntu:58572
[rosmaster.master][INFO] 2017-10-04 18:03:29,589: -SERVICE [/camera/set_logger_level] /camera rosrpc://ubuntu:58572
[rosmaster.master][INFO] 2017-10-04 18:03:29,595: -SERVICE [/camera/set_camera_info] /camera rosrpc://ubuntu:58572
[rosmaster.master][INFO] 2017-10-04 18:03:29,595: -SERVICE [/camera/image_raw/compressedDepth/set_parameters] /camera rosrpc://ubuntu:58572
[rosmaster.master][INFO] 2017-10-04 18:03:29,596: -SERVICE [/camera/image_raw/compressed/set_parameters] /camera rosrpc://ubuntu:58572
[rosmaster.master][INFO] 2017-10-04 18:03:29,597: -SERVICE [/camera/image_raw/theora/set_parameters] /camera rosrpc://ubuntu:58572
[rosmaster.master][INFO] 2017-10-04 18:03:29,606: publisherUpdate[/rosout] -> http://ubuntu:43361/ ['http://ubuntu:39740/', 'http://ubuntu:38262/']
[rosmaster.master][INFO] 2017-10-04 18:03:29,607: publisherUpdate[/camera/image_raw] -> http://ubuntu:39740/ []
[rosmaster.master][INFO] 2017-10-04 18:03:29,607: publisherUpdate[/rosout] -> http://ubuntu:43361/ ['http://ubuntu:39740/', 'http://ubuntu:38262/']: sec=0.00, result=[1, '', 0]
[rosmaster.master][INFO] 2017-10-04 18:03:29,610: publisherUpdate[/camera/image_raw] -> http://ubuntu:39740/ []: sec=0.00, result=[0, 'Unknown Error', 0]
[rosmaster.master][INFO] 2017-10-04 18:03:29,697: -PUB [/rosout] /view http://ubuntu:38262/
[rosmaster.master][INFO] 2017-10-04 18:03:29,698: -PUB [/image/screenpoint] /view http://ubuntu:38262/
[rosmaster.master][INFO] 2017-10-04 18:03:29,699: -PUB [/image/screenpoint_array] /view http://ubuntu:38262/
[rosmaster.master][INFO] 2017-10-04 18:03:29,700: -PUB [/image/screenrectangle] /view http://ubuntu:38262/
[rosmaster.master][INFO] 2017-10-04 18:03:29,703: -PUB [/image/screenrectangle_image] /view http://ubuntu:38262/
[rosmaster.master][INFO] 2017-10-04 18:03:29,705: -PUB [/image/movepoint] /view http://ubuntu:38262/
[rosmaster.master][INFO] 2017-10-04 18:03:29,707: -PUB [/image/foreground] /view http://ubuntu:38262/
[rosmaster.master][INFO] 2017-10-04 18:03:29,708: publisherUpdate[/rosout] -> http://ubuntu:43361/ ['http://ubuntu:39740/']
[rosmaster.master][INFO] 2017-10-04 18:03:29,708: publisherUpdate[/rosout] -> http://ubuntu:43361/ ['http://ubuntu:39740/']: sec=0.00, result=[1, '', 0]
[rosmaster.master][INFO] 2017-10-04 18:03:29,713: -PUB [/image/background] /view http://ubuntu:38262/
[rosmaster.master][INFO] 2017-10-04 18:03:29,713: -PUB [/image/foreground_rect] /view http://ubuntu:38262/
[rosmaster.master][INFO] 2017-10-04 18:03:29,716: -PUB [/image/background_rect] /view http://ubuntu:38262/
[rosmaster.master][INFO] 2017-10-04 18:03:29,717: -PUB [/image/line] /view http://ubuntu:38262/
[rosmaster.master][INFO] 2017-10-04 18:03:29,718: -PUB [/image/poly] /view http://ubuntu:38262/
[rosmaster.master][INFO] 2017-10-04 18:03:29,720: -PUB [/image_marked/compressedDepth] /view http://ubuntu:38262/
[rosmaster.master][INFO] 2017-10-04 18:03:29,721: -PUB [/rosout] /mask_orange http://ubuntu:39740/
[rosmaster.master][INFO] 2017-10-04 18:03:29,725: -PUB [/image/compressedDepth] /mask_orange http://ubuntu:39740/
[rosmaster.master][INFO] 2017-10-04 18:03:29,727: -PUB [/image_marked/compressedDepth/parameter_descriptions] /view http://ubuntu:38262/
[rosmaster.master][INFO] 2017-10-04 18:03:29,728: -PUB [/image_marked/compressedDepth/parameter_updates] /view http://ubuntu:38262/
[rosmaster.master][INFO] 2017-10-04 18:03:29,729: -PUB [/image_marked/compressed] /view http://ubuntu:38262/
[rosmaster.master][INFO] 2017-10-04 18:03:29,731: -PUB [/image_marked/compressed/parameter_descriptions] /view http://ubuntu:38262/
[rosmaster.master][INFO] 2017-10-04 18:03:29,733: -PUB [/image/compressedDepth/parameter_descriptions] /mask_orange http://ubuntu:39740/
[rosmaster.master][INFO] 2017-10-04 18:03:29,735: -PUB [/image/compressedDepth/parameter_updates] /mask_orange http://ubuntu:39740/
[rosmaster.master][INFO] 2017-10-04 18:03:29,740: -PUB [/image_marked/compressed/parameter_updates] /view http://ubuntu:38262/
[rosmaster.master][INFO] 2017-10-04 18:03:29,744: -PUB [/image/compressed] /mask_orange http://ubuntu:39740/
[rosmaster.master][INFO] 2017-10-04 18:03:29,749: -PUB [/image_marked] /view http://ubuntu:38262/
[rosmaster.master][INFO] 2017-10-04 18:03:29,753: -PUB [/image/compressed/parameter_descriptions] /mask_orange http://ubuntu:39740/
[rosmaster.master][INFO] 2017-10-04 18:03:29,754: -PUB [/image/compressed/parameter_updates] /mask_orange http://ubuntu:39740/
[rosmaster.master][INFO] 2017-10-04 18:03:29,754: -PUB [/image] /mask_orange http://ubuntu:39740/
[rosmaster.master][INFO] 2017-10-04 18:03:29,755: -PUB [/image/theora] /mask_orange http://ubuntu:39740/
[rosmaster.master][INFO] 2017-10-04 18:03:29,756: -PUB [/image/theora/parameter_descriptions] /mask_orange http://ubuntu:39740/
[rosmaster.master][INFO] 2017-10-04 18:03:29,757: -PUB [/image/theora/parameter_updates] /mask_orange http://ubuntu:39740/
[rosmaster.master][INFO] 2017-10-04 18:03:29,758: -PUB [/image_marked/theora] /view http://ubuntu:38262/
[rosmaster.master][INFO] 2017-10-04 18:03:29,761: -SUB [/camera/image_raw] /mask_orange http://ubuntu:39740/
[rosmaster.master][INFO] 2017-10-04 18:03:29,763: -PUB [/image_marked/theora/parameter_descriptions] /view http://ubuntu:38262/
[rosmaster.master][INFO] 2017-10-04 18:03:29,765: -PUB [/image_marked/theora/parameter_updates] /view http://ubuntu:38262/
[rosmaster.master][INFO] 2017-10-04 18:03:29,769: -PUB [/image/marked/compressedDepth] /view http://ubuntu:38262/
[rosmaster.master][INFO] 2017-10-04 18:03:29,775: -SERVICE [/mask_orange/get_loggers] /mask_orange rosrpc://ubuntu:46037
[rosmaster.master][INFO] 2017-10-04 18:03:29,776: -PUB [/image/marked/compressedDepth/parameter_descriptions] /view http://ubuntu:38262/
[rosmaster.master][INFO] 2017-10-04 18:03:29,781: -PUB [/image/marked/compressedDepth/parameter_updates] /view http://ubuntu:38262/
[rosmaster.master][INFO] 2017-10-04 18:03:29,782: -SERVICE [/mask_orange/set_logger_level] /mask_orange rosrpc://ubuntu:46037
[rosmaster.master][INFO] 2017-10-04 18:03:29,782: -SERVICE [/image/compressedDepth/set_parameters] /mask_orange rosrpc://ubuntu:46037
[rosmaster.master][INFO] 2017-10-04 18:03:29,785: -SERVICE [/image/compressed/set_parameters] /mask_orange rosrpc://ubuntu:46037
[rosmaster.master][INFO] 2017-10-04 18:03:29,787: -PUB [/image/marked/compressed] /view http://ubuntu:38262/
[rosmaster.master][INFO] 2017-10-04 18:03:29,789: -SERVICE [/image/theora/set_parameters] /mask_orange rosrpc://ubuntu:46037
[rosmaster.master][INFO] 2017-10-04 18:03:29,791: -PUB [/image/marked/compressed/parameter_descriptions] /view http://ubuntu:38262/
[rosmaster.master][INFO] 2017-10-04 18:03:29,793: -PUB [/image/marked/compressed/parameter_updates] /view http://ubuntu:38262/
[rosmaster.master][INFO] 2017-10-04 18:03:29,795: -PUB [/image/marked] /view http://ubuntu:38262/
[rosmaster.master][INFO] 2017-10-04 18:03:29,797: -PUB [/image/marked/theora] /view http://ubuntu:38262/
[rosmaster.master][INFO] 2017-10-04 18:03:29,799: -PUB [/image/marked/theora/parameter_descriptions] /view http://ubuntu:38262/
[rosmaster.master][INFO] 2017-10-04 18:03:29,800: -PUB [/image/marked/theora/parameter_updates] /view http://ubuntu:38262/
[rosmaster.master][INFO] 2017-10-04 18:03:29,802: -PUB [/view/parameter_descriptions] /view http://ubuntu:38262/
[rosmaster.master][INFO] 2017-10-04 18:03:29,805: -PUB [/view/parameter_updates] /view http://ubuntu:38262/
[rosmaster.master][INFO] 2017-10-04 18:03:29,807: -SUB [/tf] /view http://ubuntu:38262/
[rosmaster.master][INFO] 2017-10-04 18:03:29,808: -SUB [/tf_static] /view http://ubuntu:38262/
[rosmaster.master][INFO] 2017-10-04 18:03:29,809: publisherUpdate[/rosout] -> http://ubuntu:43361/ []
[rosmaster.master][INFO] 2017-10-04 18:03:29,809: publisherUpdate[/image] -> http://ubuntu:38262/ []
[rosmaster.master][INFO] 2017-10-04 18:03:29,810: publisherUpdate[/rosout] -> http://ubuntu:43361/ []: sec=0.00, result=[1, '', 0]
[rosmaster.master][INFO] 2017-10-04 18:03:29,810: -SUB [/image] /view http://ubuntu:38262/
[rosmaster.master][INFO] 2017-10-04 18:03:29,813: publisherUpdate[/image] -> http://ubuntu:38262/ []: sec=0.00, exception=<Fault -1: 'publisherUpdate: unknown method name'>
[rosmaster.threadpool][ERROR] 2017-10-04 18:03:29,818: Traceback (most recent call last):
  File "/opt/ros/kinetic/lib/python2.7/dist-packages/rosmaster/threadpool.py", line 218, in run
    result = cmd(*args)
  File "/opt/ros/kinetic/lib/python2.7/dist-packages/rosmaster/master_api.py", line 210, in publisher_update_task
    ret = xmlrpcapi(api).publisherUpdate('/master', topic, pub_uris)
  File "/usr/lib/python2.7/xmlrpclib.py", line 1243, in __call__
    return self.__send(self.__name, args)
  File "/usr/lib/python2.7/xmlrpclib.py", line 1602, in __request
    verbose=self.__verbose
  File "/usr/lib/python2.7/xmlrpclib.py", line 1283, in request
    return self.single_request(host, handler, request_body, verbose)
  File "/usr/lib/python2.7/xmlrpclib.py", line 1316, in single_request
    return self.parse_response(response)
  File "/usr/lib/python2.7/xmlrpclib.py", line 1493, in parse_response
    return u.close()
  File "/usr/lib/python2.7/xmlrpclib.py", line 800, in close
    raise Fault(**self._stack[0])
Fault: <Fault -1: 'publisherUpdate: unknown method name'>

[rosmaster.master][INFO] 2017-10-04 18:03:29,818: -SUB [/camera_info] /view http://ubuntu:38262/
[rosmaster.master][INFO] 2017-10-04 18:03:29,917: -SUB [/image_marker] /view http://ubuntu:38262/
[rosmaster.master][INFO] 2017-10-04 18:03:29,922: -SUB [/image/event] /view http://ubuntu:38262/
[rosmaster.master][INFO] 2017-10-04 18:03:29,929: -SERVICE [/view/get_loggers] /view rosrpc://ubuntu:40682
[rosmaster.master][INFO] 2017-10-04 18:03:29,935: -SERVICE [/view/set_logger_level] /view rosrpc://ubuntu:40682
[rosmaster.master][INFO] 2017-10-04 18:03:29,939: -SERVICE [/image_marked/compressedDepth/set_parameters] /view rosrpc://ubuntu:40682
[rosmaster.master][INFO] 2017-10-04 18:03:29,940: -SERVICE [/image_marked/compressed/set_parameters] /view rosrpc://ubuntu:40682
[rosmaster.master][INFO] 2017-10-04 18:03:29,941: -SERVICE [/image_marked/theora/set_parameters] /view rosrpc://ubuntu:40682
[rosmaster.master][INFO] 2017-10-04 18:03:29,943: -SERVICE [/image/marked/compressedDepth/set_parameters] /view rosrpc://ubuntu:40682
[rosmaster.master][INFO] 2017-10-04 18:03:29,945: -SERVICE [/image/marked/compressed/set_parameters] /view rosrpc://ubuntu:40682
[rosmaster.master][INFO] 2017-10-04 18:03:29,946: -SERVICE [/image/marked/theora/set_parameters] /view rosrpc://ubuntu:40682
[rosmaster.master][INFO] 2017-10-04 18:03:29,947: -SERVICE [/view/change_mode] /view rosrpc://ubuntu:40682
[rosmaster.master][INFO] 2017-10-04 18:03:29,949: -SERVICE [/view/rectangle_mode] /view rosrpc://ubuntu:40682
[rosmaster.master][INFO] 2017-10-04 18:03:29,949: -SERVICE [/view/grabcut_mode] /view rosrpc://ubuntu:40682
[rosmaster.master][INFO] 2017-10-04 18:03:29,951: -SERVICE [/view/grabcut_rect_mode] /view rosrpc://ubuntu:40682
[rosmaster.master][INFO] 2017-10-04 18:03:29,953: -SERVICE [/view/line_mode] /view rosrpc://ubuntu:40682
[rosmaster.master][INFO] 2017-10-04 18:03:29,953: -SERVICE [/view/poly_mode] /view rosrpc://ubuntu:40682
[rosmaster.master][INFO] 2017-10-04 18:03:29,954: -SERVICE [/view/none_mode] /view rosrpc://ubuntu:40682
[rosmaster.master][INFO] 2017-10-04 18:03:29,957: -SERVICE [/view/set_parameters] /view rosrpc://ubuntu:40682
[rosmaster.master][INFO] 2017-10-04 18:03:30,319: -PUB [/rosout_agg] /rosout http://ubuntu:43361/
[rosmaster.master][INFO] 2017-10-04 18:03:30,320: -SUB [/rosout] /rosout http://ubuntu:43361/
[rosmaster.master][INFO] 2017-10-04 18:03:30,321: -SERVICE [/rosout/get_loggers] /rosout rosrpc://ubuntu:45832
[rosmaster.master][INFO] 2017-10-04 18:03:30,321: -SERVICE [/rosout/set_logger_level] /rosout rosrpc://ubuntu:45832
[rosmaster.main][INFO] 2017-10-04 18:03:30,418: keyboard interrupt, will exit
[rosmaster.main][INFO] 2017-10-04 18:03:30,418: stopping master...
[rospy.core][INFO] 2017-10-04 18:03:30,419: signal_shutdown [atexit]
