[rosmaster.main][INFO] 2017-09-20 18:23:56,658: initialization complete, waiting for shutdown
[rosmaster.main][INFO] 2017-09-20 18:23:56,658: Starting ROS Master Node
[xmlrpc][INFO] 2017-09-20 18:23:56,659: XML-RPC server binding to 0.0.0.0:11311
[xmlrpc][INFO] 2017-09-20 18:23:56,659: Started XML-RPC server [http://ubuntu:11311/]
[xmlrpc][INFO] 2017-09-20 18:23:56,659: xml rpc node: starting XML-RPC server
[rosmaster.master][INFO] 2017-09-20 18:23:56,659: Master initialized: port[11311], uri[http://ubuntu:11311/]
[rosmaster.master][INFO] 2017-09-20 18:23:56,715: +PARAM [/run_id] by /roslaunch
[rosmaster.master][INFO] 2017-09-20 18:23:56,717: +PARAM [/roslaunch/uris/host_ubuntu__45294] by /roslaunch
[rosmaster.master][INFO] 2017-09-20 18:23:56,784: +PARAM [/rosversion] by /roslaunch
[rosmaster.master][INFO] 2017-09-20 18:23:56,784: +PARAM [/rosdistro] by /roslaunch
[rosmaster.master][INFO] 2017-09-20 18:23:56,784: +PARAM [/camera/device_id] by /roslaunch
[rosmaster.master][INFO] 2017-09-20 18:23:56,821: +SERVICE [/rosout/get_loggers] /rosout http://ubuntu:43765/
[rosmaster.master][INFO] 2017-09-20 18:23:56,824: +SERVICE [/rosout/set_logger_level] /rosout http://ubuntu:43765/
[rosmaster.master][INFO] 2017-09-20 18:23:56,827: +PUB [/rosout_agg] /rosout http://ubuntu:43765/
[rosmaster.master][INFO] 2017-09-20 18:23:56,845: +SUB [/rosout] /rosout http://ubuntu:43765/
[rosmaster.master][INFO] 2017-09-20 18:23:56,969: +PUB [/rosout] /image_converter http://ubuntu:40521/
[rosmaster.master][INFO] 2017-09-20 18:23:56,973: +SERVICE [/image_converter/get_loggers] /image_converter http://ubuntu:40521/
[rosmaster.master][INFO] 2017-09-20 18:23:56,974: +SERVICE [/image_converter/set_logger_level] /image_converter http://ubuntu:40521/
[rosmaster.master][INFO] 2017-09-20 18:23:57,042: +PUB [/rosout] /camera http://ubuntu:46034/
[rosmaster.master][INFO] 2017-09-20 18:23:57,043: +SERVICE [/camera/get_loggers] /camera http://ubuntu:46034/
[rosmaster.master][INFO] 2017-09-20 18:23:57,044: +SERVICE [/camera/set_logger_level] /camera http://ubuntu:46034/
[rosmaster.master][INFO] 2017-09-20 18:23:57,055: +PUB [/rosout] /view http://ubuntu:45471/
[rosmaster.master][INFO] 2017-09-20 18:23:57,060: publisherUpdate[/rosout] -> http://ubuntu:43765/ ['http://ubuntu:40521/']
[rosmaster.master][INFO] 2017-09-20 18:23:57,065: publisherUpdate[/rosout] -> http://ubuntu:43765/ ['http://ubuntu:40521/']: sec=0.00, result=[1, '', 0]
[rosmaster.master][INFO] 2017-09-20 18:23:57,065: publisherUpdate[/rosout] -> http://ubuntu:43765/ ['http://ubuntu:40521/', 'http://ubuntu:46034/']
[rosmaster.master][INFO] 2017-09-20 18:23:57,068: publisherUpdate[/rosout] -> http://ubuntu:43765/ ['http://ubuntu:40521/', 'http://ubuntu:46034/']: sec=0.00, result=[1, '', 0]
[rosmaster.master][INFO] 2017-09-20 18:23:57,069: publisherUpdate[/rosout] -> http://ubuntu:43765/ ['http://ubuntu:40521/', 'http://ubuntu:46034/', 'http://ubuntu:45471/']
[rosmaster.master][INFO] 2017-09-20 18:23:57,069: publisherUpdate[/rosout] -> http://ubuntu:43765/ ['http://ubuntu:40521/', 'http://ubuntu:46034/', 'http://ubuntu:45471/']: sec=0.00, result=[1, '', 0]
[rosmaster.master][INFO] 2017-09-20 18:23:57,069: +SERVICE [/view/get_loggers] /view http://ubuntu:45471/
[rosmaster.master][INFO] 2017-09-20 18:23:57,070: +SERVICE [/view/set_logger_level] /view http://ubuntu:45471/
[rosmaster.master][INFO] 2017-09-20 18:23:57,085: +SUB [/tf] /view http://ubuntu:45471/
[rosmaster.master][INFO] 2017-09-20 18:23:57,095: +SUB [/tf_static] /view http://ubuntu:45471/
[rosmaster.master][INFO] 2017-09-20 18:23:57,132: +SERVICE [/camera/set_camera_info] /camera http://ubuntu:46034/
[rosmaster.master][INFO] 2017-09-20 18:23:57,145: +SUB [/camera/image_raw] /image_converter http://ubuntu:40521/
[rosmaster.master][INFO] 2017-09-20 18:23:57,160: +PUB [/image/screenpoint] /view http://ubuntu:45471/
[rosmaster.master][INFO] 2017-09-20 18:23:57,161: +PUB [/image/screenpoint_array] /view http://ubuntu:45471/
[rosmaster.master][INFO] 2017-09-20 18:23:57,165: +PUB [/image/screenrectangle] /view http://ubuntu:45471/
[rosmaster.master][INFO] 2017-09-20 18:23:57,166: +PUB [/image/screenrectangle_image] /view http://ubuntu:45471/
[rosmaster.master][INFO] 2017-09-20 18:23:57,166: +PUB [/image/movepoint] /view http://ubuntu:45471/
[rosmaster.master][INFO] 2017-09-20 18:23:57,167: +PUB [/image/foreground] /view http://ubuntu:45471/
[rosmaster.master][INFO] 2017-09-20 18:23:57,168: +PUB [/image/background] /view http://ubuntu:45471/
[rosmaster.master][INFO] 2017-09-20 18:23:57,168: +PUB [/image/foreground_rect] /view http://ubuntu:45471/
[rosmaster.master][INFO] 2017-09-20 18:23:57,169: +PUB [/image/background_rect] /view http://ubuntu:45471/
[rosmaster.master][INFO] 2017-09-20 18:23:57,170: +PUB [/image/line] /view http://ubuntu:45471/
[rosmaster.master][INFO] 2017-09-20 18:23:57,171: +PUB [/image/poly] /view http://ubuntu:45471/
[rosmaster.master][INFO] 2017-09-20 18:23:57,211: +PUB [/image/compressedDepth] /image_converter http://ubuntu:40521/
[rosmaster.master][INFO] 2017-09-20 18:23:57,212: +SERVICE [/image/compressedDepth/set_parameters] /image_converter http://ubuntu:40521/
[rosmaster.master][INFO] 2017-09-20 18:23:57,213: +PUB [/image/compressedDepth/parameter_descriptions] /image_converter http://ubuntu:40521/
[rosmaster.master][INFO] 2017-09-20 18:23:57,214: +PUB [/image/compressedDepth/parameter_updates] /image_converter http://ubuntu:40521/
[rosmaster.master][INFO] 2017-09-20 18:23:57,218: +PARAM [/image/compressedDepth/depth_max] by /image_converter
[rosmaster.master][INFO] 2017-09-20 18:23:57,219: +PARAM [/image/compressedDepth/depth_quantization] by /image_converter
[rosmaster.master][INFO] 2017-09-20 18:23:57,221: +PARAM [/image/compressedDepth/png_level] by /image_converter
[rosmaster.master][INFO] 2017-09-20 18:23:57,222: +PARAM [/image/compressedDepth/depth_max] by /image_converter
[rosmaster.master][INFO] 2017-09-20 18:23:57,225: +PARAM [/image/compressedDepth/depth_quantization] by /image_converter
[rosmaster.master][INFO] 2017-09-20 18:23:57,226: +PARAM [/image/compressedDepth/png_level] by /image_converter
[rosmaster.master][INFO] 2017-09-20 18:23:57,244: +PUB [/image_marked/compressedDepth] /view http://ubuntu:45471/
[rosmaster.master][INFO] 2017-09-20 18:23:57,244: +SERVICE [/image_marked/compressedDepth/set_parameters] /view http://ubuntu:45471/
[rosmaster.master][INFO] 2017-09-20 18:23:57,248: +PUB [/image_marked/compressedDepth/parameter_descriptions] /view http://ubuntu:45471/
[rosmaster.master][INFO] 2017-09-20 18:23:57,249: +PUB [/image_marked/compressedDepth/parameter_updates] /view http://ubuntu:45471/
[rosmaster.master][INFO] 2017-09-20 18:23:57,251: +PARAM [/image_marked/compressedDepth/depth_max] by /view
[rosmaster.master][INFO] 2017-09-20 18:23:57,252: +PARAM [/image_marked/compressedDepth/depth_quantization] by /view
[rosmaster.master][INFO] 2017-09-20 18:23:57,253: +PARAM [/image_marked/compressedDepth/png_level] by /view
[rosmaster.master][INFO] 2017-09-20 18:23:57,254: +PARAM [/image_marked/compressedDepth/depth_max] by /view
[rosmaster.master][INFO] 2017-09-20 18:23:57,257: +PARAM [/image_marked/compressedDepth/depth_quantization] by /view
[rosmaster.master][INFO] 2017-09-20 18:23:57,258: +PARAM [/image_marked/compressedDepth/png_level] by /view
[rosmaster.master][INFO] 2017-09-20 18:23:57,290: +PUB [/image/compressed] /image_converter http://ubuntu:40521/
[rosmaster.master][INFO] 2017-09-20 18:23:57,291: +SERVICE [/image/compressed/set_parameters] /image_converter http://ubuntu:40521/
[rosmaster.master][INFO] 2017-09-20 18:23:57,292: +PUB [/image/compressed/parameter_descriptions] /image_converter http://ubuntu:40521/
[rosmaster.master][INFO] 2017-09-20 18:23:57,293: +PUB [/image/compressed/parameter_updates] /image_converter http://ubuntu:40521/
[rosmaster.master][INFO] 2017-09-20 18:23:57,296: +PARAM [/image/compressed/format] by /image_converter
[rosmaster.master][INFO] 2017-09-20 18:23:57,298: +PARAM [/image/compressed/jpeg_quality] by /image_converter
[rosmaster.master][INFO] 2017-09-20 18:23:57,299: +PARAM [/image/compressed/png_level] by /image_converter
[rosmaster.master][INFO] 2017-09-20 18:23:57,305: +PARAM [/image/compressed/format] by /image_converter
[rosmaster.master][INFO] 2017-09-20 18:23:57,306: +PARAM [/image/compressed/jpeg_quality] by /image_converter
[rosmaster.master][INFO] 2017-09-20 18:23:57,307: +PARAM [/image/compressed/png_level] by /image_converter
[rosmaster.master][INFO] 2017-09-20 18:23:57,320: +PUB [/image_marked/compressed] /view http://ubuntu:45471/
[rosmaster.master][INFO] 2017-09-20 18:23:57,321: +SERVICE [/image_marked/compressed/set_parameters] /view http://ubuntu:45471/
[rosmaster.master][INFO] 2017-09-20 18:23:57,322: +PUB [/image_marked/compressed/parameter_descriptions] /view http://ubuntu:45471/
[rosmaster.master][INFO] 2017-09-20 18:23:57,323: +PUB [/image_marked/compressed/parameter_updates] /view http://ubuntu:45471/
[rosmaster.master][INFO] 2017-09-20 18:23:57,325: +PARAM [/image_marked/compressed/format] by /view
[rosmaster.master][INFO] 2017-09-20 18:23:57,328: +PARAM [/image_marked/compressed/jpeg_quality] by /view
[rosmaster.master][INFO] 2017-09-20 18:23:57,329: +PARAM [/image_marked/compressed/png_level] by /view
[rosmaster.master][INFO] 2017-09-20 18:23:57,330: +PARAM [/image_marked/compressed/format] by /view
[rosmaster.master][INFO] 2017-09-20 18:23:57,330: +PARAM [/image_marked/compressed/jpeg_quality] by /view
[rosmaster.master][INFO] 2017-09-20 18:23:57,333: +PARAM [/image_marked/compressed/png_level] by /view
[rosmaster.master][INFO] 2017-09-20 18:23:57,371: +PUB [/image] /image_converter http://ubuntu:40521/
[rosmaster.master][INFO] 2017-09-20 18:23:57,408: +PUB [/image_marked] /view http://ubuntu:45471/
[rosmaster.master][INFO] 2017-09-20 18:23:57,441: +PUB [/camera/image_raw/compressedDepth] /camera http://ubuntu:46034/
[rosmaster.master][INFO] 2017-09-20 18:23:57,442: +SERVICE [/camera/image_raw/compressedDepth/set_parameters] /camera http://ubuntu:46034/
[rosmaster.master][INFO] 2017-09-20 18:23:57,442: +PUB [/camera/image_raw/compressedDepth/parameter_descriptions] /camera http://ubuntu:46034/
[rosmaster.master][INFO] 2017-09-20 18:23:57,443: +PUB [/camera/image_raw/compressedDepth/parameter_updates] /camera http://ubuntu:46034/
[rosmaster.master][INFO] 2017-09-20 18:23:57,448: +PARAM [/camera/image_raw/compressedDepth/depth_max] by /camera
[rosmaster.master][INFO] 2017-09-20 18:23:57,449: +PARAM [/camera/image_raw/compressedDepth/depth_quantization] by /camera
[rosmaster.master][INFO] 2017-09-20 18:23:57,451: +PARAM [/camera/image_raw/compressedDepth/png_level] by /camera
[rosmaster.master][INFO] 2017-09-20 18:23:57,454: +PARAM [/camera/image_raw/compressedDepth/depth_max] by /camera
[rosmaster.master][INFO] 2017-09-20 18:23:57,457: +PARAM [/camera/image_raw/compressedDepth/depth_quantization] by /camera
[rosmaster.master][INFO] 2017-09-20 18:23:57,458: +PARAM [/camera/image_raw/compressedDepth/png_level] by /camera
[rosmaster.master][INFO] 2017-09-20 18:23:57,470: +PUB [/image/theora] /image_converter http://ubuntu:40521/
[rosmaster.master][INFO] 2017-09-20 18:23:57,470: +SERVICE [/image/theora/set_parameters] /image_converter http://ubuntu:40521/
[rosmaster.master][INFO] 2017-09-20 18:23:57,471: +PUB [/image/theora/parameter_descriptions] /image_converter http://ubuntu:40521/
[rosmaster.master][INFO] 2017-09-20 18:23:57,472: +PUB [/image/theora/parameter_updates] /image_converter http://ubuntu:40521/
[rosmaster.master][INFO] 2017-09-20 18:23:57,484: +PARAM [/image/theora/optimize_for] by /image_converter
[rosmaster.master][INFO] 2017-09-20 18:23:57,485: +PARAM [/image/theora/target_bitrate] by /image_converter
[rosmaster.master][INFO] 2017-09-20 18:23:57,485: +PARAM [/image/theora/quality] by /image_converter
[rosmaster.master][INFO] 2017-09-20 18:23:57,489: +PARAM [/image/theora/keyframe_frequency] by /image_converter
[rosmaster.master][INFO] 2017-09-20 18:23:57,490: +PARAM [/image/theora/optimize_for] by /image_converter
[rosmaster.master][INFO] 2017-09-20 18:23:57,493: +PARAM [/image/theora/target_bitrate] by /image_converter
[rosmaster.master][INFO] 2017-09-20 18:23:57,494: +PARAM [/image/theora/quality] by /image_converter
[rosmaster.master][INFO] 2017-09-20 18:23:57,496: +PARAM [/image/theora/keyframe_frequency] by /image_converter
[rosmaster.master][INFO] 2017-09-20 18:23:57,500: +PUB [/image_marked/theora] /view http://ubuntu:45471/
[rosmaster.master][INFO] 2017-09-20 18:23:57,501: +SERVICE [/image_marked/theora/set_parameters] /view http://ubuntu:45471/
[rosmaster.master][INFO] 2017-09-20 18:23:57,502: +PUB [/image_marked/theora/parameter_descriptions] /view http://ubuntu:45471/
[rosmaster.master][INFO] 2017-09-20 18:23:57,505: +PUB [/image_marked/theora/parameter_updates] /view http://ubuntu:45471/
[rosmaster.master][INFO] 2017-09-20 18:23:57,508: +PARAM [/image_marked/theora/optimize_for] by /view
[rosmaster.master][INFO] 2017-09-20 18:23:57,513: +PARAM [/image_marked/theora/target_bitrate] by /view
[rosmaster.master][INFO] 2017-09-20 18:23:57,514: +PARAM [/image_marked/theora/quality] by /view
[rosmaster.master][INFO] 2017-09-20 18:23:57,514: +PARAM [/image_marked/theora/keyframe_frequency] by /view
[rosmaster.master][INFO] 2017-09-20 18:23:57,515: +PARAM [/image_marked/theora/optimize_for] by /view
[rosmaster.master][INFO] 2017-09-20 18:23:57,516: +PARAM [/image_marked/theora/target_bitrate] by /view
[rosmaster.master][INFO] 2017-09-20 18:23:57,516: +PARAM [/image_marked/theora/quality] by /view
[rosmaster.master][INFO] 2017-09-20 18:23:57,517: +PARAM [/image_marked/theora/keyframe_frequency] by /view
[rosmaster.master][INFO] 2017-09-20 18:23:57,530: +PUB [/camera/image_raw/compressed] /camera http://ubuntu:46034/
[rosmaster.master][INFO] 2017-09-20 18:23:57,531: +SERVICE [/camera/image_raw/compressed/set_parameters] /camera http://ubuntu:46034/
[rosmaster.master][INFO] 2017-09-20 18:23:57,532: +PUB [/camera/image_raw/compressed/parameter_descriptions] /camera http://ubuntu:46034/
[rosmaster.master][INFO] 2017-09-20 18:23:57,537: +PUB [/camera/image_raw/compressed/parameter_updates] /camera http://ubuntu:46034/
[rosmaster.master][INFO] 2017-09-20 18:23:57,539: +PARAM [/camera/image_raw/compressed/format] by /camera
[rosmaster.master][INFO] 2017-09-20 18:23:57,540: +PARAM [/camera/image_raw/compressed/jpeg_quality] by /camera
[rosmaster.master][INFO] 2017-09-20 18:23:57,540: +PARAM [/camera/image_raw/compressed/png_level] by /camera
[rosmaster.master][INFO] 2017-09-20 18:23:57,541: +PARAM [/camera/image_raw/compressed/format] by /camera
[rosmaster.master][INFO] 2017-09-20 18:23:57,542: +PARAM [/camera/image_raw/compressed/jpeg_quality] by /camera
[rosmaster.master][INFO] 2017-09-20 18:23:57,542: +PARAM [/camera/image_raw/compressed/png_level] by /camera
[rosmaster.master][INFO] 2017-09-20 18:23:57,574: +PUB [/image/marked/compressedDepth] /view http://ubuntu:45471/
[rosmaster.master][INFO] 2017-09-20 18:23:57,575: +SERVICE [/image/marked/compressedDepth/set_parameters] /view http://ubuntu:45471/
[rosmaster.master][INFO] 2017-09-20 18:23:57,576: +PUB [/image/marked/compressedDepth/parameter_descriptions] /view http://ubuntu:45471/
[rosmaster.master][INFO] 2017-09-20 18:23:57,577: +PUB [/image/marked/compressedDepth/parameter_updates] /view http://ubuntu:45471/
[rosmaster.master][INFO] 2017-09-20 18:23:57,579: +PARAM [/image/marked/compressedDepth/depth_max] by /view
[rosmaster.master][INFO] 2017-09-20 18:23:57,581: +PARAM [/image/marked/compressedDepth/depth_quantization] by /view
[rosmaster.master][INFO] 2017-09-20 18:23:57,582: +PARAM [/image/marked/compressedDepth/png_level] by /view
[rosmaster.master][INFO] 2017-09-20 18:23:57,584: +PARAM [/image/marked/compressedDepth/depth_max] by /view
[rosmaster.master][INFO] 2017-09-20 18:23:57,585: +PARAM [/image/marked/compressedDepth/depth_quantization] by /view
[rosmaster.master][INFO] 2017-09-20 18:23:57,587: +PARAM [/image/marked/compressedDepth/png_level] by /view
[rosmaster.master][INFO] 2017-09-20 18:23:57,604: +PUB [/camera/image_raw] /camera http://ubuntu:46034/
[rosmaster.master][INFO] 2017-09-20 18:23:57,639: +PUB [/image/marked/compressed] /view http://ubuntu:45471/
[rosmaster.master][INFO] 2017-09-20 18:23:57,640: +SERVICE [/image/marked/compressed/set_parameters] /view http://ubuntu:45471/
[rosmaster.master][INFO] 2017-09-20 18:23:57,641: +PUB [/image/marked/compressed/parameter_descriptions] /view http://ubuntu:45471/
[rosmaster.master][INFO] 2017-09-20 18:23:57,641: +PUB [/image/marked/compressed/parameter_updates] /view http://ubuntu:45471/
[rosmaster.master][INFO] 2017-09-20 18:23:57,644: +PARAM [/image/marked/compressed/format] by /view
[rosmaster.master][INFO] 2017-09-20 18:23:57,644: +PARAM [/image/marked/compressed/jpeg_quality] by /view
[rosmaster.master][INFO] 2017-09-20 18:23:57,649: +PARAM [/image/marked/compressed/png_level] by /view
[rosmaster.master][INFO] 2017-09-20 18:23:57,650: +PARAM [/image/marked/compressed/format] by /view
[rosmaster.master][INFO] 2017-09-20 18:23:57,651: +PARAM [/image/marked/compressed/jpeg_quality] by /view
[rosmaster.master][INFO] 2017-09-20 18:23:57,652: +PARAM [/image/marked/compressed/png_level] by /view
[rosmaster.master][INFO] 2017-09-20 18:23:57,669: +PUB [/camera/image_raw/theora] /camera http://ubuntu:46034/
[rosmaster.master][INFO] 2017-09-20 18:23:57,670: publisherUpdate[/camera/image_raw] -> http://ubuntu:40521/ ['http://ubuntu:46034/']
[rosmaster.master][INFO] 2017-09-20 18:23:57,671: publisherUpdate[/camera/image_raw] -> http://ubuntu:40521/ ['http://ubuntu:46034/']: sec=0.00, result=[1, '', 0]
[rosmaster.master][INFO] 2017-09-20 18:23:57,671: +SERVICE [/camera/image_raw/theora/set_parameters] /camera http://ubuntu:46034/
[rosmaster.master][INFO] 2017-09-20 18:23:57,672: +PUB [/camera/image_raw/theora/parameter_descriptions] /camera http://ubuntu:46034/
[rosmaster.master][INFO] 2017-09-20 18:23:57,672: +PUB [/camera/image_raw/theora/parameter_updates] /camera http://ubuntu:46034/
[rosmaster.master][INFO] 2017-09-20 18:23:57,675: +PARAM [/camera/image_raw/theora/optimize_for] by /camera
[rosmaster.master][INFO] 2017-09-20 18:23:57,676: +PARAM [/camera/image_raw/theora/target_bitrate] by /camera
[rosmaster.master][INFO] 2017-09-20 18:23:57,676: +PARAM [/camera/image_raw/theora/quality] by /camera
[rosmaster.master][INFO] 2017-09-20 18:23:57,677: +PARAM [/camera/image_raw/theora/keyframe_frequency] by /camera
[rosmaster.master][INFO] 2017-09-20 18:23:57,681: +PARAM [/camera/image_raw/theora/optimize_for] by /camera
[rosmaster.master][INFO] 2017-09-20 18:23:57,682: +PARAM [/camera/image_raw/theora/target_bitrate] by /camera
[rosmaster.master][INFO] 2017-09-20 18:23:57,683: +PARAM [/camera/image_raw/theora/quality] by /camera
[rosmaster.master][INFO] 2017-09-20 18:23:57,683: +PARAM [/camera/image_raw/theora/keyframe_frequency] by /camera
[rosmaster.master][INFO] 2017-09-20 18:23:57,684: +PUB [/camera/camera_info] /camera http://ubuntu:46034/
[rosmaster.master][INFO] 2017-09-20 18:23:57,714: +PUB [/image/marked] /view http://ubuntu:45471/
[rosmaster.master][INFO] 2017-09-20 18:23:57,745: +PUB [/image/marked/theora] /view http://ubuntu:45471/
[rosmaster.master][INFO] 2017-09-20 18:23:57,746: +SERVICE [/image/marked/theora/set_parameters] /view http://ubuntu:45471/
[rosmaster.master][INFO] 2017-09-20 18:23:57,747: +PUB [/image/marked/theora/parameter_descriptions] /view http://ubuntu:45471/
[rosmaster.master][INFO] 2017-09-20 18:23:57,747: +PUB [/image/marked/theora/parameter_updates] /view http://ubuntu:45471/
[rosmaster.master][INFO] 2017-09-20 18:23:57,750: +PARAM [/image/marked/theora/optimize_for] by /view
[rosmaster.master][INFO] 2017-09-20 18:23:57,751: +PARAM [/image/marked/theora/target_bitrate] by /view
[rosmaster.master][INFO] 2017-09-20 18:23:57,752: +PARAM [/image/marked/theora/quality] by /view
[rosmaster.master][INFO] 2017-09-20 18:23:57,752: +PARAM [/image/marked/theora/keyframe_frequency] by /view
[rosmaster.master][INFO] 2017-09-20 18:23:57,753: +PARAM [/image/marked/theora/optimize_for] by /view
[rosmaster.master][INFO] 2017-09-20 18:23:57,754: +PARAM [/image/marked/theora/target_bitrate] by /view
[rosmaster.master][INFO] 2017-09-20 18:23:57,754: +PARAM [/image/marked/theora/quality] by /view
[rosmaster.master][INFO] 2017-09-20 18:23:57,755: +PARAM [/image/marked/theora/keyframe_frequency] by /view
[rosmaster.master][INFO] 2017-09-20 18:23:57,785: +SUB [/image] /view http://ubuntu:45471/
[rosmaster.master][INFO] 2017-09-20 18:23:57,788: +SUB [/camera_info] /view http://ubuntu:45471/
[rosmaster.master][INFO] 2017-09-20 18:23:57,792: +SUB [/image_marker] /view http://ubuntu:45471/
[rosmaster.master][INFO] 2017-09-20 18:23:57,795: +SUB [/image/event] /view http://ubuntu:45471/
[rosmaster.master][INFO] 2017-09-20 18:23:57,796: +SERVICE [/view/change_mode] /view http://ubuntu:45471/
[rosmaster.master][INFO] 2017-09-20 18:23:57,797: +SERVICE [/view/rectangle_mode] /view http://ubuntu:45471/
[rosmaster.master][INFO] 2017-09-20 18:23:57,797: +SERVICE [/view/grabcut_mode] /view http://ubuntu:45471/
[rosmaster.master][INFO] 2017-09-20 18:23:57,798: +SERVICE [/view/grabcut_rect_mode] /view http://ubuntu:45471/
[rosmaster.master][INFO] 2017-09-20 18:23:57,799: +SERVICE [/view/line_mode] /view http://ubuntu:45471/
[rosmaster.master][INFO] 2017-09-20 18:23:57,799: +SERVICE [/view/poly_mode] /view http://ubuntu:45471/
[rosmaster.master][INFO] 2017-09-20 18:23:57,800: +SERVICE [/view/none_mode] /view http://ubuntu:45471/
[rosmaster.master][INFO] 2017-09-20 18:23:57,801: +SERVICE [/view/set_parameters] /view http://ubuntu:45471/
[rosmaster.master][INFO] 2017-09-20 18:23:57,801: +PUB [/view/parameter_descriptions] /view http://ubuntu:45471/
[rosmaster.master][INFO] 2017-09-20 18:23:57,802: +PUB [/view/parameter_updates] /view http://ubuntu:45471/
[rosmaster.master][INFO] 2017-09-20 18:23:57,807: +PARAM [/view/grid] by /view
[rosmaster.master][INFO] 2017-09-20 18:23:57,808: +PARAM [/view/fisheye_mode] by /view
[rosmaster.master][INFO] 2017-09-20 18:23:57,809: +PARAM [/view/div_u] by /view
[rosmaster.master][INFO] 2017-09-20 18:23:57,809: +PARAM [/view/div_v] by /view
[rosmaster.master][INFO] 2017-09-20 18:23:57,810: +PARAM [/view/grid_red] by /view
[rosmaster.master][INFO] 2017-09-20 18:23:57,810: +PARAM [/view/grid_green] by /view
[rosmaster.master][INFO] 2017-09-20 18:23:57,811: +PARAM [/view/grid_blue] by /view
[rosmaster.master][INFO] 2017-09-20 18:23:57,812: +PARAM [/view/grid_thickness] by /view
[rosmaster.master][INFO] 2017-09-20 18:23:57,812: +PARAM [/view/grid_space] by /view
[rosmaster.master][INFO] 2017-09-20 18:23:57,813: +PARAM [/view/grid] by /view
[rosmaster.master][INFO] 2017-09-20 18:23:57,814: +PARAM [/view/fisheye_mode] by /view
[rosmaster.master][INFO] 2017-09-20 18:23:57,814: +PARAM [/view/div_u] by /view
[rosmaster.master][INFO] 2017-09-20 18:23:57,815: +PARAM [/view/div_v] by /view
[rosmaster.master][INFO] 2017-09-20 18:23:57,816: +PARAM [/view/grid_red] by /view
[rosmaster.master][INFO] 2017-09-20 18:23:57,816: +PARAM [/view/grid_green] by /view
[rosmaster.master][INFO] 2017-09-20 18:23:57,817: +PARAM [/view/grid_blue] by /view
[rosmaster.master][INFO] 2017-09-20 18:23:57,818: +PARAM [/view/grid_thickness] by /view
[rosmaster.master][INFO] 2017-09-20 18:23:57,818: +PARAM [/view/grid_space] by /view
[rosmaster.master][INFO] 2017-09-20 18:24:03,427: -PUB [/rosout] /camera http://ubuntu:46034/
[rosmaster.master][INFO] 2017-09-20 18:24:03,431: -PUB [/camera/image_raw/compressedDepth] /camera http://ubuntu:46034/
[rosmaster.master][INFO] 2017-09-20 18:24:03,434: -PUB [/camera/image_raw/compressedDepth/parameter_descriptions] /camera http://ubuntu:46034/
[rosmaster.master][INFO] 2017-09-20 18:24:03,436: -PUB [/camera/image_raw/compressedDepth/parameter_updates] /camera http://ubuntu:46034/
[rosmaster.master][INFO] 2017-09-20 18:24:03,448: -PUB [/camera/image_raw/compressed] /camera http://ubuntu:46034/
[rosmaster.master][INFO] 2017-09-20 18:24:03,449: -PUB [/camera/image_raw/compressed/parameter_descriptions] /camera http://ubuntu:46034/
[rosmaster.master][INFO] 2017-09-20 18:24:03,450: -PUB [/camera/image_raw/compressed/parameter_updates] /camera http://ubuntu:46034/
[rosmaster.master][INFO] 2017-09-20 18:24:03,458: -PUB [/camera/image_raw] /camera http://ubuntu:46034/
[rosmaster.master][INFO] 2017-09-20 18:24:03,464: -PUB [/camera/image_raw/theora] /camera http://ubuntu:46034/
[rosmaster.master][INFO] 2017-09-20 18:24:03,473: -PUB [/camera/image_raw/theora/parameter_descriptions] /camera http://ubuntu:46034/
[rosmaster.master][INFO] 2017-09-20 18:24:03,478: -PUB [/camera/image_raw/theora/parameter_updates] /camera http://ubuntu:46034/
[rosmaster.master][INFO] 2017-09-20 18:24:03,479: -PUB [/camera/camera_info] /camera http://ubuntu:46034/
[rosmaster.master][INFO] 2017-09-20 18:24:03,487: -SERVICE [/camera/get_loggers] /camera rosrpc://ubuntu:46027
[rosmaster.master][INFO] 2017-09-20 18:24:03,488: -SERVICE [/camera/set_logger_level] /camera rosrpc://ubuntu:46027
[rosmaster.master][INFO] 2017-09-20 18:24:03,488: -SERVICE [/camera/set_camera_info] /camera rosrpc://ubuntu:46027
[rosmaster.master][INFO] 2017-09-20 18:24:03,491: -SERVICE [/camera/image_raw/compressedDepth/set_parameters] /camera rosrpc://ubuntu:46027
[rosmaster.master][INFO] 2017-09-20 18:24:03,494: -SERVICE [/camera/image_raw/compressed/set_parameters] /camera rosrpc://ubuntu:46027
[rosmaster.master][INFO] 2017-09-20 18:24:03,498: -SERVICE [/camera/image_raw/theora/set_parameters] /camera rosrpc://ubuntu:46027
[rosmaster.master][INFO] 2017-09-20 18:24:03,510: publisherUpdate[/rosout] -> http://ubuntu:43765/ ['http://ubuntu:40521/', 'http://ubuntu:45471/']
[rosmaster.master][INFO] 2017-09-20 18:24:03,511: publisherUpdate[/camera/image_raw] -> http://ubuntu:40521/ []
[rosmaster.master][INFO] 2017-09-20 18:24:03,512: publisherUpdate[/rosout] -> http://ubuntu:43765/ ['http://ubuntu:40521/', 'http://ubuntu:45471/']: sec=0.00, result=[1, '', 0]
[rosmaster.master][INFO] 2017-09-20 18:24:03,516: publisherUpdate[/camera/image_raw] -> http://ubuntu:40521/ []: sec=0.00, result=[0, 'Unknown Error', 0]
[rosmaster.master][INFO] 2017-09-20 18:24:03,537: -PUB [/rosout] /view http://ubuntu:45471/
[rosmaster.master][INFO] 2017-09-20 18:24:03,538: -PUB [/image/screenpoint] /view http://ubuntu:45471/
[rosmaster.master][INFO] 2017-09-20 18:24:03,539: -PUB [/image/screenpoint_array] /view http://ubuntu:45471/
[rosmaster.master][INFO] 2017-09-20 18:24:03,540: -PUB [/image/screenrectangle] /view http://ubuntu:45471/
[rosmaster.master][INFO] 2017-09-20 18:24:03,546: -PUB [/image/screenrectangle_image] /view http://ubuntu:45471/
[rosmaster.master][INFO] 2017-09-20 18:24:03,548: -PUB [/image/movepoint] /view http://ubuntu:45471/
[rosmaster.master][INFO] 2017-09-20 18:24:03,554: -PUB [/image/foreground] /view http://ubuntu:45471/
[rosmaster.master][INFO] 2017-09-20 18:24:03,558: -PUB [/image/background] /view http://ubuntu:45471/
[rosmaster.master][INFO] 2017-09-20 18:24:03,561: -PUB [/image/foreground_rect] /view http://ubuntu:45471/
[rosmaster.master][INFO] 2017-09-20 18:24:03,562: -PUB [/image/background_rect] /view http://ubuntu:45471/
[rosmaster.master][INFO] 2017-09-20 18:24:03,564: -PUB [/image/line] /view http://ubuntu:45471/
[rosmaster.master][INFO] 2017-09-20 18:24:03,572: -PUB [/image/poly] /view http://ubuntu:45471/
[rosmaster.master][INFO] 2017-09-20 18:24:03,577: -PUB [/image_marked/compressedDepth] /view http://ubuntu:45471/
[rosmaster.master][INFO] 2017-09-20 18:24:03,582: -PUB [/image_marked/compressedDepth/parameter_descriptions] /view http://ubuntu:45471/
[rosmaster.master][INFO] 2017-09-20 18:24:03,587: -PUB [/image_marked/compressedDepth/parameter_updates] /view http://ubuntu:45471/
[rosmaster.master][INFO] 2017-09-20 18:24:03,593: -PUB [/image_marked/compressed] /view http://ubuntu:45471/
[rosmaster.master][INFO] 2017-09-20 18:24:03,599: -PUB [/image_marked/compressed/parameter_descriptions] /view http://ubuntu:45471/
[rosmaster.master][INFO] 2017-09-20 18:24:03,605: -PUB [/image_marked/compressed/parameter_updates] /view http://ubuntu:45471/
[rosmaster.master][INFO] 2017-09-20 18:24:03,612: publisherUpdate[/rosout] -> http://ubuntu:43765/ ['http://ubuntu:40521/']
[rosmaster.master][INFO] 2017-09-20 18:24:03,612: publisherUpdate[/rosout] -> http://ubuntu:43765/ ['http://ubuntu:40521/']: sec=0.00, result=[1, '', 0]
[rosmaster.master][INFO] 2017-09-20 18:24:03,616: -PUB [/image_marked] /view http://ubuntu:45471/
[rosmaster.master][INFO] 2017-09-20 18:24:03,621: -PUB [/rosout] /image_converter http://ubuntu:40521/
[rosmaster.master][INFO] 2017-09-20 18:24:03,621: -PUB [/image_marked/theora] /view http://ubuntu:45471/
[rosmaster.master][INFO] 2017-09-20 18:24:03,623: -PUB [/image_marked/theora/parameter_descriptions] /view http://ubuntu:45471/
[rosmaster.master][INFO] 2017-09-20 18:24:03,625: -PUB [/image/compressedDepth] /image_converter http://ubuntu:40521/
[rosmaster.master][INFO] 2017-09-20 18:24:03,626: -PUB [/image/compressedDepth/parameter_descriptions] /image_converter http://ubuntu:40521/
[rosmaster.master][INFO] 2017-09-20 18:24:03,629: -PUB [/image_marked/theora/parameter_updates] /view http://ubuntu:45471/
[rosmaster.master][INFO] 2017-09-20 18:24:03,631: -PUB [/image/compressedDepth/parameter_updates] /image_converter http://ubuntu:40521/
[rosmaster.master][INFO] 2017-09-20 18:24:03,632: -PUB [/image/compressed] /image_converter http://ubuntu:40521/
[rosmaster.master][INFO] 2017-09-20 18:24:03,637: -PUB [/image/marked/compressedDepth] /view http://ubuntu:45471/
[rosmaster.master][INFO] 2017-09-20 18:24:03,639: -PUB [/image/marked/compressedDepth/parameter_descriptions] /view http://ubuntu:45471/
[rosmaster.master][INFO] 2017-09-20 18:24:03,641: -PUB [/image/compressed/parameter_descriptions] /image_converter http://ubuntu:40521/
[rosmaster.master][INFO] 2017-09-20 18:24:03,643: -PUB [/image/marked/compressedDepth/parameter_updates] /view http://ubuntu:45471/
[rosmaster.master][INFO] 2017-09-20 18:24:03,644: -PUB [/image/compressed/parameter_updates] /image_converter http://ubuntu:40521/
[rosmaster.master][INFO] 2017-09-20 18:24:03,649: -PUB [/image] /image_converter http://ubuntu:40521/
[rosmaster.master][INFO] 2017-09-20 18:24:03,651: -PUB [/image/marked/compressed] /view http://ubuntu:45471/
[rosmaster.master][INFO] 2017-09-20 18:24:03,653: -PUB [/image/marked/compressed/parameter_descriptions] /view http://ubuntu:45471/
[rosmaster.master][INFO] 2017-09-20 18:24:03,653: -PUB [/image/marked/compressed/parameter_updates] /view http://ubuntu:45471/
[rosmaster.master][INFO] 2017-09-20 18:24:03,655: -PUB [/image/marked] /view http://ubuntu:45471/
[rosmaster.master][INFO] 2017-09-20 18:24:03,658: -PUB [/image/marked/theora] /view http://ubuntu:45471/
[rosmaster.master][INFO] 2017-09-20 18:24:03,671: -PUB [/image/marked/theora/parameter_descriptions] /view http://ubuntu:45471/
[rosmaster.master][INFO] 2017-09-20 18:24:03,671: -PUB [/image/theora] /image_converter http://ubuntu:40521/
[rosmaster.master][INFO] 2017-09-20 18:24:03,675: -PUB [/image/marked/theora/parameter_updates] /view http://ubuntu:45471/
[rosmaster.master][INFO] 2017-09-20 18:24:03,677: -PUB [/view/parameter_descriptions] /view http://ubuntu:45471/
[rosmaster.master][INFO] 2017-09-20 18:24:03,681: -PUB [/image/theora/parameter_descriptions] /image_converter http://ubuntu:40521/
[rosmaster.master][INFO] 2017-09-20 18:24:03,683: -PUB [/view/parameter_updates] /view http://ubuntu:45471/
[rosmaster.master][INFO] 2017-09-20 18:24:03,689: -PUB [/image/theora/parameter_updates] /image_converter http://ubuntu:40521/
[rosmaster.master][INFO] 2017-09-20 18:24:03,692: -SUB [/camera/image_raw] /image_converter http://ubuntu:40521/
[rosmaster.master][INFO] 2017-09-20 18:24:03,694: -SUB [/tf] /view http://ubuntu:45471/
[rosmaster.master][INFO] 2017-09-20 18:24:03,696: -SUB [/tf_static] /view http://ubuntu:45471/
[rosmaster.master][INFO] 2017-09-20 18:24:03,701: -SERVICE [/image_converter/get_loggers] /image_converter rosrpc://ubuntu:36372
[rosmaster.master][INFO] 2017-09-20 18:24:03,703: -SUB [/image] /view http://ubuntu:45471/
[rosmaster.master][INFO] 2017-09-20 18:24:03,705: -SERVICE [/image_converter/set_logger_level] /image_converter rosrpc://ubuntu:36372
[rosmaster.master][INFO] 2017-09-20 18:24:03,706: -SUB [/camera_info] /view http://ubuntu:45471/
[rosmaster.master][INFO] 2017-09-20 18:24:03,706: -SUB [/image_marker] /view http://ubuntu:45471/
[rosmaster.master][INFO] 2017-09-20 18:24:03,708: -SUB [/image/event] /view http://ubuntu:45471/
[rosmaster.master][INFO] 2017-09-20 18:24:03,710: -SERVICE [/image/compressedDepth/set_parameters] /image_converter rosrpc://ubuntu:36372
[rosmaster.master][INFO] 2017-09-20 18:24:03,717: publisherUpdate[/rosout] -> http://ubuntu:43765/ []
[rosmaster.master][INFO] 2017-09-20 18:24:03,720: publisherUpdate[/image] -> http://ubuntu:45471/ []
[rosmaster.master][INFO] 2017-09-20 18:24:03,723: publisherUpdate[/rosout] -> http://ubuntu:43765/ []: sec=0.01, result=[1, '', 0]
[rosmaster.master][INFO] 2017-09-20 18:24:03,723: -SERVICE [/view/get_loggers] /view rosrpc://ubuntu:45450
[rosmaster.master][INFO] 2017-09-20 18:24:03,724: -SERVICE [/image/compressed/set_parameters] /image_converter rosrpc://ubuntu:36372
[rosmaster.master][INFO] 2017-09-20 18:24:03,725: -SERVICE [/image/theora/set_parameters] /image_converter rosrpc://ubuntu:36372
[rosmaster.master][INFO] 2017-09-20 18:24:03,727: publisherUpdate[/image] -> http://ubuntu:45471/ []: sec=0.01, exception=<Fault -1: 'publisherUpdate: unknown method name'>
[rosmaster.master][INFO] 2017-09-20 18:24:03,731: -SERVICE [/view/set_logger_level] /view rosrpc://ubuntu:45450
[rosmaster.threadpool][ERROR] 2017-09-20 18:24:03,733: Traceback (most recent call last):
  File "/opt/ros/kinetic/lib/python2.7/dist-packages/rosmaster/threadpool.py", line 218, in run
    result = cmd(*args)
  File "/opt/ros/kinetic/lib/python2.7/dist-packages/rosmaster/master_api.py", line 210, in publisher_update_task
    ret = xmlrpcapi(api).publisherUpdate('/master', topic, pub_uris)
  File "/usr/lib/python2.7/xmlrpclib.py", line 1243, in __call__
    return self.__send(self.__name, args)
  File "/usr/lib/python2.7/xmlrpclib.py", line 1602, in __request
    verbose=self.__verbose
  File "/usr/lib/python2.7/xmlrpclib.py", line 1283, in request
    return self.single_request(host, handler, request_body, verbose)
  File "/usr/lib/python2.7/xmlrpclib.py", line 1316, in single_request
    return self.parse_response(response)
  File "/usr/lib/python2.7/xmlrpclib.py", line 1493, in parse_response
    return u.close()
  File "/usr/lib/python2.7/xmlrpclib.py", line 800, in close
    raise Fault(**self._stack[0])
Fault: <Fault -1: 'publisherUpdate: unknown method name'>

[rosmaster.master][INFO] 2017-09-20 18:24:03,741: -SERVICE [/image_marked/compressedDepth/set_parameters] /view rosrpc://ubuntu:45450
[rosmaster.master][INFO] 2017-09-20 18:24:03,742: -SERVICE [/image_marked/compressed/set_parameters] /view rosrpc://ubuntu:45450
[rosmaster.master][INFO] 2017-09-20 18:24:03,742: -SERVICE [/image_marked/theora/set_parameters] /view rosrpc://ubuntu:45450
[rosmaster.master][INFO] 2017-09-20 18:24:03,743: -SERVICE [/image/marked/compressedDepth/set_parameters] /view rosrpc://ubuntu:45450
[rosmaster.master][INFO] 2017-09-20 18:24:03,744: -SERVICE [/image/marked/compressed/set_parameters] /view rosrpc://ubuntu:45450
[rosmaster.master][INFO] 2017-09-20 18:24:03,747: -SERVICE [/image/marked/theora/set_parameters] /view rosrpc://ubuntu:45450
[rosmaster.master][INFO] 2017-09-20 18:24:03,753: -SERVICE [/view/change_mode] /view rosrpc://ubuntu:45450
[rosmaster.master][INFO] 2017-09-20 18:24:03,754: -SERVICE [/view/rectangle_mode] /view rosrpc://ubuntu:45450
[rosmaster.master][INFO] 2017-09-20 18:24:03,755: -SERVICE [/view/grabcut_mode] /view rosrpc://ubuntu:45450
[rosmaster.master][INFO] 2017-09-20 18:24:03,756: -SERVICE [/view/grabcut_rect_mode] /view rosrpc://ubuntu:45450
[rosmaster.master][INFO] 2017-09-20 18:24:03,757: -SERVICE [/view/line_mode] /view rosrpc://ubuntu:45450
[rosmaster.master][INFO] 2017-09-20 18:24:03,758: -SERVICE [/view/poly_mode] /view rosrpc://ubuntu:45450
[rosmaster.master][INFO] 2017-09-20 18:24:03,760: -SERVICE [/view/none_mode] /view rosrpc://ubuntu:45450
[rosmaster.master][INFO] 2017-09-20 18:24:03,763: -SERVICE [/view/set_parameters] /view rosrpc://ubuntu:45450
[rosmaster.master][INFO] 2017-09-20 18:24:04,122: -PUB [/rosout_agg] /rosout http://ubuntu:43765/
[rosmaster.master][INFO] 2017-09-20 18:24:04,123: -SUB [/rosout] /rosout http://ubuntu:43765/
[rosmaster.master][INFO] 2017-09-20 18:24:04,123: -SERVICE [/rosout/get_loggers] /rosout rosrpc://ubuntu:49173
[rosmaster.master][INFO] 2017-09-20 18:24:04,124: -SERVICE [/rosout/set_logger_level] /rosout rosrpc://ubuntu:49173
[rosmaster.main][INFO] 2017-09-20 18:24:04,231: keyboard interrupt, will exit
[rosmaster.main][INFO] 2017-09-20 18:24:04,231: stopping master...
[rospy.core][INFO] 2017-09-20 18:24:04,232: signal_shutdown [atexit]
