[rosmaster.main][INFO] 2017-09-13 16:19:34,504: initialization complete, waiting for shutdown
[rosmaster.main][INFO] 2017-09-13 16:19:34,505: Starting ROS Master Node
[xmlrpc][INFO] 2017-09-13 16:19:34,505: XML-RPC server binding to 0.0.0.0:11311
[rosmaster.master][INFO] 2017-09-13 16:19:34,505: Master initialized: port[11311], uri[http://ubuntu:11311/]
[xmlrpc][INFO] 2017-09-13 16:19:34,505: Started XML-RPC server [http://ubuntu:11311/]
[xmlrpc][INFO] 2017-09-13 16:19:34,506: xml rpc node: starting XML-RPC server
[rosmaster.master][INFO] 2017-09-13 16:19:34,611: +PARAM [/run_id] by /roslaunch
[rosmaster.master][INFO] 2017-09-13 16:19:34,624: +PARAM [/roslaunch/uris/host_ubuntu__33652] by /roslaunch
[rosmaster.master][INFO] 2017-09-13 16:19:34,695: +PARAM [/rosversion] by /roslaunch
[rosmaster.master][INFO] 2017-09-13 16:19:34,695: +PARAM [/rosdistro] by /roslaunch
[rosmaster.master][INFO] 2017-09-13 16:19:34,756: +SERVICE [/rosout/get_loggers] /rosout http://ubuntu:36133/
[rosmaster.master][INFO] 2017-09-13 16:19:34,757: +SERVICE [/rosout/set_logger_level] /rosout http://ubuntu:36133/
[rosmaster.master][INFO] 2017-09-13 16:19:34,764: +PUB [/rosout_agg] /rosout http://ubuntu:36133/
[rosmaster.master][INFO] 2017-09-13 16:19:34,796: +SUB [/rosout] /rosout http://ubuntu:36133/
[rosmaster.master][INFO] 2017-09-13 16:19:34,911: +PUB [/rosout] /image_converter http://ubuntu:37804/
[rosmaster.master][INFO] 2017-09-13 16:19:34,912: +SERVICE [/image_converter/get_loggers] /image_converter http://ubuntu:37804/
[rosmaster.master][INFO] 2017-09-13 16:19:34,914: +SERVICE [/image_converter/set_logger_level] /image_converter http://ubuntu:37804/
[rosmaster.master][INFO] 2017-09-13 16:19:34,980: +PUB [/rosout] /view http://ubuntu:44223/
[rosmaster.master][INFO] 2017-09-13 16:19:34,981: +SERVICE [/view/get_loggers] /view http://ubuntu:44223/
[rosmaster.master][INFO] 2017-09-13 16:19:34,982: +SERVICE [/view/set_logger_level] /view http://ubuntu:44223/
[rosmaster.master][INFO] 2017-09-13 16:19:34,991: +SUB [/tf] /view http://ubuntu:44223/
[rosmaster.master][INFO] 2017-09-13 16:19:35,008: publisherUpdate[/rosout] -> http://ubuntu:36133/ ['http://ubuntu:37804/']
[rosmaster.master][INFO] 2017-09-13 16:19:35,015: publisherUpdate[/rosout] -> http://ubuntu:36133/ ['http://ubuntu:37804/']: sec=0.01, result=[1, '', 0]
[rosmaster.master][INFO] 2017-09-13 16:19:35,015: publisherUpdate[/rosout] -> http://ubuntu:36133/ ['http://ubuntu:37804/', 'http://ubuntu:44223/']
[rosmaster.master][INFO] 2017-09-13 16:19:35,015: publisherUpdate[/rosout] -> http://ubuntu:36133/ ['http://ubuntu:37804/', 'http://ubuntu:44223/']: sec=0.00, result=[1, '', 0]
[rosmaster.master][INFO] 2017-09-13 16:19:35,021: +PUB [/rosout] /camera http://ubuntu:35795/
[rosmaster.master][INFO] 2017-09-13 16:19:35,021: +SUB [/tf_static] /view http://ubuntu:44223/
[rosmaster.master][INFO] 2017-09-13 16:19:35,032: +SERVICE [/camera/get_loggers] /camera http://ubuntu:35795/
[rosmaster.master][INFO] 2017-09-13 16:19:35,037: +SERVICE [/camera/set_logger_level] /camera http://ubuntu:35795/
[rosmaster.master][INFO] 2017-09-13 16:19:35,096: +PUB [/image/screenpoint] /view http://ubuntu:44223/
[rosmaster.master][INFO] 2017-09-13 16:19:35,098: +PUB [/image/screenpoint_array] /view http://ubuntu:44223/
[rosmaster.master][INFO] 2017-09-13 16:19:35,100: +PUB [/image/screenrectangle] /view http://ubuntu:44223/
[rosmaster.master][INFO] 2017-09-13 16:19:35,100: +PUB [/image/screenrectangle_image] /view http://ubuntu:44223/
[rosmaster.master][INFO] 2017-09-13 16:19:35,101: +PUB [/image/movepoint] /view http://ubuntu:44223/
[rosmaster.master][INFO] 2017-09-13 16:19:35,102: +PUB [/image/foreground] /view http://ubuntu:44223/
[rosmaster.master][INFO] 2017-09-13 16:19:35,103: +PUB [/image/background] /view http://ubuntu:44223/
[rosmaster.master][INFO] 2017-09-13 16:19:35,104: +PUB [/image/foreground_rect] /view http://ubuntu:44223/
[rosmaster.master][INFO] 2017-09-13 16:19:35,105: +SERVICE [/camera/set_camera_info] /camera http://ubuntu:35795/
[rosmaster.master][INFO] 2017-09-13 16:19:35,106: +PUB [/image/background_rect] /view http://ubuntu:44223/
[rosmaster.master][INFO] 2017-09-13 16:19:35,109: +PUB [/image/line] /view http://ubuntu:44223/
[rosmaster.master][INFO] 2017-09-13 16:19:35,110: -SERVICE [/camera/set_camera_info] /camera rosrpc://ubuntu:46834
[rosmaster.master][INFO] 2017-09-13 16:19:35,111: +PUB [/image/poly] /view http://ubuntu:44223/
[rosmaster.master][INFO] 2017-09-13 16:19:35,114: publisherUpdate[/rosout] -> http://ubuntu:36133/ ['http://ubuntu:37804/', 'http://ubuntu:44223/', 'http://ubuntu:35795/']
[rosmaster.master][INFO] 2017-09-13 16:19:35,116: publisherUpdate[/rosout] -> http://ubuntu:36133/ ['http://ubuntu:37804/', 'http://ubuntu:44223/', 'http://ubuntu:35795/']: sec=0.00, result=[1, '', 0]
[rosmaster.master][INFO] 2017-09-13 16:19:35,116: +SUB [/camera/image_raw] /image_converter http://ubuntu:37804/
[rosmaster.master][INFO] 2017-09-13 16:19:35,195: +PUB [/image/compressedDepth] /image_converter http://ubuntu:37804/
[rosmaster.master][INFO] 2017-09-13 16:19:35,197: +SERVICE [/image/compressedDepth/set_parameters] /image_converter http://ubuntu:37804/
[rosmaster.master][INFO] 2017-09-13 16:19:35,198: +PUB [/image/compressedDepth/parameter_descriptions] /image_converter http://ubuntu:37804/
[rosmaster.master][INFO] 2017-09-13 16:19:35,198: +PUB [/image/compressedDepth/parameter_updates] /image_converter http://ubuntu:37804/
[rosmaster.master][INFO] 2017-09-13 16:19:35,203: +PARAM [/image/compressedDepth/depth_max] by /image_converter
[rosmaster.master][INFO] 2017-09-13 16:19:35,204: +PARAM [/image/compressedDepth/depth_quantization] by /image_converter
[rosmaster.master][INFO] 2017-09-13 16:19:35,205: +PARAM [/image/compressedDepth/png_level] by /image_converter
[rosmaster.master][INFO] 2017-09-13 16:19:35,208: +PARAM [/image/compressedDepth/depth_max] by /image_converter
[rosmaster.master][INFO] 2017-09-13 16:19:35,209: +PARAM [/image/compressedDepth/depth_quantization] by /image_converter
[rosmaster.master][INFO] 2017-09-13 16:19:35,210: +PARAM [/image/compressedDepth/png_level] by /image_converter
[rosmaster.master][INFO] 2017-09-13 16:19:35,221: -PUB [/rosout] /camera http://ubuntu:35795/
[rosmaster.master][INFO] 2017-09-13 16:19:35,224: publisherUpdate[/rosout] -> http://ubuntu:36133/ ['http://ubuntu:37804/', 'http://ubuntu:44223/']
[rosmaster.master][INFO] 2017-09-13 16:19:35,224: publisherUpdate[/rosout] -> http://ubuntu:36133/ ['http://ubuntu:37804/', 'http://ubuntu:44223/']: sec=0.00, result=[1, '', 0]
[rosmaster.master][INFO] 2017-09-13 16:19:35,225: -SERVICE [/camera/get_loggers] /camera rosrpc://ubuntu:46834
[rosmaster.master][INFO] 2017-09-13 16:19:35,228: +PUB [/image_marked/compressedDepth] /view http://ubuntu:44223/
[rosmaster.master][INFO] 2017-09-13 16:19:35,229: -SERVICE [/camera/set_logger_level] /camera rosrpc://ubuntu:46834
[rosmaster.master][INFO] 2017-09-13 16:19:35,231: +SERVICE [/image_marked/compressedDepth/set_parameters] /view http://ubuntu:44223/
[rosmaster.master][INFO] 2017-09-13 16:19:35,232: +PUB [/image_marked/compressedDepth/parameter_descriptions] /view http://ubuntu:44223/
[rosmaster.master][INFO] 2017-09-13 16:19:35,236: +PUB [/image_marked/compressedDepth/parameter_updates] /view http://ubuntu:44223/
[rosmaster.master][INFO] 2017-09-13 16:19:35,239: +PARAM [/image_marked/compressedDepth/depth_max] by /view
[rosmaster.master][INFO] 2017-09-13 16:19:35,239: +PARAM [/image_marked/compressedDepth/depth_quantization] by /view
[rosmaster.master][INFO] 2017-09-13 16:19:35,240: +PARAM [/image_marked/compressedDepth/png_level] by /view
[rosmaster.master][INFO] 2017-09-13 16:19:35,242: +PARAM [/image_marked/compressedDepth/depth_max] by /view
[rosmaster.master][INFO] 2017-09-13 16:19:35,243: +PARAM [/image_marked/compressedDepth/depth_quantization] by /view
[rosmaster.master][INFO] 2017-09-13 16:19:35,244: +PARAM [/image_marked/compressedDepth/png_level] by /view
[rosmaster.master][INFO] 2017-09-13 16:19:35,282: +PUB [/image/compressed] /image_converter http://ubuntu:37804/
[rosmaster.master][INFO] 2017-09-13 16:19:35,282: +SERVICE [/image/compressed/set_parameters] /image_converter http://ubuntu:37804/
[rosmaster.master][INFO] 2017-09-13 16:19:35,283: +PUB [/image/compressed/parameter_descriptions] /image_converter http://ubuntu:37804/
[rosmaster.master][INFO] 2017-09-13 16:19:35,284: +PUB [/image/compressed/parameter_updates] /image_converter http://ubuntu:37804/
[rosmaster.master][INFO] 2017-09-13 16:19:35,289: +PARAM [/image/compressed/format] by /image_converter
[rosmaster.master][INFO] 2017-09-13 16:19:35,290: +PARAM [/image/compressed/jpeg_quality] by /image_converter
[rosmaster.master][INFO] 2017-09-13 16:19:35,290: +PARAM [/image/compressed/png_level] by /image_converter
[rosmaster.master][INFO] 2017-09-13 16:19:35,291: +PARAM [/image/compressed/format] by /image_converter
[rosmaster.master][INFO] 2017-09-13 16:19:35,292: +PARAM [/image/compressed/jpeg_quality] by /image_converter
[rosmaster.master][INFO] 2017-09-13 16:19:35,295: +PARAM [/image/compressed/png_level] by /image_converter
[rosmaster.master][INFO] 2017-09-13 16:19:35,304: +PUB [/image_marked/compressed] /view http://ubuntu:44223/
[rosmaster.master][INFO] 2017-09-13 16:19:35,305: +SERVICE [/image_marked/compressed/set_parameters] /view http://ubuntu:44223/
[rosmaster.master][INFO] 2017-09-13 16:19:35,306: +PUB [/image_marked/compressed/parameter_descriptions] /view http://ubuntu:44223/
[rosmaster.master][INFO] 2017-09-13 16:19:35,307: +PUB [/image_marked/compressed/parameter_updates] /view http://ubuntu:44223/
[rosmaster.master][INFO] 2017-09-13 16:19:35,312: +PARAM [/image_marked/compressed/format] by /view
[rosmaster.master][INFO] 2017-09-13 16:19:35,313: +PARAM [/image_marked/compressed/jpeg_quality] by /view
[rosmaster.master][INFO] 2017-09-13 16:19:35,313: +PARAM [/image_marked/compressed/png_level] by /view
[rosmaster.master][INFO] 2017-09-13 16:19:35,314: +PARAM [/image_marked/compressed/format] by /view
[rosmaster.master][INFO] 2017-09-13 16:19:35,316: +PARAM [/image_marked/compressed/jpeg_quality] by /view
[rosmaster.master][INFO] 2017-09-13 16:19:35,317: +PARAM [/image_marked/compressed/png_level] by /view
[rosmaster.master][INFO] 2017-09-13 16:19:35,360: +PUB [/image] /image_converter http://ubuntu:37804/
[rosmaster.master][INFO] 2017-09-13 16:19:35,380: +PUB [/image_marked] /view http://ubuntu:44223/
[rosmaster.master][INFO] 2017-09-13 16:19:35,444: +PUB [/image/theora] /image_converter http://ubuntu:37804/
[rosmaster.master][INFO] 2017-09-13 16:19:35,444: +SERVICE [/image/theora/set_parameters] /image_converter http://ubuntu:37804/
[rosmaster.master][INFO] 2017-09-13 16:19:35,445: +PUB [/image/theora/parameter_descriptions] /image_converter http://ubuntu:37804/
[rosmaster.master][INFO] 2017-09-13 16:19:35,446: +PUB [/image/theora/parameter_updates] /image_converter http://ubuntu:37804/
[rosmaster.master][INFO] 2017-09-13 16:19:35,452: +PARAM [/image/theora/optimize_for] by /image_converter
[rosmaster.master][INFO] 2017-09-13 16:19:35,453: +PARAM [/image/theora/target_bitrate] by /image_converter
[rosmaster.master][INFO] 2017-09-13 16:19:35,453: +PARAM [/image/theora/quality] by /image_converter
[rosmaster.master][INFO] 2017-09-13 16:19:35,456: +PARAM [/image/theora/keyframe_frequency] by /image_converter
[rosmaster.master][INFO] 2017-09-13 16:19:35,456: +PARAM [/image/theora/optimize_for] by /image_converter
[rosmaster.master][INFO] 2017-09-13 16:19:35,459: +PARAM [/image/theora/target_bitrate] by /image_converter
[rosmaster.master][INFO] 2017-09-13 16:19:35,460: +PARAM [/image/theora/quality] by /image_converter
[rosmaster.master][INFO] 2017-09-13 16:19:35,461: +PARAM [/image/theora/keyframe_frequency] by /image_converter
[rosmaster.master][INFO] 2017-09-13 16:19:35,461: +PUB [/image_marked/theora] /view http://ubuntu:44223/
[rosmaster.master][INFO] 2017-09-13 16:19:35,462: +SERVICE [/image_marked/theora/set_parameters] /view http://ubuntu:44223/
[rosmaster.master][INFO] 2017-09-13 16:19:35,463: +PUB [/image_marked/theora/parameter_descriptions] /view http://ubuntu:44223/
[rosmaster.master][INFO] 2017-09-13 16:19:35,464: +PUB [/image_marked/theora/parameter_updates] /view http://ubuntu:44223/
[rosmaster.master][INFO] 2017-09-13 16:19:35,466: +PARAM [/image_marked/theora/optimize_for] by /view
[rosmaster.master][INFO] 2017-09-13 16:19:35,467: +PARAM [/image_marked/theora/target_bitrate] by /view
[rosmaster.master][INFO] 2017-09-13 16:19:35,468: +PARAM [/image_marked/theora/quality] by /view
[rosmaster.master][INFO] 2017-09-13 16:19:35,468: +PARAM [/image_marked/theora/keyframe_frequency] by /view
[rosmaster.master][INFO] 2017-09-13 16:19:35,469: +PARAM [/image_marked/theora/optimize_for] by /view
[rosmaster.master][INFO] 2017-09-13 16:19:35,469: +PARAM [/image_marked/theora/target_bitrate] by /view
[rosmaster.master][INFO] 2017-09-13 16:19:35,470: +PARAM [/image_marked/theora/quality] by /view
[rosmaster.master][INFO] 2017-09-13 16:19:35,471: +PARAM [/image_marked/theora/keyframe_frequency] by /view
[rosmaster.master][INFO] 2017-09-13 16:19:35,499: +PUB [/image/marked/compressedDepth] /view http://ubuntu:44223/
[rosmaster.master][INFO] 2017-09-13 16:19:35,500: +SERVICE [/image/marked/compressedDepth/set_parameters] /view http://ubuntu:44223/
[rosmaster.master][INFO] 2017-09-13 16:19:35,501: +PUB [/image/marked/compressedDepth/parameter_descriptions] /view http://ubuntu:44223/
[rosmaster.master][INFO] 2017-09-13 16:19:35,502: +PUB [/image/marked/compressedDepth/parameter_updates] /view http://ubuntu:44223/
[rosmaster.master][INFO] 2017-09-13 16:19:35,504: +PARAM [/image/marked/compressedDepth/depth_max] by /view
[rosmaster.master][INFO] 2017-09-13 16:19:35,504: +PARAM [/image/marked/compressedDepth/depth_quantization] by /view
[rosmaster.master][INFO] 2017-09-13 16:19:35,505: +PARAM [/image/marked/compressedDepth/png_level] by /view
[rosmaster.master][INFO] 2017-09-13 16:19:35,506: +PARAM [/image/marked/compressedDepth/depth_max] by /view
[rosmaster.master][INFO] 2017-09-13 16:19:35,507: +PARAM [/image/marked/compressedDepth/depth_quantization] by /view
[rosmaster.master][INFO] 2017-09-13 16:19:35,507: +PARAM [/image/marked/compressedDepth/png_level] by /view
[rosmaster.master][INFO] 2017-09-13 16:19:35,533: +PUB [/image/marked/compressed] /view http://ubuntu:44223/
[rosmaster.master][INFO] 2017-09-13 16:19:35,534: +SERVICE [/image/marked/compressed/set_parameters] /view http://ubuntu:44223/
[rosmaster.master][INFO] 2017-09-13 16:19:35,535: +PUB [/image/marked/compressed/parameter_descriptions] /view http://ubuntu:44223/
[rosmaster.master][INFO] 2017-09-13 16:19:35,536: +PUB [/image/marked/compressed/parameter_updates] /view http://ubuntu:44223/
[rosmaster.master][INFO] 2017-09-13 16:19:35,538: +PARAM [/image/marked/compressed/format] by /view
[rosmaster.master][INFO] 2017-09-13 16:19:35,538: +PARAM [/image/marked/compressed/jpeg_quality] by /view
[rosmaster.master][INFO] 2017-09-13 16:19:35,539: +PARAM [/image/marked/compressed/png_level] by /view
[rosmaster.master][INFO] 2017-09-13 16:19:35,540: +PARAM [/image/marked/compressed/format] by /view
[rosmaster.master][INFO] 2017-09-13 16:19:35,540: +PARAM [/image/marked/compressed/jpeg_quality] by /view
[rosmaster.master][INFO] 2017-09-13 16:19:35,541: +PARAM [/image/marked/compressed/png_level] by /view
[rosmaster.master][INFO] 2017-09-13 16:19:35,567: +PUB [/image/marked] /view http://ubuntu:44223/
[rosmaster.master][INFO] 2017-09-13 16:19:35,593: +PUB [/image/marked/theora] /view http://ubuntu:44223/
[rosmaster.master][INFO] 2017-09-13 16:19:35,594: +SERVICE [/image/marked/theora/set_parameters] /view http://ubuntu:44223/
[rosmaster.master][INFO] 2017-09-13 16:19:35,595: +PUB [/image/marked/theora/parameter_descriptions] /view http://ubuntu:44223/
[rosmaster.master][INFO] 2017-09-13 16:19:35,596: +PUB [/image/marked/theora/parameter_updates] /view http://ubuntu:44223/
[rosmaster.master][INFO] 2017-09-13 16:19:35,598: +PARAM [/image/marked/theora/optimize_for] by /view
[rosmaster.master][INFO] 2017-09-13 16:19:35,599: +PARAM [/image/marked/theora/target_bitrate] by /view
[rosmaster.master][INFO] 2017-09-13 16:19:35,599: +PARAM [/image/marked/theora/quality] by /view
[rosmaster.master][INFO] 2017-09-13 16:19:35,600: +PARAM [/image/marked/theora/keyframe_frequency] by /view
[rosmaster.master][INFO] 2017-09-13 16:19:35,601: +PARAM [/image/marked/theora/optimize_for] by /view
[rosmaster.master][INFO] 2017-09-13 16:19:35,601: +PARAM [/image/marked/theora/target_bitrate] by /view
[rosmaster.master][INFO] 2017-09-13 16:19:35,602: +PARAM [/image/marked/theora/quality] by /view
[rosmaster.master][INFO] 2017-09-13 16:19:35,603: +PARAM [/image/marked/theora/keyframe_frequency] by /view
[rosmaster.master][INFO] 2017-09-13 16:19:35,639: +SUB [/image] /view http://ubuntu:44223/
[rosmaster.master][INFO] 2017-09-13 16:19:35,644: +SUB [/camera_info] /view http://ubuntu:44223/
[rosmaster.master][INFO] 2017-09-13 16:19:35,647: +SUB [/image_marker] /view http://ubuntu:44223/
[rosmaster.master][INFO] 2017-09-13 16:19:35,650: +SUB [/image/event] /view http://ubuntu:44223/
[rosmaster.master][INFO] 2017-09-13 16:19:35,650: +SERVICE [/view/change_mode] /view http://ubuntu:44223/
[rosmaster.master][INFO] 2017-09-13 16:19:35,651: +SERVICE [/view/rectangle_mode] /view http://ubuntu:44223/
[rosmaster.master][INFO] 2017-09-13 16:19:35,652: +SERVICE [/view/grabcut_mode] /view http://ubuntu:44223/
[rosmaster.master][INFO] 2017-09-13 16:19:35,653: +SERVICE [/view/grabcut_rect_mode] /view http://ubuntu:44223/
[rosmaster.master][INFO] 2017-09-13 16:19:35,653: +SERVICE [/view/line_mode] /view http://ubuntu:44223/
[rosmaster.master][INFO] 2017-09-13 16:19:35,654: +SERVICE [/view/poly_mode] /view http://ubuntu:44223/
[rosmaster.master][INFO] 2017-09-13 16:19:35,655: +SERVICE [/view/none_mode] /view http://ubuntu:44223/
[rosmaster.master][INFO] 2017-09-13 16:19:35,655: +SERVICE [/view/set_parameters] /view http://ubuntu:44223/
[rosmaster.master][INFO] 2017-09-13 16:19:35,656: +PUB [/view/parameter_descriptions] /view http://ubuntu:44223/
[rosmaster.master][INFO] 2017-09-13 16:19:35,657: +PUB [/view/parameter_updates] /view http://ubuntu:44223/
[rosmaster.master][INFO] 2017-09-13 16:19:35,662: +PARAM [/view/grid] by /view
[rosmaster.master][INFO] 2017-09-13 16:19:35,663: +PARAM [/view/fisheye_mode] by /view
[rosmaster.master][INFO] 2017-09-13 16:19:35,663: +PARAM [/view/div_u] by /view
[rosmaster.master][INFO] 2017-09-13 16:19:35,664: +PARAM [/view/div_v] by /view
[rosmaster.master][INFO] 2017-09-13 16:19:35,665: +PARAM [/view/grid_red] by /view
[rosmaster.master][INFO] 2017-09-13 16:19:35,665: +PARAM [/view/grid_green] by /view
[rosmaster.master][INFO] 2017-09-13 16:19:35,666: +PARAM [/view/grid_blue] by /view
[rosmaster.master][INFO] 2017-09-13 16:19:35,667: +PARAM [/view/grid_thickness] by /view
[rosmaster.master][INFO] 2017-09-13 16:19:35,667: +PARAM [/view/grid_space] by /view
[rosmaster.master][INFO] 2017-09-13 16:19:35,668: +PARAM [/view/grid] by /view
[rosmaster.master][INFO] 2017-09-13 16:19:35,669: +PARAM [/view/fisheye_mode] by /view
[rosmaster.master][INFO] 2017-09-13 16:19:35,669: +PARAM [/view/div_u] by /view
[rosmaster.master][INFO] 2017-09-13 16:19:35,670: +PARAM [/view/div_v] by /view
[rosmaster.master][INFO] 2017-09-13 16:19:35,670: +PARAM [/view/grid_red] by /view
[rosmaster.master][INFO] 2017-09-13 16:19:35,671: +PARAM [/view/grid_green] by /view
[rosmaster.master][INFO] 2017-09-13 16:19:35,672: +PARAM [/view/grid_blue] by /view
[rosmaster.master][INFO] 2017-09-13 16:19:35,672: +PARAM [/view/grid_thickness] by /view
[rosmaster.master][INFO] 2017-09-13 16:19:35,673: +PARAM [/view/grid_space] by /view
[rosmaster.master][INFO] 2017-09-13 16:21:29,161: -PUB [/rosout] /view http://ubuntu:44223/
[rosmaster.master][INFO] 2017-09-13 16:21:29,164: -PUB [/image/screenpoint] /view http://ubuntu:44223/
[rosmaster.master][INFO] 2017-09-13 16:21:29,164: -PUB [/image/screenpoint_array] /view http://ubuntu:44223/
[rosmaster.master][INFO] 2017-09-13 16:21:29,165: -PUB [/image/screenrectangle] /view http://ubuntu:44223/
[rosmaster.master][INFO] 2017-09-13 16:21:29,166: -PUB [/image/screenrectangle_image] /view http://ubuntu:44223/
[rosmaster.master][INFO] 2017-09-13 16:21:29,168: -PUB [/image/movepoint] /view http://ubuntu:44223/
[rosmaster.master][INFO] 2017-09-13 16:21:29,171: -PUB [/image/foreground] /view http://ubuntu:44223/
[rosmaster.master][INFO] 2017-09-13 16:21:29,172: -PUB [/image/background] /view http://ubuntu:44223/
[rosmaster.master][INFO] 2017-09-13 16:21:29,173: -PUB [/image/foreground_rect] /view http://ubuntu:44223/
[rosmaster.master][INFO] 2017-09-13 16:21:29,174: -PUB [/image/background_rect] /view http://ubuntu:44223/
[rosmaster.master][INFO] 2017-09-13 16:21:29,176: -PUB [/image/line] /view http://ubuntu:44223/
[rosmaster.master][INFO] 2017-09-13 16:21:29,179: publisherUpdate[/rosout] -> http://ubuntu:36133/ ['http://ubuntu:37804/']
[rosmaster.master][INFO] 2017-09-13 16:21:29,179: publisherUpdate[/rosout] -> http://ubuntu:36133/ ['http://ubuntu:37804/']: sec=0.00, result=[1, '', 0]
[rosmaster.master][INFO] 2017-09-13 16:21:29,180: -PUB [/image/poly] /view http://ubuntu:44223/
[rosmaster.master][INFO] 2017-09-13 16:21:29,181: -PUB [/image_marked/compressedDepth] /view http://ubuntu:44223/
[rosmaster.master][INFO] 2017-09-13 16:21:29,183: -PUB [/image_marked/compressedDepth/parameter_descriptions] /view http://ubuntu:44223/
[rosmaster.master][INFO] 2017-09-13 16:21:29,184: -PUB [/rosout] /image_converter http://ubuntu:37804/
[rosmaster.master][INFO] 2017-09-13 16:21:29,185: -PUB [/image/compressedDepth] /image_converter http://ubuntu:37804/
[rosmaster.master][INFO] 2017-09-13 16:21:29,187: -PUB [/image_marked/compressedDepth/parameter_updates] /view http://ubuntu:44223/
[rosmaster.master][INFO] 2017-09-13 16:21:29,188: -PUB [/image/compressedDepth/parameter_descriptions] /image_converter http://ubuntu:37804/
[rosmaster.master][INFO] 2017-09-13 16:21:29,192: -PUB [/image/compressedDepth/parameter_updates] /image_converter http://ubuntu:37804/
[rosmaster.master][INFO] 2017-09-13 16:21:29,194: -PUB [/image_marked/compressed] /view http://ubuntu:44223/
[rosmaster.master][INFO] 2017-09-13 16:21:29,195: -PUB [/image_marked/compressed/parameter_descriptions] /view http://ubuntu:44223/
[rosmaster.master][INFO] 2017-09-13 16:21:29,196: -PUB [/image_marked/compressed/parameter_updates] /view http://ubuntu:44223/
[rosmaster.master][INFO] 2017-09-13 16:21:29,198: -PUB [/image_marked] /view http://ubuntu:44223/
[rosmaster.master][INFO] 2017-09-13 16:21:29,200: -PUB [/image/compressed] /image_converter http://ubuntu:37804/
[rosmaster.master][INFO] 2017-09-13 16:21:29,201: -PUB [/image_marked/theora] /view http://ubuntu:44223/
[rosmaster.master][INFO] 2017-09-13 16:21:29,202: -PUB [/image_marked/theora/parameter_descriptions] /view http://ubuntu:44223/
[rosmaster.master][INFO] 2017-09-13 16:21:29,204: -PUB [/image/compressed/parameter_descriptions] /image_converter http://ubuntu:37804/
[rosmaster.master][INFO] 2017-09-13 16:21:29,206: -PUB [/image_marked/theora/parameter_updates] /view http://ubuntu:44223/
[rosmaster.master][INFO] 2017-09-13 16:21:29,208: -PUB [/image/compressed/parameter_updates] /image_converter http://ubuntu:37804/
[rosmaster.master][INFO] 2017-09-13 16:21:29,210: -PUB [/image/marked/compressedDepth] /view http://ubuntu:44223/
[rosmaster.master][INFO] 2017-09-13 16:21:29,211: -PUB [/image] /image_converter http://ubuntu:37804/
[rosmaster.master][INFO] 2017-09-13 16:21:29,212: -PUB [/image/theora] /image_converter http://ubuntu:37804/
[rosmaster.master][INFO] 2017-09-13 16:21:29,214: -PUB [/image/marked/compressedDepth/parameter_descriptions] /view http://ubuntu:44223/
[rosmaster.master][INFO] 2017-09-13 16:21:29,217: -PUB [/image/theora/parameter_descriptions] /image_converter http://ubuntu:37804/
[rosmaster.master][INFO] 2017-09-13 16:21:29,219: -PUB [/image/marked/compressedDepth/parameter_updates] /view http://ubuntu:44223/
[rosmaster.master][INFO] 2017-09-13 16:21:29,220: -PUB [/image/theora/parameter_updates] /image_converter http://ubuntu:37804/
[rosmaster.master][INFO] 2017-09-13 16:21:29,224: -SUB [/camera/image_raw] /image_converter http://ubuntu:37804/
[rosmaster.master][INFO] 2017-09-13 16:21:29,226: -PUB [/image/marked/compressed] /view http://ubuntu:44223/
[rosmaster.master][INFO] 2017-09-13 16:21:29,227: -PUB [/image/marked/compressed/parameter_descriptions] /view http://ubuntu:44223/
[rosmaster.master][INFO] 2017-09-13 16:21:29,228: -PUB [/image/marked/compressed/parameter_updates] /view http://ubuntu:44223/
[rosmaster.master][INFO] 2017-09-13 16:21:29,230: -PUB [/image/marked] /view http://ubuntu:44223/
[rosmaster.master][INFO] 2017-09-13 16:21:29,232: -SERVICE [/image_converter/get_loggers] /image_converter rosrpc://ubuntu:36520
[rosmaster.master][INFO] 2017-09-13 16:21:29,233: -PUB [/image/marked/theora] /view http://ubuntu:44223/
[rosmaster.master][INFO] 2017-09-13 16:21:29,234: -PUB [/image/marked/theora/parameter_descriptions] /view http://ubuntu:44223/
[rosmaster.master][INFO] 2017-09-13 16:21:29,235: -SERVICE [/image_converter/set_logger_level] /image_converter rosrpc://ubuntu:36520
[rosmaster.master][INFO] 2017-09-13 16:21:29,236: -PUB [/image/marked/theora/parameter_updates] /view http://ubuntu:44223/
[rosmaster.master][INFO] 2017-09-13 16:21:29,242: -SERVICE [/image/compressedDepth/set_parameters] /image_converter rosrpc://ubuntu:36520
[rosmaster.master][INFO] 2017-09-13 16:21:29,243: -PUB [/view/parameter_descriptions] /view http://ubuntu:44223/
[rosmaster.master][INFO] 2017-09-13 16:21:29,244: -PUB [/view/parameter_updates] /view http://ubuntu:44223/
[rosmaster.master][INFO] 2017-09-13 16:21:29,245: -SUB [/tf] /view http://ubuntu:44223/
[rosmaster.master][INFO] 2017-09-13 16:21:29,246: -SUB [/tf_static] /view http://ubuntu:44223/
[rosmaster.master][INFO] 2017-09-13 16:21:29,248: -SERVICE [/image/compressed/set_parameters] /image_converter rosrpc://ubuntu:36520
[rosmaster.master][INFO] 2017-09-13 16:21:29,250: -SUB [/image] /view http://ubuntu:44223/
[rosmaster.master][INFO] 2017-09-13 16:21:29,252: -SERVICE [/image/theora/set_parameters] /image_converter rosrpc://ubuntu:36520
[rosmaster.master][INFO] 2017-09-13 16:21:29,254: -SUB [/camera_info] /view http://ubuntu:44223/
[rosmaster.master][INFO] 2017-09-13 16:21:29,256: -SUB [/image_marker] /view http://ubuntu:44223/
[rosmaster.master][INFO] 2017-09-13 16:21:29,258: -SUB [/image/event] /view http://ubuntu:44223/
[rosmaster.master][INFO] 2017-09-13 16:21:29,260: -SERVICE [/view/get_loggers] /view rosrpc://ubuntu:58620
[rosmaster.master][INFO] 2017-09-13 16:21:29,261: -SERVICE [/view/set_logger_level] /view rosrpc://ubuntu:58620
[rosmaster.master][INFO] 2017-09-13 16:21:29,262: -SERVICE [/image_marked/compressedDepth/set_parameters] /view rosrpc://ubuntu:58620
[rosmaster.master][INFO] 2017-09-13 16:21:29,266: -SERVICE [/image_marked/compressed/set_parameters] /view rosrpc://ubuntu:58620
[rosmaster.master][INFO] 2017-09-13 16:21:29,268: -SERVICE [/image_marked/theora/set_parameters] /view rosrpc://ubuntu:58620
[rosmaster.master][INFO] 2017-09-13 16:21:29,269: -SERVICE [/image/marked/compressedDepth/set_parameters] /view rosrpc://ubuntu:58620
[rosmaster.master][INFO] 2017-09-13 16:21:29,270: -SERVICE [/image/marked/compressed/set_parameters] /view rosrpc://ubuntu:58620
[rosmaster.master][INFO] 2017-09-13 16:21:29,272: -SERVICE [/image/marked/theora/set_parameters] /view rosrpc://ubuntu:58620
[rosmaster.master][INFO] 2017-09-13 16:21:29,276: -SERVICE [/view/change_mode] /view rosrpc://ubuntu:58620
[rosmaster.master][INFO] 2017-09-13 16:21:29,277: -SERVICE [/view/rectangle_mode] /view rosrpc://ubuntu:58620
[rosmaster.master][INFO] 2017-09-13 16:21:29,278: -SERVICE [/view/grabcut_mode] /view rosrpc://ubuntu:58620
[rosmaster.master][INFO] 2017-09-13 16:21:29,279: -SERVICE [/view/grabcut_rect_mode] /view rosrpc://ubuntu:58620
[rosmaster.master][INFO] 2017-09-13 16:21:29,280: publisherUpdate[/rosout] -> http://ubuntu:36133/ []
[rosmaster.master][INFO] 2017-09-13 16:21:29,280: publisherUpdate[/image] -> http://ubuntu:44223/ []
[rosmaster.master][INFO] 2017-09-13 16:21:29,281: publisherUpdate[/rosout] -> http://ubuntu:36133/ []: sec=0.00, result=[1, '', 0]
[rosmaster.master][INFO] 2017-09-13 16:21:29,281: -SERVICE [/view/line_mode] /view rosrpc://ubuntu:58620
[rosmaster.master][INFO] 2017-09-13 16:21:29,283: publisherUpdate[/image] -> http://ubuntu:44223/ []: sec=0.00, exception=<Fault -1: 'publisherUpdate: unknown method name'>
[rosmaster.master][INFO] 2017-09-13 16:21:29,285: -SERVICE [/view/poly_mode] /view rosrpc://ubuntu:58620
[rosmaster.master][INFO] 2017-09-13 16:21:29,292: -SERVICE [/view/none_mode] /view rosrpc://ubuntu:58620
[rosmaster.threadpool][ERROR] 2017-09-13 16:21:29,300: Traceback (most recent call last):
  File "/opt/ros/kinetic/lib/python2.7/dist-packages/rosmaster/threadpool.py", line 218, in run
    result = cmd(*args)
  File "/opt/ros/kinetic/lib/python2.7/dist-packages/rosmaster/master_api.py", line 210, in publisher_update_task
    ret = xmlrpcapi(api).publisherUpdate('/master', topic, pub_uris)
  File "/usr/lib/python2.7/xmlrpclib.py", line 1243, in __call__
    return self.__send(self.__name, args)
  File "/usr/lib/python2.7/xmlrpclib.py", line 1602, in __request
    verbose=self.__verbose
  File "/usr/lib/python2.7/xmlrpclib.py", line 1283, in request
    return self.single_request(host, handler, request_body, verbose)
  File "/usr/lib/python2.7/xmlrpclib.py", line 1316, in single_request
    return self.parse_response(response)
  File "/usr/lib/python2.7/xmlrpclib.py", line 1493, in parse_response
    return u.close()
  File "/usr/lib/python2.7/xmlrpclib.py", line 800, in close
    raise Fault(**self._stack[0])
Fault: <Fault -1: 'publisherUpdate: unknown method name'>

[rosmaster.master][INFO] 2017-09-13 16:21:29,301: -SERVICE [/view/set_parameters] /view rosrpc://ubuntu:58620
[rosmaster.master][INFO] 2017-09-13 16:21:29,684: -PUB [/rosout_agg] /rosout http://ubuntu:36133/
[rosmaster.master][INFO] 2017-09-13 16:21:29,688: -SUB [/rosout] /rosout http://ubuntu:36133/
[rosmaster.master][INFO] 2017-09-13 16:21:29,692: -SERVICE [/rosout/get_loggers] /rosout rosrpc://ubuntu:53112
[rosmaster.master][INFO] 2017-09-13 16:21:29,693: -SERVICE [/rosout/set_logger_level] /rosout rosrpc://ubuntu:53112
[rosmaster.main][INFO] 2017-09-13 16:21:29,791: keyboard interrupt, will exit
[rosmaster.main][INFO] 2017-09-13 16:21:29,792: stopping master...
[rospy.core][INFO] 2017-09-13 16:21:29,792: signal_shutdown [atexit]
