[rosmaster.main][INFO] 2017-09-22 16:03:10,596: initialization complete, waiting for shutdown
[rosmaster.main][INFO] 2017-09-22 16:03:10,596: Starting ROS Master Node
[xmlrpc][INFO] 2017-09-22 16:03:10,597: XML-RPC server binding to 0.0.0.0:11311
[xmlrpc][INFO] 2017-09-22 16:03:10,597: Started XML-RPC server [http://ubuntu:11311/]
[xmlrpc][INFO] 2017-09-22 16:03:10,597: xml rpc node: starting XML-RPC server
[rosmaster.master][INFO] 2017-09-22 16:03:10,597: Master initialized: port[11311], uri[http://ubuntu:11311/]
[rosmaster.master][INFO] 2017-09-22 16:03:10,655: +PARAM [/run_id] by /roslaunch
[rosmaster.master][INFO] 2017-09-22 16:03:10,659: +PARAM [/roslaunch/uris/host_ubuntu__39750] by /roslaunch
[rosmaster.master][INFO] 2017-09-22 16:03:10,762: +PARAM [/rosversion] by /roslaunch
[rosmaster.master][INFO] 2017-09-22 16:03:10,762: +PARAM [/rosdistro] by /roslaunch
[rosmaster.master][INFO] 2017-09-22 16:03:10,762: +PARAM [/camera/device_id] by /roslaunch
[rosmaster.master][INFO] 2017-09-22 16:03:10,795: +SERVICE [/rosout/get_loggers] /rosout http://ubuntu:33882/
[rosmaster.master][INFO] 2017-09-22 16:03:10,797: +SERVICE [/rosout/set_logger_level] /rosout http://ubuntu:33882/
[rosmaster.master][INFO] 2017-09-22 16:03:10,803: +PUB [/rosout_agg] /rosout http://ubuntu:33882/
[rosmaster.master][INFO] 2017-09-22 16:03:10,835: +SUB [/rosout] /rosout http://ubuntu:33882/
[rosmaster.master][INFO] 2017-09-22 16:03:10,924: +PUB [/rosout] /image_converter http://ubuntu:34895/
[rosmaster.master][INFO] 2017-09-22 16:03:10,925: +SERVICE [/image_converter/get_loggers] /image_converter http://ubuntu:34895/
[rosmaster.master][INFO] 2017-09-22 16:03:10,925: +SERVICE [/image_converter/set_logger_level] /image_converter http://ubuntu:34895/
[rosmaster.master][INFO] 2017-09-22 16:03:10,962: +PUB [/rosout] /camera http://ubuntu:39518/
[rosmaster.master][INFO] 2017-09-22 16:03:10,963: +SERVICE [/camera/get_loggers] /camera http://ubuntu:39518/
[rosmaster.master][INFO] 2017-09-22 16:03:10,964: +SERVICE [/camera/set_logger_level] /camera http://ubuntu:39518/
[rosmaster.master][INFO] 2017-09-22 16:03:10,994: +PUB [/rosout] /view http://ubuntu:44049/
[rosmaster.master][INFO] 2017-09-22 16:03:10,995: +SERVICE [/view/get_loggers] /view http://ubuntu:44049/
[rosmaster.master][INFO] 2017-09-22 16:03:10,996: +SERVICE [/view/set_logger_level] /view http://ubuntu:44049/
[rosmaster.master][INFO] 2017-09-22 16:03:10,999: publisherUpdate[/rosout] -> http://ubuntu:33882/ ['http://ubuntu:34895/']
[rosmaster.master][INFO] 2017-09-22 16:03:11,004: publisherUpdate[/rosout] -> http://ubuntu:33882/ ['http://ubuntu:34895/']: sec=0.00, result=[1, '', 0]
[rosmaster.master][INFO] 2017-09-22 16:03:11,004: publisherUpdate[/rosout] -> http://ubuntu:33882/ ['http://ubuntu:34895/', 'http://ubuntu:39518/']
[rosmaster.master][INFO] 2017-09-22 16:03:11,006: publisherUpdate[/rosout] -> http://ubuntu:33882/ ['http://ubuntu:34895/', 'http://ubuntu:39518/']: sec=0.00, result=[1, '', 0]
[rosmaster.master][INFO] 2017-09-22 16:03:11,006: publisherUpdate[/rosout] -> http://ubuntu:33882/ ['http://ubuntu:34895/', 'http://ubuntu:39518/', 'http://ubuntu:44049/']
[rosmaster.master][INFO] 2017-09-22 16:03:11,010: publisherUpdate[/rosout] -> http://ubuntu:33882/ ['http://ubuntu:34895/', 'http://ubuntu:39518/', 'http://ubuntu:44049/']: sec=0.00, result=[1, '', 0]
[rosmaster.master][INFO] 2017-09-22 16:03:11,014: +SUB [/tf] /view http://ubuntu:44049/
[rosmaster.master][INFO] 2017-09-22 16:03:11,023: +SUB [/tf_static] /view http://ubuntu:44049/
[rosmaster.master][INFO] 2017-09-22 16:03:11,032: +SERVICE [/camera/set_camera_info] /camera http://ubuntu:39518/
[rosmaster.master][INFO] 2017-09-22 16:03:11,065: +PUB [/image/screenpoint] /view http://ubuntu:44049/
[rosmaster.master][INFO] 2017-09-22 16:03:11,066: +PUB [/image/screenpoint_array] /view http://ubuntu:44049/
[rosmaster.master][INFO] 2017-09-22 16:03:11,067: +PUB [/image/screenrectangle] /view http://ubuntu:44049/
[rosmaster.master][INFO] 2017-09-22 16:03:11,069: +PUB [/image/screenrectangle_image] /view http://ubuntu:44049/
[rosmaster.master][INFO] 2017-09-22 16:03:11,070: +PUB [/image/movepoint] /view http://ubuntu:44049/
[rosmaster.master][INFO] 2017-09-22 16:03:11,071: +PUB [/image/foreground] /view http://ubuntu:44049/
[rosmaster.master][INFO] 2017-09-22 16:03:11,072: +PUB [/image/background] /view http://ubuntu:44049/
[rosmaster.master][INFO] 2017-09-22 16:03:11,074: +PUB [/image/foreground_rect] /view http://ubuntu:44049/
[rosmaster.master][INFO] 2017-09-22 16:03:11,075: +PUB [/image/background_rect] /view http://ubuntu:44049/
[rosmaster.master][INFO] 2017-09-22 16:03:11,075: +SUB [/camera/image_raw] /image_converter http://ubuntu:34895/
[rosmaster.master][INFO] 2017-09-22 16:03:11,083: +PUB [/image/line] /view http://ubuntu:44049/
[rosmaster.master][INFO] 2017-09-22 16:03:11,083: +PUB [/image/poly] /view http://ubuntu:44049/
[rosmaster.master][INFO] 2017-09-22 16:03:11,373: +PUB [/image/compressedDepth] /image_converter http://ubuntu:34895/
[rosmaster.master][INFO] 2017-09-22 16:03:11,374: +SERVICE [/image/compressedDepth/set_parameters] /image_converter http://ubuntu:34895/
[rosmaster.master][INFO] 2017-09-22 16:03:11,375: +PUB [/image/compressedDepth/parameter_descriptions] /image_converter http://ubuntu:34895/
[rosmaster.master][INFO] 2017-09-22 16:03:11,375: +PUB [/image/compressedDepth/parameter_updates] /image_converter http://ubuntu:34895/
[rosmaster.master][INFO] 2017-09-22 16:03:11,381: +PARAM [/image/compressedDepth/depth_max] by /image_converter
[rosmaster.master][INFO] 2017-09-22 16:03:11,381: +PARAM [/image/compressedDepth/depth_quantization] by /image_converter
[rosmaster.master][INFO] 2017-09-22 16:03:11,382: +PARAM [/image/compressedDepth/png_level] by /image_converter
[rosmaster.master][INFO] 2017-09-22 16:03:11,385: +PARAM [/image/compressedDepth/depth_max] by /image_converter
[rosmaster.master][INFO] 2017-09-22 16:03:11,386: +PARAM [/image/compressedDepth/depth_quantization] by /image_converter
[rosmaster.master][INFO] 2017-09-22 16:03:11,386: +PUB [/image_marked/compressedDepth] /view http://ubuntu:44049/
[rosmaster.master][INFO] 2017-09-22 16:03:11,387: +PARAM [/image/compressedDepth/png_level] by /image_converter
[rosmaster.master][INFO] 2017-09-22 16:03:11,394: +SERVICE [/image_marked/compressedDepth/set_parameters] /view http://ubuntu:44049/
[rosmaster.master][INFO] 2017-09-22 16:03:11,395: +PUB [/image_marked/compressedDepth/parameter_descriptions] /view http://ubuntu:44049/
[rosmaster.master][INFO] 2017-09-22 16:03:11,396: +PUB [/image_marked/compressedDepth/parameter_updates] /view http://ubuntu:44049/
[rosmaster.master][INFO] 2017-09-22 16:03:11,398: +PARAM [/image_marked/compressedDepth/depth_max] by /view
[rosmaster.master][INFO] 2017-09-22 16:03:11,402: +PARAM [/image_marked/compressedDepth/depth_quantization] by /view
[rosmaster.master][INFO] 2017-09-22 16:03:11,403: +PARAM [/image_marked/compressedDepth/png_level] by /view
[rosmaster.master][INFO] 2017-09-22 16:03:11,404: +PARAM [/image_marked/compressedDepth/depth_max] by /view
[rosmaster.master][INFO] 2017-09-22 16:03:11,405: +PARAM [/image_marked/compressedDepth/depth_quantization] by /view
[rosmaster.master][INFO] 2017-09-22 16:03:11,405: +PARAM [/image_marked/compressedDepth/png_level] by /view
[rosmaster.master][INFO] 2017-09-22 16:03:11,448: +PUB [/image/compressed] /image_converter http://ubuntu:34895/
[rosmaster.master][INFO] 2017-09-22 16:03:11,449: +SERVICE [/image/compressed/set_parameters] /image_converter http://ubuntu:34895/
[rosmaster.master][INFO] 2017-09-22 16:03:11,450: +PUB [/image/compressed/parameter_descriptions] /image_converter http://ubuntu:34895/
[rosmaster.master][INFO] 2017-09-22 16:03:11,451: +PUB [/image/compressed/parameter_updates] /image_converter http://ubuntu:34895/
[rosmaster.master][INFO] 2017-09-22 16:03:11,455: +PARAM [/image/compressed/format] by /image_converter
[rosmaster.master][INFO] 2017-09-22 16:03:11,455: +PARAM [/image/compressed/jpeg_quality] by /image_converter
[rosmaster.master][INFO] 2017-09-22 16:03:11,458: +PARAM [/image/compressed/png_level] by /image_converter
[rosmaster.master][INFO] 2017-09-22 16:03:11,459: +PARAM [/image/compressed/format] by /image_converter
[rosmaster.master][INFO] 2017-09-22 16:03:11,459: +PARAM [/image/compressed/jpeg_quality] by /image_converter
[rosmaster.master][INFO] 2017-09-22 16:03:11,462: +PARAM [/image/compressed/png_level] by /image_converter
[rosmaster.master][INFO] 2017-09-22 16:03:11,466: +PUB [/image_marked/compressed] /view http://ubuntu:44049/
[rosmaster.master][INFO] 2017-09-22 16:03:11,470: +SERVICE [/image_marked/compressed/set_parameters] /view http://ubuntu:44049/
[rosmaster.master][INFO] 2017-09-22 16:03:11,471: +PUB [/image_marked/compressed/parameter_descriptions] /view http://ubuntu:44049/
[rosmaster.master][INFO] 2017-09-22 16:03:11,472: +PUB [/image_marked/compressed/parameter_updates] /view http://ubuntu:44049/
[rosmaster.master][INFO] 2017-09-22 16:03:11,475: +PARAM [/image_marked/compressed/format] by /view
[rosmaster.master][INFO] 2017-09-22 16:03:11,477: +PARAM [/image_marked/compressed/jpeg_quality] by /view
[rosmaster.master][INFO] 2017-09-22 16:03:11,478: +PARAM [/image_marked/compressed/png_level] by /view
[rosmaster.master][INFO] 2017-09-22 16:03:11,482: +PARAM [/image_marked/compressed/format] by /view
[rosmaster.master][INFO] 2017-09-22 16:03:11,483: +PARAM [/image_marked/compressed/jpeg_quality] by /view
[rosmaster.master][INFO] 2017-09-22 16:03:11,484: +PARAM [/image_marked/compressed/png_level] by /view
[rosmaster.master][INFO] 2017-09-22 16:03:11,517: +PUB [/image] /image_converter http://ubuntu:34895/
[rosmaster.master][INFO] 2017-09-22 16:03:11,533: +PUB [/image_marked] /view http://ubuntu:44049/
[rosmaster.master][INFO] 2017-09-22 16:03:11,575: +PUB [/image/theora] /image_converter http://ubuntu:34895/
[rosmaster.master][INFO] 2017-09-22 16:03:11,576: +SERVICE [/image/theora/set_parameters] /image_converter http://ubuntu:34895/
[rosmaster.master][INFO] 2017-09-22 16:03:11,578: +PUB [/image/theora/parameter_descriptions] /image_converter http://ubuntu:34895/
[rosmaster.master][INFO] 2017-09-22 16:03:11,579: +PUB [/image/theora/parameter_updates] /image_converter http://ubuntu:34895/
[rosmaster.master][INFO] 2017-09-22 16:03:11,593: +PARAM [/image/theora/optimize_for] by /image_converter
[rosmaster.master][INFO] 2017-09-22 16:03:11,594: +PARAM [/image/theora/target_bitrate] by /image_converter
[rosmaster.master][INFO] 2017-09-22 16:03:11,595: +PARAM [/image/theora/quality] by /image_converter
[rosmaster.master][INFO] 2017-09-22 16:03:11,597: +PARAM [/image/theora/keyframe_frequency] by /image_converter
[rosmaster.master][INFO] 2017-09-22 16:03:11,598: +PARAM [/image/theora/optimize_for] by /image_converter
[rosmaster.master][INFO] 2017-09-22 16:03:11,599: +PARAM [/image/theora/target_bitrate] by /image_converter
[rosmaster.master][INFO] 2017-09-22 16:03:11,599: +PUB [/image_marked/theora] /view http://ubuntu:44049/
[rosmaster.master][INFO] 2017-09-22 16:03:11,600: +PARAM [/image/theora/quality] by /image_converter
[rosmaster.master][INFO] 2017-09-22 16:03:11,601: +SERVICE [/image_marked/theora/set_parameters] /view http://ubuntu:44049/
[rosmaster.master][INFO] 2017-09-22 16:03:11,601: +PARAM [/image/theora/keyframe_frequency] by /image_converter
[rosmaster.master][INFO] 2017-09-22 16:03:11,602: +PUB [/image_marked/theora/parameter_descriptions] /view http://ubuntu:44049/
[rosmaster.master][INFO] 2017-09-22 16:03:11,603: +PUB [/image_marked/theora/parameter_updates] /view http://ubuntu:44049/
[rosmaster.master][INFO] 2017-09-22 16:03:11,605: +PARAM [/image_marked/theora/optimize_for] by /view
[rosmaster.master][INFO] 2017-09-22 16:03:11,606: +PARAM [/image_marked/theora/target_bitrate] by /view
[rosmaster.master][INFO] 2017-09-22 16:03:11,607: +PARAM [/image_marked/theora/quality] by /view
[rosmaster.master][INFO] 2017-09-22 16:03:11,607: +PARAM [/image_marked/theora/keyframe_frequency] by /view
[rosmaster.master][INFO] 2017-09-22 16:03:11,608: +PARAM [/image_marked/theora/optimize_for] by /view
[rosmaster.master][INFO] 2017-09-22 16:03:11,609: +PARAM [/image_marked/theora/target_bitrate] by /view
[rosmaster.master][INFO] 2017-09-22 16:03:11,609: +PARAM [/image_marked/theora/quality] by /view
[rosmaster.master][INFO] 2017-09-22 16:03:11,610: +PARAM [/image_marked/theora/keyframe_frequency] by /view
[rosmaster.master][INFO] 2017-09-22 16:03:11,636: +PUB [/image/marked/compressedDepth] /view http://ubuntu:44049/
[rosmaster.master][INFO] 2017-09-22 16:03:11,637: +SERVICE [/image/marked/compressedDepth/set_parameters] /view http://ubuntu:44049/
[rosmaster.master][INFO] 2017-09-22 16:03:11,638: +PUB [/image/marked/compressedDepth/parameter_descriptions] /view http://ubuntu:44049/
[rosmaster.master][INFO] 2017-09-22 16:03:11,638: +PUB [/image/marked/compressedDepth/parameter_updates] /view http://ubuntu:44049/
[rosmaster.master][INFO] 2017-09-22 16:03:11,640: +PARAM [/image/marked/compressedDepth/depth_max] by /view
[rosmaster.master][INFO] 2017-09-22 16:03:11,641: +PARAM [/image/marked/compressedDepth/depth_quantization] by /view
[rosmaster.master][INFO] 2017-09-22 16:03:11,642: +PARAM [/image/marked/compressedDepth/png_level] by /view
[rosmaster.master][INFO] 2017-09-22 16:03:11,642: +PARAM [/image/marked/compressedDepth/depth_max] by /view
[rosmaster.master][INFO] 2017-09-22 16:03:11,643: +PARAM [/image/marked/compressedDepth/depth_quantization] by /view
[rosmaster.master][INFO] 2017-09-22 16:03:11,644: +PARAM [/image/marked/compressedDepth/png_level] by /view
[rosmaster.master][INFO] 2017-09-22 16:03:11,669: +PUB [/image/marked/compressed] /view http://ubuntu:44049/
[rosmaster.master][INFO] 2017-09-22 16:03:11,670: +SERVICE [/image/marked/compressed/set_parameters] /view http://ubuntu:44049/
[rosmaster.master][INFO] 2017-09-22 16:03:11,671: +PUB [/image/marked/compressed/parameter_descriptions] /view http://ubuntu:44049/
[rosmaster.master][INFO] 2017-09-22 16:03:11,671: +PUB [/image/marked/compressed/parameter_updates] /view http://ubuntu:44049/
[rosmaster.master][INFO] 2017-09-22 16:03:11,673: +PARAM [/image/marked/compressed/format] by /view
[rosmaster.master][INFO] 2017-09-22 16:03:11,674: +PARAM [/image/marked/compressed/jpeg_quality] by /view
[rosmaster.master][INFO] 2017-09-22 16:03:11,675: +PARAM [/image/marked/compressed/png_level] by /view
[rosmaster.master][INFO] 2017-09-22 16:03:11,675: +PARAM [/image/marked/compressed/format] by /view
[rosmaster.master][INFO] 2017-09-22 16:03:11,676: +PARAM [/image/marked/compressed/jpeg_quality] by /view
[rosmaster.master][INFO] 2017-09-22 16:03:11,677: +PARAM [/image/marked/compressed/png_level] by /view
[rosmaster.master][INFO] 2017-09-22 16:03:11,702: +PUB [/image/marked] /view http://ubuntu:44049/
[rosmaster.master][INFO] 2017-09-22 16:03:11,728: +PUB [/image/marked/theora] /view http://ubuntu:44049/
[rosmaster.master][INFO] 2017-09-22 16:03:11,729: +SERVICE [/image/marked/theora/set_parameters] /view http://ubuntu:44049/
[rosmaster.master][INFO] 2017-09-22 16:03:11,729: +PUB [/image/marked/theora/parameter_descriptions] /view http://ubuntu:44049/
[rosmaster.master][INFO] 2017-09-22 16:03:11,730: +PUB [/image/marked/theora/parameter_updates] /view http://ubuntu:44049/
[rosmaster.master][INFO] 2017-09-22 16:03:11,732: +PARAM [/image/marked/theora/optimize_for] by /view
[rosmaster.master][INFO] 2017-09-22 16:03:11,733: +PARAM [/image/marked/theora/target_bitrate] by /view
[rosmaster.master][INFO] 2017-09-22 16:03:11,734: +PARAM [/image/marked/theora/quality] by /view
[rosmaster.master][INFO] 2017-09-22 16:03:11,734: +PARAM [/image/marked/theora/keyframe_frequency] by /view
[rosmaster.master][INFO] 2017-09-22 16:03:11,735: +PARAM [/image/marked/theora/optimize_for] by /view
[rosmaster.master][INFO] 2017-09-22 16:03:11,736: +PARAM [/image/marked/theora/target_bitrate] by /view
[rosmaster.master][INFO] 2017-09-22 16:03:11,736: +PARAM [/image/marked/theora/quality] by /view
[rosmaster.master][INFO] 2017-09-22 16:03:11,737: +PARAM [/image/marked/theora/keyframe_frequency] by /view
[rosmaster.master][INFO] 2017-09-22 16:03:11,766: +SUB [/image] /view http://ubuntu:44049/
[rosmaster.master][INFO] 2017-09-22 16:03:11,769: +SUB [/camera_info] /view http://ubuntu:44049/
[rosmaster.master][INFO] 2017-09-22 16:03:11,772: +SUB [/image_marker] /view http://ubuntu:44049/
[rosmaster.master][INFO] 2017-09-22 16:03:11,775: +SUB [/image/event] /view http://ubuntu:44049/
[rosmaster.master][INFO] 2017-09-22 16:03:11,776: +SERVICE [/view/change_mode] /view http://ubuntu:44049/
[rosmaster.master][INFO] 2017-09-22 16:03:11,777: +SERVICE [/view/rectangle_mode] /view http://ubuntu:44049/
[rosmaster.master][INFO] 2017-09-22 16:03:11,777: +SERVICE [/view/grabcut_mode] /view http://ubuntu:44049/
[rosmaster.master][INFO] 2017-09-22 16:03:11,778: +SERVICE [/view/grabcut_rect_mode] /view http://ubuntu:44049/
[rosmaster.master][INFO] 2017-09-22 16:03:11,779: +SERVICE [/view/line_mode] /view http://ubuntu:44049/
[rosmaster.master][INFO] 2017-09-22 16:03:11,779: +SERVICE [/view/poly_mode] /view http://ubuntu:44049/
[rosmaster.master][INFO] 2017-09-22 16:03:11,780: +SERVICE [/view/none_mode] /view http://ubuntu:44049/
[rosmaster.master][INFO] 2017-09-22 16:03:11,780: +SERVICE [/view/set_parameters] /view http://ubuntu:44049/
[rosmaster.master][INFO] 2017-09-22 16:03:11,781: +PUB [/view/parameter_descriptions] /view http://ubuntu:44049/
[rosmaster.master][INFO] 2017-09-22 16:03:11,782: +PUB [/view/parameter_updates] /view http://ubuntu:44049/
[rosmaster.master][INFO] 2017-09-22 16:03:11,787: +PARAM [/view/grid] by /view
[rosmaster.master][INFO] 2017-09-22 16:03:11,788: +PARAM [/view/fisheye_mode] by /view
[rosmaster.master][INFO] 2017-09-22 16:03:11,788: +PARAM [/view/div_u] by /view
[rosmaster.master][INFO] 2017-09-22 16:03:11,789: +PARAM [/view/div_v] by /view
[rosmaster.master][INFO] 2017-09-22 16:03:11,789: +PARAM [/view/grid_red] by /view
[rosmaster.master][INFO] 2017-09-22 16:03:11,790: +PARAM [/view/grid_green] by /view
[rosmaster.master][INFO] 2017-09-22 16:03:11,791: +PARAM [/view/grid_blue] by /view
[rosmaster.master][INFO] 2017-09-22 16:03:11,791: +PARAM [/view/grid_thickness] by /view
[rosmaster.master][INFO] 2017-09-22 16:03:11,792: +PARAM [/view/grid_space] by /view
[rosmaster.master][INFO] 2017-09-22 16:03:11,793: +PARAM [/view/grid] by /view
[rosmaster.master][INFO] 2017-09-22 16:03:11,793: +PARAM [/view/fisheye_mode] by /view
[rosmaster.master][INFO] 2017-09-22 16:03:11,794: +PARAM [/view/div_u] by /view
[rosmaster.master][INFO] 2017-09-22 16:03:11,795: +PARAM [/view/div_v] by /view
[rosmaster.master][INFO] 2017-09-22 16:03:11,795: +PARAM [/view/grid_red] by /view
[rosmaster.master][INFO] 2017-09-22 16:03:11,797: +PARAM [/view/grid_green] by /view
[rosmaster.master][INFO] 2017-09-22 16:03:11,797: +PARAM [/view/grid_blue] by /view
[rosmaster.master][INFO] 2017-09-22 16:03:11,798: +PARAM [/view/grid_thickness] by /view
[rosmaster.master][INFO] 2017-09-22 16:03:11,799: +PARAM [/view/grid_space] by /view
[rosmaster.master][INFO] 2017-09-22 16:03:12,712: +PUB [/camera/image_raw/compressedDepth] /camera http://ubuntu:39518/
[rosmaster.master][INFO] 2017-09-22 16:03:12,715: +SERVICE [/camera/image_raw/compressedDepth/set_parameters] /camera http://ubuntu:39518/
[rosmaster.master][INFO] 2017-09-22 16:03:12,718: +PUB [/camera/image_raw/compressedDepth/parameter_descriptions] /camera http://ubuntu:39518/
[rosmaster.master][INFO] 2017-09-22 16:03:12,720: +PUB [/camera/image_raw/compressedDepth/parameter_updates] /camera http://ubuntu:39518/
[rosmaster.master][INFO] 2017-09-22 16:03:12,725: +PARAM [/camera/image_raw/compressedDepth/depth_max] by /camera
[rosmaster.master][INFO] 2017-09-22 16:03:12,733: +PARAM [/camera/image_raw/compressedDepth/depth_quantization] by /camera
[rosmaster.master][INFO] 2017-09-22 16:03:12,735: +PARAM [/camera/image_raw/compressedDepth/png_level] by /camera
[rosmaster.master][INFO] 2017-09-22 16:03:12,736: +PARAM [/camera/image_raw/compressedDepth/depth_max] by /camera
[rosmaster.master][INFO] 2017-09-22 16:03:12,737: +PARAM [/camera/image_raw/compressedDepth/depth_quantization] by /camera
[rosmaster.master][INFO] 2017-09-22 16:03:12,739: +PARAM [/camera/image_raw/compressedDepth/png_level] by /camera
[rosmaster.master][INFO] 2017-09-22 16:03:12,806: +PUB [/camera/image_raw/compressed] /camera http://ubuntu:39518/
[rosmaster.master][INFO] 2017-09-22 16:03:12,809: +SERVICE [/camera/image_raw/compressed/set_parameters] /camera http://ubuntu:39518/
[rosmaster.master][INFO] 2017-09-22 16:03:12,813: +PUB [/camera/image_raw/compressed/parameter_descriptions] /camera http://ubuntu:39518/
[rosmaster.master][INFO] 2017-09-22 16:03:12,817: +PUB [/camera/image_raw/compressed/parameter_updates] /camera http://ubuntu:39518/
[rosmaster.master][INFO] 2017-09-22 16:03:12,821: +PARAM [/camera/image_raw/compressed/format] by /camera
[rosmaster.master][INFO] 2017-09-22 16:03:12,823: +PARAM [/camera/image_raw/compressed/jpeg_quality] by /camera
[rosmaster.master][INFO] 2017-09-22 16:03:12,829: +PARAM [/camera/image_raw/compressed/png_level] by /camera
[rosmaster.master][INFO] 2017-09-22 16:03:12,833: +PARAM [/camera/image_raw/compressed/format] by /camera
[rosmaster.master][INFO] 2017-09-22 16:03:12,834: +PARAM [/camera/image_raw/compressed/jpeg_quality] by /camera
[rosmaster.master][INFO] 2017-09-22 16:03:12,836: +PARAM [/camera/image_raw/compressed/png_level] by /camera
[rosmaster.master][INFO] 2017-09-22 16:03:12,880: +PUB [/camera/image_raw] /camera http://ubuntu:39518/
[rosmaster.master][INFO] 2017-09-22 16:03:12,907: +PUB [/camera/image_raw/theora] /camera http://ubuntu:39518/
[rosmaster.master][INFO] 2017-09-22 16:03:12,908: +SERVICE [/camera/image_raw/theora/set_parameters] /camera http://ubuntu:39518/
[rosmaster.master][INFO] 2017-09-22 16:03:12,908: +PUB [/camera/image_raw/theora/parameter_descriptions] /camera http://ubuntu:39518/
[rosmaster.master][INFO] 2017-09-22 16:03:12,909: +PUB [/camera/image_raw/theora/parameter_updates] /camera http://ubuntu:39518/
[rosmaster.master][INFO] 2017-09-22 16:03:12,912: +PARAM [/camera/image_raw/theora/optimize_for] by /camera
[rosmaster.master][INFO] 2017-09-22 16:03:12,913: +PARAM [/camera/image_raw/theora/target_bitrate] by /camera
[rosmaster.master][INFO] 2017-09-22 16:03:12,913: +PARAM [/camera/image_raw/theora/quality] by /camera
[rosmaster.master][INFO] 2017-09-22 16:03:12,914: +PARAM [/camera/image_raw/theora/keyframe_frequency] by /camera
[rosmaster.master][INFO] 2017-09-22 16:03:12,915: +PARAM [/camera/image_raw/theora/optimize_for] by /camera
[rosmaster.master][INFO] 2017-09-22 16:03:12,915: +PARAM [/camera/image_raw/theora/target_bitrate] by /camera
[rosmaster.master][INFO] 2017-09-22 16:03:12,916: +PARAM [/camera/image_raw/theora/quality] by /camera
[rosmaster.master][INFO] 2017-09-22 16:03:12,917: +PARAM [/camera/image_raw/theora/keyframe_frequency] by /camera
[rosmaster.master][INFO] 2017-09-22 16:03:12,917: +PUB [/camera/camera_info] /camera http://ubuntu:39518/
[rosmaster.master][INFO] 2017-09-22 16:03:12,925: publisherUpdate[/camera/image_raw] -> http://ubuntu:34895/ ['http://ubuntu:39518/']
[rosmaster.master][INFO] 2017-09-22 16:03:12,926: publisherUpdate[/camera/image_raw] -> http://ubuntu:34895/ ['http://ubuntu:39518/']: sec=0.00, result=[1, '', 0]
[rosmaster.master][INFO] 2017-09-22 16:03:16,959: -PUB [/rosout] /view http://ubuntu:44049/
[rosmaster.master][INFO] 2017-09-22 16:03:16,966: -PUB [/image/screenpoint] /view http://ubuntu:44049/
[rosmaster.master][INFO] 2017-09-22 16:03:16,969: -PUB [/image/screenpoint_array] /view http://ubuntu:44049/
[rosmaster.master][INFO] 2017-09-22 16:03:16,975: -PUB [/image/screenrectangle] /view http://ubuntu:44049/
[rosmaster.master][INFO] 2017-09-22 16:03:16,977: -PUB [/image/screenrectangle_image] /view http://ubuntu:44049/
[rosmaster.master][INFO] 2017-09-22 16:03:16,979: -PUB [/image/movepoint] /view http://ubuntu:44049/
[rosmaster.master][INFO] 2017-09-22 16:03:16,981: -PUB [/image/foreground] /view http://ubuntu:44049/
[rosmaster.master][INFO] 2017-09-22 16:03:16,983: -PUB [/image/background] /view http://ubuntu:44049/
[rosmaster.master][INFO] 2017-09-22 16:03:16,988: -PUB [/image/foreground_rect] /view http://ubuntu:44049/
[rosmaster.master][INFO] 2017-09-22 16:03:16,990: -PUB [/image/background_rect] /view http://ubuntu:44049/
[rosmaster.master][INFO] 2017-09-22 16:03:16,993: -PUB [/image/line] /view http://ubuntu:44049/
[rosmaster.master][INFO] 2017-09-22 16:03:16,999: -PUB [/image/poly] /view http://ubuntu:44049/
[rosmaster.master][INFO] 2017-09-22 16:03:17,002: -PUB [/image_marked/compressedDepth] /view http://ubuntu:44049/
[rosmaster.master][INFO] 2017-09-22 16:03:17,003: -PUB [/image_marked/compressedDepth/parameter_descriptions] /view http://ubuntu:44049/
[rosmaster.master][INFO] 2017-09-22 16:03:17,004: -PUB [/image_marked/compressedDepth/parameter_updates] /view http://ubuntu:44049/
[rosmaster.master][INFO] 2017-09-22 16:03:17,006: -PUB [/image_marked/compressed] /view http://ubuntu:44049/
[rosmaster.master][INFO] 2017-09-22 16:03:17,007: -PUB [/image_marked/compressed/parameter_descriptions] /view http://ubuntu:44049/
[rosmaster.master][INFO] 2017-09-22 16:03:17,009: -PUB [/image_marked/compressed/parameter_updates] /view http://ubuntu:44049/
[rosmaster.master][INFO] 2017-09-22 16:03:17,010: -PUB [/image_marked] /view http://ubuntu:44049/
[rosmaster.master][INFO] 2017-09-22 16:03:17,019: -PUB [/image_marked/theora] /view http://ubuntu:44049/
[rosmaster.master][INFO] 2017-09-22 16:03:17,020: -PUB [/image_marked/theora/parameter_descriptions] /view http://ubuntu:44049/
[rosmaster.master][INFO] 2017-09-22 16:03:17,021: -PUB [/image_marked/theora/parameter_updates] /view http://ubuntu:44049/
[rosmaster.master][INFO] 2017-09-22 16:03:17,022: -PUB [/image/marked/compressedDepth] /view http://ubuntu:44049/
[rosmaster.master][INFO] 2017-09-22 16:03:17,025: -PUB [/image/marked/compressedDepth/parameter_descriptions] /view http://ubuntu:44049/
[rosmaster.master][INFO] 2017-09-22 16:03:17,028: -PUB [/image/marked/compressedDepth/parameter_updates] /view http://ubuntu:44049/
[rosmaster.master][INFO] 2017-09-22 16:03:17,030: -PUB [/image/marked/compressed] /view http://ubuntu:44049/
[rosmaster.master][INFO] 2017-09-22 16:03:17,033: -PUB [/image/marked/compressed/parameter_descriptions] /view http://ubuntu:44049/
[rosmaster.master][INFO] 2017-09-22 16:03:17,034: -PUB [/image/marked/compressed/parameter_updates] /view http://ubuntu:44049/
[rosmaster.master][INFO] 2017-09-22 16:03:17,040: -PUB [/image/marked] /view http://ubuntu:44049/
[rosmaster.master][INFO] 2017-09-22 16:03:17,044: -PUB [/image/marked/theora] /view http://ubuntu:44049/
[rosmaster.master][INFO] 2017-09-22 16:03:17,045: -PUB [/image/marked/theora/parameter_descriptions] /view http://ubuntu:44049/
[rosmaster.master][INFO] 2017-09-22 16:03:17,048: -PUB [/image/marked/theora/parameter_updates] /view http://ubuntu:44049/
[rosmaster.master][INFO] 2017-09-22 16:03:17,049: -PUB [/view/parameter_descriptions] /view http://ubuntu:44049/
[rosmaster.master][INFO] 2017-09-22 16:03:17,049: -PUB [/view/parameter_updates] /view http://ubuntu:44049/
[rosmaster.master][INFO] 2017-09-22 16:03:17,050: -SUB [/tf] /view http://ubuntu:44049/
[rosmaster.master][INFO] 2017-09-22 16:03:17,051: -SUB [/tf_static] /view http://ubuntu:44049/
[rosmaster.master][INFO] 2017-09-22 16:03:17,054: publisherUpdate[/rosout] -> http://ubuntu:33882/ ['http://ubuntu:34895/', 'http://ubuntu:39518/']
[rosmaster.master][INFO] 2017-09-22 16:03:17,054: publisherUpdate[/rosout] -> http://ubuntu:33882/ ['http://ubuntu:34895/', 'http://ubuntu:39518/']: sec=0.00, result=[1, '', 0]
[rosmaster.master][INFO] 2017-09-22 16:03:17,055: -SUB [/image] /view http://ubuntu:44049/
[rosmaster.master][INFO] 2017-09-22 16:03:17,056: -PUB [/rosout] /camera http://ubuntu:39518/
[rosmaster.master][INFO] 2017-09-22 16:03:17,068: -SUB [/camera_info] /view http://ubuntu:44049/
[rosmaster.master][INFO] 2017-09-22 16:03:17,068: -PUB [/camera/image_raw/compressedDepth] /camera http://ubuntu:39518/
[rosmaster.master][INFO] 2017-09-22 16:03:17,069: -PUB [/camera/image_raw/compressedDepth/parameter_descriptions] /camera http://ubuntu:39518/
[rosmaster.master][INFO] 2017-09-22 16:03:17,074: -SUB [/image_marker] /view http://ubuntu:44049/
[rosmaster.master][INFO] 2017-09-22 16:03:17,075: -PUB [/camera/image_raw/compressedDepth/parameter_updates] /camera http://ubuntu:39518/
[rosmaster.master][INFO] 2017-09-22 16:03:17,077: -SUB [/image/event] /view http://ubuntu:44049/
[rosmaster.master][INFO] 2017-09-22 16:03:17,085: -PUB [/camera/image_raw/compressed] /camera http://ubuntu:39518/
[rosmaster.master][INFO] 2017-09-22 16:03:17,088: -SERVICE [/view/get_loggers] /view rosrpc://ubuntu:49602
[rosmaster.master][INFO] 2017-09-22 16:03:17,088: -PUB [/camera/image_raw/compressed/parameter_descriptions] /camera http://ubuntu:39518/
[rosmaster.master][INFO] 2017-09-22 16:03:17,094: -SERVICE [/view/set_logger_level] /view rosrpc://ubuntu:49602
[rosmaster.master][INFO] 2017-09-22 16:03:17,098: -PUB [/camera/image_raw/compressed/parameter_updates] /camera http://ubuntu:39518/
[rosmaster.master][INFO] 2017-09-22 16:03:17,099: -SERVICE [/image_marked/compressedDepth/set_parameters] /view rosrpc://ubuntu:49602
[rosmaster.master][INFO] 2017-09-22 16:03:17,100: -PUB [/camera/image_raw] /camera http://ubuntu:39518/
[rosmaster.master][INFO] 2017-09-22 16:03:17,104: -SERVICE [/image_marked/compressed/set_parameters] /view rosrpc://ubuntu:49602
[rosmaster.master][INFO] 2017-09-22 16:03:17,105: -PUB [/camera/image_raw/theora] /camera http://ubuntu:39518/
[rosmaster.master][INFO] 2017-09-22 16:03:17,105: -PUB [/camera/image_raw/theora/parameter_descriptions] /camera http://ubuntu:39518/
[rosmaster.master][INFO] 2017-09-22 16:03:17,106: -PUB [/camera/image_raw/theora/parameter_updates] /camera http://ubuntu:39518/
[rosmaster.master][INFO] 2017-09-22 16:03:17,107: -PUB [/camera/camera_info] /camera http://ubuntu:39518/
[rosmaster.master][INFO] 2017-09-22 16:03:17,118: -SERVICE [/image_marked/theora/set_parameters] /view rosrpc://ubuntu:49602
[rosmaster.master][INFO] 2017-09-22 16:03:17,118: -SERVICE [/camera/get_loggers] /camera rosrpc://ubuntu:34989
[rosmaster.master][INFO] 2017-09-22 16:03:17,122: -SERVICE [/image/marked/compressedDepth/set_parameters] /view rosrpc://ubuntu:49602
[rosmaster.master][INFO] 2017-09-22 16:03:17,122: -SERVICE [/camera/set_logger_level] /camera rosrpc://ubuntu:34989
[rosmaster.master][INFO] 2017-09-22 16:03:17,129: -SERVICE [/image/marked/compressed/set_parameters] /view rosrpc://ubuntu:49602
[rosmaster.master][INFO] 2017-09-22 16:03:17,130: -SERVICE [/camera/set_camera_info] /camera rosrpc://ubuntu:34989
[rosmaster.master][INFO] 2017-09-22 16:03:17,131: -SERVICE [/camera/image_raw/compressedDepth/set_parameters] /camera rosrpc://ubuntu:34989
[rosmaster.master][INFO] 2017-09-22 16:03:17,134: -SERVICE [/image/marked/theora/set_parameters] /view rosrpc://ubuntu:49602
[rosmaster.master][INFO] 2017-09-22 16:03:17,135: -SERVICE [/camera/image_raw/compressed/set_parameters] /camera rosrpc://ubuntu:34989
[rosmaster.master][INFO] 2017-09-22 16:03:17,141: -SERVICE [/view/change_mode] /view rosrpc://ubuntu:49602
[rosmaster.master][INFO] 2017-09-22 16:03:17,144: -SERVICE [/camera/image_raw/theora/set_parameters] /camera rosrpc://ubuntu:34989
[rosmaster.master][INFO] 2017-09-22 16:03:17,146: -SERVICE [/view/rectangle_mode] /view rosrpc://ubuntu:49602
[rosmaster.master][INFO] 2017-09-22 16:03:17,149: -SERVICE [/view/grabcut_mode] /view rosrpc://ubuntu:49602
[rosmaster.master][INFO] 2017-09-22 16:03:17,150: -SERVICE [/view/grabcut_rect_mode] /view rosrpc://ubuntu:49602
[rosmaster.master][INFO] 2017-09-22 16:03:17,152: -SERVICE [/view/line_mode] /view rosrpc://ubuntu:49602
[rosmaster.master][INFO] 2017-09-22 16:03:17,153: -SERVICE [/view/poly_mode] /view rosrpc://ubuntu:49602
[rosmaster.master][INFO] 2017-09-22 16:03:17,157: publisherUpdate[/rosout] -> http://ubuntu:33882/ ['http://ubuntu:34895/']
[rosmaster.master][INFO] 2017-09-22 16:03:17,158: publisherUpdate[/camera/image_raw] -> http://ubuntu:34895/ []
[rosmaster.master][INFO] 2017-09-22 16:03:17,161: publisherUpdate[/camera/image_raw] -> http://ubuntu:34895/ []: sec=0.00, exception=[Errno 111] Connection refused
[rosmaster.master][INFO] 2017-09-22 16:03:17,164: publisherUpdate[/rosout] -> http://ubuntu:33882/ ['http://ubuntu:34895/']: sec=0.01, result=[1, '', 0]
[rosmaster.master][INFO] 2017-09-22 16:03:17,165: -SERVICE [/view/none_mode] /view rosrpc://ubuntu:49602
[rosmaster.threadpool][ERROR] 2017-09-22 16:03:17,174: Traceback (most recent call last):
  File "/opt/ros/kinetic/lib/python2.7/dist-packages/rosmaster/threadpool.py", line 218, in run
    result = cmd(*args)
  File "/opt/ros/kinetic/lib/python2.7/dist-packages/rosmaster/master_api.py", line 210, in publisher_update_task
    ret = xmlrpcapi(api).publisherUpdate('/master', topic, pub_uris)
  File "/usr/lib/python2.7/xmlrpclib.py", line 1243, in __call__
    return self.__send(self.__name, args)
  File "/usr/lib/python2.7/xmlrpclib.py", line 1602, in __request
    verbose=self.__verbose
  File "/usr/lib/python2.7/xmlrpclib.py", line 1283, in request
    return self.single_request(host, handler, request_body, verbose)
  File "/usr/lib/python2.7/xmlrpclib.py", line 1311, in single_request
    self.send_content(h, request_body)
  File "/usr/lib/python2.7/xmlrpclib.py", line 1459, in send_content
    connection.endheaders(request_body)
  File "/usr/lib/python2.7/httplib.py", line 1053, in endheaders
    self._send_output(message_body)
  File "/usr/lib/python2.7/httplib.py", line 897, in _send_output
    self.send(msg)
  File "/usr/lib/python2.7/httplib.py", line 859, in send
    self.connect()
  File "/usr/lib/python2.7/httplib.py", line 836, in connect
    self.timeout, self.source_address)
  File "/usr/lib/python2.7/socket.py", line 575, in create_connection
    raise err
error: [Errno 111] Connection refused

[rosmaster.master][INFO] 2017-09-22 16:03:17,175: -SERVICE [/view/set_parameters] /view rosrpc://ubuntu:49602
[rosmaster.master][INFO] 2017-09-22 16:03:17,662: -PUB [/rosout_agg] /rosout http://ubuntu:33882/
[rosmaster.master][INFO] 2017-09-22 16:03:17,663: -SUB [/rosout] /rosout http://ubuntu:33882/
[rosmaster.master][INFO] 2017-09-22 16:03:17,663: -SERVICE [/rosout/get_loggers] /rosout rosrpc://ubuntu:60779
[rosmaster.master][INFO] 2017-09-22 16:03:17,664: -SERVICE [/rosout/set_logger_level] /rosout rosrpc://ubuntu:60779
[rosmaster.main][INFO] 2017-09-22 16:03:17,768: keyboard interrupt, will exit
[rosmaster.main][INFO] 2017-09-22 16:03:17,769: stopping master...
[rospy.core][INFO] 2017-09-22 16:03:17,769: signal_shutdown [atexit]
