[rosmaster.main][INFO] 2017-09-22 14:48:01,100: initialization complete, waiting for shutdown
[rosmaster.main][INFO] 2017-09-22 14:48:01,100: Starting ROS Master Node
[xmlrpc][INFO] 2017-09-22 14:48:01,101: XML-RPC server binding to 0.0.0.0:11311
[xmlrpc][INFO] 2017-09-22 14:48:01,101: Started XML-RPC server [http://ubuntu:11311/]
[xmlrpc][INFO] 2017-09-22 14:48:01,101: xml rpc node: starting XML-RPC server
[rosmaster.master][INFO] 2017-09-22 14:48:01,102: Master initialized: port[11311], uri[http://ubuntu:11311/]
[rosmaster.master][INFO] 2017-09-22 14:48:01,185: +PARAM [/run_id] by /roslaunch
[rosmaster.master][INFO] 2017-09-22 14:48:01,189: +PARAM [/roslaunch/uris/host_ubuntu__32843] by /roslaunch
[rosmaster.master][INFO] 2017-09-22 14:48:01,279: +PARAM [/rosversion] by /roslaunch
[rosmaster.master][INFO] 2017-09-22 14:48:01,279: +PARAM [/rosdistro] by /roslaunch
[rosmaster.master][INFO] 2017-09-22 14:48:01,279: +PARAM [/camera/device_id] by /roslaunch
[rosmaster.master][INFO] 2017-09-22 14:48:01,352: +SERVICE [/rosout/get_loggers] /rosout http://ubuntu:39705/
[rosmaster.master][INFO] 2017-09-22 14:48:01,353: +SERVICE [/rosout/set_logger_level] /rosout http://ubuntu:39705/
[rosmaster.master][INFO] 2017-09-22 14:48:01,359: +PUB [/rosout_agg] /rosout http://ubuntu:39705/
[rosmaster.master][INFO] 2017-09-22 14:48:01,387: +SUB [/rosout] /rosout http://ubuntu:39705/
[rosmaster.master][INFO] 2017-09-22 14:48:01,453: +PUB [/rosout] /image_converter http://ubuntu:42321/
[rosmaster.master][INFO] 2017-09-22 14:48:01,454: +SERVICE [/image_converter/get_loggers] /image_converter http://ubuntu:42321/
[rosmaster.master][INFO] 2017-09-22 14:48:01,455: +SERVICE [/image_converter/set_logger_level] /image_converter http://ubuntu:42321/
[rosmaster.master][INFO] 2017-09-22 14:48:01,490: +PUB [/rosout] /view http://ubuntu:39740/
[rosmaster.master][INFO] 2017-09-22 14:48:01,491: +SERVICE [/view/get_loggers] /view http://ubuntu:39740/
[rosmaster.master][INFO] 2017-09-22 14:48:01,491: +SERVICE [/view/set_logger_level] /view http://ubuntu:39740/
[rosmaster.master][INFO] 2017-09-22 14:48:01,500: +SUB [/tf] /view http://ubuntu:39740/
[rosmaster.master][INFO] 2017-09-22 14:48:01,506: publisherUpdate[/rosout] -> http://ubuntu:39705/ ['http://ubuntu:42321/']
[rosmaster.master][INFO] 2017-09-22 14:48:01,509: publisherUpdate[/rosout] -> http://ubuntu:39705/ ['http://ubuntu:42321/']: sec=0.00, result=[1, '', 0]
[rosmaster.master][INFO] 2017-09-22 14:48:01,509: publisherUpdate[/rosout] -> http://ubuntu:39705/ ['http://ubuntu:42321/', 'http://ubuntu:39740/']
[rosmaster.master][INFO] 2017-09-22 14:48:01,512: publisherUpdate[/rosout] -> http://ubuntu:39705/ ['http://ubuntu:42321/', 'http://ubuntu:39740/']: sec=0.00, result=[1, '', 0]
[rosmaster.master][INFO] 2017-09-22 14:48:01,520: +SUB [/tf_static] /view http://ubuntu:39740/
[rosmaster.master][INFO] 2017-09-22 14:48:01,544: +PUB [/rosout] /camera http://ubuntu:46195/
[rosmaster.master][INFO] 2017-09-22 14:48:01,545: +SERVICE [/camera/get_loggers] /camera http://ubuntu:46195/
[rosmaster.master][INFO] 2017-09-22 14:48:01,545: +SERVICE [/camera/set_logger_level] /camera http://ubuntu:46195/
[rosmaster.master][INFO] 2017-09-22 14:48:01,586: +PUB [/image/screenpoint] /view http://ubuntu:39740/
[rosmaster.master][INFO] 2017-09-22 14:48:01,586: +PUB [/image/screenpoint_array] /view http://ubuntu:39740/
[rosmaster.master][INFO] 2017-09-22 14:48:01,587: +PUB [/image/screenrectangle] /view http://ubuntu:39740/
[rosmaster.master][INFO] 2017-09-22 14:48:01,588: +PUB [/image/screenrectangle_image] /view http://ubuntu:39740/
[rosmaster.master][INFO] 2017-09-22 14:48:01,588: +PUB [/image/movepoint] /view http://ubuntu:39740/
[rosmaster.master][INFO] 2017-09-22 14:48:01,589: +PUB [/image/foreground] /view http://ubuntu:39740/
[rosmaster.master][INFO] 2017-09-22 14:48:01,590: +PUB [/image/background] /view http://ubuntu:39740/
[rosmaster.master][INFO] 2017-09-22 14:48:01,594: +PUB [/image/foreground_rect] /view http://ubuntu:39740/
[rosmaster.master][INFO] 2017-09-22 14:48:01,594: +PUB [/image/background_rect] /view http://ubuntu:39740/
[rosmaster.master][INFO] 2017-09-22 14:48:01,595: +PUB [/image/line] /view http://ubuntu:39740/
[rosmaster.master][INFO] 2017-09-22 14:48:01,596: +PUB [/image/poly] /view http://ubuntu:39740/
[rosmaster.master][INFO] 2017-09-22 14:48:01,609: publisherUpdate[/rosout] -> http://ubuntu:39705/ ['http://ubuntu:42321/', 'http://ubuntu:39740/', 'http://ubuntu:46195/']
[rosmaster.master][INFO] 2017-09-22 14:48:01,610: publisherUpdate[/rosout] -> http://ubuntu:39705/ ['http://ubuntu:42321/', 'http://ubuntu:39740/', 'http://ubuntu:46195/']: sec=0.00, result=[1, '', 0]
[rosmaster.master][INFO] 2017-09-22 14:48:01,609: +SERVICE [/camera/set_camera_info] /camera http://ubuntu:46195/
[rosmaster.master][INFO] 2017-09-22 14:48:01,614: -SERVICE [/camera/set_camera_info] /camera rosrpc://ubuntu:44594
[rosmaster.master][INFO] 2017-09-22 14:48:01,615: +SUB [/camera/image_raw] /image_converter http://ubuntu:42321/
[rosmaster.master][INFO] 2017-09-22 14:48:01,692: +PUB [/image/compressedDepth] /image_converter http://ubuntu:42321/
[rosmaster.master][INFO] 2017-09-22 14:48:01,693: +SERVICE [/image/compressedDepth/set_parameters] /image_converter http://ubuntu:42321/
[rosmaster.master][INFO] 2017-09-22 14:48:01,693: +PUB [/image/compressedDepth/parameter_descriptions] /image_converter http://ubuntu:42321/
[rosmaster.master][INFO] 2017-09-22 14:48:01,694: +PUB [/image/compressedDepth/parameter_updates] /image_converter http://ubuntu:42321/
[rosmaster.master][INFO] 2017-09-22 14:48:01,696: +PUB [/image_marked/compressedDepth] /view http://ubuntu:39740/
[rosmaster.master][INFO] 2017-09-22 14:48:01,697: +PARAM [/image/compressedDepth/depth_max] by /image_converter
[rosmaster.master][INFO] 2017-09-22 14:48:01,698: +SERVICE [/image_marked/compressedDepth/set_parameters] /view http://ubuntu:39740/
[rosmaster.master][INFO] 2017-09-22 14:48:01,699: +PARAM [/image/compressedDepth/depth_quantization] by /image_converter
[rosmaster.master][INFO] 2017-09-22 14:48:01,699: +PUB [/image_marked/compressedDepth/parameter_descriptions] /view http://ubuntu:39740/
[rosmaster.master][INFO] 2017-09-22 14:48:01,700: +PARAM [/image/compressedDepth/png_level] by /image_converter
[rosmaster.master][INFO] 2017-09-22 14:48:01,701: +PUB [/image_marked/compressedDepth/parameter_updates] /view http://ubuntu:39740/
[rosmaster.master][INFO] 2017-09-22 14:48:01,701: +PARAM [/image/compressedDepth/depth_max] by /image_converter
[rosmaster.master][INFO] 2017-09-22 14:48:01,702: +PARAM [/image/compressedDepth/depth_quantization] by /image_converter
[rosmaster.master][INFO] 2017-09-22 14:48:01,703: +PARAM [/image/compressedDepth/png_level] by /image_converter
[rosmaster.master][INFO] 2017-09-22 14:48:01,712: +PARAM [/image_marked/compressedDepth/depth_max] by /view
[rosmaster.master][INFO] 2017-09-22 14:48:01,713: +PARAM [/image_marked/compressedDepth/depth_quantization] by /view
[rosmaster.master][INFO] 2017-09-22 14:48:01,713: +PARAM [/image_marked/compressedDepth/png_level] by /view
[rosmaster.master][INFO] 2017-09-22 14:48:01,714: +PARAM [/image_marked/compressedDepth/depth_max] by /view
[rosmaster.master][INFO] 2017-09-22 14:48:01,718: +PARAM [/image_marked/compressedDepth/depth_quantization] by /view
[rosmaster.master][INFO] 2017-09-22 14:48:01,718: +PARAM [/image_marked/compressedDepth/png_level] by /view
[rosmaster.master][INFO] 2017-09-22 14:48:01,763: +PUB [/image/compressed] /image_converter http://ubuntu:42321/
[rosmaster.master][INFO] 2017-09-22 14:48:01,763: +SERVICE [/image/compressed/set_parameters] /image_converter http://ubuntu:42321/
[rosmaster.master][INFO] 2017-09-22 14:48:01,764: +PUB [/image/compressed/parameter_descriptions] /image_converter http://ubuntu:42321/
[rosmaster.master][INFO] 2017-09-22 14:48:01,765: +PUB [/image/compressed/parameter_updates] /image_converter http://ubuntu:42321/
[rosmaster.master][INFO] 2017-09-22 14:48:01,767: +PUB [/image_marked/compressed] /view http://ubuntu:39740/
[rosmaster.master][INFO] 2017-09-22 14:48:01,768: +PARAM [/image/compressed/format] by /image_converter
[rosmaster.master][INFO] 2017-09-22 14:48:01,768: +SERVICE [/image_marked/compressed/set_parameters] /view http://ubuntu:39740/
[rosmaster.master][INFO] 2017-09-22 14:48:01,769: +PARAM [/image/compressed/jpeg_quality] by /image_converter
[rosmaster.master][INFO] 2017-09-22 14:48:01,770: +PUB [/image_marked/compressed/parameter_descriptions] /view http://ubuntu:39740/
[rosmaster.master][INFO] 2017-09-22 14:48:01,770: +PARAM [/image/compressed/png_level] by /image_converter
[rosmaster.master][INFO] 2017-09-22 14:48:01,771: +PUB [/image_marked/compressed/parameter_updates] /view http://ubuntu:39740/
[rosmaster.master][INFO] 2017-09-22 14:48:01,772: +PARAM [/image/compressed/format] by /image_converter
[rosmaster.master][INFO] 2017-09-22 14:48:01,773: +PARAM [/image/compressed/jpeg_quality] by /image_converter
[rosmaster.master][INFO] 2017-09-22 14:48:01,774: +PARAM [/image/compressed/png_level] by /image_converter
[rosmaster.master][INFO] 2017-09-22 14:48:01,779: +PARAM [/image_marked/compressed/format] by /view
[rosmaster.master][INFO] 2017-09-22 14:48:01,781: +PARAM [/image_marked/compressed/jpeg_quality] by /view
[rosmaster.master][INFO] 2017-09-22 14:48:01,782: +PARAM [/image_marked/compressed/png_level] by /view
[rosmaster.master][INFO] 2017-09-22 14:48:01,783: +PARAM [/image_marked/compressed/format] by /view
[rosmaster.master][INFO] 2017-09-22 14:48:01,787: +PARAM [/image_marked/compressed/jpeg_quality] by /view
[rosmaster.master][INFO] 2017-09-22 14:48:01,787: +PARAM [/image_marked/compressed/png_level] by /view
[rosmaster.master][INFO] 2017-09-22 14:48:01,813: -PUB [/rosout] /camera http://ubuntu:46195/
[rosmaster.master][INFO] 2017-09-22 14:48:01,814: -SERVICE [/camera/get_loggers] /camera rosrpc://ubuntu:44594
[rosmaster.master][INFO] 2017-09-22 14:48:01,814: publisherUpdate[/rosout] -> http://ubuntu:39705/ ['http://ubuntu:42321/', 'http://ubuntu:39740/']
[rosmaster.master][INFO] 2017-09-22 14:48:01,814: publisherUpdate[/rosout] -> http://ubuntu:39705/ ['http://ubuntu:42321/', 'http://ubuntu:39740/']: sec=0.00, result=[1, '', 0]
[rosmaster.master][INFO] 2017-09-22 14:48:01,815: -SERVICE [/camera/set_logger_level] /camera rosrpc://ubuntu:44594
[rosmaster.master][INFO] 2017-09-22 14:48:01,830: +PUB [/image] /image_converter http://ubuntu:42321/
[rosmaster.master][INFO] 2017-09-22 14:48:01,845: +PUB [/image_marked] /view http://ubuntu:39740/
[rosmaster.master][INFO] 2017-09-22 14:48:01,889: +PUB [/image/theora] /image_converter http://ubuntu:42321/
[rosmaster.master][INFO] 2017-09-22 14:48:01,890: +SERVICE [/image/theora/set_parameters] /image_converter http://ubuntu:42321/
[rosmaster.master][INFO] 2017-09-22 14:48:01,890: +PUB [/image/theora/parameter_descriptions] /image_converter http://ubuntu:42321/
[rosmaster.master][INFO] 2017-09-22 14:48:01,891: +PUB [/image/theora/parameter_updates] /image_converter http://ubuntu:42321/
[rosmaster.master][INFO] 2017-09-22 14:48:01,896: +PARAM [/image/theora/optimize_for] by /image_converter
[rosmaster.master][INFO] 2017-09-22 14:48:01,897: +PARAM [/image/theora/target_bitrate] by /image_converter
[rosmaster.master][INFO] 2017-09-22 14:48:01,898: +PARAM [/image/theora/quality] by /image_converter
[rosmaster.master][INFO] 2017-09-22 14:48:01,899: +PARAM [/image/theora/keyframe_frequency] by /image_converter
[rosmaster.master][INFO] 2017-09-22 14:48:01,900: +PARAM [/image/theora/optimize_for] by /image_converter
[rosmaster.master][INFO] 2017-09-22 14:48:01,900: +PUB [/image_marked/theora] /view http://ubuntu:39740/
[rosmaster.master][INFO] 2017-09-22 14:48:01,901: +PARAM [/image/theora/target_bitrate] by /image_converter
[rosmaster.master][INFO] 2017-09-22 14:48:01,902: +SERVICE [/image_marked/theora/set_parameters] /view http://ubuntu:39740/
[rosmaster.master][INFO] 2017-09-22 14:48:01,902: +PARAM [/image/theora/quality] by /image_converter
[rosmaster.master][INFO] 2017-09-22 14:48:01,903: +PUB [/image_marked/theora/parameter_descriptions] /view http://ubuntu:39740/
[rosmaster.master][INFO] 2017-09-22 14:48:01,904: +PARAM [/image/theora/keyframe_frequency] by /image_converter
[rosmaster.master][INFO] 2017-09-22 14:48:01,904: +PUB [/image_marked/theora/parameter_updates] /view http://ubuntu:39740/
[rosmaster.master][INFO] 2017-09-22 14:48:01,907: +PARAM [/image_marked/theora/optimize_for] by /view
[rosmaster.master][INFO] 2017-09-22 14:48:01,907: +PARAM [/image_marked/theora/target_bitrate] by /view
[rosmaster.master][INFO] 2017-09-22 14:48:01,908: +PARAM [/image_marked/theora/quality] by /view
[rosmaster.master][INFO] 2017-09-22 14:48:01,908: +PARAM [/image_marked/theora/keyframe_frequency] by /view
[rosmaster.master][INFO] 2017-09-22 14:48:01,909: +PARAM [/image_marked/theora/optimize_for] by /view
[rosmaster.master][INFO] 2017-09-22 14:48:01,910: +PARAM [/image_marked/theora/target_bitrate] by /view
[rosmaster.master][INFO] 2017-09-22 14:48:01,910: +PARAM [/image_marked/theora/quality] by /view
[rosmaster.master][INFO] 2017-09-22 14:48:01,911: +PARAM [/image_marked/theora/keyframe_frequency] by /view
[rosmaster.master][INFO] 2017-09-22 14:48:01,937: +PUB [/image/marked/compressedDepth] /view http://ubuntu:39740/
[rosmaster.master][INFO] 2017-09-22 14:48:01,937: +SERVICE [/image/marked/compressedDepth/set_parameters] /view http://ubuntu:39740/
[rosmaster.master][INFO] 2017-09-22 14:48:01,938: +PUB [/image/marked/compressedDepth/parameter_descriptions] /view http://ubuntu:39740/
[rosmaster.master][INFO] 2017-09-22 14:48:01,939: +PUB [/image/marked/compressedDepth/parameter_updates] /view http://ubuntu:39740/
[rosmaster.master][INFO] 2017-09-22 14:48:01,941: +PARAM [/image/marked/compressedDepth/depth_max] by /view
[rosmaster.master][INFO] 2017-09-22 14:48:01,942: +PARAM [/image/marked/compressedDepth/depth_quantization] by /view
[rosmaster.master][INFO] 2017-09-22 14:48:01,942: +PARAM [/image/marked/compressedDepth/png_level] by /view
[rosmaster.master][INFO] 2017-09-22 14:48:01,943: +PARAM [/image/marked/compressedDepth/depth_max] by /view
[rosmaster.master][INFO] 2017-09-22 14:48:01,944: +PARAM [/image/marked/compressedDepth/depth_quantization] by /view
[rosmaster.master][INFO] 2017-09-22 14:48:01,944: +PARAM [/image/marked/compressedDepth/png_level] by /view
[rosmaster.master][INFO] 2017-09-22 14:48:01,989: +PUB [/image/marked/compressed] /view http://ubuntu:39740/
[rosmaster.master][INFO] 2017-09-22 14:48:01,990: +SERVICE [/image/marked/compressed/set_parameters] /view http://ubuntu:39740/
[rosmaster.master][INFO] 2017-09-22 14:48:01,991: +PUB [/image/marked/compressed/parameter_descriptions] /view http://ubuntu:39740/
[rosmaster.master][INFO] 2017-09-22 14:48:01,991: +PUB [/image/marked/compressed/parameter_updates] /view http://ubuntu:39740/
[rosmaster.master][INFO] 2017-09-22 14:48:01,993: +PARAM [/image/marked/compressed/format] by /view
[rosmaster.master][INFO] 2017-09-22 14:48:01,994: +PARAM [/image/marked/compressed/jpeg_quality] by /view
[rosmaster.master][INFO] 2017-09-22 14:48:01,994: +PARAM [/image/marked/compressed/png_level] by /view
[rosmaster.master][INFO] 2017-09-22 14:48:01,995: +PARAM [/image/marked/compressed/format] by /view
[rosmaster.master][INFO] 2017-09-22 14:48:01,996: +PARAM [/image/marked/compressed/jpeg_quality] by /view
[rosmaster.master][INFO] 2017-09-22 14:48:01,997: +PARAM [/image/marked/compressed/png_level] by /view
[rosmaster.master][INFO] 2017-09-22 14:48:02,023: +PUB [/image/marked] /view http://ubuntu:39740/
[rosmaster.master][INFO] 2017-09-22 14:48:02,047: +PUB [/image/marked/theora] /view http://ubuntu:39740/
[rosmaster.master][INFO] 2017-09-22 14:48:02,048: +SERVICE [/image/marked/theora/set_parameters] /view http://ubuntu:39740/
[rosmaster.master][INFO] 2017-09-22 14:48:02,049: +PUB [/image/marked/theora/parameter_descriptions] /view http://ubuntu:39740/
[rosmaster.master][INFO] 2017-09-22 14:48:02,050: +PUB [/image/marked/theora/parameter_updates] /view http://ubuntu:39740/
[rosmaster.master][INFO] 2017-09-22 14:48:02,052: +PARAM [/image/marked/theora/optimize_for] by /view
[rosmaster.master][INFO] 2017-09-22 14:48:02,052: +PARAM [/image/marked/theora/target_bitrate] by /view
[rosmaster.master][INFO] 2017-09-22 14:48:02,053: +PARAM [/image/marked/theora/quality] by /view
[rosmaster.master][INFO] 2017-09-22 14:48:02,054: +PARAM [/image/marked/theora/keyframe_frequency] by /view
[rosmaster.master][INFO] 2017-09-22 14:48:02,054: +PARAM [/image/marked/theora/optimize_for] by /view
[rosmaster.master][INFO] 2017-09-22 14:48:02,055: +PARAM [/image/marked/theora/target_bitrate] by /view
[rosmaster.master][INFO] 2017-09-22 14:48:02,056: +PARAM [/image/marked/theora/quality] by /view
[rosmaster.master][INFO] 2017-09-22 14:48:02,056: +PARAM [/image/marked/theora/keyframe_frequency] by /view
[rosmaster.master][INFO] 2017-09-22 14:48:02,084: +SUB [/image] /view http://ubuntu:39740/
[rosmaster.master][INFO] 2017-09-22 14:48:02,087: +SUB [/camera_info] /view http://ubuntu:39740/
[rosmaster.master][INFO] 2017-09-22 14:48:02,090: +SUB [/image_marker] /view http://ubuntu:39740/
[rosmaster.master][INFO] 2017-09-22 14:48:02,093: +SUB [/image/event] /view http://ubuntu:39740/
[rosmaster.master][INFO] 2017-09-22 14:48:02,093: +SERVICE [/view/change_mode] /view http://ubuntu:39740/
[rosmaster.master][INFO] 2017-09-22 14:48:02,094: +SERVICE [/view/rectangle_mode] /view http://ubuntu:39740/
[rosmaster.master][INFO] 2017-09-22 14:48:02,095: +SERVICE [/view/grabcut_mode] /view http://ubuntu:39740/
[rosmaster.master][INFO] 2017-09-22 14:48:02,095: +SERVICE [/view/grabcut_rect_mode] /view http://ubuntu:39740/
[rosmaster.master][INFO] 2017-09-22 14:48:02,096: +SERVICE [/view/line_mode] /view http://ubuntu:39740/
[rosmaster.master][INFO] 2017-09-22 14:48:02,097: +SERVICE [/view/poly_mode] /view http://ubuntu:39740/
[rosmaster.master][INFO] 2017-09-22 14:48:02,097: +SERVICE [/view/none_mode] /view http://ubuntu:39740/
[rosmaster.master][INFO] 2017-09-22 14:48:02,098: +SERVICE [/view/set_parameters] /view http://ubuntu:39740/
[rosmaster.master][INFO] 2017-09-22 14:48:02,099: +PUB [/view/parameter_descriptions] /view http://ubuntu:39740/
[rosmaster.master][INFO] 2017-09-22 14:48:02,099: +PUB [/view/parameter_updates] /view http://ubuntu:39740/
[rosmaster.master][INFO] 2017-09-22 14:48:02,104: +PARAM [/view/grid] by /view
[rosmaster.master][INFO] 2017-09-22 14:48:02,105: +PARAM [/view/fisheye_mode] by /view
[rosmaster.master][INFO] 2017-09-22 14:48:02,106: +PARAM [/view/div_u] by /view
[rosmaster.master][INFO] 2017-09-22 14:48:02,106: +PARAM [/view/div_v] by /view
[rosmaster.master][INFO] 2017-09-22 14:48:02,107: +PARAM [/view/grid_red] by /view
[rosmaster.master][INFO] 2017-09-22 14:48:02,108: +PARAM [/view/grid_green] by /view
[rosmaster.master][INFO] 2017-09-22 14:48:02,108: +PARAM [/view/grid_blue] by /view
[rosmaster.master][INFO] 2017-09-22 14:48:02,109: +PARAM [/view/grid_thickness] by /view
[rosmaster.master][INFO] 2017-09-22 14:48:02,109: +PARAM [/view/grid_space] by /view
[rosmaster.master][INFO] 2017-09-22 14:48:02,110: +PARAM [/view/grid] by /view
[rosmaster.master][INFO] 2017-09-22 14:48:02,111: +PARAM [/view/fisheye_mode] by /view
[rosmaster.master][INFO] 2017-09-22 14:48:02,111: +PARAM [/view/div_u] by /view
[rosmaster.master][INFO] 2017-09-22 14:48:02,112: +PARAM [/view/div_v] by /view
[rosmaster.master][INFO] 2017-09-22 14:48:02,112: +PARAM [/view/grid_red] by /view
[rosmaster.master][INFO] 2017-09-22 14:48:02,113: +PARAM [/view/grid_green] by /view
[rosmaster.master][INFO] 2017-09-22 14:48:02,114: +PARAM [/view/grid_blue] by /view
[rosmaster.master][INFO] 2017-09-22 14:48:02,115: +PARAM [/view/grid_thickness] by /view
[rosmaster.master][INFO] 2017-09-22 14:48:02,115: +PARAM [/view/grid_space] by /view
[rosmaster.master][INFO] 2017-09-22 14:49:33,445: -PUB [/rosout] /view http://ubuntu:39740/
[rosmaster.master][INFO] 2017-09-22 14:49:33,447: -PUB [/image/screenpoint] /view http://ubuntu:39740/
[rosmaster.master][INFO] 2017-09-22 14:49:33,447: -PUB [/image/screenpoint_array] /view http://ubuntu:39740/
[rosmaster.master][INFO] 2017-09-22 14:49:33,448: -PUB [/image/screenrectangle] /view http://ubuntu:39740/
[rosmaster.master][INFO] 2017-09-22 14:49:33,450: -PUB [/image/screenrectangle_image] /view http://ubuntu:39740/
[rosmaster.master][INFO] 2017-09-22 14:49:33,453: -PUB [/image/movepoint] /view http://ubuntu:39740/
[rosmaster.master][INFO] 2017-09-22 14:49:33,454: -PUB [/image/foreground] /view http://ubuntu:39740/
[rosmaster.master][INFO] 2017-09-22 14:49:33,455: -PUB [/image/background] /view http://ubuntu:39740/
[rosmaster.master][INFO] 2017-09-22 14:49:33,457: -PUB [/image/foreground_rect] /view http://ubuntu:39740/
[rosmaster.master][INFO] 2017-09-22 14:49:33,458: -PUB [/image/background_rect] /view http://ubuntu:39740/
[rosmaster.master][INFO] 2017-09-22 14:49:33,462: -PUB [/image/line] /view http://ubuntu:39740/
[rosmaster.master][INFO] 2017-09-22 14:49:33,464: -PUB [/image/poly] /view http://ubuntu:39740/
[rosmaster.master][INFO] 2017-09-22 14:49:33,465: -PUB [/image_marked/compressedDepth] /view http://ubuntu:39740/
[rosmaster.master][INFO] 2017-09-22 14:49:33,466: -PUB [/image_marked/compressedDepth/parameter_descriptions] /view http://ubuntu:39740/
[rosmaster.master][INFO] 2017-09-22 14:49:33,468: -PUB [/image_marked/compressedDepth/parameter_updates] /view http://ubuntu:39740/
[rosmaster.master][INFO] 2017-09-22 14:49:33,470: -PUB [/image_marked/compressed] /view http://ubuntu:39740/
[rosmaster.master][INFO] 2017-09-22 14:49:33,471: -PUB [/image_marked/compressed/parameter_descriptions] /view http://ubuntu:39740/
[rosmaster.master][INFO] 2017-09-22 14:49:33,473: -PUB [/image_marked/compressed/parameter_updates] /view http://ubuntu:39740/
[rosmaster.master][INFO] 2017-09-22 14:49:33,478: -PUB [/image_marked] /view http://ubuntu:39740/
[rosmaster.master][INFO] 2017-09-22 14:49:33,479: -PUB [/image_marked/theora] /view http://ubuntu:39740/
[rosmaster.master][INFO] 2017-09-22 14:49:33,481: -PUB [/image_marked/theora/parameter_descriptions] /view http://ubuntu:39740/
[rosmaster.master][INFO] 2017-09-22 14:49:33,482: -PUB [/image_marked/theora/parameter_updates] /view http://ubuntu:39740/
[rosmaster.master][INFO] 2017-09-22 14:49:33,482: -PUB [/image/marked/compressedDepth] /view http://ubuntu:39740/
[rosmaster.master][INFO] 2017-09-22 14:49:33,485: -PUB [/image/marked/compressedDepth/parameter_descriptions] /view http://ubuntu:39740/
[rosmaster.master][INFO] 2017-09-22 14:49:33,490: -PUB [/image/marked/compressedDepth/parameter_updates] /view http://ubuntu:39740/
[rosmaster.master][INFO] 2017-09-22 14:49:33,491: -PUB [/image/marked/compressed] /view http://ubuntu:39740/
[rosmaster.master][INFO] 2017-09-22 14:49:33,492: -PUB [/image/marked/compressed/parameter_descriptions] /view http://ubuntu:39740/
[rosmaster.master][INFO] 2017-09-22 14:49:33,494: -PUB [/image/marked/compressed/parameter_updates] /view http://ubuntu:39740/
[rosmaster.master][INFO] 2017-09-22 14:49:33,495: -PUB [/image/marked] /view http://ubuntu:39740/
[rosmaster.master][INFO] 2017-09-22 14:49:33,496: -PUB [/image/marked/theora] /view http://ubuntu:39740/
[rosmaster.master][INFO] 2017-09-22 14:49:33,498: -PUB [/image/marked/theora/parameter_descriptions] /view http://ubuntu:39740/
[rosmaster.master][INFO] 2017-09-22 14:49:33,502: -PUB [/image/marked/theora/parameter_updates] /view http://ubuntu:39740/
[rosmaster.master][INFO] 2017-09-22 14:49:33,503: -PUB [/view/parameter_descriptions] /view http://ubuntu:39740/
[rosmaster.master][INFO] 2017-09-22 14:49:33,504: -PUB [/view/parameter_updates] /view http://ubuntu:39740/
[rosmaster.master][INFO] 2017-09-22 14:49:33,505: -SUB [/tf] /view http://ubuntu:39740/
[rosmaster.master][INFO] 2017-09-22 14:49:33,506: -SUB [/tf_static] /view http://ubuntu:39740/
[rosmaster.master][INFO] 2017-09-22 14:49:33,507: -SUB [/image] /view http://ubuntu:39740/
[rosmaster.master][INFO] 2017-09-22 14:49:33,508: -SUB [/camera_info] /view http://ubuntu:39740/
[rosmaster.master][INFO] 2017-09-22 14:49:33,510: -SUB [/image_marker] /view http://ubuntu:39740/
[rosmaster.master][INFO] 2017-09-22 14:49:33,514: -SUB [/image/event] /view http://ubuntu:39740/
[rosmaster.master][INFO] 2017-09-22 14:49:33,516: -SERVICE [/view/get_loggers] /view rosrpc://ubuntu:46413
[rosmaster.master][INFO] 2017-09-22 14:49:33,517: -SERVICE [/view/set_logger_level] /view rosrpc://ubuntu:46413
[rosmaster.master][INFO] 2017-09-22 14:49:33,518: -SERVICE [/image_marked/compressedDepth/set_parameters] /view rosrpc://ubuntu:46413
[rosmaster.master][INFO] 2017-09-22 14:49:33,519: -SERVICE [/image_marked/compressed/set_parameters] /view rosrpc://ubuntu:46413
[rosmaster.master][INFO] 2017-09-22 14:49:33,520: -SERVICE [/image_marked/theora/set_parameters] /view rosrpc://ubuntu:46413
[rosmaster.master][INFO] 2017-09-22 14:49:33,524: -SERVICE [/image/marked/compressedDepth/set_parameters] /view rosrpc://ubuntu:46413
[rosmaster.master][INFO] 2017-09-22 14:49:33,526: -SERVICE [/image/marked/compressed/set_parameters] /view rosrpc://ubuntu:46413
[rosmaster.master][INFO] 2017-09-22 14:49:33,527: -SERVICE [/image/marked/theora/set_parameters] /view rosrpc://ubuntu:46413
[rosmaster.master][INFO] 2017-09-22 14:49:33,528: -SERVICE [/view/change_mode] /view rosrpc://ubuntu:46413
[rosmaster.master][INFO] 2017-09-22 14:49:33,530: -SERVICE [/view/rectangle_mode] /view rosrpc://ubuntu:46413
[rosmaster.master][INFO] 2017-09-22 14:49:33,535: -SERVICE [/view/grabcut_mode] /view rosrpc://ubuntu:46413
[rosmaster.master][INFO] 2017-09-22 14:49:33,535: -SERVICE [/view/grabcut_rect_mode] /view rosrpc://ubuntu:46413
[rosmaster.master][INFO] 2017-09-22 14:49:33,536: -SERVICE [/view/line_mode] /view rosrpc://ubuntu:46413
[rosmaster.master][INFO] 2017-09-22 14:49:33,537: -SERVICE [/view/poly_mode] /view rosrpc://ubuntu:46413
[rosmaster.master][INFO] 2017-09-22 14:49:33,538: -SERVICE [/view/none_mode] /view rosrpc://ubuntu:46413
[rosmaster.master][INFO] 2017-09-22 14:49:33,540: publisherUpdate[/rosout] -> http://ubuntu:39705/ ['http://ubuntu:42321/']
[rosmaster.master][INFO] 2017-09-22 14:49:33,540: publisherUpdate[/rosout] -> http://ubuntu:39705/ ['http://ubuntu:42321/']: sec=0.00, result=[1, '', 0]
[rosmaster.master][INFO] 2017-09-22 14:49:33,541: -SERVICE [/view/set_parameters] /view rosrpc://ubuntu:46413
[rosmaster.master][INFO] 2017-09-22 14:49:33,545: -PUB [/rosout] /image_converter http://ubuntu:42321/
[rosmaster.master][INFO] 2017-09-22 14:49:33,547: -PUB [/image/compressedDepth] /image_converter http://ubuntu:42321/
[rosmaster.master][INFO] 2017-09-22 14:49:33,550: -PUB [/image/compressedDepth/parameter_descriptions] /image_converter http://ubuntu:42321/
[rosmaster.master][INFO] 2017-09-22 14:49:33,551: -PUB [/image/compressedDepth/parameter_updates] /image_converter http://ubuntu:42321/
[rosmaster.master][INFO] 2017-09-22 14:49:33,552: -PUB [/image/compressed] /image_converter http://ubuntu:42321/
[rosmaster.master][INFO] 2017-09-22 14:49:33,553: -PUB [/image/compressed/parameter_descriptions] /image_converter http://ubuntu:42321/
[rosmaster.master][INFO] 2017-09-22 14:49:33,554: -PUB [/image/compressed/parameter_updates] /image_converter http://ubuntu:42321/
[rosmaster.master][INFO] 2017-09-22 14:49:33,555: -PUB [/image] /image_converter http://ubuntu:42321/
[rosmaster.master][INFO] 2017-09-22 14:49:33,557: -PUB [/image/theora] /image_converter http://ubuntu:42321/
[rosmaster.master][INFO] 2017-09-22 14:49:33,558: -PUB [/image/theora/parameter_descriptions] /image_converter http://ubuntu:42321/
[rosmaster.master][INFO] 2017-09-22 14:49:33,559: -PUB [/image/theora/parameter_updates] /image_converter http://ubuntu:42321/
[rosmaster.master][INFO] 2017-09-22 14:49:33,561: -SUB [/camera/image_raw] /image_converter http://ubuntu:42321/
[rosmaster.master][INFO] 2017-09-22 14:49:33,562: -SERVICE [/image_converter/get_loggers] /image_converter rosrpc://ubuntu:43080
[rosmaster.master][INFO] 2017-09-22 14:49:33,563: -SERVICE [/image_converter/set_logger_level] /image_converter rosrpc://ubuntu:43080
[rosmaster.master][INFO] 2017-09-22 14:49:33,565: -SERVICE [/image/compressedDepth/set_parameters] /image_converter rosrpc://ubuntu:43080
[rosmaster.master][INFO] 2017-09-22 14:49:33,566: -SERVICE [/image/compressed/set_parameters] /image_converter rosrpc://ubuntu:43080
[rosmaster.master][INFO] 2017-09-22 14:49:33,567: -SERVICE [/image/theora/set_parameters] /image_converter rosrpc://ubuntu:43080
[rosmaster.master][INFO] 2017-09-22 14:49:33,640: publisherUpdate[/rosout] -> http://ubuntu:39705/ []
[rosmaster.master][INFO] 2017-09-22 14:49:33,642: publisherUpdate[/rosout] -> http://ubuntu:39705/ []: sec=0.00, result=[1, '', 0]
[rosmaster.master][INFO] 2017-09-22 14:49:33,944: -PUB [/rosout_agg] /rosout http://ubuntu:39705/
[rosmaster.master][INFO] 2017-09-22 14:49:33,945: -SUB [/rosout] /rosout http://ubuntu:39705/
[rosmaster.master][INFO] 2017-09-22 14:49:33,945: -SERVICE [/rosout/get_loggers] /rosout rosrpc://ubuntu:44061
[rosmaster.master][INFO] 2017-09-22 14:49:33,946: -SERVICE [/rosout/set_logger_level] /rosout rosrpc://ubuntu:44061
[rosmaster.main][INFO] 2017-09-22 14:49:33,957: keyboard interrupt, will exit
[rosmaster.main][INFO] 2017-09-22 14:49:33,957: stopping master...
[rospy.core][INFO] 2017-09-22 14:49:33,957: signal_shutdown [atexit]
