[rosmaster.main][INFO] 2017-09-19 18:46:59,080: initialization complete, waiting for shutdown
[rosmaster.main][INFO] 2017-09-19 18:46:59,080: Starting ROS Master Node
[xmlrpc][INFO] 2017-09-19 18:46:59,081: XML-RPC server binding to 0.0.0.0:11311
[xmlrpc][INFO] 2017-09-19 18:46:59,081: Started XML-RPC server [http://ubuntu:11311/]
[xmlrpc][INFO] 2017-09-19 18:46:59,081: xml rpc node: starting XML-RPC server
[rosmaster.master][INFO] 2017-09-19 18:46:59,081: Master initialized: port[11311], uri[http://ubuntu:11311/]
[rosmaster.master][INFO] 2017-09-19 18:46:59,156: +PARAM [/run_id] by /roslaunch
[rosmaster.master][INFO] 2017-09-19 18:46:59,158: +PARAM [/roslaunch/uris/host_ubuntu__40396] by /roslaunch
[rosmaster.master][INFO] 2017-09-19 18:46:59,242: +PARAM [/rosversion] by /roslaunch
[rosmaster.master][INFO] 2017-09-19 18:46:59,242: +PARAM [/rosdistro] by /roslaunch
[rosmaster.master][INFO] 2017-09-19 18:46:59,243: +PARAM [/camera/device_id] by /roslaunch
[rosmaster.master][INFO] 2017-09-19 18:46:59,327: +SERVICE [/rosout/get_loggers] /rosout http://ubuntu:41197/
[rosmaster.master][INFO] 2017-09-19 18:46:59,336: +SERVICE [/rosout/set_logger_level] /rosout http://ubuntu:41197/
[rosmaster.master][INFO] 2017-09-19 18:46:59,341: +PUB [/rosout_agg] /rosout http://ubuntu:41197/
[rosmaster.master][INFO] 2017-09-19 18:46:59,375: +SUB [/rosout] /rosout http://ubuntu:41197/
[rosmaster.master][INFO] 2017-09-19 18:46:59,423: +PUB [/rosout] /image_converter http://ubuntu:34077/
[rosmaster.master][INFO] 2017-09-19 18:46:59,425: +SERVICE [/image_converter/get_loggers] /image_converter http://ubuntu:34077/
[rosmaster.master][INFO] 2017-09-19 18:46:59,430: +SERVICE [/image_converter/set_logger_level] /image_converter http://ubuntu:34077/
[rosmaster.master][INFO] 2017-09-19 18:46:59,482: publisherUpdate[/rosout] -> http://ubuntu:41197/ ['http://ubuntu:34077/']
[rosmaster.master][INFO] 2017-09-19 18:46:59,483: publisherUpdate[/rosout] -> http://ubuntu:41197/ ['http://ubuntu:34077/']: sec=0.00, result=[1, '', 0]
[rosmaster.master][INFO] 2017-09-19 18:46:59,524: +PUB [/rosout] /view http://ubuntu:39436/
[rosmaster.master][INFO] 2017-09-19 18:46:59,526: +SERVICE [/view/get_loggers] /view http://ubuntu:39436/
[rosmaster.master][INFO] 2017-09-19 18:46:59,527: +SERVICE [/view/set_logger_level] /view http://ubuntu:39436/
[rosmaster.master][INFO] 2017-09-19 18:46:59,538: +SUB [/tf] /view http://ubuntu:39436/
[rosmaster.master][INFO] 2017-09-19 18:46:59,561: +SUB [/tf_static] /view http://ubuntu:39436/
[rosmaster.master][INFO] 2017-09-19 18:46:59,583: publisherUpdate[/rosout] -> http://ubuntu:41197/ ['http://ubuntu:34077/', 'http://ubuntu:39436/']
[rosmaster.master][INFO] 2017-09-19 18:46:59,584: publisherUpdate[/rosout] -> http://ubuntu:41197/ ['http://ubuntu:34077/', 'http://ubuntu:39436/']: sec=0.00, result=[1, '', 0]
[rosmaster.master][INFO] 2017-09-19 18:46:59,627: +PUB [/rosout] /camera http://ubuntu:40062/
[rosmaster.master][INFO] 2017-09-19 18:46:59,628: +SERVICE [/camera/get_loggers] /camera http://ubuntu:40062/
[rosmaster.master][INFO] 2017-09-19 18:46:59,629: +SERVICE [/camera/set_logger_level] /camera http://ubuntu:40062/
[rosmaster.master][INFO] 2017-09-19 18:46:59,649: +PUB [/image/screenpoint] /view http://ubuntu:39436/
[rosmaster.master][INFO] 2017-09-19 18:46:59,649: +PUB [/image/screenpoint_array] /view http://ubuntu:39436/
[rosmaster.master][INFO] 2017-09-19 18:46:59,650: +PUB [/image/screenrectangle] /view http://ubuntu:39436/
[rosmaster.master][INFO] 2017-09-19 18:46:59,651: +PUB [/image/screenrectangle_image] /view http://ubuntu:39436/
[rosmaster.master][INFO] 2017-09-19 18:46:59,651: +PUB [/image/movepoint] /view http://ubuntu:39436/
[rosmaster.master][INFO] 2017-09-19 18:46:59,652: +PUB [/image/foreground] /view http://ubuntu:39436/
[rosmaster.master][INFO] 2017-09-19 18:46:59,655: +PUB [/image/background] /view http://ubuntu:39436/
[rosmaster.master][INFO] 2017-09-19 18:46:59,655: +PUB [/image/foreground_rect] /view http://ubuntu:39436/
[rosmaster.master][INFO] 2017-09-19 18:46:59,660: +PUB [/image/background_rect] /view http://ubuntu:39436/
[rosmaster.master][INFO] 2017-09-19 18:46:59,666: +PUB [/image/line] /view http://ubuntu:39436/
[rosmaster.master][INFO] 2017-09-19 18:46:59,671: +PUB [/image/poly] /view http://ubuntu:39436/
[rosmaster.master][INFO] 2017-09-19 18:46:59,683: +SUB [/camera/image_raw] /image_converter http://ubuntu:34077/
[rosmaster.master][INFO] 2017-09-19 18:46:59,684: publisherUpdate[/rosout] -> http://ubuntu:41197/ ['http://ubuntu:34077/', 'http://ubuntu:39436/', 'http://ubuntu:40062/']
[rosmaster.master][INFO] 2017-09-19 18:46:59,689: publisherUpdate[/rosout] -> http://ubuntu:41197/ ['http://ubuntu:34077/', 'http://ubuntu:39436/', 'http://ubuntu:40062/']: sec=0.00, result=[1, '', 0]
[rosmaster.master][INFO] 2017-09-19 18:46:59,712: +SERVICE [/camera/set_camera_info] /camera http://ubuntu:40062/
[rosmaster.master][INFO] 2017-09-19 18:46:59,756: +PUB [/image/compressedDepth] /image_converter http://ubuntu:34077/
[rosmaster.master][INFO] 2017-09-19 18:46:59,757: +SERVICE [/image/compressedDepth/set_parameters] /image_converter http://ubuntu:34077/
[rosmaster.master][INFO] 2017-09-19 18:46:59,758: +PUB [/image/compressedDepth/parameter_descriptions] /image_converter http://ubuntu:34077/
[rosmaster.master][INFO] 2017-09-19 18:46:59,758: +PUB [/image/compressedDepth/parameter_updates] /image_converter http://ubuntu:34077/
[rosmaster.master][INFO] 2017-09-19 18:46:59,763: +PARAM [/image/compressedDepth/depth_max] by /image_converter
[rosmaster.master][INFO] 2017-09-19 18:46:59,764: +PARAM [/image/compressedDepth/depth_quantization] by /image_converter
[rosmaster.master][INFO] 2017-09-19 18:46:59,764: +PUB [/image_marked/compressedDepth] /view http://ubuntu:39436/
[rosmaster.master][INFO] 2017-09-19 18:46:59,765: +PARAM [/image/compressedDepth/png_level] by /image_converter
[rosmaster.master][INFO] 2017-09-19 18:46:59,766: +SERVICE [/image_marked/compressedDepth/set_parameters] /view http://ubuntu:39436/
[rosmaster.master][INFO] 2017-09-19 18:46:59,767: +PARAM [/image/compressedDepth/depth_max] by /image_converter
[rosmaster.master][INFO] 2017-09-19 18:46:59,767: +PUB [/image_marked/compressedDepth/parameter_descriptions] /view http://ubuntu:39436/
[rosmaster.master][INFO] 2017-09-19 18:46:59,768: +PARAM [/image/compressedDepth/depth_quantization] by /image_converter
[rosmaster.master][INFO] 2017-09-19 18:46:59,769: +PUB [/image_marked/compressedDepth/parameter_updates] /view http://ubuntu:39436/
[rosmaster.master][INFO] 2017-09-19 18:46:59,769: +PARAM [/image/compressedDepth/png_level] by /image_converter
[rosmaster.master][INFO] 2017-09-19 18:46:59,779: +PARAM [/image_marked/compressedDepth/depth_max] by /view
[rosmaster.master][INFO] 2017-09-19 18:46:59,780: +PARAM [/image_marked/compressedDepth/depth_quantization] by /view
[rosmaster.master][INFO] 2017-09-19 18:46:59,781: +PARAM [/image_marked/compressedDepth/png_level] by /view
[rosmaster.master][INFO] 2017-09-19 18:46:59,784: +PARAM [/image_marked/compressedDepth/depth_max] by /view
[rosmaster.master][INFO] 2017-09-19 18:46:59,784: +PARAM [/image_marked/compressedDepth/depth_quantization] by /view
[rosmaster.master][INFO] 2017-09-19 18:46:59,785: +PARAM [/image_marked/compressedDepth/png_level] by /view
[rosmaster.master][INFO] 2017-09-19 18:46:59,833: +PUB [/image/compressed] /image_converter http://ubuntu:34077/
[rosmaster.master][INFO] 2017-09-19 18:46:59,833: +SERVICE [/image/compressed/set_parameters] /image_converter http://ubuntu:34077/
[rosmaster.master][INFO] 2017-09-19 18:46:59,834: +PUB [/image/compressed/parameter_descriptions] /image_converter http://ubuntu:34077/
[rosmaster.master][INFO] 2017-09-19 18:46:59,835: +PUB [/image/compressed/parameter_updates] /image_converter http://ubuntu:34077/
[rosmaster.master][INFO] 2017-09-19 18:46:59,840: +PARAM [/image/compressed/format] by /image_converter
[rosmaster.master][INFO] 2017-09-19 18:46:59,841: +PARAM [/image/compressed/jpeg_quality] by /image_converter
[rosmaster.master][INFO] 2017-09-19 18:46:59,843: +PARAM [/image/compressed/png_level] by /image_converter
[rosmaster.master][INFO] 2017-09-19 18:46:59,844: +PARAM [/image/compressed/format] by /image_converter
[rosmaster.master][INFO] 2017-09-19 18:46:59,845: +PUB [/image_marked/compressed] /view http://ubuntu:39436/
[rosmaster.master][INFO] 2017-09-19 18:46:59,846: +PARAM [/image/compressed/jpeg_quality] by /image_converter
[rosmaster.master][INFO] 2017-09-19 18:46:59,846: +SERVICE [/image_marked/compressed/set_parameters] /view http://ubuntu:39436/
[rosmaster.master][INFO] 2017-09-19 18:46:59,847: +PARAM [/image/compressed/png_level] by /image_converter
[rosmaster.master][INFO] 2017-09-19 18:46:59,852: +PUB [/image_marked/compressed/parameter_descriptions] /view http://ubuntu:39436/
[rosmaster.master][INFO] 2017-09-19 18:46:59,853: +PUB [/image_marked/compressed/parameter_updates] /view http://ubuntu:39436/
[rosmaster.master][INFO] 2017-09-19 18:46:59,860: +PARAM [/image_marked/compressed/format] by /view
[rosmaster.master][INFO] 2017-09-19 18:46:59,861: +PARAM [/image_marked/compressed/jpeg_quality] by /view
[rosmaster.master][INFO] 2017-09-19 18:46:59,862: +PARAM [/image_marked/compressed/png_level] by /view
[rosmaster.master][INFO] 2017-09-19 18:46:59,863: +PARAM [/image_marked/compressed/format] by /view
[rosmaster.master][INFO] 2017-09-19 18:46:59,868: +PARAM [/image_marked/compressed/jpeg_quality] by /view
[rosmaster.master][INFO] 2017-09-19 18:46:59,869: +PARAM [/image_marked/compressed/png_level] by /view
[rosmaster.master][INFO] 2017-09-19 18:46:59,905: +PUB [/image] /image_converter http://ubuntu:34077/
[rosmaster.master][INFO] 2017-09-19 18:46:59,922: +PUB [/image_marked] /view http://ubuntu:39436/
[rosmaster.master][INFO] 2017-09-19 18:46:59,987: +PUB [/image/theora] /image_converter http://ubuntu:34077/
[rosmaster.master][INFO] 2017-09-19 18:46:59,988: +SERVICE [/image/theora/set_parameters] /image_converter http://ubuntu:34077/
[rosmaster.master][INFO] 2017-09-19 18:46:59,989: +PUB [/image/theora/parameter_descriptions] /image_converter http://ubuntu:34077/
[rosmaster.master][INFO] 2017-09-19 18:46:59,990: +PUB [/image/theora/parameter_updates] /image_converter http://ubuntu:34077/
[rosmaster.master][INFO] 2017-09-19 18:46:59,993: +PARAM [/image/theora/optimize_for] by /image_converter
[rosmaster.master][INFO] 2017-09-19 18:46:59,996: +PARAM [/image/theora/target_bitrate] by /image_converter
[rosmaster.master][INFO] 2017-09-19 18:46:59,999: +PARAM [/image/theora/quality] by /image_converter
[rosmaster.master][INFO] 2017-09-19 18:46:59,999: +PARAM [/image/theora/keyframe_frequency] by /image_converter
[rosmaster.master][INFO] 2017-09-19 18:47:00,003: +PARAM [/image/theora/optimize_for] by /image_converter
[rosmaster.master][INFO] 2017-09-19 18:47:00,010: +PARAM [/image/theora/target_bitrate] by /image_converter
[rosmaster.master][INFO] 2017-09-19 18:47:00,016: +PUB [/image_marked/theora] /view http://ubuntu:39436/
[rosmaster.master][INFO] 2017-09-19 18:47:00,017: +PARAM [/image/theora/quality] by /image_converter
[rosmaster.master][INFO] 2017-09-19 18:47:00,020: +SERVICE [/image_marked/theora/set_parameters] /view http://ubuntu:39436/
[rosmaster.master][INFO] 2017-09-19 18:47:00,021: +PARAM [/image/theora/keyframe_frequency] by /image_converter
[rosmaster.master][INFO] 2017-09-19 18:47:00,021: +PUB [/image_marked/theora/parameter_descriptions] /view http://ubuntu:39436/
[rosmaster.master][INFO] 2017-09-19 18:47:00,022: +PUB [/camera/image_raw/compressedDepth] /camera http://ubuntu:40062/
[rosmaster.master][INFO] 2017-09-19 18:47:00,023: +PUB [/image_marked/theora/parameter_updates] /view http://ubuntu:39436/
[rosmaster.master][INFO] 2017-09-19 18:47:00,024: +SERVICE [/camera/image_raw/compressedDepth/set_parameters] /camera http://ubuntu:40062/
[rosmaster.master][INFO] 2017-09-19 18:47:00,025: +PUB [/camera/image_raw/compressedDepth/parameter_descriptions] /camera http://ubuntu:40062/
[rosmaster.master][INFO] 2017-09-19 18:47:00,026: +PUB [/camera/image_raw/compressedDepth/parameter_updates] /camera http://ubuntu:40062/
[rosmaster.master][INFO] 2017-09-19 18:47:00,029: +PARAM [/image_marked/theora/optimize_for] by /view
[rosmaster.master][INFO] 2017-09-19 18:47:00,030: +PARAM [/image_marked/theora/target_bitrate] by /view
[rosmaster.master][INFO] 2017-09-19 18:47:00,031: +PARAM [/camera/image_raw/compressedDepth/depth_max] by /camera
[rosmaster.master][INFO] 2017-09-19 18:47:00,032: +PARAM [/image_marked/theora/quality] by /view
[rosmaster.master][INFO] 2017-09-19 18:47:00,033: +PARAM [/camera/image_raw/compressedDepth/depth_quantization] by /camera
[rosmaster.master][INFO] 2017-09-19 18:47:00,033: +PARAM [/image_marked/theora/keyframe_frequency] by /view
[rosmaster.master][INFO] 2017-09-19 18:47:00,034: +PARAM [/camera/image_raw/compressedDepth/png_level] by /camera
[rosmaster.master][INFO] 2017-09-19 18:47:00,035: +PARAM [/image_marked/theora/optimize_for] by /view
[rosmaster.master][INFO] 2017-09-19 18:47:00,036: +PARAM [/camera/image_raw/compressedDepth/depth_max] by /camera
[rosmaster.master][INFO] 2017-09-19 18:47:00,036: +PARAM [/image_marked/theora/target_bitrate] by /view
[rosmaster.master][INFO] 2017-09-19 18:47:00,037: +PARAM [/camera/image_raw/compressedDepth/depth_quantization] by /camera
[rosmaster.master][INFO] 2017-09-19 18:47:00,038: +PARAM [/image_marked/theora/quality] by /view
[rosmaster.master][INFO] 2017-09-19 18:47:00,038: +PARAM [/camera/image_raw/compressedDepth/png_level] by /camera
[rosmaster.master][INFO] 2017-09-19 18:47:00,044: +PARAM [/image_marked/theora/keyframe_frequency] by /view
[rosmaster.master][INFO] 2017-09-19 18:47:00,094: +PUB [/camera/image_raw/compressed] /camera http://ubuntu:40062/
[rosmaster.master][INFO] 2017-09-19 18:47:00,095: +SERVICE [/camera/image_raw/compressed/set_parameters] /camera http://ubuntu:40062/
[rosmaster.master][INFO] 2017-09-19 18:47:00,096: +PUB [/camera/image_raw/compressed/parameter_descriptions] /camera http://ubuntu:40062/
[rosmaster.master][INFO] 2017-09-19 18:47:00,099: +PUB [/image/marked/compressedDepth] /view http://ubuntu:39436/
[rosmaster.master][INFO] 2017-09-19 18:47:00,100: +PUB [/camera/image_raw/compressed/parameter_updates] /camera http://ubuntu:40062/
[rosmaster.master][INFO] 2017-09-19 18:47:00,103: +SERVICE [/image/marked/compressedDepth/set_parameters] /view http://ubuntu:39436/
[rosmaster.master][INFO] 2017-09-19 18:47:00,107: +PUB [/image/marked/compressedDepth/parameter_descriptions] /view http://ubuntu:39436/
[rosmaster.master][INFO] 2017-09-19 18:47:00,112: +PUB [/image/marked/compressedDepth/parameter_updates] /view http://ubuntu:39436/
[rosmaster.master][INFO] 2017-09-19 18:47:00,114: +PARAM [/camera/image_raw/compressed/format] by /camera
[rosmaster.master][INFO] 2017-09-19 18:47:00,116: +PARAM [/camera/image_raw/compressed/jpeg_quality] by /camera
[rosmaster.master][INFO] 2017-09-19 18:47:00,119: +PARAM [/camera/image_raw/compressed/png_level] by /camera
[rosmaster.master][INFO] 2017-09-19 18:47:00,121: +PARAM [/image/marked/compressedDepth/depth_max] by /view
[rosmaster.master][INFO] 2017-09-19 18:47:00,124: +PARAM [/camera/image_raw/compressed/format] by /camera
[rosmaster.master][INFO] 2017-09-19 18:47:00,127: +PARAM [/image/marked/compressedDepth/depth_quantization] by /view
[rosmaster.master][INFO] 2017-09-19 18:47:00,129: +PARAM [/camera/image_raw/compressed/jpeg_quality] by /camera
[rosmaster.master][INFO] 2017-09-19 18:47:00,130: +PARAM [/image/marked/compressedDepth/png_level] by /view
[rosmaster.master][INFO] 2017-09-19 18:47:00,131: +PARAM [/camera/image_raw/compressed/png_level] by /camera
[rosmaster.master][INFO] 2017-09-19 18:47:00,136: +PARAM [/image/marked/compressedDepth/depth_max] by /view
[rosmaster.master][INFO] 2017-09-19 18:47:00,140: +PARAM [/image/marked/compressedDepth/depth_quantization] by /view
[rosmaster.master][INFO] 2017-09-19 18:47:00,141: +PARAM [/image/marked/compressedDepth/png_level] by /view
[rosmaster.master][INFO] 2017-09-19 18:47:00,193: +PUB [/image/marked/compressed] /view http://ubuntu:39436/
[rosmaster.master][INFO] 2017-09-19 18:47:00,194: +PUB [/camera/image_raw] /camera http://ubuntu:40062/
[rosmaster.master][INFO] 2017-09-19 18:47:00,195: +SERVICE [/image/marked/compressed/set_parameters] /view http://ubuntu:39436/
[rosmaster.master][INFO] 2017-09-19 18:47:00,196: +PUB [/image/marked/compressed/parameter_descriptions] /view http://ubuntu:39436/
[rosmaster.master][INFO] 2017-09-19 18:47:00,197: +PUB [/image/marked/compressed/parameter_updates] /view http://ubuntu:39436/
[rosmaster.master][INFO] 2017-09-19 18:47:00,200: publisherUpdate[/camera/image_raw] -> http://ubuntu:34077/ ['http://ubuntu:40062/']
[rosmaster.master][INFO] 2017-09-19 18:47:00,201: publisherUpdate[/camera/image_raw] -> http://ubuntu:34077/ ['http://ubuntu:40062/']: sec=0.00, result=[1, '', 0]
[rosmaster.master][INFO] 2017-09-19 18:47:00,204: +PARAM [/image/marked/compressed/format] by /view
[rosmaster.master][INFO] 2017-09-19 18:47:00,205: +PARAM [/image/marked/compressed/jpeg_quality] by /view
[rosmaster.master][INFO] 2017-09-19 18:47:00,208: +PARAM [/image/marked/compressed/png_level] by /view
[rosmaster.master][INFO] 2017-09-19 18:47:00,209: +PARAM [/image/marked/compressed/format] by /view
[rosmaster.master][INFO] 2017-09-19 18:47:00,209: +PARAM [/image/marked/compressed/jpeg_quality] by /view
[rosmaster.master][INFO] 2017-09-19 18:47:00,212: +PARAM [/image/marked/compressed/png_level] by /view
[rosmaster.master][INFO] 2017-09-19 18:47:00,263: +PUB [/camera/image_raw/theora] /camera http://ubuntu:40062/
[rosmaster.master][INFO] 2017-09-19 18:47:00,265: +SERVICE [/camera/image_raw/theora/set_parameters] /camera http://ubuntu:40062/
[rosmaster.master][INFO] 2017-09-19 18:47:00,266: +PUB [/camera/image_raw/theora/parameter_descriptions] /camera http://ubuntu:40062/
[rosmaster.master][INFO] 2017-09-19 18:47:00,268: +PUB [/camera/image_raw/theora/parameter_updates] /camera http://ubuntu:40062/
[rosmaster.master][INFO] 2017-09-19 18:47:00,276: +PUB [/image/marked] /view http://ubuntu:39436/
[rosmaster.master][INFO] 2017-09-19 18:47:00,276: +PARAM [/camera/image_raw/theora/optimize_for] by /camera
[rosmaster.master][INFO] 2017-09-19 18:47:00,280: +PARAM [/camera/image_raw/theora/target_bitrate] by /camera
[rosmaster.master][INFO] 2017-09-19 18:47:00,283: +PARAM [/camera/image_raw/theora/quality] by /camera
[rosmaster.master][INFO] 2017-09-19 18:47:00,284: +PARAM [/camera/image_raw/theora/keyframe_frequency] by /camera
[rosmaster.master][INFO] 2017-09-19 18:47:00,284: +PARAM [/camera/image_raw/theora/optimize_for] by /camera
[rosmaster.master][INFO] 2017-09-19 18:47:00,285: +PARAM [/camera/image_raw/theora/target_bitrate] by /camera
[rosmaster.master][INFO] 2017-09-19 18:47:00,288: +PARAM [/camera/image_raw/theora/quality] by /camera
[rosmaster.master][INFO] 2017-09-19 18:47:00,289: +PARAM [/camera/image_raw/theora/keyframe_frequency] by /camera
[rosmaster.master][INFO] 2017-09-19 18:47:00,289: +PUB [/camera/camera_info] /camera http://ubuntu:40062/
[rosmaster.master][INFO] 2017-09-19 18:47:00,326: +PUB [/image/marked/theora] /view http://ubuntu:39436/
[rosmaster.master][INFO] 2017-09-19 18:47:00,327: +SERVICE [/image/marked/theora/set_parameters] /view http://ubuntu:39436/
[rosmaster.master][INFO] 2017-09-19 18:47:00,327: +PUB [/image/marked/theora/parameter_descriptions] /view http://ubuntu:39436/
[rosmaster.master][INFO] 2017-09-19 18:47:00,328: +PUB [/image/marked/theora/parameter_updates] /view http://ubuntu:39436/
[rosmaster.master][INFO] 2017-09-19 18:47:00,331: +PARAM [/image/marked/theora/optimize_for] by /view
[rosmaster.master][INFO] 2017-09-19 18:47:00,332: +PARAM [/image/marked/theora/target_bitrate] by /view
[rosmaster.master][INFO] 2017-09-19 18:47:00,332: +PARAM [/image/marked/theora/quality] by /view
[rosmaster.master][INFO] 2017-09-19 18:47:00,333: +PARAM [/image/marked/theora/keyframe_frequency] by /view
[rosmaster.master][INFO] 2017-09-19 18:47:00,334: +PARAM [/image/marked/theora/optimize_for] by /view
[rosmaster.master][INFO] 2017-09-19 18:47:00,334: +PARAM [/image/marked/theora/target_bitrate] by /view
[rosmaster.master][INFO] 2017-09-19 18:47:00,335: +PARAM [/image/marked/theora/quality] by /view
[rosmaster.master][INFO] 2017-09-19 18:47:00,336: +PARAM [/image/marked/theora/keyframe_frequency] by /view
[rosmaster.master][INFO] 2017-09-19 18:47:00,366: +SUB [/image] /view http://ubuntu:39436/
[rosmaster.master][INFO] 2017-09-19 18:47:00,369: +SUB [/camera_info] /view http://ubuntu:39436/
[rosmaster.master][INFO] 2017-09-19 18:47:00,373: +SUB [/image_marker] /view http://ubuntu:39436/
[rosmaster.master][INFO] 2017-09-19 18:47:00,376: +SUB [/image/event] /view http://ubuntu:39436/
[rosmaster.master][INFO] 2017-09-19 18:47:00,377: +SERVICE [/view/change_mode] /view http://ubuntu:39436/
[rosmaster.master][INFO] 2017-09-19 18:47:00,378: +SERVICE [/view/rectangle_mode] /view http://ubuntu:39436/
[rosmaster.master][INFO] 2017-09-19 18:47:00,378: +SERVICE [/view/grabcut_mode] /view http://ubuntu:39436/
[rosmaster.master][INFO] 2017-09-19 18:47:00,379: +SERVICE [/view/grabcut_rect_mode] /view http://ubuntu:39436/
[rosmaster.master][INFO] 2017-09-19 18:47:00,380: +SERVICE [/view/line_mode] /view http://ubuntu:39436/
[rosmaster.master][INFO] 2017-09-19 18:47:00,380: +SERVICE [/view/poly_mode] /view http://ubuntu:39436/
[rosmaster.master][INFO] 2017-09-19 18:47:00,381: +SERVICE [/view/none_mode] /view http://ubuntu:39436/
[rosmaster.master][INFO] 2017-09-19 18:47:00,382: +SERVICE [/view/set_parameters] /view http://ubuntu:39436/
[rosmaster.master][INFO] 2017-09-19 18:47:00,383: +PUB [/view/parameter_descriptions] /view http://ubuntu:39436/
[rosmaster.master][INFO] 2017-09-19 18:47:00,384: +PUB [/view/parameter_updates] /view http://ubuntu:39436/
[rosmaster.master][INFO] 2017-09-19 18:47:00,389: +PARAM [/view/grid] by /view
[rosmaster.master][INFO] 2017-09-19 18:47:00,390: +PARAM [/view/fisheye_mode] by /view
[rosmaster.master][INFO] 2017-09-19 18:47:00,391: +PARAM [/view/div_u] by /view
[rosmaster.master][INFO] 2017-09-19 18:47:00,391: +PARAM [/view/div_v] by /view
[rosmaster.master][INFO] 2017-09-19 18:47:00,392: +PARAM [/view/grid_red] by /view
[rosmaster.master][INFO] 2017-09-19 18:47:00,393: +PARAM [/view/grid_green] by /view
[rosmaster.master][INFO] 2017-09-19 18:47:00,393: +PARAM [/view/grid_blue] by /view
[rosmaster.master][INFO] 2017-09-19 18:47:00,394: +PARAM [/view/grid_thickness] by /view
[rosmaster.master][INFO] 2017-09-19 18:47:00,395: +PARAM [/view/grid_space] by /view
[rosmaster.master][INFO] 2017-09-19 18:47:00,395: +PARAM [/view/grid] by /view
[rosmaster.master][INFO] 2017-09-19 18:47:00,396: +PARAM [/view/fisheye_mode] by /view
[rosmaster.master][INFO] 2017-09-19 18:47:00,397: +PARAM [/view/div_u] by /view
[rosmaster.master][INFO] 2017-09-19 18:47:00,397: +PARAM [/view/div_v] by /view
[rosmaster.master][INFO] 2017-09-19 18:47:00,398: +PARAM [/view/grid_red] by /view
[rosmaster.master][INFO] 2017-09-19 18:47:00,399: +PARAM [/view/grid_green] by /view
[rosmaster.master][INFO] 2017-09-19 18:47:00,399: +PARAM [/view/grid_blue] by /view
[rosmaster.master][INFO] 2017-09-19 18:47:00,400: +PARAM [/view/grid_thickness] by /view
[rosmaster.master][INFO] 2017-09-19 18:47:00,401: +PARAM [/view/grid_space] by /view
[rosmaster.master][INFO] 2017-09-19 18:47:03,628: -PUB [/rosout] /camera http://ubuntu:40062/
[rosmaster.master][INFO] 2017-09-19 18:47:03,630: -PUB [/camera/image_raw/compressedDepth] /camera http://ubuntu:40062/
[rosmaster.master][INFO] 2017-09-19 18:47:03,632: -PUB [/camera/image_raw/compressedDepth/parameter_descriptions] /camera http://ubuntu:40062/
[rosmaster.master][INFO] 2017-09-19 18:47:03,637: -PUB [/camera/image_raw/compressedDepth/parameter_updates] /camera http://ubuntu:40062/
[rosmaster.master][INFO] 2017-09-19 18:47:03,644: -PUB [/camera/image_raw/compressed] /camera http://ubuntu:40062/
[rosmaster.master][INFO] 2017-09-19 18:47:03,647: -PUB [/camera/image_raw/compressed/parameter_descriptions] /camera http://ubuntu:40062/
[rosmaster.master][INFO] 2017-09-19 18:47:03,648: -PUB [/camera/image_raw/compressed/parameter_updates] /camera http://ubuntu:40062/
[rosmaster.master][INFO] 2017-09-19 18:47:03,652: -PUB [/camera/image_raw] /camera http://ubuntu:40062/
[rosmaster.master][INFO] 2017-09-19 18:47:03,659: -PUB [/camera/image_raw/theora] /camera http://ubuntu:40062/
[rosmaster.master][INFO] 2017-09-19 18:47:03,663: -PUB [/camera/image_raw/theora/parameter_descriptions] /camera http://ubuntu:40062/
[rosmaster.master][INFO] 2017-09-19 18:47:03,667: -PUB [/camera/image_raw/theora/parameter_updates] /camera http://ubuntu:40062/
[rosmaster.master][INFO] 2017-09-19 18:47:03,668: -PUB [/camera/camera_info] /camera http://ubuntu:40062/
[rosmaster.master][INFO] 2017-09-19 18:47:03,672: -SERVICE [/camera/get_loggers] /camera rosrpc://ubuntu:35497
[rosmaster.master][INFO] 2017-09-19 18:47:03,676: -SERVICE [/camera/set_logger_level] /camera rosrpc://ubuntu:35497
[rosmaster.master][INFO] 2017-09-19 18:47:03,677: -SERVICE [/camera/set_camera_info] /camera rosrpc://ubuntu:35497
[rosmaster.master][INFO] 2017-09-19 18:47:03,677: -SERVICE [/camera/image_raw/compressedDepth/set_parameters] /camera rosrpc://ubuntu:35497
[rosmaster.master][INFO] 2017-09-19 18:47:03,678: -SERVICE [/camera/image_raw/compressed/set_parameters] /camera rosrpc://ubuntu:35497
[rosmaster.master][INFO] 2017-09-19 18:47:03,681: -SERVICE [/camera/image_raw/theora/set_parameters] /camera rosrpc://ubuntu:35497
[rosmaster.master][INFO] 2017-09-19 18:47:03,725: publisherUpdate[/rosout] -> http://ubuntu:41197/ ['http://ubuntu:34077/', 'http://ubuntu:39436/']
[rosmaster.master][INFO] 2017-09-19 18:47:03,726: publisherUpdate[/camera/image_raw] -> http://ubuntu:34077/ []
[rosmaster.master][INFO] 2017-09-19 18:47:03,727: publisherUpdate[/rosout] -> http://ubuntu:41197/ ['http://ubuntu:34077/', 'http://ubuntu:39436/']: sec=0.00, result=[1, '', 0]
[rosmaster.master][INFO] 2017-09-19 18:47:03,730: publisherUpdate[/camera/image_raw] -> http://ubuntu:34077/ []: sec=0.00, result=[0, 'Unknown Error', 0]
[rosmaster.master][INFO] 2017-09-19 18:47:03,734: -PUB [/rosout] /image_converter http://ubuntu:34077/
[rosmaster.master][INFO] 2017-09-19 18:47:03,735: -PUB [/image/compressedDepth] /image_converter http://ubuntu:34077/
[rosmaster.master][INFO] 2017-09-19 18:47:03,737: -PUB [/image/compressedDepth/parameter_descriptions] /image_converter http://ubuntu:34077/
[rosmaster.master][INFO] 2017-09-19 18:47:03,739: -PUB [/rosout] /view http://ubuntu:39436/
[rosmaster.master][INFO] 2017-09-19 18:47:03,741: -PUB [/image/compressedDepth/parameter_updates] /image_converter http://ubuntu:34077/
[rosmaster.master][INFO] 2017-09-19 18:47:03,743: -PUB [/image/screenpoint] /view http://ubuntu:39436/
[rosmaster.master][INFO] 2017-09-19 18:47:03,748: -PUB [/image/compressed] /image_converter http://ubuntu:34077/
[rosmaster.master][INFO] 2017-09-19 18:47:03,752: -PUB [/image/compressed/parameter_descriptions] /image_converter http://ubuntu:34077/
[rosmaster.master][INFO] 2017-09-19 18:47:03,754: -PUB [/image/screenpoint_array] /view http://ubuntu:39436/
[rosmaster.master][INFO] 2017-09-19 18:47:03,755: -PUB [/image/screenrectangle] /view http://ubuntu:39436/
[rosmaster.master][INFO] 2017-09-19 18:47:03,756: -PUB [/image/screenrectangle_image] /view http://ubuntu:39436/
[rosmaster.master][INFO] 2017-09-19 18:47:03,762: -PUB [/image/compressed/parameter_updates] /image_converter http://ubuntu:34077/
[rosmaster.master][INFO] 2017-09-19 18:47:03,768: -PUB [/image/movepoint] /view http://ubuntu:39436/
[rosmaster.master][INFO] 2017-09-19 18:47:03,769: -PUB [/image] /image_converter http://ubuntu:34077/
[rosmaster.master][INFO] 2017-09-19 18:47:03,777: -PUB [/image/foreground] /view http://ubuntu:39436/
[rosmaster.master][INFO] 2017-09-19 18:47:03,783: -PUB [/image/theora] /image_converter http://ubuntu:34077/
[rosmaster.master][INFO] 2017-09-19 18:47:03,787: -PUB [/image/background] /view http://ubuntu:39436/
[rosmaster.master][INFO] 2017-09-19 18:47:03,793: -PUB [/image/theora/parameter_descriptions] /image_converter http://ubuntu:34077/
[rosmaster.master][INFO] 2017-09-19 18:47:03,799: -PUB [/image/foreground_rect] /view http://ubuntu:39436/
[rosmaster.master][INFO] 2017-09-19 18:47:03,802: -PUB [/image/theora/parameter_updates] /image_converter http://ubuntu:34077/
[rosmaster.master][INFO] 2017-09-19 18:47:03,804: -PUB [/image/background_rect] /view http://ubuntu:39436/
[rosmaster.master][INFO] 2017-09-19 18:47:03,805: -SUB [/camera/image_raw] /image_converter http://ubuntu:34077/
[rosmaster.master][INFO] 2017-09-19 18:47:03,808: -SERVICE [/image_converter/get_loggers] /image_converter rosrpc://ubuntu:45677
[rosmaster.master][INFO] 2017-09-19 18:47:03,810: -PUB [/image/line] /view http://ubuntu:39436/
[rosmaster.master][INFO] 2017-09-19 18:47:03,811: -PUB [/image/poly] /view http://ubuntu:39436/
[rosmaster.master][INFO] 2017-09-19 18:47:03,813: -PUB [/image_marked/compressedDepth] /view http://ubuntu:39436/
[rosmaster.master][INFO] 2017-09-19 18:47:03,814: -SERVICE [/image_converter/set_logger_level] /image_converter rosrpc://ubuntu:45677
[rosmaster.master][INFO] 2017-09-19 18:47:03,815: -SERVICE [/image/compressedDepth/set_parameters] /image_converter rosrpc://ubuntu:45677
[rosmaster.master][INFO] 2017-09-19 18:47:03,818: -PUB [/image_marked/compressedDepth/parameter_descriptions] /view http://ubuntu:39436/
[rosmaster.master][INFO] 2017-09-19 18:47:03,819: -SERVICE [/image/compressed/set_parameters] /image_converter rosrpc://ubuntu:45677
[rosmaster.master][INFO] 2017-09-19 18:47:03,823: -PUB [/image_marked/compressedDepth/parameter_updates] /view http://ubuntu:39436/
[rosmaster.master][INFO] 2017-09-19 18:47:03,824: -SERVICE [/image/theora/set_parameters] /image_converter rosrpc://ubuntu:45677
[rosmaster.master][INFO] 2017-09-19 18:47:03,825: -PUB [/image_marked/compressed] /view http://ubuntu:39436/
[rosmaster.master][INFO] 2017-09-19 18:47:03,827: publisherUpdate[/rosout] -> http://ubuntu:41197/ ['http://ubuntu:39436/']
[rosmaster.master][INFO] 2017-09-19 18:47:03,831: publisherUpdate[/image] -> http://ubuntu:39436/ []
[rosmaster.master][INFO] 2017-09-19 18:47:03,832: publisherUpdate[/rosout] -> http://ubuntu:41197/ ['http://ubuntu:39436/']: sec=0.00, result=[1, '', 0]
[rosmaster.master][INFO] 2017-09-19 18:47:03,832: publisherUpdate[/rosout] -> http://ubuntu:41197/ []
[rosmaster.master][INFO] 2017-09-19 18:47:03,832: publisherUpdate[/rosout] -> http://ubuntu:41197/ []: sec=0.00, result=[1, '', 0]
[rosmaster.master][INFO] 2017-09-19 18:47:03,833: -PUB [/image_marked/compressed/parameter_descriptions] /view http://ubuntu:39436/
[rosmaster.master][INFO] 2017-09-19 18:47:03,836: publisherUpdate[/image] -> http://ubuntu:39436/ []: sec=0.00, exception=<Fault -1: 'publisherUpdate: unknown method name'>
[rosmaster.master][INFO] 2017-09-19 18:47:03,836: -PUB [/image_marked/compressed/parameter_updates] /view http://ubuntu:39436/
[rosmaster.master][INFO] 2017-09-19 18:47:03,842: -PUB [/image_marked] /view http://ubuntu:39436/
[rosmaster.threadpool][ERROR] 2017-09-19 18:47:03,845: Traceback (most recent call last):
  File "/opt/ros/kinetic/lib/python2.7/dist-packages/rosmaster/threadpool.py", line 218, in run
    result = cmd(*args)
  File "/opt/ros/kinetic/lib/python2.7/dist-packages/rosmaster/master_api.py", line 210, in publisher_update_task
    ret = xmlrpcapi(api).publisherUpdate('/master', topic, pub_uris)
  File "/usr/lib/python2.7/xmlrpclib.py", line 1243, in __call__
    return self.__send(self.__name, args)
  File "/usr/lib/python2.7/xmlrpclib.py", line 1602, in __request
    verbose=self.__verbose
  File "/usr/lib/python2.7/xmlrpclib.py", line 1283, in request
    return self.single_request(host, handler, request_body, verbose)
  File "/usr/lib/python2.7/xmlrpclib.py", line 1316, in single_request
    return self.parse_response(response)
  File "/usr/lib/python2.7/xmlrpclib.py", line 1493, in parse_response
    return u.close()
  File "/usr/lib/python2.7/xmlrpclib.py", line 800, in close
    raise Fault(**self._stack[0])
Fault: <Fault -1: 'publisherUpdate: unknown method name'>

[rosmaster.master][INFO] 2017-09-19 18:47:03,846: -PUB [/image_marked/theora] /view http://ubuntu:39436/
[rosmaster.master][INFO] 2017-09-19 18:47:03,851: -PUB [/image_marked/theora/parameter_descriptions] /view http://ubuntu:39436/
[rosmaster.master][INFO] 2017-09-19 18:47:03,855: -PUB [/image_marked/theora/parameter_updates] /view http://ubuntu:39436/
[rosmaster.master][INFO] 2017-09-19 18:47:03,857: -PUB [/image/marked/compressedDepth] /view http://ubuntu:39436/
[rosmaster.master][INFO] 2017-09-19 18:47:03,859: -PUB [/image/marked/compressedDepth/parameter_descriptions] /view http://ubuntu:39436/
[rosmaster.master][INFO] 2017-09-19 18:47:03,863: -PUB [/image/marked/compressedDepth/parameter_updates] /view http://ubuntu:39436/
[rosmaster.master][INFO] 2017-09-19 18:47:03,864: -PUB [/image/marked/compressed] /view http://ubuntu:39436/
[rosmaster.master][INFO] 2017-09-19 18:47:03,865: -PUB [/image/marked/compressed/parameter_descriptions] /view http://ubuntu:39436/
[rosmaster.master][INFO] 2017-09-19 18:47:03,868: -PUB [/image/marked/compressed/parameter_updates] /view http://ubuntu:39436/
[rosmaster.master][INFO] 2017-09-19 18:47:03,868: -PUB [/image/marked] /view http://ubuntu:39436/
[rosmaster.master][INFO] 2017-09-19 18:47:03,869: -PUB [/image/marked/theora] /view http://ubuntu:39436/
[rosmaster.master][INFO] 2017-09-19 18:47:03,870: -PUB [/image/marked/theora/parameter_descriptions] /view http://ubuntu:39436/
[rosmaster.master][INFO] 2017-09-19 18:47:03,872: -PUB [/image/marked/theora/parameter_updates] /view http://ubuntu:39436/
[rosmaster.master][INFO] 2017-09-19 18:47:03,872: -PUB [/view/parameter_descriptions] /view http://ubuntu:39436/
[rosmaster.master][INFO] 2017-09-19 18:47:03,874: -PUB [/view/parameter_updates] /view http://ubuntu:39436/
[rosmaster.master][INFO] 2017-09-19 18:47:03,875: -SUB [/tf] /view http://ubuntu:39436/
[rosmaster.master][INFO] 2017-09-19 18:47:03,876: -SUB [/tf_static] /view http://ubuntu:39436/
[rosmaster.master][INFO] 2017-09-19 18:47:03,879: -SUB [/image] /view http://ubuntu:39436/
[rosmaster.master][INFO] 2017-09-19 18:47:03,880: -SUB [/camera_info] /view http://ubuntu:39436/
[rosmaster.master][INFO] 2017-09-19 18:47:03,881: -SUB [/image_marker] /view http://ubuntu:39436/
[rosmaster.master][INFO] 2017-09-19 18:47:03,884: -SUB [/image/event] /view http://ubuntu:39436/
[rosmaster.master][INFO] 2017-09-19 18:47:03,888: -SERVICE [/view/get_loggers] /view rosrpc://ubuntu:33546
[rosmaster.master][INFO] 2017-09-19 18:47:03,890: -SERVICE [/view/set_logger_level] /view rosrpc://ubuntu:33546
[rosmaster.master][INFO] 2017-09-19 18:47:03,891: -SERVICE [/image_marked/compressedDepth/set_parameters] /view rosrpc://ubuntu:33546
[rosmaster.master][INFO] 2017-09-19 18:47:03,895: -SERVICE [/image_marked/compressed/set_parameters] /view rosrpc://ubuntu:33546
[rosmaster.master][INFO] 2017-09-19 18:47:03,896: -SERVICE [/image_marked/theora/set_parameters] /view rosrpc://ubuntu:33546
[rosmaster.master][INFO] 2017-09-19 18:47:03,899: -SERVICE [/image/marked/compressedDepth/set_parameters] /view rosrpc://ubuntu:33546
[rosmaster.master][INFO] 2017-09-19 18:47:03,901: -SERVICE [/image/marked/compressed/set_parameters] /view rosrpc://ubuntu:33546
[rosmaster.master][INFO] 2017-09-19 18:47:03,904: -SERVICE [/image/marked/theora/set_parameters] /view rosrpc://ubuntu:33546
[rosmaster.master][INFO] 2017-09-19 18:47:03,909: -SERVICE [/view/change_mode] /view rosrpc://ubuntu:33546
[rosmaster.master][INFO] 2017-09-19 18:47:03,911: -SERVICE [/view/rectangle_mode] /view rosrpc://ubuntu:33546
[rosmaster.master][INFO] 2017-09-19 18:47:03,913: -SERVICE [/view/grabcut_mode] /view rosrpc://ubuntu:33546
[rosmaster.master][INFO] 2017-09-19 18:47:03,914: -SERVICE [/view/grabcut_rect_mode] /view rosrpc://ubuntu:33546
[rosmaster.master][INFO] 2017-09-19 18:47:03,915: -SERVICE [/view/line_mode] /view rosrpc://ubuntu:33546
[rosmaster.master][INFO] 2017-09-19 18:47:03,916: -SERVICE [/view/poly_mode] /view rosrpc://ubuntu:33546
[rosmaster.master][INFO] 2017-09-19 18:47:03,918: -SERVICE [/view/none_mode] /view rosrpc://ubuntu:33546
[rosmaster.master][INFO] 2017-09-19 18:47:03,919: -SERVICE [/view/set_parameters] /view rosrpc://ubuntu:33546
[rosmaster.master][INFO] 2017-09-19 18:47:04,235: -PUB [/rosout_agg] /rosout http://ubuntu:41197/
[rosmaster.master][INFO] 2017-09-19 18:47:04,235: -SUB [/rosout] /rosout http://ubuntu:41197/
[rosmaster.master][INFO] 2017-09-19 18:47:04,236: -SERVICE [/rosout/get_loggers] /rosout rosrpc://ubuntu:53654
[rosmaster.master][INFO] 2017-09-19 18:47:04,237: -SERVICE [/rosout/set_logger_level] /rosout rosrpc://ubuntu:53654
[rosmaster.main][INFO] 2017-09-19 18:47:04,311: keyboard interrupt, will exit
[rosmaster.main][INFO] 2017-09-19 18:47:04,311: stopping master...
[rospy.core][INFO] 2017-09-19 18:47:04,311: signal_shutdown [atexit]
