[rosmaster.main][INFO] 2017-09-21 18:04:42,378: initialization complete, waiting for shutdown
[rosmaster.main][INFO] 2017-09-21 18:04:42,378: Starting ROS Master Node
[xmlrpc][INFO] 2017-09-21 18:04:42,379: XML-RPC server binding to 0.0.0.0:11311
[xmlrpc][INFO] 2017-09-21 18:04:42,379: Started XML-RPC server [http://ubuntu:11311/]
[xmlrpc][INFO] 2017-09-21 18:04:42,379: xml rpc node: starting XML-RPC server
[rosmaster.master][INFO] 2017-09-21 18:04:42,379: Master initialized: port[11311], uri[http://ubuntu:11311/]
[rosmaster.master][INFO] 2017-09-21 18:04:42,441: +PARAM [/run_id] by /roslaunch
[rosmaster.master][INFO] 2017-09-21 18:04:42,444: +PARAM [/roslaunch/uris/host_ubuntu__46807] by /roslaunch
[rosmaster.master][INFO] 2017-09-21 18:04:42,521: +PARAM [/rosversion] by /roslaunch
[rosmaster.master][INFO] 2017-09-21 18:04:42,521: +PARAM [/rosdistro] by /roslaunch
[rosmaster.master][INFO] 2017-09-21 18:04:42,521: +PARAM [/camera/device_id] by /roslaunch
[rosmaster.master][INFO] 2017-09-21 18:04:42,537: +SERVICE [/rosout/get_loggers] /rosout http://ubuntu:42744/
[rosmaster.master][INFO] 2017-09-21 18:04:42,538: +SERVICE [/rosout/set_logger_level] /rosout http://ubuntu:42744/
[rosmaster.master][INFO] 2017-09-21 18:04:42,540: +PUB [/rosout_agg] /rosout http://ubuntu:42744/
[rosmaster.master][INFO] 2017-09-21 18:04:42,552: +SUB [/rosout] /rosout http://ubuntu:42744/
[rosmaster.master][INFO] 2017-09-21 18:04:42,658: +PUB [/rosout] /image_converter http://ubuntu:38250/
[rosmaster.master][INFO] 2017-09-21 18:04:42,660: +SERVICE [/image_converter/get_loggers] /image_converter http://ubuntu:38250/
[rosmaster.master][INFO] 2017-09-21 18:04:42,661: +SERVICE [/image_converter/set_logger_level] /image_converter http://ubuntu:38250/
[rosmaster.master][INFO] 2017-09-21 18:04:42,667: +PUB [/rosout] /camera http://ubuntu:34492/
[rosmaster.master][INFO] 2017-09-21 18:04:42,668: +SERVICE [/camera/get_loggers] /camera http://ubuntu:34492/
[rosmaster.master][INFO] 2017-09-21 18:04:42,670: +SERVICE [/camera/set_logger_level] /camera http://ubuntu:34492/
[rosmaster.master][INFO] 2017-09-21 18:04:42,681: publisherUpdate[/rosout] -> http://ubuntu:42744/ ['http://ubuntu:38250/']
[rosmaster.master][INFO] 2017-09-21 18:04:42,688: publisherUpdate[/rosout] -> http://ubuntu:42744/ ['http://ubuntu:38250/']: sec=0.01, result=[1, '', 0]
[rosmaster.master][INFO] 2017-09-21 18:04:42,688: publisherUpdate[/rosout] -> http://ubuntu:42744/ ['http://ubuntu:38250/', 'http://ubuntu:34492/']
[rosmaster.master][INFO] 2017-09-21 18:04:42,690: publisherUpdate[/rosout] -> http://ubuntu:42744/ ['http://ubuntu:38250/', 'http://ubuntu:34492/']: sec=0.00, result=[1, '', 0]
[rosmaster.master][INFO] 2017-09-21 18:04:42,698: +PUB [/rosout] /view http://ubuntu:35011/
[rosmaster.master][INFO] 2017-09-21 18:04:42,699: +SERVICE [/view/get_loggers] /view http://ubuntu:35011/
[rosmaster.master][INFO] 2017-09-21 18:04:42,700: +SERVICE [/view/set_logger_level] /view http://ubuntu:35011/
[rosmaster.master][INFO] 2017-09-21 18:04:42,714: +SUB [/tf] /view http://ubuntu:35011/
[rosmaster.master][INFO] 2017-09-21 18:04:42,722: +SUB [/tf_static] /view http://ubuntu:35011/
[rosmaster.master][INFO] 2017-09-21 18:04:42,758: +SERVICE [/camera/set_camera_info] /camera http://ubuntu:34492/
[rosmaster.master][INFO] 2017-09-21 18:04:42,781: +PUB [/image/screenpoint] /view http://ubuntu:35011/
[rosmaster.master][INFO] 2017-09-21 18:04:42,786: +PUB [/image/screenpoint_array] /view http://ubuntu:35011/
[rosmaster.master][INFO] 2017-09-21 18:04:42,787: +PUB [/image/screenrectangle] /view http://ubuntu:35011/
[rosmaster.master][INFO] 2017-09-21 18:04:42,788: +PUB [/image/screenrectangle_image] /view http://ubuntu:35011/
[rosmaster.master][INFO] 2017-09-21 18:04:42,789: publisherUpdate[/rosout] -> http://ubuntu:42744/ ['http://ubuntu:38250/', 'http://ubuntu:34492/', 'http://ubuntu:35011/']
[rosmaster.master][INFO] 2017-09-21 18:04:42,789: publisherUpdate[/rosout] -> http://ubuntu:42744/ ['http://ubuntu:38250/', 'http://ubuntu:34492/', 'http://ubuntu:35011/']: sec=0.00, result=[1, '', 0]
[rosmaster.master][INFO] 2017-09-21 18:04:42,790: +PUB [/image/movepoint] /view http://ubuntu:35011/
[rosmaster.master][INFO] 2017-09-21 18:04:42,791: +PUB [/image/foreground] /view http://ubuntu:35011/
[rosmaster.master][INFO] 2017-09-21 18:04:42,792: +PUB [/image/background] /view http://ubuntu:35011/
[rosmaster.master][INFO] 2017-09-21 18:04:42,792: +PUB [/image/foreground_rect] /view http://ubuntu:35011/
[rosmaster.master][INFO] 2017-09-21 18:04:42,793: +PUB [/image/background_rect] /view http://ubuntu:35011/
[rosmaster.master][INFO] 2017-09-21 18:04:42,794: +PUB [/image/line] /view http://ubuntu:35011/
[rosmaster.master][INFO] 2017-09-21 18:04:42,795: +PUB [/image/poly] /view http://ubuntu:35011/
[rosmaster.master][INFO] 2017-09-21 18:04:42,827: +SUB [/camera/image_raw] /image_converter http://ubuntu:38250/
[rosmaster.master][INFO] 2017-09-21 18:04:42,876: +PUB [/image_marked/compressedDepth] /view http://ubuntu:35011/
[rosmaster.master][INFO] 2017-09-21 18:04:42,877: +SERVICE [/image_marked/compressedDepth/set_parameters] /view http://ubuntu:35011/
[rosmaster.master][INFO] 2017-09-21 18:04:42,879: +PUB [/image_marked/compressedDepth/parameter_descriptions] /view http://ubuntu:35011/
[rosmaster.master][INFO] 2017-09-21 18:04:42,880: +PUB [/image_marked/compressedDepth/parameter_updates] /view http://ubuntu:35011/
[rosmaster.master][INFO] 2017-09-21 18:04:42,882: +PARAM [/image_marked/compressedDepth/depth_max] by /view
[rosmaster.master][INFO] 2017-09-21 18:04:42,885: +PARAM [/image_marked/compressedDepth/depth_quantization] by /view
[rosmaster.master][INFO] 2017-09-21 18:04:42,886: +PARAM [/image_marked/compressedDepth/png_level] by /view
[rosmaster.master][INFO] 2017-09-21 18:04:42,887: +PARAM [/image_marked/compressedDepth/depth_max] by /view
[rosmaster.master][INFO] 2017-09-21 18:04:42,889: +PARAM [/image_marked/compressedDepth/depth_quantization] by /view
[rosmaster.master][INFO] 2017-09-21 18:04:42,890: +PARAM [/image_marked/compressedDepth/png_level] by /view
[rosmaster.master][INFO] 2017-09-21 18:04:42,896: +PUB [/image/compressedDepth] /image_converter http://ubuntu:38250/
[rosmaster.master][INFO] 2017-09-21 18:04:42,900: +SERVICE [/image/compressedDepth/set_parameters] /image_converter http://ubuntu:38250/
[rosmaster.master][INFO] 2017-09-21 18:04:42,901: +PUB [/image/compressedDepth/parameter_descriptions] /image_converter http://ubuntu:38250/
[rosmaster.master][INFO] 2017-09-21 18:04:42,904: +PUB [/image/compressedDepth/parameter_updates] /image_converter http://ubuntu:38250/
[rosmaster.master][INFO] 2017-09-21 18:04:42,909: +PARAM [/image/compressedDepth/depth_max] by /image_converter
[rosmaster.master][INFO] 2017-09-21 18:04:42,910: +PARAM [/image/compressedDepth/depth_quantization] by /image_converter
[rosmaster.master][INFO] 2017-09-21 18:04:42,912: +PARAM [/image/compressedDepth/png_level] by /image_converter
[rosmaster.master][INFO] 2017-09-21 18:04:42,913: +PARAM [/image/compressedDepth/depth_max] by /image_converter
[rosmaster.master][INFO] 2017-09-21 18:04:42,919: +PARAM [/image/compressedDepth/depth_quantization] by /image_converter
[rosmaster.master][INFO] 2017-09-21 18:04:42,920: +PARAM [/image/compressedDepth/png_level] by /image_converter
[rosmaster.master][INFO] 2017-09-21 18:04:42,966: +PUB [/image_marked/compressed] /view http://ubuntu:35011/
[rosmaster.master][INFO] 2017-09-21 18:04:42,967: +SERVICE [/image_marked/compressed/set_parameters] /view http://ubuntu:35011/
[rosmaster.master][INFO] 2017-09-21 18:04:42,968: +PUB [/image_marked/compressed/parameter_descriptions] /view http://ubuntu:35011/
[rosmaster.master][INFO] 2017-09-21 18:04:42,969: +PUB [/image_marked/compressed/parameter_updates] /view http://ubuntu:35011/
[rosmaster.master][INFO] 2017-09-21 18:04:42,972: +PARAM [/image_marked/compressed/format] by /view
[rosmaster.master][INFO] 2017-09-21 18:04:42,972: +PARAM [/image_marked/compressed/jpeg_quality] by /view
[rosmaster.master][INFO] 2017-09-21 18:04:42,973: +PARAM [/image_marked/compressed/png_level] by /view
[rosmaster.master][INFO] 2017-09-21 18:04:42,974: +PARAM [/image_marked/compressed/format] by /view
[rosmaster.master][INFO] 2017-09-21 18:04:42,978: +PARAM [/image_marked/compressed/jpeg_quality] by /view
[rosmaster.master][INFO] 2017-09-21 18:04:42,983: +PARAM [/image_marked/compressed/png_level] by /view
[rosmaster.master][INFO] 2017-09-21 18:04:42,991: +PUB [/image/compressed] /image_converter http://ubuntu:38250/
[rosmaster.master][INFO] 2017-09-21 18:04:42,991: +SERVICE [/image/compressed/set_parameters] /image_converter http://ubuntu:38250/
[rosmaster.master][INFO] 2017-09-21 18:04:42,992: +PUB [/image/compressed/parameter_descriptions] /image_converter http://ubuntu:38250/
[rosmaster.master][INFO] 2017-09-21 18:04:42,993: +PUB [/image/compressed/parameter_updates] /image_converter http://ubuntu:38250/
[rosmaster.master][INFO] 2017-09-21 18:04:43,005: +PARAM [/image/compressed/format] by /image_converter
[rosmaster.master][INFO] 2017-09-21 18:04:43,006: +PARAM [/image/compressed/jpeg_quality] by /image_converter
[rosmaster.master][INFO] 2017-09-21 18:04:43,006: +PARAM [/image/compressed/png_level] by /image_converter
[rosmaster.master][INFO] 2017-09-21 18:04:43,010: +PARAM [/image/compressed/format] by /image_converter
[rosmaster.master][INFO] 2017-09-21 18:04:43,011: +PARAM [/image/compressed/jpeg_quality] by /image_converter
[rosmaster.master][INFO] 2017-09-21 18:04:43,014: +PARAM [/image/compressed/png_level] by /image_converter
[rosmaster.master][INFO] 2017-09-21 18:04:43,063: +PUB [/camera/image_raw/compressedDepth] /camera http://ubuntu:34492/
[rosmaster.master][INFO] 2017-09-21 18:04:43,064: +SERVICE [/camera/image_raw/compressedDepth/set_parameters] /camera http://ubuntu:34492/
[rosmaster.master][INFO] 2017-09-21 18:04:43,065: +PUB [/camera/image_raw/compressedDepth/parameter_descriptions] /camera http://ubuntu:34492/
[rosmaster.master][INFO] 2017-09-21 18:04:43,066: +PUB [/camera/image_raw/compressedDepth/parameter_updates] /camera http://ubuntu:34492/
[rosmaster.master][INFO] 2017-09-21 18:04:43,067: +PUB [/image_marked] /view http://ubuntu:35011/
[rosmaster.master][INFO] 2017-09-21 18:04:43,074: +PARAM [/camera/image_raw/compressedDepth/depth_max] by /camera
[rosmaster.master][INFO] 2017-09-21 18:04:43,077: +PARAM [/camera/image_raw/compressedDepth/depth_quantization] by /camera
[rosmaster.master][INFO] 2017-09-21 18:04:43,078: +PARAM [/camera/image_raw/compressedDepth/png_level] by /camera
[rosmaster.master][INFO] 2017-09-21 18:04:43,079: +PARAM [/camera/image_raw/compressedDepth/depth_max] by /camera
[rosmaster.master][INFO] 2017-09-21 18:04:43,082: +PARAM [/camera/image_raw/compressedDepth/depth_quantization] by /camera
[rosmaster.master][INFO] 2017-09-21 18:04:43,085: +PARAM [/camera/image_raw/compressedDepth/png_level] by /camera
[rosmaster.master][INFO] 2017-09-21 18:04:43,101: +PUB [/image] /image_converter http://ubuntu:38250/
[rosmaster.master][INFO] 2017-09-21 18:04:43,176: +PUB [/image_marked/theora] /view http://ubuntu:35011/
[rosmaster.master][INFO] 2017-09-21 18:04:43,177: +SERVICE [/image_marked/theora/set_parameters] /view http://ubuntu:35011/
[rosmaster.master][INFO] 2017-09-21 18:04:43,178: +PUB [/image_marked/theora/parameter_descriptions] /view http://ubuntu:35011/
[rosmaster.master][INFO] 2017-09-21 18:04:43,180: +PUB [/image_marked/theora/parameter_updates] /view http://ubuntu:35011/
[rosmaster.master][INFO] 2017-09-21 18:04:43,186: +PUB [/camera/image_raw/compressed] /camera http://ubuntu:34492/
[rosmaster.master][INFO] 2017-09-21 18:04:43,187: +SERVICE [/camera/image_raw/compressed/set_parameters] /camera http://ubuntu:34492/
[rosmaster.master][INFO] 2017-09-21 18:04:43,188: +PARAM [/image_marked/theora/optimize_for] by /view
[rosmaster.master][INFO] 2017-09-21 18:04:43,190: +PUB [/camera/image_raw/compressed/parameter_descriptions] /camera http://ubuntu:34492/
[rosmaster.master][INFO] 2017-09-21 18:04:43,192: +PARAM [/image_marked/theora/target_bitrate] by /view
[rosmaster.master][INFO] 2017-09-21 18:04:43,193: +PUB [/camera/image_raw/compressed/parameter_updates] /camera http://ubuntu:34492/
[rosmaster.master][INFO] 2017-09-21 18:04:43,194: +PARAM [/image_marked/theora/quality] by /view
[rosmaster.master][INFO] 2017-09-21 18:04:43,195: +PUB [/image/theora] /image_converter http://ubuntu:38250/
[rosmaster.master][INFO] 2017-09-21 18:04:43,196: +PARAM [/image_marked/theora/keyframe_frequency] by /view
[rosmaster.master][INFO] 2017-09-21 18:04:43,197: +SERVICE [/image/theora/set_parameters] /image_converter http://ubuntu:38250/
[rosmaster.master][INFO] 2017-09-21 18:04:43,198: +PARAM [/image_marked/theora/optimize_for] by /view
[rosmaster.master][INFO] 2017-09-21 18:04:43,200: +PUB [/image/theora/parameter_descriptions] /image_converter http://ubuntu:38250/
[rosmaster.master][INFO] 2017-09-21 18:04:43,202: +PARAM [/image_marked/theora/target_bitrate] by /view
[rosmaster.master][INFO] 2017-09-21 18:04:43,202: +PUB [/image/theora/parameter_updates] /image_converter http://ubuntu:38250/
[rosmaster.master][INFO] 2017-09-21 18:04:43,203: +PARAM [/camera/image_raw/compressed/format] by /camera
[rosmaster.master][INFO] 2017-09-21 18:04:43,204: +PARAM [/image_marked/theora/quality] by /view
[rosmaster.master][INFO] 2017-09-21 18:04:43,205: +PARAM [/camera/image_raw/compressed/jpeg_quality] by /camera
[rosmaster.master][INFO] 2017-09-21 18:04:43,206: +PARAM [/image_marked/theora/keyframe_frequency] by /view
[rosmaster.master][INFO] 2017-09-21 18:04:43,212: +PARAM [/camera/image_raw/compressed/png_level] by /camera
[rosmaster.master][INFO] 2017-09-21 18:04:43,215: +PARAM [/camera/image_raw/compressed/format] by /camera
[rosmaster.master][INFO] 2017-09-21 18:04:43,218: +PARAM [/camera/image_raw/compressed/jpeg_quality] by /camera
[rosmaster.master][INFO] 2017-09-21 18:04:43,220: +PARAM [/image/theora/optimize_for] by /image_converter
[rosmaster.master][INFO] 2017-09-21 18:04:43,222: +PARAM [/camera/image_raw/compressed/png_level] by /camera
[rosmaster.master][INFO] 2017-09-21 18:04:43,226: +PARAM [/image/theora/target_bitrate] by /image_converter
[rosmaster.master][INFO] 2017-09-21 18:04:43,230: +PARAM [/image/theora/quality] by /image_converter
[rosmaster.master][INFO] 2017-09-21 18:04:43,234: +PARAM [/image/theora/keyframe_frequency] by /image_converter
[rosmaster.master][INFO] 2017-09-21 18:04:43,235: +PARAM [/image/theora/optimize_for] by /image_converter
[rosmaster.master][INFO] 2017-09-21 18:04:43,236: +PARAM [/image/theora/target_bitrate] by /image_converter
[rosmaster.master][INFO] 2017-09-21 18:04:43,238: +PARAM [/image/theora/quality] by /image_converter
[rosmaster.master][INFO] 2017-09-21 18:04:43,240: +PARAM [/image/theora/keyframe_frequency] by /image_converter
[rosmaster.master][INFO] 2017-09-21 18:04:43,278: +PUB [/image/marked/compressedDepth] /view http://ubuntu:35011/
[rosmaster.master][INFO] 2017-09-21 18:04:43,279: +SERVICE [/image/marked/compressedDepth/set_parameters] /view http://ubuntu:35011/
[rosmaster.master][INFO] 2017-09-21 18:04:43,280: +PUB [/image/marked/compressedDepth/parameter_descriptions] /view http://ubuntu:35011/
[rosmaster.master][INFO] 2017-09-21 18:04:43,281: +PUB [/image/marked/compressedDepth/parameter_updates] /view http://ubuntu:35011/
[rosmaster.master][INFO] 2017-09-21 18:04:43,283: +PARAM [/image/marked/compressedDepth/depth_max] by /view
[rosmaster.master][INFO] 2017-09-21 18:04:43,284: +PARAM [/image/marked/compressedDepth/depth_quantization] by /view
[rosmaster.master][INFO] 2017-09-21 18:04:43,285: +PARAM [/image/marked/compressedDepth/png_level] by /view
[rosmaster.master][INFO] 2017-09-21 18:04:43,286: +PARAM [/image/marked/compressedDepth/depth_max] by /view
[rosmaster.master][INFO] 2017-09-21 18:04:43,287: +PARAM [/image/marked/compressedDepth/depth_quantization] by /view
[rosmaster.master][INFO] 2017-09-21 18:04:43,289: +PUB [/camera/image_raw] /camera http://ubuntu:34492/
[rosmaster.master][INFO] 2017-09-21 18:04:43,290: +PARAM [/image/marked/compressedDepth/png_level] by /view
[rosmaster.master][INFO] 2017-09-21 18:04:43,295: publisherUpdate[/camera/image_raw] -> http://ubuntu:38250/ ['http://ubuntu:34492/']
[rosmaster.master][INFO] 2017-09-21 18:04:43,299: publisherUpdate[/camera/image_raw] -> http://ubuntu:38250/ ['http://ubuntu:34492/']: sec=0.00, result=[1, '', 0]
[rosmaster.master][INFO] 2017-09-21 18:04:43,342: +PUB [/image/marked/compressed] /view http://ubuntu:35011/
[rosmaster.master][INFO] 2017-09-21 18:04:43,343: +SERVICE [/image/marked/compressed/set_parameters] /view http://ubuntu:35011/
[rosmaster.master][INFO] 2017-09-21 18:04:43,343: +PUB [/image/marked/compressed/parameter_descriptions] /view http://ubuntu:35011/
[rosmaster.master][INFO] 2017-09-21 18:04:43,344: +PUB [/image/marked/compressed/parameter_updates] /view http://ubuntu:35011/
[rosmaster.master][INFO] 2017-09-21 18:04:43,346: +PARAM [/image/marked/compressed/format] by /view
[rosmaster.master][INFO] 2017-09-21 18:04:43,347: +PARAM [/image/marked/compressed/jpeg_quality] by /view
[rosmaster.master][INFO] 2017-09-21 18:04:43,348: +PARAM [/image/marked/compressed/png_level] by /view
[rosmaster.master][INFO] 2017-09-21 18:04:43,350: +PARAM [/image/marked/compressed/format] by /view
[rosmaster.master][INFO] 2017-09-21 18:04:43,352: +PUB [/camera/image_raw/theora] /camera http://ubuntu:34492/
[rosmaster.master][INFO] 2017-09-21 18:04:43,353: +PARAM [/image/marked/compressed/jpeg_quality] by /view
[rosmaster.master][INFO] 2017-09-21 18:04:43,353: +SERVICE [/camera/image_raw/theora/set_parameters] /camera http://ubuntu:34492/
[rosmaster.master][INFO] 2017-09-21 18:04:43,354: +PARAM [/image/marked/compressed/png_level] by /view
[rosmaster.master][INFO] 2017-09-21 18:04:43,359: +PUB [/camera/image_raw/theora/parameter_descriptions] /camera http://ubuntu:34492/
[rosmaster.master][INFO] 2017-09-21 18:04:43,359: +PUB [/camera/image_raw/theora/parameter_updates] /camera http://ubuntu:34492/
[rosmaster.master][INFO] 2017-09-21 18:04:43,367: +PARAM [/camera/image_raw/theora/optimize_for] by /camera
[rosmaster.master][INFO] 2017-09-21 18:04:43,367: +PARAM [/camera/image_raw/theora/target_bitrate] by /camera
[rosmaster.master][INFO] 2017-09-21 18:04:43,368: +PARAM [/camera/image_raw/theora/quality] by /camera
[rosmaster.master][INFO] 2017-09-21 18:04:43,371: +PARAM [/camera/image_raw/theora/keyframe_frequency] by /camera
[rosmaster.master][INFO] 2017-09-21 18:04:43,372: +PARAM [/camera/image_raw/theora/optimize_for] by /camera
[rosmaster.master][INFO] 2017-09-21 18:04:43,372: +PARAM [/camera/image_raw/theora/target_bitrate] by /camera
[rosmaster.master][INFO] 2017-09-21 18:04:43,375: +PARAM [/camera/image_raw/theora/quality] by /camera
[rosmaster.master][INFO] 2017-09-21 18:04:43,375: +PARAM [/camera/image_raw/theora/keyframe_frequency] by /camera
[rosmaster.master][INFO] 2017-09-21 18:04:43,376: +PUB [/camera/camera_info] /camera http://ubuntu:34492/
[rosmaster.master][INFO] 2017-09-21 18:04:43,405: +PUB [/image/marked] /view http://ubuntu:35011/
[rosmaster.master][INFO] 2017-09-21 18:04:43,432: +PUB [/image/marked/theora] /view http://ubuntu:35011/
[rosmaster.master][INFO] 2017-09-21 18:04:43,433: +SERVICE [/image/marked/theora/set_parameters] /view http://ubuntu:35011/
[rosmaster.master][INFO] 2017-09-21 18:04:43,433: +PUB [/image/marked/theora/parameter_descriptions] /view http://ubuntu:35011/
[rosmaster.master][INFO] 2017-09-21 18:04:43,434: +PUB [/image/marked/theora/parameter_updates] /view http://ubuntu:35011/
[rosmaster.master][INFO] 2017-09-21 18:04:43,437: +PARAM [/image/marked/theora/optimize_for] by /view
[rosmaster.master][INFO] 2017-09-21 18:04:43,438: +PARAM [/image/marked/theora/target_bitrate] by /view
[rosmaster.master][INFO] 2017-09-21 18:04:43,438: +PARAM [/image/marked/theora/quality] by /view
[rosmaster.master][INFO] 2017-09-21 18:04:43,439: +PARAM [/image/marked/theora/keyframe_frequency] by /view
[rosmaster.master][INFO] 2017-09-21 18:04:43,440: +PARAM [/image/marked/theora/optimize_for] by /view
[rosmaster.master][INFO] 2017-09-21 18:04:43,440: +PARAM [/image/marked/theora/target_bitrate] by /view
[rosmaster.master][INFO] 2017-09-21 18:04:43,441: +PARAM [/image/marked/theora/quality] by /view
[rosmaster.master][INFO] 2017-09-21 18:04:43,442: +PARAM [/image/marked/theora/keyframe_frequency] by /view
[rosmaster.master][INFO] 2017-09-21 18:04:43,470: +SUB [/image] /view http://ubuntu:35011/
[rosmaster.master][INFO] 2017-09-21 18:04:43,474: +SUB [/camera_info] /view http://ubuntu:35011/
[rosmaster.master][INFO] 2017-09-21 18:04:43,477: +SUB [/image_marker] /view http://ubuntu:35011/
[rosmaster.master][INFO] 2017-09-21 18:04:43,480: +SUB [/image/event] /view http://ubuntu:35011/
[rosmaster.master][INFO] 2017-09-21 18:04:43,481: +SERVICE [/view/change_mode] /view http://ubuntu:35011/
[rosmaster.master][INFO] 2017-09-21 18:04:43,482: +SERVICE [/view/rectangle_mode] /view http://ubuntu:35011/
[rosmaster.master][INFO] 2017-09-21 18:04:43,482: +SERVICE [/view/grabcut_mode] /view http://ubuntu:35011/
[rosmaster.master][INFO] 2017-09-21 18:04:43,483: +SERVICE [/view/grabcut_rect_mode] /view http://ubuntu:35011/
[rosmaster.master][INFO] 2017-09-21 18:04:43,484: +SERVICE [/view/line_mode] /view http://ubuntu:35011/
[rosmaster.master][INFO] 2017-09-21 18:04:43,484: +SERVICE [/view/poly_mode] /view http://ubuntu:35011/
[rosmaster.master][INFO] 2017-09-21 18:04:43,485: +SERVICE [/view/none_mode] /view http://ubuntu:35011/
[rosmaster.master][INFO] 2017-09-21 18:04:43,486: +SERVICE [/view/set_parameters] /view http://ubuntu:35011/
[rosmaster.master][INFO] 2017-09-21 18:04:43,486: +PUB [/view/parameter_descriptions] /view http://ubuntu:35011/
[rosmaster.master][INFO] 2017-09-21 18:04:43,487: +PUB [/view/parameter_updates] /view http://ubuntu:35011/
[rosmaster.master][INFO] 2017-09-21 18:04:43,492: +PARAM [/view/grid] by /view
[rosmaster.master][INFO] 2017-09-21 18:04:43,493: +PARAM [/view/fisheye_mode] by /view
[rosmaster.master][INFO] 2017-09-21 18:04:43,494: +PARAM [/view/div_u] by /view
[rosmaster.master][INFO] 2017-09-21 18:04:43,495: +PARAM [/view/div_v] by /view
[rosmaster.master][INFO] 2017-09-21 18:04:43,495: +PARAM [/view/grid_red] by /view
[rosmaster.master][INFO] 2017-09-21 18:04:43,496: +PARAM [/view/grid_green] by /view
[rosmaster.master][INFO] 2017-09-21 18:04:43,497: +PARAM [/view/grid_blue] by /view
[rosmaster.master][INFO] 2017-09-21 18:04:43,497: +PARAM [/view/grid_thickness] by /view
[rosmaster.master][INFO] 2017-09-21 18:04:43,498: +PARAM [/view/grid_space] by /view
[rosmaster.master][INFO] 2017-09-21 18:04:43,499: +PARAM [/view/grid] by /view
[rosmaster.master][INFO] 2017-09-21 18:04:43,500: +PARAM [/view/fisheye_mode] by /view
[rosmaster.master][INFO] 2017-09-21 18:04:43,500: +PARAM [/view/div_u] by /view
[rosmaster.master][INFO] 2017-09-21 18:04:43,501: +PARAM [/view/div_v] by /view
[rosmaster.master][INFO] 2017-09-21 18:04:43,502: +PARAM [/view/grid_red] by /view
[rosmaster.master][INFO] 2017-09-21 18:04:43,502: +PARAM [/view/grid_green] by /view
[rosmaster.master][INFO] 2017-09-21 18:04:43,503: +PARAM [/view/grid_blue] by /view
[rosmaster.master][INFO] 2017-09-21 18:04:43,504: +PARAM [/view/grid_thickness] by /view
[rosmaster.master][INFO] 2017-09-21 18:04:43,504: +PARAM [/view/grid_space] by /view
[rosmaster.master][INFO] 2017-09-21 18:04:45,120: -PUB [/rosout] /view http://ubuntu:35011/
[rosmaster.master][INFO] 2017-09-21 18:04:45,120: -PUB [/image/screenpoint] /view http://ubuntu:35011/
[rosmaster.master][INFO] 2017-09-21 18:04:45,121: -PUB [/image/screenpoint_array] /view http://ubuntu:35011/
[rosmaster.master][INFO] 2017-09-21 18:04:45,122: -PUB [/image/screenrectangle] /view http://ubuntu:35011/
[rosmaster.master][INFO] 2017-09-21 18:04:45,123: -PUB [/image/screenrectangle_image] /view http://ubuntu:35011/
[rosmaster.master][INFO] 2017-09-21 18:04:45,124: -PUB [/image/movepoint] /view http://ubuntu:35011/
[rosmaster.master][INFO] 2017-09-21 18:04:45,135: -PUB [/image/foreground] /view http://ubuntu:35011/
[rosmaster.master][INFO] 2017-09-21 18:04:45,137: -PUB [/image/background] /view http://ubuntu:35011/
[rosmaster.master][INFO] 2017-09-21 18:04:45,138: -PUB [/image/foreground_rect] /view http://ubuntu:35011/
[rosmaster.master][INFO] 2017-09-21 18:04:45,141: -PUB [/image/background_rect] /view http://ubuntu:35011/
[rosmaster.master][INFO] 2017-09-21 18:04:45,143: -PUB [/image/line] /view http://ubuntu:35011/
[rosmaster.master][INFO] 2017-09-21 18:04:45,148: -PUB [/image/poly] /view http://ubuntu:35011/
[rosmaster.master][INFO] 2017-09-21 18:04:45,149: -PUB [/image_marked/compressedDepth] /view http://ubuntu:35011/
[rosmaster.master][INFO] 2017-09-21 18:04:45,150: -PUB [/image_marked/compressedDepth/parameter_descriptions] /view http://ubuntu:35011/
[rosmaster.master][INFO] 2017-09-21 18:04:45,152: -PUB [/image_marked/compressedDepth/parameter_updates] /view http://ubuntu:35011/
[rosmaster.master][INFO] 2017-09-21 18:04:45,155: -PUB [/image_marked/compressed] /view http://ubuntu:35011/
[rosmaster.master][INFO] 2017-09-21 18:04:45,160: -PUB [/image_marked/compressed/parameter_descriptions] /view http://ubuntu:35011/
[rosmaster.master][INFO] 2017-09-21 18:04:45,161: -PUB [/image_marked/compressed/parameter_updates] /view http://ubuntu:35011/
[rosmaster.master][INFO] 2017-09-21 18:04:45,164: -PUB [/image_marked] /view http://ubuntu:35011/
[rosmaster.master][INFO] 2017-09-21 18:04:45,165: -PUB [/image_marked/theora] /view http://ubuntu:35011/
[rosmaster.master][INFO] 2017-09-21 18:04:45,166: -PUB [/image_marked/theora/parameter_descriptions] /view http://ubuntu:35011/
[rosmaster.master][INFO] 2017-09-21 18:04:45,168: -PUB [/image_marked/theora/parameter_updates] /view http://ubuntu:35011/
[rosmaster.master][INFO] 2017-09-21 18:04:45,169: -PUB [/image/marked/compressedDepth] /view http://ubuntu:35011/
[rosmaster.master][INFO] 2017-09-21 18:04:45,170: -PUB [/image/marked/compressedDepth/parameter_descriptions] /view http://ubuntu:35011/
[rosmaster.master][INFO] 2017-09-21 18:04:45,170: -PUB [/image/marked/compressedDepth/parameter_updates] /view http://ubuntu:35011/
[rosmaster.master][INFO] 2017-09-21 18:04:45,172: -PUB [/image/marked/compressed] /view http://ubuntu:35011/
[rosmaster.master][INFO] 2017-09-21 18:04:45,173: -PUB [/image/marked/compressed/parameter_descriptions] /view http://ubuntu:35011/
[rosmaster.master][INFO] 2017-09-21 18:04:45,175: -PUB [/image/marked/compressed/parameter_updates] /view http://ubuntu:35011/
[rosmaster.master][INFO] 2017-09-21 18:04:45,177: -PUB [/image/marked] /view http://ubuntu:35011/
[rosmaster.master][INFO] 2017-09-21 18:04:45,178: -PUB [/image/marked/theora] /view http://ubuntu:35011/
[rosmaster.master][INFO] 2017-09-21 18:04:45,179: -PUB [/image/marked/theora/parameter_descriptions] /view http://ubuntu:35011/
[rosmaster.master][INFO] 2017-09-21 18:04:45,181: -PUB [/image/marked/theora/parameter_updates] /view http://ubuntu:35011/
[rosmaster.master][INFO] 2017-09-21 18:04:45,182: -PUB [/view/parameter_descriptions] /view http://ubuntu:35011/
[rosmaster.master][INFO] 2017-09-21 18:04:45,183: -PUB [/view/parameter_updates] /view http://ubuntu:35011/
[rosmaster.master][INFO] 2017-09-21 18:04:45,185: -SUB [/tf] /view http://ubuntu:35011/
[rosmaster.master][INFO] 2017-09-21 18:04:45,186: -SUB [/tf_static] /view http://ubuntu:35011/
[rosmaster.master][INFO] 2017-09-21 18:04:45,187: -SUB [/image] /view http://ubuntu:35011/
[rosmaster.master][INFO] 2017-09-21 18:04:45,189: -SUB [/camera_info] /view http://ubuntu:35011/
[rosmaster.master][INFO] 2017-09-21 18:04:45,190: -SUB [/image_marker] /view http://ubuntu:35011/
[rosmaster.master][INFO] 2017-09-21 18:04:45,191: -SUB [/image/event] /view http://ubuntu:35011/
[rosmaster.master][INFO] 2017-09-21 18:04:45,192: -SERVICE [/view/get_loggers] /view rosrpc://ubuntu:42121
[rosmaster.master][INFO] 2017-09-21 18:04:45,194: -SERVICE [/view/set_logger_level] /view rosrpc://ubuntu:42121
[rosmaster.master][INFO] 2017-09-21 18:04:45,195: -SERVICE [/image_marked/compressedDepth/set_parameters] /view rosrpc://ubuntu:42121
[rosmaster.master][INFO] 2017-09-21 18:04:45,197: -SERVICE [/image_marked/compressed/set_parameters] /view rosrpc://ubuntu:42121
[rosmaster.master][INFO] 2017-09-21 18:04:45,198: -SERVICE [/image_marked/theora/set_parameters] /view rosrpc://ubuntu:42121
[rosmaster.master][INFO] 2017-09-21 18:04:45,199: -SERVICE [/image/marked/compressedDepth/set_parameters] /view rosrpc://ubuntu:42121
[rosmaster.master][INFO] 2017-09-21 18:04:45,200: -SERVICE [/image/marked/compressed/set_parameters] /view rosrpc://ubuntu:42121
[rosmaster.master][INFO] 2017-09-21 18:04:45,201: -SERVICE [/image/marked/theora/set_parameters] /view rosrpc://ubuntu:42121
[rosmaster.master][INFO] 2017-09-21 18:04:45,202: -SERVICE [/view/change_mode] /view rosrpc://ubuntu:42121
[rosmaster.master][INFO] 2017-09-21 18:04:45,204: -SERVICE [/view/rectangle_mode] /view rosrpc://ubuntu:42121
[rosmaster.master][INFO] 2017-09-21 18:04:45,204: -SERVICE [/view/grabcut_mode] /view rosrpc://ubuntu:42121
[rosmaster.master][INFO] 2017-09-21 18:04:45,206: -SERVICE [/view/grabcut_rect_mode] /view rosrpc://ubuntu:42121
[rosmaster.master][INFO] 2017-09-21 18:04:45,207: -SERVICE [/view/line_mode] /view rosrpc://ubuntu:42121
[rosmaster.master][INFO] 2017-09-21 18:04:45,208: -SERVICE [/view/poly_mode] /view rosrpc://ubuntu:42121
[rosmaster.master][INFO] 2017-09-21 18:04:45,209: publisherUpdate[/rosout] -> http://ubuntu:42744/ ['http://ubuntu:38250/', 'http://ubuntu:34492/']
[rosmaster.master][INFO] 2017-09-21 18:04:45,210: publisherUpdate[/rosout] -> http://ubuntu:42744/ ['http://ubuntu:38250/', 'http://ubuntu:34492/']: sec=0.00, result=[1, '', 0]
[rosmaster.master][INFO] 2017-09-21 18:04:45,210: -SERVICE [/view/none_mode] /view rosrpc://ubuntu:42121
[rosmaster.master][INFO] 2017-09-21 18:04:45,211: -SERVICE [/view/set_parameters] /view rosrpc://ubuntu:42121
[rosmaster.master][INFO] 2017-09-21 18:04:45,217: -PUB [/rosout] /camera http://ubuntu:34492/
[rosmaster.master][INFO] 2017-09-21 18:04:45,218: -PUB [/camera/image_raw/compressedDepth] /camera http://ubuntu:34492/
[rosmaster.master][INFO] 2017-09-21 18:04:45,218: -PUB [/camera/image_raw/compressedDepth/parameter_descriptions] /camera http://ubuntu:34492/
[rosmaster.master][INFO] 2017-09-21 18:04:45,219: -PUB [/camera/image_raw/compressedDepth/parameter_updates] /camera http://ubuntu:34492/
[rosmaster.master][INFO] 2017-09-21 18:04:45,220: -PUB [/camera/image_raw/compressed] /camera http://ubuntu:34492/
[rosmaster.master][INFO] 2017-09-21 18:04:45,220: -PUB [/camera/image_raw/compressed/parameter_descriptions] /camera http://ubuntu:34492/
[rosmaster.master][INFO] 2017-09-21 18:04:45,221: -PUB [/camera/image_raw/compressed/parameter_updates] /camera http://ubuntu:34492/
[rosmaster.master][INFO] 2017-09-21 18:04:45,225: -PUB [/camera/image_raw] /camera http://ubuntu:34492/
[rosmaster.master][INFO] 2017-09-21 18:04:45,225: -PUB [/camera/image_raw/theora] /camera http://ubuntu:34492/
[rosmaster.master][INFO] 2017-09-21 18:04:45,228: -PUB [/camera/image_raw/theora/parameter_descriptions] /camera http://ubuntu:34492/
[rosmaster.master][INFO] 2017-09-21 18:04:45,230: -PUB [/camera/image_raw/theora/parameter_updates] /camera http://ubuntu:34492/
[rosmaster.master][INFO] 2017-09-21 18:04:45,231: -PUB [/camera/camera_info] /camera http://ubuntu:34492/
[rosmaster.master][INFO] 2017-09-21 18:04:45,232: -SERVICE [/camera/get_loggers] /camera rosrpc://ubuntu:53360
[rosmaster.master][INFO] 2017-09-21 18:04:45,234: -SERVICE [/camera/set_logger_level] /camera rosrpc://ubuntu:53360
[rosmaster.master][INFO] 2017-09-21 18:04:45,235: -SERVICE [/camera/set_camera_info] /camera rosrpc://ubuntu:53360
[rosmaster.master][INFO] 2017-09-21 18:04:45,236: -SERVICE [/camera/image_raw/compressedDepth/set_parameters] /camera rosrpc://ubuntu:53360
[rosmaster.master][INFO] 2017-09-21 18:04:45,237: -SERVICE [/camera/image_raw/compressed/set_parameters] /camera rosrpc://ubuntu:53360
[rosmaster.master][INFO] 2017-09-21 18:04:45,237: -SERVICE [/camera/image_raw/theora/set_parameters] /camera rosrpc://ubuntu:53360
[rosmaster.master][INFO] 2017-09-21 18:04:45,311: publisherUpdate[/rosout] -> http://ubuntu:42744/ ['http://ubuntu:38250/']
[rosmaster.master][INFO] 2017-09-21 18:04:45,311: publisherUpdate[/camera/image_raw] -> http://ubuntu:38250/ []
[rosmaster.master][INFO] 2017-09-21 18:04:45,313: publisherUpdate[/camera/image_raw] -> http://ubuntu:38250/ []: sec=0.00, exception=[Errno 111] Connection refused
[rosmaster.threadpool][ERROR] 2017-09-21 18:04:45,319: Traceback (most recent call last):
  File "/opt/ros/kinetic/lib/python2.7/dist-packages/rosmaster/threadpool.py", line 218, in run
    result = cmd(*args)
  File "/opt/ros/kinetic/lib/python2.7/dist-packages/rosmaster/master_api.py", line 210, in publisher_update_task
    ret = xmlrpcapi(api).publisherUpdate('/master', topic, pub_uris)
  File "/usr/lib/python2.7/xmlrpclib.py", line 1243, in __call__
    return self.__send(self.__name, args)
  File "/usr/lib/python2.7/xmlrpclib.py", line 1602, in __request
    verbose=self.__verbose
  File "/usr/lib/python2.7/xmlrpclib.py", line 1283, in request
    return self.single_request(host, handler, request_body, verbose)
  File "/usr/lib/python2.7/xmlrpclib.py", line 1311, in single_request
    self.send_content(h, request_body)
  File "/usr/lib/python2.7/xmlrpclib.py", line 1459, in send_content
    connection.endheaders(request_body)
  File "/usr/lib/python2.7/httplib.py", line 1053, in endheaders
    self._send_output(message_body)
  File "/usr/lib/python2.7/httplib.py", line 897, in _send_output
    self.send(msg)
  File "/usr/lib/python2.7/httplib.py", line 859, in send
    self.connect()
  File "/usr/lib/python2.7/httplib.py", line 836, in connect
    self.timeout, self.source_address)
  File "/usr/lib/python2.7/socket.py", line 575, in create_connection
    raise err
error: [Errno 111] Connection refused

[rosmaster.master][INFO] 2017-09-21 18:04:45,322: publisherUpdate[/rosout] -> http://ubuntu:42744/ ['http://ubuntu:38250/']: sec=0.01, result=[1, '', 0]
[rosmaster.master][INFO] 2017-09-21 18:04:45,715: -PUB [/rosout_agg] /rosout http://ubuntu:42744/
[rosmaster.master][INFO] 2017-09-21 18:04:45,715: -SUB [/rosout] /rosout http://ubuntu:42744/
[rosmaster.master][INFO] 2017-09-21 18:04:45,716: -SERVICE [/rosout/get_loggers] /rosout rosrpc://ubuntu:42122
[rosmaster.master][INFO] 2017-09-21 18:04:45,717: -SERVICE [/rosout/set_logger_level] /rosout rosrpc://ubuntu:42122
[rosmaster.main][INFO] 2017-09-21 18:04:45,730: keyboard interrupt, will exit
[rosmaster.main][INFO] 2017-09-21 18:04:45,730: stopping master...
[rospy.core][INFO] 2017-09-21 18:04:45,730: signal_shutdown [atexit]
