[rosmaster.main][INFO] 2017-09-21 19:17:22,564: initialization complete, waiting for shutdown
[rosmaster.main][INFO] 2017-09-21 19:17:22,564: Starting ROS Master Node
[xmlrpc][INFO] 2017-09-21 19:17:22,565: XML-RPC server binding to 0.0.0.0:11311
[xmlrpc][INFO] 2017-09-21 19:17:22,565: Started XML-RPC server [http://ubuntu:11311/]
[xmlrpc][INFO] 2017-09-21 19:17:22,565: xml rpc node: starting XML-RPC server
[rosmaster.master][INFO] 2017-09-21 19:17:22,565: Master initialized: port[11311], uri[http://ubuntu:11311/]
[rosmaster.master][INFO] 2017-09-21 19:17:22,619: +PARAM [/run_id] by /roslaunch
[rosmaster.master][INFO] 2017-09-21 19:17:22,620: +PARAM [/roslaunch/uris/host_ubuntu__35876] by /roslaunch
[rosmaster.master][INFO] 2017-09-21 19:17:22,702: +PARAM [/rosversion] by /roslaunch
[rosmaster.master][INFO] 2017-09-21 19:17:22,702: +PARAM [/rosdistro] by /roslaunch
[rosmaster.master][INFO] 2017-09-21 19:17:22,703: +PARAM [/camera/device_id] by /roslaunch
[rosmaster.master][INFO] 2017-09-21 19:17:22,710: +SERVICE [/rosout/get_loggers] /rosout http://ubuntu:39172/
[rosmaster.master][INFO] 2017-09-21 19:17:22,711: +SERVICE [/rosout/set_logger_level] /rosout http://ubuntu:39172/
[rosmaster.master][INFO] 2017-09-21 19:17:22,714: +PUB [/rosout_agg] /rosout http://ubuntu:39172/
[rosmaster.master][INFO] 2017-09-21 19:17:22,718: +SUB [/rosout] /rosout http://ubuntu:39172/
[rosmaster.master][INFO] 2017-09-21 19:17:22,807: +PUB [/rosout] /image_converter http://ubuntu:37049/
[rosmaster.master][INFO] 2017-09-21 19:17:22,808: +SERVICE [/image_converter/get_loggers] /image_converter http://ubuntu:37049/
[rosmaster.master][INFO] 2017-09-21 19:17:22,810: +SERVICE [/image_converter/set_logger_level] /image_converter http://ubuntu:37049/
[rosmaster.master][INFO] 2017-09-21 19:17:22,860: +PUB [/rosout] /camera http://ubuntu:45997/
[rosmaster.master][INFO] 2017-09-21 19:17:22,860: +SERVICE [/camera/get_loggers] /camera http://ubuntu:45997/
[rosmaster.master][INFO] 2017-09-21 19:17:22,861: +SERVICE [/camera/set_logger_level] /camera http://ubuntu:45997/
[rosmaster.master][INFO] 2017-09-21 19:17:22,868: publisherUpdate[/rosout] -> http://ubuntu:39172/ ['http://ubuntu:37049/']
[rosmaster.master][INFO] 2017-09-21 19:17:22,869: publisherUpdate[/rosout] -> http://ubuntu:39172/ ['http://ubuntu:37049/']: sec=0.00, result=[1, '', 0]
[rosmaster.master][INFO] 2017-09-21 19:17:22,869: publisherUpdate[/rosout] -> http://ubuntu:39172/ ['http://ubuntu:37049/', 'http://ubuntu:45997/']
[rosmaster.master][INFO] 2017-09-21 19:17:22,870: publisherUpdate[/rosout] -> http://ubuntu:39172/ ['http://ubuntu:37049/', 'http://ubuntu:45997/']: sec=0.00, result=[1, '', 0]
[rosmaster.master][INFO] 2017-09-21 19:17:22,870: +PUB [/rosout] /view http://ubuntu:43062/
[rosmaster.master][INFO] 2017-09-21 19:17:22,878: +SERVICE [/view/get_loggers] /view http://ubuntu:43062/
[rosmaster.master][INFO] 2017-09-21 19:17:22,879: +SERVICE [/view/set_logger_level] /view http://ubuntu:43062/
[rosmaster.master][INFO] 2017-09-21 19:17:22,892: +SUB [/tf] /view http://ubuntu:43062/
[rosmaster.master][INFO] 2017-09-21 19:17:22,899: +SUB [/tf_static] /view http://ubuntu:43062/
[rosmaster.master][INFO] 2017-09-21 19:17:22,934: +SERVICE [/camera/set_camera_info] /camera http://ubuntu:45997/
[rosmaster.master][INFO] 2017-09-21 19:17:22,953: +PUB [/image/screenpoint] /view http://ubuntu:43062/
[rosmaster.master][INFO] 2017-09-21 19:17:22,954: +SUB [/camera/image_raw] /image_converter http://ubuntu:37049/
[rosmaster.master][INFO] 2017-09-21 19:17:22,955: +PUB [/image/screenpoint_array] /view http://ubuntu:43062/
[rosmaster.master][INFO] 2017-09-21 19:17:22,956: +PUB [/image/screenrectangle] /view http://ubuntu:43062/
[rosmaster.master][INFO] 2017-09-21 19:17:22,958: +PUB [/image/screenrectangle_image] /view http://ubuntu:43062/
[rosmaster.master][INFO] 2017-09-21 19:17:22,959: +PUB [/image/movepoint] /view http://ubuntu:43062/
[rosmaster.master][INFO] 2017-09-21 19:17:22,962: +PUB [/image/foreground] /view http://ubuntu:43062/
[rosmaster.master][INFO] 2017-09-21 19:17:22,963: +PUB [/image/background] /view http://ubuntu:43062/
[rosmaster.master][INFO] 2017-09-21 19:17:22,964: +PUB [/image/foreground_rect] /view http://ubuntu:43062/
[rosmaster.master][INFO] 2017-09-21 19:17:22,965: +PUB [/image/background_rect] /view http://ubuntu:43062/
[rosmaster.master][INFO] 2017-09-21 19:17:22,967: +PUB [/image/line] /view http://ubuntu:43062/
[rosmaster.master][INFO] 2017-09-21 19:17:22,968: +PUB [/image/poly] /view http://ubuntu:43062/
[rosmaster.master][INFO] 2017-09-21 19:17:22,969: publisherUpdate[/rosout] -> http://ubuntu:39172/ ['http://ubuntu:37049/', 'http://ubuntu:45997/', 'http://ubuntu:43062/']
[rosmaster.master][INFO] 2017-09-21 19:17:22,971: publisherUpdate[/rosout] -> http://ubuntu:39172/ ['http://ubuntu:37049/', 'http://ubuntu:45997/', 'http://ubuntu:43062/']: sec=0.00, result=[1, '', 0]
[rosmaster.master][INFO] 2017-09-21 19:17:23,018: +PUB [/image/compressedDepth] /image_converter http://ubuntu:37049/
[rosmaster.master][INFO] 2017-09-21 19:17:23,020: +SERVICE [/image/compressedDepth/set_parameters] /image_converter http://ubuntu:37049/
[rosmaster.master][INFO] 2017-09-21 19:17:23,020: +PUB [/image/compressedDepth/parameter_descriptions] /image_converter http://ubuntu:37049/
[rosmaster.master][INFO] 2017-09-21 19:17:23,021: +PUB [/image/compressedDepth/parameter_updates] /image_converter http://ubuntu:37049/
[rosmaster.master][INFO] 2017-09-21 19:17:23,024: +PARAM [/image/compressedDepth/depth_max] by /image_converter
[rosmaster.master][INFO] 2017-09-21 19:17:23,027: +PARAM [/image/compressedDepth/depth_quantization] by /image_converter
[rosmaster.master][INFO] 2017-09-21 19:17:23,027: +PARAM [/image/compressedDepth/png_level] by /image_converter
[rosmaster.master][INFO] 2017-09-21 19:17:23,028: +PARAM [/image/compressedDepth/depth_max] by /image_converter
[rosmaster.master][INFO] 2017-09-21 19:17:23,030: +PARAM [/image/compressedDepth/depth_quantization] by /image_converter
[rosmaster.master][INFO] 2017-09-21 19:17:23,033: +PARAM [/image/compressedDepth/png_level] by /image_converter
[rosmaster.master][INFO] 2017-09-21 19:17:23,048: +PUB [/image_marked/compressedDepth] /view http://ubuntu:43062/
[rosmaster.master][INFO] 2017-09-21 19:17:23,049: +SERVICE [/image_marked/compressedDepth/set_parameters] /view http://ubuntu:43062/
[rosmaster.master][INFO] 2017-09-21 19:17:23,050: +PUB [/image_marked/compressedDepth/parameter_descriptions] /view http://ubuntu:43062/
[rosmaster.master][INFO] 2017-09-21 19:17:23,053: +PUB [/image_marked/compressedDepth/parameter_updates] /view http://ubuntu:43062/
[rosmaster.master][INFO] 2017-09-21 19:17:23,056: +PARAM [/image_marked/compressedDepth/depth_max] by /view
[rosmaster.master][INFO] 2017-09-21 19:17:23,056: +PARAM [/image_marked/compressedDepth/depth_quantization] by /view
[rosmaster.master][INFO] 2017-09-21 19:17:23,057: +PARAM [/image_marked/compressedDepth/png_level] by /view
[rosmaster.master][INFO] 2017-09-21 19:17:23,058: +PARAM [/image_marked/compressedDepth/depth_max] by /view
[rosmaster.master][INFO] 2017-09-21 19:17:23,059: +PARAM [/image_marked/compressedDepth/depth_quantization] by /view
[rosmaster.master][INFO] 2017-09-21 19:17:23,062: +PARAM [/image_marked/compressedDepth/png_level] by /view
[rosmaster.master][INFO] 2017-09-21 19:17:23,092: +PUB [/image/compressed] /image_converter http://ubuntu:37049/
[rosmaster.master][INFO] 2017-09-21 19:17:23,093: +SERVICE [/image/compressed/set_parameters] /image_converter http://ubuntu:37049/
[rosmaster.master][INFO] 2017-09-21 19:17:23,094: +PUB [/image/compressed/parameter_descriptions] /image_converter http://ubuntu:37049/
[rosmaster.master][INFO] 2017-09-21 19:17:23,095: +PUB [/image/compressed/parameter_updates] /image_converter http://ubuntu:37049/
[rosmaster.master][INFO] 2017-09-21 19:17:23,097: +PARAM [/image/compressed/format] by /image_converter
[rosmaster.master][INFO] 2017-09-21 19:17:23,098: +PARAM [/image/compressed/jpeg_quality] by /image_converter
[rosmaster.master][INFO] 2017-09-21 19:17:23,100: +PARAM [/image/compressed/png_level] by /image_converter
[rosmaster.master][INFO] 2017-09-21 19:17:23,101: +PARAM [/image/compressed/format] by /image_converter
[rosmaster.master][INFO] 2017-09-21 19:17:23,102: +PARAM [/image/compressed/jpeg_quality] by /image_converter
[rosmaster.master][INFO] 2017-09-21 19:17:23,106: +PARAM [/image/compressed/png_level] by /image_converter
[rosmaster.master][INFO] 2017-09-21 19:17:23,123: +PUB [/image_marked/compressed] /view http://ubuntu:43062/
[rosmaster.master][INFO] 2017-09-21 19:17:23,124: +SERVICE [/image_marked/compressed/set_parameters] /view http://ubuntu:43062/
[rosmaster.master][INFO] 2017-09-21 19:17:23,124: +PUB [/image_marked/compressed/parameter_descriptions] /view http://ubuntu:43062/
[rosmaster.master][INFO] 2017-09-21 19:17:23,125: +PUB [/image_marked/compressed/parameter_updates] /view http://ubuntu:43062/
[rosmaster.master][INFO] 2017-09-21 19:17:23,130: +PARAM [/image_marked/compressed/format] by /view
[rosmaster.master][INFO] 2017-09-21 19:17:23,131: +PARAM [/image_marked/compressed/jpeg_quality] by /view
[rosmaster.master][INFO] 2017-09-21 19:17:23,134: +PARAM [/image_marked/compressed/png_level] by /view
[rosmaster.master][INFO] 2017-09-21 19:17:23,135: +PARAM [/image_marked/compressed/format] by /view
[rosmaster.master][INFO] 2017-09-21 19:17:23,138: +PARAM [/image_marked/compressed/jpeg_quality] by /view
[rosmaster.master][INFO] 2017-09-21 19:17:23,139: +PARAM [/image_marked/compressed/png_level] by /view
[rosmaster.master][INFO] 2017-09-21 19:17:23,165: +PUB [/image] /image_converter http://ubuntu:37049/
[rosmaster.master][INFO] 2017-09-21 19:17:23,190: +PUB [/image_marked] /view http://ubuntu:43062/
[rosmaster.master][INFO] 2017-09-21 19:17:23,238: +PUB [/image/theora] /image_converter http://ubuntu:37049/
[rosmaster.master][INFO] 2017-09-21 19:17:23,239: +SERVICE [/image/theora/set_parameters] /image_converter http://ubuntu:37049/
[rosmaster.master][INFO] 2017-09-21 19:17:23,240: +PUB [/image/theora/parameter_descriptions] /image_converter http://ubuntu:37049/
[rosmaster.master][INFO] 2017-09-21 19:17:23,240: +PUB [/image/theora/parameter_updates] /image_converter http://ubuntu:37049/
[rosmaster.master][INFO] 2017-09-21 19:17:23,243: +PARAM [/image/theora/optimize_for] by /image_converter
[rosmaster.master][INFO] 2017-09-21 19:17:23,243: +PARAM [/image/theora/target_bitrate] by /image_converter
[rosmaster.master][INFO] 2017-09-21 19:17:23,244: +PARAM [/image/theora/quality] by /image_converter
[rosmaster.master][INFO] 2017-09-21 19:17:23,246: +PARAM [/image/theora/keyframe_frequency] by /image_converter
[rosmaster.master][INFO] 2017-09-21 19:17:23,247: +PARAM [/image/theora/optimize_for] by /image_converter
[rosmaster.master][INFO] 2017-09-21 19:17:23,254: +PARAM [/image/theora/target_bitrate] by /image_converter
[rosmaster.master][INFO] 2017-09-21 19:17:23,255: +PARAM [/image/theora/quality] by /image_converter
[rosmaster.master][INFO] 2017-09-21 19:17:23,256: +PARAM [/image/theora/keyframe_frequency] by /image_converter
[rosmaster.master][INFO] 2017-09-21 19:17:23,265: +PUB [/camera/image_raw/compressedDepth] /camera http://ubuntu:45997/
[rosmaster.master][INFO] 2017-09-21 19:17:23,268: +SERVICE [/camera/image_raw/compressedDepth/set_parameters] /camera http://ubuntu:45997/
[rosmaster.master][INFO] 2017-09-21 19:17:23,269: +PUB [/camera/image_raw/compressedDepth/parameter_descriptions] /camera http://ubuntu:45997/
[rosmaster.master][INFO] 2017-09-21 19:17:23,270: +PUB [/camera/image_raw/compressedDepth/parameter_updates] /camera http://ubuntu:45997/
[rosmaster.master][INFO] 2017-09-21 19:17:23,280: +PARAM [/camera/image_raw/compressedDepth/depth_max] by /camera
[rosmaster.master][INFO] 2017-09-21 19:17:23,281: +PUB [/image_marked/theora] /view http://ubuntu:43062/
[rosmaster.master][INFO] 2017-09-21 19:17:23,281: +PARAM [/camera/image_raw/compressedDepth/depth_quantization] by /camera
[rosmaster.master][INFO] 2017-09-21 19:17:23,282: +SERVICE [/image_marked/theora/set_parameters] /view http://ubuntu:43062/
[rosmaster.master][INFO] 2017-09-21 19:17:23,283: +PARAM [/camera/image_raw/compressedDepth/png_level] by /camera
[rosmaster.master][INFO] 2017-09-21 19:17:23,284: +PUB [/image_marked/theora/parameter_descriptions] /view http://ubuntu:43062/
[rosmaster.master][INFO] 2017-09-21 19:17:23,285: +PARAM [/camera/image_raw/compressedDepth/depth_max] by /camera
[rosmaster.master][INFO] 2017-09-21 19:17:23,286: +PUB [/image_marked/theora/parameter_updates] /view http://ubuntu:43062/
[rosmaster.master][INFO] 2017-09-21 19:17:23,287: +PARAM [/camera/image_raw/compressedDepth/depth_quantization] by /camera
[rosmaster.master][INFO] 2017-09-21 19:17:23,288: +PARAM [/camera/image_raw/compressedDepth/png_level] by /camera
[rosmaster.master][INFO] 2017-09-21 19:17:23,296: +PARAM [/image_marked/theora/optimize_for] by /view
[rosmaster.master][INFO] 2017-09-21 19:17:23,297: +PARAM [/image_marked/theora/target_bitrate] by /view
[rosmaster.master][INFO] 2017-09-21 19:17:23,298: +PARAM [/image_marked/theora/quality] by /view
[rosmaster.master][INFO] 2017-09-21 19:17:23,299: +PARAM [/image_marked/theora/keyframe_frequency] by /view
[rosmaster.master][INFO] 2017-09-21 19:17:23,300: +PARAM [/image_marked/theora/optimize_for] by /view
[rosmaster.master][INFO] 2017-09-21 19:17:23,302: +PARAM [/image_marked/theora/target_bitrate] by /view
[rosmaster.master][INFO] 2017-09-21 19:17:23,305: +PARAM [/image_marked/theora/quality] by /view
[rosmaster.master][INFO] 2017-09-21 19:17:23,306: +PARAM [/image_marked/theora/keyframe_frequency] by /view
[rosmaster.master][INFO] 2017-09-21 19:17:23,344: +PUB [/camera/image_raw/compressed] /camera http://ubuntu:45997/
[rosmaster.master][INFO] 2017-09-21 19:17:23,345: +SERVICE [/camera/image_raw/compressed/set_parameters] /camera http://ubuntu:45997/
[rosmaster.master][INFO] 2017-09-21 19:17:23,345: +PUB [/camera/image_raw/compressed/parameter_descriptions] /camera http://ubuntu:45997/
[rosmaster.master][INFO] 2017-09-21 19:17:23,346: +PUB [/camera/image_raw/compressed/parameter_updates] /camera http://ubuntu:45997/
[rosmaster.master][INFO] 2017-09-21 19:17:23,352: +PARAM [/camera/image_raw/compressed/format] by /camera
[rosmaster.master][INFO] 2017-09-21 19:17:23,353: +PARAM [/camera/image_raw/compressed/jpeg_quality] by /camera
[rosmaster.master][INFO] 2017-09-21 19:17:23,353: +PARAM [/camera/image_raw/compressed/png_level] by /camera
[rosmaster.master][INFO] 2017-09-21 19:17:23,354: +PARAM [/camera/image_raw/compressed/format] by /camera
[rosmaster.master][INFO] 2017-09-21 19:17:23,355: +PARAM [/camera/image_raw/compressed/jpeg_quality] by /camera
[rosmaster.master][INFO] 2017-09-21 19:17:23,355: +PARAM [/camera/image_raw/compressed/png_level] by /camera
[rosmaster.master][INFO] 2017-09-21 19:17:23,363: +PUB [/image/marked/compressedDepth] /view http://ubuntu:43062/
[rosmaster.master][INFO] 2017-09-21 19:17:23,364: +SERVICE [/image/marked/compressedDepth/set_parameters] /view http://ubuntu:43062/
[rosmaster.master][INFO] 2017-09-21 19:17:23,364: +PUB [/image/marked/compressedDepth/parameter_descriptions] /view http://ubuntu:43062/
[rosmaster.master][INFO] 2017-09-21 19:17:23,365: +PUB [/image/marked/compressedDepth/parameter_updates] /view http://ubuntu:43062/
[rosmaster.master][INFO] 2017-09-21 19:17:23,371: +PARAM [/image/marked/compressedDepth/depth_max] by /view
[rosmaster.master][INFO] 2017-09-21 19:17:23,371: +PARAM [/image/marked/compressedDepth/depth_quantization] by /view
[rosmaster.master][INFO] 2017-09-21 19:17:23,372: +PARAM [/image/marked/compressedDepth/png_level] by /view
[rosmaster.master][INFO] 2017-09-21 19:17:23,373: +PARAM [/image/marked/compressedDepth/depth_max] by /view
[rosmaster.master][INFO] 2017-09-21 19:17:23,375: +PARAM [/image/marked/compressedDepth/depth_quantization] by /view
[rosmaster.master][INFO] 2017-09-21 19:17:23,375: +PARAM [/image/marked/compressedDepth/png_level] by /view
[rosmaster.master][INFO] 2017-09-21 19:17:23,414: +PUB [/camera/image_raw] /camera http://ubuntu:45997/
[rosmaster.master][INFO] 2017-09-21 19:17:23,428: +PUB [/image/marked/compressed] /view http://ubuntu:43062/
[rosmaster.master][INFO] 2017-09-21 19:17:23,428: +SERVICE [/image/marked/compressed/set_parameters] /view http://ubuntu:43062/
[rosmaster.master][INFO] 2017-09-21 19:17:23,429: +PUB [/image/marked/compressed/parameter_descriptions] /view http://ubuntu:43062/
[rosmaster.master][INFO] 2017-09-21 19:17:23,430: +PUB [/image/marked/compressed/parameter_updates] /view http://ubuntu:43062/
[rosmaster.master][INFO] 2017-09-21 19:17:23,432: +PARAM [/image/marked/compressed/format] by /view
[rosmaster.master][INFO] 2017-09-21 19:17:23,433: +PARAM [/image/marked/compressed/jpeg_quality] by /view
[rosmaster.master][INFO] 2017-09-21 19:17:23,433: +PARAM [/image/marked/compressed/png_level] by /view
[rosmaster.master][INFO] 2017-09-21 19:17:23,434: +PARAM [/image/marked/compressed/format] by /view
[rosmaster.master][INFO] 2017-09-21 19:17:23,435: +PARAM [/image/marked/compressed/jpeg_quality] by /view
[rosmaster.master][INFO] 2017-09-21 19:17:23,439: +PARAM [/image/marked/compressed/png_level] by /view
[rosmaster.master][INFO] 2017-09-21 19:17:23,472: publisherUpdate[/camera/image_raw] -> http://ubuntu:37049/ ['http://ubuntu:45997/']
[rosmaster.master][INFO] 2017-09-21 19:17:23,473: publisherUpdate[/camera/image_raw] -> http://ubuntu:37049/ ['http://ubuntu:45997/']: sec=0.00, result=[1, '', 0]
[rosmaster.master][INFO] 2017-09-21 19:17:23,474: +PUB [/camera/image_raw/theora] /camera http://ubuntu:45997/
[rosmaster.master][INFO] 2017-09-21 19:17:23,474: +SERVICE [/camera/image_raw/theora/set_parameters] /camera http://ubuntu:45997/
[rosmaster.master][INFO] 2017-09-21 19:17:23,475: +PUB [/camera/image_raw/theora/parameter_descriptions] /camera http://ubuntu:45997/
[rosmaster.master][INFO] 2017-09-21 19:17:23,476: +PUB [/camera/image_raw/theora/parameter_updates] /camera http://ubuntu:45997/
[rosmaster.master][INFO] 2017-09-21 19:17:23,482: +PARAM [/camera/image_raw/theora/optimize_for] by /camera
[rosmaster.master][INFO] 2017-09-21 19:17:23,483: +PARAM [/camera/image_raw/theora/target_bitrate] by /camera
[rosmaster.master][INFO] 2017-09-21 19:17:23,483: +PARAM [/camera/image_raw/theora/quality] by /camera
[rosmaster.master][INFO] 2017-09-21 19:17:23,485: +PARAM [/camera/image_raw/theora/keyframe_frequency] by /camera
[rosmaster.master][INFO] 2017-09-21 19:17:23,486: +PARAM [/camera/image_raw/theora/optimize_for] by /camera
[rosmaster.master][INFO] 2017-09-21 19:17:23,488: +PARAM [/camera/image_raw/theora/target_bitrate] by /camera
[rosmaster.master][INFO] 2017-09-21 19:17:23,489: +PARAM [/camera/image_raw/theora/quality] by /camera
[rosmaster.master][INFO] 2017-09-21 19:17:23,490: +PARAM [/camera/image_raw/theora/keyframe_frequency] by /camera
[rosmaster.master][INFO] 2017-09-21 19:17:23,492: +PUB [/image/marked] /view http://ubuntu:43062/
[rosmaster.master][INFO] 2017-09-21 19:17:23,492: +PUB [/camera/camera_info] /camera http://ubuntu:45997/
[rosmaster.master][INFO] 2017-09-21 19:17:23,531: +PUB [/image/marked/theora] /view http://ubuntu:43062/
[rosmaster.master][INFO] 2017-09-21 19:17:23,532: +SERVICE [/image/marked/theora/set_parameters] /view http://ubuntu:43062/
[rosmaster.master][INFO] 2017-09-21 19:17:23,533: +PUB [/image/marked/theora/parameter_descriptions] /view http://ubuntu:43062/
[rosmaster.master][INFO] 2017-09-21 19:17:23,533: +PUB [/image/marked/theora/parameter_updates] /view http://ubuntu:43062/
[rosmaster.master][INFO] 2017-09-21 19:17:23,536: +PARAM [/image/marked/theora/optimize_for] by /view
[rosmaster.master][INFO] 2017-09-21 19:17:23,536: +PARAM [/image/marked/theora/target_bitrate] by /view
[rosmaster.master][INFO] 2017-09-21 19:17:23,537: +PARAM [/image/marked/theora/quality] by /view
[rosmaster.master][INFO] 2017-09-21 19:17:23,538: +PARAM [/image/marked/theora/keyframe_frequency] by /view
[rosmaster.master][INFO] 2017-09-21 19:17:23,538: +PARAM [/image/marked/theora/optimize_for] by /view
[rosmaster.master][INFO] 2017-09-21 19:17:23,539: +PARAM [/image/marked/theora/target_bitrate] by /view
[rosmaster.master][INFO] 2017-09-21 19:17:23,540: +PARAM [/image/marked/theora/quality] by /view
[rosmaster.master][INFO] 2017-09-21 19:17:23,540: +PARAM [/image/marked/theora/keyframe_frequency] by /view
[rosmaster.master][INFO] 2017-09-21 19:17:23,569: +SUB [/image] /view http://ubuntu:43062/
[rosmaster.master][INFO] 2017-09-21 19:17:23,572: +SUB [/camera_info] /view http://ubuntu:43062/
[rosmaster.master][INFO] 2017-09-21 19:17:23,576: +SUB [/image_marker] /view http://ubuntu:43062/
[rosmaster.master][INFO] 2017-09-21 19:17:23,579: +SUB [/image/event] /view http://ubuntu:43062/
[rosmaster.master][INFO] 2017-09-21 19:17:23,580: +SERVICE [/view/change_mode] /view http://ubuntu:43062/
[rosmaster.master][INFO] 2017-09-21 19:17:23,580: +SERVICE [/view/rectangle_mode] /view http://ubuntu:43062/
[rosmaster.master][INFO] 2017-09-21 19:17:23,581: +SERVICE [/view/grabcut_mode] /view http://ubuntu:43062/
[rosmaster.master][INFO] 2017-09-21 19:17:23,582: +SERVICE [/view/grabcut_rect_mode] /view http://ubuntu:43062/
[rosmaster.master][INFO] 2017-09-21 19:17:23,582: +SERVICE [/view/line_mode] /view http://ubuntu:43062/
[rosmaster.master][INFO] 2017-09-21 19:17:23,583: +SERVICE [/view/poly_mode] /view http://ubuntu:43062/
[rosmaster.master][INFO] 2017-09-21 19:17:23,584: +SERVICE [/view/none_mode] /view http://ubuntu:43062/
[rosmaster.master][INFO] 2017-09-21 19:17:23,585: +SERVICE [/view/set_parameters] /view http://ubuntu:43062/
[rosmaster.master][INFO] 2017-09-21 19:17:23,585: +PUB [/view/parameter_descriptions] /view http://ubuntu:43062/
[rosmaster.master][INFO] 2017-09-21 19:17:23,586: +PUB [/view/parameter_updates] /view http://ubuntu:43062/
[rosmaster.master][INFO] 2017-09-21 19:17:23,591: +PARAM [/view/grid] by /view
[rosmaster.master][INFO] 2017-09-21 19:17:23,592: +PARAM [/view/fisheye_mode] by /view
[rosmaster.master][INFO] 2017-09-21 19:17:23,592: +PARAM [/view/div_u] by /view
[rosmaster.master][INFO] 2017-09-21 19:17:23,593: +PARAM [/view/div_v] by /view
[rosmaster.master][INFO] 2017-09-21 19:17:23,594: +PARAM [/view/grid_red] by /view
[rosmaster.master][INFO] 2017-09-21 19:17:23,594: +PARAM [/view/grid_green] by /view
[rosmaster.master][INFO] 2017-09-21 19:17:23,595: +PARAM [/view/grid_blue] by /view
[rosmaster.master][INFO] 2017-09-21 19:17:23,596: +PARAM [/view/grid_thickness] by /view
[rosmaster.master][INFO] 2017-09-21 19:17:23,596: +PARAM [/view/grid_space] by /view
[rosmaster.master][INFO] 2017-09-21 19:17:23,597: +PARAM [/view/grid] by /view
[rosmaster.master][INFO] 2017-09-21 19:17:23,598: +PARAM [/view/fisheye_mode] by /view
[rosmaster.master][INFO] 2017-09-21 19:17:23,598: +PARAM [/view/div_u] by /view
[rosmaster.master][INFO] 2017-09-21 19:17:23,599: +PARAM [/view/div_v] by /view
[rosmaster.master][INFO] 2017-09-21 19:17:23,600: +PARAM [/view/grid_red] by /view
[rosmaster.master][INFO] 2017-09-21 19:17:23,600: +PARAM [/view/grid_green] by /view
[rosmaster.master][INFO] 2017-09-21 19:17:23,601: +PARAM [/view/grid_blue] by /view
[rosmaster.master][INFO] 2017-09-21 19:17:23,602: +PARAM [/view/grid_thickness] by /view
[rosmaster.master][INFO] 2017-09-21 19:17:23,602: +PARAM [/view/grid_space] by /view
[rosmaster.master][INFO] 2017-09-21 19:17:28,304: -PUB [/rosout] /camera http://ubuntu:45997/
[rosmaster.master][INFO] 2017-09-21 19:17:28,305: -PUB [/camera/image_raw/compressedDepth] /camera http://ubuntu:45997/
[rosmaster.master][INFO] 2017-09-21 19:17:28,306: -PUB [/camera/image_raw/compressedDepth/parameter_descriptions] /camera http://ubuntu:45997/
[rosmaster.master][INFO] 2017-09-21 19:17:28,306: -PUB [/camera/image_raw/compressedDepth/parameter_updates] /camera http://ubuntu:45997/
[rosmaster.master][INFO] 2017-09-21 19:17:28,307: -PUB [/camera/image_raw/compressed] /camera http://ubuntu:45997/
[rosmaster.master][INFO] 2017-09-21 19:17:28,308: -PUB [/camera/image_raw/compressed/parameter_descriptions] /camera http://ubuntu:45997/
[rosmaster.master][INFO] 2017-09-21 19:17:28,310: -PUB [/rosout] /view http://ubuntu:43062/
[rosmaster.master][INFO] 2017-09-21 19:17:28,311: -PUB [/camera/image_raw/compressed/parameter_updates] /camera http://ubuntu:45997/
[rosmaster.master][INFO] 2017-09-21 19:17:28,311: -PUB [/camera/image_raw] /camera http://ubuntu:45997/
[rosmaster.master][INFO] 2017-09-21 19:17:28,315: -PUB [/image/screenpoint] /view http://ubuntu:43062/
[rosmaster.master][INFO] 2017-09-21 19:17:28,316: -PUB [/camera/image_raw/theora] /camera http://ubuntu:45997/
[rosmaster.master][INFO] 2017-09-21 19:17:28,327: -PUB [/image/screenpoint_array] /view http://ubuntu:43062/
[rosmaster.master][INFO] 2017-09-21 19:17:28,327: -PUB [/camera/image_raw/theora/parameter_descriptions] /camera http://ubuntu:45997/
[rosmaster.master][INFO] 2017-09-21 19:17:28,330: -PUB [/image/screenrectangle] /view http://ubuntu:43062/
[rosmaster.master][INFO] 2017-09-21 19:17:28,331: -PUB [/camera/image_raw/theora/parameter_updates] /camera http://ubuntu:45997/
[rosmaster.master][INFO] 2017-09-21 19:17:28,331: -PUB [/camera/camera_info] /camera http://ubuntu:45997/
[rosmaster.master][INFO] 2017-09-21 19:17:28,334: -PUB [/image/screenrectangle_image] /view http://ubuntu:43062/
[rosmaster.master][INFO] 2017-09-21 19:17:28,335: -SERVICE [/camera/get_loggers] /camera rosrpc://ubuntu:34680
[rosmaster.master][INFO] 2017-09-21 19:17:28,342: -PUB [/image/movepoint] /view http://ubuntu:43062/
[rosmaster.master][INFO] 2017-09-21 19:17:28,343: -SERVICE [/camera/set_logger_level] /camera rosrpc://ubuntu:34680
[rosmaster.master][INFO] 2017-09-21 19:17:28,344: -SERVICE [/camera/set_camera_info] /camera rosrpc://ubuntu:34680
[rosmaster.master][INFO] 2017-09-21 19:17:28,347: -PUB [/image/foreground] /view http://ubuntu:43062/
[rosmaster.master][INFO] 2017-09-21 19:17:28,349: -SERVICE [/camera/image_raw/compressedDepth/set_parameters] /camera rosrpc://ubuntu:34680
[rosmaster.master][INFO] 2017-09-21 19:17:28,354: -PUB [/image/background] /view http://ubuntu:43062/
[rosmaster.master][INFO] 2017-09-21 19:17:28,355: -SERVICE [/camera/image_raw/compressed/set_parameters] /camera rosrpc://ubuntu:34680
[rosmaster.master][INFO] 2017-09-21 19:17:28,357: -PUB [/image/foreground_rect] /view http://ubuntu:43062/
[rosmaster.master][INFO] 2017-09-21 19:17:28,357: -SERVICE [/camera/image_raw/theora/set_parameters] /camera rosrpc://ubuntu:34680
[rosmaster.master][INFO] 2017-09-21 19:17:28,358: -PUB [/image/background_rect] /view http://ubuntu:43062/
[rosmaster.master][INFO] 2017-09-21 19:17:28,361: -PUB [/image/line] /view http://ubuntu:43062/
[rosmaster.master][INFO] 2017-09-21 19:17:28,362: -PUB [/image/poly] /view http://ubuntu:43062/
[rosmaster.master][INFO] 2017-09-21 19:17:28,363: -PUB [/image_marked/compressedDepth] /view http://ubuntu:43062/
[rosmaster.master][INFO] 2017-09-21 19:17:28,364: -PUB [/image_marked/compressedDepth/parameter_descriptions] /view http://ubuntu:43062/
[rosmaster.master][INFO] 2017-09-21 19:17:28,366: -PUB [/image_marked/compressedDepth/parameter_updates] /view http://ubuntu:43062/
[rosmaster.master][INFO] 2017-09-21 19:17:28,367: -PUB [/image_marked/compressed] /view http://ubuntu:43062/
[rosmaster.master][INFO] 2017-09-21 19:17:28,368: -PUB [/image_marked/compressed/parameter_descriptions] /view http://ubuntu:43062/
[rosmaster.master][INFO] 2017-09-21 19:17:28,369: -PUB [/image_marked/compressed/parameter_updates] /view http://ubuntu:43062/
[rosmaster.master][INFO] 2017-09-21 19:17:28,370: -PUB [/image_marked] /view http://ubuntu:43062/
[rosmaster.master][INFO] 2017-09-21 19:17:28,372: -PUB [/image_marked/theora] /view http://ubuntu:43062/
[rosmaster.master][INFO] 2017-09-21 19:17:28,373: -PUB [/image_marked/theora/parameter_descriptions] /view http://ubuntu:43062/
[rosmaster.master][INFO] 2017-09-21 19:17:28,374: -PUB [/image_marked/theora/parameter_updates] /view http://ubuntu:43062/
[rosmaster.master][INFO] 2017-09-21 19:17:28,376: -PUB [/image/marked/compressedDepth] /view http://ubuntu:43062/
[rosmaster.master][INFO] 2017-09-21 19:17:28,376: -PUB [/image/marked/compressedDepth/parameter_descriptions] /view http://ubuntu:43062/
[rosmaster.master][INFO] 2017-09-21 19:17:28,377: -PUB [/image/marked/compressedDepth/parameter_updates] /view http://ubuntu:43062/
[rosmaster.master][INFO] 2017-09-21 19:17:28,378: -PUB [/image/marked/compressed] /view http://ubuntu:43062/
[rosmaster.master][INFO] 2017-09-21 19:17:28,379: -PUB [/image/marked/compressed/parameter_descriptions] /view http://ubuntu:43062/
[rosmaster.master][INFO] 2017-09-21 19:17:28,381: -PUB [/image/marked/compressed/parameter_updates] /view http://ubuntu:43062/
[rosmaster.master][INFO] 2017-09-21 19:17:28,382: -PUB [/image/marked] /view http://ubuntu:43062/
[rosmaster.master][INFO] 2017-09-21 19:17:28,383: -PUB [/image/marked/theora] /view http://ubuntu:43062/
[rosmaster.master][INFO] 2017-09-21 19:17:28,384: -PUB [/image/marked/theora/parameter_descriptions] /view http://ubuntu:43062/
[rosmaster.master][INFO] 2017-09-21 19:17:28,386: -PUB [/image/marked/theora/parameter_updates] /view http://ubuntu:43062/
[rosmaster.master][INFO] 2017-09-21 19:17:28,387: -PUB [/view/parameter_descriptions] /view http://ubuntu:43062/
[rosmaster.master][INFO] 2017-09-21 19:17:28,387: -PUB [/view/parameter_updates] /view http://ubuntu:43062/
[rosmaster.master][INFO] 2017-09-21 19:17:28,390: -SUB [/tf] /view http://ubuntu:43062/
[rosmaster.master][INFO] 2017-09-21 19:17:28,390: -SUB [/tf_static] /view http://ubuntu:43062/
[rosmaster.master][INFO] 2017-09-21 19:17:28,391: -SUB [/image] /view http://ubuntu:43062/
[rosmaster.master][INFO] 2017-09-21 19:17:28,392: -SUB [/camera_info] /view http://ubuntu:43062/
[rosmaster.master][INFO] 2017-09-21 19:17:28,394: -SUB [/image_marker] /view http://ubuntu:43062/
[rosmaster.master][INFO] 2017-09-21 19:17:28,395: -SUB [/image/event] /view http://ubuntu:43062/
[rosmaster.master][INFO] 2017-09-21 19:17:28,395: -SERVICE [/view/get_loggers] /view rosrpc://ubuntu:52722
[rosmaster.master][INFO] 2017-09-21 19:17:28,397: -SERVICE [/view/set_logger_level] /view rosrpc://ubuntu:52722
[rosmaster.master][INFO] 2017-09-21 19:17:28,398: -SERVICE [/image_marked/compressedDepth/set_parameters] /view rosrpc://ubuntu:52722
[rosmaster.master][INFO] 2017-09-21 19:17:28,399: publisherUpdate[/rosout] -> http://ubuntu:39172/ ['http://ubuntu:37049/', 'http://ubuntu:43062/']
[rosmaster.master][INFO] 2017-09-21 19:17:28,399: publisherUpdate[/rosout] -> http://ubuntu:39172/ ['http://ubuntu:37049/', 'http://ubuntu:43062/']: sec=0.00, result=[1, '', 0]
[rosmaster.master][INFO] 2017-09-21 19:17:28,399: publisherUpdate[/rosout] -> http://ubuntu:39172/ ['http://ubuntu:37049/']
[rosmaster.master][INFO] 2017-09-21 19:17:28,400: publisherUpdate[/rosout] -> http://ubuntu:39172/ ['http://ubuntu:37049/']: sec=0.00, result=[1, '', 0]
[rosmaster.master][INFO] 2017-09-21 19:17:28,400: publisherUpdate[/camera/image_raw] -> http://ubuntu:37049/ []
[rosmaster.master][INFO] 2017-09-21 19:17:28,401: publisherUpdate[/camera/image_raw] -> http://ubuntu:37049/ []: sec=0.00, exception=[Errno 111] Connection refused
[rosmaster.threadpool][ERROR] 2017-09-21 19:17:28,402: Traceback (most recent call last):
  File "/opt/ros/kinetic/lib/python2.7/dist-packages/rosmaster/threadpool.py", line 218, in run
    result = cmd(*args)
  File "/opt/ros/kinetic/lib/python2.7/dist-packages/rosmaster/master_api.py", line 210, in publisher_update_task
    ret = xmlrpcapi(api).publisherUpdate('/master', topic, pub_uris)
  File "/usr/lib/python2.7/xmlrpclib.py", line 1243, in __call__
    return self.__send(self.__name, args)
  File "/usr/lib/python2.7/xmlrpclib.py", line 1602, in __request
    verbose=self.__verbose
  File "/usr/lib/python2.7/xmlrpclib.py", line 1283, in request
    return self.single_request(host, handler, request_body, verbose)
  File "/usr/lib/python2.7/xmlrpclib.py", line 1311, in single_request
    self.send_content(h, request_body)
  File "/usr/lib/python2.7/xmlrpclib.py", line 1459, in send_content
    connection.endheaders(request_body)
  File "/usr/lib/python2.7/httplib.py", line 1053, in endheaders
    self._send_output(message_body)
  File "/usr/lib/python2.7/httplib.py", line 897, in _send_output
    self.send(msg)
  File "/usr/lib/python2.7/httplib.py", line 859, in send
    self.connect()
  File "/usr/lib/python2.7/httplib.py", line 836, in connect
    self.timeout, self.source_address)
  File "/usr/lib/python2.7/socket.py", line 575, in create_connection
    raise err
error: [Errno 111] Connection refused

[rosmaster.master][INFO] 2017-09-21 19:17:28,403: -SERVICE [/image_marked/compressed/set_parameters] /view rosrpc://ubuntu:52722
[rosmaster.master][INFO] 2017-09-21 19:17:28,405: -SERVICE [/image_marked/theora/set_parameters] /view rosrpc://ubuntu:52722
[rosmaster.master][INFO] 2017-09-21 19:17:28,406: -SERVICE [/image/marked/compressedDepth/set_parameters] /view rosrpc://ubuntu:52722
[rosmaster.master][INFO] 2017-09-21 19:17:28,411: -SERVICE [/image/marked/compressed/set_parameters] /view rosrpc://ubuntu:52722
[rosmaster.master][INFO] 2017-09-21 19:17:28,412: -SERVICE [/image/marked/theora/set_parameters] /view rosrpc://ubuntu:52722
[rosmaster.master][INFO] 2017-09-21 19:17:28,412: -SERVICE [/view/change_mode] /view rosrpc://ubuntu:52722
[rosmaster.master][INFO] 2017-09-21 19:17:28,414: -SERVICE [/view/rectangle_mode] /view rosrpc://ubuntu:52722
[rosmaster.master][INFO] 2017-09-21 19:17:28,415: -SERVICE [/view/grabcut_mode] /view rosrpc://ubuntu:52722
[rosmaster.master][INFO] 2017-09-21 19:17:28,416: -SERVICE [/view/grabcut_rect_mode] /view rosrpc://ubuntu:52722
[rosmaster.master][INFO] 2017-09-21 19:17:28,417: -SERVICE [/view/line_mode] /view rosrpc://ubuntu:52722
[rosmaster.master][INFO] 2017-09-21 19:17:28,418: -SERVICE [/view/poly_mode] /view rosrpc://ubuntu:52722
[rosmaster.master][INFO] 2017-09-21 19:17:28,420: -SERVICE [/view/none_mode] /view rosrpc://ubuntu:52722
[rosmaster.master][INFO] 2017-09-21 19:17:28,422: -SERVICE [/view/set_parameters] /view rosrpc://ubuntu:52722
[rosmaster.master][INFO] 2017-09-21 19:17:28,802: -PUB [/rosout_agg] /rosout http://ubuntu:39172/
[rosmaster.master][INFO] 2017-09-21 19:17:28,802: -SUB [/rosout] /rosout http://ubuntu:39172/
[rosmaster.master][INFO] 2017-09-21 19:17:28,803: -SERVICE [/rosout/get_loggers] /rosout rosrpc://ubuntu:38118
[rosmaster.master][INFO] 2017-09-21 19:17:28,804: -SERVICE [/rosout/set_logger_level] /rosout rosrpc://ubuntu:38118
[rosmaster.main][INFO] 2017-09-21 19:17:28,836: keyboard interrupt, will exit
[rosmaster.main][INFO] 2017-09-21 19:17:28,837: stopping master...
[rospy.core][INFO] 2017-09-21 19:17:28,837: signal_shutdown [atexit]
