[rosmaster.main][INFO] 2017-09-21 18:04:10,983: initialization complete, waiting for shutdown
[rosmaster.main][INFO] 2017-09-21 18:04:10,983: Starting ROS Master Node
[xmlrpc][INFO] 2017-09-21 18:04:10,983: XML-RPC server binding to 0.0.0.0:11311
[rosmaster.master][INFO] 2017-09-21 18:04:10,984: Master initialized: port[11311], uri[http://ubuntu:11311/]
[xmlrpc][INFO] 2017-09-21 18:04:10,984: Started XML-RPC server [http://ubuntu:11311/]
[xmlrpc][INFO] 2017-09-21 18:04:10,984: xml rpc node: starting XML-RPC server
[rosmaster.master][INFO] 2017-09-21 18:04:11,042: +PARAM [/run_id] by /roslaunch
[rosmaster.master][INFO] 2017-09-21 18:04:11,044: +PARAM [/roslaunch/uris/host_ubuntu__39701] by /roslaunch
[rosmaster.master][INFO] 2017-09-21 18:04:11,121: +PARAM [/rosversion] by /roslaunch
[rosmaster.master][INFO] 2017-09-21 18:04:11,121: +PARAM [/rosdistro] by /roslaunch
[rosmaster.master][INFO] 2017-09-21 18:04:11,122: +PARAM [/camera/device_id] by /roslaunch
[rosmaster.master][INFO] 2017-09-21 18:04:11,143: +SERVICE [/rosout/get_loggers] /rosout http://ubuntu:34047/
[rosmaster.master][INFO] 2017-09-21 18:04:11,155: +SERVICE [/rosout/set_logger_level] /rosout http://ubuntu:34047/
[rosmaster.master][INFO] 2017-09-21 18:04:11,157: +PUB [/rosout_agg] /rosout http://ubuntu:34047/
[rosmaster.master][INFO] 2017-09-21 18:04:11,171: +SUB [/rosout] /rosout http://ubuntu:34047/
[rosmaster.master][INFO] 2017-09-21 18:04:11,286: +PUB [/rosout] /image_converter http://ubuntu:37936/
[rosmaster.master][INFO] 2017-09-21 18:04:11,287: publisherUpdate[/rosout] -> http://ubuntu:34047/ ['http://ubuntu:37936/']
[rosmaster.master][INFO] 2017-09-21 18:04:11,288: publisherUpdate[/rosout] -> http://ubuntu:34047/ ['http://ubuntu:37936/']: sec=0.00, result=[1, '', 0]
[rosmaster.master][INFO] 2017-09-21 18:04:11,289: +SERVICE [/image_converter/get_loggers] /image_converter http://ubuntu:37936/
[rosmaster.master][INFO] 2017-09-21 18:04:11,290: +SERVICE [/image_converter/set_logger_level] /image_converter http://ubuntu:37936/
[rosmaster.master][INFO] 2017-09-21 18:04:11,316: +PUB [/rosout] /view http://ubuntu:33070/
[rosmaster.master][INFO] 2017-09-21 18:04:11,317: +SERVICE [/view/get_loggers] /view http://ubuntu:33070/
[rosmaster.master][INFO] 2017-09-21 18:04:11,317: +SERVICE [/view/set_logger_level] /view http://ubuntu:33070/
[rosmaster.master][INFO] 2017-09-21 18:04:11,324: +SUB [/tf] /view http://ubuntu:33070/
[rosmaster.master][INFO] 2017-09-21 18:04:11,335: +PUB [/rosout] /camera http://ubuntu:42765/
[rosmaster.master][INFO] 2017-09-21 18:04:11,341: +SERVICE [/camera/get_loggers] /camera http://ubuntu:42765/
[rosmaster.master][INFO] 2017-09-21 18:04:11,344: +SERVICE [/camera/set_logger_level] /camera http://ubuntu:42765/
[rosmaster.master][INFO] 2017-09-21 18:04:11,348: +SUB [/tf_static] /view http://ubuntu:33070/
[rosmaster.master][INFO] 2017-09-21 18:04:11,388: publisherUpdate[/rosout] -> http://ubuntu:34047/ ['http://ubuntu:37936/', 'http://ubuntu:33070/']
[rosmaster.master][INFO] 2017-09-21 18:04:11,389: publisherUpdate[/rosout] -> http://ubuntu:34047/ ['http://ubuntu:37936/', 'http://ubuntu:33070/']: sec=0.00, result=[1, '', 0]
[rosmaster.master][INFO] 2017-09-21 18:04:11,389: publisherUpdate[/rosout] -> http://ubuntu:34047/ ['http://ubuntu:37936/', 'http://ubuntu:33070/', 'http://ubuntu:42765/']
[rosmaster.master][INFO] 2017-09-21 18:04:11,390: publisherUpdate[/rosout] -> http://ubuntu:34047/ ['http://ubuntu:37936/', 'http://ubuntu:33070/', 'http://ubuntu:42765/']: sec=0.00, result=[1, '', 0]
[rosmaster.master][INFO] 2017-09-21 18:04:11,415: +PUB [/image/screenpoint] /view http://ubuntu:33070/
[rosmaster.master][INFO] 2017-09-21 18:04:11,416: +PUB [/image/screenpoint_array] /view http://ubuntu:33070/
[rosmaster.master][INFO] 2017-09-21 18:04:11,417: +PUB [/image/screenrectangle] /view http://ubuntu:33070/
[rosmaster.master][INFO] 2017-09-21 18:04:11,417: +SERVICE [/camera/set_camera_info] /camera http://ubuntu:42765/
[rosmaster.master][INFO] 2017-09-21 18:04:11,418: +PUB [/image/screenrectangle_image] /view http://ubuntu:33070/
[rosmaster.master][INFO] 2017-09-21 18:04:11,419: +PUB [/image/movepoint] /view http://ubuntu:33070/
[rosmaster.master][INFO] 2017-09-21 18:04:11,420: +PUB [/image/foreground] /view http://ubuntu:33070/
[rosmaster.master][INFO] 2017-09-21 18:04:11,423: +PUB [/image/background] /view http://ubuntu:33070/
[rosmaster.master][INFO] 2017-09-21 18:04:11,426: +PUB [/image/foreground_rect] /view http://ubuntu:33070/
[rosmaster.master][INFO] 2017-09-21 18:04:11,427: +PUB [/image/background_rect] /view http://ubuntu:33070/
[rosmaster.master][INFO] 2017-09-21 18:04:11,428: +PUB [/image/line] /view http://ubuntu:33070/
[rosmaster.master][INFO] 2017-09-21 18:04:11,429: +PUB [/image/poly] /view http://ubuntu:33070/
[rosmaster.master][INFO] 2017-09-21 18:04:11,448: +SUB [/camera/image_raw] /image_converter http://ubuntu:37936/
[rosmaster.master][INFO] 2017-09-21 18:04:11,497: +PUB [/image_marked/compressedDepth] /view http://ubuntu:33070/
[rosmaster.master][INFO] 2017-09-21 18:04:11,498: +SERVICE [/image_marked/compressedDepth/set_parameters] /view http://ubuntu:33070/
[rosmaster.master][INFO] 2017-09-21 18:04:11,499: +PUB [/image_marked/compressedDepth/parameter_descriptions] /view http://ubuntu:33070/
[rosmaster.master][INFO] 2017-09-21 18:04:11,500: +PUB [/image_marked/compressedDepth/parameter_updates] /view http://ubuntu:33070/
[rosmaster.master][INFO] 2017-09-21 18:04:11,502: +PUB [/image/compressedDepth] /image_converter http://ubuntu:37936/
[rosmaster.master][INFO] 2017-09-21 18:04:11,504: +SERVICE [/image/compressedDepth/set_parameters] /image_converter http://ubuntu:37936/
[rosmaster.master][INFO] 2017-09-21 18:04:11,504: +PARAM [/image_marked/compressedDepth/depth_max] by /view
[rosmaster.master][INFO] 2017-09-21 18:04:11,505: +PUB [/image/compressedDepth/parameter_descriptions] /image_converter http://ubuntu:37936/
[rosmaster.master][INFO] 2017-09-21 18:04:11,506: +PARAM [/image_marked/compressedDepth/depth_quantization] by /view
[rosmaster.master][INFO] 2017-09-21 18:04:11,507: +PUB [/image/compressedDepth/parameter_updates] /image_converter http://ubuntu:37936/
[rosmaster.master][INFO] 2017-09-21 18:04:11,507: +PARAM [/image_marked/compressedDepth/png_level] by /view
[rosmaster.master][INFO] 2017-09-21 18:04:11,509: +PARAM [/image_marked/compressedDepth/depth_max] by /view
[rosmaster.master][INFO] 2017-09-21 18:04:11,510: +PARAM [/image_marked/compressedDepth/depth_quantization] by /view
[rosmaster.master][INFO] 2017-09-21 18:04:11,511: +PARAM [/image_marked/compressedDepth/png_level] by /view
[rosmaster.master][INFO] 2017-09-21 18:04:11,516: +PARAM [/image/compressedDepth/depth_max] by /image_converter
[rosmaster.master][INFO] 2017-09-21 18:04:11,517: +PARAM [/image/compressedDepth/depth_quantization] by /image_converter
[rosmaster.master][INFO] 2017-09-21 18:04:11,518: +PARAM [/image/compressedDepth/png_level] by /image_converter
[rosmaster.master][INFO] 2017-09-21 18:04:11,522: +PARAM [/image/compressedDepth/depth_max] by /image_converter
[rosmaster.master][INFO] 2017-09-21 18:04:11,523: +PARAM [/image/compressedDepth/depth_quantization] by /image_converter
[rosmaster.master][INFO] 2017-09-21 18:04:11,524: +PARAM [/image/compressedDepth/png_level] by /image_converter
[rosmaster.master][INFO] 2017-09-21 18:04:11,570: +PUB [/image_marked/compressed] /view http://ubuntu:33070/
[rosmaster.master][INFO] 2017-09-21 18:04:11,571: +SERVICE [/image_marked/compressed/set_parameters] /view http://ubuntu:33070/
[rosmaster.master][INFO] 2017-09-21 18:04:11,571: +PUB [/image_marked/compressed/parameter_descriptions] /view http://ubuntu:33070/
[rosmaster.master][INFO] 2017-09-21 18:04:11,572: +PUB [/image_marked/compressed/parameter_updates] /view http://ubuntu:33070/
[rosmaster.master][INFO] 2017-09-21 18:04:11,574: +PUB [/image/compressed] /image_converter http://ubuntu:37936/
[rosmaster.master][INFO] 2017-09-21 18:04:11,576: +SERVICE [/image/compressed/set_parameters] /image_converter http://ubuntu:37936/
[rosmaster.master][INFO] 2017-09-21 18:04:11,577: +PUB [/image/compressed/parameter_descriptions] /image_converter http://ubuntu:37936/
[rosmaster.master][INFO] 2017-09-21 18:04:11,578: +PARAM [/image_marked/compressed/format] by /view
[rosmaster.master][INFO] 2017-09-21 18:04:11,579: +PUB [/image/compressed/parameter_updates] /image_converter http://ubuntu:37936/
[rosmaster.master][INFO] 2017-09-21 18:04:11,579: +PARAM [/image_marked/compressed/jpeg_quality] by /view
[rosmaster.master][INFO] 2017-09-21 18:04:11,580: +PARAM [/image_marked/compressed/png_level] by /view
[rosmaster.master][INFO] 2017-09-21 18:04:11,582: +PARAM [/image_marked/compressed/format] by /view
[rosmaster.master][INFO] 2017-09-21 18:04:11,583: +PARAM [/image_marked/compressed/jpeg_quality] by /view
[rosmaster.master][INFO] 2017-09-21 18:04:11,583: +PARAM [/image/compressed/format] by /image_converter
[rosmaster.master][INFO] 2017-09-21 18:04:11,584: +PARAM [/image_marked/compressed/png_level] by /view
[rosmaster.master][INFO] 2017-09-21 18:04:11,590: +PARAM [/image/compressed/jpeg_quality] by /image_converter
[rosmaster.master][INFO] 2017-09-21 18:04:11,591: +PARAM [/image/compressed/png_level] by /image_converter
[rosmaster.master][INFO] 2017-09-21 18:04:11,592: +PARAM [/image/compressed/format] by /image_converter
[rosmaster.master][INFO] 2017-09-21 18:04:11,593: +PARAM [/image/compressed/jpeg_quality] by /image_converter
[rosmaster.master][INFO] 2017-09-21 18:04:11,595: +PARAM [/image/compressed/png_level] by /image_converter
[rosmaster.master][INFO] 2017-09-21 18:04:11,645: +PUB [/image_marked] /view http://ubuntu:33070/
[rosmaster.master][INFO] 2017-09-21 18:04:11,652: +PUB [/image] /image_converter http://ubuntu:37936/
[rosmaster.master][INFO] 2017-09-21 18:04:11,718: +PUB [/camera/image_raw/compressedDepth] /camera http://ubuntu:42765/
[rosmaster.master][INFO] 2017-09-21 18:04:11,720: +SERVICE [/camera/image_raw/compressedDepth/set_parameters] /camera http://ubuntu:42765/
[rosmaster.master][INFO] 2017-09-21 18:04:11,720: +PUB [/camera/image_raw/compressedDepth/parameter_descriptions] /camera http://ubuntu:42765/
[rosmaster.master][INFO] 2017-09-21 18:04:11,721: +PUB [/camera/image_raw/compressedDepth/parameter_updates] /camera http://ubuntu:42765/
[rosmaster.master][INFO] 2017-09-21 18:04:11,723: +PARAM [/camera/image_raw/compressedDepth/depth_max] by /camera
[rosmaster.master][INFO] 2017-09-21 18:04:11,725: +PARAM [/camera/image_raw/compressedDepth/depth_quantization] by /camera
[rosmaster.master][INFO] 2017-09-21 18:04:11,726: +PARAM [/camera/image_raw/compressedDepth/png_level] by /camera
[rosmaster.master][INFO] 2017-09-21 18:04:11,729: +PARAM [/camera/image_raw/compressedDepth/depth_max] by /camera
[rosmaster.master][INFO] 2017-09-21 18:04:11,731: +PUB [/image_marked/theora] /view http://ubuntu:33070/
[rosmaster.master][INFO] 2017-09-21 18:04:11,732: +PUB [/image/theora] /image_converter http://ubuntu:37936/
[rosmaster.master][INFO] 2017-09-21 18:04:11,733: +PARAM [/camera/image_raw/compressedDepth/depth_quantization] by /camera
[rosmaster.master][INFO] 2017-09-21 18:04:11,734: +SERVICE [/image_marked/theora/set_parameters] /view http://ubuntu:33070/
[rosmaster.master][INFO] 2017-09-21 18:04:11,734: +SERVICE [/image/theora/set_parameters] /image_converter http://ubuntu:37936/
[rosmaster.master][INFO] 2017-09-21 18:04:11,735: +PARAM [/camera/image_raw/compressedDepth/png_level] by /camera
[rosmaster.master][INFO] 2017-09-21 18:04:11,741: +PUB [/image_marked/theora/parameter_descriptions] /view http://ubuntu:33070/
[rosmaster.master][INFO] 2017-09-21 18:04:11,742: +PUB [/image/theora/parameter_descriptions] /image_converter http://ubuntu:37936/
[rosmaster.master][INFO] 2017-09-21 18:04:11,743: +PUB [/image_marked/theora/parameter_updates] /view http://ubuntu:33070/
[rosmaster.master][INFO] 2017-09-21 18:04:11,745: +PUB [/image/theora/parameter_updates] /image_converter http://ubuntu:37936/
[rosmaster.master][INFO] 2017-09-21 18:04:11,754: +PARAM [/image_marked/theora/optimize_for] by /view
[rosmaster.master][INFO] 2017-09-21 18:04:11,755: +PARAM [/image/theora/optimize_for] by /image_converter
[rosmaster.master][INFO] 2017-09-21 18:04:11,758: +PARAM [/image_marked/theora/target_bitrate] by /view
[rosmaster.master][INFO] 2017-09-21 18:04:11,759: +PARAM [/image/theora/target_bitrate] by /image_converter
[rosmaster.master][INFO] 2017-09-21 18:04:11,759: +PARAM [/image_marked/theora/quality] by /view
[rosmaster.master][INFO] 2017-09-21 18:04:11,760: +PARAM [/image/theora/quality] by /image_converter
[rosmaster.master][INFO] 2017-09-21 18:04:11,762: +PARAM [/image_marked/theora/keyframe_frequency] by /view
[rosmaster.master][INFO] 2017-09-21 18:04:11,763: +PARAM [/image/theora/keyframe_frequency] by /image_converter
[rosmaster.master][INFO] 2017-09-21 18:04:11,766: +PARAM [/image_marked/theora/optimize_for] by /view
[rosmaster.master][INFO] 2017-09-21 18:04:11,767: +PARAM [/image/theora/optimize_for] by /image_converter
[rosmaster.master][INFO] 2017-09-21 18:04:11,767: +PARAM [/image_marked/theora/target_bitrate] by /view
[rosmaster.master][INFO] 2017-09-21 18:04:11,768: +PARAM [/image/theora/target_bitrate] by /image_converter
[rosmaster.master][INFO] 2017-09-21 18:04:11,770: +PARAM [/image_marked/theora/quality] by /view
[rosmaster.master][INFO] 2017-09-21 18:04:11,771: +PARAM [/image/theora/quality] by /image_converter
[rosmaster.master][INFO] 2017-09-21 18:04:11,773: +PARAM [/image_marked/theora/keyframe_frequency] by /view
[rosmaster.master][INFO] 2017-09-21 18:04:11,778: +PARAM [/image/theora/keyframe_frequency] by /image_converter
[rosmaster.master][INFO] 2017-09-21 18:04:11,795: +PUB [/camera/image_raw/compressed] /camera http://ubuntu:42765/
[rosmaster.master][INFO] 2017-09-21 18:04:11,798: +SERVICE [/camera/image_raw/compressed/set_parameters] /camera http://ubuntu:42765/
[rosmaster.master][INFO] 2017-09-21 18:04:11,799: +PUB [/camera/image_raw/compressed/parameter_descriptions] /camera http://ubuntu:42765/
[rosmaster.master][INFO] 2017-09-21 18:04:11,799: +PUB [/camera/image_raw/compressed/parameter_updates] /camera http://ubuntu:42765/
[rosmaster.master][INFO] 2017-09-21 18:04:11,802: +PARAM [/camera/image_raw/compressed/format] by /camera
[rosmaster.master][INFO] 2017-09-21 18:04:11,802: +PARAM [/camera/image_raw/compressed/jpeg_quality] by /camera
[rosmaster.master][INFO] 2017-09-21 18:04:11,803: +PARAM [/camera/image_raw/compressed/png_level] by /camera
[rosmaster.master][INFO] 2017-09-21 18:04:11,806: +PARAM [/camera/image_raw/compressed/format] by /camera
[rosmaster.master][INFO] 2017-09-21 18:04:11,807: +PARAM [/camera/image_raw/compressed/jpeg_quality] by /camera
[rosmaster.master][INFO] 2017-09-21 18:04:11,808: +PARAM [/camera/image_raw/compressed/png_level] by /camera
[rosmaster.master][INFO] 2017-09-21 18:04:11,832: +PUB [/image/marked/compressedDepth] /view http://ubuntu:33070/
[rosmaster.master][INFO] 2017-09-21 18:04:11,833: +SERVICE [/image/marked/compressedDepth/set_parameters] /view http://ubuntu:33070/
[rosmaster.master][INFO] 2017-09-21 18:04:11,833: +PUB [/image/marked/compressedDepth/parameter_descriptions] /view http://ubuntu:33070/
[rosmaster.master][INFO] 2017-09-21 18:04:11,834: +PUB [/image/marked/compressedDepth/parameter_updates] /view http://ubuntu:33070/
[rosmaster.master][INFO] 2017-09-21 18:04:11,836: +PARAM [/image/marked/compressedDepth/depth_max] by /view
[rosmaster.master][INFO] 2017-09-21 18:04:11,837: +PARAM [/image/marked/compressedDepth/depth_quantization] by /view
[rosmaster.master][INFO] 2017-09-21 18:04:11,841: +PARAM [/image/marked/compressedDepth/png_level] by /view
[rosmaster.master][INFO] 2017-09-21 18:04:11,842: +PARAM [/image/marked/compressedDepth/depth_max] by /view
[rosmaster.master][INFO] 2017-09-21 18:04:11,843: +PARAM [/image/marked/compressedDepth/depth_quantization] by /view
[rosmaster.master][INFO] 2017-09-21 18:04:11,844: +PARAM [/image/marked/compressedDepth/png_level] by /view
[rosmaster.master][INFO] 2017-09-21 18:04:11,866: +PUB [/camera/image_raw] /camera http://ubuntu:42765/
[rosmaster.master][INFO] 2017-09-21 18:04:11,891: publisherUpdate[/camera/image_raw] -> http://ubuntu:37936/ ['http://ubuntu:42765/']
[rosmaster.master][INFO] 2017-09-21 18:04:11,892: publisherUpdate[/camera/image_raw] -> http://ubuntu:37936/ ['http://ubuntu:42765/']: sec=0.00, result=[1, '', 0]
[rosmaster.master][INFO] 2017-09-21 18:04:11,895: +PUB [/image/marked/compressed] /view http://ubuntu:33070/
[rosmaster.master][INFO] 2017-09-21 18:04:11,895: +SERVICE [/image/marked/compressed/set_parameters] /view http://ubuntu:33070/
[rosmaster.master][INFO] 2017-09-21 18:04:11,896: +PUB [/image/marked/compressed/parameter_descriptions] /view http://ubuntu:33070/
[rosmaster.master][INFO] 2017-09-21 18:04:11,897: +PUB [/image/marked/compressed/parameter_updates] /view http://ubuntu:33070/
[rosmaster.master][INFO] 2017-09-21 18:04:11,903: +PARAM [/image/marked/compressed/format] by /view
[rosmaster.master][INFO] 2017-09-21 18:04:11,904: +PARAM [/image/marked/compressed/jpeg_quality] by /view
[rosmaster.master][INFO] 2017-09-21 18:04:11,904: +PARAM [/image/marked/compressed/png_level] by /view
[rosmaster.master][INFO] 2017-09-21 18:04:11,905: +PARAM [/image/marked/compressed/format] by /view
[rosmaster.master][INFO] 2017-09-21 18:04:11,906: +PARAM [/image/marked/compressed/jpeg_quality] by /view
[rosmaster.master][INFO] 2017-09-21 18:04:11,906: +PARAM [/image/marked/compressed/png_level] by /view
[rosmaster.master][INFO] 2017-09-21 18:04:11,932: +PUB [/camera/image_raw/theora] /camera http://ubuntu:42765/
[rosmaster.master][INFO] 2017-09-21 18:04:11,933: +SERVICE [/camera/image_raw/theora/set_parameters] /camera http://ubuntu:42765/
[rosmaster.master][INFO] 2017-09-21 18:04:11,934: +PUB [/camera/image_raw/theora/parameter_descriptions] /camera http://ubuntu:42765/
[rosmaster.master][INFO] 2017-09-21 18:04:11,935: +PUB [/camera/image_raw/theora/parameter_updates] /camera http://ubuntu:42765/
[rosmaster.master][INFO] 2017-09-21 18:04:11,948: +PARAM [/camera/image_raw/theora/optimize_for] by /camera
[rosmaster.master][INFO] 2017-09-21 18:04:11,948: +PARAM [/camera/image_raw/theora/target_bitrate] by /camera
[rosmaster.master][INFO] 2017-09-21 18:04:11,949: +PARAM [/camera/image_raw/theora/quality] by /camera
[rosmaster.master][INFO] 2017-09-21 18:04:11,951: +PARAM [/camera/image_raw/theora/keyframe_frequency] by /camera
[rosmaster.master][INFO] 2017-09-21 18:04:11,952: +PARAM [/camera/image_raw/theora/optimize_for] by /camera
[rosmaster.master][INFO] 2017-09-21 18:04:11,955: +PARAM [/camera/image_raw/theora/target_bitrate] by /camera
[rosmaster.master][INFO] 2017-09-21 18:04:11,959: +PARAM [/camera/image_raw/theora/quality] by /camera
[rosmaster.master][INFO] 2017-09-21 18:04:11,959: +PARAM [/camera/image_raw/theora/keyframe_frequency] by /camera
[rosmaster.master][INFO] 2017-09-21 18:04:11,960: +PUB [/camera/camera_info] /camera http://ubuntu:42765/
[rosmaster.master][INFO] 2017-09-21 18:04:11,973: +PUB [/image/marked] /view http://ubuntu:33070/
[rosmaster.master][INFO] 2017-09-21 18:04:12,005: +PUB [/image/marked/theora] /view http://ubuntu:33070/
[rosmaster.master][INFO] 2017-09-21 18:04:12,006: +SERVICE [/image/marked/theora/set_parameters] /view http://ubuntu:33070/
[rosmaster.master][INFO] 2017-09-21 18:04:12,007: +PUB [/image/marked/theora/parameter_descriptions] /view http://ubuntu:33070/
[rosmaster.master][INFO] 2017-09-21 18:04:12,007: +PUB [/image/marked/theora/parameter_updates] /view http://ubuntu:33070/
[rosmaster.master][INFO] 2017-09-21 18:04:12,010: +PARAM [/image/marked/theora/optimize_for] by /view
[rosmaster.master][INFO] 2017-09-21 18:04:12,011: +PARAM [/image/marked/theora/target_bitrate] by /view
[rosmaster.master][INFO] 2017-09-21 18:04:12,011: +PARAM [/image/marked/theora/quality] by /view
[rosmaster.master][INFO] 2017-09-21 18:04:12,012: +PARAM [/image/marked/theora/keyframe_frequency] by /view
[rosmaster.master][INFO] 2017-09-21 18:04:12,013: +PARAM [/image/marked/theora/optimize_for] by /view
[rosmaster.master][INFO] 2017-09-21 18:04:12,013: +PARAM [/image/marked/theora/target_bitrate] by /view
[rosmaster.master][INFO] 2017-09-21 18:04:12,014: +PARAM [/image/marked/theora/quality] by /view
[rosmaster.master][INFO] 2017-09-21 18:04:12,015: +PARAM [/image/marked/theora/keyframe_frequency] by /view
[rosmaster.master][INFO] 2017-09-21 18:04:12,044: +SUB [/image] /view http://ubuntu:33070/
[rosmaster.master][INFO] 2017-09-21 18:04:12,047: +SUB [/camera_info] /view http://ubuntu:33070/
[rosmaster.master][INFO] 2017-09-21 18:04:12,050: +SUB [/image_marker] /view http://ubuntu:33070/
[rosmaster.master][INFO] 2017-09-21 18:04:12,053: +SUB [/image/event] /view http://ubuntu:33070/
[rosmaster.master][INFO] 2017-09-21 18:04:12,054: +SERVICE [/view/change_mode] /view http://ubuntu:33070/
[rosmaster.master][INFO] 2017-09-21 18:04:12,055: +SERVICE [/view/rectangle_mode] /view http://ubuntu:33070/
[rosmaster.master][INFO] 2017-09-21 18:04:12,055: +SERVICE [/view/grabcut_mode] /view http://ubuntu:33070/
[rosmaster.master][INFO] 2017-09-21 18:04:12,056: +SERVICE [/view/grabcut_rect_mode] /view http://ubuntu:33070/
[rosmaster.master][INFO] 2017-09-21 18:04:12,057: +SERVICE [/view/line_mode] /view http://ubuntu:33070/
[rosmaster.master][INFO] 2017-09-21 18:04:12,057: +SERVICE [/view/poly_mode] /view http://ubuntu:33070/
[rosmaster.master][INFO] 2017-09-21 18:04:12,058: +SERVICE [/view/none_mode] /view http://ubuntu:33070/
[rosmaster.master][INFO] 2017-09-21 18:04:12,059: +SERVICE [/view/set_parameters] /view http://ubuntu:33070/
[rosmaster.master][INFO] 2017-09-21 18:04:12,059: +PUB [/view/parameter_descriptions] /view http://ubuntu:33070/
[rosmaster.master][INFO] 2017-09-21 18:04:12,060: +PUB [/view/parameter_updates] /view http://ubuntu:33070/
[rosmaster.master][INFO] 2017-09-21 18:04:12,065: +PARAM [/view/grid] by /view
[rosmaster.master][INFO] 2017-09-21 18:04:12,066: +PARAM [/view/fisheye_mode] by /view
[rosmaster.master][INFO] 2017-09-21 18:04:12,067: +PARAM [/view/div_u] by /view
[rosmaster.master][INFO] 2017-09-21 18:04:12,067: +PARAM [/view/div_v] by /view
[rosmaster.master][INFO] 2017-09-21 18:04:12,068: +PARAM [/view/grid_red] by /view
[rosmaster.master][INFO] 2017-09-21 18:04:12,068: +PARAM [/view/grid_green] by /view
[rosmaster.master][INFO] 2017-09-21 18:04:12,069: +PARAM [/view/grid_blue] by /view
[rosmaster.master][INFO] 2017-09-21 18:04:12,070: +PARAM [/view/grid_thickness] by /view
[rosmaster.master][INFO] 2017-09-21 18:04:12,070: +PARAM [/view/grid_space] by /view
[rosmaster.master][INFO] 2017-09-21 18:04:12,071: +PARAM [/view/grid] by /view
[rosmaster.master][INFO] 2017-09-21 18:04:12,072: +PARAM [/view/fisheye_mode] by /view
[rosmaster.master][INFO] 2017-09-21 18:04:12,072: +PARAM [/view/div_u] by /view
[rosmaster.master][INFO] 2017-09-21 18:04:12,073: +PARAM [/view/div_v] by /view
[rosmaster.master][INFO] 2017-09-21 18:04:12,074: +PARAM [/view/grid_red] by /view
[rosmaster.master][INFO] 2017-09-21 18:04:12,074: +PARAM [/view/grid_green] by /view
[rosmaster.master][INFO] 2017-09-21 18:04:12,075: +PARAM [/view/grid_blue] by /view
[rosmaster.master][INFO] 2017-09-21 18:04:12,076: +PARAM [/view/grid_thickness] by /view
[rosmaster.master][INFO] 2017-09-21 18:04:12,076: +PARAM [/view/grid_space] by /view
[rosmaster.master][INFO] 2017-09-21 18:04:19,537: -PUB [/rosout] /view http://ubuntu:33070/
[rosmaster.master][INFO] 2017-09-21 18:04:19,537: publisherUpdate[/rosout] -> http://ubuntu:34047/ ['http://ubuntu:37936/', 'http://ubuntu:42765/']
[rosmaster.master][INFO] 2017-09-21 18:04:19,538: publisherUpdate[/rosout] -> http://ubuntu:34047/ ['http://ubuntu:37936/', 'http://ubuntu:42765/']: sec=0.00, result=[1, '', 0]
[rosmaster.master][INFO] 2017-09-21 18:04:19,539: -PUB [/image/screenpoint] /view http://ubuntu:33070/
[rosmaster.master][INFO] 2017-09-21 18:04:19,540: -PUB [/image/screenpoint_array] /view http://ubuntu:33070/
[rosmaster.master][INFO] 2017-09-21 18:04:19,541: -PUB [/image/screenrectangle] /view http://ubuntu:33070/
[rosmaster.master][INFO] 2017-09-21 18:04:19,542: -PUB [/image/screenrectangle_image] /view http://ubuntu:33070/
[rosmaster.master][INFO] 2017-09-21 18:04:19,543: -PUB [/rosout] /camera http://ubuntu:42765/
[rosmaster.master][INFO] 2017-09-21 18:04:19,545: -PUB [/image/movepoint] /view http://ubuntu:33070/
[rosmaster.master][INFO] 2017-09-21 18:04:19,545: -PUB [/camera/image_raw/compressedDepth] /camera http://ubuntu:42765/
[rosmaster.master][INFO] 2017-09-21 18:04:19,552: -PUB [/image/foreground] /view http://ubuntu:33070/
[rosmaster.master][INFO] 2017-09-21 18:04:19,553: -PUB [/camera/image_raw/compressedDepth/parameter_descriptions] /camera http://ubuntu:42765/
[rosmaster.master][INFO] 2017-09-21 18:04:19,558: -PUB [/image/background] /view http://ubuntu:33070/
[rosmaster.master][INFO] 2017-09-21 18:04:19,559: -PUB [/camera/image_raw/compressedDepth/parameter_updates] /camera http://ubuntu:42765/
[rosmaster.master][INFO] 2017-09-21 18:04:19,560: -PUB [/camera/image_raw/compressed] /camera http://ubuntu:42765/
[rosmaster.master][INFO] 2017-09-21 18:04:19,565: -PUB [/image/foreground_rect] /view http://ubuntu:33070/
[rosmaster.master][INFO] 2017-09-21 18:04:19,572: -PUB [/camera/image_raw/compressed/parameter_descriptions] /camera http://ubuntu:42765/
[rosmaster.master][INFO] 2017-09-21 18:04:19,574: -PUB [/image/background_rect] /view http://ubuntu:33070/
[rosmaster.master][INFO] 2017-09-21 18:04:19,579: -PUB [/camera/image_raw/compressed/parameter_updates] /camera http://ubuntu:42765/
[rosmaster.master][INFO] 2017-09-21 18:04:19,579: -PUB [/image/line] /view http://ubuntu:33070/
[rosmaster.master][INFO] 2017-09-21 18:04:19,580: -PUB [/camera/image_raw] /camera http://ubuntu:42765/
[rosmaster.master][INFO] 2017-09-21 18:04:19,582: -PUB [/image/poly] /view http://ubuntu:33070/
[rosmaster.master][INFO] 2017-09-21 18:04:19,583: -PUB [/camera/image_raw/theora] /camera http://ubuntu:42765/
[rosmaster.master][INFO] 2017-09-21 18:04:19,583: -PUB [/camera/image_raw/theora/parameter_descriptions] /camera http://ubuntu:42765/
[rosmaster.master][INFO] 2017-09-21 18:04:19,586: -PUB [/image_marked/compressedDepth] /view http://ubuntu:33070/
[rosmaster.master][INFO] 2017-09-21 18:04:19,587: -PUB [/camera/image_raw/theora/parameter_updates] /camera http://ubuntu:42765/
[rosmaster.master][INFO] 2017-09-21 18:04:19,587: -PUB [/camera/camera_info] /camera http://ubuntu:42765/
[rosmaster.master][INFO] 2017-09-21 18:04:19,599: -PUB [/image_marked/compressedDepth/parameter_descriptions] /view http://ubuntu:33070/
[rosmaster.master][INFO] 2017-09-21 18:04:19,599: -SERVICE [/camera/get_loggers] /camera rosrpc://ubuntu:60573
[rosmaster.master][INFO] 2017-09-21 18:04:19,601: -PUB [/image_marked/compressedDepth/parameter_updates] /view http://ubuntu:33070/
[rosmaster.master][INFO] 2017-09-21 18:04:19,602: -SERVICE [/camera/set_logger_level] /camera rosrpc://ubuntu:60573
[rosmaster.master][INFO] 2017-09-21 18:04:19,604: -PUB [/image_marked/compressed] /view http://ubuntu:33070/
[rosmaster.master][INFO] 2017-09-21 18:04:19,605: -SERVICE [/camera/set_camera_info] /camera rosrpc://ubuntu:60573
[rosmaster.master][INFO] 2017-09-21 18:04:19,610: -PUB [/image_marked/compressed/parameter_descriptions] /view http://ubuntu:33070/
[rosmaster.master][INFO] 2017-09-21 18:04:19,611: -SERVICE [/camera/image_raw/compressedDepth/set_parameters] /camera rosrpc://ubuntu:60573
[rosmaster.master][INFO] 2017-09-21 18:04:19,615: -PUB [/image_marked/compressed/parameter_updates] /view http://ubuntu:33070/
[rosmaster.master][INFO] 2017-09-21 18:04:19,616: -SERVICE [/camera/image_raw/compressed/set_parameters] /camera rosrpc://ubuntu:60573
[rosmaster.master][INFO] 2017-09-21 18:04:19,622: -PUB [/image_marked] /view http://ubuntu:33070/
[rosmaster.master][INFO] 2017-09-21 18:04:19,622: -SERVICE [/camera/image_raw/theora/set_parameters] /camera rosrpc://ubuntu:60573
[rosmaster.master][INFO] 2017-09-21 18:04:19,625: -PUB [/image_marked/theora] /view http://ubuntu:33070/
[rosmaster.master][INFO] 2017-09-21 18:04:19,625: -PUB [/image_marked/theora/parameter_descriptions] /view http://ubuntu:33070/
[rosmaster.master][INFO] 2017-09-21 18:04:19,626: -PUB [/image_marked/theora/parameter_updates] /view http://ubuntu:33070/
[rosmaster.master][INFO] 2017-09-21 18:04:19,628: -PUB [/image/marked/compressedDepth] /view http://ubuntu:33070/
[rosmaster.master][INFO] 2017-09-21 18:04:19,629: -PUB [/image/marked/compressedDepth/parameter_descriptions] /view http://ubuntu:33070/
[rosmaster.master][INFO] 2017-09-21 18:04:19,630: -PUB [/image/marked/compressedDepth/parameter_updates] /view http://ubuntu:33070/
[rosmaster.master][INFO] 2017-09-21 18:04:19,630: -PUB [/image/marked/compressed] /view http://ubuntu:33070/
[rosmaster.master][INFO] 2017-09-21 18:04:19,634: -PUB [/image/marked/compressed/parameter_descriptions] /view http://ubuntu:33070/
[rosmaster.master][INFO] 2017-09-21 18:04:19,642: publisherUpdate[/rosout] -> http://ubuntu:34047/ ['http://ubuntu:37936/']
[rosmaster.master][INFO] 2017-09-21 18:04:19,642: publisherUpdate[/camera/image_raw] -> http://ubuntu:37936/ []
[rosmaster.master][INFO] 2017-09-21 18:04:19,645: publisherUpdate[/camera/image_raw] -> http://ubuntu:37936/ []: sec=0.00, exception=[Errno 111] Connection refused
[rosmaster.master][INFO] 2017-09-21 18:04:19,646: publisherUpdate[/rosout] -> http://ubuntu:34047/ ['http://ubuntu:37936/']: sec=0.00, result=[1, '', 0]
[rosmaster.threadpool][ERROR] 2017-09-21 18:04:19,647: Traceback (most recent call last):
  File "/opt/ros/kinetic/lib/python2.7/dist-packages/rosmaster/threadpool.py", line 218, in run
    result = cmd(*args)
  File "/opt/ros/kinetic/lib/python2.7/dist-packages/rosmaster/master_api.py", line 210, in publisher_update_task
    ret = xmlrpcapi(api).publisherUpdate('/master', topic, pub_uris)
  File "/usr/lib/python2.7/xmlrpclib.py", line 1243, in __call__
    return self.__send(self.__name, args)
  File "/usr/lib/python2.7/xmlrpclib.py", line 1602, in __request
    verbose=self.__verbose
  File "/usr/lib/python2.7/xmlrpclib.py", line 1283, in request
    return self.single_request(host, handler, request_body, verbose)
  File "/usr/lib/python2.7/xmlrpclib.py", line 1311, in single_request
    self.send_content(h, request_body)
  File "/usr/lib/python2.7/xmlrpclib.py", line 1459, in send_content
    connection.endheaders(request_body)
  File "/usr/lib/python2.7/httplib.py", line 1053, in endheaders
    self._send_output(message_body)
  File "/usr/lib/python2.7/httplib.py", line 897, in _send_output
    self.send(msg)
  File "/usr/lib/python2.7/httplib.py", line 859, in send
    self.connect()
  File "/usr/lib/python2.7/httplib.py", line 836, in connect
    self.timeout, self.source_address)
  File "/usr/lib/python2.7/socket.py", line 575, in create_connection
    raise err
error: [Errno 111] Connection refused

[rosmaster.master][INFO] 2017-09-21 18:04:19,647: -PUB [/image/marked/compressed/parameter_updates] /view http://ubuntu:33070/
[rosmaster.master][INFO] 2017-09-21 18:04:19,649: -PUB [/image/marked] /view http://ubuntu:33070/
[rosmaster.master][INFO] 2017-09-21 18:04:19,654: -PUB [/image/marked/theora] /view http://ubuntu:33070/
[rosmaster.master][INFO] 2017-09-21 18:04:19,656: -PUB [/image/marked/theora/parameter_descriptions] /view http://ubuntu:33070/
[rosmaster.master][INFO] 2017-09-21 18:04:19,658: -PUB [/image/marked/theora/parameter_updates] /view http://ubuntu:33070/
[rosmaster.master][INFO] 2017-09-21 18:04:19,661: -PUB [/view/parameter_descriptions] /view http://ubuntu:33070/
[rosmaster.master][INFO] 2017-09-21 18:04:19,663: -PUB [/view/parameter_updates] /view http://ubuntu:33070/
[rosmaster.master][INFO] 2017-09-21 18:04:19,668: -SUB [/tf] /view http://ubuntu:33070/
[rosmaster.master][INFO] 2017-09-21 18:04:19,670: -SUB [/tf_static] /view http://ubuntu:33070/
[rosmaster.master][INFO] 2017-09-21 18:04:19,673: -SUB [/image] /view http://ubuntu:33070/
[rosmaster.master][INFO] 2017-09-21 18:04:19,674: -SUB [/camera_info] /view http://ubuntu:33070/
[rosmaster.master][INFO] 2017-09-21 18:04:19,674: -SUB [/image_marker] /view http://ubuntu:33070/
[rosmaster.master][INFO] 2017-09-21 18:04:19,675: -SUB [/image/event] /view http://ubuntu:33070/
[rosmaster.master][INFO] 2017-09-21 18:04:19,676: -SERVICE [/view/get_loggers] /view rosrpc://ubuntu:57659
[rosmaster.master][INFO] 2017-09-21 18:04:19,677: -SERVICE [/view/set_logger_level] /view rosrpc://ubuntu:57659
[rosmaster.master][INFO] 2017-09-21 18:04:19,678: -SERVICE [/image_marked/compressedDepth/set_parameters] /view rosrpc://ubuntu:57659
[rosmaster.master][INFO] 2017-09-21 18:04:19,680: -SERVICE [/image_marked/compressed/set_parameters] /view rosrpc://ubuntu:57659
[rosmaster.master][INFO] 2017-09-21 18:04:19,681: -SERVICE [/image_marked/theora/set_parameters] /view rosrpc://ubuntu:57659
[rosmaster.master][INFO] 2017-09-21 18:04:19,682: -SERVICE [/image/marked/compressedDepth/set_parameters] /view rosrpc://ubuntu:57659
[rosmaster.master][INFO] 2017-09-21 18:04:19,684: -SERVICE [/image/marked/compressed/set_parameters] /view rosrpc://ubuntu:57659
[rosmaster.master][INFO] 2017-09-21 18:04:19,685: -SERVICE [/image/marked/theora/set_parameters] /view rosrpc://ubuntu:57659
[rosmaster.master][INFO] 2017-09-21 18:04:19,685: -SERVICE [/view/change_mode] /view rosrpc://ubuntu:57659
[rosmaster.master][INFO] 2017-09-21 18:04:19,688: -SERVICE [/view/rectangle_mode] /view rosrpc://ubuntu:57659
[rosmaster.master][INFO] 2017-09-21 18:04:19,688: -SERVICE [/view/grabcut_mode] /view rosrpc://ubuntu:57659
[rosmaster.master][INFO] 2017-09-21 18:04:19,689: -SERVICE [/view/grabcut_rect_mode] /view rosrpc://ubuntu:57659
[rosmaster.master][INFO] 2017-09-21 18:04:19,691: -SERVICE [/view/line_mode] /view rosrpc://ubuntu:57659
[rosmaster.master][INFO] 2017-09-21 18:04:19,691: -SERVICE [/view/poly_mode] /view rosrpc://ubuntu:57659
[rosmaster.master][INFO] 2017-09-21 18:04:19,693: -SERVICE [/view/none_mode] /view rosrpc://ubuntu:57659
[rosmaster.master][INFO] 2017-09-21 18:04:19,694: -SERVICE [/view/set_parameters] /view rosrpc://ubuntu:57659
[rosmaster.master][INFO] 2017-09-21 18:04:20,046: -PUB [/rosout_agg] /rosout http://ubuntu:34047/
[rosmaster.master][INFO] 2017-09-21 18:04:20,047: -SUB [/rosout] /rosout http://ubuntu:34047/
[rosmaster.master][INFO] 2017-09-21 18:04:20,048: -SERVICE [/rosout/get_loggers] /rosout rosrpc://ubuntu:57998
[rosmaster.master][INFO] 2017-09-21 18:04:20,049: -SERVICE [/rosout/set_logger_level] /rosout rosrpc://ubuntu:57998
[rosmaster.main][INFO] 2017-09-21 18:04:20,068: keyboard interrupt, will exit
[rosmaster.main][INFO] 2017-09-21 18:04:20,069: stopping master...
[rospy.core][INFO] 2017-09-21 18:04:20,069: signal_shutdown [atexit]
