[rosmaster.main][INFO] 2017-09-20 16:59:22,882: initialization complete, waiting for shutdown
[rosmaster.main][INFO] 2017-09-20 16:59:22,882: Starting ROS Master Node
[xmlrpc][INFO] 2017-09-20 16:59:22,883: XML-RPC server binding to 0.0.0.0:11311
[xmlrpc][INFO] 2017-09-20 16:59:22,884: Started XML-RPC server [http://ubuntu:11311/]
[xmlrpc][INFO] 2017-09-20 16:59:22,884: xml rpc node: starting XML-RPC server
[rosmaster.master][INFO] 2017-09-20 16:59:22,884: Master initialized: port[11311], uri[http://ubuntu:11311/]
[rosmaster.master][INFO] 2017-09-20 16:59:22,909: +PARAM [/run_id] by /roslaunch
[rosmaster.master][INFO] 2017-09-20 16:59:22,912: +PARAM [/roslaunch/uris/host_ubuntu__38760] by /roslaunch
[rosmaster.master][INFO] 2017-09-20 16:59:23,002: +PARAM [/rosversion] by /roslaunch
[rosmaster.master][INFO] 2017-09-20 16:59:23,002: +PARAM [/rosdistro] by /roslaunch
[rosmaster.master][INFO] 2017-09-20 16:59:23,002: +PARAM [/camera/device_id] by /roslaunch
[rosmaster.master][INFO] 2017-09-20 16:59:23,044: +SERVICE [/rosout/get_loggers] /rosout http://ubuntu:46291/
[rosmaster.master][INFO] 2017-09-20 16:59:23,052: +SERVICE [/rosout/set_logger_level] /rosout http://ubuntu:46291/
[rosmaster.master][INFO] 2017-09-20 16:59:23,065: +PUB [/rosout_agg] /rosout http://ubuntu:46291/
[rosmaster.master][INFO] 2017-09-20 16:59:23,103: +SUB [/rosout] /rosout http://ubuntu:46291/
[rosmaster.master][INFO] 2017-09-20 16:59:23,238: +PUB [/rosout] /image_converter http://ubuntu:34721/
[rosmaster.master][INFO] 2017-09-20 16:59:23,241: +SERVICE [/image_converter/get_loggers] /image_converter http://ubuntu:34721/
[rosmaster.master][INFO] 2017-09-20 16:59:23,243: +SERVICE [/image_converter/set_logger_level] /image_converter http://ubuntu:34721/
[rosmaster.master][INFO] 2017-09-20 16:59:23,289: publisherUpdate[/rosout] -> http://ubuntu:46291/ ['http://ubuntu:34721/']
[rosmaster.master][INFO] 2017-09-20 16:59:23,291: publisherUpdate[/rosout] -> http://ubuntu:46291/ ['http://ubuntu:34721/']: sec=0.00, result=[1, '', 0]
[rosmaster.master][INFO] 2017-09-20 16:59:23,331: +PUB [/rosout] /view http://ubuntu:39432/
[rosmaster.master][INFO] 2017-09-20 16:59:23,333: +SERVICE [/view/get_loggers] /view http://ubuntu:39432/
[rosmaster.master][INFO] 2017-09-20 16:59:23,338: +SERVICE [/view/set_logger_level] /view http://ubuntu:39432/
[rosmaster.master][INFO] 2017-09-20 16:59:23,338: +PUB [/rosout] /camera http://ubuntu:32817/
[rosmaster.master][INFO] 2017-09-20 16:59:23,341: +SERVICE [/camera/get_loggers] /camera http://ubuntu:32817/
[rosmaster.master][INFO] 2017-09-20 16:59:23,345: +SERVICE [/camera/set_logger_level] /camera http://ubuntu:32817/
[rosmaster.master][INFO] 2017-09-20 16:59:23,360: +SUB [/tf] /view http://ubuntu:39432/
[rosmaster.master][INFO] 2017-09-20 16:59:23,370: +SUB [/tf_static] /view http://ubuntu:39432/
[rosmaster.master][INFO] 2017-09-20 16:59:23,391: publisherUpdate[/rosout] -> http://ubuntu:46291/ ['http://ubuntu:34721/', 'http://ubuntu:39432/']
[rosmaster.master][INFO] 2017-09-20 16:59:23,392: publisherUpdate[/rosout] -> http://ubuntu:46291/ ['http://ubuntu:34721/', 'http://ubuntu:39432/']: sec=0.00, result=[1, '', 0]
[rosmaster.master][INFO] 2017-09-20 16:59:23,392: publisherUpdate[/rosout] -> http://ubuntu:46291/ ['http://ubuntu:34721/', 'http://ubuntu:39432/', 'http://ubuntu:32817/']
[rosmaster.master][INFO] 2017-09-20 16:59:23,393: publisherUpdate[/rosout] -> http://ubuntu:46291/ ['http://ubuntu:34721/', 'http://ubuntu:39432/', 'http://ubuntu:32817/']: sec=0.00, result=[1, '', 0]
[rosmaster.master][INFO] 2017-09-20 16:59:23,425: +SUB [/camera/image_raw] /image_converter http://ubuntu:34721/
[rosmaster.master][INFO] 2017-09-20 16:59:23,429: +SERVICE [/camera/set_camera_info] /camera http://ubuntu:32817/
[rosmaster.master][INFO] 2017-09-20 16:59:23,433: -SERVICE [/camera/set_camera_info] /camera rosrpc://ubuntu:35906
[rosmaster.master][INFO] 2017-09-20 16:59:23,442: +PUB [/image/screenpoint] /view http://ubuntu:39432/
[rosmaster.master][INFO] 2017-09-20 16:59:23,445: +PUB [/image/screenpoint_array] /view http://ubuntu:39432/
[rosmaster.master][INFO] 2017-09-20 16:59:23,446: +PUB [/image/screenrectangle] /view http://ubuntu:39432/
[rosmaster.master][INFO] 2017-09-20 16:59:23,450: +PUB [/image/screenrectangle_image] /view http://ubuntu:39432/
[rosmaster.master][INFO] 2017-09-20 16:59:23,455: +PUB [/image/movepoint] /view http://ubuntu:39432/
[rosmaster.master][INFO] 2017-09-20 16:59:23,463: +PUB [/image/foreground] /view http://ubuntu:39432/
[rosmaster.master][INFO] 2017-09-20 16:59:23,467: +PUB [/image/background] /view http://ubuntu:39432/
[rosmaster.master][INFO] 2017-09-20 16:59:23,469: +PUB [/image/foreground_rect] /view http://ubuntu:39432/
[rosmaster.master][INFO] 2017-09-20 16:59:23,473: +PUB [/image/background_rect] /view http://ubuntu:39432/
[rosmaster.master][INFO] 2017-09-20 16:59:23,479: +PUB [/image/line] /view http://ubuntu:39432/
[rosmaster.master][INFO] 2017-09-20 16:59:23,485: +PUB [/image/poly] /view http://ubuntu:39432/
[rosmaster.master][INFO] 2017-09-20 16:59:23,533: +PUB [/image/compressedDepth] /image_converter http://ubuntu:34721/
[rosmaster.master][INFO] 2017-09-20 16:59:23,534: +SERVICE [/image/compressedDepth/set_parameters] /image_converter http://ubuntu:34721/
[rosmaster.master][INFO] 2017-09-20 16:59:23,535: +PUB [/image/compressedDepth/parameter_descriptions] /image_converter http://ubuntu:34721/
[rosmaster.master][INFO] 2017-09-20 16:59:23,536: +PUB [/image/compressedDepth/parameter_updates] /image_converter http://ubuntu:34721/
[rosmaster.master][INFO] 2017-09-20 16:59:23,543: +PARAM [/image/compressedDepth/depth_max] by /image_converter
[rosmaster.master][INFO] 2017-09-20 16:59:23,543: +PARAM [/image/compressedDepth/depth_quantization] by /image_converter
[rosmaster.master][INFO] 2017-09-20 16:59:23,544: +PARAM [/image/compressedDepth/png_level] by /image_converter
[rosmaster.master][INFO] 2017-09-20 16:59:23,545: +PARAM [/image/compressedDepth/depth_max] by /image_converter
[rosmaster.master][INFO] 2017-09-20 16:59:23,546: +PARAM [/image/compressedDepth/depth_quantization] by /image_converter
[rosmaster.master][INFO] 2017-09-20 16:59:23,549: +PARAM [/image/compressedDepth/png_level] by /image_converter
[rosmaster.master][INFO] 2017-09-20 16:59:23,574: +PUB [/image_marked/compressedDepth] /view http://ubuntu:39432/
[rosmaster.master][INFO] 2017-09-20 16:59:23,577: +SERVICE [/image_marked/compressedDepth/set_parameters] /view http://ubuntu:39432/
[rosmaster.master][INFO] 2017-09-20 16:59:23,578: +PUB [/image_marked/compressedDepth/parameter_descriptions] /view http://ubuntu:39432/
[rosmaster.master][INFO] 2017-09-20 16:59:23,579: +PUB [/image_marked/compressedDepth/parameter_updates] /view http://ubuntu:39432/
[rosmaster.master][INFO] 2017-09-20 16:59:23,581: +PARAM [/image_marked/compressedDepth/depth_max] by /view
[rosmaster.master][INFO] 2017-09-20 16:59:23,585: +PARAM [/image_marked/compressedDepth/depth_quantization] by /view
[rosmaster.master][INFO] 2017-09-20 16:59:23,586: +PARAM [/image_marked/compressedDepth/png_level] by /view
[rosmaster.master][INFO] 2017-09-20 16:59:23,587: +PARAM [/image_marked/compressedDepth/depth_max] by /view
[rosmaster.master][INFO] 2017-09-20 16:59:23,587: +PARAM [/image_marked/compressedDepth/depth_quantization] by /view
[rosmaster.master][INFO] 2017-09-20 16:59:23,588: +PARAM [/image_marked/compressedDepth/png_level] by /view
[rosmaster.master][INFO] 2017-09-20 16:59:23,602: -PUB [/rosout] /camera http://ubuntu:32817/
[rosmaster.master][INFO] 2017-09-20 16:59:23,603: -SERVICE [/camera/get_loggers] /camera rosrpc://ubuntu:35906
[rosmaster.master][INFO] 2017-09-20 16:59:23,603: -SERVICE [/camera/set_logger_level] /camera rosrpc://ubuntu:35906
[rosmaster.master][INFO] 2017-09-20 16:59:23,621: +PUB [/image/compressed] /image_converter http://ubuntu:34721/
[rosmaster.master][INFO] 2017-09-20 16:59:23,622: +SERVICE [/image/compressed/set_parameters] /image_converter http://ubuntu:34721/
[rosmaster.master][INFO] 2017-09-20 16:59:23,624: +PUB [/image/compressed/parameter_descriptions] /image_converter http://ubuntu:34721/
[rosmaster.master][INFO] 2017-09-20 16:59:23,627: +PUB [/image/compressed/parameter_updates] /image_converter http://ubuntu:34721/
[rosmaster.master][INFO] 2017-09-20 16:59:23,635: +PARAM [/image/compressed/format] by /image_converter
[rosmaster.master][INFO] 2017-09-20 16:59:23,636: +PARAM [/image/compressed/jpeg_quality] by /image_converter
[rosmaster.master][INFO] 2017-09-20 16:59:23,637: +PARAM [/image/compressed/png_level] by /image_converter
[rosmaster.master][INFO] 2017-09-20 16:59:23,641: +PARAM [/image/compressed/format] by /image_converter
[rosmaster.master][INFO] 2017-09-20 16:59:23,642: +PARAM [/image/compressed/jpeg_quality] by /image_converter
[rosmaster.master][INFO] 2017-09-20 16:59:23,643: +PARAM [/image/compressed/png_level] by /image_converter
[rosmaster.master][INFO] 2017-09-20 16:59:23,666: +PUB [/image_marked/compressed] /view http://ubuntu:39432/
[rosmaster.master][INFO] 2017-09-20 16:59:23,667: +SERVICE [/image_marked/compressed/set_parameters] /view http://ubuntu:39432/
[rosmaster.master][INFO] 2017-09-20 16:59:23,667: +PUB [/image_marked/compressed/parameter_descriptions] /view http://ubuntu:39432/
[rosmaster.master][INFO] 2017-09-20 16:59:23,668: +PUB [/image_marked/compressed/parameter_updates] /view http://ubuntu:39432/
[rosmaster.master][INFO] 2017-09-20 16:59:23,671: +PARAM [/image_marked/compressed/format] by /view
[rosmaster.master][INFO] 2017-09-20 16:59:23,673: +PARAM [/image_marked/compressed/jpeg_quality] by /view
[rosmaster.master][INFO] 2017-09-20 16:59:23,675: +PARAM [/image_marked/compressed/png_level] by /view
[rosmaster.master][INFO] 2017-09-20 16:59:23,677: +PARAM [/image_marked/compressed/format] by /view
[rosmaster.master][INFO] 2017-09-20 16:59:23,678: +PARAM [/image_marked/compressed/jpeg_quality] by /view
[rosmaster.master][INFO] 2017-09-20 16:59:23,681: +PARAM [/image_marked/compressed/png_level] by /view
[rosmaster.master][INFO] 2017-09-20 16:59:23,697: publisherUpdate[/rosout] -> http://ubuntu:46291/ ['http://ubuntu:34721/', 'http://ubuntu:39432/']
[rosmaster.master][INFO] 2017-09-20 16:59:23,698: publisherUpdate[/rosout] -> http://ubuntu:46291/ ['http://ubuntu:34721/', 'http://ubuntu:39432/']: sec=0.00, result=[1, '', 0]
[rosmaster.master][INFO] 2017-09-20 16:59:23,735: +PUB [/image] /image_converter http://ubuntu:34721/
[rosmaster.master][INFO] 2017-09-20 16:59:23,768: +PUB [/image_marked] /view http://ubuntu:39432/
[rosmaster.master][INFO] 2017-09-20 16:59:23,807: +PUB [/image/theora] /image_converter http://ubuntu:34721/
[rosmaster.master][INFO] 2017-09-20 16:59:23,808: +SERVICE [/image/theora/set_parameters] /image_converter http://ubuntu:34721/
[rosmaster.master][INFO] 2017-09-20 16:59:23,809: +PUB [/image/theora/parameter_descriptions] /image_converter http://ubuntu:34721/
[rosmaster.master][INFO] 2017-09-20 16:59:23,810: +PUB [/image/theora/parameter_updates] /image_converter http://ubuntu:34721/
[rosmaster.master][INFO] 2017-09-20 16:59:23,818: +PARAM [/image/theora/optimize_for] by /image_converter
[rosmaster.master][INFO] 2017-09-20 16:59:23,818: +PARAM [/image/theora/target_bitrate] by /image_converter
[rosmaster.master][INFO] 2017-09-20 16:59:23,819: +PARAM [/image/theora/quality] by /image_converter
[rosmaster.master][INFO] 2017-09-20 16:59:23,820: +PARAM [/image/theora/keyframe_frequency] by /image_converter
[rosmaster.master][INFO] 2017-09-20 16:59:23,825: +PARAM [/image/theora/optimize_for] by /image_converter
[rosmaster.master][INFO] 2017-09-20 16:59:23,826: +PARAM [/image/theora/target_bitrate] by /image_converter
[rosmaster.master][INFO] 2017-09-20 16:59:23,826: +PARAM [/image/theora/quality] by /image_converter
[rosmaster.master][INFO] 2017-09-20 16:59:23,827: +PARAM [/image/theora/keyframe_frequency] by /image_converter
[rosmaster.master][INFO] 2017-09-20 16:59:23,835: +PUB [/image_marked/theora] /view http://ubuntu:39432/
[rosmaster.master][INFO] 2017-09-20 16:59:23,836: +SERVICE [/image_marked/theora/set_parameters] /view http://ubuntu:39432/
[rosmaster.master][INFO] 2017-09-20 16:59:23,837: +PUB [/image_marked/theora/parameter_descriptions] /view http://ubuntu:39432/
[rosmaster.master][INFO] 2017-09-20 16:59:23,838: +PUB [/image_marked/theora/parameter_updates] /view http://ubuntu:39432/
[rosmaster.master][INFO] 2017-09-20 16:59:23,846: +PARAM [/image_marked/theora/optimize_for] by /view
[rosmaster.master][INFO] 2017-09-20 16:59:23,848: +PARAM [/image_marked/theora/target_bitrate] by /view
[rosmaster.master][INFO] 2017-09-20 16:59:23,852: +PARAM [/image_marked/theora/quality] by /view
[rosmaster.master][INFO] 2017-09-20 16:59:23,854: +PARAM [/image_marked/theora/keyframe_frequency] by /view
[rosmaster.master][INFO] 2017-09-20 16:59:23,855: +PARAM [/image_marked/theora/optimize_for] by /view
[rosmaster.master][INFO] 2017-09-20 16:59:23,856: +PARAM [/image_marked/theora/target_bitrate] by /view
[rosmaster.master][INFO] 2017-09-20 16:59:23,857: +PARAM [/image_marked/theora/quality] by /view
[rosmaster.master][INFO] 2017-09-20 16:59:23,858: +PARAM [/image_marked/theora/keyframe_frequency] by /view
[rosmaster.master][INFO] 2017-09-20 16:59:23,890: +PUB [/image/marked/compressedDepth] /view http://ubuntu:39432/
[rosmaster.master][INFO] 2017-09-20 16:59:23,891: +SERVICE [/image/marked/compressedDepth/set_parameters] /view http://ubuntu:39432/
[rosmaster.master][INFO] 2017-09-20 16:59:23,892: +PUB [/image/marked/compressedDepth/parameter_descriptions] /view http://ubuntu:39432/
[rosmaster.master][INFO] 2017-09-20 16:59:23,892: +PUB [/image/marked/compressedDepth/parameter_updates] /view http://ubuntu:39432/
[rosmaster.master][INFO] 2017-09-20 16:59:23,895: +PARAM [/image/marked/compressedDepth/depth_max] by /view
[rosmaster.master][INFO] 2017-09-20 16:59:23,896: +PARAM [/image/marked/compressedDepth/depth_quantization] by /view
[rosmaster.master][INFO] 2017-09-20 16:59:23,896: +PARAM [/image/marked/compressedDepth/png_level] by /view
[rosmaster.master][INFO] 2017-09-20 16:59:23,897: +PARAM [/image/marked/compressedDepth/depth_max] by /view
[rosmaster.master][INFO] 2017-09-20 16:59:23,898: +PARAM [/image/marked/compressedDepth/depth_quantization] by /view
[rosmaster.master][INFO] 2017-09-20 16:59:23,898: +PARAM [/image/marked/compressedDepth/png_level] by /view
[rosmaster.master][INFO] 2017-09-20 16:59:23,928: +PUB [/image/marked/compressed] /view http://ubuntu:39432/
[rosmaster.master][INFO] 2017-09-20 16:59:23,929: +SERVICE [/image/marked/compressed/set_parameters] /view http://ubuntu:39432/
[rosmaster.master][INFO] 2017-09-20 16:59:23,930: +PUB [/image/marked/compressed/parameter_descriptions] /view http://ubuntu:39432/
[rosmaster.master][INFO] 2017-09-20 16:59:23,930: +PUB [/image/marked/compressed/parameter_updates] /view http://ubuntu:39432/
[rosmaster.master][INFO] 2017-09-20 16:59:23,933: +PARAM [/image/marked/compressed/format] by /view
[rosmaster.master][INFO] 2017-09-20 16:59:23,933: +PARAM [/image/marked/compressed/jpeg_quality] by /view
[rosmaster.master][INFO] 2017-09-20 16:59:23,934: +PARAM [/image/marked/compressed/png_level] by /view
[rosmaster.master][INFO] 2017-09-20 16:59:23,935: +PARAM [/image/marked/compressed/format] by /view
[rosmaster.master][INFO] 2017-09-20 16:59:23,935: +PARAM [/image/marked/compressed/jpeg_quality] by /view
[rosmaster.master][INFO] 2017-09-20 16:59:23,936: +PARAM [/image/marked/compressed/png_level] by /view
[rosmaster.master][INFO] 2017-09-20 16:59:23,965: +PUB [/image/marked] /view http://ubuntu:39432/
[rosmaster.master][INFO] 2017-09-20 16:59:23,994: +PUB [/image/marked/theora] /view http://ubuntu:39432/
[rosmaster.master][INFO] 2017-09-20 16:59:23,995: +SERVICE [/image/marked/theora/set_parameters] /view http://ubuntu:39432/
[rosmaster.master][INFO] 2017-09-20 16:59:23,995: +PUB [/image/marked/theora/parameter_descriptions] /view http://ubuntu:39432/
[rosmaster.master][INFO] 2017-09-20 16:59:23,996: +PUB [/image/marked/theora/parameter_updates] /view http://ubuntu:39432/
[rosmaster.master][INFO] 2017-09-20 16:59:23,999: +PARAM [/image/marked/theora/optimize_for] by /view
[rosmaster.master][INFO] 2017-09-20 16:59:24,000: +PARAM [/image/marked/theora/target_bitrate] by /view
[rosmaster.master][INFO] 2017-09-20 16:59:24,000: +PARAM [/image/marked/theora/quality] by /view
[rosmaster.master][INFO] 2017-09-20 16:59:24,001: +PARAM [/image/marked/theora/keyframe_frequency] by /view
[rosmaster.master][INFO] 2017-09-20 16:59:24,002: +PARAM [/image/marked/theora/optimize_for] by /view
[rosmaster.master][INFO] 2017-09-20 16:59:24,003: +PARAM [/image/marked/theora/target_bitrate] by /view
[rosmaster.master][INFO] 2017-09-20 16:59:24,003: +PARAM [/image/marked/theora/quality] by /view
[rosmaster.master][INFO] 2017-09-20 16:59:24,004: +PARAM [/image/marked/theora/keyframe_frequency] by /view
[rosmaster.master][INFO] 2017-09-20 16:59:24,037: +SUB [/image] /view http://ubuntu:39432/
[rosmaster.master][INFO] 2017-09-20 16:59:24,040: +SUB [/camera_info] /view http://ubuntu:39432/
[rosmaster.master][INFO] 2017-09-20 16:59:24,044: +SUB [/image_marker] /view http://ubuntu:39432/
[rosmaster.master][INFO] 2017-09-20 16:59:24,047: +SUB [/image/event] /view http://ubuntu:39432/
[rosmaster.master][INFO] 2017-09-20 16:59:24,048: +SERVICE [/view/change_mode] /view http://ubuntu:39432/
[rosmaster.master][INFO] 2017-09-20 16:59:24,049: +SERVICE [/view/rectangle_mode] /view http://ubuntu:39432/
[rosmaster.master][INFO] 2017-09-20 16:59:24,050: +SERVICE [/view/grabcut_mode] /view http://ubuntu:39432/
[rosmaster.master][INFO] 2017-09-20 16:59:24,050: +SERVICE [/view/grabcut_rect_mode] /view http://ubuntu:39432/
[rosmaster.master][INFO] 2017-09-20 16:59:24,051: +SERVICE [/view/line_mode] /view http://ubuntu:39432/
[rosmaster.master][INFO] 2017-09-20 16:59:24,052: +SERVICE [/view/poly_mode] /view http://ubuntu:39432/
[rosmaster.master][INFO] 2017-09-20 16:59:24,053: +SERVICE [/view/none_mode] /view http://ubuntu:39432/
[rosmaster.master][INFO] 2017-09-20 16:59:24,054: +SERVICE [/view/set_parameters] /view http://ubuntu:39432/
[rosmaster.master][INFO] 2017-09-20 16:59:24,054: +PUB [/view/parameter_descriptions] /view http://ubuntu:39432/
[rosmaster.master][INFO] 2017-09-20 16:59:24,055: +PUB [/view/parameter_updates] /view http://ubuntu:39432/
[rosmaster.master][INFO] 2017-09-20 16:59:24,061: +PARAM [/view/grid] by /view
[rosmaster.master][INFO] 2017-09-20 16:59:24,062: +PARAM [/view/fisheye_mode] by /view
[rosmaster.master][INFO] 2017-09-20 16:59:24,062: +PARAM [/view/div_u] by /view
[rosmaster.master][INFO] 2017-09-20 16:59:24,063: +PARAM [/view/div_v] by /view
[rosmaster.master][INFO] 2017-09-20 16:59:24,064: +PARAM [/view/grid_red] by /view
[rosmaster.master][INFO] 2017-09-20 16:59:24,064: +PARAM [/view/grid_green] by /view
[rosmaster.master][INFO] 2017-09-20 16:59:24,065: +PARAM [/view/grid_blue] by /view
[rosmaster.master][INFO] 2017-09-20 16:59:24,066: +PARAM [/view/grid_thickness] by /view
[rosmaster.master][INFO] 2017-09-20 16:59:24,067: +PARAM [/view/grid_space] by /view
[rosmaster.master][INFO] 2017-09-20 16:59:24,067: +PARAM [/view/grid] by /view
[rosmaster.master][INFO] 2017-09-20 16:59:24,068: +PARAM [/view/fisheye_mode] by /view
[rosmaster.master][INFO] 2017-09-20 16:59:24,069: +PARAM [/view/div_u] by /view
[rosmaster.master][INFO] 2017-09-20 16:59:24,070: +PARAM [/view/div_v] by /view
[rosmaster.master][INFO] 2017-09-20 16:59:24,070: +PARAM [/view/grid_red] by /view
[rosmaster.master][INFO] 2017-09-20 16:59:24,071: +PARAM [/view/grid_green] by /view
[rosmaster.master][INFO] 2017-09-20 16:59:24,072: +PARAM [/view/grid_blue] by /view
[rosmaster.master][INFO] 2017-09-20 16:59:24,072: +PARAM [/view/grid_thickness] by /view
[rosmaster.master][INFO] 2017-09-20 16:59:24,073: +PARAM [/view/grid_space] by /view
[rosmaster.master][INFO] 2017-09-20 16:59:55,967: -PUB [/rosout] /view http://ubuntu:39432/
[rosmaster.master][INFO] 2017-09-20 16:59:55,969: -PUB [/image/screenpoint] /view http://ubuntu:39432/
[rosmaster.master][INFO] 2017-09-20 16:59:55,971: -PUB [/image/screenpoint_array] /view http://ubuntu:39432/
[rosmaster.master][INFO] 2017-09-20 16:59:55,973: -PUB [/image/screenrectangle] /view http://ubuntu:39432/
[rosmaster.master][INFO] 2017-09-20 16:59:55,982: -PUB [/image/screenrectangle_image] /view http://ubuntu:39432/
[rosmaster.master][INFO] 2017-09-20 16:59:55,985: -PUB [/image/movepoint] /view http://ubuntu:39432/
[rosmaster.master][INFO] 2017-09-20 16:59:55,987: -PUB [/image/foreground] /view http://ubuntu:39432/
[rosmaster.master][INFO] 2017-09-20 16:59:55,993: -PUB [/image/background] /view http://ubuntu:39432/
[rosmaster.master][INFO] 2017-09-20 16:59:55,994: -PUB [/image/foreground_rect] /view http://ubuntu:39432/
[rosmaster.master][INFO] 2017-09-20 16:59:55,995: -PUB [/image/background_rect] /view http://ubuntu:39432/
[rosmaster.master][INFO] 2017-09-20 16:59:55,996: -PUB [/image/line] /view http://ubuntu:39432/
[rosmaster.master][INFO] 2017-09-20 16:59:55,997: -PUB [/image/poly] /view http://ubuntu:39432/
[rosmaster.master][INFO] 2017-09-20 16:59:56,002: -PUB [/image_marked/compressedDepth] /view http://ubuntu:39432/
[rosmaster.master][INFO] 2017-09-20 16:59:56,004: -PUB [/image_marked/compressedDepth/parameter_descriptions] /view http://ubuntu:39432/
[rosmaster.master][INFO] 2017-09-20 16:59:56,006: -PUB [/image_marked/compressedDepth/parameter_updates] /view http://ubuntu:39432/
[rosmaster.master][INFO] 2017-09-20 16:59:56,009: -PUB [/image_marked/compressed] /view http://ubuntu:39432/
[rosmaster.master][INFO] 2017-09-20 16:59:56,013: -PUB [/image_marked/compressed/parameter_descriptions] /view http://ubuntu:39432/
[rosmaster.master][INFO] 2017-09-20 16:59:56,015: -PUB [/image_marked/compressed/parameter_updates] /view http://ubuntu:39432/
[rosmaster.master][INFO] 2017-09-20 16:59:56,020: -PUB [/image_marked] /view http://ubuntu:39432/
[rosmaster.master][INFO] 2017-09-20 16:59:56,020: -PUB [/image_marked/theora] /view http://ubuntu:39432/
[rosmaster.master][INFO] 2017-09-20 16:59:56,026: -PUB [/image_marked/theora/parameter_descriptions] /view http://ubuntu:39432/
[rosmaster.master][INFO] 2017-09-20 16:59:56,026: -PUB [/image_marked/theora/parameter_updates] /view http://ubuntu:39432/
[rosmaster.master][INFO] 2017-09-20 16:59:56,028: -PUB [/image/marked/compressedDepth] /view http://ubuntu:39432/
[rosmaster.master][INFO] 2017-09-20 16:59:56,034: -PUB [/image/marked/compressedDepth/parameter_descriptions] /view http://ubuntu:39432/
[rosmaster.master][INFO] 2017-09-20 16:59:56,035: -PUB [/image/marked/compressedDepth/parameter_updates] /view http://ubuntu:39432/
[rosmaster.master][INFO] 2017-09-20 16:59:56,036: -PUB [/image/marked/compressed] /view http://ubuntu:39432/
[rosmaster.master][INFO] 2017-09-20 16:59:56,037: -PUB [/image/marked/compressed/parameter_descriptions] /view http://ubuntu:39432/
[rosmaster.master][INFO] 2017-09-20 16:59:56,038: -PUB [/image/marked/compressed/parameter_updates] /view http://ubuntu:39432/
[rosmaster.master][INFO] 2017-09-20 16:59:56,040: -PUB [/image/marked] /view http://ubuntu:39432/
[rosmaster.master][INFO] 2017-09-20 16:59:56,041: -PUB [/image/marked/theora] /view http://ubuntu:39432/
[rosmaster.master][INFO] 2017-09-20 16:59:56,046: -PUB [/image/marked/theora/parameter_descriptions] /view http://ubuntu:39432/
[rosmaster.master][INFO] 2017-09-20 16:59:56,047: -PUB [/image/marked/theora/parameter_updates] /view http://ubuntu:39432/
[rosmaster.master][INFO] 2017-09-20 16:59:56,047: -PUB [/view/parameter_descriptions] /view http://ubuntu:39432/
[rosmaster.master][INFO] 2017-09-20 16:59:56,048: -PUB [/view/parameter_updates] /view http://ubuntu:39432/
[rosmaster.master][INFO] 2017-09-20 16:59:56,050: -SUB [/tf] /view http://ubuntu:39432/
[rosmaster.master][INFO] 2017-09-20 16:59:56,053: publisherUpdate[/rosout] -> http://ubuntu:46291/ ['http://ubuntu:34721/']
[rosmaster.master][INFO] 2017-09-20 16:59:56,053: publisherUpdate[/rosout] -> http://ubuntu:46291/ ['http://ubuntu:34721/']: sec=0.00, result=[1, '', 0]
[rosmaster.master][INFO] 2017-09-20 16:59:56,054: -PUB [/rosout] /image_converter http://ubuntu:34721/
[rosmaster.master][INFO] 2017-09-20 16:59:56,056: -SUB [/tf_static] /view http://ubuntu:39432/
[rosmaster.master][INFO] 2017-09-20 16:59:56,060: -PUB [/image/compressedDepth] /image_converter http://ubuntu:34721/
[rosmaster.master][INFO] 2017-09-20 16:59:56,062: -SUB [/image] /view http://ubuntu:39432/
[rosmaster.master][INFO] 2017-09-20 16:59:56,063: -PUB [/image/compressedDepth/parameter_descriptions] /image_converter http://ubuntu:34721/
[rosmaster.master][INFO] 2017-09-20 16:59:56,064: -PUB [/image/compressedDepth/parameter_updates] /image_converter http://ubuntu:34721/
[rosmaster.master][INFO] 2017-09-20 16:59:56,066: -SUB [/camera_info] /view http://ubuntu:39432/
[rosmaster.master][INFO] 2017-09-20 16:59:56,070: -SUB [/image_marker] /view http://ubuntu:39432/
[rosmaster.master][INFO] 2017-09-20 16:59:56,071: -PUB [/image/compressed] /image_converter http://ubuntu:34721/
[rosmaster.master][INFO] 2017-09-20 16:59:56,072: -PUB [/image/compressed/parameter_descriptions] /image_converter http://ubuntu:34721/
[rosmaster.master][INFO] 2017-09-20 16:59:56,075: -SUB [/image/event] /view http://ubuntu:39432/
[rosmaster.master][INFO] 2017-09-20 16:59:56,077: -PUB [/image/compressed/parameter_updates] /image_converter http://ubuntu:34721/
[rosmaster.master][INFO] 2017-09-20 16:59:56,079: -SERVICE [/view/get_loggers] /view rosrpc://ubuntu:41368
[rosmaster.master][INFO] 2017-09-20 16:59:56,081: -PUB [/image] /image_converter http://ubuntu:34721/
[rosmaster.master][INFO] 2017-09-20 16:59:56,083: -SERVICE [/view/set_logger_level] /view rosrpc://ubuntu:41368
[rosmaster.master][INFO] 2017-09-20 16:59:56,085: -PUB [/image/theora] /image_converter http://ubuntu:34721/
[rosmaster.master][INFO] 2017-09-20 16:59:56,089: -PUB [/image/theora/parameter_descriptions] /image_converter http://ubuntu:34721/
[rosmaster.master][INFO] 2017-09-20 16:59:56,091: -SERVICE [/image_marked/compressedDepth/set_parameters] /view rosrpc://ubuntu:41368
[rosmaster.master][INFO] 2017-09-20 16:59:56,092: -SERVICE [/image_marked/compressed/set_parameters] /view rosrpc://ubuntu:41368
[rosmaster.master][INFO] 2017-09-20 16:59:56,093: -SERVICE [/image_marked/theora/set_parameters] /view rosrpc://ubuntu:41368
[rosmaster.master][INFO] 2017-09-20 16:59:56,096: -SERVICE [/image/marked/compressedDepth/set_parameters] /view rosrpc://ubuntu:41368
[rosmaster.master][INFO] 2017-09-20 16:59:56,097: -PUB [/image/theora/parameter_updates] /image_converter http://ubuntu:34721/
[rosmaster.master][INFO] 2017-09-20 16:59:56,099: -SERVICE [/image/marked/compressed/set_parameters] /view rosrpc://ubuntu:41368
[rosmaster.master][INFO] 2017-09-20 16:59:56,103: -SUB [/camera/image_raw] /image_converter http://ubuntu:34721/
[rosmaster.master][INFO] 2017-09-20 16:59:56,103: -SERVICE [/image/marked/theora/set_parameters] /view rosrpc://ubuntu:41368
[rosmaster.master][INFO] 2017-09-20 16:59:56,108: -SERVICE [/view/change_mode] /view rosrpc://ubuntu:41368
[rosmaster.master][INFO] 2017-09-20 16:59:56,110: -SERVICE [/view/rectangle_mode] /view rosrpc://ubuntu:41368
[rosmaster.master][INFO] 2017-09-20 16:59:56,115: -SERVICE [/image_converter/get_loggers] /image_converter rosrpc://ubuntu:36716
[rosmaster.master][INFO] 2017-09-20 16:59:56,121: -SERVICE [/view/grabcut_mode] /view rosrpc://ubuntu:41368
[rosmaster.master][INFO] 2017-09-20 16:59:56,121: -SERVICE [/image_converter/set_logger_level] /image_converter rosrpc://ubuntu:36716
[rosmaster.master][INFO] 2017-09-20 16:59:56,125: -SERVICE [/view/grabcut_rect_mode] /view rosrpc://ubuntu:41368
[rosmaster.master][INFO] 2017-09-20 16:59:56,128: -SERVICE [/view/line_mode] /view rosrpc://ubuntu:41368
[rosmaster.master][INFO] 2017-09-20 16:59:56,132: -SERVICE [/image/compressedDepth/set_parameters] /image_converter rosrpc://ubuntu:36716
[rosmaster.master][INFO] 2017-09-20 16:59:56,135: -SERVICE [/view/poly_mode] /view rosrpc://ubuntu:41368
[rosmaster.master][INFO] 2017-09-20 16:59:56,143: -SERVICE [/image/compressed/set_parameters] /image_converter rosrpc://ubuntu:36716
[rosmaster.master][INFO] 2017-09-20 16:59:56,145: -SERVICE [/view/none_mode] /view rosrpc://ubuntu:41368
[rosmaster.master][INFO] 2017-09-20 16:59:56,146: -SERVICE [/view/set_parameters] /view rosrpc://ubuntu:41368
[rosmaster.master][INFO] 2017-09-20 16:59:56,153: -SERVICE [/image/theora/set_parameters] /image_converter rosrpc://ubuntu:36716
[rosmaster.master][INFO] 2017-09-20 16:59:56,153: publisherUpdate[/rosout] -> http://ubuntu:46291/ []
[rosmaster.master][INFO] 2017-09-20 16:59:56,154: publisherUpdate[/rosout] -> http://ubuntu:46291/ []: sec=0.00, result=[1, '', 0]
[rosmaster.master][INFO] 2017-09-20 16:59:56,458: -PUB [/rosout_agg] /rosout http://ubuntu:46291/
[rosmaster.master][INFO] 2017-09-20 16:59:56,476: -SUB [/rosout] /rosout http://ubuntu:46291/
[rosmaster.master][INFO] 2017-09-20 16:59:56,479: -SERVICE [/rosout/get_loggers] /rosout rosrpc://ubuntu:51719
[rosmaster.master][INFO] 2017-09-20 16:59:56,487: -SERVICE [/rosout/set_logger_level] /rosout rosrpc://ubuntu:51719
[rosmaster.main][INFO] 2017-09-20 16:59:56,668: keyboard interrupt, will exit
[rosmaster.main][INFO] 2017-09-20 16:59:56,668: stopping master...
[rospy.core][INFO] 2017-09-20 16:59:56,668: signal_shutdown [atexit]
