[rosmaster.main][INFO] 2017-10-04 13:00:21,470: initialization complete, waiting for shutdown
[rosmaster.main][INFO] 2017-10-04 13:00:21,470: Starting ROS Master Node
[xmlrpc][INFO] 2017-10-04 13:00:21,471: XML-RPC server binding to 0.0.0.0:11311
[xmlrpc][INFO] 2017-10-04 13:00:21,471: Started XML-RPC server [http://ubuntu:11311/]
[xmlrpc][INFO] 2017-10-04 13:00:21,472: xml rpc node: starting XML-RPC server
[rosmaster.master][INFO] 2017-10-04 13:00:21,472: Master initialized: port[11311], uri[http://ubuntu:11311/]
[rosmaster.master][INFO] 2017-10-04 13:00:21,531: +PARAM [/run_id] by /roslaunch
[rosmaster.master][INFO] 2017-10-04 13:00:21,534: +PARAM [/roslaunch/uris/host_ubuntu__37118] by /roslaunch
[rosmaster.master][INFO] 2017-10-04 13:00:21,610: +PARAM [/rosversion] by /roslaunch
[rosmaster.master][INFO] 2017-10-04 13:00:21,610: +PARAM [/rosdistro] by /roslaunch
[rosmaster.master][INFO] 2017-10-04 13:00:21,610: +PARAM [/camera/device_id] by /roslaunch
[rosmaster.master][INFO] 2017-10-04 13:00:21,622: +SERVICE [/rosout/get_loggers] /rosout http://ubuntu:41932/
[rosmaster.master][INFO] 2017-10-04 13:00:21,625: +SERVICE [/rosout/set_logger_level] /rosout http://ubuntu:41932/
[rosmaster.master][INFO] 2017-10-04 13:00:21,638: +PUB [/rosout_agg] /rosout http://ubuntu:41932/
[rosmaster.master][INFO] 2017-10-04 13:00:21,661: +SUB [/rosout] /rosout http://ubuntu:41932/
[rosmaster.master][INFO] 2017-10-04 13:00:21,745: +PUB [/rosout] /mask_orange http://ubuntu:42112/
[rosmaster.master][INFO] 2017-10-04 13:00:21,746: +SERVICE [/mask_orange/get_loggers] /mask_orange http://ubuntu:42112/
[rosmaster.master][INFO] 2017-10-04 13:00:21,747: +SERVICE [/mask_orange/set_logger_level] /mask_orange http://ubuntu:42112/
[rosmaster.master][INFO] 2017-10-04 13:00:21,772: publisherUpdate[/rosout] -> http://ubuntu:41932/ ['http://ubuntu:42112/']
[rosmaster.master][INFO] 2017-10-04 13:00:21,773: publisherUpdate[/rosout] -> http://ubuntu:41932/ ['http://ubuntu:42112/']: sec=0.00, result=[1, '', 0]
[rosmaster.master][INFO] 2017-10-04 13:00:21,784: +PUB [/rosout] /camera http://ubuntu:35202/
[rosmaster.master][INFO] 2017-10-04 13:00:21,785: +SERVICE [/camera/get_loggers] /camera http://ubuntu:35202/
[rosmaster.master][INFO] 2017-10-04 13:00:21,786: +SERVICE [/camera/set_logger_level] /camera http://ubuntu:35202/
[rosmaster.master][INFO] 2017-10-04 13:00:21,796: +PUB [/rosout] /view http://ubuntu:42573/
[rosmaster.master][INFO] 2017-10-04 13:00:21,797: +SERVICE [/view/get_loggers] /view http://ubuntu:42573/
[rosmaster.master][INFO] 2017-10-04 13:00:21,800: +SERVICE [/view/set_logger_level] /view http://ubuntu:42573/
[rosmaster.master][INFO] 2017-10-04 13:00:21,805: +SUB [/tf] /view http://ubuntu:42573/
[rosmaster.master][INFO] 2017-10-04 13:00:21,822: +SUB [/tf_static] /view http://ubuntu:42573/
[rosmaster.master][INFO] 2017-10-04 13:00:21,844: +SERVICE [/camera/set_camera_info] /camera http://ubuntu:35202/
[rosmaster.master][INFO] 2017-10-04 13:00:21,870: +PUB [/image/screenpoint] /view http://ubuntu:42573/
[rosmaster.master][INFO] 2017-10-04 13:00:21,871: +PUB [/image/screenpoint_array] /view http://ubuntu:42573/
[rosmaster.master][INFO] 2017-10-04 13:00:21,871: +PUB [/image/screenrectangle] /view http://ubuntu:42573/
[rosmaster.master][INFO] 2017-10-04 13:00:21,872: +PUB [/image/screenrectangle_image] /view http://ubuntu:42573/
[rosmaster.master][INFO] 2017-10-04 13:00:21,873: +PUB [/image/movepoint] /view http://ubuntu:42573/
[rosmaster.master][INFO] 2017-10-04 13:00:21,873: publisherUpdate[/rosout] -> http://ubuntu:41932/ ['http://ubuntu:42112/', 'http://ubuntu:35202/']
[rosmaster.master][INFO] 2017-10-04 13:00:21,873: publisherUpdate[/rosout] -> http://ubuntu:41932/ ['http://ubuntu:42112/', 'http://ubuntu:35202/']: sec=0.00, result=[1, '', 0]
[rosmaster.master][INFO] 2017-10-04 13:00:21,874: publisherUpdate[/rosout] -> http://ubuntu:41932/ ['http://ubuntu:42112/', 'http://ubuntu:35202/', 'http://ubuntu:42573/']
[rosmaster.master][INFO] 2017-10-04 13:00:21,874: publisherUpdate[/rosout] -> http://ubuntu:41932/ ['http://ubuntu:42112/', 'http://ubuntu:35202/', 'http://ubuntu:42573/']: sec=0.00, result=[1, '', 0]
[rosmaster.master][INFO] 2017-10-04 13:00:21,875: +PUB [/image/foreground] /view http://ubuntu:42573/
[rosmaster.master][INFO] 2017-10-04 13:00:21,876: +PUB [/image/background] /view http://ubuntu:42573/
[rosmaster.master][INFO] 2017-10-04 13:00:21,879: +PUB [/image/foreground_rect] /view http://ubuntu:42573/
[rosmaster.master][INFO] 2017-10-04 13:00:21,879: +PUB [/image/background_rect] /view http://ubuntu:42573/
[rosmaster.master][INFO] 2017-10-04 13:00:21,882: +PUB [/image/line] /view http://ubuntu:42573/
[rosmaster.master][INFO] 2017-10-04 13:00:21,883: +PUB [/image/poly] /view http://ubuntu:42573/
[rosmaster.master][INFO] 2017-10-04 13:00:21,888: +SUB [/camera/image_raw] /mask_orange http://ubuntu:42112/
[rosmaster.master][INFO] 2017-10-04 13:00:21,948: +PUB [/image/compressedDepth] /mask_orange http://ubuntu:42112/
[rosmaster.master][INFO] 2017-10-04 13:00:21,951: +SERVICE [/image/compressedDepth/set_parameters] /mask_orange http://ubuntu:42112/
[rosmaster.master][INFO] 2017-10-04 13:00:21,952: +PUB [/image/compressedDepth/parameter_descriptions] /mask_orange http://ubuntu:42112/
[rosmaster.master][INFO] 2017-10-04 13:00:21,953: +PUB [/image/compressedDepth/parameter_updates] /mask_orange http://ubuntu:42112/
[rosmaster.master][INFO] 2017-10-04 13:00:21,955: +PARAM [/image/compressedDepth/depth_max] by /mask_orange
[rosmaster.master][INFO] 2017-10-04 13:00:21,958: +PARAM [/image/compressedDepth/depth_quantization] by /mask_orange
[rosmaster.master][INFO] 2017-10-04 13:00:21,959: +PARAM [/image/compressedDepth/png_level] by /mask_orange
[rosmaster.master][INFO] 2017-10-04 13:00:21,959: +PARAM [/image/compressedDepth/depth_max] by /mask_orange
[rosmaster.master][INFO] 2017-10-04 13:00:21,961: +PARAM [/image/compressedDepth/depth_quantization] by /mask_orange
[rosmaster.master][INFO] 2017-10-04 13:00:21,963: +PARAM [/image/compressedDepth/png_level] by /mask_orange
[rosmaster.master][INFO] 2017-10-04 13:00:21,969: +PUB [/image_marked/compressedDepth] /view http://ubuntu:42573/
[rosmaster.master][INFO] 2017-10-04 13:00:21,970: +SERVICE [/image_marked/compressedDepth/set_parameters] /view http://ubuntu:42573/
[rosmaster.master][INFO] 2017-10-04 13:00:21,971: +PUB [/image_marked/compressedDepth/parameter_descriptions] /view http://ubuntu:42573/
[rosmaster.master][INFO] 2017-10-04 13:00:21,973: +PUB [/image_marked/compressedDepth/parameter_updates] /view http://ubuntu:42573/
[rosmaster.master][INFO] 2017-10-04 13:00:21,978: +PARAM [/image_marked/compressedDepth/depth_max] by /view
[rosmaster.master][INFO] 2017-10-04 13:00:21,979: +PARAM [/image_marked/compressedDepth/depth_quantization] by /view
[rosmaster.master][INFO] 2017-10-04 13:00:21,981: +PARAM [/image_marked/compressedDepth/png_level] by /view
[rosmaster.master][INFO] 2017-10-04 13:00:21,983: +PARAM [/image_marked/compressedDepth/depth_max] by /view
[rosmaster.master][INFO] 2017-10-04 13:00:21,985: +PARAM [/image_marked/compressedDepth/depth_quantization] by /view
[rosmaster.master][INFO] 2017-10-04 13:00:21,986: +PARAM [/image_marked/compressedDepth/png_level] by /view
[rosmaster.master][INFO] 2017-10-04 13:00:22,027: +PUB [/image/compressed] /mask_orange http://ubuntu:42112/
[rosmaster.master][INFO] 2017-10-04 13:00:22,029: +SERVICE [/image/compressed/set_parameters] /mask_orange http://ubuntu:42112/
[rosmaster.master][INFO] 2017-10-04 13:00:22,029: +PUB [/image/compressed/parameter_descriptions] /mask_orange http://ubuntu:42112/
[rosmaster.master][INFO] 2017-10-04 13:00:22,030: +PUB [/image/compressed/parameter_updates] /mask_orange http://ubuntu:42112/
[rosmaster.master][INFO] 2017-10-04 13:00:22,033: +PARAM [/image/compressed/format] by /mask_orange
[rosmaster.master][INFO] 2017-10-04 13:00:22,035: +PARAM [/image/compressed/jpeg_quality] by /mask_orange
[rosmaster.master][INFO] 2017-10-04 13:00:22,036: +PARAM [/image/compressed/png_level] by /mask_orange
[rosmaster.master][INFO] 2017-10-04 13:00:22,039: +PARAM [/image/compressed/format] by /mask_orange
[rosmaster.master][INFO] 2017-10-04 13:00:22,040: +PARAM [/image/compressed/jpeg_quality] by /mask_orange
[rosmaster.master][INFO] 2017-10-04 13:00:22,041: +PARAM [/image/compressed/png_level] by /mask_orange
[rosmaster.master][INFO] 2017-10-04 13:00:22,050: +PUB [/image_marked/compressed] /view http://ubuntu:42573/
[rosmaster.master][INFO] 2017-10-04 13:00:22,051: +SERVICE [/image_marked/compressed/set_parameters] /view http://ubuntu:42573/
[rosmaster.master][INFO] 2017-10-04 13:00:22,052: +PUB [/image_marked/compressed/parameter_descriptions] /view http://ubuntu:42573/
[rosmaster.master][INFO] 2017-10-04 13:00:22,053: +PUB [/image_marked/compressed/parameter_updates] /view http://ubuntu:42573/
[rosmaster.master][INFO] 2017-10-04 13:00:22,056: +PARAM [/image_marked/compressed/format] by /view
[rosmaster.master][INFO] 2017-10-04 13:00:22,060: +PARAM [/image_marked/compressed/jpeg_quality] by /view
[rosmaster.master][INFO] 2017-10-04 13:00:22,061: +PARAM [/image_marked/compressed/png_level] by /view
[rosmaster.master][INFO] 2017-10-04 13:00:22,062: +PARAM [/image_marked/compressed/format] by /view
[rosmaster.master][INFO] 2017-10-04 13:00:22,068: +PARAM [/image_marked/compressed/jpeg_quality] by /view
[rosmaster.master][INFO] 2017-10-04 13:00:22,071: +PARAM [/image_marked/compressed/png_level] by /view
[rosmaster.master][INFO] 2017-10-04 13:00:22,126: +PUB [/image] /mask_orange http://ubuntu:42112/
[rosmaster.master][INFO] 2017-10-04 13:00:22,152: +PUB [/camera/image_raw/compressedDepth] /camera http://ubuntu:35202/
[rosmaster.master][INFO] 2017-10-04 13:00:22,156: +SERVICE [/camera/image_raw/compressedDepth/set_parameters] /camera http://ubuntu:35202/
[rosmaster.master][INFO] 2017-10-04 13:00:22,157: +PUB [/camera/image_raw/compressedDepth/parameter_descriptions] /camera http://ubuntu:35202/
[rosmaster.master][INFO] 2017-10-04 13:00:22,158: +PUB [/camera/image_raw/compressedDepth/parameter_updates] /camera http://ubuntu:35202/
[rosmaster.master][INFO] 2017-10-04 13:00:22,162: +PUB [/image_marked] /view http://ubuntu:42573/
[rosmaster.master][INFO] 2017-10-04 13:00:22,163: +PARAM [/camera/image_raw/compressedDepth/depth_max] by /camera
[rosmaster.master][INFO] 2017-10-04 13:00:22,170: +PARAM [/camera/image_raw/compressedDepth/depth_quantization] by /camera
[rosmaster.master][INFO] 2017-10-04 13:00:22,171: +PARAM [/camera/image_raw/compressedDepth/png_level] by /camera
[rosmaster.master][INFO] 2017-10-04 13:00:22,172: +PARAM [/camera/image_raw/compressedDepth/depth_max] by /camera
[rosmaster.master][INFO] 2017-10-04 13:00:22,176: +PARAM [/camera/image_raw/compressedDepth/depth_quantization] by /camera
[rosmaster.master][INFO] 2017-10-04 13:00:22,179: +PARAM [/camera/image_raw/compressedDepth/png_level] by /camera
[rosmaster.master][INFO] 2017-10-04 13:00:22,227: +PUB [/image/theora] /mask_orange http://ubuntu:42112/
[rosmaster.master][INFO] 2017-10-04 13:00:22,228: +SERVICE [/image/theora/set_parameters] /mask_orange http://ubuntu:42112/
[rosmaster.master][INFO] 2017-10-04 13:00:22,229: +PUB [/image/theora/parameter_descriptions] /mask_orange http://ubuntu:42112/
[rosmaster.master][INFO] 2017-10-04 13:00:22,230: +PUB [/image/theora/parameter_updates] /mask_orange http://ubuntu:42112/
[rosmaster.master][INFO] 2017-10-04 13:00:22,233: +PARAM [/image/theora/optimize_for] by /mask_orange
[rosmaster.master][INFO] 2017-10-04 13:00:22,236: +PARAM [/image/theora/target_bitrate] by /mask_orange
[rosmaster.master][INFO] 2017-10-04 13:00:22,237: +PARAM [/image/theora/quality] by /mask_orange
[rosmaster.master][INFO] 2017-10-04 13:00:22,239: +PARAM [/image/theora/keyframe_frequency] by /mask_orange
[rosmaster.master][INFO] 2017-10-04 13:00:22,244: +PARAM [/image/theora/optimize_for] by /mask_orange
[rosmaster.master][INFO] 2017-10-04 13:00:22,249: +PARAM [/image/theora/target_bitrate] by /mask_orange
[rosmaster.master][INFO] 2017-10-04 13:00:22,249: +PARAM [/image/theora/quality] by /mask_orange
[rosmaster.master][INFO] 2017-10-04 13:00:22,250: +PARAM [/image/theora/keyframe_frequency] by /mask_orange
[rosmaster.master][INFO] 2017-10-04 13:00:22,258: +PUB [/camera/image_raw/compressed] /camera http://ubuntu:35202/
[rosmaster.master][INFO] 2017-10-04 13:00:22,259: +SERVICE [/camera/image_raw/compressed/set_parameters] /camera http://ubuntu:35202/
[rosmaster.master][INFO] 2017-10-04 13:00:22,260: +PUB [/camera/image_raw/compressed/parameter_descriptions] /camera http://ubuntu:35202/
[rosmaster.master][INFO] 2017-10-04 13:00:22,261: +PUB [/image_marked/theora] /view http://ubuntu:42573/
[rosmaster.master][INFO] 2017-10-04 13:00:22,262: +SERVICE [/image_marked/theora/set_parameters] /view http://ubuntu:42573/
[rosmaster.master][INFO] 2017-10-04 13:00:22,262: +PUB [/camera/image_raw/compressed/parameter_updates] /camera http://ubuntu:35202/
[rosmaster.master][INFO] 2017-10-04 13:00:22,263: +PUB [/image_marked/theora/parameter_descriptions] /view http://ubuntu:42573/
[rosmaster.master][INFO] 2017-10-04 13:00:22,265: +PUB [/image_marked/theora/parameter_updates] /view http://ubuntu:42573/
[rosmaster.master][INFO] 2017-10-04 13:00:22,266: +PARAM [/camera/image_raw/compressed/format] by /camera
[rosmaster.master][INFO] 2017-10-04 13:00:22,267: +PARAM [/camera/image_raw/compressed/jpeg_quality] by /camera
[rosmaster.master][INFO] 2017-10-04 13:00:22,269: +PARAM [/camera/image_raw/compressed/png_level] by /camera
[rosmaster.master][INFO] 2017-10-04 13:00:22,270: +PARAM [/camera/image_raw/compressed/format] by /camera
[rosmaster.master][INFO] 2017-10-04 13:00:22,270: +PARAM [/image_marked/theora/optimize_for] by /view
[rosmaster.master][INFO] 2017-10-04 13:00:22,271: +PARAM [/camera/image_raw/compressed/jpeg_quality] by /camera
[rosmaster.master][INFO] 2017-10-04 13:00:22,272: +PARAM [/image_marked/theora/target_bitrate] by /view
[rosmaster.master][INFO] 2017-10-04 13:00:22,273: +PARAM [/camera/image_raw/compressed/png_level] by /camera
[rosmaster.master][INFO] 2017-10-04 13:00:22,276: +PARAM [/image_marked/theora/quality] by /view
[rosmaster.master][INFO] 2017-10-04 13:00:22,280: +PARAM [/image_marked/theora/keyframe_frequency] by /view
[rosmaster.master][INFO] 2017-10-04 13:00:22,280: +PARAM [/image_marked/theora/optimize_for] by /view
[rosmaster.master][INFO] 2017-10-04 13:00:22,281: +PARAM [/image_marked/theora/target_bitrate] by /view
[rosmaster.master][INFO] 2017-10-04 13:00:22,284: +PARAM [/image_marked/theora/quality] by /view
[rosmaster.master][INFO] 2017-10-04 13:00:22,284: +PARAM [/image_marked/theora/keyframe_frequency] by /view
[rosmaster.master][INFO] 2017-10-04 13:00:22,334: +PUB [/camera/image_raw] /camera http://ubuntu:35202/
[rosmaster.master][INFO] 2017-10-04 13:00:22,342: +PUB [/image/marked/compressedDepth] /view http://ubuntu:42573/
[rosmaster.master][INFO] 2017-10-04 13:00:22,343: +SERVICE [/image/marked/compressedDepth/set_parameters] /view http://ubuntu:42573/
[rosmaster.master][INFO] 2017-10-04 13:00:22,343: +PUB [/image/marked/compressedDepth/parameter_descriptions] /view http://ubuntu:42573/
[rosmaster.master][INFO] 2017-10-04 13:00:22,344: +PUB [/image/marked/compressedDepth/parameter_updates] /view http://ubuntu:42573/
[rosmaster.master][INFO] 2017-10-04 13:00:22,346: +PARAM [/image/marked/compressedDepth/depth_max] by /view
[rosmaster.master][INFO] 2017-10-04 13:00:22,347: +PARAM [/image/marked/compressedDepth/depth_quantization] by /view
[rosmaster.master][INFO] 2017-10-04 13:00:22,348: +PARAM [/image/marked/compressedDepth/png_level] by /view
[rosmaster.master][INFO] 2017-10-04 13:00:22,349: +PARAM [/image/marked/compressedDepth/depth_max] by /view
[rosmaster.master][INFO] 2017-10-04 13:00:22,352: +PARAM [/image/marked/compressedDepth/depth_quantization] by /view
[rosmaster.master][INFO] 2017-10-04 13:00:22,353: +PARAM [/image/marked/compressedDepth/png_level] by /view
[rosmaster.master][INFO] 2017-10-04 13:00:22,376: publisherUpdate[/camera/image_raw] -> http://ubuntu:42112/ ['http://ubuntu:35202/']
[rosmaster.master][INFO] 2017-10-04 13:00:22,377: publisherUpdate[/camera/image_raw] -> http://ubuntu:42112/ ['http://ubuntu:35202/']: sec=0.00, result=[1, '', 0]
[rosmaster.master][INFO] 2017-10-04 13:00:22,398: +PUB [/camera/image_raw/theora] /camera http://ubuntu:35202/
[rosmaster.master][INFO] 2017-10-04 13:00:22,399: +SERVICE [/camera/image_raw/theora/set_parameters] /camera http://ubuntu:35202/
[rosmaster.master][INFO] 2017-10-04 13:00:22,400: +PUB [/camera/image_raw/theora/parameter_descriptions] /camera http://ubuntu:35202/
[rosmaster.master][INFO] 2017-10-04 13:00:22,401: +PUB [/camera/image_raw/theora/parameter_updates] /camera http://ubuntu:35202/
[rosmaster.master][INFO] 2017-10-04 13:00:22,405: +PARAM [/camera/image_raw/theora/optimize_for] by /camera
[rosmaster.master][INFO] 2017-10-04 13:00:22,406: +PARAM [/camera/image_raw/theora/target_bitrate] by /camera
[rosmaster.master][INFO] 2017-10-04 13:00:22,408: +PARAM [/camera/image_raw/theora/quality] by /camera
[rosmaster.master][INFO] 2017-10-04 13:00:22,409: +PARAM [/camera/image_raw/theora/keyframe_frequency] by /camera
[rosmaster.master][INFO] 2017-10-04 13:00:22,411: +PARAM [/camera/image_raw/theora/optimize_for] by /camera
[rosmaster.master][INFO] 2017-10-04 13:00:22,412: +PUB [/image/marked/compressed] /view http://ubuntu:42573/
[rosmaster.master][INFO] 2017-10-04 13:00:22,413: +PARAM [/camera/image_raw/theora/target_bitrate] by /camera
[rosmaster.master][INFO] 2017-10-04 13:00:22,414: +SERVICE [/image/marked/compressed/set_parameters] /view http://ubuntu:42573/
[rosmaster.master][INFO] 2017-10-04 13:00:22,414: +PARAM [/camera/image_raw/theora/quality] by /camera
[rosmaster.master][INFO] 2017-10-04 13:00:22,415: +PUB [/image/marked/compressed/parameter_descriptions] /view http://ubuntu:42573/
[rosmaster.master][INFO] 2017-10-04 13:00:22,416: +PARAM [/camera/image_raw/theora/keyframe_frequency] by /camera
[rosmaster.master][INFO] 2017-10-04 13:00:22,417: +PUB [/image/marked/compressed/parameter_updates] /view http://ubuntu:42573/
[rosmaster.master][INFO] 2017-10-04 13:00:22,417: +PUB [/camera/camera_info] /camera http://ubuntu:35202/
[rosmaster.master][INFO] 2017-10-04 13:00:22,421: +PARAM [/image/marked/compressed/format] by /view
[rosmaster.master][INFO] 2017-10-04 13:00:22,422: +PARAM [/image/marked/compressed/jpeg_quality] by /view
[rosmaster.master][INFO] 2017-10-04 13:00:22,423: +PARAM [/image/marked/compressed/png_level] by /view
[rosmaster.master][INFO] 2017-10-04 13:00:22,425: +PARAM [/image/marked/compressed/format] by /view
[rosmaster.master][INFO] 2017-10-04 13:00:22,429: +PARAM [/image/marked/compressed/jpeg_quality] by /view
[rosmaster.master][INFO] 2017-10-04 13:00:22,430: +PARAM [/image/marked/compressed/png_level] by /view
[rosmaster.master][INFO] 2017-10-04 13:00:22,466: +PUB [/image/marked] /view http://ubuntu:42573/
[rosmaster.master][INFO] 2017-10-04 13:00:22,494: +PUB [/image/marked/theora] /view http://ubuntu:42573/
[rosmaster.master][INFO] 2017-10-04 13:00:22,494: +SERVICE [/image/marked/theora/set_parameters] /view http://ubuntu:42573/
[rosmaster.master][INFO] 2017-10-04 13:00:22,495: +PUB [/image/marked/theora/parameter_descriptions] /view http://ubuntu:42573/
[rosmaster.master][INFO] 2017-10-04 13:00:22,496: +PUB [/image/marked/theora/parameter_updates] /view http://ubuntu:42573/
[rosmaster.master][INFO] 2017-10-04 13:00:22,499: +PARAM [/image/marked/theora/optimize_for] by /view
[rosmaster.master][INFO] 2017-10-04 13:00:22,500: +PARAM [/image/marked/theora/target_bitrate] by /view
[rosmaster.master][INFO] 2017-10-04 13:00:22,501: +PARAM [/image/marked/theora/quality] by /view
[rosmaster.master][INFO] 2017-10-04 13:00:22,501: +PARAM [/image/marked/theora/keyframe_frequency] by /view
[rosmaster.master][INFO] 2017-10-04 13:00:22,502: +PARAM [/image/marked/theora/optimize_for] by /view
[rosmaster.master][INFO] 2017-10-04 13:00:22,503: +PARAM [/image/marked/theora/target_bitrate] by /view
[rosmaster.master][INFO] 2017-10-04 13:00:22,505: +PARAM [/image/marked/theora/quality] by /view
[rosmaster.master][INFO] 2017-10-04 13:00:22,506: +PARAM [/image/marked/theora/keyframe_frequency] by /view
[rosmaster.master][INFO] 2017-10-04 13:00:22,545: +SUB [/image] /view http://ubuntu:42573/
[rosmaster.master][INFO] 2017-10-04 13:00:22,549: +SUB [/camera_info] /view http://ubuntu:42573/
[rosmaster.master][INFO] 2017-10-04 13:00:22,552: +SUB [/image_marker] /view http://ubuntu:42573/
[rosmaster.master][INFO] 2017-10-04 13:00:22,555: +SUB [/image/event] /view http://ubuntu:42573/
[rosmaster.master][INFO] 2017-10-04 13:00:22,556: +SERVICE [/view/change_mode] /view http://ubuntu:42573/
[rosmaster.master][INFO] 2017-10-04 13:00:22,557: +SERVICE [/view/rectangle_mode] /view http://ubuntu:42573/
[rosmaster.master][INFO] 2017-10-04 13:00:22,558: +SERVICE [/view/grabcut_mode] /view http://ubuntu:42573/
[rosmaster.master][INFO] 2017-10-04 13:00:22,558: +SERVICE [/view/grabcut_rect_mode] /view http://ubuntu:42573/
[rosmaster.master][INFO] 2017-10-04 13:00:22,559: +SERVICE [/view/line_mode] /view http://ubuntu:42573/
[rosmaster.master][INFO] 2017-10-04 13:00:22,560: +SERVICE [/view/poly_mode] /view http://ubuntu:42573/
[rosmaster.master][INFO] 2017-10-04 13:00:22,561: +SERVICE [/view/none_mode] /view http://ubuntu:42573/
[rosmaster.master][INFO] 2017-10-04 13:00:22,562: +SERVICE [/view/set_parameters] /view http://ubuntu:42573/
[rosmaster.master][INFO] 2017-10-04 13:00:22,562: +PUB [/view/parameter_descriptions] /view http://ubuntu:42573/
[rosmaster.master][INFO] 2017-10-04 13:00:22,563: +PUB [/view/parameter_updates] /view http://ubuntu:42573/
[rosmaster.master][INFO] 2017-10-04 13:00:22,568: +PARAM [/view/grid] by /view
[rosmaster.master][INFO] 2017-10-04 13:00:22,569: +PARAM [/view/fisheye_mode] by /view
[rosmaster.master][INFO] 2017-10-04 13:00:22,570: +PARAM [/view/div_u] by /view
[rosmaster.master][INFO] 2017-10-04 13:00:22,570: +PARAM [/view/div_v] by /view
[rosmaster.master][INFO] 2017-10-04 13:00:22,571: +PARAM [/view/grid_red] by /view
[rosmaster.master][INFO] 2017-10-04 13:00:22,572: +PARAM [/view/grid_green] by /view
[rosmaster.master][INFO] 2017-10-04 13:00:22,573: +PARAM [/view/grid_blue] by /view
[rosmaster.master][INFO] 2017-10-04 13:00:22,573: +PARAM [/view/grid_thickness] by /view
[rosmaster.master][INFO] 2017-10-04 13:00:22,574: +PARAM [/view/grid_space] by /view
[rosmaster.master][INFO] 2017-10-04 13:00:22,575: +PARAM [/view/grid] by /view
[rosmaster.master][INFO] 2017-10-04 13:00:22,575: +PARAM [/view/fisheye_mode] by /view
[rosmaster.master][INFO] 2017-10-04 13:00:22,576: +PARAM [/view/div_u] by /view
[rosmaster.master][INFO] 2017-10-04 13:00:22,577: +PARAM [/view/div_v] by /view
[rosmaster.master][INFO] 2017-10-04 13:00:22,577: +PARAM [/view/grid_red] by /view
[rosmaster.master][INFO] 2017-10-04 13:00:22,578: +PARAM [/view/grid_green] by /view
[rosmaster.master][INFO] 2017-10-04 13:00:22,579: +PARAM [/view/grid_blue] by /view
[rosmaster.master][INFO] 2017-10-04 13:00:22,579: +PARAM [/view/grid_thickness] by /view
[rosmaster.master][INFO] 2017-10-04 13:00:22,580: +PARAM [/view/grid_space] by /view
[rosmaster.master][INFO] 2017-10-04 13:01:13,468: -PUB [/rosout] /mask_orange http://ubuntu:42112/
[rosmaster.master][INFO] 2017-10-04 13:01:13,469: -PUB [/image/compressedDepth] /mask_orange http://ubuntu:42112/
[rosmaster.master][INFO] 2017-10-04 13:01:13,470: -PUB [/image/compressedDepth/parameter_descriptions] /mask_orange http://ubuntu:42112/
[rosmaster.master][INFO] 2017-10-04 13:01:13,472: -PUB [/image/compressedDepth/parameter_updates] /mask_orange http://ubuntu:42112/
[rosmaster.master][INFO] 2017-10-04 13:01:13,478: -PUB [/image/compressed] /mask_orange http://ubuntu:42112/
[rosmaster.master][INFO] 2017-10-04 13:01:13,479: -PUB [/image/compressed/parameter_descriptions] /mask_orange http://ubuntu:42112/
[rosmaster.master][INFO] 2017-10-04 13:01:13,480: -PUB [/image/compressed/parameter_updates] /mask_orange http://ubuntu:42112/
[rosmaster.master][INFO] 2017-10-04 13:01:13,484: -PUB [/image] /mask_orange http://ubuntu:42112/
[rosmaster.master][INFO] 2017-10-04 13:01:13,487: publisherUpdate[/rosout] -> http://ubuntu:41932/ ['http://ubuntu:35202/', 'http://ubuntu:42573/']
[rosmaster.master][INFO] 2017-10-04 13:01:13,488: publisherUpdate[/image] -> http://ubuntu:42573/ []
[rosmaster.master][INFO] 2017-10-04 13:01:13,496: publisherUpdate[/rosout] -> http://ubuntu:41932/ ['http://ubuntu:35202/', 'http://ubuntu:42573/']: sec=0.01, result=[1, '', 0]
[rosmaster.master][INFO] 2017-10-04 13:01:13,501: -PUB [/image/theora] /mask_orange http://ubuntu:42112/
[rosmaster.master][INFO] 2017-10-04 13:01:13,502: publisherUpdate[/image] -> http://ubuntu:42573/ []: sec=0.01, result=[0, 'Unknown Error', 0]
[rosmaster.master][INFO] 2017-10-04 13:01:13,504: -PUB [/image/theora/parameter_descriptions] /mask_orange http://ubuntu:42112/
[rosmaster.master][INFO] 2017-10-04 13:01:13,508: -PUB [/image/theora/parameter_updates] /mask_orange http://ubuntu:42112/
[rosmaster.master][INFO] 2017-10-04 13:01:13,513: -SUB [/camera/image_raw] /mask_orange http://ubuntu:42112/
[rosmaster.master][INFO] 2017-10-04 13:01:13,515: -SERVICE [/mask_orange/get_loggers] /mask_orange rosrpc://ubuntu:40374
[rosmaster.master][INFO] 2017-10-04 13:01:13,516: -SERVICE [/mask_orange/set_logger_level] /mask_orange rosrpc://ubuntu:40374
[rosmaster.master][INFO] 2017-10-04 13:01:13,516: -SERVICE [/image/compressedDepth/set_parameters] /mask_orange rosrpc://ubuntu:40374
[rosmaster.master][INFO] 2017-10-04 13:01:13,520: -SERVICE [/image/compressed/set_parameters] /mask_orange rosrpc://ubuntu:40374
[rosmaster.master][INFO] 2017-10-04 13:01:13,525: -SERVICE [/image/theora/set_parameters] /mask_orange rosrpc://ubuntu:40374
[rosmaster.master][INFO] 2017-10-04 13:01:13,540: -PUB [/rosout] /camera http://ubuntu:35202/
[rosmaster.master][INFO] 2017-10-04 13:01:13,541: -PUB [/camera/image_raw/compressedDepth] /camera http://ubuntu:35202/
[rosmaster.master][INFO] 2017-10-04 13:01:13,542: -PUB [/camera/image_raw/compressedDepth/parameter_descriptions] /camera http://ubuntu:35202/
[rosmaster.master][INFO] 2017-10-04 13:01:13,542: -PUB [/camera/image_raw/compressedDepth/parameter_updates] /camera http://ubuntu:35202/
[rosmaster.master][INFO] 2017-10-04 13:01:13,543: -PUB [/camera/image_raw/compressed] /camera http://ubuntu:35202/
[rosmaster.master][INFO] 2017-10-04 13:01:13,544: -PUB [/camera/image_raw/compressed/parameter_descriptions] /camera http://ubuntu:35202/
[rosmaster.master][INFO] 2017-10-04 13:01:13,550: -PUB [/camera/image_raw/compressed/parameter_updates] /camera http://ubuntu:35202/
[rosmaster.master][INFO] 2017-10-04 13:01:13,552: -PUB [/camera/image_raw] /camera http://ubuntu:35202/
[rosmaster.master][INFO] 2017-10-04 13:01:13,554: -PUB [/camera/image_raw/theora] /camera http://ubuntu:35202/
[rosmaster.master][INFO] 2017-10-04 13:01:13,557: -PUB [/camera/image_raw/theora/parameter_descriptions] /camera http://ubuntu:35202/
[rosmaster.master][INFO] 2017-10-04 13:01:13,560: -PUB [/camera/image_raw/theora/parameter_updates] /camera http://ubuntu:35202/
[rosmaster.master][INFO] 2017-10-04 13:01:13,565: -PUB [/camera/camera_info] /camera http://ubuntu:35202/
[rosmaster.master][INFO] 2017-10-04 13:01:13,570: -SERVICE [/camera/get_loggers] /camera rosrpc://ubuntu:49683
[rosmaster.master][INFO] 2017-10-04 13:01:13,581: -SERVICE [/camera/set_logger_level] /camera rosrpc://ubuntu:49683
[rosmaster.master][INFO] 2017-10-04 13:01:13,590: -SERVICE [/camera/set_camera_info] /camera rosrpc://ubuntu:49683
[rosmaster.master][INFO] 2017-10-04 13:01:13,595: -SERVICE [/camera/image_raw/compressedDepth/set_parameters] /camera rosrpc://ubuntu:49683
[rosmaster.master][INFO] 2017-10-04 13:01:13,599: publisherUpdate[/rosout] -> http://ubuntu:41932/ ['http://ubuntu:42573/']
[rosmaster.master][INFO] 2017-10-04 13:01:13,600: publisherUpdate[/rosout] -> http://ubuntu:41932/ ['http://ubuntu:42573/']: sec=0.00, result=[1, '', 0]
[rosmaster.master][INFO] 2017-10-04 13:01:13,601: -SERVICE [/camera/image_raw/compressed/set_parameters] /camera rosrpc://ubuntu:49683
[rosmaster.master][INFO] 2017-10-04 13:01:13,605: -PUB [/rosout] /view http://ubuntu:42573/
[rosmaster.master][INFO] 2017-10-04 13:01:13,606: -SERVICE [/camera/image_raw/theora/set_parameters] /camera rosrpc://ubuntu:49683
[rosmaster.master][INFO] 2017-10-04 13:01:13,612: -PUB [/image/screenpoint] /view http://ubuntu:42573/
[rosmaster.master][INFO] 2017-10-04 13:01:13,617: -PUB [/image/screenpoint_array] /view http://ubuntu:42573/
[rosmaster.master][INFO] 2017-10-04 13:01:13,620: -PUB [/image/screenrectangle] /view http://ubuntu:42573/
[rosmaster.master][INFO] 2017-10-04 13:01:13,629: -PUB [/image/screenrectangle_image] /view http://ubuntu:42573/
[rosmaster.master][INFO] 2017-10-04 13:01:13,634: -PUB [/image/movepoint] /view http://ubuntu:42573/
[rosmaster.master][INFO] 2017-10-04 13:01:13,635: -PUB [/image/foreground] /view http://ubuntu:42573/
[rosmaster.master][INFO] 2017-10-04 13:01:13,636: -PUB [/image/background] /view http://ubuntu:42573/
[rosmaster.master][INFO] 2017-10-04 13:01:13,637: -PUB [/image/foreground_rect] /view http://ubuntu:42573/
[rosmaster.master][INFO] 2017-10-04 13:01:13,639: -PUB [/image/background_rect] /view http://ubuntu:42573/
[rosmaster.master][INFO] 2017-10-04 13:01:13,646: -PUB [/image/line] /view http://ubuntu:42573/
[rosmaster.master][INFO] 2017-10-04 13:01:13,650: -PUB [/image/poly] /view http://ubuntu:42573/
[rosmaster.master][INFO] 2017-10-04 13:01:13,658: -PUB [/image_marked/compressedDepth] /view http://ubuntu:42573/
[rosmaster.master][INFO] 2017-10-04 13:01:13,662: -PUB [/image_marked/compressedDepth/parameter_descriptions] /view http://ubuntu:42573/
[rosmaster.master][INFO] 2017-10-04 13:01:13,668: -PUB [/image_marked/compressedDepth/parameter_updates] /view http://ubuntu:42573/
[rosmaster.master][INFO] 2017-10-04 13:01:13,678: -PUB [/image_marked/compressed] /view http://ubuntu:42573/
[rosmaster.master][INFO] 2017-10-04 13:01:13,683: -PUB [/image_marked/compressed/parameter_descriptions] /view http://ubuntu:42573/
[rosmaster.master][INFO] 2017-10-04 13:01:13,686: -PUB [/image_marked/compressed/parameter_updates] /view http://ubuntu:42573/
[rosmaster.master][INFO] 2017-10-04 13:01:13,689: -PUB [/image_marked] /view http://ubuntu:42573/
[rosmaster.master][INFO] 2017-10-04 13:01:13,692: -PUB [/image_marked/theora] /view http://ubuntu:42573/
[rosmaster.master][INFO] 2017-10-04 13:01:13,694: -PUB [/image_marked/theora/parameter_descriptions] /view http://ubuntu:42573/
[rosmaster.master][INFO] 2017-10-04 13:01:13,696: -PUB [/image_marked/theora/parameter_updates] /view http://ubuntu:42573/
[rosmaster.master][INFO] 2017-10-04 13:01:13,698: -PUB [/image/marked/compressedDepth] /view http://ubuntu:42573/
[rosmaster.master][INFO] 2017-10-04 13:01:13,700: publisherUpdate[/rosout] -> http://ubuntu:41932/ []
[rosmaster.master][INFO] 2017-10-04 13:01:13,702: publisherUpdate[/rosout] -> http://ubuntu:41932/ []: sec=0.00, result=[1, '', 0]
[rosmaster.master][INFO] 2017-10-04 13:01:13,705: -PUB [/image/marked/compressedDepth/parameter_descriptions] /view http://ubuntu:42573/
[rosmaster.master][INFO] 2017-10-04 13:01:13,706: -PUB [/image/marked/compressedDepth/parameter_updates] /view http://ubuntu:42573/
[rosmaster.master][INFO] 2017-10-04 13:01:13,707: -PUB [/image/marked/compressed] /view http://ubuntu:42573/
[rosmaster.master][INFO] 2017-10-04 13:01:13,709: -PUB [/image/marked/compressed/parameter_descriptions] /view http://ubuntu:42573/
[rosmaster.master][INFO] 2017-10-04 13:01:13,710: -PUB [/image/marked/compressed/parameter_updates] /view http://ubuntu:42573/
[rosmaster.master][INFO] 2017-10-04 13:01:13,712: -PUB [/image/marked] /view http://ubuntu:42573/
[rosmaster.master][INFO] 2017-10-04 13:01:13,716: -PUB [/image/marked/theora] /view http://ubuntu:42573/
[rosmaster.master][INFO] 2017-10-04 13:01:13,722: -PUB [/image/marked/theora/parameter_descriptions] /view http://ubuntu:42573/
[rosmaster.master][INFO] 2017-10-04 13:01:13,724: -PUB [/image/marked/theora/parameter_updates] /view http://ubuntu:42573/
[rosmaster.master][INFO] 2017-10-04 13:01:13,725: -PUB [/view/parameter_descriptions] /view http://ubuntu:42573/
[rosmaster.master][INFO] 2017-10-04 13:01:13,726: -PUB [/view/parameter_updates] /view http://ubuntu:42573/
[rosmaster.master][INFO] 2017-10-04 13:01:13,727: -SUB [/tf] /view http://ubuntu:42573/
[rosmaster.master][INFO] 2017-10-04 13:01:13,728: -SUB [/tf_static] /view http://ubuntu:42573/
[rosmaster.master][INFO] 2017-10-04 13:01:13,732: -SUB [/image] /view http://ubuntu:42573/
[rosmaster.master][INFO] 2017-10-04 13:01:13,733: -SUB [/camera_info] /view http://ubuntu:42573/
[rosmaster.master][INFO] 2017-10-04 13:01:13,733: -SUB [/image_marker] /view http://ubuntu:42573/
[rosmaster.master][INFO] 2017-10-04 13:01:13,735: -SUB [/image/event] /view http://ubuntu:42573/
[rosmaster.master][INFO] 2017-10-04 13:01:13,736: -SERVICE [/view/get_loggers] /view rosrpc://ubuntu:38795
[rosmaster.master][INFO] 2017-10-04 13:01:13,737: -SERVICE [/view/set_logger_level] /view rosrpc://ubuntu:38795
[rosmaster.master][INFO] 2017-10-04 13:01:13,739: -SERVICE [/image_marked/compressedDepth/set_parameters] /view rosrpc://ubuntu:38795
[rosmaster.master][INFO] 2017-10-04 13:01:13,740: -SERVICE [/image_marked/compressed/set_parameters] /view rosrpc://ubuntu:38795
[rosmaster.master][INFO] 2017-10-04 13:01:13,740: -SERVICE [/image_marked/theora/set_parameters] /view rosrpc://ubuntu:38795
[rosmaster.master][INFO] 2017-10-04 13:01:13,741: -SERVICE [/image/marked/compressedDepth/set_parameters] /view rosrpc://ubuntu:38795
[rosmaster.master][INFO] 2017-10-04 13:01:13,742: -SERVICE [/image/marked/compressed/set_parameters] /view rosrpc://ubuntu:38795
[rosmaster.master][INFO] 2017-10-04 13:01:13,744: -SERVICE [/image/marked/theora/set_parameters] /view rosrpc://ubuntu:38795
[rosmaster.master][INFO] 2017-10-04 13:01:13,745: -SERVICE [/view/change_mode] /view rosrpc://ubuntu:38795
[rosmaster.master][INFO] 2017-10-04 13:01:13,746: -SERVICE [/view/rectangle_mode] /view rosrpc://ubuntu:38795
[rosmaster.master][INFO] 2017-10-04 13:01:13,748: -SERVICE [/view/grabcut_mode] /view rosrpc://ubuntu:38795
[rosmaster.master][INFO] 2017-10-04 13:01:13,749: -SERVICE [/view/grabcut_rect_mode] /view rosrpc://ubuntu:38795
[rosmaster.master][INFO] 2017-10-04 13:01:13,750: -SERVICE [/view/line_mode] /view rosrpc://ubuntu:38795
[rosmaster.master][INFO] 2017-10-04 13:01:13,752: -SERVICE [/view/poly_mode] /view rosrpc://ubuntu:38795
[rosmaster.master][INFO] 2017-10-04 13:01:13,753: -SERVICE [/view/none_mode] /view rosrpc://ubuntu:38795
[rosmaster.master][INFO] 2017-10-04 13:01:13,754: -SERVICE [/view/set_parameters] /view rosrpc://ubuntu:38795
[rosmaster.master][INFO] 2017-10-04 13:01:14,104: -PUB [/rosout_agg] /rosout http://ubuntu:41932/
[rosmaster.master][INFO] 2017-10-04 13:01:14,104: -SUB [/rosout] /rosout http://ubuntu:41932/
[rosmaster.master][INFO] 2017-10-04 13:01:14,105: -SERVICE [/rosout/get_loggers] /rosout rosrpc://ubuntu:55869
[rosmaster.master][INFO] 2017-10-04 13:01:14,106: -SERVICE [/rosout/set_logger_level] /rosout rosrpc://ubuntu:55869
[rosmaster.main][INFO] 2017-10-04 13:01:14,136: keyboard interrupt, will exit
[rosmaster.main][INFO] 2017-10-04 13:01:14,136: stopping master...
[rospy.core][INFO] 2017-10-04 13:01:14,137: signal_shutdown [atexit]
