[rosmaster.main][INFO] 2017-10-04 12:52:01,728: initialization complete, waiting for shutdown
[rosmaster.main][INFO] 2017-10-04 12:52:01,728: Starting ROS Master Node
[xmlrpc][INFO] 2017-10-04 12:52:01,729: XML-RPC server binding to 0.0.0.0:11311
[rosmaster.master][INFO] 2017-10-04 12:52:01,729: Master initialized: port[11311], uri[http://ubuntu:11311/]
[xmlrpc][INFO] 2017-10-04 12:52:01,729: Started XML-RPC server [http://ubuntu:11311/]
[xmlrpc][INFO] 2017-10-04 12:52:01,729: xml rpc node: starting XML-RPC server
[rosmaster.master][INFO] 2017-10-04 12:52:01,747: +PARAM [/run_id] by /roslaunch
[rosmaster.master][INFO] 2017-10-04 12:52:01,749: +PARAM [/roslaunch/uris/host_ubuntu__42856] by /roslaunch
[rosmaster.master][INFO] 2017-10-04 12:52:01,825: +PARAM [/rosversion] by /roslaunch
[rosmaster.master][INFO] 2017-10-04 12:52:01,825: +PARAM [/rosdistro] by /roslaunch
[rosmaster.master][INFO] 2017-10-04 12:52:01,825: +PARAM [/camera/device_id] by /roslaunch
[rosmaster.master][INFO] 2017-10-04 12:52:01,866: +SERVICE [/rosout/get_loggers] /rosout http://ubuntu:46675/
[rosmaster.master][INFO] 2017-10-04 12:52:01,868: +SERVICE [/rosout/set_logger_level] /rosout http://ubuntu:46675/
[rosmaster.master][INFO] 2017-10-04 12:52:01,873: +PUB [/rosout_agg] /rosout http://ubuntu:46675/
[rosmaster.master][INFO] 2017-10-04 12:52:01,909: +SUB [/rosout] /rosout http://ubuntu:46675/
[rosmaster.master][INFO] 2017-10-04 12:52:02,014: +PUB [/rosout] /mask_orange http://ubuntu:39173/
[rosmaster.master][INFO] 2017-10-04 12:52:02,015: +SERVICE [/mask_orange/get_loggers] /mask_orange http://ubuntu:39173/
[rosmaster.master][INFO] 2017-10-04 12:52:02,021: +SERVICE [/mask_orange/set_logger_level] /mask_orange http://ubuntu:39173/
[rosmaster.master][INFO] 2017-10-04 12:52:02,030: publisherUpdate[/rosout] -> http://ubuntu:46675/ ['http://ubuntu:39173/']
[rosmaster.master][INFO] 2017-10-04 12:52:02,031: publisherUpdate[/rosout] -> http://ubuntu:46675/ ['http://ubuntu:39173/']: sec=0.00, result=[1, '', 0]
[rosmaster.master][INFO] 2017-10-04 12:52:02,106: +PUB [/rosout] /camera http://ubuntu:42549/
[rosmaster.master][INFO] 2017-10-04 12:52:02,107: +PUB [/rosout] /view http://ubuntu:35856/
[rosmaster.master][INFO] 2017-10-04 12:52:02,108: +SERVICE [/view/get_loggers] /view http://ubuntu:35856/
[rosmaster.master][INFO] 2017-10-04 12:52:02,110: +SERVICE [/camera/get_loggers] /camera http://ubuntu:42549/
[rosmaster.master][INFO] 2017-10-04 12:52:02,111: +SERVICE [/view/set_logger_level] /view http://ubuntu:35856/
[rosmaster.master][INFO] 2017-10-04 12:52:02,113: +SERVICE [/camera/set_logger_level] /camera http://ubuntu:42549/
[rosmaster.master][INFO] 2017-10-04 12:52:02,131: publisherUpdate[/rosout] -> http://ubuntu:46675/ ['http://ubuntu:39173/', 'http://ubuntu:42549/']
[rosmaster.master][INFO] 2017-10-04 12:52:02,132: publisherUpdate[/rosout] -> http://ubuntu:46675/ ['http://ubuntu:39173/', 'http://ubuntu:42549/']: sec=0.00, result=[1, '', 0]
[rosmaster.master][INFO] 2017-10-04 12:52:02,132: publisherUpdate[/rosout] -> http://ubuntu:46675/ ['http://ubuntu:39173/', 'http://ubuntu:42549/', 'http://ubuntu:35856/']
[rosmaster.master][INFO] 2017-10-04 12:52:02,133: publisherUpdate[/rosout] -> http://ubuntu:46675/ ['http://ubuntu:39173/', 'http://ubuntu:42549/', 'http://ubuntu:35856/']: sec=0.00, result=[1, '', 0]
[rosmaster.master][INFO] 2017-10-04 12:52:02,133: +SUB [/tf] /view http://ubuntu:35856/
[rosmaster.master][INFO] 2017-10-04 12:52:02,145: +SUB [/tf_static] /view http://ubuntu:35856/
[rosmaster.master][INFO] 2017-10-04 12:52:02,176: +SUB [/camera/image_raw] /mask_orange http://ubuntu:39173/
[rosmaster.master][INFO] 2017-10-04 12:52:02,192: +SERVICE [/camera/set_camera_info] /camera http://ubuntu:42549/
[rosmaster.master][INFO] 2017-10-04 12:52:02,212: +PUB [/image/screenpoint] /view http://ubuntu:35856/
[rosmaster.master][INFO] 2017-10-04 12:52:02,213: +PUB [/image/screenpoint_array] /view http://ubuntu:35856/
[rosmaster.master][INFO] 2017-10-04 12:52:02,213: +PUB [/image/screenrectangle] /view http://ubuntu:35856/
[rosmaster.master][INFO] 2017-10-04 12:52:02,214: +PUB [/image/screenrectangle_image] /view http://ubuntu:35856/
[rosmaster.master][INFO] 2017-10-04 12:52:02,215: +PUB [/image/movepoint] /view http://ubuntu:35856/
[rosmaster.master][INFO] 2017-10-04 12:52:02,215: +PUB [/image/foreground] /view http://ubuntu:35856/
[rosmaster.master][INFO] 2017-10-04 12:52:02,218: +PUB [/image/background] /view http://ubuntu:35856/
[rosmaster.master][INFO] 2017-10-04 12:52:02,220: +PUB [/image/foreground_rect] /view http://ubuntu:35856/
[rosmaster.master][INFO] 2017-10-04 12:52:02,222: +PUB [/image/background_rect] /view http://ubuntu:35856/
[rosmaster.master][INFO] 2017-10-04 12:52:02,224: +PUB [/image/line] /view http://ubuntu:35856/
[rosmaster.master][INFO] 2017-10-04 12:52:02,226: +PUB [/image/poly] /view http://ubuntu:35856/
[rosmaster.master][INFO] 2017-10-04 12:52:02,261: +PUB [/image/compressedDepth] /mask_orange http://ubuntu:39173/
[rosmaster.master][INFO] 2017-10-04 12:52:02,261: +SERVICE [/image/compressedDepth/set_parameters] /mask_orange http://ubuntu:39173/
[rosmaster.master][INFO] 2017-10-04 12:52:02,262: +PUB [/image/compressedDepth/parameter_descriptions] /mask_orange http://ubuntu:39173/
[rosmaster.master][INFO] 2017-10-04 12:52:02,263: +PUB [/image/compressedDepth/parameter_updates] /mask_orange http://ubuntu:39173/
[rosmaster.master][INFO] 2017-10-04 12:52:02,273: +PARAM [/image/compressedDepth/depth_max] by /mask_orange
[rosmaster.master][INFO] 2017-10-04 12:52:02,274: +PARAM [/image/compressedDepth/depth_quantization] by /mask_orange
[rosmaster.master][INFO] 2017-10-04 12:52:02,276: +PARAM [/image/compressedDepth/png_level] by /mask_orange
[rosmaster.master][INFO] 2017-10-04 12:52:02,277: +PARAM [/image/compressedDepth/depth_max] by /mask_orange
[rosmaster.master][INFO] 2017-10-04 12:52:02,280: +PARAM [/image/compressedDepth/depth_quantization] by /mask_orange
[rosmaster.master][INFO] 2017-10-04 12:52:02,281: +PARAM [/image/compressedDepth/png_level] by /mask_orange
[rosmaster.master][INFO] 2017-10-04 12:52:02,311: +PUB [/image_marked/compressedDepth] /view http://ubuntu:35856/
[rosmaster.master][INFO] 2017-10-04 12:52:02,312: +SERVICE [/image_marked/compressedDepth/set_parameters] /view http://ubuntu:35856/
[rosmaster.master][INFO] 2017-10-04 12:52:02,313: +PUB [/image_marked/compressedDepth/parameter_descriptions] /view http://ubuntu:35856/
[rosmaster.master][INFO] 2017-10-04 12:52:02,313: +PUB [/image_marked/compressedDepth/parameter_updates] /view http://ubuntu:35856/
[rosmaster.master][INFO] 2017-10-04 12:52:02,316: +PARAM [/image_marked/compressedDepth/depth_max] by /view
[rosmaster.master][INFO] 2017-10-04 12:52:02,316: +PARAM [/image_marked/compressedDepth/depth_quantization] by /view
[rosmaster.master][INFO] 2017-10-04 12:52:02,318: +PARAM [/image_marked/compressedDepth/png_level] by /view
[rosmaster.master][INFO] 2017-10-04 12:52:02,319: +PARAM [/image_marked/compressedDepth/depth_max] by /view
[rosmaster.master][INFO] 2017-10-04 12:52:02,321: +PARAM [/image_marked/compressedDepth/depth_quantization] by /view
[rosmaster.master][INFO] 2017-10-04 12:52:02,322: +PARAM [/image_marked/compressedDepth/png_level] by /view
[rosmaster.master][INFO] 2017-10-04 12:52:02,347: +PUB [/image/compressed] /mask_orange http://ubuntu:39173/
[rosmaster.master][INFO] 2017-10-04 12:52:02,348: +SERVICE [/image/compressed/set_parameters] /mask_orange http://ubuntu:39173/
[rosmaster.master][INFO] 2017-10-04 12:52:02,349: +PUB [/image/compressed/parameter_descriptions] /mask_orange http://ubuntu:39173/
[rosmaster.master][INFO] 2017-10-04 12:52:02,350: +PUB [/image/compressed/parameter_updates] /mask_orange http://ubuntu:39173/
[rosmaster.master][INFO] 2017-10-04 12:52:02,353: +PARAM [/image/compressed/format] by /mask_orange
[rosmaster.master][INFO] 2017-10-04 12:52:02,355: +PARAM [/image/compressed/jpeg_quality] by /mask_orange
[rosmaster.master][INFO] 2017-10-04 12:52:02,356: +PARAM [/image/compressed/png_level] by /mask_orange
[rosmaster.master][INFO] 2017-10-04 12:52:02,360: +PARAM [/image/compressed/format] by /mask_orange
[rosmaster.master][INFO] 2017-10-04 12:52:02,361: +PARAM [/image/compressed/jpeg_quality] by /mask_orange
[rosmaster.master][INFO] 2017-10-04 12:52:02,362: +PARAM [/image/compressed/png_level] by /mask_orange
[rosmaster.master][INFO] 2017-10-04 12:52:02,391: +PUB [/image_marked/compressed] /view http://ubuntu:35856/
[rosmaster.master][INFO] 2017-10-04 12:52:02,392: +SERVICE [/image_marked/compressed/set_parameters] /view http://ubuntu:35856/
[rosmaster.master][INFO] 2017-10-04 12:52:02,393: +PUB [/image_marked/compressed/parameter_descriptions] /view http://ubuntu:35856/
[rosmaster.master][INFO] 2017-10-04 12:52:02,393: +PUB [/image_marked/compressed/parameter_updates] /view http://ubuntu:35856/
[rosmaster.master][INFO] 2017-10-04 12:52:02,397: +PARAM [/image_marked/compressed/format] by /view
[rosmaster.master][INFO] 2017-10-04 12:52:02,398: +PARAM [/image_marked/compressed/jpeg_quality] by /view
[rosmaster.master][INFO] 2017-10-04 12:52:02,398: +PARAM [/image_marked/compressed/png_level] by /view
[rosmaster.master][INFO] 2017-10-04 12:52:02,400: +PARAM [/image_marked/compressed/format] by /view
[rosmaster.master][INFO] 2017-10-04 12:52:02,401: +PARAM [/image_marked/compressed/jpeg_quality] by /view
[rosmaster.master][INFO] 2017-10-04 12:52:02,404: +PARAM [/image_marked/compressed/png_level] by /view
[rosmaster.master][INFO] 2017-10-04 12:52:02,426: +PUB [/image] /mask_orange http://ubuntu:39173/
[rosmaster.master][INFO] 2017-10-04 12:52:02,466: +PUB [/image_marked] /view http://ubuntu:35856/
[rosmaster.master][INFO] 2017-10-04 12:52:02,509: +PUB [/image/theora] /mask_orange http://ubuntu:39173/
[rosmaster.master][INFO] 2017-10-04 12:52:02,509: +SERVICE [/image/theora/set_parameters] /mask_orange http://ubuntu:39173/
[rosmaster.master][INFO] 2017-10-04 12:52:02,510: +PUB [/image/theora/parameter_descriptions] /mask_orange http://ubuntu:39173/
[rosmaster.master][INFO] 2017-10-04 12:52:02,511: +PUB [/image/theora/parameter_updates] /mask_orange http://ubuntu:39173/
[rosmaster.master][INFO] 2017-10-04 12:52:02,521: +PARAM [/image/theora/optimize_for] by /mask_orange
[rosmaster.master][INFO] 2017-10-04 12:52:02,522: +PARAM [/image/theora/target_bitrate] by /mask_orange
[rosmaster.master][INFO] 2017-10-04 12:52:02,522: +PARAM [/image/theora/quality] by /mask_orange
[rosmaster.master][INFO] 2017-10-04 12:52:02,524: +PARAM [/image/theora/keyframe_frequency] by /mask_orange
[rosmaster.master][INFO] 2017-10-04 12:52:02,527: +PARAM [/image/theora/optimize_for] by /mask_orange
[rosmaster.master][INFO] 2017-10-04 12:52:02,529: +PARAM [/image/theora/target_bitrate] by /mask_orange
[rosmaster.master][INFO] 2017-10-04 12:52:02,535: +PARAM [/image/theora/quality] by /mask_orange
[rosmaster.master][INFO] 2017-10-04 12:52:02,535: +PUB [/camera/image_raw/compressedDepth] /camera http://ubuntu:42549/
[rosmaster.master][INFO] 2017-10-04 12:52:02,536: +PARAM [/image/theora/keyframe_frequency] by /mask_orange
[rosmaster.master][INFO] 2017-10-04 12:52:02,537: +SERVICE [/camera/image_raw/compressedDepth/set_parameters] /camera http://ubuntu:42549/
[rosmaster.master][INFO] 2017-10-04 12:52:02,537: +PUB [/camera/image_raw/compressedDepth/parameter_descriptions] /camera http://ubuntu:42549/
[rosmaster.master][INFO] 2017-10-04 12:52:02,540: +PUB [/camera/image_raw/compressedDepth/parameter_updates] /camera http://ubuntu:42549/
[rosmaster.master][INFO] 2017-10-04 12:52:02,544: +PARAM [/camera/image_raw/compressedDepth/depth_max] by /camera
[rosmaster.master][INFO] 2017-10-04 12:52:02,546: +PARAM [/camera/image_raw/compressedDepth/depth_quantization] by /camera
[rosmaster.master][INFO] 2017-10-04 12:52:02,547: +PARAM [/camera/image_raw/compressedDepth/png_level] by /camera
[rosmaster.master][INFO] 2017-10-04 12:52:02,550: +PARAM [/camera/image_raw/compressedDepth/depth_max] by /camera
[rosmaster.master][INFO] 2017-10-04 12:52:02,551: +PARAM [/camera/image_raw/compressedDepth/depth_quantization] by /camera
[rosmaster.master][INFO] 2017-10-04 12:52:02,551: +PUB [/image_marked/theora] /view http://ubuntu:35856/
[rosmaster.master][INFO] 2017-10-04 12:52:02,552: +PARAM [/camera/image_raw/compressedDepth/png_level] by /camera
[rosmaster.master][INFO] 2017-10-04 12:52:02,558: +SERVICE [/image_marked/theora/set_parameters] /view http://ubuntu:35856/
[rosmaster.master][INFO] 2017-10-04 12:52:02,559: +PUB [/image_marked/theora/parameter_descriptions] /view http://ubuntu:35856/
[rosmaster.master][INFO] 2017-10-04 12:52:02,559: +PUB [/image_marked/theora/parameter_updates] /view http://ubuntu:35856/
[rosmaster.master][INFO] 2017-10-04 12:52:02,568: +PARAM [/image_marked/theora/optimize_for] by /view
[rosmaster.master][INFO] 2017-10-04 12:52:02,569: +PARAM [/image_marked/theora/target_bitrate] by /view
[rosmaster.master][INFO] 2017-10-04 12:52:02,570: +PARAM [/image_marked/theora/quality] by /view
[rosmaster.master][INFO] 2017-10-04 12:52:02,570: +PARAM [/image_marked/theora/keyframe_frequency] by /view
[rosmaster.master][INFO] 2017-10-04 12:52:02,571: +PARAM [/image_marked/theora/optimize_for] by /view
[rosmaster.master][INFO] 2017-10-04 12:52:02,572: +PARAM [/image_marked/theora/target_bitrate] by /view
[rosmaster.master][INFO] 2017-10-04 12:52:02,572: +PARAM [/image_marked/theora/quality] by /view
[rosmaster.master][INFO] 2017-10-04 12:52:02,578: +PARAM [/image_marked/theora/keyframe_frequency] by /view
[rosmaster.master][INFO] 2017-10-04 12:52:02,617: +PUB [/camera/image_raw/compressed] /camera http://ubuntu:42549/
[rosmaster.master][INFO] 2017-10-04 12:52:02,618: +SERVICE [/camera/image_raw/compressed/set_parameters] /camera http://ubuntu:42549/
[rosmaster.master][INFO] 2017-10-04 12:52:02,618: +PUB [/camera/image_raw/compressed/parameter_descriptions] /camera http://ubuntu:42549/
[rosmaster.master][INFO] 2017-10-04 12:52:02,619: +PUB [/camera/image_raw/compressed/parameter_updates] /camera http://ubuntu:42549/
[rosmaster.master][INFO] 2017-10-04 12:52:02,621: +PARAM [/camera/image_raw/compressed/format] by /camera
[rosmaster.master][INFO] 2017-10-04 12:52:02,622: +PARAM [/camera/image_raw/compressed/jpeg_quality] by /camera
[rosmaster.master][INFO] 2017-10-04 12:52:02,622: +PARAM [/camera/image_raw/compressed/png_level] by /camera
[rosmaster.master][INFO] 2017-10-04 12:52:02,623: +PARAM [/camera/image_raw/compressed/format] by /camera
[rosmaster.master][INFO] 2017-10-04 12:52:02,624: +PARAM [/camera/image_raw/compressed/jpeg_quality] by /camera
[rosmaster.master][INFO] 2017-10-04 12:52:02,627: +PARAM [/camera/image_raw/compressed/png_level] by /camera
[rosmaster.master][INFO] 2017-10-04 12:52:02,636: +PUB [/image/marked/compressedDepth] /view http://ubuntu:35856/
[rosmaster.master][INFO] 2017-10-04 12:52:02,637: +SERVICE [/image/marked/compressedDepth/set_parameters] /view http://ubuntu:35856/
[rosmaster.master][INFO] 2017-10-04 12:52:02,640: +PUB [/image/marked/compressedDepth/parameter_descriptions] /view http://ubuntu:35856/
[rosmaster.master][INFO] 2017-10-04 12:52:02,641: +PUB [/image/marked/compressedDepth/parameter_updates] /view http://ubuntu:35856/
[rosmaster.master][INFO] 2017-10-04 12:52:02,643: +PARAM [/image/marked/compressedDepth/depth_max] by /view
[rosmaster.master][INFO] 2017-10-04 12:52:02,644: +PARAM [/image/marked/compressedDepth/depth_quantization] by /view
[rosmaster.master][INFO] 2017-10-04 12:52:02,644: +PARAM [/image/marked/compressedDepth/png_level] by /view
[rosmaster.master][INFO] 2017-10-04 12:52:02,646: +PARAM [/image/marked/compressedDepth/depth_max] by /view
[rosmaster.master][INFO] 2017-10-04 12:52:02,648: +PARAM [/image/marked/compressedDepth/depth_quantization] by /view
[rosmaster.master][INFO] 2017-10-04 12:52:02,649: +PARAM [/image/marked/compressedDepth/png_level] by /view
[rosmaster.master][INFO] 2017-10-04 12:52:02,692: +PUB [/camera/image_raw] /camera http://ubuntu:42549/
[rosmaster.master][INFO] 2017-10-04 12:52:02,706: +PUB [/image/marked/compressed] /view http://ubuntu:35856/
[rosmaster.master][INFO] 2017-10-04 12:52:02,707: +SERVICE [/image/marked/compressed/set_parameters] /view http://ubuntu:35856/
[rosmaster.master][INFO] 2017-10-04 12:52:02,708: +PUB [/image/marked/compressed/parameter_descriptions] /view http://ubuntu:35856/
[rosmaster.master][INFO] 2017-10-04 12:52:02,708: +PUB [/image/marked/compressed/parameter_updates] /view http://ubuntu:35856/
[rosmaster.master][INFO] 2017-10-04 12:52:02,711: +PARAM [/image/marked/compressed/format] by /view
[rosmaster.master][INFO] 2017-10-04 12:52:02,712: +PARAM [/image/marked/compressed/jpeg_quality] by /view
[rosmaster.master][INFO] 2017-10-04 12:52:02,715: +PARAM [/image/marked/compressed/png_level] by /view
[rosmaster.master][INFO] 2017-10-04 12:52:02,716: +PARAM [/image/marked/compressed/format] by /view
[rosmaster.master][INFO] 2017-10-04 12:52:02,717: +PARAM [/image/marked/compressed/jpeg_quality] by /view
[rosmaster.master][INFO] 2017-10-04 12:52:02,718: +PARAM [/image/marked/compressed/png_level] by /view
[rosmaster.master][INFO] 2017-10-04 12:52:02,735: publisherUpdate[/camera/image_raw] -> http://ubuntu:39173/ ['http://ubuntu:42549/']
[rosmaster.master][INFO] 2017-10-04 12:52:02,736: publisherUpdate[/camera/image_raw] -> http://ubuntu:39173/ ['http://ubuntu:42549/']: sec=0.00, result=[1, '', 0]
[rosmaster.master][INFO] 2017-10-04 12:52:02,755: +PUB [/camera/image_raw/theora] /camera http://ubuntu:42549/
[rosmaster.master][INFO] 2017-10-04 12:52:02,756: +SERVICE [/camera/image_raw/theora/set_parameters] /camera http://ubuntu:42549/
[rosmaster.master][INFO] 2017-10-04 12:52:02,760: +PUB [/camera/image_raw/theora/parameter_descriptions] /camera http://ubuntu:42549/
[rosmaster.master][INFO] 2017-10-04 12:52:02,761: +PUB [/camera/image_raw/theora/parameter_updates] /camera http://ubuntu:42549/
[rosmaster.master][INFO] 2017-10-04 12:52:02,764: +PARAM [/camera/image_raw/theora/optimize_for] by /camera
[rosmaster.master][INFO] 2017-10-04 12:52:02,764: +PARAM [/camera/image_raw/theora/target_bitrate] by /camera
[rosmaster.master][INFO] 2017-10-04 12:52:02,765: +PARAM [/camera/image_raw/theora/quality] by /camera
[rosmaster.master][INFO] 2017-10-04 12:52:02,766: +PARAM [/camera/image_raw/theora/keyframe_frequency] by /camera
[rosmaster.master][INFO] 2017-10-04 12:52:02,766: +PARAM [/camera/image_raw/theora/optimize_for] by /camera
[rosmaster.master][INFO] 2017-10-04 12:52:02,769: +PARAM [/camera/image_raw/theora/target_bitrate] by /camera
[rosmaster.master][INFO] 2017-10-04 12:52:02,771: +PARAM [/camera/image_raw/theora/quality] by /camera
[rosmaster.master][INFO] 2017-10-04 12:52:02,772: +PARAM [/camera/image_raw/theora/keyframe_frequency] by /camera
[rosmaster.master][INFO] 2017-10-04 12:52:02,774: +PUB [/camera/camera_info] /camera http://ubuntu:42549/
[rosmaster.master][INFO] 2017-10-04 12:52:02,775: +PUB [/image/marked] /view http://ubuntu:35856/
[rosmaster.master][INFO] 2017-10-04 12:52:02,828: +PUB [/image/marked/theora] /view http://ubuntu:35856/
[rosmaster.master][INFO] 2017-10-04 12:52:02,829: +SERVICE [/image/marked/theora/set_parameters] /view http://ubuntu:35856/
[rosmaster.master][INFO] 2017-10-04 12:52:02,830: +PUB [/image/marked/theora/parameter_descriptions] /view http://ubuntu:35856/
[rosmaster.master][INFO] 2017-10-04 12:52:02,830: +PUB [/image/marked/theora/parameter_updates] /view http://ubuntu:35856/
[rosmaster.master][INFO] 2017-10-04 12:52:02,833: +PARAM [/image/marked/theora/optimize_for] by /view
[rosmaster.master][INFO] 2017-10-04 12:52:02,834: +PARAM [/image/marked/theora/target_bitrate] by /view
[rosmaster.master][INFO] 2017-10-04 12:52:02,834: +PARAM [/image/marked/theora/quality] by /view
[rosmaster.master][INFO] 2017-10-04 12:52:02,835: +PARAM [/image/marked/theora/keyframe_frequency] by /view
[rosmaster.master][INFO] 2017-10-04 12:52:02,836: +PARAM [/image/marked/theora/optimize_for] by /view
[rosmaster.master][INFO] 2017-10-04 12:52:02,837: +PARAM [/image/marked/theora/target_bitrate] by /view
[rosmaster.master][INFO] 2017-10-04 12:52:02,837: +PARAM [/image/marked/theora/quality] by /view
[rosmaster.master][INFO] 2017-10-04 12:52:02,838: +PARAM [/image/marked/theora/keyframe_frequency] by /view
[rosmaster.master][INFO] 2017-10-04 12:52:02,868: +SUB [/image] /view http://ubuntu:35856/
[rosmaster.master][INFO] 2017-10-04 12:52:02,871: +SUB [/camera_info] /view http://ubuntu:35856/
[rosmaster.master][INFO] 2017-10-04 12:52:02,874: +SUB [/image_marker] /view http://ubuntu:35856/
[rosmaster.master][INFO] 2017-10-04 12:52:02,877: +SUB [/image/event] /view http://ubuntu:35856/
[rosmaster.master][INFO] 2017-10-04 12:52:02,878: +SERVICE [/view/change_mode] /view http://ubuntu:35856/
[rosmaster.master][INFO] 2017-10-04 12:52:02,878: +SERVICE [/view/rectangle_mode] /view http://ubuntu:35856/
[rosmaster.master][INFO] 2017-10-04 12:52:02,879: +SERVICE [/view/grabcut_mode] /view http://ubuntu:35856/
[rosmaster.master][INFO] 2017-10-04 12:52:02,880: +SERVICE [/view/grabcut_rect_mode] /view http://ubuntu:35856/
[rosmaster.master][INFO] 2017-10-04 12:52:02,880: +SERVICE [/view/line_mode] /view http://ubuntu:35856/
[rosmaster.master][INFO] 2017-10-04 12:52:02,881: +SERVICE [/view/poly_mode] /view http://ubuntu:35856/
[rosmaster.master][INFO] 2017-10-04 12:52:02,882: +SERVICE [/view/none_mode] /view http://ubuntu:35856/
[rosmaster.master][INFO] 2017-10-04 12:52:02,883: +SERVICE [/view/set_parameters] /view http://ubuntu:35856/
[rosmaster.master][INFO] 2017-10-04 12:52:02,887: +PUB [/view/parameter_descriptions] /view http://ubuntu:35856/
[rosmaster.master][INFO] 2017-10-04 12:52:02,889: +PUB [/view/parameter_updates] /view http://ubuntu:35856/
[rosmaster.master][INFO] 2017-10-04 12:52:02,895: +PARAM [/view/grid] by /view
[rosmaster.master][INFO] 2017-10-04 12:52:02,895: +PARAM [/view/fisheye_mode] by /view
[rosmaster.master][INFO] 2017-10-04 12:52:02,896: +PARAM [/view/div_u] by /view
[rosmaster.master][INFO] 2017-10-04 12:52:02,897: +PARAM [/view/div_v] by /view
[rosmaster.master][INFO] 2017-10-04 12:52:02,897: +PARAM [/view/grid_red] by /view
[rosmaster.master][INFO] 2017-10-04 12:52:02,898: +PARAM [/view/grid_green] by /view
[rosmaster.master][INFO] 2017-10-04 12:52:02,898: +PARAM [/view/grid_blue] by /view
[rosmaster.master][INFO] 2017-10-04 12:52:02,899: +PARAM [/view/grid_thickness] by /view
[rosmaster.master][INFO] 2017-10-04 12:52:02,900: +PARAM [/view/grid_space] by /view
[rosmaster.master][INFO] 2017-10-04 12:52:02,900: +PARAM [/view/grid] by /view
[rosmaster.master][INFO] 2017-10-04 12:52:02,901: +PARAM [/view/fisheye_mode] by /view
[rosmaster.master][INFO] 2017-10-04 12:52:02,902: +PARAM [/view/div_u] by /view
[rosmaster.master][INFO] 2017-10-04 12:52:02,903: +PARAM [/view/div_v] by /view
[rosmaster.master][INFO] 2017-10-04 12:52:02,904: +PARAM [/view/grid_red] by /view
[rosmaster.master][INFO] 2017-10-04 12:52:02,905: +PARAM [/view/grid_green] by /view
[rosmaster.master][INFO] 2017-10-04 12:52:02,905: +PARAM [/view/grid_blue] by /view
[rosmaster.master][INFO] 2017-10-04 12:52:02,906: +PARAM [/view/grid_thickness] by /view
[rosmaster.master][INFO] 2017-10-04 12:52:02,907: +PARAM [/view/grid_space] by /view
[rosmaster.master][INFO] 2017-10-04 12:53:51,931: -PUB [/rosout] /camera http://ubuntu:42549/
[rosmaster.master][INFO] 2017-10-04 12:53:51,933: -PUB [/camera/image_raw/compressedDepth] /camera http://ubuntu:42549/
[rosmaster.master][INFO] 2017-10-04 12:53:51,942: -PUB [/camera/image_raw/compressedDepth/parameter_descriptions] /camera http://ubuntu:42549/
[rosmaster.master][INFO] 2017-10-04 12:53:51,958: publisherUpdate[/rosout] -> http://ubuntu:46675/ ['http://ubuntu:39173/', 'http://ubuntu:35856/']
[rosmaster.master][INFO] 2017-10-04 12:53:51,960: publisherUpdate[/rosout] -> http://ubuntu:46675/ ['http://ubuntu:39173/', 'http://ubuntu:35856/']: sec=0.00, result=[1, '', 0]
[rosmaster.master][INFO] 2017-10-04 12:53:51,961: -PUB [/camera/image_raw/compressedDepth/parameter_updates] /camera http://ubuntu:42549/
[rosmaster.master][INFO] 2017-10-04 12:53:51,971: -PUB [/rosout] /mask_orange http://ubuntu:39173/
[rosmaster.master][INFO] 2017-10-04 12:53:51,976: -PUB [/camera/image_raw/compressed] /camera http://ubuntu:42549/
[rosmaster.master][INFO] 2017-10-04 12:53:51,977: -PUB [/camera/image_raw/compressed/parameter_descriptions] /camera http://ubuntu:42549/
[rosmaster.master][INFO] 2017-10-04 12:53:51,983: -PUB [/image/compressedDepth] /mask_orange http://ubuntu:39173/
[rosmaster.master][INFO] 2017-10-04 12:53:51,983: -PUB [/camera/image_raw/compressed/parameter_updates] /camera http://ubuntu:42549/
[rosmaster.master][INFO] 2017-10-04 12:53:51,987: publisherUpdate[/rosout] -> http://ubuntu:46675/ ['http://ubuntu:35856/']
[rosmaster.master][INFO] 2017-10-04 12:53:51,989: publisherUpdate[/rosout] -> http://ubuntu:46675/ ['http://ubuntu:35856/']: sec=0.00, result=[1, '', 0]
[rosmaster.master][INFO] 2017-10-04 12:53:51,995: -PUB [/image/compressedDepth/parameter_descriptions] /mask_orange http://ubuntu:39173/
[rosmaster.master][INFO] 2017-10-04 12:53:52,004: -PUB [/camera/image_raw] /camera http://ubuntu:42549/
[rosmaster.master][INFO] 2017-10-04 12:53:52,007: -PUB [/rosout] /view http://ubuntu:35856/
[rosmaster.master][INFO] 2017-10-04 12:53:52,008: -PUB [/camera/image_raw/theora] /camera http://ubuntu:42549/
[rosmaster.master][INFO] 2017-10-04 12:53:52,014: -PUB [/image/compressedDepth/parameter_updates] /mask_orange http://ubuntu:39173/
[rosmaster.master][INFO] 2017-10-04 12:53:52,021: -PUB [/camera/image_raw/theora/parameter_descriptions] /camera http://ubuntu:42549/
[rosmaster.master][INFO] 2017-10-04 12:53:52,031: -PUB [/image/screenpoint] /view http://ubuntu:35856/
[rosmaster.master][INFO] 2017-10-04 12:53:52,036: -PUB [/image/compressed] /mask_orange http://ubuntu:39173/
[rosmaster.master][INFO] 2017-10-04 12:53:52,037: -PUB [/camera/image_raw/theora/parameter_updates] /camera http://ubuntu:42549/
[rosmaster.master][INFO] 2017-10-04 12:53:52,041: -PUB [/image/screenpoint_array] /view http://ubuntu:35856/
[rosmaster.master][INFO] 2017-10-04 12:53:52,041: -PUB [/camera/camera_info] /camera http://ubuntu:42549/
[rosmaster.master][INFO] 2017-10-04 12:53:52,053: -PUB [/image/screenrectangle] /view http://ubuntu:35856/
[rosmaster.master][INFO] 2017-10-04 12:53:52,058: -PUB [/image/compressed/parameter_descriptions] /mask_orange http://ubuntu:39173/
[rosmaster.master][INFO] 2017-10-04 12:53:52,062: publisherUpdate[/camera/image_raw] -> http://ubuntu:39173/ []
[rosmaster.master][INFO] 2017-10-04 12:53:52,060: -SERVICE [/camera/get_loggers] /camera rosrpc://ubuntu:41424
[rosmaster.master][INFO] 2017-10-04 12:53:52,068: publisherUpdate[/camera/image_raw] -> http://ubuntu:39173/ []: sec=0.01, exception=<Fault -1: 'publisherUpdate: unknown method name'>
[rosmaster.master][INFO] 2017-10-04 12:53:52,080: -PUB [/image/screenrectangle_image] /view http://ubuntu:35856/
[rosmaster.threadpool][ERROR] 2017-10-04 12:53:52,084: Traceback (most recent call last):
  File "/opt/ros/kinetic/lib/python2.7/dist-packages/rosmaster/threadpool.py", line 218, in run
    result = cmd(*args)
  File "/opt/ros/kinetic/lib/python2.7/dist-packages/rosmaster/master_api.py", line 210, in publisher_update_task
    ret = xmlrpcapi(api).publisherUpdate('/master', topic, pub_uris)
  File "/usr/lib/python2.7/xmlrpclib.py", line 1243, in __call__
    return self.__send(self.__name, args)
  File "/usr/lib/python2.7/xmlrpclib.py", line 1602, in __request
    verbose=self.__verbose
  File "/usr/lib/python2.7/xmlrpclib.py", line 1283, in request
    return self.single_request(host, handler, request_body, verbose)
  File "/usr/lib/python2.7/xmlrpclib.py", line 1316, in single_request
    return self.parse_response(response)
  File "/usr/lib/python2.7/xmlrpclib.py", line 1493, in parse_response
    return u.close()
  File "/usr/lib/python2.7/xmlrpclib.py", line 800, in close
    raise Fault(**self._stack[0])
Fault: <Fault -1: 'publisherUpdate: unknown method name'>

[rosmaster.master][INFO] 2017-10-04 12:53:52,084: publisherUpdate[/rosout] -> http://ubuntu:46675/ []
[rosmaster.master][INFO] 2017-10-04 12:53:52,092: publisherUpdate[/rosout] -> http://ubuntu:46675/ []: sec=0.01, result=[1, '', 0]
[rosmaster.master][INFO] 2017-10-04 12:53:52,101: -PUB [/image/compressed/parameter_updates] /mask_orange http://ubuntu:39173/
[rosmaster.master][INFO] 2017-10-04 12:53:52,102: -PUB [/image/movepoint] /view http://ubuntu:35856/
[rosmaster.master][INFO] 2017-10-04 12:53:52,106: -SERVICE [/camera/set_logger_level] /camera rosrpc://ubuntu:41424
[rosmaster.master][INFO] 2017-10-04 12:53:52,113: -PUB [/image/foreground] /view http://ubuntu:35856/
[rosmaster.master][INFO] 2017-10-04 12:53:52,121: -SERVICE [/camera/set_camera_info] /camera rosrpc://ubuntu:41424
[rosmaster.master][INFO] 2017-10-04 12:53:52,125: -PUB [/image/background] /view http://ubuntu:35856/
[rosmaster.master][INFO] 2017-10-04 12:53:52,126: -PUB [/image] /mask_orange http://ubuntu:39173/
[rosmaster.master][INFO] 2017-10-04 12:53:52,127: -SERVICE [/camera/image_raw/compressedDepth/set_parameters] /camera rosrpc://ubuntu:41424
[rosmaster.master][INFO] 2017-10-04 12:53:52,141: -PUB [/image/theora] /mask_orange http://ubuntu:39173/
[rosmaster.master][INFO] 2017-10-04 12:53:52,142: -PUB [/image/foreground_rect] /view http://ubuntu:35856/
[rosmaster.master][INFO] 2017-10-04 12:53:52,142: -SERVICE [/camera/image_raw/compressed/set_parameters] /camera rosrpc://ubuntu:41424
[rosmaster.master][INFO] 2017-10-04 12:53:52,148: -PUB [/image/theora/parameter_descriptions] /mask_orange http://ubuntu:39173/
[rosmaster.master][INFO] 2017-10-04 12:53:52,149: -SERVICE [/camera/image_raw/theora/set_parameters] /camera rosrpc://ubuntu:41424
[rosmaster.master][INFO] 2017-10-04 12:53:52,160: -PUB [/image/theora/parameter_updates] /mask_orange http://ubuntu:39173/
[rosmaster.master][INFO] 2017-10-04 12:53:52,165: -PUB [/image/background_rect] /view http://ubuntu:35856/
[rosmaster.master][INFO] 2017-10-04 12:53:52,174: -SUB [/camera/image_raw] /mask_orange http://ubuntu:39173/
[rosmaster.master][INFO] 2017-10-04 12:53:52,188: -PUB [/image/line] /view http://ubuntu:35856/
[rosmaster.master][INFO] 2017-10-04 12:53:52,189: -SERVICE [/mask_orange/get_loggers] /mask_orange rosrpc://ubuntu:45439
[rosmaster.master][INFO] 2017-10-04 12:53:52,204: publisherUpdate[/image] -> http://ubuntu:35856/ []
[rosmaster.master][INFO] 2017-10-04 12:53:52,208: -PUB [/image/poly] /view http://ubuntu:35856/
[rosmaster.master][INFO] 2017-10-04 12:53:52,214: publisherUpdate[/image] -> http://ubuntu:35856/ []: sec=0.01, exception=<Fault -1: 'publisherUpdate: unknown method name'>
[rosmaster.threadpool][ERROR] 2017-10-04 12:53:52,215: Traceback (most recent call last):
  File "/opt/ros/kinetic/lib/python2.7/dist-packages/rosmaster/threadpool.py", line 218, in run
    result = cmd(*args)
  File "/opt/ros/kinetic/lib/python2.7/dist-packages/rosmaster/master_api.py", line 210, in publisher_update_task
    ret = xmlrpcapi(api).publisherUpdate('/master', topic, pub_uris)
  File "/usr/lib/python2.7/xmlrpclib.py", line 1243, in __call__
    return self.__send(self.__name, args)
  File "/usr/lib/python2.7/xmlrpclib.py", line 1602, in __request
    verbose=self.__verbose
  File "/usr/lib/python2.7/xmlrpclib.py", line 1283, in request
    return self.single_request(host, handler, request_body, verbose)
  File "/usr/lib/python2.7/xmlrpclib.py", line 1316, in single_request
    return self.parse_response(response)
  File "/usr/lib/python2.7/xmlrpclib.py", line 1493, in parse_response
    return u.close()
  File "/usr/lib/python2.7/xmlrpclib.py", line 800, in close
    raise Fault(**self._stack[0])
Fault: <Fault -1: 'publisherUpdate: unknown method name'>

[rosmaster.master][INFO] 2017-10-04 12:53:52,216: -PUB [/image_marked/compressedDepth] /view http://ubuntu:35856/
[rosmaster.master][INFO] 2017-10-04 12:53:52,222: -SERVICE [/mask_orange/set_logger_level] /mask_orange rosrpc://ubuntu:45439
[rosmaster.master][INFO] 2017-10-04 12:53:52,230: -PUB [/image_marked/compressedDepth/parameter_descriptions] /view http://ubuntu:35856/
[rosmaster.master][INFO] 2017-10-04 12:53:52,245: -SERVICE [/image/compressedDepth/set_parameters] /mask_orange rosrpc://ubuntu:45439
[rosmaster.master][INFO] 2017-10-04 12:53:52,255: -PUB [/image_marked/compressedDepth/parameter_updates] /view http://ubuntu:35856/
[rosmaster.master][INFO] 2017-10-04 12:53:52,266: -SERVICE [/image/compressed/set_parameters] /mask_orange rosrpc://ubuntu:45439
[rosmaster.master][INFO] 2017-10-04 12:53:52,274: -PUB [/image_marked/compressed] /view http://ubuntu:35856/
[rosmaster.master][INFO] 2017-10-04 12:53:52,283: -SERVICE [/image/theora/set_parameters] /mask_orange rosrpc://ubuntu:45439
[rosmaster.master][INFO] 2017-10-04 12:53:52,292: -PUB [/image_marked/compressed/parameter_descriptions] /view http://ubuntu:35856/
[rosmaster.master][INFO] 2017-10-04 12:53:52,296: -PUB [/image_marked/compressed/parameter_updates] /view http://ubuntu:35856/
[rosmaster.master][INFO] 2017-10-04 12:53:52,309: -PUB [/image_marked] /view http://ubuntu:35856/
[rosmaster.master][INFO] 2017-10-04 12:53:52,317: -PUB [/image_marked/theora] /view http://ubuntu:35856/
[rosmaster.master][INFO] 2017-10-04 12:53:52,318: -PUB [/image_marked/theora/parameter_descriptions] /view http://ubuntu:35856/
[rosmaster.master][INFO] 2017-10-04 12:53:52,320: -PUB [/image_marked/theora/parameter_updates] /view http://ubuntu:35856/
[rosmaster.master][INFO] 2017-10-04 12:53:52,326: -PUB [/image/marked/compressedDepth] /view http://ubuntu:35856/
[rosmaster.master][INFO] 2017-10-04 12:53:52,329: -PUB [/image/marked/compressedDepth/parameter_descriptions] /view http://ubuntu:35856/
[rosmaster.master][INFO] 2017-10-04 12:53:52,333: -PUB [/image/marked/compressedDepth/parameter_updates] /view http://ubuntu:35856/
[rosmaster.master][INFO] 2017-10-04 12:53:52,345: -PUB [/image/marked/compressed] /view http://ubuntu:35856/
[rosmaster.master][INFO] 2017-10-04 12:53:52,348: -PUB [/image/marked/compressed/parameter_descriptions] /view http://ubuntu:35856/
[rosmaster.master][INFO] 2017-10-04 12:53:52,351: -PUB [/image/marked/compressed/parameter_updates] /view http://ubuntu:35856/
[rosmaster.master][INFO] 2017-10-04 12:53:52,355: -PUB [/image/marked] /view http://ubuntu:35856/
[rosmaster.master][INFO] 2017-10-04 12:53:52,357: -PUB [/image/marked/theora] /view http://ubuntu:35856/
[rosmaster.master][INFO] 2017-10-04 12:53:52,361: -PUB [/image/marked/theora/parameter_descriptions] /view http://ubuntu:35856/
[rosmaster.master][INFO] 2017-10-04 12:53:52,363: -PUB [/image/marked/theora/parameter_updates] /view http://ubuntu:35856/
[rosmaster.master][INFO] 2017-10-04 12:53:52,370: -PUB [/view/parameter_descriptions] /view http://ubuntu:35856/
[rosmaster.master][INFO] 2017-10-04 12:53:52,371: -PUB [/view/parameter_updates] /view http://ubuntu:35856/
[rosmaster.master][INFO] 2017-10-04 12:53:52,372: -SUB [/tf] /view http://ubuntu:35856/
[rosmaster.master][INFO] 2017-10-04 12:53:52,373: -SUB [/tf_static] /view http://ubuntu:35856/
[rosmaster.master][INFO] 2017-10-04 12:53:52,376: -SUB [/image] /view http://ubuntu:35856/
[rosmaster.master][INFO] 2017-10-04 12:53:52,378: -SUB [/camera_info] /view http://ubuntu:35856/
[rosmaster.master][INFO] 2017-10-04 12:53:52,380: -SUB [/image_marker] /view http://ubuntu:35856/
[rosmaster.master][INFO] 2017-10-04 12:53:52,385: -SUB [/image/event] /view http://ubuntu:35856/
[rosmaster.master][INFO] 2017-10-04 12:53:52,387: -SERVICE [/view/get_loggers] /view rosrpc://ubuntu:43032
[rosmaster.master][INFO] 2017-10-04 12:53:52,388: -SERVICE [/view/set_logger_level] /view rosrpc://ubuntu:43032
[rosmaster.master][INFO] 2017-10-04 12:53:52,391: -SERVICE [/image_marked/compressedDepth/set_parameters] /view rosrpc://ubuntu:43032
[rosmaster.master][INFO] 2017-10-04 12:53:52,394: -SERVICE [/image_marked/compressed/set_parameters] /view rosrpc://ubuntu:43032
[rosmaster.master][INFO] 2017-10-04 12:53:52,395: -SERVICE [/image_marked/theora/set_parameters] /view rosrpc://ubuntu:43032
[rosmaster.master][INFO] 2017-10-04 12:53:52,397: -SERVICE [/image/marked/compressedDepth/set_parameters] /view rosrpc://ubuntu:43032
[rosmaster.master][INFO] 2017-10-04 12:53:52,400: -SERVICE [/image/marked/compressed/set_parameters] /view rosrpc://ubuntu:43032
[rosmaster.master][INFO] 2017-10-04 12:53:52,401: -SERVICE [/image/marked/theora/set_parameters] /view rosrpc://ubuntu:43032
[rosmaster.master][INFO] 2017-10-04 12:53:52,404: -SERVICE [/view/change_mode] /view rosrpc://ubuntu:43032
[rosmaster.master][INFO] 2017-10-04 12:53:52,405: -SERVICE [/view/rectangle_mode] /view rosrpc://ubuntu:43032
[rosmaster.master][INFO] 2017-10-04 12:53:52,409: -SERVICE [/view/grabcut_mode] /view rosrpc://ubuntu:43032
[rosmaster.master][INFO] 2017-10-04 12:53:52,410: -SERVICE [/view/grabcut_rect_mode] /view rosrpc://ubuntu:43032
[rosmaster.master][INFO] 2017-10-04 12:53:52,415: -SERVICE [/view/line_mode] /view rosrpc://ubuntu:43032
[rosmaster.master][INFO] 2017-10-04 12:53:52,426: -SERVICE [/view/poly_mode] /view rosrpc://ubuntu:43032
[rosmaster.master][INFO] 2017-10-04 12:53:52,431: -SERVICE [/view/none_mode] /view rosrpc://ubuntu:43032
[rosmaster.master][INFO] 2017-10-04 12:53:52,437: -SERVICE [/view/set_parameters] /view rosrpc://ubuntu:43032
[rosmaster.master][INFO] 2017-10-04 12:53:52,790: -PUB [/rosout_agg] /rosout http://ubuntu:46675/
[rosmaster.master][INFO] 2017-10-04 12:53:52,791: -SUB [/rosout] /rosout http://ubuntu:46675/
[rosmaster.master][INFO] 2017-10-04 12:53:52,795: -SERVICE [/rosout/get_loggers] /rosout rosrpc://ubuntu:52782
[rosmaster.master][INFO] 2017-10-04 12:53:52,796: -SERVICE [/rosout/set_logger_level] /rosout rosrpc://ubuntu:52782
[rosmaster.main][INFO] 2017-10-04 12:53:52,859: keyboard interrupt, will exit
[rosmaster.main][INFO] 2017-10-04 12:53:52,859: stopping master...
[rospy.core][INFO] 2017-10-04 12:53:52,859: signal_shutdown [atexit]
