[rosmaster.main][INFO] 2017-09-20 17:57:27,053: initialization complete, waiting for shutdown
[rosmaster.main][INFO] 2017-09-20 17:57:27,053: Starting ROS Master Node
[xmlrpc][INFO] 2017-09-20 17:57:27,054: XML-RPC server binding to 0.0.0.0:11311
[xmlrpc][INFO] 2017-09-20 17:57:27,054: Started XML-RPC server [http://ubuntu:11311/]
[xmlrpc][INFO] 2017-09-20 17:57:27,055: xml rpc node: starting XML-RPC server
[rosmaster.master][INFO] 2017-09-20 17:57:27,055: Master initialized: port[11311], uri[http://ubuntu:11311/]
[rosmaster.master][INFO] 2017-09-20 17:57:27,113: +PARAM [/run_id] by /roslaunch
[rosmaster.master][INFO] 2017-09-20 17:57:27,114: +PARAM [/roslaunch/uris/host_ubuntu__40523] by /roslaunch
[rosmaster.master][INFO] 2017-09-20 17:57:27,185: +PARAM [/rosversion] by /roslaunch
[rosmaster.master][INFO] 2017-09-20 17:57:27,185: +PARAM [/rosdistro] by /roslaunch
[rosmaster.master][INFO] 2017-09-20 17:57:27,185: +PARAM [/camera/device_id] by /roslaunch
[rosmaster.master][INFO] 2017-09-20 17:57:27,216: +SERVICE [/rosout/get_loggers] /rosout http://ubuntu:44135/
[rosmaster.master][INFO] 2017-09-20 17:57:27,218: +SERVICE [/rosout/set_logger_level] /rosout http://ubuntu:44135/
[rosmaster.master][INFO] 2017-09-20 17:57:27,231: +PUB [/rosout_agg] /rosout http://ubuntu:44135/
[rosmaster.master][INFO] 2017-09-20 17:57:27,268: +SUB [/rosout] /rosout http://ubuntu:44135/
[rosmaster.master][INFO] 2017-09-20 17:57:27,423: +PUB [/rosout] /image_converter http://ubuntu:37994/
[rosmaster.master][INFO] 2017-09-20 17:57:27,427: +SERVICE [/image_converter/get_loggers] /image_converter http://ubuntu:37994/
[rosmaster.master][INFO] 2017-09-20 17:57:27,429: +SERVICE [/image_converter/set_logger_level] /image_converter http://ubuntu:37994/
[rosmaster.master][INFO] 2017-09-20 17:57:27,455: publisherUpdate[/rosout] -> http://ubuntu:44135/ ['http://ubuntu:37994/']
[rosmaster.master][INFO] 2017-09-20 17:57:27,457: publisherUpdate[/rosout] -> http://ubuntu:44135/ ['http://ubuntu:37994/']: sec=0.00, result=[1, '', 0]
[rosmaster.master][INFO] 2017-09-20 17:57:27,459: +PUB [/rosout] /view http://ubuntu:34941/
[rosmaster.master][INFO] 2017-09-20 17:57:27,460: +SERVICE [/view/get_loggers] /view http://ubuntu:34941/
[rosmaster.master][INFO] 2017-09-20 17:57:27,461: +SERVICE [/view/set_logger_level] /view http://ubuntu:34941/
[rosmaster.master][INFO] 2017-09-20 17:57:27,468: publisherUpdate[/rosout] -> http://ubuntu:44135/ ['http://ubuntu:37994/', 'http://ubuntu:34941/']
[rosmaster.master][INFO] 2017-09-20 17:57:27,469: publisherUpdate[/rosout] -> http://ubuntu:44135/ ['http://ubuntu:37994/', 'http://ubuntu:34941/']: sec=0.00, result=[1, '', 0]
[rosmaster.master][INFO] 2017-09-20 17:57:27,480: +SUB [/tf] /view http://ubuntu:34941/
[rosmaster.master][INFO] 2017-09-20 17:57:27,498: +PUB [/rosout] /camera http://ubuntu:41978/
[rosmaster.master][INFO] 2017-09-20 17:57:27,511: +SERVICE [/camera/get_loggers] /camera http://ubuntu:41978/
[rosmaster.master][INFO] 2017-09-20 17:57:27,522: +SERVICE [/camera/set_logger_level] /camera http://ubuntu:41978/
[rosmaster.master][INFO] 2017-09-20 17:57:27,528: +SUB [/tf_static] /view http://ubuntu:34941/
[rosmaster.master][INFO] 2017-09-20 17:57:27,560: publisherUpdate[/rosout] -> http://ubuntu:44135/ ['http://ubuntu:37994/', 'http://ubuntu:34941/', 'http://ubuntu:41978/']
[rosmaster.master][INFO] 2017-09-20 17:57:27,565: publisherUpdate[/rosout] -> http://ubuntu:44135/ ['http://ubuntu:37994/', 'http://ubuntu:34941/', 'http://ubuntu:41978/']: sec=0.00, result=[1, '', 0]
[rosmaster.master][INFO] 2017-09-20 17:57:27,669: +SERVICE [/camera/set_camera_info] /camera http://ubuntu:41978/
[rosmaster.master][INFO] 2017-09-20 17:57:27,682: +PUB [/image/screenpoint] /view http://ubuntu:34941/
[rosmaster.master][INFO] 2017-09-20 17:57:27,686: +PUB [/image/screenpoint_array] /view http://ubuntu:34941/
[rosmaster.master][INFO] 2017-09-20 17:57:27,690: +PUB [/image/screenrectangle] /view http://ubuntu:34941/
[rosmaster.master][INFO] 2017-09-20 17:57:27,691: +PUB [/image/screenrectangle_image] /view http://ubuntu:34941/
[rosmaster.master][INFO] 2017-09-20 17:57:27,693: +PUB [/image/movepoint] /view http://ubuntu:34941/
[rosmaster.master][INFO] 2017-09-20 17:57:27,694: +PUB [/image/foreground] /view http://ubuntu:34941/
[rosmaster.master][INFO] 2017-09-20 17:57:27,695: +PUB [/image/background] /view http://ubuntu:34941/
[rosmaster.master][INFO] 2017-09-20 17:57:27,697: +PUB [/image/foreground_rect] /view http://ubuntu:34941/
[rosmaster.master][INFO] 2017-09-20 17:57:27,702: +PUB [/image/background_rect] /view http://ubuntu:34941/
[rosmaster.master][INFO] 2017-09-20 17:57:27,705: +PUB [/image/line] /view http://ubuntu:34941/
[rosmaster.master][INFO] 2017-09-20 17:57:27,708: +PUB [/image/poly] /view http://ubuntu:34941/
[rosmaster.master][INFO] 2017-09-20 17:57:27,714: +SUB [/camera/image_raw] /image_converter http://ubuntu:37994/
[rosmaster.master][INFO] 2017-09-20 17:57:27,845: +PUB [/image/compressedDepth] /image_converter http://ubuntu:37994/
[rosmaster.master][INFO] 2017-09-20 17:57:27,847: +SERVICE [/image/compressedDepth/set_parameters] /image_converter http://ubuntu:37994/
[rosmaster.master][INFO] 2017-09-20 17:57:27,849: +PUB [/image/compressedDepth/parameter_descriptions] /image_converter http://ubuntu:37994/
[rosmaster.master][INFO] 2017-09-20 17:57:27,852: +PUB [/image/compressedDepth/parameter_updates] /image_converter http://ubuntu:37994/
[rosmaster.master][INFO] 2017-09-20 17:57:27,865: +PARAM [/image/compressedDepth/depth_max] by /image_converter
[rosmaster.master][INFO] 2017-09-20 17:57:27,871: +PARAM [/image/compressedDepth/depth_quantization] by /image_converter
[rosmaster.master][INFO] 2017-09-20 17:57:27,876: +PARAM [/image/compressedDepth/png_level] by /image_converter
[rosmaster.master][INFO] 2017-09-20 17:57:27,886: +PARAM [/image/compressedDepth/depth_max] by /image_converter
[rosmaster.master][INFO] 2017-09-20 17:57:27,892: +PARAM [/image/compressedDepth/depth_quantization] by /image_converter
[rosmaster.master][INFO] 2017-09-20 17:57:27,896: +PUB [/image_marked/compressedDepth] /view http://ubuntu:34941/
[rosmaster.master][INFO] 2017-09-20 17:57:27,900: +PARAM [/image/compressedDepth/png_level] by /image_converter
[rosmaster.master][INFO] 2017-09-20 17:57:27,908: +SERVICE [/image_marked/compressedDepth/set_parameters] /view http://ubuntu:34941/
[rosmaster.master][INFO] 2017-09-20 17:57:27,914: +PUB [/image_marked/compressedDepth/parameter_descriptions] /view http://ubuntu:34941/
[rosmaster.master][INFO] 2017-09-20 17:57:27,919: +PUB [/image_marked/compressedDepth/parameter_updates] /view http://ubuntu:34941/
[rosmaster.master][INFO] 2017-09-20 17:57:27,936: +PARAM [/image_marked/compressedDepth/depth_max] by /view
[rosmaster.master][INFO] 2017-09-20 17:57:27,944: +PARAM [/image_marked/compressedDepth/depth_quantization] by /view
[rosmaster.master][INFO] 2017-09-20 17:57:27,948: +PARAM [/image_marked/compressedDepth/png_level] by /view
[rosmaster.master][INFO] 2017-09-20 17:57:27,951: +PARAM [/image_marked/compressedDepth/depth_max] by /view
[rosmaster.master][INFO] 2017-09-20 17:57:27,956: +PARAM [/image_marked/compressedDepth/depth_quantization] by /view
[rosmaster.master][INFO] 2017-09-20 17:57:27,961: +PARAM [/image_marked/compressedDepth/png_level] by /view
[rosmaster.master][INFO] 2017-09-20 17:57:28,030: +PUB [/camera/image_raw/compressedDepth] /camera http://ubuntu:41978/
[rosmaster.master][INFO] 2017-09-20 17:57:28,031: +SERVICE [/camera/image_raw/compressedDepth/set_parameters] /camera http://ubuntu:41978/
[rosmaster.master][INFO] 2017-09-20 17:57:28,035: +PUB [/camera/image_raw/compressedDepth/parameter_descriptions] /camera http://ubuntu:41978/
[rosmaster.master][INFO] 2017-09-20 17:57:28,040: +PUB [/camera/image_raw/compressedDepth/parameter_updates] /camera http://ubuntu:41978/
[rosmaster.master][INFO] 2017-09-20 17:57:28,044: +PARAM [/camera/image_raw/compressedDepth/depth_max] by /camera
[rosmaster.master][INFO] 2017-09-20 17:57:28,049: +PARAM [/camera/image_raw/compressedDepth/depth_quantization] by /camera
[rosmaster.master][INFO] 2017-09-20 17:57:28,054: +PARAM [/camera/image_raw/compressedDepth/png_level] by /camera
[rosmaster.master][INFO] 2017-09-20 17:57:28,057: +PARAM [/camera/image_raw/compressedDepth/depth_max] by /camera
[rosmaster.master][INFO] 2017-09-20 17:57:28,061: +PUB [/image/compressed] /image_converter http://ubuntu:37994/
[rosmaster.master][INFO] 2017-09-20 17:57:28,063: +PARAM [/camera/image_raw/compressedDepth/depth_quantization] by /camera
[rosmaster.master][INFO] 2017-09-20 17:57:28,065: +SERVICE [/image/compressed/set_parameters] /image_converter http://ubuntu:37994/
[rosmaster.master][INFO] 2017-09-20 17:57:28,072: +PARAM [/camera/image_raw/compressedDepth/png_level] by /camera
[rosmaster.master][INFO] 2017-09-20 17:57:28,077: +PUB [/image/compressed/parameter_descriptions] /image_converter http://ubuntu:37994/
[rosmaster.master][INFO] 2017-09-20 17:57:28,082: +PUB [/image/compressed/parameter_updates] /image_converter http://ubuntu:37994/
[rosmaster.master][INFO] 2017-09-20 17:57:28,095: +PUB [/image_marked/compressed] /view http://ubuntu:34941/
[rosmaster.master][INFO] 2017-09-20 17:57:28,101: +SERVICE [/image_marked/compressed/set_parameters] /view http://ubuntu:34941/
[rosmaster.master][INFO] 2017-09-20 17:57:28,105: +PARAM [/image/compressed/format] by /image_converter
[rosmaster.master][INFO] 2017-09-20 17:57:28,107: +PUB [/image_marked/compressed/parameter_descriptions] /view http://ubuntu:34941/
[rosmaster.master][INFO] 2017-09-20 17:57:28,109: +PARAM [/image/compressed/jpeg_quality] by /image_converter
[rosmaster.master][INFO] 2017-09-20 17:57:28,111: +PUB [/image_marked/compressed/parameter_updates] /view http://ubuntu:34941/
[rosmaster.master][INFO] 2017-09-20 17:57:28,117: +PARAM [/image/compressed/png_level] by /image_converter
[rosmaster.master][INFO] 2017-09-20 17:57:28,120: +PARAM [/image/compressed/format] by /image_converter
[rosmaster.master][INFO] 2017-09-20 17:57:28,126: +PARAM [/image/compressed/jpeg_quality] by /image_converter
[rosmaster.master][INFO] 2017-09-20 17:57:28,132: +PARAM [/image/compressed/png_level] by /image_converter
[rosmaster.master][INFO] 2017-09-20 17:57:28,141: +PARAM [/image_marked/compressed/format] by /view
[rosmaster.master][INFO] 2017-09-20 17:57:28,145: +PARAM [/image_marked/compressed/jpeg_quality] by /view
[rosmaster.master][INFO] 2017-09-20 17:57:28,147: +PARAM [/image_marked/compressed/png_level] by /view
[rosmaster.master][INFO] 2017-09-20 17:57:28,158: +PARAM [/image_marked/compressed/format] by /view
[rosmaster.master][INFO] 2017-09-20 17:57:28,160: +PARAM [/image_marked/compressed/jpeg_quality] by /view
[rosmaster.master][INFO] 2017-09-20 17:57:28,162: +PARAM [/image_marked/compressed/png_level] by /view
[rosmaster.master][INFO] 2017-09-20 17:57:28,179: +PUB [/camera/image_raw/compressed] /camera http://ubuntu:41978/
[rosmaster.master][INFO] 2017-09-20 17:57:28,181: +SERVICE [/camera/image_raw/compressed/set_parameters] /camera http://ubuntu:41978/
[rosmaster.master][INFO] 2017-09-20 17:57:28,184: +PUB [/camera/image_raw/compressed/parameter_descriptions] /camera http://ubuntu:41978/
[rosmaster.master][INFO] 2017-09-20 17:57:28,185: +PUB [/camera/image_raw/compressed/parameter_updates] /camera http://ubuntu:41978/
[rosmaster.master][INFO] 2017-09-20 17:57:28,200: +PARAM [/camera/image_raw/compressed/format] by /camera
[rosmaster.master][INFO] 2017-09-20 17:57:28,205: +PARAM [/camera/image_raw/compressed/jpeg_quality] by /camera
[rosmaster.master][INFO] 2017-09-20 17:57:28,208: +PARAM [/camera/image_raw/compressed/png_level] by /camera
[rosmaster.master][INFO] 2017-09-20 17:57:28,212: +PARAM [/camera/image_raw/compressed/format] by /camera
[rosmaster.master][INFO] 2017-09-20 17:57:28,222: +PARAM [/camera/image_raw/compressed/jpeg_quality] by /camera
[rosmaster.master][INFO] 2017-09-20 17:57:28,226: +PARAM [/camera/image_raw/compressed/png_level] by /camera
[rosmaster.master][INFO] 2017-09-20 17:57:28,261: +PUB [/image] /image_converter http://ubuntu:37994/
[rosmaster.master][INFO] 2017-09-20 17:57:28,302: +PUB [/image_marked] /view http://ubuntu:34941/
[rosmaster.master][INFO] 2017-09-20 17:57:28,355: +PUB [/camera/image_raw] /camera http://ubuntu:41978/
[rosmaster.master][INFO] 2017-09-20 17:57:28,368: publisherUpdate[/camera/image_raw] -> http://ubuntu:37994/ ['http://ubuntu:41978/']
[rosmaster.master][INFO] 2017-09-20 17:57:28,378: publisherUpdate[/camera/image_raw] -> http://ubuntu:37994/ ['http://ubuntu:41978/']: sec=0.01, result=[1, '', 0]
[rosmaster.master][INFO] 2017-09-20 17:57:28,423: +PUB [/image/theora] /image_converter http://ubuntu:37994/
[rosmaster.master][INFO] 2017-09-20 17:57:28,426: +SERVICE [/image/theora/set_parameters] /image_converter http://ubuntu:37994/
[rosmaster.master][INFO] 2017-09-20 17:57:28,433: +PUB [/image/theora/parameter_descriptions] /image_converter http://ubuntu:37994/
[rosmaster.master][INFO] 2017-09-20 17:57:28,433: +PUB [/image/theora/parameter_updates] /image_converter http://ubuntu:37994/
[rosmaster.master][INFO] 2017-09-20 17:57:28,441: +PARAM [/image/theora/optimize_for] by /image_converter
[rosmaster.master][INFO] 2017-09-20 17:57:28,451: +PARAM [/image/theora/target_bitrate] by /image_converter
[rosmaster.master][INFO] 2017-09-20 17:57:28,453: +PARAM [/image/theora/quality] by /image_converter
[rosmaster.master][INFO] 2017-09-20 17:57:28,457: +PARAM [/image/theora/keyframe_frequency] by /image_converter
[rosmaster.master][INFO] 2017-09-20 17:57:28,460: +PARAM [/image/theora/optimize_for] by /image_converter
[rosmaster.master][INFO] 2017-09-20 17:57:28,465: +PARAM [/image/theora/target_bitrate] by /image_converter
[rosmaster.master][INFO] 2017-09-20 17:57:28,470: +PUB [/image_marked/theora] /view http://ubuntu:34941/
[rosmaster.master][INFO] 2017-09-20 17:57:28,470: +PARAM [/image/theora/quality] by /image_converter
[rosmaster.master][INFO] 2017-09-20 17:57:28,473: +SERVICE [/image_marked/theora/set_parameters] /view http://ubuntu:34941/
[rosmaster.master][INFO] 2017-09-20 17:57:28,477: +PARAM [/image/theora/keyframe_frequency] by /image_converter
[rosmaster.master][INFO] 2017-09-20 17:57:28,480: +PUB [/image_marked/theora/parameter_descriptions] /view http://ubuntu:34941/
[rosmaster.master][INFO] 2017-09-20 17:57:28,485: +PUB [/image_marked/theora/parameter_updates] /view http://ubuntu:34941/
[rosmaster.master][INFO] 2017-09-20 17:57:28,494: +PUB [/camera/image_raw/theora] /camera http://ubuntu:41978/
[rosmaster.master][INFO] 2017-09-20 17:57:28,498: +SERVICE [/camera/image_raw/theora/set_parameters] /camera http://ubuntu:41978/
[rosmaster.master][INFO] 2017-09-20 17:57:28,502: +PUB [/camera/image_raw/theora/parameter_descriptions] /camera http://ubuntu:41978/
[rosmaster.master][INFO] 2017-09-20 17:57:28,505: +PARAM [/image_marked/theora/optimize_for] by /view
[rosmaster.master][INFO] 2017-09-20 17:57:28,507: +PUB [/camera/image_raw/theora/parameter_updates] /camera http://ubuntu:41978/
[rosmaster.master][INFO] 2017-09-20 17:57:28,509: +PARAM [/image_marked/theora/target_bitrate] by /view
[rosmaster.master][INFO] 2017-09-20 17:57:28,513: +PARAM [/image_marked/theora/quality] by /view
[rosmaster.master][INFO] 2017-09-20 17:57:28,517: +PARAM [/image_marked/theora/keyframe_frequency] by /view
[rosmaster.master][INFO] 2017-09-20 17:57:28,521: +PARAM [/image_marked/theora/optimize_for] by /view
[rosmaster.master][INFO] 2017-09-20 17:57:28,525: +PARAM [/image_marked/theora/target_bitrate] by /view
[rosmaster.master][INFO] 2017-09-20 17:57:28,527: +PARAM [/camera/image_raw/theora/optimize_for] by /camera
[rosmaster.master][INFO] 2017-09-20 17:57:28,529: +PARAM [/image_marked/theora/quality] by /view
[rosmaster.master][INFO] 2017-09-20 17:57:28,532: +PARAM [/camera/image_raw/theora/target_bitrate] by /camera
[rosmaster.master][INFO] 2017-09-20 17:57:28,533: +PARAM [/image_marked/theora/keyframe_frequency] by /view
[rosmaster.master][INFO] 2017-09-20 17:57:28,540: +PARAM [/camera/image_raw/theora/quality] by /camera
[rosmaster.master][INFO] 2017-09-20 17:57:28,544: +PARAM [/camera/image_raw/theora/keyframe_frequency] by /camera
[rosmaster.master][INFO] 2017-09-20 17:57:28,548: +PARAM [/camera/image_raw/theora/optimize_for] by /camera
[rosmaster.master][INFO] 2017-09-20 17:57:28,552: +PARAM [/camera/image_raw/theora/target_bitrate] by /camera
[rosmaster.master][INFO] 2017-09-20 17:57:28,557: +PARAM [/camera/image_raw/theora/quality] by /camera
[rosmaster.master][INFO] 2017-09-20 17:57:28,560: +PARAM [/camera/image_raw/theora/keyframe_frequency] by /camera
[rosmaster.master][INFO] 2017-09-20 17:57:28,565: +PUB [/camera/camera_info] /camera http://ubuntu:41978/
[rosmaster.master][INFO] 2017-09-20 17:57:28,636: +PUB [/image/marked/compressedDepth] /view http://ubuntu:34941/
[rosmaster.master][INFO] 2017-09-20 17:57:28,638: +SERVICE [/image/marked/compressedDepth/set_parameters] /view http://ubuntu:34941/
[rosmaster.master][INFO] 2017-09-20 17:57:28,640: +PUB [/image/marked/compressedDepth/parameter_descriptions] /view http://ubuntu:34941/
[rosmaster.master][INFO] 2017-09-20 17:57:28,642: +PUB [/image/marked/compressedDepth/parameter_updates] /view http://ubuntu:34941/
[rosmaster.master][INFO] 2017-09-20 17:57:28,649: +PARAM [/image/marked/compressedDepth/depth_max] by /view
[rosmaster.master][INFO] 2017-09-20 17:57:28,651: +PARAM [/image/marked/compressedDepth/depth_quantization] by /view
[rosmaster.master][INFO] 2017-09-20 17:57:28,652: +PARAM [/image/marked/compressedDepth/png_level] by /view
[rosmaster.master][INFO] 2017-09-20 17:57:28,655: +PARAM [/image/marked/compressedDepth/depth_max] by /view
[rosmaster.master][INFO] 2017-09-20 17:57:28,657: +PARAM [/image/marked/compressedDepth/depth_quantization] by /view
[rosmaster.master][INFO] 2017-09-20 17:57:28,659: +PARAM [/image/marked/compressedDepth/png_level] by /view
[rosmaster.master][INFO] 2017-09-20 17:57:28,724: +PUB [/image/marked/compressed] /view http://ubuntu:34941/
[rosmaster.master][INFO] 2017-09-20 17:57:28,726: +SERVICE [/image/marked/compressed/set_parameters] /view http://ubuntu:34941/
[rosmaster.master][INFO] 2017-09-20 17:57:28,728: +PUB [/image/marked/compressed/parameter_descriptions] /view http://ubuntu:34941/
[rosmaster.master][INFO] 2017-09-20 17:57:28,730: +PUB [/image/marked/compressed/parameter_updates] /view http://ubuntu:34941/
[rosmaster.master][INFO] 2017-09-20 17:57:28,737: +PARAM [/image/marked/compressed/format] by /view
[rosmaster.master][INFO] 2017-09-20 17:57:28,738: +PARAM [/image/marked/compressed/jpeg_quality] by /view
[rosmaster.master][INFO] 2017-09-20 17:57:28,740: +PARAM [/image/marked/compressed/png_level] by /view
[rosmaster.master][INFO] 2017-09-20 17:57:28,742: +PARAM [/image/marked/compressed/format] by /view
[rosmaster.master][INFO] 2017-09-20 17:57:28,745: +PARAM [/image/marked/compressed/jpeg_quality] by /view
[rosmaster.master][INFO] 2017-09-20 17:57:28,747: +PARAM [/image/marked/compressed/png_level] by /view
[rosmaster.master][INFO] 2017-09-20 17:57:28,810: +PUB [/image/marked] /view http://ubuntu:34941/
[rosmaster.master][INFO] 2017-09-20 17:57:28,889: +PUB [/image/marked/theora] /view http://ubuntu:34941/
[rosmaster.master][INFO] 2017-09-20 17:57:28,890: +SERVICE [/image/marked/theora/set_parameters] /view http://ubuntu:34941/
[rosmaster.master][INFO] 2017-09-20 17:57:28,891: +PUB [/image/marked/theora/parameter_descriptions] /view http://ubuntu:34941/
[rosmaster.master][INFO] 2017-09-20 17:57:28,893: +PUB [/image/marked/theora/parameter_updates] /view http://ubuntu:34941/
[rosmaster.master][INFO] 2017-09-20 17:57:28,902: +PARAM [/image/marked/theora/optimize_for] by /view
[rosmaster.master][INFO] 2017-09-20 17:57:28,905: +PARAM [/image/marked/theora/target_bitrate] by /view
[rosmaster.master][INFO] 2017-09-20 17:57:28,907: +PARAM [/image/marked/theora/quality] by /view
[rosmaster.master][INFO] 2017-09-20 17:57:28,910: +PARAM [/image/marked/theora/keyframe_frequency] by /view
[rosmaster.master][INFO] 2017-09-20 17:57:28,911: +PARAM [/image/marked/theora/optimize_for] by /view
[rosmaster.master][INFO] 2017-09-20 17:57:28,913: +PARAM [/image/marked/theora/target_bitrate] by /view
[rosmaster.master][INFO] 2017-09-20 17:57:28,914: +PARAM [/image/marked/theora/quality] by /view
[rosmaster.master][INFO] 2017-09-20 17:57:28,916: +PARAM [/image/marked/theora/keyframe_frequency] by /view
[rosmaster.master][INFO] 2017-09-20 17:57:28,986: +SUB [/image] /view http://ubuntu:34941/
[rosmaster.master][INFO] 2017-09-20 17:57:28,995: +SUB [/camera_info] /view http://ubuntu:34941/
[rosmaster.master][INFO] 2017-09-20 17:57:29,006: +SUB [/image_marker] /view http://ubuntu:34941/
[rosmaster.master][INFO] 2017-09-20 17:57:29,009: +SUB [/image/event] /view http://ubuntu:34941/
[rosmaster.master][INFO] 2017-09-20 17:57:29,010: +SERVICE [/view/change_mode] /view http://ubuntu:34941/
[rosmaster.master][INFO] 2017-09-20 17:57:29,011: +SERVICE [/view/rectangle_mode] /view http://ubuntu:34941/
[rosmaster.master][INFO] 2017-09-20 17:57:29,011: +SERVICE [/view/grabcut_mode] /view http://ubuntu:34941/
[rosmaster.master][INFO] 2017-09-20 17:57:29,012: +SERVICE [/view/grabcut_rect_mode] /view http://ubuntu:34941/
[rosmaster.master][INFO] 2017-09-20 17:57:29,013: +SERVICE [/view/line_mode] /view http://ubuntu:34941/
[rosmaster.master][INFO] 2017-09-20 17:57:29,013: +SERVICE [/view/poly_mode] /view http://ubuntu:34941/
[rosmaster.master][INFO] 2017-09-20 17:57:29,014: +SERVICE [/view/none_mode] /view http://ubuntu:34941/
[rosmaster.master][INFO] 2017-09-20 17:57:29,015: +SERVICE [/view/set_parameters] /view http://ubuntu:34941/
[rosmaster.master][INFO] 2017-09-20 17:57:29,015: +PUB [/view/parameter_descriptions] /view http://ubuntu:34941/
[rosmaster.master][INFO] 2017-09-20 17:57:29,016: +PUB [/view/parameter_updates] /view http://ubuntu:34941/
[rosmaster.master][INFO] 2017-09-20 17:57:29,021: +PARAM [/view/grid] by /view
[rosmaster.master][INFO] 2017-09-20 17:57:29,023: +PARAM [/view/fisheye_mode] by /view
[rosmaster.master][INFO] 2017-09-20 17:57:29,026: +PARAM [/view/div_u] by /view
[rosmaster.master][INFO] 2017-09-20 17:57:29,029: +PARAM [/view/div_v] by /view
[rosmaster.master][INFO] 2017-09-20 17:57:29,033: +PARAM [/view/grid_red] by /view
[rosmaster.master][INFO] 2017-09-20 17:57:29,036: +PARAM [/view/grid_green] by /view
[rosmaster.master][INFO] 2017-09-20 17:57:29,039: +PARAM [/view/grid_blue] by /view
[rosmaster.master][INFO] 2017-09-20 17:57:29,046: +PARAM [/view/grid_thickness] by /view
[rosmaster.master][INFO] 2017-09-20 17:57:29,050: +PARAM [/view/grid_space] by /view
[rosmaster.master][INFO] 2017-09-20 17:57:29,053: +PARAM [/view/grid] by /view
[rosmaster.master][INFO] 2017-09-20 17:57:29,055: +PARAM [/view/fisheye_mode] by /view
[rosmaster.master][INFO] 2017-09-20 17:57:29,057: +PARAM [/view/div_u] by /view
[rosmaster.master][INFO] 2017-09-20 17:57:29,059: +PARAM [/view/div_v] by /view
[rosmaster.master][INFO] 2017-09-20 17:57:29,061: +PARAM [/view/grid_red] by /view
[rosmaster.master][INFO] 2017-09-20 17:57:29,063: +PARAM [/view/grid_green] by /view
[rosmaster.master][INFO] 2017-09-20 17:57:29,066: +PARAM [/view/grid_blue] by /view
[rosmaster.master][INFO] 2017-09-20 17:57:29,068: +PARAM [/view/grid_thickness] by /view
[rosmaster.master][INFO] 2017-09-20 17:57:29,071: +PARAM [/view/grid_space] by /view
[rosmaster.master][INFO] 2017-09-20 17:57:36,029: -PUB [/rosout] /camera http://ubuntu:41978/
[rosmaster.master][INFO] 2017-09-20 17:57:36,039: -PUB [/camera/image_raw/compressedDepth] /camera http://ubuntu:41978/
[rosmaster.master][INFO] 2017-09-20 17:57:36,040: -PUB [/camera/image_raw/compressedDepth/parameter_descriptions] /camera http://ubuntu:41978/
[rosmaster.master][INFO] 2017-09-20 17:57:36,051: -PUB [/camera/image_raw/compressedDepth/parameter_updates] /camera http://ubuntu:41978/
[rosmaster.master][INFO] 2017-09-20 17:57:36,054: -PUB [/camera/image_raw/compressed] /camera http://ubuntu:41978/
[rosmaster.master][INFO] 2017-09-20 17:57:36,061: -PUB [/camera/image_raw/compressed/parameter_descriptions] /camera http://ubuntu:41978/
[rosmaster.master][INFO] 2017-09-20 17:57:36,063: -PUB [/rosout] /view http://ubuntu:34941/
[rosmaster.master][INFO] 2017-09-20 17:57:36,064: -PUB [/camera/image_raw/compressed/parameter_updates] /camera http://ubuntu:41978/
[rosmaster.master][INFO] 2017-09-20 17:57:36,066: -PUB [/camera/image_raw] /camera http://ubuntu:41978/
[rosmaster.master][INFO] 2017-09-20 17:57:36,075: -PUB [/image/screenpoint] /view http://ubuntu:34941/
[rosmaster.master][INFO] 2017-09-20 17:57:36,076: -PUB [/camera/image_raw/theora] /camera http://ubuntu:41978/
[rosmaster.master][INFO] 2017-09-20 17:57:36,083: -PUB [/camera/image_raw/theora/parameter_descriptions] /camera http://ubuntu:41978/
[rosmaster.master][INFO] 2017-09-20 17:57:36,085: -PUB [/image/screenpoint_array] /view http://ubuntu:34941/
[rosmaster.master][INFO] 2017-09-20 17:57:36,085: -PUB [/camera/image_raw/theora/parameter_updates] /camera http://ubuntu:41978/
[rosmaster.master][INFO] 2017-09-20 17:57:36,090: -PUB [/image/screenrectangle] /view http://ubuntu:34941/
[rosmaster.master][INFO] 2017-09-20 17:57:36,091: -PUB [/camera/camera_info] /camera http://ubuntu:41978/
[rosmaster.master][INFO] 2017-09-20 17:57:36,103: -PUB [/image/screenrectangle_image] /view http://ubuntu:34941/
[rosmaster.master][INFO] 2017-09-20 17:57:36,104: -SERVICE [/camera/get_loggers] /camera rosrpc://ubuntu:57010
[rosmaster.master][INFO] 2017-09-20 17:57:36,109: publisherUpdate[/rosout] -> http://ubuntu:44135/ ['http://ubuntu:37994/', 'http://ubuntu:34941/']
[rosmaster.master][INFO] 2017-09-20 17:57:36,111: publisherUpdate[/camera/image_raw] -> http://ubuntu:37994/ []
[rosmaster.master][INFO] 2017-09-20 17:57:36,113: publisherUpdate[/rosout] -> http://ubuntu:44135/ ['http://ubuntu:37994/', 'http://ubuntu:34941/']: sec=0.00, result=[1, '', 0]
[rosmaster.master][INFO] 2017-09-20 17:57:36,114: publisherUpdate[/rosout] -> http://ubuntu:44135/ ['http://ubuntu:37994/']
[rosmaster.master][INFO] 2017-09-20 17:57:36,115: publisherUpdate[/rosout] -> http://ubuntu:44135/ ['http://ubuntu:37994/']: sec=0.00, result=[1, '', 0]
[rosmaster.master][INFO] 2017-09-20 17:57:36,119: publisherUpdate[/camera/image_raw] -> http://ubuntu:37994/ []: sec=0.01, result=[1, '', 0]
[rosmaster.master][INFO] 2017-09-20 17:57:36,119: -PUB [/image/movepoint] /view http://ubuntu:34941/
[rosmaster.master][INFO] 2017-09-20 17:57:36,133: -SERVICE [/camera/set_logger_level] /camera rosrpc://ubuntu:57010
[rosmaster.master][INFO] 2017-09-20 17:57:36,136: -PUB [/image/foreground] /view http://ubuntu:34941/
[rosmaster.master][INFO] 2017-09-20 17:57:36,141: -PUB [/image/background] /view http://ubuntu:34941/
[rosmaster.master][INFO] 2017-09-20 17:57:36,141: -SERVICE [/camera/set_camera_info] /camera rosrpc://ubuntu:57010
[rosmaster.master][INFO] 2017-09-20 17:57:36,145: -PUB [/image/foreground_rect] /view http://ubuntu:34941/
[rosmaster.master][INFO] 2017-09-20 17:57:36,145: -SERVICE [/camera/image_raw/compressedDepth/set_parameters] /camera rosrpc://ubuntu:57010
[rosmaster.master][INFO] 2017-09-20 17:57:36,151: -PUB [/image/background_rect] /view http://ubuntu:34941/
[rosmaster.master][INFO] 2017-09-20 17:57:36,157: -SERVICE [/camera/image_raw/compressed/set_parameters] /camera rosrpc://ubuntu:57010
[rosmaster.master][INFO] 2017-09-20 17:57:36,169: -PUB [/image/line] /view http://ubuntu:34941/
[rosmaster.master][INFO] 2017-09-20 17:57:36,171: -SERVICE [/camera/image_raw/theora/set_parameters] /camera rosrpc://ubuntu:57010
[rosmaster.master][INFO] 2017-09-20 17:57:36,178: -PUB [/image/poly] /view http://ubuntu:34941/
[rosmaster.master][INFO] 2017-09-20 17:57:36,182: -PUB [/image_marked/compressedDepth] /view http://ubuntu:34941/
[rosmaster.master][INFO] 2017-09-20 17:57:36,186: -PUB [/image_marked/compressedDepth/parameter_descriptions] /view http://ubuntu:34941/
[rosmaster.master][INFO] 2017-09-20 17:57:36,195: -PUB [/image_marked/compressedDepth/parameter_updates] /view http://ubuntu:34941/
[rosmaster.master][INFO] 2017-09-20 17:57:36,210: -PUB [/image_marked/compressed] /view http://ubuntu:34941/
[rosmaster.master][INFO] 2017-09-20 17:57:36,212: -PUB [/image_marked/compressed/parameter_descriptions] /view http://ubuntu:34941/
[rosmaster.master][INFO] 2017-09-20 17:57:36,216: -PUB [/image_marked/compressed/parameter_updates] /view http://ubuntu:34941/
[rosmaster.master][INFO] 2017-09-20 17:57:36,221: -PUB [/rosout] /image_converter http://ubuntu:37994/
[rosmaster.master][INFO] 2017-09-20 17:57:36,228: -PUB [/image_marked] /view http://ubuntu:34941/
[rosmaster.master][INFO] 2017-09-20 17:57:36,238: -PUB [/image/compressedDepth] /image_converter http://ubuntu:37994/
[rosmaster.master][INFO] 2017-09-20 17:57:36,241: -PUB [/image_marked/theora] /view http://ubuntu:34941/
[rosmaster.master][INFO] 2017-09-20 17:57:36,245: -PUB [/image_marked/theora/parameter_descriptions] /view http://ubuntu:34941/
[rosmaster.master][INFO] 2017-09-20 17:57:36,249: -PUB [/image/compressedDepth/parameter_descriptions] /image_converter http://ubuntu:37994/
[rosmaster.master][INFO] 2017-09-20 17:57:36,252: -PUB [/image_marked/theora/parameter_updates] /view http://ubuntu:34941/
[rosmaster.master][INFO] 2017-09-20 17:57:36,256: -PUB [/image/compressedDepth/parameter_updates] /image_converter http://ubuntu:37994/
[rosmaster.master][INFO] 2017-09-20 17:57:36,270: -PUB [/image/marked/compressedDepth] /view http://ubuntu:34941/
[rosmaster.master][INFO] 2017-09-20 17:57:36,270: -PUB [/image/compressed] /image_converter http://ubuntu:37994/
[rosmaster.master][INFO] 2017-09-20 17:57:36,273: -PUB [/image/marked/compressedDepth/parameter_descriptions] /view http://ubuntu:34941/
[rosmaster.master][INFO] 2017-09-20 17:57:36,277: -PUB [/image/marked/compressedDepth/parameter_updates] /view http://ubuntu:34941/
[rosmaster.master][INFO] 2017-09-20 17:57:36,277: -PUB [/image/compressed/parameter_descriptions] /image_converter http://ubuntu:37994/
[rosmaster.master][INFO] 2017-09-20 17:57:36,290: -PUB [/image/marked/compressed] /view http://ubuntu:34941/
[rosmaster.master][INFO] 2017-09-20 17:57:36,297: -PUB [/image/compressed/parameter_updates] /image_converter http://ubuntu:37994/
[rosmaster.master][INFO] 2017-09-20 17:57:36,300: -PUB [/image/marked/compressed/parameter_descriptions] /view http://ubuntu:34941/
[rosmaster.master][INFO] 2017-09-20 17:57:36,303: -PUB [/image/marked/compressed/parameter_updates] /view http://ubuntu:34941/
[rosmaster.master][INFO] 2017-09-20 17:57:36,306: -PUB [/image/marked] /view http://ubuntu:34941/
[rosmaster.master][INFO] 2017-09-20 17:57:36,313: publisherUpdate[/rosout] -> http://ubuntu:44135/ []
[rosmaster.master][INFO] 2017-09-20 17:57:36,314: publisherUpdate[/rosout] -> http://ubuntu:44135/ []: sec=0.00, result=[1, '', 0]
[rosmaster.master][INFO] 2017-09-20 17:57:36,316: -PUB [/image/marked/theora] /view http://ubuntu:34941/
[rosmaster.master][INFO] 2017-09-20 17:57:36,319: -PUB [/image] /image_converter http://ubuntu:37994/
[rosmaster.master][INFO] 2017-09-20 17:57:36,321: publisherUpdate[/image] -> http://ubuntu:34941/ []
[rosmaster.master][INFO] 2017-09-20 17:57:36,326: publisherUpdate[/image] -> http://ubuntu:34941/ []: sec=0.00, exception=<Fault -1: 'publisherUpdate: unknown method name'>
[rosmaster.threadpool][ERROR] 2017-09-20 17:57:36,338: Traceback (most recent call last):
  File "/opt/ros/kinetic/lib/python2.7/dist-packages/rosmaster/threadpool.py", line 218, in run
    result = cmd(*args)
  File "/opt/ros/kinetic/lib/python2.7/dist-packages/rosmaster/master_api.py", line 210, in publisher_update_task
    ret = xmlrpcapi(api).publisherUpdate('/master', topic, pub_uris)
  File "/usr/lib/python2.7/xmlrpclib.py", line 1243, in __call__
    return self.__send(self.__name, args)
  File "/usr/lib/python2.7/xmlrpclib.py", line 1602, in __request
    verbose=self.__verbose
  File "/usr/lib/python2.7/xmlrpclib.py", line 1283, in request
    return self.single_request(host, handler, request_body, verbose)
  File "/usr/lib/python2.7/xmlrpclib.py", line 1316, in single_request
    return self.parse_response(response)
  File "/usr/lib/python2.7/xmlrpclib.py", line 1493, in parse_response
    return u.close()
  File "/usr/lib/python2.7/xmlrpclib.py", line 800, in close
    raise Fault(**self._stack[0])
Fault: <Fault -1: 'publisherUpdate: unknown method name'>

[rosmaster.master][INFO] 2017-09-20 17:57:36,338: -PUB [/image/marked/theora/parameter_descriptions] /view http://ubuntu:34941/
[rosmaster.master][INFO] 2017-09-20 17:57:36,344: -PUB [/image/theora] /image_converter http://ubuntu:37994/
[rosmaster.master][INFO] 2017-09-20 17:57:36,347: -PUB [/image/marked/theora/parameter_updates] /view http://ubuntu:34941/
[rosmaster.master][INFO] 2017-09-20 17:57:36,347: -PUB [/view/parameter_descriptions] /view http://ubuntu:34941/
[rosmaster.master][INFO] 2017-09-20 17:57:36,350: -PUB [/view/parameter_updates] /view http://ubuntu:34941/
[rosmaster.master][INFO] 2017-09-20 17:57:36,352: -PUB [/image/theora/parameter_descriptions] /image_converter http://ubuntu:37994/
[rosmaster.master][INFO] 2017-09-20 17:57:36,353: -SUB [/tf] /view http://ubuntu:34941/
[rosmaster.master][INFO] 2017-09-20 17:57:36,356: -SUB [/tf_static] /view http://ubuntu:34941/
[rosmaster.master][INFO] 2017-09-20 17:57:36,364: -PUB [/image/theora/parameter_updates] /image_converter http://ubuntu:37994/
[rosmaster.master][INFO] 2017-09-20 17:57:36,367: -SUB [/camera/image_raw] /image_converter http://ubuntu:37994/
[rosmaster.master][INFO] 2017-09-20 17:57:36,369: -SERVICE [/image_converter/get_loggers] /image_converter rosrpc://ubuntu:56261
[rosmaster.master][INFO] 2017-09-20 17:57:36,370: -SUB [/image] /view http://ubuntu:34941/
[rosmaster.master][INFO] 2017-09-20 17:57:36,372: -SUB [/camera_info] /view http://ubuntu:34941/
[rosmaster.master][INFO] 2017-09-20 17:57:36,380: -SERVICE [/image_converter/set_logger_level] /image_converter rosrpc://ubuntu:56261
[rosmaster.master][INFO] 2017-09-20 17:57:36,388: -SUB [/image_marker] /view http://ubuntu:34941/
[rosmaster.master][INFO] 2017-09-20 17:57:36,390: -SUB [/image/event] /view http://ubuntu:34941/
[rosmaster.master][INFO] 2017-09-20 17:57:36,392: -SERVICE [/view/get_loggers] /view rosrpc://ubuntu:56447
[rosmaster.master][INFO] 2017-09-20 17:57:36,395: -SERVICE [/view/set_logger_level] /view rosrpc://ubuntu:56447
[rosmaster.master][INFO] 2017-09-20 17:57:36,403: -SERVICE [/image/compressedDepth/set_parameters] /image_converter rosrpc://ubuntu:56261
[rosmaster.master][INFO] 2017-09-20 17:57:36,404: -SERVICE [/image_marked/compressedDepth/set_parameters] /view rosrpc://ubuntu:56447
[rosmaster.master][INFO] 2017-09-20 17:57:36,408: -SERVICE [/image/compressed/set_parameters] /image_converter rosrpc://ubuntu:56261
[rosmaster.master][INFO] 2017-09-20 17:57:36,411: -SERVICE [/image_marked/compressed/set_parameters] /view rosrpc://ubuntu:56447
[rosmaster.master][INFO] 2017-09-20 17:57:36,416: -SERVICE [/image_marked/theora/set_parameters] /view rosrpc://ubuntu:56447
[rosmaster.master][INFO] 2017-09-20 17:57:36,425: -SERVICE [/image/theora/set_parameters] /image_converter rosrpc://ubuntu:56261
[rosmaster.master][INFO] 2017-09-20 17:57:36,430: -SERVICE [/image/marked/compressedDepth/set_parameters] /view rosrpc://ubuntu:56447
[rosmaster.master][INFO] 2017-09-20 17:57:36,435: -SERVICE [/image/marked/compressed/set_parameters] /view rosrpc://ubuntu:56447
[rosmaster.master][INFO] 2017-09-20 17:57:36,441: -SERVICE [/image/marked/theora/set_parameters] /view rosrpc://ubuntu:56447
[rosmaster.master][INFO] 2017-09-20 17:57:36,445: -SERVICE [/view/change_mode] /view rosrpc://ubuntu:56447
[rosmaster.master][INFO] 2017-09-20 17:57:36,456: -SERVICE [/view/rectangle_mode] /view rosrpc://ubuntu:56447
[rosmaster.master][INFO] 2017-09-20 17:57:36,460: -SERVICE [/view/grabcut_mode] /view rosrpc://ubuntu:56447
[rosmaster.master][INFO] 2017-09-20 17:57:36,464: -SERVICE [/view/grabcut_rect_mode] /view rosrpc://ubuntu:56447
[rosmaster.master][INFO] 2017-09-20 17:57:36,466: -SERVICE [/view/line_mode] /view rosrpc://ubuntu:56447
[rosmaster.master][INFO] 2017-09-20 17:57:36,470: -SERVICE [/view/poly_mode] /view rosrpc://ubuntu:56447
[rosmaster.master][INFO] 2017-09-20 17:57:36,472: -SERVICE [/view/none_mode] /view rosrpc://ubuntu:56447
[rosmaster.master][INFO] 2017-09-20 17:57:36,474: -SERVICE [/view/set_parameters] /view rosrpc://ubuntu:56447
[rosmaster.master][INFO] 2017-09-20 17:57:36,719: -PUB [/rosout_agg] /rosout http://ubuntu:44135/
[rosmaster.master][INFO] 2017-09-20 17:57:36,720: -SUB [/rosout] /rosout http://ubuntu:44135/
[rosmaster.master][INFO] 2017-09-20 17:57:36,721: -SERVICE [/rosout/get_loggers] /rosout rosrpc://ubuntu:41296
[rosmaster.master][INFO] 2017-09-20 17:57:36,725: -SERVICE [/rosout/set_logger_level] /rosout rosrpc://ubuntu:41296
[rosmaster.main][INFO] 2017-09-20 17:57:36,830: keyboard interrupt, will exit
[rosmaster.main][INFO] 2017-09-20 17:57:36,831: stopping master...
[rospy.core][INFO] 2017-09-20 17:57:36,831: signal_shutdown [atexit]
