[rosmaster.main][INFO] 2017-09-23 17:46:45,204: initialization complete, waiting for shutdown
[rosmaster.main][INFO] 2017-09-23 17:46:45,205: Starting ROS Master Node
[xmlrpc][INFO] 2017-09-23 17:46:45,205: XML-RPC server binding to 0.0.0.0:11311
[xmlrpc][INFO] 2017-09-23 17:46:45,205: Started XML-RPC server [http://ubuntu:11311/]
[xmlrpc][INFO] 2017-09-23 17:46:45,206: xml rpc node: starting XML-RPC server
[rosmaster.master][INFO] 2017-09-23 17:46:45,206: Master initialized: port[11311], uri[http://ubuntu:11311/]
[rosmaster.master][INFO] 2017-09-23 17:46:45,246: +PARAM [/run_id] by /roslaunch
[rosmaster.master][INFO] 2017-09-23 17:46:45,247: +PARAM [/roslaunch/uris/host_ubuntu__45132] by /roslaunch
[rosmaster.master][INFO] 2017-09-23 17:46:45,345: +PARAM [/rosversion] by /roslaunch
[rosmaster.master][INFO] 2017-09-23 17:46:45,345: +PARAM [/rosdistro] by /roslaunch
[rosmaster.master][INFO] 2017-09-23 17:46:45,345: +PARAM [/camera/device_id] by /roslaunch
[rosmaster.master][INFO] 2017-09-23 17:46:45,391: +SERVICE [/rosout/get_loggers] /rosout http://ubuntu:33410/
[rosmaster.master][INFO] 2017-09-23 17:46:45,396: +SERVICE [/rosout/set_logger_level] /rosout http://ubuntu:33410/
[rosmaster.master][INFO] 2017-09-23 17:46:45,400: +PUB [/rosout_agg] /rosout http://ubuntu:33410/
[rosmaster.master][INFO] 2017-09-23 17:46:45,441: +SUB [/rosout] /rosout http://ubuntu:33410/
[rosmaster.master][INFO] 2017-09-23 17:46:45,517: +PUB [/rosout] /mask_orange http://ubuntu:32985/
[rosmaster.master][INFO] 2017-09-23 17:46:45,519: +SERVICE [/mask_orange/get_loggers] /mask_orange http://ubuntu:32985/
[rosmaster.master][INFO] 2017-09-23 17:46:45,520: +SERVICE [/mask_orange/set_logger_level] /mask_orange http://ubuntu:32985/
[rosmaster.master][INFO] 2017-09-23 17:46:45,608: publisherUpdate[/rosout] -> http://ubuntu:33410/ ['http://ubuntu:32985/']
[rosmaster.master][INFO] 2017-09-23 17:46:45,613: publisherUpdate[/rosout] -> http://ubuntu:33410/ ['http://ubuntu:32985/']: sec=0.00, result=[1, '', 0]
[rosmaster.master][INFO] 2017-09-23 17:46:45,615: +PUB [/rosout] /view http://ubuntu:40828/
[rosmaster.master][INFO] 2017-09-23 17:46:45,621: +SERVICE [/view/get_loggers] /view http://ubuntu:40828/
[rosmaster.master][INFO] 2017-09-23 17:46:45,626: +SERVICE [/view/set_logger_level] /view http://ubuntu:40828/
[rosmaster.master][INFO] 2017-09-23 17:46:45,627: +PUB [/rosout] /camera http://ubuntu:36640/
[rosmaster.master][INFO] 2017-09-23 17:46:45,630: +SERVICE [/camera/get_loggers] /camera http://ubuntu:36640/
[rosmaster.master][INFO] 2017-09-23 17:46:45,633: +SERVICE [/camera/set_logger_level] /camera http://ubuntu:36640/
[rosmaster.master][INFO] 2017-09-23 17:46:45,649: +SUB [/tf] /view http://ubuntu:40828/
[rosmaster.master][INFO] 2017-09-23 17:46:45,657: +SUB [/tf_static] /view http://ubuntu:40828/
[rosmaster.master][INFO] 2017-09-23 17:46:45,673: +SUB [/camera/image_raw] /mask_orange http://ubuntu:32985/
[rosmaster.master][INFO] 2017-09-23 17:46:45,710: +SERVICE [/camera/set_camera_info] /camera http://ubuntu:36640/
[rosmaster.master][INFO] 2017-09-23 17:46:45,710: publisherUpdate[/rosout] -> http://ubuntu:33410/ ['http://ubuntu:32985/', 'http://ubuntu:40828/']
[rosmaster.master][INFO] 2017-09-23 17:46:45,711: publisherUpdate[/rosout] -> http://ubuntu:33410/ ['http://ubuntu:32985/', 'http://ubuntu:40828/']: sec=0.00, result=[1, '', 0]
[rosmaster.master][INFO] 2017-09-23 17:46:45,711: publisherUpdate[/rosout] -> http://ubuntu:33410/ ['http://ubuntu:32985/', 'http://ubuntu:40828/', 'http://ubuntu:36640/']
[rosmaster.master][INFO] 2017-09-23 17:46:45,712: publisherUpdate[/rosout] -> http://ubuntu:33410/ ['http://ubuntu:32985/', 'http://ubuntu:40828/', 'http://ubuntu:36640/']: sec=0.00, result=[1, '', 0]
[rosmaster.master][INFO] 2017-09-23 17:46:45,721: +PUB [/image/screenpoint] /view http://ubuntu:40828/
[rosmaster.master][INFO] 2017-09-23 17:46:45,722: +PUB [/image/screenpoint_array] /view http://ubuntu:40828/
[rosmaster.master][INFO] 2017-09-23 17:46:45,723: +PUB [/image/screenrectangle] /view http://ubuntu:40828/
[rosmaster.master][INFO] 2017-09-23 17:46:45,724: +PUB [/image/screenrectangle_image] /view http://ubuntu:40828/
[rosmaster.master][INFO] 2017-09-23 17:46:45,725: +PUB [/image/movepoint] /view http://ubuntu:40828/
[rosmaster.master][INFO] 2017-09-23 17:46:45,727: +PUB [/image/foreground] /view http://ubuntu:40828/
[rosmaster.master][INFO] 2017-09-23 17:46:45,728: +PUB [/image/background] /view http://ubuntu:40828/
[rosmaster.master][INFO] 2017-09-23 17:46:45,730: +PUB [/image/foreground_rect] /view http://ubuntu:40828/
[rosmaster.master][INFO] 2017-09-23 17:46:45,731: +PUB [/image/background_rect] /view http://ubuntu:40828/
[rosmaster.master][INFO] 2017-09-23 17:46:45,732: +PUB [/image/line] /view http://ubuntu:40828/
[rosmaster.master][INFO] 2017-09-23 17:46:45,736: +PUB [/image/poly] /view http://ubuntu:40828/
[rosmaster.master][INFO] 2017-09-23 17:46:45,755: +PUB [/image/compressedDepth] /mask_orange http://ubuntu:32985/
[rosmaster.master][INFO] 2017-09-23 17:46:45,757: +SERVICE [/image/compressedDepth/set_parameters] /mask_orange http://ubuntu:32985/
[rosmaster.master][INFO] 2017-09-23 17:46:45,759: +PUB [/image/compressedDepth/parameter_descriptions] /mask_orange http://ubuntu:32985/
[rosmaster.master][INFO] 2017-09-23 17:46:45,760: +PUB [/image/compressedDepth/parameter_updates] /mask_orange http://ubuntu:32985/
[rosmaster.master][INFO] 2017-09-23 17:46:45,769: +PARAM [/image/compressedDepth/depth_max] by /mask_orange
[rosmaster.master][INFO] 2017-09-23 17:46:45,770: +PARAM [/image/compressedDepth/depth_quantization] by /mask_orange
[rosmaster.master][INFO] 2017-09-23 17:46:45,773: +PARAM [/image/compressedDepth/png_level] by /mask_orange
[rosmaster.master][INFO] 2017-09-23 17:46:45,774: +PARAM [/image/compressedDepth/depth_max] by /mask_orange
[rosmaster.master][INFO] 2017-09-23 17:46:45,775: +PARAM [/image/compressedDepth/depth_quantization] by /mask_orange
[rosmaster.master][INFO] 2017-09-23 17:46:45,780: +PARAM [/image/compressedDepth/png_level] by /mask_orange
[rosmaster.master][INFO] 2017-09-23 17:46:45,821: +PUB [/image_marked/compressedDepth] /view http://ubuntu:40828/
[rosmaster.master][INFO] 2017-09-23 17:46:45,822: +SERVICE [/image_marked/compressedDepth/set_parameters] /view http://ubuntu:40828/
[rosmaster.master][INFO] 2017-09-23 17:46:45,823: +PUB [/image_marked/compressedDepth/parameter_descriptions] /view http://ubuntu:40828/
[rosmaster.master][INFO] 2017-09-23 17:46:45,827: +PUB [/image_marked/compressedDepth/parameter_updates] /view http://ubuntu:40828/
[rosmaster.master][INFO] 2017-09-23 17:46:45,830: +PARAM [/image_marked/compressedDepth/depth_max] by /view
[rosmaster.master][INFO] 2017-09-23 17:46:45,830: +PARAM [/image_marked/compressedDepth/depth_quantization] by /view
[rosmaster.master][INFO] 2017-09-23 17:46:45,831: +PARAM [/image_marked/compressedDepth/png_level] by /view
[rosmaster.master][INFO] 2017-09-23 17:46:45,832: +PARAM [/image_marked/compressedDepth/depth_max] by /view
[rosmaster.master][INFO] 2017-09-23 17:46:45,833: +PARAM [/image_marked/compressedDepth/depth_quantization] by /view
[rosmaster.master][INFO] 2017-09-23 17:46:45,835: +PARAM [/image_marked/compressedDepth/png_level] by /view
[rosmaster.master][INFO] 2017-09-23 17:46:45,843: +PUB [/image/compressed] /mask_orange http://ubuntu:32985/
[rosmaster.master][INFO] 2017-09-23 17:46:45,843: +SERVICE [/image/compressed/set_parameters] /mask_orange http://ubuntu:32985/
[rosmaster.master][INFO] 2017-09-23 17:46:45,844: +PUB [/image/compressed/parameter_descriptions] /mask_orange http://ubuntu:32985/
[rosmaster.master][INFO] 2017-09-23 17:46:45,845: +PUB [/image/compressed/parameter_updates] /mask_orange http://ubuntu:32985/
[rosmaster.master][INFO] 2017-09-23 17:46:45,850: +PARAM [/image/compressed/format] by /mask_orange
[rosmaster.master][INFO] 2017-09-23 17:46:45,851: +PARAM [/image/compressed/jpeg_quality] by /mask_orange
[rosmaster.master][INFO] 2017-09-23 17:46:45,852: +PARAM [/image/compressed/png_level] by /mask_orange
[rosmaster.master][INFO] 2017-09-23 17:46:45,855: +PARAM [/image/compressed/format] by /mask_orange
[rosmaster.master][INFO] 2017-09-23 17:46:45,856: +PARAM [/image/compressed/jpeg_quality] by /mask_orange
[rosmaster.master][INFO] 2017-09-23 17:46:45,857: +PARAM [/image/compressed/png_level] by /mask_orange
[rosmaster.master][INFO] 2017-09-23 17:46:45,896: +PUB [/image_marked/compressed] /view http://ubuntu:40828/
[rosmaster.master][INFO] 2017-09-23 17:46:45,897: +SERVICE [/image_marked/compressed/set_parameters] /view http://ubuntu:40828/
[rosmaster.master][INFO] 2017-09-23 17:46:45,898: +PUB [/image_marked/compressed/parameter_descriptions] /view http://ubuntu:40828/
[rosmaster.master][INFO] 2017-09-23 17:46:45,899: +PUB [/image_marked/compressed/parameter_updates] /view http://ubuntu:40828/
[rosmaster.master][INFO] 2017-09-23 17:46:45,901: +PARAM [/image_marked/compressed/format] by /view
[rosmaster.master][INFO] 2017-09-23 17:46:45,902: +PARAM [/image_marked/compressed/jpeg_quality] by /view
[rosmaster.master][INFO] 2017-09-23 17:46:45,905: +PARAM [/image_marked/compressed/png_level] by /view
[rosmaster.master][INFO] 2017-09-23 17:46:45,905: +PARAM [/image_marked/compressed/format] by /view
[rosmaster.master][INFO] 2017-09-23 17:46:45,908: +PARAM [/image_marked/compressed/jpeg_quality] by /view
[rosmaster.master][INFO] 2017-09-23 17:46:45,909: +PARAM [/image_marked/compressed/png_level] by /view
[rosmaster.master][INFO] 2017-09-23 17:46:45,916: +PUB [/image] /mask_orange http://ubuntu:32985/
[rosmaster.master][INFO] 2017-09-23 17:46:45,989: +PUB [/image_marked] /view http://ubuntu:40828/
[rosmaster.master][INFO] 2017-09-23 17:46:46,005: +PUB [/image/theora] /mask_orange http://ubuntu:32985/
[rosmaster.master][INFO] 2017-09-23 17:46:46,005: +SERVICE [/image/theora/set_parameters] /mask_orange http://ubuntu:32985/
[rosmaster.master][INFO] 2017-09-23 17:46:46,006: +PUB [/image/theora/parameter_descriptions] /mask_orange http://ubuntu:32985/
[rosmaster.master][INFO] 2017-09-23 17:46:46,007: +PUB [/image/theora/parameter_updates] /mask_orange http://ubuntu:32985/
[rosmaster.master][INFO] 2017-09-23 17:46:46,013: +PUB [/camera/image_raw/compressedDepth] /camera http://ubuntu:36640/
[rosmaster.master][INFO] 2017-09-23 17:46:46,014: +SERVICE [/camera/image_raw/compressedDepth/set_parameters] /camera http://ubuntu:36640/
[rosmaster.master][INFO] 2017-09-23 17:46:46,015: +PARAM [/image/theora/optimize_for] by /mask_orange
[rosmaster.master][INFO] 2017-09-23 17:46:46,019: +PUB [/camera/image_raw/compressedDepth/parameter_descriptions] /camera http://ubuntu:36640/
[rosmaster.master][INFO] 2017-09-23 17:46:46,020: +PARAM [/image/theora/target_bitrate] by /mask_orange
[rosmaster.master][INFO] 2017-09-23 17:46:46,021: +PUB [/camera/image_raw/compressedDepth/parameter_updates] /camera http://ubuntu:36640/
[rosmaster.master][INFO] 2017-09-23 17:46:46,023: +PARAM [/image/theora/quality] by /mask_orange
[rosmaster.master][INFO] 2017-09-23 17:46:46,024: +PARAM [/image/theora/keyframe_frequency] by /mask_orange
[rosmaster.master][INFO] 2017-09-23 17:46:46,030: +PARAM [/image/theora/optimize_for] by /mask_orange
[rosmaster.master][INFO] 2017-09-23 17:46:46,031: +PARAM [/image/theora/target_bitrate] by /mask_orange
[rosmaster.master][INFO] 2017-09-23 17:46:46,032: +PARAM [/camera/image_raw/compressedDepth/depth_max] by /camera
[rosmaster.master][INFO] 2017-09-23 17:46:46,033: +PARAM [/image/theora/quality] by /mask_orange
[rosmaster.master][INFO] 2017-09-23 17:46:46,033: +PARAM [/camera/image_raw/compressedDepth/depth_quantization] by /camera
[rosmaster.master][INFO] 2017-09-23 17:46:46,036: +PARAM [/image/theora/keyframe_frequency] by /mask_orange
[rosmaster.master][INFO] 2017-09-23 17:46:46,037: +PARAM [/camera/image_raw/compressedDepth/png_level] by /camera
[rosmaster.master][INFO] 2017-09-23 17:46:46,038: +PARAM [/camera/image_raw/compressedDepth/depth_max] by /camera
[rosmaster.master][INFO] 2017-09-23 17:46:46,041: +PARAM [/camera/image_raw/compressedDepth/depth_quantization] by /camera
[rosmaster.master][INFO] 2017-09-23 17:46:46,042: +PARAM [/camera/image_raw/compressedDepth/png_level] by /camera
[rosmaster.master][INFO] 2017-09-23 17:46:46,062: +PUB [/image_marked/theora] /view http://ubuntu:40828/
[rosmaster.master][INFO] 2017-09-23 17:46:46,063: +SERVICE [/image_marked/theora/set_parameters] /view http://ubuntu:40828/
[rosmaster.master][INFO] 2017-09-23 17:46:46,064: +PUB [/image_marked/theora/parameter_descriptions] /view http://ubuntu:40828/
[rosmaster.master][INFO] 2017-09-23 17:46:46,065: +PUB [/image_marked/theora/parameter_updates] /view http://ubuntu:40828/
[rosmaster.master][INFO] 2017-09-23 17:46:46,067: +PARAM [/image_marked/theora/optimize_for] by /view
[rosmaster.master][INFO] 2017-09-23 17:46:46,068: +PARAM [/image_marked/theora/target_bitrate] by /view
[rosmaster.master][INFO] 2017-09-23 17:46:46,069: +PARAM [/image_marked/theora/quality] by /view
[rosmaster.master][INFO] 2017-09-23 17:46:46,073: +PARAM [/image_marked/theora/keyframe_frequency] by /view
[rosmaster.master][INFO] 2017-09-23 17:46:46,074: +PARAM [/image_marked/theora/optimize_for] by /view
[rosmaster.master][INFO] 2017-09-23 17:46:46,075: +PARAM [/image_marked/theora/target_bitrate] by /view
[rosmaster.master][INFO] 2017-09-23 17:46:46,075: +PARAM [/image_marked/theora/quality] by /view
[rosmaster.master][INFO] 2017-09-23 17:46:46,076: +PARAM [/image_marked/theora/keyframe_frequency] by /view
[rosmaster.master][INFO] 2017-09-23 17:46:46,103: +PUB [/camera/image_raw/compressed] /camera http://ubuntu:36640/
[rosmaster.master][INFO] 2017-09-23 17:46:46,104: +SERVICE [/camera/image_raw/compressed/set_parameters] /camera http://ubuntu:36640/
[rosmaster.master][INFO] 2017-09-23 17:46:46,104: +PUB [/camera/image_raw/compressed/parameter_descriptions] /camera http://ubuntu:36640/
[rosmaster.master][INFO] 2017-09-23 17:46:46,105: +PUB [/camera/image_raw/compressed/parameter_updates] /camera http://ubuntu:36640/
[rosmaster.master][INFO] 2017-09-23 17:46:46,107: +PARAM [/camera/image_raw/compressed/format] by /camera
[rosmaster.master][INFO] 2017-09-23 17:46:46,108: +PARAM [/camera/image_raw/compressed/jpeg_quality] by /camera
[rosmaster.master][INFO] 2017-09-23 17:46:46,112: +PARAM [/camera/image_raw/compressed/png_level] by /camera
[rosmaster.master][INFO] 2017-09-23 17:46:46,113: +PARAM [/camera/image_raw/compressed/format] by /camera
[rosmaster.master][INFO] 2017-09-23 17:46:46,114: +PARAM [/camera/image_raw/compressed/jpeg_quality] by /camera
[rosmaster.master][INFO] 2017-09-23 17:46:46,114: +PARAM [/camera/image_raw/compressed/png_level] by /camera
[rosmaster.master][INFO] 2017-09-23 17:46:46,135: +PUB [/image/marked/compressedDepth] /view http://ubuntu:40828/
[rosmaster.master][INFO] 2017-09-23 17:46:46,136: +SERVICE [/image/marked/compressedDepth/set_parameters] /view http://ubuntu:40828/
[rosmaster.master][INFO] 2017-09-23 17:46:46,137: +PUB [/image/marked/compressedDepth/parameter_descriptions] /view http://ubuntu:40828/
[rosmaster.master][INFO] 2017-09-23 17:46:46,138: +PUB [/image/marked/compressedDepth/parameter_updates] /view http://ubuntu:40828/
[rosmaster.master][INFO] 2017-09-23 17:46:46,140: +PARAM [/image/marked/compressedDepth/depth_max] by /view
[rosmaster.master][INFO] 2017-09-23 17:46:46,141: +PARAM [/image/marked/compressedDepth/depth_quantization] by /view
[rosmaster.master][INFO] 2017-09-23 17:46:46,141: +PARAM [/image/marked/compressedDepth/png_level] by /view
[rosmaster.master][INFO] 2017-09-23 17:46:46,144: +PARAM [/image/marked/compressedDepth/depth_max] by /view
[rosmaster.master][INFO] 2017-09-23 17:46:46,145: +PARAM [/image/marked/compressedDepth/depth_quantization] by /view
[rosmaster.master][INFO] 2017-09-23 17:46:46,148: +PARAM [/image/marked/compressedDepth/png_level] by /view
[rosmaster.master][INFO] 2017-09-23 17:46:46,176: +PUB [/camera/image_raw] /camera http://ubuntu:36640/
[rosmaster.master][INFO] 2017-09-23 17:46:46,200: +PUB [/image/marked/compressed] /view http://ubuntu:40828/
[rosmaster.master][INFO] 2017-09-23 17:46:46,201: +SERVICE [/image/marked/compressed/set_parameters] /view http://ubuntu:40828/
[rosmaster.master][INFO] 2017-09-23 17:46:46,202: +PUB [/image/marked/compressed/parameter_descriptions] /view http://ubuntu:40828/
[rosmaster.master][INFO] 2017-09-23 17:46:46,203: +PUB [/image/marked/compressed/parameter_updates] /view http://ubuntu:40828/
[rosmaster.master][INFO] 2017-09-23 17:46:46,205: +PARAM [/image/marked/compressed/format] by /view
[rosmaster.master][INFO] 2017-09-23 17:46:46,205: +PARAM [/image/marked/compressed/jpeg_quality] by /view
[rosmaster.master][INFO] 2017-09-23 17:46:46,206: +PARAM [/image/marked/compressed/png_level] by /view
[rosmaster.master][INFO] 2017-09-23 17:46:46,207: +PARAM [/image/marked/compressed/format] by /view
[rosmaster.master][INFO] 2017-09-23 17:46:46,207: +PARAM [/image/marked/compressed/jpeg_quality] by /view
[rosmaster.master][INFO] 2017-09-23 17:46:46,213: +PARAM [/image/marked/compressed/png_level] by /view
[rosmaster.master][INFO] 2017-09-23 17:46:46,219: publisherUpdate[/camera/image_raw] -> http://ubuntu:32985/ ['http://ubuntu:36640/']
[rosmaster.master][INFO] 2017-09-23 17:46:46,220: publisherUpdate[/camera/image_raw] -> http://ubuntu:32985/ ['http://ubuntu:36640/']: sec=0.00, result=[1, '', 0]
[rosmaster.master][INFO] 2017-09-23 17:46:46,242: +PUB [/camera/image_raw/theora] /camera http://ubuntu:36640/
[rosmaster.master][INFO] 2017-09-23 17:46:46,243: +SERVICE [/camera/image_raw/theora/set_parameters] /camera http://ubuntu:36640/
[rosmaster.master][INFO] 2017-09-23 17:46:46,244: +PUB [/camera/image_raw/theora/parameter_descriptions] /camera http://ubuntu:36640/
[rosmaster.master][INFO] 2017-09-23 17:46:46,245: +PUB [/camera/image_raw/theora/parameter_updates] /camera http://ubuntu:36640/
[rosmaster.master][INFO] 2017-09-23 17:46:46,247: +PARAM [/camera/image_raw/theora/optimize_for] by /camera
[rosmaster.master][INFO] 2017-09-23 17:46:46,250: +PARAM [/camera/image_raw/theora/target_bitrate] by /camera
[rosmaster.master][INFO] 2017-09-23 17:46:46,251: +PARAM [/camera/image_raw/theora/quality] by /camera
[rosmaster.master][INFO] 2017-09-23 17:46:46,252: +PARAM [/camera/image_raw/theora/keyframe_frequency] by /camera
[rosmaster.master][INFO] 2017-09-23 17:46:46,252: +PARAM [/camera/image_raw/theora/optimize_for] by /camera
[rosmaster.master][INFO] 2017-09-23 17:46:46,257: +PARAM [/camera/image_raw/theora/target_bitrate] by /camera
[rosmaster.master][INFO] 2017-09-23 17:46:46,257: +PARAM [/camera/image_raw/theora/quality] by /camera
[rosmaster.master][INFO] 2017-09-23 17:46:46,258: +PARAM [/camera/image_raw/theora/keyframe_frequency] by /camera
[rosmaster.master][INFO] 2017-09-23 17:46:46,259: +PUB [/camera/camera_info] /camera http://ubuntu:36640/
[rosmaster.master][INFO] 2017-09-23 17:46:46,271: +PUB [/image/marked] /view http://ubuntu:40828/
[rosmaster.master][INFO] 2017-09-23 17:46:46,305: +PUB [/image/marked/theora] /view http://ubuntu:40828/
[rosmaster.master][INFO] 2017-09-23 17:46:46,305: +SERVICE [/image/marked/theora/set_parameters] /view http://ubuntu:40828/
[rosmaster.master][INFO] 2017-09-23 17:46:46,306: +PUB [/image/marked/theora/parameter_descriptions] /view http://ubuntu:40828/
[rosmaster.master][INFO] 2017-09-23 17:46:46,307: +PUB [/image/marked/theora/parameter_updates] /view http://ubuntu:40828/
[rosmaster.master][INFO] 2017-09-23 17:46:46,310: +PARAM [/image/marked/theora/optimize_for] by /view
[rosmaster.master][INFO] 2017-09-23 17:46:46,310: +PARAM [/image/marked/theora/target_bitrate] by /view
[rosmaster.master][INFO] 2017-09-23 17:46:46,311: +PARAM [/image/marked/theora/quality] by /view
[rosmaster.master][INFO] 2017-09-23 17:46:46,311: +PARAM [/image/marked/theora/keyframe_frequency] by /view
[rosmaster.master][INFO] 2017-09-23 17:46:46,312: +PARAM [/image/marked/theora/optimize_for] by /view
[rosmaster.master][INFO] 2017-09-23 17:46:46,313: +PARAM [/image/marked/theora/target_bitrate] by /view
[rosmaster.master][INFO] 2017-09-23 17:46:46,314: +PARAM [/image/marked/theora/quality] by /view
[rosmaster.master][INFO] 2017-09-23 17:46:46,314: +PARAM [/image/marked/theora/keyframe_frequency] by /view
[rosmaster.master][INFO] 2017-09-23 17:46:46,354: +SUB [/image] /view http://ubuntu:40828/
[rosmaster.master][INFO] 2017-09-23 17:46:46,360: +SUB [/camera_info] /view http://ubuntu:40828/
[rosmaster.master][INFO] 2017-09-23 17:46:46,363: +SUB [/image_marker] /view http://ubuntu:40828/
[rosmaster.master][INFO] 2017-09-23 17:46:46,366: +SUB [/image/event] /view http://ubuntu:40828/
[rosmaster.master][INFO] 2017-09-23 17:46:46,367: +SERVICE [/view/change_mode] /view http://ubuntu:40828/
[rosmaster.master][INFO] 2017-09-23 17:46:46,368: +SERVICE [/view/rectangle_mode] /view http://ubuntu:40828/
[rosmaster.master][INFO] 2017-09-23 17:46:46,368: +SERVICE [/view/grabcut_mode] /view http://ubuntu:40828/
[rosmaster.master][INFO] 2017-09-23 17:46:46,369: +SERVICE [/view/grabcut_rect_mode] /view http://ubuntu:40828/
[rosmaster.master][INFO] 2017-09-23 17:46:46,370: +SERVICE [/view/line_mode] /view http://ubuntu:40828/
[rosmaster.master][INFO] 2017-09-23 17:46:46,370: +SERVICE [/view/poly_mode] /view http://ubuntu:40828/
[rosmaster.master][INFO] 2017-09-23 17:46:46,371: +SERVICE [/view/none_mode] /view http://ubuntu:40828/
[rosmaster.master][INFO] 2017-09-23 17:46:46,372: +SERVICE [/view/set_parameters] /view http://ubuntu:40828/
[rosmaster.master][INFO] 2017-09-23 17:46:46,373: +PUB [/view/parameter_descriptions] /view http://ubuntu:40828/
[rosmaster.master][INFO] 2017-09-23 17:46:46,373: +PUB [/view/parameter_updates] /view http://ubuntu:40828/
[rosmaster.master][INFO] 2017-09-23 17:46:46,379: +PARAM [/view/grid] by /view
[rosmaster.master][INFO] 2017-09-23 17:46:46,380: +PARAM [/view/fisheye_mode] by /view
[rosmaster.master][INFO] 2017-09-23 17:46:46,381: +PARAM [/view/div_u] by /view
[rosmaster.master][INFO] 2017-09-23 17:46:46,381: +PARAM [/view/div_v] by /view
[rosmaster.master][INFO] 2017-09-23 17:46:46,382: +PARAM [/view/grid_red] by /view
[rosmaster.master][INFO] 2017-09-23 17:46:46,383: +PARAM [/view/grid_green] by /view
[rosmaster.master][INFO] 2017-09-23 17:46:46,383: +PARAM [/view/grid_blue] by /view
[rosmaster.master][INFO] 2017-09-23 17:46:46,384: +PARAM [/view/grid_thickness] by /view
[rosmaster.master][INFO] 2017-09-23 17:46:46,385: +PARAM [/view/grid_space] by /view
[rosmaster.master][INFO] 2017-09-23 17:46:46,385: +PARAM [/view/grid] by /view
[rosmaster.master][INFO] 2017-09-23 17:46:46,386: +PARAM [/view/fisheye_mode] by /view
[rosmaster.master][INFO] 2017-09-23 17:46:46,387: +PARAM [/view/div_u] by /view
[rosmaster.master][INFO] 2017-09-23 17:46:46,387: +PARAM [/view/div_v] by /view
[rosmaster.master][INFO] 2017-09-23 17:46:46,388: +PARAM [/view/grid_red] by /view
[rosmaster.master][INFO] 2017-09-23 17:46:46,389: +PARAM [/view/grid_green] by /view
[rosmaster.master][INFO] 2017-09-23 17:46:46,389: +PARAM [/view/grid_blue] by /view
[rosmaster.master][INFO] 2017-09-23 17:46:46,390: +PARAM [/view/grid_thickness] by /view
[rosmaster.master][INFO] 2017-09-23 17:46:46,391: +PARAM [/view/grid_space] by /view
[rosmaster.master][INFO] 2017-09-23 17:46:57,151: -PUB [/rosout] /mask_orange http://ubuntu:32985/
[rosmaster.master][INFO] 2017-09-23 17:46:57,155: -PUB [/image/compressedDepth] /mask_orange http://ubuntu:32985/
[rosmaster.master][INFO] 2017-09-23 17:46:57,157: -PUB [/image/compressedDepth/parameter_descriptions] /mask_orange http://ubuntu:32985/
[rosmaster.master][INFO] 2017-09-23 17:46:57,160: -PUB [/image/compressedDepth/parameter_updates] /mask_orange http://ubuntu:32985/
[rosmaster.master][INFO] 2017-09-23 17:46:57,169: -PUB [/image/compressed] /mask_orange http://ubuntu:32985/
[rosmaster.master][INFO] 2017-09-23 17:46:57,172: -PUB [/image/compressed/parameter_descriptions] /mask_orange http://ubuntu:32985/
[rosmaster.master][INFO] 2017-09-23 17:46:57,175: -PUB [/image/compressed/parameter_updates] /mask_orange http://ubuntu:32985/
[rosmaster.master][INFO] 2017-09-23 17:46:57,178: -PUB [/image] /mask_orange http://ubuntu:32985/
[rosmaster.master][INFO] 2017-09-23 17:46:57,190: publisherUpdate[/rosout] -> http://ubuntu:33410/ ['http://ubuntu:40828/', 'http://ubuntu:36640/']
[rosmaster.master][INFO] 2017-09-23 17:46:57,191: publisherUpdate[/image] -> http://ubuntu:40828/ []
[rosmaster.master][INFO] 2017-09-23 17:46:57,193: publisherUpdate[/rosout] -> http://ubuntu:33410/ ['http://ubuntu:40828/', 'http://ubuntu:36640/']: sec=0.00, result=[1, '', 0]
[rosmaster.master][INFO] 2017-09-23 17:46:57,200: publisherUpdate[/image] -> http://ubuntu:40828/ []: sec=0.01, result=[0, 'Unknown Error', 0]
[rosmaster.master][INFO] 2017-09-23 17:46:57,200: -PUB [/image/theora] /mask_orange http://ubuntu:32985/
[rosmaster.master][INFO] 2017-09-23 17:46:57,209: -PUB [/image/theora/parameter_descriptions] /mask_orange http://ubuntu:32985/
[rosmaster.master][INFO] 2017-09-23 17:46:57,212: -PUB [/image/theora/parameter_updates] /mask_orange http://ubuntu:32985/
[rosmaster.master][INFO] 2017-09-23 17:46:57,219: -SUB [/camera/image_raw] /mask_orange http://ubuntu:32985/
[rosmaster.master][INFO] 2017-09-23 17:46:57,227: -PUB [/rosout] /camera http://ubuntu:36640/
[rosmaster.master][INFO] 2017-09-23 17:46:57,229: -SERVICE [/mask_orange/get_loggers] /mask_orange rosrpc://ubuntu:55718
[rosmaster.master][INFO] 2017-09-23 17:46:57,229: -PUB [/camera/image_raw/compressedDepth] /camera http://ubuntu:36640/
[rosmaster.master][INFO] 2017-09-23 17:46:57,234: -SERVICE [/mask_orange/set_logger_level] /mask_orange rosrpc://ubuntu:55718
[rosmaster.master][INFO] 2017-09-23 17:46:57,235: -PUB [/camera/image_raw/compressedDepth/parameter_descriptions] /camera http://ubuntu:36640/
[rosmaster.master][INFO] 2017-09-23 17:46:57,240: -PUB [/camera/image_raw/compressedDepth/parameter_updates] /camera http://ubuntu:36640/
[rosmaster.master][INFO] 2017-09-23 17:46:57,245: -PUB [/camera/image_raw/compressed] /camera http://ubuntu:36640/
[rosmaster.master][INFO] 2017-09-23 17:46:57,249: -SERVICE [/image/compressedDepth/set_parameters] /mask_orange rosrpc://ubuntu:55718
[rosmaster.master][INFO] 2017-09-23 17:46:57,249: -PUB [/camera/image_raw/compressed/parameter_descriptions] /camera http://ubuntu:36640/
[rosmaster.master][INFO] 2017-09-23 17:46:57,252: -PUB [/camera/image_raw/compressed/parameter_updates] /camera http://ubuntu:36640/
[rosmaster.master][INFO] 2017-09-23 17:46:57,260: -PUB [/camera/image_raw] /camera http://ubuntu:36640/
[rosmaster.master][INFO] 2017-09-23 17:46:57,262: -SERVICE [/image/compressed/set_parameters] /mask_orange rosrpc://ubuntu:55718
[rosmaster.master][INFO] 2017-09-23 17:46:57,264: -PUB [/camera/image_raw/theora] /camera http://ubuntu:36640/
[rosmaster.master][INFO] 2017-09-23 17:46:57,270: -SERVICE [/image/theora/set_parameters] /mask_orange rosrpc://ubuntu:55718
[rosmaster.master][INFO] 2017-09-23 17:46:57,277: -PUB [/camera/image_raw/theora/parameter_descriptions] /camera http://ubuntu:36640/
[rosmaster.master][INFO] 2017-09-23 17:46:57,284: -PUB [/camera/image_raw/theora/parameter_updates] /camera http://ubuntu:36640/
[rosmaster.master][INFO] 2017-09-23 17:46:57,285: -PUB [/camera/camera_info] /camera http://ubuntu:36640/
[rosmaster.master][INFO] 2017-09-23 17:46:57,288: -SERVICE [/camera/get_loggers] /camera rosrpc://ubuntu:51923
[rosmaster.master][INFO] 2017-09-23 17:46:57,292: -SERVICE [/camera/set_logger_level] /camera rosrpc://ubuntu:51923
[rosmaster.master][INFO] 2017-09-23 17:46:57,294: publisherUpdate[/rosout] -> http://ubuntu:33410/ ['http://ubuntu:40828/']
[rosmaster.master][INFO] 2017-09-23 17:46:57,295: publisherUpdate[/rosout] -> http://ubuntu:33410/ ['http://ubuntu:40828/']: sec=0.00, result=[1, '', 0]
[rosmaster.master][INFO] 2017-09-23 17:46:57,296: -SERVICE [/camera/set_camera_info] /camera rosrpc://ubuntu:51923
[rosmaster.master][INFO] 2017-09-23 17:46:57,300: -PUB [/rosout] /view http://ubuntu:40828/
[rosmaster.master][INFO] 2017-09-23 17:46:57,304: publisherUpdate[/rosout] -> http://ubuntu:33410/ []
[rosmaster.master][INFO] 2017-09-23 17:46:57,307: publisherUpdate[/rosout] -> http://ubuntu:33410/ []: sec=0.00, result=[1, '', 0]
[rosmaster.master][INFO] 2017-09-23 17:46:57,322: -SERVICE [/camera/image_raw/compressedDepth/set_parameters] /camera rosrpc://ubuntu:51923
[rosmaster.master][INFO] 2017-09-23 17:46:57,322: -SERVICE [/camera/image_raw/compressed/set_parameters] /camera rosrpc://ubuntu:51923
[rosmaster.master][INFO] 2017-09-23 17:46:57,329: -PUB [/image/screenpoint] /view http://ubuntu:40828/
[rosmaster.master][INFO] 2017-09-23 17:46:57,334: -SERVICE [/camera/image_raw/theora/set_parameters] /camera rosrpc://ubuntu:51923
[rosmaster.master][INFO] 2017-09-23 17:46:57,345: -PUB [/image/screenpoint_array] /view http://ubuntu:40828/
[rosmaster.master][INFO] 2017-09-23 17:46:57,348: -PUB [/image/screenrectangle] /view http://ubuntu:40828/
[rosmaster.master][INFO] 2017-09-23 17:46:57,358: -PUB [/image/screenrectangle_image] /view http://ubuntu:40828/
[rosmaster.master][INFO] 2017-09-23 17:46:57,359: -PUB [/image/movepoint] /view http://ubuntu:40828/
[rosmaster.master][INFO] 2017-09-23 17:46:57,363: -PUB [/image/foreground] /view http://ubuntu:40828/
[rosmaster.master][INFO] 2017-09-23 17:46:57,365: -PUB [/image/background] /view http://ubuntu:40828/
[rosmaster.master][INFO] 2017-09-23 17:46:57,379: -PUB [/image/foreground_rect] /view http://ubuntu:40828/
[rosmaster.master][INFO] 2017-09-23 17:46:57,384: -PUB [/image/background_rect] /view http://ubuntu:40828/
[rosmaster.master][INFO] 2017-09-23 17:46:57,395: -PUB [/image/line] /view http://ubuntu:40828/
[rosmaster.master][INFO] 2017-09-23 17:46:57,397: -PUB [/image/poly] /view http://ubuntu:40828/
[rosmaster.master][INFO] 2017-09-23 17:46:57,397: -PUB [/image_marked/compressedDepth] /view http://ubuntu:40828/
[rosmaster.master][INFO] 2017-09-23 17:46:57,400: -PUB [/image_marked/compressedDepth/parameter_descriptions] /view http://ubuntu:40828/
[rosmaster.master][INFO] 2017-09-23 17:46:57,402: -PUB [/image_marked/compressedDepth/parameter_updates] /view http://ubuntu:40828/
[rosmaster.master][INFO] 2017-09-23 17:46:57,405: -PUB [/image_marked/compressed] /view http://ubuntu:40828/
[rosmaster.master][INFO] 2017-09-23 17:46:57,413: -PUB [/image_marked/compressed/parameter_descriptions] /view http://ubuntu:40828/
[rosmaster.master][INFO] 2017-09-23 17:46:57,416: -PUB [/image_marked/compressed/parameter_updates] /view http://ubuntu:40828/
[rosmaster.master][INFO] 2017-09-23 17:46:57,425: -PUB [/image_marked] /view http://ubuntu:40828/
[rosmaster.master][INFO] 2017-09-23 17:46:57,429: -PUB [/image_marked/theora] /view http://ubuntu:40828/
[rosmaster.master][INFO] 2017-09-23 17:46:57,431: -PUB [/image_marked/theora/parameter_descriptions] /view http://ubuntu:40828/
[rosmaster.master][INFO] 2017-09-23 17:46:57,432: -PUB [/image_marked/theora/parameter_updates] /view http://ubuntu:40828/
[rosmaster.master][INFO] 2017-09-23 17:46:57,437: -PUB [/image/marked/compressedDepth] /view http://ubuntu:40828/
[rosmaster.master][INFO] 2017-09-23 17:46:57,439: -PUB [/image/marked/compressedDepth/parameter_descriptions] /view http://ubuntu:40828/
[rosmaster.master][INFO] 2017-09-23 17:46:57,444: -PUB [/image/marked/compressedDepth/parameter_updates] /view http://ubuntu:40828/
[rosmaster.master][INFO] 2017-09-23 17:46:57,446: -PUB [/image/marked/compressed] /view http://ubuntu:40828/
[rosmaster.master][INFO] 2017-09-23 17:46:57,449: -PUB [/image/marked/compressed/parameter_descriptions] /view http://ubuntu:40828/
[rosmaster.master][INFO] 2017-09-23 17:46:57,453: -PUB [/image/marked/compressed/parameter_updates] /view http://ubuntu:40828/
[rosmaster.master][INFO] 2017-09-23 17:46:57,461: -PUB [/image/marked] /view http://ubuntu:40828/
[rosmaster.master][INFO] 2017-09-23 17:46:57,465: -PUB [/image/marked/theora] /view http://ubuntu:40828/
[rosmaster.master][INFO] 2017-09-23 17:46:57,468: -PUB [/image/marked/theora/parameter_descriptions] /view http://ubuntu:40828/
[rosmaster.master][INFO] 2017-09-23 17:46:57,469: -PUB [/image/marked/theora/parameter_updates] /view http://ubuntu:40828/
[rosmaster.master][INFO] 2017-09-23 17:46:57,471: -PUB [/view/parameter_descriptions] /view http://ubuntu:40828/
[rosmaster.master][INFO] 2017-09-23 17:46:57,472: -PUB [/view/parameter_updates] /view http://ubuntu:40828/
[rosmaster.master][INFO] 2017-09-23 17:46:57,473: -SUB [/tf] /view http://ubuntu:40828/
[rosmaster.master][INFO] 2017-09-23 17:46:57,475: -SUB [/tf_static] /view http://ubuntu:40828/
[rosmaster.master][INFO] 2017-09-23 17:46:57,477: -SUB [/image] /view http://ubuntu:40828/
[rosmaster.master][INFO] 2017-09-23 17:46:57,479: -SUB [/camera_info] /view http://ubuntu:40828/
[rosmaster.master][INFO] 2017-09-23 17:46:57,481: -SUB [/image_marker] /view http://ubuntu:40828/
[rosmaster.master][INFO] 2017-09-23 17:46:57,482: -SUB [/image/event] /view http://ubuntu:40828/
[rosmaster.master][INFO] 2017-09-23 17:46:57,483: -SERVICE [/view/get_loggers] /view rosrpc://ubuntu:60386
[rosmaster.master][INFO] 2017-09-23 17:46:57,484: -SERVICE [/view/set_logger_level] /view rosrpc://ubuntu:60386
[rosmaster.master][INFO] 2017-09-23 17:46:57,487: -SERVICE [/image_marked/compressedDepth/set_parameters] /view rosrpc://ubuntu:60386
[rosmaster.master][INFO] 2017-09-23 17:46:57,488: -SERVICE [/image_marked/compressed/set_parameters] /view rosrpc://ubuntu:60386
[rosmaster.master][INFO] 2017-09-23 17:46:57,488: -SERVICE [/image_marked/theora/set_parameters] /view rosrpc://ubuntu:60386
[rosmaster.master][INFO] 2017-09-23 17:46:57,490: -SERVICE [/image/marked/compressedDepth/set_parameters] /view rosrpc://ubuntu:60386
[rosmaster.master][INFO] 2017-09-23 17:46:57,491: -SERVICE [/image/marked/compressed/set_parameters] /view rosrpc://ubuntu:60386
[rosmaster.master][INFO] 2017-09-23 17:46:57,495: -SERVICE [/image/marked/theora/set_parameters] /view rosrpc://ubuntu:60386
[rosmaster.master][INFO] 2017-09-23 17:46:57,500: -SERVICE [/view/change_mode] /view rosrpc://ubuntu:60386
[rosmaster.master][INFO] 2017-09-23 17:46:57,502: -SERVICE [/view/rectangle_mode] /view rosrpc://ubuntu:60386
[rosmaster.master][INFO] 2017-09-23 17:46:57,503: -SERVICE [/view/grabcut_mode] /view rosrpc://ubuntu:60386
[rosmaster.master][INFO] 2017-09-23 17:46:57,506: -SERVICE [/view/grabcut_rect_mode] /view rosrpc://ubuntu:60386
[rosmaster.master][INFO] 2017-09-23 17:46:57,507: -SERVICE [/view/line_mode] /view rosrpc://ubuntu:60386
[rosmaster.master][INFO] 2017-09-23 17:46:57,508: -SERVICE [/view/poly_mode] /view rosrpc://ubuntu:60386
[rosmaster.master][INFO] 2017-09-23 17:46:57,509: -SERVICE [/view/none_mode] /view rosrpc://ubuntu:60386
[rosmaster.master][INFO] 2017-09-23 17:46:57,512: -SERVICE [/view/set_parameters] /view rosrpc://ubuntu:60386
[rosmaster.master][INFO] 2017-09-23 17:46:57,815: -PUB [/rosout_agg] /rosout http://ubuntu:33410/
[rosmaster.master][INFO] 2017-09-23 17:46:57,816: -SUB [/rosout] /rosout http://ubuntu:33410/
[rosmaster.master][INFO] 2017-09-23 17:46:57,816: -SERVICE [/rosout/get_loggers] /rosout rosrpc://ubuntu:51097
[rosmaster.master][INFO] 2017-09-23 17:46:57,817: -SERVICE [/rosout/set_logger_level] /rosout rosrpc://ubuntu:51097
[rosmaster.main][INFO] 2017-09-23 17:46:57,908: keyboard interrupt, will exit
[rosmaster.main][INFO] 2017-09-23 17:46:57,908: stopping master...
[rospy.core][INFO] 2017-09-23 17:46:57,909: signal_shutdown [atexit]
