[rosmaster.main][INFO] 2017-09-27 17:35:25,388: initialization complete, waiting for shutdown
[rosmaster.main][INFO] 2017-09-27 17:35:25,388: Starting ROS Master Node
[xmlrpc][INFO] 2017-09-27 17:35:25,388: XML-RPC server binding to 0.0.0.0:11311
[xmlrpc][INFO] 2017-09-27 17:35:25,389: Started XML-RPC server [http://ubuntu:11311/]
[xmlrpc][INFO] 2017-09-27 17:35:25,389: xml rpc node: starting XML-RPC server
[rosmaster.master][INFO] 2017-09-27 17:35:25,389: Master initialized: port[11311], uri[http://ubuntu:11311/]
[rosmaster.master][INFO] 2017-09-27 17:35:25,435: +PARAM [/run_id] by /roslaunch
[rosmaster.master][INFO] 2017-09-27 17:35:25,436: +PARAM [/roslaunch/uris/host_ubuntu__33982] by /roslaunch
[rosmaster.master][INFO] 2017-09-27 17:35:25,510: +PARAM [/rosversion] by /roslaunch
[rosmaster.master][INFO] 2017-09-27 17:35:25,510: +PARAM [/rosdistro] by /roslaunch
[rosmaster.master][INFO] 2017-09-27 17:35:25,510: +PARAM [/camera/device_id] by /roslaunch
[rosmaster.master][INFO] 2017-09-27 17:35:25,553: +SERVICE [/rosout/get_loggers] /rosout http://ubuntu:36644/
[rosmaster.master][INFO] 2017-09-27 17:35:25,559: +SERVICE [/rosout/set_logger_level] /rosout http://ubuntu:36644/
[rosmaster.master][INFO] 2017-09-27 17:35:25,563: +PUB [/rosout_agg] /rosout http://ubuntu:36644/
[rosmaster.master][INFO] 2017-09-27 17:35:25,599: +SUB [/rosout] /rosout http://ubuntu:36644/
[rosmaster.master][INFO] 2017-09-27 17:35:25,747: +PUB [/rosout] /mask http://ubuntu:36785/
[rosmaster.master][INFO] 2017-09-27 17:35:25,751: +SERVICE [/mask/get_loggers] /mask http://ubuntu:36785/
[rosmaster.master][INFO] 2017-09-27 17:35:25,752: +SERVICE [/mask/set_logger_level] /mask http://ubuntu:36785/
[rosmaster.master][INFO] 2017-09-27 17:35:25,784: +PUB [/rosout] /view http://ubuntu:44659/
[rosmaster.master][INFO] 2017-09-27 17:35:25,785: +SERVICE [/view/get_loggers] /view http://ubuntu:44659/
[rosmaster.master][INFO] 2017-09-27 17:35:25,786: +SERVICE [/view/set_logger_level] /view http://ubuntu:44659/
[rosmaster.master][INFO] 2017-09-27 17:35:25,794: publisherUpdate[/rosout] -> http://ubuntu:36644/ ['http://ubuntu:36785/']
[rosmaster.master][INFO] 2017-09-27 17:35:25,799: publisherUpdate[/rosout] -> http://ubuntu:36644/ ['http://ubuntu:36785/']: sec=0.00, result=[1, '', 0]
[rosmaster.master][INFO] 2017-09-27 17:35:25,799: publisherUpdate[/rosout] -> http://ubuntu:36644/ ['http://ubuntu:36785/', 'http://ubuntu:44659/']
[rosmaster.master][INFO] 2017-09-27 17:35:25,801: publisherUpdate[/rosout] -> http://ubuntu:36644/ ['http://ubuntu:36785/', 'http://ubuntu:44659/']: sec=0.00, result=[1, '', 0]
[rosmaster.master][INFO] 2017-09-27 17:35:25,819: +SUB [/tf] /view http://ubuntu:44659/
[rosmaster.master][INFO] 2017-09-27 17:35:25,822: +PUB [/rosout] /camera http://ubuntu:37451/
[rosmaster.master][INFO] 2017-09-27 17:35:25,828: +SERVICE [/camera/get_loggers] /camera http://ubuntu:37451/
[rosmaster.master][INFO] 2017-09-27 17:35:25,832: +SERVICE [/camera/set_logger_level] /camera http://ubuntu:37451/
[rosmaster.master][INFO] 2017-09-27 17:35:25,844: +SUB [/tf_static] /view http://ubuntu:44659/
[rosmaster.master][INFO] 2017-09-27 17:35:25,896: publisherUpdate[/rosout] -> http://ubuntu:36644/ ['http://ubuntu:36785/', 'http://ubuntu:44659/', 'http://ubuntu:37451/']
[rosmaster.master][INFO] 2017-09-27 17:35:25,897: publisherUpdate[/rosout] -> http://ubuntu:36644/ ['http://ubuntu:36785/', 'http://ubuntu:44659/', 'http://ubuntu:37451/']: sec=0.00, result=[1, '', 0]
[rosmaster.master][INFO] 2017-09-27 17:35:25,925: +SERVICE [/camera/set_camera_info] /camera http://ubuntu:37451/
[rosmaster.master][INFO] 2017-09-27 17:35:25,932: +PUB [/image/screenpoint] /view http://ubuntu:44659/
[rosmaster.master][INFO] 2017-09-27 17:35:25,935: -SERVICE [/camera/set_camera_info] /camera rosrpc://ubuntu:50501
[rosmaster.master][INFO] 2017-09-27 17:35:25,936: +PUB [/image/screenpoint_array] /view http://ubuntu:44659/
[rosmaster.master][INFO] 2017-09-27 17:35:25,936: +PUB [/image/screenrectangle] /view http://ubuntu:44659/
[rosmaster.master][INFO] 2017-09-27 17:35:25,941: +PUB [/image/screenrectangle_image] /view http://ubuntu:44659/
[rosmaster.master][INFO] 2017-09-27 17:35:25,944: +PUB [/image/movepoint] /view http://ubuntu:44659/
[rosmaster.master][INFO] 2017-09-27 17:35:25,952: +PUB [/image/foreground] /view http://ubuntu:44659/
[rosmaster.master][INFO] 2017-09-27 17:35:25,960: +PUB [/image/background] /view http://ubuntu:44659/
[rosmaster.master][INFO] 2017-09-27 17:35:25,967: +PUB [/image/foreground_rect] /view http://ubuntu:44659/
[rosmaster.master][INFO] 2017-09-27 17:35:25,971: +PUB [/image/background_rect] /view http://ubuntu:44659/
[rosmaster.master][INFO] 2017-09-27 17:35:25,979: +PUB [/image/line] /view http://ubuntu:44659/
[rosmaster.master][INFO] 2017-09-27 17:35:25,980: +SUB [/camera/image_raw] /mask http://ubuntu:36785/
[rosmaster.master][INFO] 2017-09-27 17:35:25,984: +PUB [/image/poly] /view http://ubuntu:44659/
[rosmaster.master][INFO] 2017-09-27 17:35:26,068: +PUB [/image/compressedDepth] /mask http://ubuntu:36785/
[rosmaster.master][INFO] 2017-09-27 17:35:26,068: +SERVICE [/image/compressedDepth/set_parameters] /mask http://ubuntu:36785/
[rosmaster.master][INFO] 2017-09-27 17:35:26,069: +PUB [/image/compressedDepth/parameter_descriptions] /mask http://ubuntu:36785/
[rosmaster.master][INFO] 2017-09-27 17:35:26,070: +PUB [/image/compressedDepth/parameter_updates] /mask http://ubuntu:36785/
[rosmaster.master][INFO] 2017-09-27 17:35:26,076: +PARAM [/image/compressedDepth/depth_max] by /mask
[rosmaster.master][INFO] 2017-09-27 17:35:26,077: +PARAM [/image/compressedDepth/depth_quantization] by /mask
[rosmaster.master][INFO] 2017-09-27 17:35:26,079: +PARAM [/image/compressedDepth/png_level] by /mask
[rosmaster.master][INFO] 2017-09-27 17:35:26,083: +PUB [/image_marked/compressedDepth] /view http://ubuntu:44659/
[rosmaster.master][INFO] 2017-09-27 17:35:26,084: +PARAM [/image/compressedDepth/depth_max] by /mask
[rosmaster.master][INFO] 2017-09-27 17:35:26,087: +SERVICE [/image_marked/compressedDepth/set_parameters] /view http://ubuntu:44659/
[rosmaster.master][INFO] 2017-09-27 17:35:26,088: +PARAM [/image/compressedDepth/depth_quantization] by /mask
[rosmaster.master][INFO] 2017-09-27 17:35:26,089: +PUB [/image_marked/compressedDepth/parameter_descriptions] /view http://ubuntu:44659/
[rosmaster.master][INFO] 2017-09-27 17:35:26,090: +PARAM [/image/compressedDepth/png_level] by /mask
[rosmaster.master][INFO] 2017-09-27 17:35:26,095: +PUB [/image_marked/compressedDepth/parameter_updates] /view http://ubuntu:44659/
[rosmaster.master][INFO] 2017-09-27 17:35:26,102: +PARAM [/image_marked/compressedDepth/depth_max] by /view
[rosmaster.master][INFO] 2017-09-27 17:35:26,106: +PARAM [/image_marked/compressedDepth/depth_quantization] by /view
[rosmaster.master][INFO] 2017-09-27 17:35:26,107: +PARAM [/image_marked/compressedDepth/png_level] by /view
[rosmaster.master][INFO] 2017-09-27 17:35:26,109: +PARAM [/image_marked/compressedDepth/depth_max] by /view
[rosmaster.master][INFO] 2017-09-27 17:35:26,112: +PARAM [/image_marked/compressedDepth/depth_quantization] by /view
[rosmaster.master][INFO] 2017-09-27 17:35:26,116: +PARAM [/image_marked/compressedDepth/png_level] by /view
[rosmaster.master][INFO] 2017-09-27 17:35:26,170: +PUB [/image/compressed] /mask http://ubuntu:36785/
[rosmaster.master][INFO] 2017-09-27 17:35:26,172: +SERVICE [/image/compressed/set_parameters] /mask http://ubuntu:36785/
[rosmaster.master][INFO] 2017-09-27 17:35:26,173: +PUB [/image/compressed/parameter_descriptions] /mask http://ubuntu:36785/
[rosmaster.master][INFO] 2017-09-27 17:35:26,174: +PUB [/image/compressed/parameter_updates] /mask http://ubuntu:36785/
[rosmaster.master][INFO] 2017-09-27 17:35:26,184: +PARAM [/image/compressed/format] by /mask
[rosmaster.master][INFO] 2017-09-27 17:35:26,185: +PARAM [/image/compressed/jpeg_quality] by /mask
[rosmaster.master][INFO] 2017-09-27 17:35:26,191: +PARAM [/image/compressed/png_level] by /mask
[rosmaster.master][INFO] 2017-09-27 17:35:26,192: +PARAM [/image/compressed/format] by /mask
[rosmaster.master][INFO] 2017-09-27 17:35:26,193: +PARAM [/image/compressed/jpeg_quality] by /mask
[rosmaster.master][INFO] 2017-09-27 17:35:26,195: +PARAM [/image/compressed/png_level] by /mask
[rosmaster.master][INFO] 2017-09-27 17:35:26,204: -PUB [/rosout] /camera http://ubuntu:37451/
[rosmaster.master][INFO] 2017-09-27 17:35:26,204: publisherUpdate[/rosout] -> http://ubuntu:36644/ ['http://ubuntu:36785/', 'http://ubuntu:44659/']
[rosmaster.master][INFO] 2017-09-27 17:35:26,205: publisherUpdate[/rosout] -> http://ubuntu:36644/ ['http://ubuntu:36785/', 'http://ubuntu:44659/']: sec=0.00, result=[1, '', 0]
[rosmaster.master][INFO] 2017-09-27 17:35:26,206: +PUB [/image_marked/compressed] /view http://ubuntu:44659/
[rosmaster.master][INFO] 2017-09-27 17:35:26,207: -SERVICE [/camera/get_loggers] /camera rosrpc://ubuntu:50501
[rosmaster.master][INFO] 2017-09-27 17:35:26,211: +SERVICE [/image_marked/compressed/set_parameters] /view http://ubuntu:44659/
[rosmaster.master][INFO] 2017-09-27 17:35:26,215: -SERVICE [/camera/set_logger_level] /camera rosrpc://ubuntu:50501
[rosmaster.master][INFO] 2017-09-27 17:35:26,216: +PUB [/image_marked/compressed/parameter_descriptions] /view http://ubuntu:44659/
[rosmaster.master][INFO] 2017-09-27 17:35:26,217: +PUB [/image_marked/compressed/parameter_updates] /view http://ubuntu:44659/
[rosmaster.master][INFO] 2017-09-27 17:35:26,228: +PARAM [/image_marked/compressed/format] by /view
[rosmaster.master][INFO] 2017-09-27 17:35:26,232: +PARAM [/image_marked/compressed/jpeg_quality] by /view
[rosmaster.master][INFO] 2017-09-27 17:35:26,232: +PARAM [/image_marked/compressed/png_level] by /view
[rosmaster.master][INFO] 2017-09-27 17:35:26,236: +PARAM [/image_marked/compressed/format] by /view
[rosmaster.master][INFO] 2017-09-27 17:35:26,238: +PARAM [/image_marked/compressed/jpeg_quality] by /view
[rosmaster.master][INFO] 2017-09-27 17:35:26,238: +PARAM [/image_marked/compressed/png_level] by /view
[rosmaster.master][INFO] 2017-09-27 17:35:26,280: +PUB [/image] /mask http://ubuntu:36785/
[rosmaster.master][INFO] 2017-09-27 17:35:26,323: +PUB [/image_marked] /view http://ubuntu:44659/
[rosmaster.master][INFO] 2017-09-27 17:35:26,380: +PUB [/image/theora] /mask http://ubuntu:36785/
[rosmaster.master][INFO] 2017-09-27 17:35:26,382: +SERVICE [/image/theora/set_parameters] /mask http://ubuntu:36785/
[rosmaster.master][INFO] 2017-09-27 17:35:26,383: +PUB [/image/theora/parameter_descriptions] /mask http://ubuntu:36785/
[rosmaster.master][INFO] 2017-09-27 17:35:26,385: +PUB [/image/theora/parameter_updates] /mask http://ubuntu:36785/
[rosmaster.master][INFO] 2017-09-27 17:35:26,399: +PARAM [/image/theora/optimize_for] by /mask
[rosmaster.master][INFO] 2017-09-27 17:35:26,404: +PARAM [/image/theora/target_bitrate] by /mask
[rosmaster.master][INFO] 2017-09-27 17:35:26,405: +PARAM [/image/theora/quality] by /mask
[rosmaster.master][INFO] 2017-09-27 17:35:26,407: +PARAM [/image/theora/keyframe_frequency] by /mask
[rosmaster.master][INFO] 2017-09-27 17:35:26,409: +PARAM [/image/theora/optimize_for] by /mask
[rosmaster.master][INFO] 2017-09-27 17:35:26,415: +PARAM [/image/theora/target_bitrate] by /mask
[rosmaster.master][INFO] 2017-09-27 17:35:26,424: +PARAM [/image/theora/quality] by /mask
[rosmaster.master][INFO] 2017-09-27 17:35:26,426: +PARAM [/image/theora/keyframe_frequency] by /mask
[rosmaster.master][INFO] 2017-09-27 17:35:26,451: +PUB [/image_marked/theora] /view http://ubuntu:44659/
[rosmaster.master][INFO] 2017-09-27 17:35:26,453: +SERVICE [/image_marked/theora/set_parameters] /view http://ubuntu:44659/
[rosmaster.master][INFO] 2017-09-27 17:35:26,454: +PUB [/image_marked/theora/parameter_descriptions] /view http://ubuntu:44659/
[rosmaster.master][INFO] 2017-09-27 17:35:26,456: +PUB [/image_marked/theora/parameter_updates] /view http://ubuntu:44659/
[rosmaster.master][INFO] 2017-09-27 17:35:26,470: +PARAM [/image_marked/theora/optimize_for] by /view
[rosmaster.master][INFO] 2017-09-27 17:35:26,472: +PARAM [/image_marked/theora/target_bitrate] by /view
[rosmaster.master][INFO] 2017-09-27 17:35:26,476: +PARAM [/image_marked/theora/quality] by /view
[rosmaster.master][INFO] 2017-09-27 17:35:26,479: +PARAM [/image_marked/theora/keyframe_frequency] by /view
[rosmaster.master][INFO] 2017-09-27 17:35:26,485: +PARAM [/image_marked/theora/optimize_for] by /view
[rosmaster.master][INFO] 2017-09-27 17:35:26,488: +PARAM [/image_marked/theora/target_bitrate] by /view
[rosmaster.master][INFO] 2017-09-27 17:35:26,490: +PARAM [/image_marked/theora/quality] by /view
[rosmaster.master][INFO] 2017-09-27 17:35:26,493: +PARAM [/image_marked/theora/keyframe_frequency] by /view
[rosmaster.master][INFO] 2017-09-27 17:35:26,578: +PUB [/image/marked/compressedDepth] /view http://ubuntu:44659/
[rosmaster.master][INFO] 2017-09-27 17:35:26,580: +SERVICE [/image/marked/compressedDepth/set_parameters] /view http://ubuntu:44659/
[rosmaster.master][INFO] 2017-09-27 17:35:26,581: +PUB [/image/marked/compressedDepth/parameter_descriptions] /view http://ubuntu:44659/
[rosmaster.master][INFO] 2017-09-27 17:35:26,582: +PUB [/image/marked/compressedDepth/parameter_updates] /view http://ubuntu:44659/
[rosmaster.master][INFO] 2017-09-27 17:35:26,584: +PARAM [/image/marked/compressedDepth/depth_max] by /view
[rosmaster.master][INFO] 2017-09-27 17:35:26,585: +PARAM [/image/marked/compressedDepth/depth_quantization] by /view
[rosmaster.master][INFO] 2017-09-27 17:35:26,589: +PARAM [/image/marked/compressedDepth/png_level] by /view
[rosmaster.master][INFO] 2017-09-27 17:35:26,590: +PARAM [/image/marked/compressedDepth/depth_max] by /view
[rosmaster.master][INFO] 2017-09-27 17:35:26,594: +PARAM [/image/marked/compressedDepth/depth_quantization] by /view
[rosmaster.master][INFO] 2017-09-27 17:35:26,596: +PARAM [/image/marked/compressedDepth/png_level] by /view
[rosmaster.master][INFO] 2017-09-27 17:35:26,676: +PUB [/image/marked/compressed] /view http://ubuntu:44659/
[rosmaster.master][INFO] 2017-09-27 17:35:26,677: +SERVICE [/image/marked/compressed/set_parameters] /view http://ubuntu:44659/
[rosmaster.master][INFO] 2017-09-27 17:35:26,678: +PUB [/image/marked/compressed/parameter_descriptions] /view http://ubuntu:44659/
[rosmaster.master][INFO] 2017-09-27 17:35:26,679: +PUB [/image/marked/compressed/parameter_updates] /view http://ubuntu:44659/
[rosmaster.master][INFO] 2017-09-27 17:35:26,682: +PARAM [/image/marked/compressed/format] by /view
[rosmaster.master][INFO] 2017-09-27 17:35:26,683: +PARAM [/image/marked/compressed/jpeg_quality] by /view
[rosmaster.master][INFO] 2017-09-27 17:35:26,684: +PARAM [/image/marked/compressed/png_level] by /view
[rosmaster.master][INFO] 2017-09-27 17:35:26,690: +PARAM [/image/marked/compressed/format] by /view
[rosmaster.master][INFO] 2017-09-27 17:35:26,691: +PARAM [/image/marked/compressed/jpeg_quality] by /view
[rosmaster.master][INFO] 2017-09-27 17:35:26,692: +PARAM [/image/marked/compressed/png_level] by /view
[rosmaster.master][INFO] 2017-09-27 17:35:26,771: +PUB [/image/marked] /view http://ubuntu:44659/
[rosmaster.master][INFO] 2017-09-27 17:35:26,851: +PUB [/image/marked/theora] /view http://ubuntu:44659/
[rosmaster.master][INFO] 2017-09-27 17:35:26,854: +SERVICE [/image/marked/theora/set_parameters] /view http://ubuntu:44659/
[rosmaster.master][INFO] 2017-09-27 17:35:26,855: +PUB [/image/marked/theora/parameter_descriptions] /view http://ubuntu:44659/
[rosmaster.master][INFO] 2017-09-27 17:35:26,857: +PUB [/image/marked/theora/parameter_updates] /view http://ubuntu:44659/
[rosmaster.master][INFO] 2017-09-27 17:35:26,865: +PARAM [/image/marked/theora/optimize_for] by /view
[rosmaster.master][INFO] 2017-09-27 17:35:26,867: +PARAM [/image/marked/theora/target_bitrate] by /view
[rosmaster.master][INFO] 2017-09-27 17:35:26,869: +PARAM [/image/marked/theora/quality] by /view
[rosmaster.master][INFO] 2017-09-27 17:35:26,873: +PARAM [/image/marked/theora/keyframe_frequency] by /view
[rosmaster.master][INFO] 2017-09-27 17:35:26,876: +PARAM [/image/marked/theora/optimize_for] by /view
[rosmaster.master][INFO] 2017-09-27 17:35:26,877: +PARAM [/image/marked/theora/target_bitrate] by /view
[rosmaster.master][INFO] 2017-09-27 17:35:26,880: +PARAM [/image/marked/theora/quality] by /view
[rosmaster.master][INFO] 2017-09-27 17:35:26,884: +PARAM [/image/marked/theora/keyframe_frequency] by /view
[rosmaster.master][INFO] 2017-09-27 17:35:26,970: +SUB [/image] /view http://ubuntu:44659/
[rosmaster.master][INFO] 2017-09-27 17:35:26,980: +SUB [/camera_info] /view http://ubuntu:44659/
[rosmaster.master][INFO] 2017-09-27 17:35:26,994: +SUB [/image_marker] /view http://ubuntu:44659/
[rosmaster.master][INFO] 2017-09-27 17:35:27,010: +SUB [/image/event] /view http://ubuntu:44659/
[rosmaster.master][INFO] 2017-09-27 17:35:27,011: +SERVICE [/view/change_mode] /view http://ubuntu:44659/
[rosmaster.master][INFO] 2017-09-27 17:35:27,018: +SERVICE [/view/rectangle_mode] /view http://ubuntu:44659/
[rosmaster.master][INFO] 2017-09-27 17:35:27,019: +SERVICE [/view/grabcut_mode] /view http://ubuntu:44659/
[rosmaster.master][INFO] 2017-09-27 17:35:27,020: +SERVICE [/view/grabcut_rect_mode] /view http://ubuntu:44659/
[rosmaster.master][INFO] 2017-09-27 17:35:27,021: +SERVICE [/view/line_mode] /view http://ubuntu:44659/
[rosmaster.master][INFO] 2017-09-27 17:35:27,026: +SERVICE [/view/poly_mode] /view http://ubuntu:44659/
[rosmaster.master][INFO] 2017-09-27 17:35:27,027: +SERVICE [/view/none_mode] /view http://ubuntu:44659/
[rosmaster.master][INFO] 2017-09-27 17:35:27,033: +SERVICE [/view/set_parameters] /view http://ubuntu:44659/
[rosmaster.master][INFO] 2017-09-27 17:35:27,034: +PUB [/view/parameter_descriptions] /view http://ubuntu:44659/
[rosmaster.master][INFO] 2017-09-27 17:35:27,036: +PUB [/view/parameter_updates] /view http://ubuntu:44659/
[rosmaster.master][INFO] 2017-09-27 17:35:27,059: +PARAM [/view/grid] by /view
[rosmaster.master][INFO] 2017-09-27 17:35:27,060: +PARAM [/view/fisheye_mode] by /view
[rosmaster.master][INFO] 2017-09-27 17:35:27,064: +PARAM [/view/div_u] by /view
[rosmaster.master][INFO] 2017-09-27 17:35:27,067: +PARAM [/view/div_v] by /view
[rosmaster.master][INFO] 2017-09-27 17:35:27,069: +PARAM [/view/grid_red] by /view
[rosmaster.master][INFO] 2017-09-27 17:35:27,073: +PARAM [/view/grid_green] by /view
[rosmaster.master][INFO] 2017-09-27 17:35:27,075: +PARAM [/view/grid_blue] by /view
[rosmaster.master][INFO] 2017-09-27 17:35:27,080: +PARAM [/view/grid_thickness] by /view
[rosmaster.master][INFO] 2017-09-27 17:35:27,081: +PARAM [/view/grid_space] by /view
[rosmaster.master][INFO] 2017-09-27 17:35:27,083: +PARAM [/view/grid] by /view
[rosmaster.master][INFO] 2017-09-27 17:35:27,084: +PARAM [/view/fisheye_mode] by /view
[rosmaster.master][INFO] 2017-09-27 17:35:27,087: +PARAM [/view/div_u] by /view
[rosmaster.master][INFO] 2017-09-27 17:35:27,088: +PARAM [/view/div_v] by /view
[rosmaster.master][INFO] 2017-09-27 17:35:27,090: +PARAM [/view/grid_red] by /view
[rosmaster.master][INFO] 2017-09-27 17:35:27,091: +PARAM [/view/grid_green] by /view
[rosmaster.master][INFO] 2017-09-27 17:35:27,096: +PARAM [/view/grid_blue] by /view
[rosmaster.master][INFO] 2017-09-27 17:35:27,097: +PARAM [/view/grid_thickness] by /view
[rosmaster.master][INFO] 2017-09-27 17:35:27,097: +PARAM [/view/grid_space] by /view
[rosmaster.master][INFO] 2017-09-27 17:35:28,961: +PUB [/rosout] /rqt_reconfigure http://ubuntu:41237/
[rosmaster.master][INFO] 2017-09-27 17:35:28,964: +SERVICE [/rqt_reconfigure/get_loggers] /rqt_reconfigure http://ubuntu:41237/
[rosmaster.master][INFO] 2017-09-27 17:35:28,965: +SERVICE [/rqt_reconfigure/set_logger_level] /rqt_reconfigure http://ubuntu:41237/
[rosmaster.master][INFO] 2017-09-27 17:35:29,012: publisherUpdate[/rosout] -> http://ubuntu:36644/ ['http://ubuntu:36785/', 'http://ubuntu:44659/', 'http://ubuntu:41237/']
[rosmaster.master][INFO] 2017-09-27 17:35:29,013: publisherUpdate[/rosout] -> http://ubuntu:36644/ ['http://ubuntu:36785/', 'http://ubuntu:44659/', 'http://ubuntu:41237/']: sec=0.00, result=[1, '', 0]
[rosmaster.master][INFO] 2017-09-27 17:35:29,060: +SUB [/image/marked/compressed/parameter_descriptions] /rqt_reconfigure http://ubuntu:41237/
[rosmaster.master][INFO] 2017-09-27 17:35:29,068: +SUB [/image/marked/compressed/parameter_updates] /rqt_reconfigure http://ubuntu:41237/
[rosmaster.master][INFO] 2017-09-27 17:35:29,071: +SUB [/image/marked/compressedDepth/parameter_descriptions] /rqt_reconfigure http://ubuntu:41237/
[rosmaster.master][INFO] 2017-09-27 17:35:29,077: +SUB [/image/marked/compressedDepth/parameter_updates] /rqt_reconfigure http://ubuntu:41237/
[rosmaster.master][INFO] 2017-09-27 17:35:29,081: +SUB [/image/marked/theora/parameter_descriptions] /rqt_reconfigure http://ubuntu:41237/
[rosmaster.master][INFO] 2017-09-27 17:35:29,088: +SUB [/image/marked/theora/parameter_updates] /rqt_reconfigure http://ubuntu:41237/
[rosmaster.master][INFO] 2017-09-27 17:35:29,107: +SUB [/image_marked/compressed/parameter_descriptions] /rqt_reconfigure http://ubuntu:41237/
[rosmaster.master][INFO] 2017-09-27 17:35:29,119: +SUB [/image_marked/compressed/parameter_updates] /rqt_reconfigure http://ubuntu:41237/
[rosmaster.master][INFO] 2017-09-27 17:35:29,134: +SUB [/image_marked/compressedDepth/parameter_descriptions] /rqt_reconfigure http://ubuntu:41237/
[rosmaster.master][INFO] 2017-09-27 17:35:29,144: +SUB [/image_marked/compressedDepth/parameter_updates] /rqt_reconfigure http://ubuntu:41237/
[rosmaster.master][INFO] 2017-09-27 17:35:29,147: +SUB [/image_marked/theora/parameter_descriptions] /rqt_reconfigure http://ubuntu:41237/
[rosmaster.master][INFO] 2017-09-27 17:35:29,150: +SUB [/view/parameter_descriptions] /rqt_reconfigure http://ubuntu:41237/
[rosmaster.master][INFO] 2017-09-27 17:35:29,154: +SUB [/image_marked/theora/parameter_updates] /rqt_reconfigure http://ubuntu:41237/
[rosmaster.master][INFO] 2017-09-27 17:35:29,160: +SUB [/view/parameter_updates] /rqt_reconfigure http://ubuntu:41237/
[rosmaster.master][INFO] 2017-09-27 17:35:34,132: -SUB [/image_marked/compressedDepth/parameter_updates] /rqt_reconfigure http://ubuntu:41237/
[rosmaster.master][INFO] 2017-09-27 17:35:34,132: -SUB [/image/marked/compressedDepth/parameter_descriptions] /rqt_reconfigure http://ubuntu:41237/
[rosmaster.master][INFO] 2017-09-27 17:35:34,132: -SUB [/view/parameter_descriptions] /rqt_reconfigure http://ubuntu:41237/
[rosmaster.master][INFO] 2017-09-27 17:35:34,132: -SUB [/image_marked/theora/parameter_updates] /rqt_reconfigure http://ubuntu:41237/
[rosmaster.master][INFO] 2017-09-27 17:35:34,132: -SUB [/image/marked/compressed/parameter_descriptions] /rqt_reconfigure http://ubuntu:41237/
[rosmaster.master][INFO] 2017-09-27 17:35:34,132: -SUB [/image/marked/compressed/parameter_updates] /rqt_reconfigure http://ubuntu:41237/
[rosmaster.master][INFO] 2017-09-27 17:35:34,132: -SUB [/view/parameter_updates] /rqt_reconfigure http://ubuntu:41237/
[rosmaster.master][INFO] 2017-09-27 17:35:34,132: -SUB [/image_marked/theora/parameter_descriptions] /rqt_reconfigure http://ubuntu:41237/
[rosmaster.master][INFO] 2017-09-27 17:35:34,132: -SUB [/image/marked/compressedDepth/parameter_updates] /rqt_reconfigure http://ubuntu:41237/
[rosmaster.master][INFO] 2017-09-27 17:35:34,132: -SUB [/image/marked/theora/parameter_descriptions] /rqt_reconfigure http://ubuntu:41237/
[rosmaster.master][INFO] 2017-09-27 17:35:34,132: -SUB [/image/marked/theora/parameter_updates] /rqt_reconfigure http://ubuntu:41237/
[rosmaster.master][INFO] 2017-09-27 17:35:34,133: -SUB [/image_marked/compressedDepth/parameter_descriptions] /rqt_reconfigure http://ubuntu:41237/
[rosmaster.master][INFO] 2017-09-27 17:35:34,133: -SUB [/image_marked/compressed/parameter_descriptions] /rqt_reconfigure http://ubuntu:41237/
[rosmaster.master][INFO] 2017-09-27 17:35:34,133: -SUB [/image_marked/compressed/parameter_updates] /rqt_reconfigure http://ubuntu:41237/
[rosmaster.master][INFO] 2017-09-27 17:35:34,133: -PUB [/rosout] /rqt_reconfigure http://ubuntu:41237/
[rosmaster.master][INFO] 2017-09-27 17:35:34,136: -SERVICE [/rqt_reconfigure/set_logger_level] /rqt_reconfigure rosrpc://ubuntu:45159
[rosmaster.master][INFO] 2017-09-27 17:35:34,136: -SERVICE [/rqt_reconfigure/get_loggers] /rqt_reconfigure rosrpc://ubuntu:45159
[rosmaster.master][INFO] 2017-09-27 17:35:34,155: publisherUpdate[/rosout] -> http://ubuntu:36644/ ['http://ubuntu:36785/', 'http://ubuntu:44659/']
[rosmaster.master][INFO] 2017-09-27 17:35:34,162: publisherUpdate[/rosout] -> http://ubuntu:36644/ ['http://ubuntu:36785/', 'http://ubuntu:44659/']: sec=0.01, result=[1, '', 0]
[rosmaster.master][INFO] 2017-09-27 17:35:36,765: -PUB [/rosout] /view http://ubuntu:44659/
[rosmaster.master][INFO] 2017-09-27 17:35:36,766: -PUB [/image/screenpoint] /view http://ubuntu:44659/
[rosmaster.master][INFO] 2017-09-27 17:35:36,767: -PUB [/image/screenpoint_array] /view http://ubuntu:44659/
[rosmaster.master][INFO] 2017-09-27 17:35:36,767: -PUB [/image/screenrectangle] /view http://ubuntu:44659/
[rosmaster.master][INFO] 2017-09-27 17:35:36,769: -PUB [/image/screenrectangle_image] /view http://ubuntu:44659/
[rosmaster.master][INFO] 2017-09-27 17:35:36,769: -PUB [/image/movepoint] /view http://ubuntu:44659/
[rosmaster.master][INFO] 2017-09-27 17:35:36,770: -PUB [/image/foreground] /view http://ubuntu:44659/
[rosmaster.master][INFO] 2017-09-27 17:35:36,771: -PUB [/image/background] /view http://ubuntu:44659/
[rosmaster.master][INFO] 2017-09-27 17:35:36,774: -PUB [/image/foreground_rect] /view http://ubuntu:44659/
[rosmaster.master][INFO] 2017-09-27 17:35:36,774: -PUB [/image/background_rect] /view http://ubuntu:44659/
[rosmaster.master][INFO] 2017-09-27 17:35:36,775: publisherUpdate[/rosout] -> http://ubuntu:36644/ ['http://ubuntu:36785/']
[rosmaster.master][INFO] 2017-09-27 17:35:36,776: publisherUpdate[/rosout] -> http://ubuntu:36644/ ['http://ubuntu:36785/']: sec=0.00, result=[1, '', 0]
[rosmaster.master][INFO] 2017-09-27 17:35:36,776: -PUB [/image/line] /view http://ubuntu:44659/
[rosmaster.master][INFO] 2017-09-27 17:35:36,777: -PUB [/image/poly] /view http://ubuntu:44659/
[rosmaster.master][INFO] 2017-09-27 17:35:36,778: -PUB [/image_marked/compressedDepth] /view http://ubuntu:44659/
[rosmaster.master][INFO] 2017-09-27 17:35:36,781: -PUB [/image_marked/compressedDepth/parameter_descriptions] /view http://ubuntu:44659/
[rosmaster.master][INFO] 2017-09-27 17:35:36,781: -PUB [/image_marked/compressedDepth/parameter_updates] /view http://ubuntu:44659/
[rosmaster.master][INFO] 2017-09-27 17:35:36,782: -PUB [/image_marked/compressed] /view http://ubuntu:44659/
[rosmaster.master][INFO] 2017-09-27 17:35:36,783: -PUB [/image_marked/compressed/parameter_descriptions] /view http://ubuntu:44659/
[rosmaster.master][INFO] 2017-09-27 17:35:36,785: -PUB [/image_marked/compressed/parameter_updates] /view http://ubuntu:44659/
[rosmaster.master][INFO] 2017-09-27 17:35:36,785: -PUB [/image_marked] /view http://ubuntu:44659/
[rosmaster.master][INFO] 2017-09-27 17:35:36,786: -PUB [/image_marked/theora] /view http://ubuntu:44659/
[rosmaster.master][INFO] 2017-09-27 17:35:36,789: -PUB [/image_marked/theora/parameter_descriptions] /view http://ubuntu:44659/
[rosmaster.master][INFO] 2017-09-27 17:35:36,789: -PUB [/image_marked/theora/parameter_updates] /view http://ubuntu:44659/
[rosmaster.master][INFO] 2017-09-27 17:35:36,790: -PUB [/image/marked/compressedDepth] /view http://ubuntu:44659/
[rosmaster.master][INFO] 2017-09-27 17:35:36,791: -PUB [/image/marked/compressedDepth/parameter_descriptions] /view http://ubuntu:44659/
[rosmaster.master][INFO] 2017-09-27 17:35:36,793: -PUB [/image/marked/compressedDepth/parameter_updates] /view http://ubuntu:44659/
[rosmaster.master][INFO] 2017-09-27 17:35:36,793: -PUB [/image/marked/compressed] /view http://ubuntu:44659/
[rosmaster.master][INFO] 2017-09-27 17:35:36,795: -PUB [/image/marked/compressed/parameter_descriptions] /view http://ubuntu:44659/
[rosmaster.master][INFO] 2017-09-27 17:35:36,796: -PUB [/image/marked/compressed/parameter_updates] /view http://ubuntu:44659/
[rosmaster.master][INFO] 2017-09-27 17:35:36,797: -PUB [/image/marked] /view http://ubuntu:44659/
[rosmaster.master][INFO] 2017-09-27 17:35:36,798: -PUB [/image/marked/theora] /view http://ubuntu:44659/
[rosmaster.master][INFO] 2017-09-27 17:35:36,799: -PUB [/image/marked/theora/parameter_descriptions] /view http://ubuntu:44659/
[rosmaster.master][INFO] 2017-09-27 17:35:36,801: -PUB [/image/marked/theora/parameter_updates] /view http://ubuntu:44659/
[rosmaster.master][INFO] 2017-09-27 17:35:36,802: -PUB [/view/parameter_descriptions] /view http://ubuntu:44659/
[rosmaster.master][INFO] 2017-09-27 17:35:36,803: -PUB [/view/parameter_updates] /view http://ubuntu:44659/
[rosmaster.master][INFO] 2017-09-27 17:35:36,807: -SUB [/tf] /view http://ubuntu:44659/
[rosmaster.master][INFO] 2017-09-27 17:35:36,808: -SUB [/tf_static] /view http://ubuntu:44659/
[rosmaster.master][INFO] 2017-09-27 17:35:36,809: -SUB [/image] /view http://ubuntu:44659/
[rosmaster.master][INFO] 2017-09-27 17:35:36,811: -SUB [/camera_info] /view http://ubuntu:44659/
[rosmaster.master][INFO] 2017-09-27 17:35:36,811: -SUB [/image_marker] /view http://ubuntu:44659/
[rosmaster.master][INFO] 2017-09-27 17:35:36,812: -SUB [/image/event] /view http://ubuntu:44659/
[rosmaster.master][INFO] 2017-09-27 17:35:36,814: -SERVICE [/view/get_loggers] /view rosrpc://ubuntu:35026
[rosmaster.master][INFO] 2017-09-27 17:35:36,814: -SERVICE [/view/set_logger_level] /view rosrpc://ubuntu:35026
[rosmaster.master][INFO] 2017-09-27 17:35:36,815: -SERVICE [/image_marked/compressedDepth/set_parameters] /view rosrpc://ubuntu:35026
[rosmaster.master][INFO] 2017-09-27 17:35:36,817: -SERVICE [/image_marked/compressed/set_parameters] /view rosrpc://ubuntu:35026
[rosmaster.master][INFO] 2017-09-27 17:35:36,818: -SERVICE [/image_marked/theora/set_parameters] /view rosrpc://ubuntu:35026
[rosmaster.master][INFO] 2017-09-27 17:35:36,819: -SERVICE [/image/marked/compressedDepth/set_parameters] /view rosrpc://ubuntu:35026
[rosmaster.master][INFO] 2017-09-27 17:35:36,820: -SERVICE [/image/marked/compressed/set_parameters] /view rosrpc://ubuntu:35026
[rosmaster.master][INFO] 2017-09-27 17:35:36,821: -SERVICE [/image/marked/theora/set_parameters] /view rosrpc://ubuntu:35026
[rosmaster.master][INFO] 2017-09-27 17:35:36,822: -SERVICE [/view/change_mode] /view rosrpc://ubuntu:35026
[rosmaster.master][INFO] 2017-09-27 17:35:36,823: -SERVICE [/view/rectangle_mode] /view rosrpc://ubuntu:35026
[rosmaster.master][INFO] 2017-09-27 17:35:36,824: -SERVICE [/view/grabcut_mode] /view rosrpc://ubuntu:35026
[rosmaster.master][INFO] 2017-09-27 17:35:36,826: -SERVICE [/view/grabcut_rect_mode] /view rosrpc://ubuntu:35026
[rosmaster.master][INFO] 2017-09-27 17:35:36,826: -SERVICE [/view/line_mode] /view rosrpc://ubuntu:35026
[rosmaster.master][INFO] 2017-09-27 17:35:36,827: -SERVICE [/view/poly_mode] /view rosrpc://ubuntu:35026
[rosmaster.master][INFO] 2017-09-27 17:35:36,830: -SERVICE [/view/none_mode] /view rosrpc://ubuntu:35026
[rosmaster.master][INFO] 2017-09-27 17:35:36,830: -SERVICE [/view/set_parameters] /view rosrpc://ubuntu:35026
[rosmaster.master][INFO] 2017-09-27 17:35:37,079: -PUB [/rosout_agg] /rosout http://ubuntu:36644/
[rosmaster.master][INFO] 2017-09-27 17:35:37,080: -SUB [/rosout] /rosout http://ubuntu:36644/
[rosmaster.master][INFO] 2017-09-27 17:35:37,081: -SERVICE [/rosout/get_loggers] /rosout rosrpc://ubuntu:41925
[rosmaster.master][INFO] 2017-09-27 17:35:37,084: -SERVICE [/rosout/set_logger_level] /rosout rosrpc://ubuntu:41925
[rosmaster.main][INFO] 2017-09-27 17:35:37,164: keyboard interrupt, will exit
[rosmaster.main][INFO] 2017-09-27 17:35:37,164: stopping master...
[rospy.core][INFO] 2017-09-27 17:35:37,164: signal_shutdown [atexit]
