[rosmaster.main][INFO] 2017-09-22 18:27:45,584: initialization complete, waiting for shutdown
[rosmaster.main][INFO] 2017-09-22 18:27:45,584: Starting ROS Master Node
[xmlrpc][INFO] 2017-09-22 18:27:45,585: XML-RPC server binding to 0.0.0.0:11311
[xmlrpc][INFO] 2017-09-22 18:27:45,585: Started XML-RPC server [http://ubuntu:11311/]
[xmlrpc][INFO] 2017-09-22 18:27:45,585: xml rpc node: starting XML-RPC server
[rosmaster.master][INFO] 2017-09-22 18:27:45,585: Master initialized: port[11311], uri[http://ubuntu:11311/]
[rosmaster.master][INFO] 2017-09-22 18:27:45,603: +PARAM [/run_id] by /roslaunch
[rosmaster.master][INFO] 2017-09-22 18:27:45,604: +PARAM [/roslaunch/uris/host_ubuntu__33081] by /roslaunch
[rosmaster.master][INFO] 2017-09-22 18:27:45,698: +PARAM [/rosversion] by /roslaunch
[rosmaster.master][INFO] 2017-09-22 18:27:45,699: +PARAM [/rosdistro] by /roslaunch
[rosmaster.master][INFO] 2017-09-22 18:27:45,699: +PARAM [/camera/device_id] by /roslaunch
[rosmaster.master][INFO] 2017-09-22 18:27:45,755: +SERVICE [/rosout/get_loggers] /rosout http://ubuntu:42665/
[rosmaster.master][INFO] 2017-09-22 18:27:45,759: +SERVICE [/rosout/set_logger_level] /rosout http://ubuntu:42665/
[rosmaster.master][INFO] 2017-09-22 18:27:45,775: +PUB [/rosout_agg] /rosout http://ubuntu:42665/
[rosmaster.master][INFO] 2017-09-22 18:27:45,818: +SUB [/rosout] /rosout http://ubuntu:42665/
[rosmaster.master][INFO] 2017-09-22 18:27:45,896: +PUB [/rosout] /image_converter http://ubuntu:44543/
[rosmaster.master][INFO] 2017-09-22 18:27:45,898: +SERVICE [/image_converter/get_loggers] /image_converter http://ubuntu:44543/
[rosmaster.master][INFO] 2017-09-22 18:27:45,900: +SERVICE [/image_converter/set_logger_level] /image_converter http://ubuntu:44543/
[rosmaster.master][INFO] 2017-09-22 18:27:45,986: publisherUpdate[/rosout] -> http://ubuntu:42665/ ['http://ubuntu:44543/']
[rosmaster.master][INFO] 2017-09-22 18:27:45,987: publisherUpdate[/rosout] -> http://ubuntu:42665/ ['http://ubuntu:44543/']: sec=0.00, result=[1, '', 0]
[rosmaster.master][INFO] 2017-09-22 18:27:46,022: +PUB [/rosout] /view http://ubuntu:38281/
[rosmaster.master][INFO] 2017-09-22 18:27:46,024: +SERVICE [/view/get_loggers] /view http://ubuntu:38281/
[rosmaster.master][INFO] 2017-09-22 18:27:46,025: +SERVICE [/view/set_logger_level] /view http://ubuntu:38281/
[rosmaster.master][INFO] 2017-09-22 18:27:46,029: +PUB [/rosout] /camera http://ubuntu:46129/
[rosmaster.master][INFO] 2017-09-22 18:27:46,030: +SERVICE [/camera/get_loggers] /camera http://ubuntu:46129/
[rosmaster.master][INFO] 2017-09-22 18:27:46,034: +SERVICE [/camera/set_logger_level] /camera http://ubuntu:46129/
[rosmaster.master][INFO] 2017-09-22 18:27:46,046: +SUB [/tf] /view http://ubuntu:38281/
[rosmaster.master][INFO] 2017-09-22 18:27:46,067: +SUB [/tf_static] /view http://ubuntu:38281/
[rosmaster.master][INFO] 2017-09-22 18:27:46,088: publisherUpdate[/rosout] -> http://ubuntu:42665/ ['http://ubuntu:44543/', 'http://ubuntu:38281/']
[rosmaster.master][INFO] 2017-09-22 18:27:46,089: publisherUpdate[/rosout] -> http://ubuntu:42665/ ['http://ubuntu:44543/', 'http://ubuntu:38281/']: sec=0.00, result=[1, '', 0]
[rosmaster.master][INFO] 2017-09-22 18:27:46,089: publisherUpdate[/rosout] -> http://ubuntu:42665/ ['http://ubuntu:44543/', 'http://ubuntu:38281/', 'http://ubuntu:46129/']
[rosmaster.master][INFO] 2017-09-22 18:27:46,089: publisherUpdate[/rosout] -> http://ubuntu:42665/ ['http://ubuntu:44543/', 'http://ubuntu:38281/', 'http://ubuntu:46129/']: sec=0.00, result=[1, '', 0]
[rosmaster.master][INFO] 2017-09-22 18:27:46,106: +SUB [/camera/image_raw] /image_converter http://ubuntu:44543/
[rosmaster.master][INFO] 2017-09-22 18:27:46,130: +SERVICE [/camera/set_camera_info] /camera http://ubuntu:46129/
[rosmaster.master][INFO] 2017-09-22 18:27:46,146: +PUB [/image/screenpoint] /view http://ubuntu:38281/
[rosmaster.master][INFO] 2017-09-22 18:27:46,147: +PUB [/image/screenpoint_array] /view http://ubuntu:38281/
[rosmaster.master][INFO] 2017-09-22 18:27:46,148: +PUB [/image/screenrectangle] /view http://ubuntu:38281/
[rosmaster.master][INFO] 2017-09-22 18:27:46,149: +PUB [/image/screenrectangle_image] /view http://ubuntu:38281/
[rosmaster.master][INFO] 2017-09-22 18:27:46,150: +PUB [/image/movepoint] /view http://ubuntu:38281/
[rosmaster.master][INFO] 2017-09-22 18:27:46,151: +PUB [/image/foreground] /view http://ubuntu:38281/
[rosmaster.master][INFO] 2017-09-22 18:27:46,159: +PUB [/image/background] /view http://ubuntu:38281/
[rosmaster.master][INFO] 2017-09-22 18:27:46,159: +PUB [/image/foreground_rect] /view http://ubuntu:38281/
[rosmaster.master][INFO] 2017-09-22 18:27:46,160: +PUB [/image/background_rect] /view http://ubuntu:38281/
[rosmaster.master][INFO] 2017-09-22 18:27:46,161: +PUB [/image/line] /view http://ubuntu:38281/
[rosmaster.master][INFO] 2017-09-22 18:27:46,162: +PUB [/image/poly] /view http://ubuntu:38281/
[rosmaster.master][INFO] 2017-09-22 18:27:46,208: +PUB [/image/compressedDepth] /image_converter http://ubuntu:44543/
[rosmaster.master][INFO] 2017-09-22 18:27:46,209: +SERVICE [/image/compressedDepth/set_parameters] /image_converter http://ubuntu:44543/
[rosmaster.master][INFO] 2017-09-22 18:27:46,210: +PUB [/image/compressedDepth/parameter_descriptions] /image_converter http://ubuntu:44543/
[rosmaster.master][INFO] 2017-09-22 18:27:46,210: +PUB [/image/compressedDepth/parameter_updates] /image_converter http://ubuntu:44543/
[rosmaster.master][INFO] 2017-09-22 18:27:46,218: +PARAM [/image/compressedDepth/depth_max] by /image_converter
[rosmaster.master][INFO] 2017-09-22 18:27:46,222: +PARAM [/image/compressedDepth/depth_quantization] by /image_converter
[rosmaster.master][INFO] 2017-09-22 18:27:46,223: +PARAM [/image/compressedDepth/png_level] by /image_converter
[rosmaster.master][INFO] 2017-09-22 18:27:46,224: +PARAM [/image/compressedDepth/depth_max] by /image_converter
[rosmaster.master][INFO] 2017-09-22 18:27:46,224: +PARAM [/image/compressedDepth/depth_quantization] by /image_converter
[rosmaster.master][INFO] 2017-09-22 18:27:46,225: +PARAM [/image/compressedDepth/png_level] by /image_converter
[rosmaster.master][INFO] 2017-09-22 18:27:46,261: +PUB [/image_marked/compressedDepth] /view http://ubuntu:38281/
[rosmaster.master][INFO] 2017-09-22 18:27:46,263: +SERVICE [/image_marked/compressedDepth/set_parameters] /view http://ubuntu:38281/
[rosmaster.master][INFO] 2017-09-22 18:27:46,264: +PUB [/image_marked/compressedDepth/parameter_descriptions] /view http://ubuntu:38281/
[rosmaster.master][INFO] 2017-09-22 18:27:46,266: +PUB [/image_marked/compressedDepth/parameter_updates] /view http://ubuntu:38281/
[rosmaster.master][INFO] 2017-09-22 18:27:46,270: +PARAM [/image_marked/compressedDepth/depth_max] by /view
[rosmaster.master][INFO] 2017-09-22 18:27:46,271: +PARAM [/image_marked/compressedDepth/depth_quantization] by /view
[rosmaster.master][INFO] 2017-09-22 18:27:46,275: +PARAM [/image_marked/compressedDepth/png_level] by /view
[rosmaster.master][INFO] 2017-09-22 18:27:46,276: +PARAM [/image_marked/compressedDepth/depth_max] by /view
[rosmaster.master][INFO] 2017-09-22 18:27:46,278: +PARAM [/image_marked/compressedDepth/depth_quantization] by /view
[rosmaster.master][INFO] 2017-09-22 18:27:46,279: +PARAM [/image_marked/compressedDepth/png_level] by /view
[rosmaster.master][INFO] 2017-09-22 18:27:46,308: +PUB [/image/compressed] /image_converter http://ubuntu:44543/
[rosmaster.master][INFO] 2017-09-22 18:27:46,309: +SERVICE [/image/compressed/set_parameters] /image_converter http://ubuntu:44543/
[rosmaster.master][INFO] 2017-09-22 18:27:46,310: +PUB [/image/compressed/parameter_descriptions] /image_converter http://ubuntu:44543/
[rosmaster.master][INFO] 2017-09-22 18:27:46,310: +PUB [/image/compressed/parameter_updates] /image_converter http://ubuntu:44543/
[rosmaster.master][INFO] 2017-09-22 18:27:46,317: +PARAM [/image/compressed/format] by /image_converter
[rosmaster.master][INFO] 2017-09-22 18:27:46,322: +PARAM [/image/compressed/jpeg_quality] by /image_converter
[rosmaster.master][INFO] 2017-09-22 18:27:46,323: +PARAM [/image/compressed/png_level] by /image_converter
[rosmaster.master][INFO] 2017-09-22 18:27:46,324: +PARAM [/image/compressed/format] by /image_converter
[rosmaster.master][INFO] 2017-09-22 18:27:46,325: +PARAM [/image/compressed/jpeg_quality] by /image_converter
[rosmaster.master][INFO] 2017-09-22 18:27:46,325: +PARAM [/image/compressed/png_level] by /image_converter
[rosmaster.master][INFO] 2017-09-22 18:27:46,357: +PUB [/image_marked/compressed] /view http://ubuntu:38281/
[rosmaster.master][INFO] 2017-09-22 18:27:46,360: +SERVICE [/image_marked/compressed/set_parameters] /view http://ubuntu:38281/
[rosmaster.master][INFO] 2017-09-22 18:27:46,361: +PUB [/image_marked/compressed/parameter_descriptions] /view http://ubuntu:38281/
[rosmaster.master][INFO] 2017-09-22 18:27:46,362: +PUB [/image_marked/compressed/parameter_updates] /view http://ubuntu:38281/
[rosmaster.master][INFO] 2017-09-22 18:27:46,373: +PARAM [/image_marked/compressed/format] by /view
[rosmaster.master][INFO] 2017-09-22 18:27:46,377: +PARAM [/image_marked/compressed/jpeg_quality] by /view
[rosmaster.master][INFO] 2017-09-22 18:27:46,380: +PARAM [/image_marked/compressed/png_level] by /view
[rosmaster.master][INFO] 2017-09-22 18:27:46,380: +PARAM [/image_marked/compressed/format] by /view
[rosmaster.master][INFO] 2017-09-22 18:27:46,382: +PARAM [/image_marked/compressed/jpeg_quality] by /view
[rosmaster.master][INFO] 2017-09-22 18:27:46,390: +PARAM [/image_marked/compressed/png_level] by /view
[rosmaster.master][INFO] 2017-09-22 18:27:46,423: +PUB [/image] /image_converter http://ubuntu:44543/
[rosmaster.master][INFO] 2017-09-22 18:27:46,470: +PUB [/camera/image_raw/compressedDepth] /camera http://ubuntu:46129/
[rosmaster.master][INFO] 2017-09-22 18:27:46,471: +SERVICE [/camera/image_raw/compressedDepth/set_parameters] /camera http://ubuntu:46129/
[rosmaster.master][INFO] 2017-09-22 18:27:46,472: +PUB [/camera/image_raw/compressedDepth/parameter_descriptions] /camera http://ubuntu:46129/
[rosmaster.master][INFO] 2017-09-22 18:27:46,473: +PUB [/camera/image_raw/compressedDepth/parameter_updates] /camera http://ubuntu:46129/
[rosmaster.master][INFO] 2017-09-22 18:27:46,477: +PARAM [/camera/image_raw/compressedDepth/depth_max] by /camera
[rosmaster.master][INFO] 2017-09-22 18:27:46,478: +PARAM [/camera/image_raw/compressedDepth/depth_quantization] by /camera
[rosmaster.master][INFO] 2017-09-22 18:27:46,482: +PARAM [/camera/image_raw/compressedDepth/png_level] by /camera
[rosmaster.master][INFO] 2017-09-22 18:27:46,486: +PARAM [/camera/image_raw/compressedDepth/depth_max] by /camera
[rosmaster.master][INFO] 2017-09-22 18:27:46,490: +PARAM [/camera/image_raw/compressedDepth/depth_quantization] by /camera
[rosmaster.master][INFO] 2017-09-22 18:27:46,495: +PARAM [/camera/image_raw/compressedDepth/png_level] by /camera
[rosmaster.master][INFO] 2017-09-22 18:27:46,502: +PUB [/image_marked] /view http://ubuntu:38281/
[rosmaster.master][INFO] 2017-09-22 18:27:46,535: +PUB [/image/theora] /image_converter http://ubuntu:44543/
[rosmaster.master][INFO] 2017-09-22 18:27:46,536: +SERVICE [/image/theora/set_parameters] /image_converter http://ubuntu:44543/
[rosmaster.master][INFO] 2017-09-22 18:27:46,537: +PUB [/image/theora/parameter_descriptions] /image_converter http://ubuntu:44543/
[rosmaster.master][INFO] 2017-09-22 18:27:46,538: +PUB [/image/theora/parameter_updates] /image_converter http://ubuntu:44543/
[rosmaster.master][INFO] 2017-09-22 18:27:46,554: +PARAM [/image/theora/optimize_for] by /image_converter
[rosmaster.master][INFO] 2017-09-22 18:27:46,555: +PARAM [/image/theora/target_bitrate] by /image_converter
[rosmaster.master][INFO] 2017-09-22 18:27:46,556: +PARAM [/image/theora/quality] by /image_converter
[rosmaster.master][INFO] 2017-09-22 18:27:46,556: +PARAM [/image/theora/keyframe_frequency] by /image_converter
[rosmaster.master][INFO] 2017-09-22 18:27:46,557: +PARAM [/image/theora/optimize_for] by /image_converter
[rosmaster.master][INFO] 2017-09-22 18:27:46,558: +PARAM [/image/theora/target_bitrate] by /image_converter
[rosmaster.master][INFO] 2017-09-22 18:27:46,567: +PARAM [/image/theora/quality] by /image_converter
[rosmaster.master][INFO] 2017-09-22 18:27:46,571: +PARAM [/image/theora/keyframe_frequency] by /image_converter
[rosmaster.master][INFO] 2017-09-22 18:27:46,590: +PUB [/camera/image_raw/compressed] /camera http://ubuntu:46129/
[rosmaster.master][INFO] 2017-09-22 18:27:46,591: +SERVICE [/camera/image_raw/compressed/set_parameters] /camera http://ubuntu:46129/
[rosmaster.master][INFO] 2017-09-22 18:27:46,591: +PUB [/camera/image_raw/compressed/parameter_descriptions] /camera http://ubuntu:46129/
[rosmaster.master][INFO] 2017-09-22 18:27:46,592: +PUB [/camera/image_raw/compressed/parameter_updates] /camera http://ubuntu:46129/
[rosmaster.master][INFO] 2017-09-22 18:27:46,605: +PARAM [/camera/image_raw/compressed/format] by /camera
[rosmaster.master][INFO] 2017-09-22 18:27:46,608: +PUB [/image_marked/theora] /view http://ubuntu:38281/
[rosmaster.master][INFO] 2017-09-22 18:27:46,609: +PARAM [/camera/image_raw/compressed/jpeg_quality] by /camera
[rosmaster.master][INFO] 2017-09-22 18:27:46,610: +SERVICE [/image_marked/theora/set_parameters] /view http://ubuntu:38281/
[rosmaster.master][INFO] 2017-09-22 18:27:46,611: +PARAM [/camera/image_raw/compressed/png_level] by /camera
[rosmaster.master][INFO] 2017-09-22 18:27:46,612: +PUB [/image_marked/theora/parameter_descriptions] /view http://ubuntu:38281/
[rosmaster.master][INFO] 2017-09-22 18:27:46,612: +PARAM [/camera/image_raw/compressed/format] by /camera
[rosmaster.master][INFO] 2017-09-22 18:27:46,613: +PUB [/image_marked/theora/parameter_updates] /view http://ubuntu:38281/
[rosmaster.master][INFO] 2017-09-22 18:27:46,614: +PARAM [/camera/image_raw/compressed/jpeg_quality] by /camera
[rosmaster.master][INFO] 2017-09-22 18:27:46,618: +PARAM [/camera/image_raw/compressed/png_level] by /camera
[rosmaster.master][INFO] 2017-09-22 18:27:46,627: +PARAM [/image_marked/theora/optimize_for] by /view
[rosmaster.master][INFO] 2017-09-22 18:27:46,628: +PARAM [/image_marked/theora/target_bitrate] by /view
[rosmaster.master][INFO] 2017-09-22 18:27:46,629: +PARAM [/image_marked/theora/quality] by /view
[rosmaster.master][INFO] 2017-09-22 18:27:46,629: +PARAM [/image_marked/theora/keyframe_frequency] by /view
[rosmaster.master][INFO] 2017-09-22 18:27:46,630: +PARAM [/image_marked/theora/optimize_for] by /view
[rosmaster.master][INFO] 2017-09-22 18:27:46,634: +PARAM [/image_marked/theora/target_bitrate] by /view
[rosmaster.master][INFO] 2017-09-22 18:27:46,639: +PARAM [/image_marked/theora/quality] by /view
[rosmaster.master][INFO] 2017-09-22 18:27:46,640: +PARAM [/image_marked/theora/keyframe_frequency] by /view
[rosmaster.master][INFO] 2017-09-22 18:27:46,696: +PUB [/camera/image_raw] /camera http://ubuntu:46129/
[rosmaster.master][INFO] 2017-09-22 18:27:46,704: publisherUpdate[/camera/image_raw] -> http://ubuntu:44543/ ['http://ubuntu:46129/']
[rosmaster.master][INFO] 2017-09-22 18:27:46,705: publisherUpdate[/camera/image_raw] -> http://ubuntu:44543/ ['http://ubuntu:46129/']: sec=0.00, result=[1, '', 0]
[rosmaster.master][INFO] 2017-09-22 18:27:46,709: +PUB [/image/marked/compressedDepth] /view http://ubuntu:38281/
[rosmaster.master][INFO] 2017-09-22 18:27:46,709: +SERVICE [/image/marked/compressedDepth/set_parameters] /view http://ubuntu:38281/
[rosmaster.master][INFO] 2017-09-22 18:27:46,710: +PUB [/image/marked/compressedDepth/parameter_descriptions] /view http://ubuntu:38281/
[rosmaster.master][INFO] 2017-09-22 18:27:46,711: +PUB [/image/marked/compressedDepth/parameter_updates] /view http://ubuntu:38281/
[rosmaster.master][INFO] 2017-09-22 18:27:46,713: +PARAM [/image/marked/compressedDepth/depth_max] by /view
[rosmaster.master][INFO] 2017-09-22 18:27:46,717: +PARAM [/image/marked/compressedDepth/depth_quantization] by /view
[rosmaster.master][INFO] 2017-09-22 18:27:46,722: +PARAM [/image/marked/compressedDepth/png_level] by /view
[rosmaster.master][INFO] 2017-09-22 18:27:46,723: +PARAM [/image/marked/compressedDepth/depth_max] by /view
[rosmaster.master][INFO] 2017-09-22 18:27:46,724: +PARAM [/image/marked/compressedDepth/depth_quantization] by /view
[rosmaster.master][INFO] 2017-09-22 18:27:46,726: +PARAM [/image/marked/compressedDepth/png_level] by /view
[rosmaster.master][INFO] 2017-09-22 18:27:46,791: +PUB [/camera/image_raw/theora] /camera http://ubuntu:46129/
[rosmaster.master][INFO] 2017-09-22 18:27:46,794: +SERVICE [/camera/image_raw/theora/set_parameters] /camera http://ubuntu:46129/
[rosmaster.master][INFO] 2017-09-22 18:27:46,795: +PUB [/camera/image_raw/theora/parameter_descriptions] /camera http://ubuntu:46129/
[rosmaster.master][INFO] 2017-09-22 18:27:46,796: +PUB [/camera/image_raw/theora/parameter_updates] /camera http://ubuntu:46129/
[rosmaster.master][INFO] 2017-09-22 18:27:46,801: +PARAM [/camera/image_raw/theora/optimize_for] by /camera
[rosmaster.master][INFO] 2017-09-22 18:27:46,804: +PARAM [/camera/image_raw/theora/target_bitrate] by /camera
[rosmaster.master][INFO] 2017-09-22 18:27:46,805: +PARAM [/camera/image_raw/theora/quality] by /camera
[rosmaster.master][INFO] 2017-09-22 18:27:46,806: +PARAM [/camera/image_raw/theora/keyframe_frequency] by /camera
[rosmaster.master][INFO] 2017-09-22 18:27:46,808: +PARAM [/camera/image_raw/theora/optimize_for] by /camera
[rosmaster.master][INFO] 2017-09-22 18:27:46,809: +PUB [/image/marked/compressed] /view http://ubuntu:38281/
[rosmaster.master][INFO] 2017-09-22 18:27:46,809: +PARAM [/camera/image_raw/theora/target_bitrate] by /camera
[rosmaster.master][INFO] 2017-09-22 18:27:46,810: +SERVICE [/image/marked/compressed/set_parameters] /view http://ubuntu:38281/
[rosmaster.master][INFO] 2017-09-22 18:27:46,811: +PARAM [/camera/image_raw/theora/quality] by /camera
[rosmaster.master][INFO] 2017-09-22 18:27:46,812: +PUB [/image/marked/compressed/parameter_descriptions] /view http://ubuntu:38281/
[rosmaster.master][INFO] 2017-09-22 18:27:46,812: +PARAM [/camera/image_raw/theora/keyframe_frequency] by /camera
[rosmaster.master][INFO] 2017-09-22 18:27:46,813: +PUB [/image/marked/compressed/parameter_updates] /view http://ubuntu:38281/
[rosmaster.master][INFO] 2017-09-22 18:27:46,814: +PUB [/camera/camera_info] /camera http://ubuntu:46129/
[rosmaster.master][INFO] 2017-09-22 18:27:46,820: +PARAM [/image/marked/compressed/format] by /view
[rosmaster.master][INFO] 2017-09-22 18:27:46,821: +PARAM [/image/marked/compressed/jpeg_quality] by /view
[rosmaster.master][INFO] 2017-09-22 18:27:46,823: +PARAM [/image/marked/compressed/png_level] by /view
[rosmaster.master][INFO] 2017-09-22 18:27:46,824: +PARAM [/image/marked/compressed/format] by /view
[rosmaster.master][INFO] 2017-09-22 18:27:46,825: +PARAM [/image/marked/compressed/jpeg_quality] by /view
[rosmaster.master][INFO] 2017-09-22 18:27:46,826: +PARAM [/image/marked/compressed/png_level] by /view
[rosmaster.master][INFO] 2017-09-22 18:27:46,870: +PUB [/image/marked] /view http://ubuntu:38281/
[rosmaster.master][INFO] 2017-09-22 18:27:46,908: +PUB [/image/marked/theora] /view http://ubuntu:38281/
[rosmaster.master][INFO] 2017-09-22 18:27:46,909: +SERVICE [/image/marked/theora/set_parameters] /view http://ubuntu:38281/
[rosmaster.master][INFO] 2017-09-22 18:27:46,909: +PUB [/image/marked/theora/parameter_descriptions] /view http://ubuntu:38281/
[rosmaster.master][INFO] 2017-09-22 18:27:46,910: +PUB [/image/marked/theora/parameter_updates] /view http://ubuntu:38281/
[rosmaster.master][INFO] 2017-09-22 18:27:46,913: +PARAM [/image/marked/theora/optimize_for] by /view
[rosmaster.master][INFO] 2017-09-22 18:27:46,913: +PARAM [/image/marked/theora/target_bitrate] by /view
[rosmaster.master][INFO] 2017-09-22 18:27:46,914: +PARAM [/image/marked/theora/quality] by /view
[rosmaster.master][INFO] 2017-09-22 18:27:46,917: +PARAM [/image/marked/theora/keyframe_frequency] by /view
[rosmaster.master][INFO] 2017-09-22 18:27:46,918: +PARAM [/image/marked/theora/optimize_for] by /view
[rosmaster.master][INFO] 2017-09-22 18:27:46,919: +PARAM [/image/marked/theora/target_bitrate] by /view
[rosmaster.master][INFO] 2017-09-22 18:27:46,919: +PARAM [/image/marked/theora/quality] by /view
[rosmaster.master][INFO] 2017-09-22 18:27:46,920: +PARAM [/image/marked/theora/keyframe_frequency] by /view
[rosmaster.master][INFO] 2017-09-22 18:27:46,954: +SUB [/image] /view http://ubuntu:38281/
[rosmaster.master][INFO] 2017-09-22 18:27:46,958: +SUB [/camera_info] /view http://ubuntu:38281/
[rosmaster.master][INFO] 2017-09-22 18:27:46,961: +SUB [/image_marker] /view http://ubuntu:38281/
[rosmaster.master][INFO] 2017-09-22 18:27:46,967: +SUB [/image/event] /view http://ubuntu:38281/
[rosmaster.master][INFO] 2017-09-22 18:27:46,968: +SERVICE [/view/change_mode] /view http://ubuntu:38281/
[rosmaster.master][INFO] 2017-09-22 18:27:46,969: +SERVICE [/view/rectangle_mode] /view http://ubuntu:38281/
[rosmaster.master][INFO] 2017-09-22 18:27:46,969: +SERVICE [/view/grabcut_mode] /view http://ubuntu:38281/
[rosmaster.master][INFO] 2017-09-22 18:27:46,970: +SERVICE [/view/grabcut_rect_mode] /view http://ubuntu:38281/
[rosmaster.master][INFO] 2017-09-22 18:27:46,971: +SERVICE [/view/line_mode] /view http://ubuntu:38281/
[rosmaster.master][INFO] 2017-09-22 18:27:46,971: +SERVICE [/view/poly_mode] /view http://ubuntu:38281/
[rosmaster.master][INFO] 2017-09-22 18:27:46,972: +SERVICE [/view/none_mode] /view http://ubuntu:38281/
[rosmaster.master][INFO] 2017-09-22 18:27:46,973: +SERVICE [/view/set_parameters] /view http://ubuntu:38281/
[rosmaster.master][INFO] 2017-09-22 18:27:46,974: +PUB [/view/parameter_descriptions] /view http://ubuntu:38281/
[rosmaster.master][INFO] 2017-09-22 18:27:46,974: +PUB [/view/parameter_updates] /view http://ubuntu:38281/
[rosmaster.master][INFO] 2017-09-22 18:27:46,980: +PARAM [/view/grid] by /view
[rosmaster.master][INFO] 2017-09-22 18:27:46,987: +PARAM [/view/fisheye_mode] by /view
[rosmaster.master][INFO] 2017-09-22 18:27:46,987: +PARAM [/view/div_u] by /view
[rosmaster.master][INFO] 2017-09-22 18:27:46,988: +PARAM [/view/div_v] by /view
[rosmaster.master][INFO] 2017-09-22 18:27:46,989: +PARAM [/view/grid_red] by /view
[rosmaster.master][INFO] 2017-09-22 18:27:46,989: +PARAM [/view/grid_green] by /view
[rosmaster.master][INFO] 2017-09-22 18:27:46,991: +PARAM [/view/grid_blue] by /view
[rosmaster.master][INFO] 2017-09-22 18:27:46,992: +PARAM [/view/grid_thickness] by /view
[rosmaster.master][INFO] 2017-09-22 18:27:46,993: +PARAM [/view/grid_space] by /view
[rosmaster.master][INFO] 2017-09-22 18:27:46,994: +PARAM [/view/grid] by /view
[rosmaster.master][INFO] 2017-09-22 18:27:46,994: +PARAM [/view/fisheye_mode] by /view
[rosmaster.master][INFO] 2017-09-22 18:27:46,995: +PARAM [/view/div_u] by /view
[rosmaster.master][INFO] 2017-09-22 18:27:46,996: +PARAM [/view/div_v] by /view
[rosmaster.master][INFO] 2017-09-22 18:27:46,996: +PARAM [/view/grid_red] by /view
[rosmaster.master][INFO] 2017-09-22 18:27:46,997: +PARAM [/view/grid_green] by /view
[rosmaster.master][INFO] 2017-09-22 18:27:47,000: +PARAM [/view/grid_blue] by /view
[rosmaster.master][INFO] 2017-09-22 18:27:47,001: +PARAM [/view/grid_thickness] by /view
[rosmaster.master][INFO] 2017-09-22 18:27:47,002: +PARAM [/view/grid_space] by /view
[rosmaster.master][INFO] 2017-09-22 18:27:50,424: -PUB [/rosout] /camera http://ubuntu:46129/
[rosmaster.master][INFO] 2017-09-22 18:27:50,427: -PUB [/camera/image_raw/compressedDepth] /camera http://ubuntu:46129/
[rosmaster.master][INFO] 2017-09-22 18:27:50,436: -PUB [/camera/image_raw/compressedDepth/parameter_descriptions] /camera http://ubuntu:46129/
[rosmaster.master][INFO] 2017-09-22 18:27:50,441: -PUB [/rosout] /image_converter http://ubuntu:44543/
[rosmaster.master][INFO] 2017-09-22 18:27:50,441: -PUB [/camera/image_raw/compressedDepth/parameter_updates] /camera http://ubuntu:46129/
[rosmaster.master][INFO] 2017-09-22 18:27:50,448: -PUB [/image/compressedDepth] /image_converter http://ubuntu:44543/
[rosmaster.master][INFO] 2017-09-22 18:27:50,449: -PUB [/rosout] /view http://ubuntu:38281/
[rosmaster.master][INFO] 2017-09-22 18:27:50,449: -PUB [/camera/image_raw/compressed] /camera http://ubuntu:46129/
[rosmaster.master][INFO] 2017-09-22 18:27:50,470: -PUB [/image/compressedDepth/parameter_descriptions] /image_converter http://ubuntu:44543/
[rosmaster.master][INFO] 2017-09-22 18:27:50,471: -PUB [/image/screenpoint] /view http://ubuntu:38281/
[rosmaster.master][INFO] 2017-09-22 18:27:50,478: -PUB [/camera/image_raw/compressed/parameter_descriptions] /camera http://ubuntu:46129/
[rosmaster.master][INFO] 2017-09-22 18:27:50,482: -PUB [/image/screenpoint_array] /view http://ubuntu:38281/
[rosmaster.master][INFO] 2017-09-22 18:27:50,487: -PUB [/image/compressedDepth/parameter_updates] /image_converter http://ubuntu:44543/
[rosmaster.master][INFO] 2017-09-22 18:27:50,492: -PUB [/camera/image_raw/compressed/parameter_updates] /camera http://ubuntu:46129/
[rosmaster.master][INFO] 2017-09-22 18:27:50,494: -PUB [/image/screenrectangle] /view http://ubuntu:38281/
[rosmaster.master][INFO] 2017-09-22 18:27:50,497: -PUB [/image/compressed] /image_converter http://ubuntu:44543/
[rosmaster.master][INFO] 2017-09-22 18:27:50,497: -PUB [/camera/image_raw] /camera http://ubuntu:46129/
[rosmaster.master][INFO] 2017-09-22 18:27:50,503: -PUB [/image/screenrectangle_image] /view http://ubuntu:38281/
[rosmaster.master][INFO] 2017-09-22 18:27:50,511: publisherUpdate[/rosout] -> http://ubuntu:42665/ ['http://ubuntu:44543/', 'http://ubuntu:38281/']
[rosmaster.master][INFO] 2017-09-22 18:27:50,518: publisherUpdate[/camera/image_raw] -> http://ubuntu:44543/ []
[rosmaster.master][INFO] 2017-09-22 18:27:50,518: publisherUpdate[/rosout] -> http://ubuntu:42665/ ['http://ubuntu:44543/', 'http://ubuntu:38281/']: sec=0.01, result=[1, '', 0]
[rosmaster.master][INFO] 2017-09-22 18:27:50,518: publisherUpdate[/rosout] -> http://ubuntu:42665/ ['http://ubuntu:38281/']
[rosmaster.master][INFO] 2017-09-22 18:27:50,520: publisherUpdate[/rosout] -> http://ubuntu:42665/ ['http://ubuntu:38281/']: sec=0.00, result=[1, '', 0]
[rosmaster.master][INFO] 2017-09-22 18:27:50,520: publisherUpdate[/rosout] -> http://ubuntu:42665/ []
[rosmaster.master][INFO] 2017-09-22 18:27:50,523: publisherUpdate[/rosout] -> http://ubuntu:42665/ []: sec=0.00, result=[1, '', 0]
[rosmaster.master][INFO] 2017-09-22 18:27:50,524: -PUB [/image/compressed/parameter_descriptions] /image_converter http://ubuntu:44543/
[rosmaster.master][INFO] 2017-09-22 18:27:50,524: -PUB [/camera/image_raw/theora] /camera http://ubuntu:46129/
[rosmaster.master][INFO] 2017-09-22 18:27:50,530: publisherUpdate[/camera/image_raw] -> http://ubuntu:44543/ []: sec=0.01, exception=<Fault -1: 'publisherUpdate: unknown method name'>
[rosmaster.master][INFO] 2017-09-22 18:27:50,532: -PUB [/image/movepoint] /view http://ubuntu:38281/
[rosmaster.threadpool][ERROR] 2017-09-22 18:27:50,547: Traceback (most recent call last):
  File "/opt/ros/kinetic/lib/python2.7/dist-packages/rosmaster/threadpool.py", line 218, in run
    result = cmd(*args)
  File "/opt/ros/kinetic/lib/python2.7/dist-packages/rosmaster/master_api.py", line 210, in publisher_update_task
    ret = xmlrpcapi(api).publisherUpdate('/master', topic, pub_uris)
  File "/usr/lib/python2.7/xmlrpclib.py", line 1243, in __call__
    return self.__send(self.__name, args)
  File "/usr/lib/python2.7/xmlrpclib.py", line 1602, in __request
    verbose=self.__verbose
  File "/usr/lib/python2.7/xmlrpclib.py", line 1283, in request
    return self.single_request(host, handler, request_body, verbose)
  File "/usr/lib/python2.7/xmlrpclib.py", line 1316, in single_request
    return self.parse_response(response)
  File "/usr/lib/python2.7/xmlrpclib.py", line 1493, in parse_response
    return u.close()
  File "/usr/lib/python2.7/xmlrpclib.py", line 800, in close
    raise Fault(**self._stack[0])
Fault: <Fault -1: 'publisherUpdate: unknown method name'>

[rosmaster.master][INFO] 2017-09-22 18:27:50,547: -PUB [/camera/image_raw/theora/parameter_descriptions] /camera http://ubuntu:46129/
[rosmaster.master][INFO] 2017-09-22 18:27:50,551: -PUB [/image/compressed/parameter_updates] /image_converter http://ubuntu:44543/
[rosmaster.master][INFO] 2017-09-22 18:27:50,552: -PUB [/image/foreground] /view http://ubuntu:38281/
[rosmaster.master][INFO] 2017-09-22 18:27:50,559: -PUB [/image/background] /view http://ubuntu:38281/
[rosmaster.master][INFO] 2017-09-22 18:27:50,559: -PUB [/camera/image_raw/theora/parameter_updates] /camera http://ubuntu:46129/
[rosmaster.master][INFO] 2017-09-22 18:27:50,563: -PUB [/image] /image_converter http://ubuntu:44543/
[rosmaster.master][INFO] 2017-09-22 18:27:50,564: -PUB [/camera/camera_info] /camera http://ubuntu:46129/
[rosmaster.master][INFO] 2017-09-22 18:27:50,575: -SERVICE [/camera/get_loggers] /camera rosrpc://ubuntu:44635
[rosmaster.master][INFO] 2017-09-22 18:27:50,581: -PUB [/image/foreground_rect] /view http://ubuntu:38281/
[rosmaster.master][INFO] 2017-09-22 18:27:50,582: -PUB [/image/theora] /image_converter http://ubuntu:44543/
[rosmaster.master][INFO] 2017-09-22 18:27:50,582: -SERVICE [/camera/set_logger_level] /camera rosrpc://ubuntu:44635
[rosmaster.master][INFO] 2017-09-22 18:27:50,586: -PUB [/image/background_rect] /view http://ubuntu:38281/
[rosmaster.master][INFO] 2017-09-22 18:27:50,589: -SERVICE [/camera/set_camera_info] /camera rosrpc://ubuntu:44635
[rosmaster.master][INFO] 2017-09-22 18:27:50,593: -PUB [/image/theora/parameter_descriptions] /image_converter http://ubuntu:44543/
[rosmaster.master][INFO] 2017-09-22 18:27:50,593: -PUB [/image/line] /view http://ubuntu:38281/
[rosmaster.master][INFO] 2017-09-22 18:27:50,594: -SERVICE [/camera/image_raw/compressedDepth/set_parameters] /camera rosrpc://ubuntu:44635
[rosmaster.master][INFO] 2017-09-22 18:27:50,609: -PUB [/image/theora/parameter_updates] /image_converter http://ubuntu:44543/
[rosmaster.master][INFO] 2017-09-22 18:27:50,616: -PUB [/image/poly] /view http://ubuntu:38281/
[rosmaster.master][INFO] 2017-09-22 18:27:50,617: -SERVICE [/camera/image_raw/compressed/set_parameters] /camera rosrpc://ubuntu:44635
[rosmaster.master][INFO] 2017-09-22 18:27:50,622: -SUB [/camera/image_raw] /image_converter http://ubuntu:44543/
[rosmaster.master][INFO] 2017-09-22 18:27:50,622: -SERVICE [/camera/image_raw/theora/set_parameters] /camera rosrpc://ubuntu:44635
[rosmaster.master][INFO] 2017-09-22 18:27:50,625: publisherUpdate[/image] -> http://ubuntu:38281/ []
[rosmaster.master][INFO] 2017-09-22 18:27:50,634: -PUB [/image_marked/compressedDepth] /view http://ubuntu:38281/
[rosmaster.master][INFO] 2017-09-22 18:27:50,638: -SERVICE [/image_converter/get_loggers] /image_converter rosrpc://ubuntu:55389
[rosmaster.master][INFO] 2017-09-22 18:27:50,644: publisherUpdate[/image] -> http://ubuntu:38281/ []: sec=0.02, exception=<Fault -1: 'publisherUpdate: unknown method name'>
[rosmaster.threadpool][ERROR] 2017-09-22 18:27:50,644: Traceback (most recent call last):
  File "/opt/ros/kinetic/lib/python2.7/dist-packages/rosmaster/threadpool.py", line 218, in run
    result = cmd(*args)
  File "/opt/ros/kinetic/lib/python2.7/dist-packages/rosmaster/master_api.py", line 210, in publisher_update_task
    ret = xmlrpcapi(api).publisherUpdate('/master', topic, pub_uris)
  File "/usr/lib/python2.7/xmlrpclib.py", line 1243, in __call__
    return self.__send(self.__name, args)
  File "/usr/lib/python2.7/xmlrpclib.py", line 1602, in __request
    verbose=self.__verbose
  File "/usr/lib/python2.7/xmlrpclib.py", line 1283, in request
    return self.single_request(host, handler, request_body, verbose)
  File "/usr/lib/python2.7/xmlrpclib.py", line 1316, in single_request
    return self.parse_response(response)
  File "/usr/lib/python2.7/xmlrpclib.py", line 1493, in parse_response
    return u.close()
  File "/usr/lib/python2.7/xmlrpclib.py", line 800, in close
    raise Fault(**self._stack[0])
Fault: <Fault -1: 'publisherUpdate: unknown method name'>

[rosmaster.master][INFO] 2017-09-22 18:27:50,645: -PUB [/image_marked/compressedDepth/parameter_descriptions] /view http://ubuntu:38281/
[rosmaster.master][INFO] 2017-09-22 18:27:50,656: -SERVICE [/image_converter/set_logger_level] /image_converter rosrpc://ubuntu:55389
[rosmaster.master][INFO] 2017-09-22 18:27:50,662: -PUB [/image_marked/compressedDepth/parameter_updates] /view http://ubuntu:38281/
[rosmaster.master][INFO] 2017-09-22 18:27:50,663: -SERVICE [/image/compressedDepth/set_parameters] /image_converter rosrpc://ubuntu:55389
[rosmaster.master][INFO] 2017-09-22 18:27:50,669: -PUB [/image_marked/compressed] /view http://ubuntu:38281/
[rosmaster.master][INFO] 2017-09-22 18:27:50,675: -PUB [/image_marked/compressed/parameter_descriptions] /view http://ubuntu:38281/
[rosmaster.master][INFO] 2017-09-22 18:27:50,682: -SERVICE [/image/compressed/set_parameters] /image_converter rosrpc://ubuntu:55389
[rosmaster.master][INFO] 2017-09-22 18:27:50,682: -PUB [/image_marked/compressed/parameter_updates] /view http://ubuntu:38281/
[rosmaster.master][INFO] 2017-09-22 18:27:50,686: -SERVICE [/image/theora/set_parameters] /image_converter rosrpc://ubuntu:55389
[rosmaster.master][INFO] 2017-09-22 18:27:50,689: -PUB [/image_marked] /view http://ubuntu:38281/
[rosmaster.master][INFO] 2017-09-22 18:27:50,692: -PUB [/image_marked/theora] /view http://ubuntu:38281/
[rosmaster.master][INFO] 2017-09-22 18:27:50,701: -PUB [/image_marked/theora/parameter_descriptions] /view http://ubuntu:38281/
[rosmaster.master][INFO] 2017-09-22 18:27:50,706: -PUB [/image_marked/theora/parameter_updates] /view http://ubuntu:38281/
[rosmaster.master][INFO] 2017-09-22 18:27:50,713: -PUB [/image/marked/compressedDepth] /view http://ubuntu:38281/
[rosmaster.master][INFO] 2017-09-22 18:27:50,715: -PUB [/image/marked/compressedDepth/parameter_descriptions] /view http://ubuntu:38281/
[rosmaster.master][INFO] 2017-09-22 18:27:50,718: -PUB [/image/marked/compressedDepth/parameter_updates] /view http://ubuntu:38281/
[rosmaster.master][INFO] 2017-09-22 18:27:50,720: -PUB [/image/marked/compressed] /view http://ubuntu:38281/
[rosmaster.master][INFO] 2017-09-22 18:27:50,723: -PUB [/image/marked/compressed/parameter_descriptions] /view http://ubuntu:38281/
[rosmaster.master][INFO] 2017-09-22 18:27:50,727: -PUB [/image/marked/compressed/parameter_updates] /view http://ubuntu:38281/
[rosmaster.master][INFO] 2017-09-22 18:27:50,728: -PUB [/image/marked] /view http://ubuntu:38281/
[rosmaster.master][INFO] 2017-09-22 18:27:50,731: -PUB [/image/marked/theora] /view http://ubuntu:38281/
[rosmaster.master][INFO] 2017-09-22 18:27:50,740: -PUB [/image/marked/theora/parameter_descriptions] /view http://ubuntu:38281/
[rosmaster.master][INFO] 2017-09-22 18:27:50,742: -PUB [/image/marked/theora/parameter_updates] /view http://ubuntu:38281/
[rosmaster.master][INFO] 2017-09-22 18:27:50,745: -PUB [/view/parameter_descriptions] /view http://ubuntu:38281/
[rosmaster.master][INFO] 2017-09-22 18:27:50,746: -PUB [/view/parameter_updates] /view http://ubuntu:38281/
[rosmaster.master][INFO] 2017-09-22 18:27:50,752: -SUB [/tf] /view http://ubuntu:38281/
[rosmaster.master][INFO] 2017-09-22 18:27:50,756: -SUB [/tf_static] /view http://ubuntu:38281/
[rosmaster.master][INFO] 2017-09-22 18:27:50,758: -SUB [/image] /view http://ubuntu:38281/
[rosmaster.master][INFO] 2017-09-22 18:27:50,760: -SUB [/camera_info] /view http://ubuntu:38281/
[rosmaster.master][INFO] 2017-09-22 18:27:50,762: -SUB [/image_marker] /view http://ubuntu:38281/
[rosmaster.master][INFO] 2017-09-22 18:27:50,763: -SUB [/image/event] /view http://ubuntu:38281/
[rosmaster.master][INFO] 2017-09-22 18:27:50,766: -SERVICE [/view/get_loggers] /view rosrpc://ubuntu:40569
[rosmaster.master][INFO] 2017-09-22 18:27:50,768: -SERVICE [/view/set_logger_level] /view rosrpc://ubuntu:40569
[rosmaster.master][INFO] 2017-09-22 18:27:50,770: -SERVICE [/image_marked/compressedDepth/set_parameters] /view rosrpc://ubuntu:40569
[rosmaster.master][INFO] 2017-09-22 18:27:50,775: -SERVICE [/image_marked/compressed/set_parameters] /view rosrpc://ubuntu:40569
[rosmaster.master][INFO] 2017-09-22 18:27:50,780: -SERVICE [/image_marked/theora/set_parameters] /view rosrpc://ubuntu:40569
[rosmaster.master][INFO] 2017-09-22 18:27:50,784: -SERVICE [/image/marked/compressedDepth/set_parameters] /view rosrpc://ubuntu:40569
[rosmaster.master][INFO] 2017-09-22 18:27:50,785: -SERVICE [/image/marked/compressed/set_parameters] /view rosrpc://ubuntu:40569
[rosmaster.master][INFO] 2017-09-22 18:27:50,786: -SERVICE [/image/marked/theora/set_parameters] /view rosrpc://ubuntu:40569
[rosmaster.master][INFO] 2017-09-22 18:27:50,789: -SERVICE [/view/change_mode] /view rosrpc://ubuntu:40569
[rosmaster.master][INFO] 2017-09-22 18:27:50,790: -SERVICE [/view/rectangle_mode] /view rosrpc://ubuntu:40569
[rosmaster.master][INFO] 2017-09-22 18:27:50,791: -SERVICE [/view/grabcut_mode] /view rosrpc://ubuntu:40569
[rosmaster.master][INFO] 2017-09-22 18:27:50,793: -SERVICE [/view/grabcut_rect_mode] /view rosrpc://ubuntu:40569
[rosmaster.master][INFO] 2017-09-22 18:27:50,794: -SERVICE [/view/line_mode] /view rosrpc://ubuntu:40569
[rosmaster.master][INFO] 2017-09-22 18:27:50,794: -SERVICE [/view/poly_mode] /view rosrpc://ubuntu:40569
[rosmaster.master][INFO] 2017-09-22 18:27:50,795: -SERVICE [/view/none_mode] /view rosrpc://ubuntu:40569
[rosmaster.master][INFO] 2017-09-22 18:27:50,797: -SERVICE [/view/set_parameters] /view rosrpc://ubuntu:40569
[rosmaster.master][INFO] 2017-09-22 18:27:51,123: -PUB [/rosout_agg] /rosout http://ubuntu:42665/
[rosmaster.master][INFO] 2017-09-22 18:27:51,124: -SUB [/rosout] /rosout http://ubuntu:42665/
[rosmaster.master][INFO] 2017-09-22 18:27:51,125: -SERVICE [/rosout/get_loggers] /rosout rosrpc://ubuntu:36564
[rosmaster.master][INFO] 2017-09-22 18:27:51,126: -SERVICE [/rosout/set_logger_level] /rosout rosrpc://ubuntu:36564
[rosmaster.main][INFO] 2017-09-22 18:27:51,204: keyboard interrupt, will exit
[rosmaster.main][INFO] 2017-09-22 18:27:51,205: stopping master...
[rospy.core][INFO] 2017-09-22 18:27:51,205: signal_shutdown [atexit]
