[rosmaster.main][INFO] 2017-09-20 18:31:47,653: initialization complete, waiting for shutdown
[rosmaster.main][INFO] 2017-09-20 18:31:47,653: Starting ROS Master Node
[xmlrpc][INFO] 2017-09-20 18:31:47,654: XML-RPC server binding to 0.0.0.0:11311
[xmlrpc][INFO] 2017-09-20 18:31:47,654: Started XML-RPC server [http://ubuntu:11311/]
[xmlrpc][INFO] 2017-09-20 18:31:47,654: xml rpc node: starting XML-RPC server
[rosmaster.master][INFO] 2017-09-20 18:31:47,655: Master initialized: port[11311], uri[http://ubuntu:11311/]
[rosmaster.master][INFO] 2017-09-20 18:31:47,721: +PARAM [/run_id] by /roslaunch
[rosmaster.master][INFO] 2017-09-20 18:31:47,724: +PARAM [/roslaunch/uris/host_ubuntu__35212] by /roslaunch
[rosmaster.master][INFO] 2017-09-20 18:31:47,796: +PARAM [/rosversion] by /roslaunch
[rosmaster.master][INFO] 2017-09-20 18:31:47,796: +PARAM [/rosdistro] by /roslaunch
[rosmaster.master][INFO] 2017-09-20 18:31:47,797: +PARAM [/camera/device_id] by /roslaunch
[rosmaster.master][INFO] 2017-09-20 18:31:47,831: +SERVICE [/rosout/get_loggers] /rosout http://ubuntu:40377/
[rosmaster.master][INFO] 2017-09-20 18:31:47,833: +SERVICE [/rosout/set_logger_level] /rosout http://ubuntu:40377/
[rosmaster.master][INFO] 2017-09-20 18:31:47,839: +PUB [/rosout_agg] /rosout http://ubuntu:40377/
[rosmaster.master][INFO] 2017-09-20 18:31:47,878: +SUB [/rosout] /rosout http://ubuntu:40377/
[rosmaster.master][INFO] 2017-09-20 18:31:47,975: +PUB [/rosout] /image_converter http://ubuntu:44190/
[rosmaster.master][INFO] 2017-09-20 18:31:47,976: +SERVICE [/image_converter/get_loggers] /image_converter http://ubuntu:44190/
[rosmaster.master][INFO] 2017-09-20 18:31:47,977: +SERVICE [/image_converter/set_logger_level] /image_converter http://ubuntu:44190/
[rosmaster.master][INFO] 2017-09-20 18:31:48,043: +PUB [/rosout] /camera http://ubuntu:43611/
[rosmaster.master][INFO] 2017-09-20 18:31:48,043: +PUB [/rosout] /view http://ubuntu:42779/
[rosmaster.master][INFO] 2017-09-20 18:31:48,044: +SERVICE [/camera/get_loggers] /camera http://ubuntu:43611/
[rosmaster.master][INFO] 2017-09-20 18:31:48,045: +SERVICE [/view/get_loggers] /view http://ubuntu:42779/
[rosmaster.master][INFO] 2017-09-20 18:31:48,049: +SERVICE [/camera/set_logger_level] /camera http://ubuntu:43611/
[rosmaster.master][INFO] 2017-09-20 18:31:48,049: +SERVICE [/view/set_logger_level] /view http://ubuntu:42779/
[rosmaster.master][INFO] 2017-09-20 18:31:48,064: publisherUpdate[/rosout] -> http://ubuntu:40377/ ['http://ubuntu:44190/']
[rosmaster.master][INFO] 2017-09-20 18:31:48,065: publisherUpdate[/rosout] -> http://ubuntu:40377/ ['http://ubuntu:44190/']: sec=0.00, result=[1, '', 0]
[rosmaster.master][INFO] 2017-09-20 18:31:48,066: publisherUpdate[/rosout] -> http://ubuntu:40377/ ['http://ubuntu:44190/', 'http://ubuntu:43611/']
[rosmaster.master][INFO] 2017-09-20 18:31:48,066: publisherUpdate[/rosout] -> http://ubuntu:40377/ ['http://ubuntu:44190/', 'http://ubuntu:43611/']: sec=0.00, result=[1, '', 0]
[rosmaster.master][INFO] 2017-09-20 18:31:48,066: publisherUpdate[/rosout] -> http://ubuntu:40377/ ['http://ubuntu:44190/', 'http://ubuntu:43611/', 'http://ubuntu:42779/']
[rosmaster.master][INFO] 2017-09-20 18:31:48,067: publisherUpdate[/rosout] -> http://ubuntu:40377/ ['http://ubuntu:44190/', 'http://ubuntu:43611/', 'http://ubuntu:42779/']: sec=0.00, result=[1, '', 0]
[rosmaster.master][INFO] 2017-09-20 18:31:48,076: +SUB [/tf] /view http://ubuntu:42779/
[rosmaster.master][INFO] 2017-09-20 18:31:48,084: +SUB [/tf_static] /view http://ubuntu:42779/
[rosmaster.master][INFO] 2017-09-20 18:31:48,117: +SERVICE [/camera/set_camera_info] /camera http://ubuntu:43611/
[rosmaster.master][INFO] 2017-09-20 18:31:48,122: +SUB [/camera/image_raw] /image_converter http://ubuntu:44190/
[rosmaster.master][INFO] 2017-09-20 18:31:48,141: +PUB [/image/screenpoint] /view http://ubuntu:42779/
[rosmaster.master][INFO] 2017-09-20 18:31:48,141: +PUB [/image/screenpoint_array] /view http://ubuntu:42779/
[rosmaster.master][INFO] 2017-09-20 18:31:48,142: +PUB [/image/screenrectangle] /view http://ubuntu:42779/
[rosmaster.master][INFO] 2017-09-20 18:31:48,143: +PUB [/image/screenrectangle_image] /view http://ubuntu:42779/
[rosmaster.master][INFO] 2017-09-20 18:31:48,143: +PUB [/image/movepoint] /view http://ubuntu:42779/
[rosmaster.master][INFO] 2017-09-20 18:31:48,144: +PUB [/image/foreground] /view http://ubuntu:42779/
[rosmaster.master][INFO] 2017-09-20 18:31:48,145: +PUB [/image/background] /view http://ubuntu:42779/
[rosmaster.master][INFO] 2017-09-20 18:31:48,145: +PUB [/image/foreground_rect] /view http://ubuntu:42779/
[rosmaster.master][INFO] 2017-09-20 18:31:48,146: +PUB [/image/background_rect] /view http://ubuntu:42779/
[rosmaster.master][INFO] 2017-09-20 18:31:48,147: +PUB [/image/line] /view http://ubuntu:42779/
[rosmaster.master][INFO] 2017-09-20 18:31:48,148: +PUB [/image/poly] /view http://ubuntu:42779/
[rosmaster.master][INFO] 2017-09-20 18:31:48,188: +PUB [/image/compressedDepth] /image_converter http://ubuntu:44190/
[rosmaster.master][INFO] 2017-09-20 18:31:48,189: +SERVICE [/image/compressedDepth/set_parameters] /image_converter http://ubuntu:44190/
[rosmaster.master][INFO] 2017-09-20 18:31:48,190: +PUB [/image/compressedDepth/parameter_descriptions] /image_converter http://ubuntu:44190/
[rosmaster.master][INFO] 2017-09-20 18:31:48,190: +PUB [/image/compressedDepth/parameter_updates] /image_converter http://ubuntu:44190/
[rosmaster.master][INFO] 2017-09-20 18:31:48,197: +PARAM [/image/compressedDepth/depth_max] by /image_converter
[rosmaster.master][INFO] 2017-09-20 18:31:48,198: +PARAM [/image/compressedDepth/depth_quantization] by /image_converter
[rosmaster.master][INFO] 2017-09-20 18:31:48,199: +PARAM [/image/compressedDepth/png_level] by /image_converter
[rosmaster.master][INFO] 2017-09-20 18:31:48,199: +PARAM [/image/compressedDepth/depth_max] by /image_converter
[rosmaster.master][INFO] 2017-09-20 18:31:48,200: +PARAM [/image/compressedDepth/depth_quantization] by /image_converter
[rosmaster.master][INFO] 2017-09-20 18:31:48,201: +PARAM [/image/compressedDepth/png_level] by /image_converter
[rosmaster.master][INFO] 2017-09-20 18:31:48,221: +PUB [/image_marked/compressedDepth] /view http://ubuntu:42779/
[rosmaster.master][INFO] 2017-09-20 18:31:48,222: +SERVICE [/image_marked/compressedDepth/set_parameters] /view http://ubuntu:42779/
[rosmaster.master][INFO] 2017-09-20 18:31:48,223: +PUB [/image_marked/compressedDepth/parameter_descriptions] /view http://ubuntu:42779/
[rosmaster.master][INFO] 2017-09-20 18:31:48,224: +PUB [/image_marked/compressedDepth/parameter_updates] /view http://ubuntu:42779/
[rosmaster.master][INFO] 2017-09-20 18:31:48,226: +PARAM [/image_marked/compressedDepth/depth_max] by /view
[rosmaster.master][INFO] 2017-09-20 18:31:48,229: +PARAM [/image_marked/compressedDepth/depth_quantization] by /view
[rosmaster.master][INFO] 2017-09-20 18:31:48,230: +PARAM [/image_marked/compressedDepth/png_level] by /view
[rosmaster.master][INFO] 2017-09-20 18:31:48,233: +PARAM [/image_marked/compressedDepth/depth_max] by /view
[rosmaster.master][INFO] 2017-09-20 18:31:48,234: +PARAM [/image_marked/compressedDepth/depth_quantization] by /view
[rosmaster.master][INFO] 2017-09-20 18:31:48,234: +PARAM [/image_marked/compressedDepth/png_level] by /view
[rosmaster.master][INFO] 2017-09-20 18:31:48,264: +PUB [/image/compressed] /image_converter http://ubuntu:44190/
[rosmaster.master][INFO] 2017-09-20 18:31:48,264: +SERVICE [/image/compressed/set_parameters] /image_converter http://ubuntu:44190/
[rosmaster.master][INFO] 2017-09-20 18:31:48,265: +PUB [/image/compressed/parameter_descriptions] /image_converter http://ubuntu:44190/
[rosmaster.master][INFO] 2017-09-20 18:31:48,266: +PUB [/image/compressed/parameter_updates] /image_converter http://ubuntu:44190/
[rosmaster.master][INFO] 2017-09-20 18:31:48,273: +PARAM [/image/compressed/format] by /image_converter
[rosmaster.master][INFO] 2017-09-20 18:31:48,275: +PARAM [/image/compressed/jpeg_quality] by /image_converter
[rosmaster.master][INFO] 2017-09-20 18:31:48,276: +PARAM [/image/compressed/png_level] by /image_converter
[rosmaster.master][INFO] 2017-09-20 18:31:48,277: +PARAM [/image/compressed/format] by /image_converter
[rosmaster.master][INFO] 2017-09-20 18:31:48,278: +PARAM [/image/compressed/jpeg_quality] by /image_converter
[rosmaster.master][INFO] 2017-09-20 18:31:48,279: +PARAM [/image/compressed/png_level] by /image_converter
[rosmaster.master][INFO] 2017-09-20 18:31:48,297: +PUB [/image_marked/compressed] /view http://ubuntu:42779/
[rosmaster.master][INFO] 2017-09-20 18:31:48,298: +SERVICE [/image_marked/compressed/set_parameters] /view http://ubuntu:42779/
[rosmaster.master][INFO] 2017-09-20 18:31:48,299: +PUB [/image_marked/compressed/parameter_descriptions] /view http://ubuntu:42779/
[rosmaster.master][INFO] 2017-09-20 18:31:48,299: +PUB [/image_marked/compressed/parameter_updates] /view http://ubuntu:42779/
[rosmaster.master][INFO] 2017-09-20 18:31:48,301: +PARAM [/image_marked/compressed/format] by /view
[rosmaster.master][INFO] 2017-09-20 18:31:48,302: +PARAM [/image_marked/compressed/jpeg_quality] by /view
[rosmaster.master][INFO] 2017-09-20 18:31:48,305: +PARAM [/image_marked/compressed/png_level] by /view
[rosmaster.master][INFO] 2017-09-20 18:31:48,306: +PARAM [/image_marked/compressed/format] by /view
[rosmaster.master][INFO] 2017-09-20 18:31:48,306: +PARAM [/image_marked/compressed/jpeg_quality] by /view
[rosmaster.master][INFO] 2017-09-20 18:31:48,309: +PARAM [/image_marked/compressed/png_level] by /view
[rosmaster.master][INFO] 2017-09-20 18:31:48,340: +PUB [/image] /image_converter http://ubuntu:44190/
[rosmaster.master][INFO] 2017-09-20 18:31:48,376: +PUB [/image_marked] /view http://ubuntu:42779/
[rosmaster.master][INFO] 2017-09-20 18:31:48,417: +PUB [/camera/image_raw/compressedDepth] /camera http://ubuntu:43611/
[rosmaster.master][INFO] 2017-09-20 18:31:48,418: +SERVICE [/camera/image_raw/compressedDepth/set_parameters] /camera http://ubuntu:43611/
[rosmaster.master][INFO] 2017-09-20 18:31:48,419: +PUB [/camera/image_raw/compressedDepth/parameter_descriptions] /camera http://ubuntu:43611/
[rosmaster.master][INFO] 2017-09-20 18:31:48,420: +PUB [/camera/image_raw/compressedDepth/parameter_updates] /camera http://ubuntu:43611/
[rosmaster.master][INFO] 2017-09-20 18:31:48,424: +PARAM [/camera/image_raw/compressedDepth/depth_max] by /camera
[rosmaster.master][INFO] 2017-09-20 18:31:48,428: +PARAM [/camera/image_raw/compressedDepth/depth_quantization] by /camera
[rosmaster.master][INFO] 2017-09-20 18:31:48,430: +PUB [/image/theora] /image_converter http://ubuntu:44190/
[rosmaster.master][INFO] 2017-09-20 18:31:48,430: +PARAM [/camera/image_raw/compressedDepth/png_level] by /camera
[rosmaster.master][INFO] 2017-09-20 18:31:48,431: +SERVICE [/image/theora/set_parameters] /image_converter http://ubuntu:44190/
[rosmaster.master][INFO] 2017-09-20 18:31:48,432: +PARAM [/camera/image_raw/compressedDepth/depth_max] by /camera
[rosmaster.master][INFO] 2017-09-20 18:31:48,433: +PUB [/image/theora/parameter_descriptions] /image_converter http://ubuntu:44190/
[rosmaster.master][INFO] 2017-09-20 18:31:48,436: +PARAM [/camera/image_raw/compressedDepth/depth_quantization] by /camera
[rosmaster.master][INFO] 2017-09-20 18:31:48,436: +PUB [/image/theora/parameter_updates] /image_converter http://ubuntu:44190/
[rosmaster.master][INFO] 2017-09-20 18:31:48,437: +PARAM [/camera/image_raw/compressedDepth/png_level] by /camera
[rosmaster.master][INFO] 2017-09-20 18:31:48,449: +PARAM [/image/theora/optimize_for] by /image_converter
[rosmaster.master][INFO] 2017-09-20 18:31:48,452: +PARAM [/image/theora/target_bitrate] by /image_converter
[rosmaster.master][INFO] 2017-09-20 18:31:48,453: +PARAM [/image/theora/quality] by /image_converter
[rosmaster.master][INFO] 2017-09-20 18:31:48,456: +PARAM [/image/theora/keyframe_frequency] by /image_converter
[rosmaster.master][INFO] 2017-09-20 18:31:48,457: +PARAM [/image/theora/optimize_for] by /image_converter
[rosmaster.master][INFO] 2017-09-20 18:31:48,459: +PUB [/image_marked/theora] /view http://ubuntu:42779/
[rosmaster.master][INFO] 2017-09-20 18:31:48,460: +PARAM [/image/theora/target_bitrate] by /image_converter
[rosmaster.master][INFO] 2017-09-20 18:31:48,465: +SERVICE [/image_marked/theora/set_parameters] /view http://ubuntu:42779/
[rosmaster.master][INFO] 2017-09-20 18:31:48,465: +PARAM [/image/theora/quality] by /image_converter
[rosmaster.master][INFO] 2017-09-20 18:31:48,466: +PUB [/image_marked/theora/parameter_descriptions] /view http://ubuntu:42779/
[rosmaster.master][INFO] 2017-09-20 18:31:48,467: +PARAM [/image/theora/keyframe_frequency] by /image_converter
[rosmaster.master][INFO] 2017-09-20 18:31:48,468: +PUB [/image_marked/theora/parameter_updates] /view http://ubuntu:42779/
[rosmaster.master][INFO] 2017-09-20 18:31:48,475: +PARAM [/image_marked/theora/optimize_for] by /view
[rosmaster.master][INFO] 2017-09-20 18:31:48,476: +PARAM [/image_marked/theora/target_bitrate] by /view
[rosmaster.master][INFO] 2017-09-20 18:31:48,479: +PARAM [/image_marked/theora/quality] by /view
[rosmaster.master][INFO] 2017-09-20 18:31:48,481: +PARAM [/image_marked/theora/keyframe_frequency] by /view
[rosmaster.master][INFO] 2017-09-20 18:31:48,486: +PARAM [/image_marked/theora/optimize_for] by /view
[rosmaster.master][INFO] 2017-09-20 18:31:48,488: +PARAM [/image_marked/theora/target_bitrate] by /view
[rosmaster.master][INFO] 2017-09-20 18:31:48,493: +PARAM [/image_marked/theora/quality] by /view
[rosmaster.master][INFO] 2017-09-20 18:31:48,495: +PARAM [/image_marked/theora/keyframe_frequency] by /view
[rosmaster.master][INFO] 2017-09-20 18:31:48,510: +PUB [/camera/image_raw/compressed] /camera http://ubuntu:43611/
[rosmaster.master][INFO] 2017-09-20 18:31:48,511: +SERVICE [/camera/image_raw/compressed/set_parameters] /camera http://ubuntu:43611/
[rosmaster.master][INFO] 2017-09-20 18:31:48,512: +PUB [/camera/image_raw/compressed/parameter_descriptions] /camera http://ubuntu:43611/
[rosmaster.master][INFO] 2017-09-20 18:31:48,513: +PUB [/camera/image_raw/compressed/parameter_updates] /camera http://ubuntu:43611/
[rosmaster.master][INFO] 2017-09-20 18:31:48,515: +PARAM [/camera/image_raw/compressed/format] by /camera
[rosmaster.master][INFO] 2017-09-20 18:31:48,517: +PARAM [/camera/image_raw/compressed/jpeg_quality] by /camera
[rosmaster.master][INFO] 2017-09-20 18:31:48,517: +PARAM [/camera/image_raw/compressed/png_level] by /camera
[rosmaster.master][INFO] 2017-09-20 18:31:48,521: +PARAM [/camera/image_raw/compressed/format] by /camera
[rosmaster.master][INFO] 2017-09-20 18:31:48,522: +PARAM [/camera/image_raw/compressed/jpeg_quality] by /camera
[rosmaster.master][INFO] 2017-09-20 18:31:48,522: +PARAM [/camera/image_raw/compressed/png_level] by /camera
[rosmaster.master][INFO] 2017-09-20 18:31:48,553: +PUB [/image/marked/compressedDepth] /view http://ubuntu:42779/
[rosmaster.master][INFO] 2017-09-20 18:31:48,554: +SERVICE [/image/marked/compressedDepth/set_parameters] /view http://ubuntu:42779/
[rosmaster.master][INFO] 2017-09-20 18:31:48,554: +PUB [/image/marked/compressedDepth/parameter_descriptions] /view http://ubuntu:42779/
[rosmaster.master][INFO] 2017-09-20 18:31:48,555: +PUB [/image/marked/compressedDepth/parameter_updates] /view http://ubuntu:42779/
[rosmaster.master][INFO] 2017-09-20 18:31:48,557: +PARAM [/image/marked/compressedDepth/depth_max] by /view
[rosmaster.master][INFO] 2017-09-20 18:31:48,558: +PARAM [/image/marked/compressedDepth/depth_quantization] by /view
[rosmaster.master][INFO] 2017-09-20 18:31:48,558: +PARAM [/image/marked/compressedDepth/png_level] by /view
[rosmaster.master][INFO] 2017-09-20 18:31:48,559: +PARAM [/image/marked/compressedDepth/depth_max] by /view
[rosmaster.master][INFO] 2017-09-20 18:31:48,560: +PARAM [/image/marked/compressedDepth/depth_quantization] by /view
[rosmaster.master][INFO] 2017-09-20 18:31:48,564: +PARAM [/image/marked/compressedDepth/png_level] by /view
[rosmaster.master][INFO] 2017-09-20 18:31:48,582: +PUB [/camera/image_raw] /camera http://ubuntu:43611/
[rosmaster.master][INFO] 2017-09-20 18:31:48,621: +PUB [/image/marked/compressed] /view http://ubuntu:42779/
[rosmaster.master][INFO] 2017-09-20 18:31:48,622: +SERVICE [/image/marked/compressed/set_parameters] /view http://ubuntu:42779/
[rosmaster.master][INFO] 2017-09-20 18:31:48,623: +PUB [/image/marked/compressed/parameter_descriptions] /view http://ubuntu:42779/
[rosmaster.master][INFO] 2017-09-20 18:31:48,623: +PUB [/image/marked/compressed/parameter_updates] /view http://ubuntu:42779/
[rosmaster.master][INFO] 2017-09-20 18:31:48,625: +PARAM [/image/marked/compressed/format] by /view
[rosmaster.master][INFO] 2017-09-20 18:31:48,629: +PARAM [/image/marked/compressed/jpeg_quality] by /view
[rosmaster.master][INFO] 2017-09-20 18:31:48,630: +PARAM [/image/marked/compressed/png_level] by /view
[rosmaster.master][INFO] 2017-09-20 18:31:48,631: +PARAM [/image/marked/compressed/format] by /view
[rosmaster.master][INFO] 2017-09-20 18:31:48,632: +PARAM [/image/marked/compressed/jpeg_quality] by /view
[rosmaster.master][INFO] 2017-09-20 18:31:48,633: +PARAM [/image/marked/compressed/png_level] by /view
[rosmaster.master][INFO] 2017-09-20 18:31:48,649: +PUB [/camera/image_raw/theora] /camera http://ubuntu:43611/
[rosmaster.master][INFO] 2017-09-20 18:31:48,650: +SERVICE [/camera/image_raw/theora/set_parameters] /camera http://ubuntu:43611/
[rosmaster.master][INFO] 2017-09-20 18:31:48,650: +PUB [/camera/image_raw/theora/parameter_descriptions] /camera http://ubuntu:43611/
[rosmaster.master][INFO] 2017-09-20 18:31:48,651: +PUB [/camera/image_raw/theora/parameter_updates] /camera http://ubuntu:43611/
[rosmaster.master][INFO] 2017-09-20 18:31:48,655: +PARAM [/camera/image_raw/theora/optimize_for] by /camera
[rosmaster.master][INFO] 2017-09-20 18:31:48,657: +PARAM [/camera/image_raw/theora/target_bitrate] by /camera
[rosmaster.master][INFO] 2017-09-20 18:31:48,658: +PARAM [/camera/image_raw/theora/quality] by /camera
[rosmaster.master][INFO] 2017-09-20 18:31:48,658: +PARAM [/camera/image_raw/theora/keyframe_frequency] by /camera
[rosmaster.master][INFO] 2017-09-20 18:31:48,661: +PARAM [/camera/image_raw/theora/optimize_for] by /camera
[rosmaster.master][INFO] 2017-09-20 18:31:48,662: +PARAM [/camera/image_raw/theora/target_bitrate] by /camera
[rosmaster.master][INFO] 2017-09-20 18:31:48,663: +PARAM [/camera/image_raw/theora/quality] by /camera
[rosmaster.master][INFO] 2017-09-20 18:31:48,665: +PARAM [/camera/image_raw/theora/keyframe_frequency] by /camera
[rosmaster.master][INFO] 2017-09-20 18:31:48,666: +PUB [/camera/camera_info] /camera http://ubuntu:43611/
[rosmaster.master][INFO] 2017-09-20 18:31:48,669: publisherUpdate[/camera/image_raw] -> http://ubuntu:44190/ ['http://ubuntu:43611/']
[rosmaster.master][INFO] 2017-09-20 18:31:48,670: publisherUpdate[/camera/image_raw] -> http://ubuntu:44190/ ['http://ubuntu:43611/']: sec=0.00, result=[1, '', 0]
[rosmaster.master][INFO] 2017-09-20 18:31:48,693: +PUB [/image/marked] /view http://ubuntu:42779/
[rosmaster.master][INFO] 2017-09-20 18:31:48,719: +PUB [/image/marked/theora] /view http://ubuntu:42779/
[rosmaster.master][INFO] 2017-09-20 18:31:48,720: +SERVICE [/image/marked/theora/set_parameters] /view http://ubuntu:42779/
[rosmaster.master][INFO] 2017-09-20 18:31:48,720: +PUB [/image/marked/theora/parameter_descriptions] /view http://ubuntu:42779/
[rosmaster.master][INFO] 2017-09-20 18:31:48,721: +PUB [/image/marked/theora/parameter_updates] /view http://ubuntu:42779/
[rosmaster.master][INFO] 2017-09-20 18:31:48,724: +PARAM [/image/marked/theora/optimize_for] by /view
[rosmaster.master][INFO] 2017-09-20 18:31:48,724: +PARAM [/image/marked/theora/target_bitrate] by /view
[rosmaster.master][INFO] 2017-09-20 18:31:48,725: +PARAM [/image/marked/theora/quality] by /view
[rosmaster.master][INFO] 2017-09-20 18:31:48,726: +PARAM [/image/marked/theora/keyframe_frequency] by /view
[rosmaster.master][INFO] 2017-09-20 18:31:48,727: +PARAM [/image/marked/theora/optimize_for] by /view
[rosmaster.master][INFO] 2017-09-20 18:31:48,727: +PARAM [/image/marked/theora/target_bitrate] by /view
[rosmaster.master][INFO] 2017-09-20 18:31:48,728: +PARAM [/image/marked/theora/quality] by /view
[rosmaster.master][INFO] 2017-09-20 18:31:48,728: +PARAM [/image/marked/theora/keyframe_frequency] by /view
[rosmaster.master][INFO] 2017-09-20 18:31:48,757: +SUB [/image] /view http://ubuntu:42779/
[rosmaster.master][INFO] 2017-09-20 18:31:48,760: +SUB [/camera_info] /view http://ubuntu:42779/
[rosmaster.master][INFO] 2017-09-20 18:31:48,763: +SUB [/image_marker] /view http://ubuntu:42779/
[rosmaster.master][INFO] 2017-09-20 18:31:48,766: +SUB [/image/event] /view http://ubuntu:42779/
[rosmaster.master][INFO] 2017-09-20 18:31:48,767: +SERVICE [/view/change_mode] /view http://ubuntu:42779/
[rosmaster.master][INFO] 2017-09-20 18:31:48,768: +SERVICE [/view/rectangle_mode] /view http://ubuntu:42779/
[rosmaster.master][INFO] 2017-09-20 18:31:48,769: +SERVICE [/view/grabcut_mode] /view http://ubuntu:42779/
[rosmaster.master][INFO] 2017-09-20 18:31:48,769: +SERVICE [/view/grabcut_rect_mode] /view http://ubuntu:42779/
[rosmaster.master][INFO] 2017-09-20 18:31:48,770: +SERVICE [/view/line_mode] /view http://ubuntu:42779/
[rosmaster.master][INFO] 2017-09-20 18:31:48,771: +SERVICE [/view/poly_mode] /view http://ubuntu:42779/
[rosmaster.master][INFO] 2017-09-20 18:31:48,771: +SERVICE [/view/none_mode] /view http://ubuntu:42779/
[rosmaster.master][INFO] 2017-09-20 18:31:48,772: +SERVICE [/view/set_parameters] /view http://ubuntu:42779/
[rosmaster.master][INFO] 2017-09-20 18:31:48,773: +PUB [/view/parameter_descriptions] /view http://ubuntu:42779/
[rosmaster.master][INFO] 2017-09-20 18:31:48,773: +PUB [/view/parameter_updates] /view http://ubuntu:42779/
[rosmaster.master][INFO] 2017-09-20 18:31:48,779: +PARAM [/view/grid] by /view
[rosmaster.master][INFO] 2017-09-20 18:31:48,779: +PARAM [/view/fisheye_mode] by /view
[rosmaster.master][INFO] 2017-09-20 18:31:48,780: +PARAM [/view/div_u] by /view
[rosmaster.master][INFO] 2017-09-20 18:31:48,781: +PARAM [/view/div_v] by /view
[rosmaster.master][INFO] 2017-09-20 18:31:48,781: +PARAM [/view/grid_red] by /view
[rosmaster.master][INFO] 2017-09-20 18:31:48,782: +PARAM [/view/grid_green] by /view
[rosmaster.master][INFO] 2017-09-20 18:31:48,783: +PARAM [/view/grid_blue] by /view
[rosmaster.master][INFO] 2017-09-20 18:31:48,783: +PARAM [/view/grid_thickness] by /view
[rosmaster.master][INFO] 2017-09-20 18:31:48,784: +PARAM [/view/grid_space] by /view
[rosmaster.master][INFO] 2017-09-20 18:31:48,785: +PARAM [/view/grid] by /view
[rosmaster.master][INFO] 2017-09-20 18:31:48,786: +PARAM [/view/fisheye_mode] by /view
[rosmaster.master][INFO] 2017-09-20 18:31:48,786: +PARAM [/view/div_u] by /view
[rosmaster.master][INFO] 2017-09-20 18:31:48,787: +PARAM [/view/div_v] by /view
[rosmaster.master][INFO] 2017-09-20 18:31:48,787: +PARAM [/view/grid_red] by /view
[rosmaster.master][INFO] 2017-09-20 18:31:48,788: +PARAM [/view/grid_green] by /view
[rosmaster.master][INFO] 2017-09-20 18:31:48,789: +PARAM [/view/grid_blue] by /view
[rosmaster.master][INFO] 2017-09-20 18:31:48,790: +PARAM [/view/grid_thickness] by /view
[rosmaster.master][INFO] 2017-09-20 18:31:48,790: +PARAM [/view/grid_space] by /view
[rosmaster.master][INFO] 2017-09-20 18:31:55,938: -PUB [/rosout] /camera http://ubuntu:43611/
[rosmaster.master][INFO] 2017-09-20 18:31:55,939: -PUB [/camera/image_raw/compressedDepth] /camera http://ubuntu:43611/
[rosmaster.master][INFO] 2017-09-20 18:31:55,941: -PUB [/camera/image_raw/compressedDepth/parameter_descriptions] /camera http://ubuntu:43611/
[rosmaster.master][INFO] 2017-09-20 18:31:55,946: -PUB [/camera/image_raw/compressedDepth/parameter_updates] /camera http://ubuntu:43611/
[rosmaster.master][INFO] 2017-09-20 18:31:55,959: -PUB [/camera/image_raw/compressed] /camera http://ubuntu:43611/
[rosmaster.master][INFO] 2017-09-20 18:31:55,960: -PUB [/camera/image_raw/compressed/parameter_descriptions] /camera http://ubuntu:43611/
[rosmaster.master][INFO] 2017-09-20 18:31:55,961: -PUB [/camera/image_raw/compressed/parameter_updates] /camera http://ubuntu:43611/
[rosmaster.master][INFO] 2017-09-20 18:31:55,963: -PUB [/camera/image_raw] /camera http://ubuntu:43611/
[rosmaster.master][INFO] 2017-09-20 18:31:55,969: -PUB [/camera/image_raw/theora] /camera http://ubuntu:43611/
[rosmaster.master][INFO] 2017-09-20 18:31:55,975: -PUB [/camera/image_raw/theora/parameter_descriptions] /camera http://ubuntu:43611/
[rosmaster.master][INFO] 2017-09-20 18:31:55,976: -PUB [/camera/image_raw/theora/parameter_updates] /camera http://ubuntu:43611/
[rosmaster.master][INFO] 2017-09-20 18:31:55,984: -PUB [/camera/camera_info] /camera http://ubuntu:43611/
[rosmaster.master][INFO] 2017-09-20 18:31:55,992: -SERVICE [/camera/get_loggers] /camera rosrpc://ubuntu:35213
[rosmaster.master][INFO] 2017-09-20 18:31:56,000: -SERVICE [/camera/set_logger_level] /camera rosrpc://ubuntu:35213
[rosmaster.master][INFO] 2017-09-20 18:31:56,003: -SERVICE [/camera/set_camera_info] /camera rosrpc://ubuntu:35213
[rosmaster.master][INFO] 2017-09-20 18:31:56,004: -SERVICE [/camera/image_raw/compressedDepth/set_parameters] /camera rosrpc://ubuntu:35213
[rosmaster.master][INFO] 2017-09-20 18:31:56,007: publisherUpdate[/rosout] -> http://ubuntu:40377/ ['http://ubuntu:44190/', 'http://ubuntu:42779/']
[rosmaster.master][INFO] 2017-09-20 18:31:56,007: publisherUpdate[/camera/image_raw] -> http://ubuntu:44190/ []
[rosmaster.master][INFO] 2017-09-20 18:31:56,011: publisherUpdate[/rosout] -> http://ubuntu:40377/ ['http://ubuntu:44190/', 'http://ubuntu:42779/']: sec=0.00, result=[1, '', 0]
[rosmaster.master][INFO] 2017-09-20 18:31:56,012: -SERVICE [/camera/image_raw/compressed/set_parameters] /camera rosrpc://ubuntu:35213
[rosmaster.master][INFO] 2017-09-20 18:31:56,022: publisherUpdate[/camera/image_raw] -> http://ubuntu:44190/ []: sec=0.01, result=[0, 'Unknown Error', 0]
[rosmaster.master][INFO] 2017-09-20 18:31:56,031: -SERVICE [/camera/image_raw/theora/set_parameters] /camera rosrpc://ubuntu:35213
[rosmaster.master][INFO] 2017-09-20 18:31:56,043: -PUB [/rosout] /view http://ubuntu:42779/
[rosmaster.master][INFO] 2017-09-20 18:31:56,048: -PUB [/image/screenpoint] /view http://ubuntu:42779/
[rosmaster.master][INFO] 2017-09-20 18:31:56,052: -PUB [/image/screenpoint_array] /view http://ubuntu:42779/
[rosmaster.master][INFO] 2017-09-20 18:31:56,053: -PUB [/image/screenrectangle] /view http://ubuntu:42779/
[rosmaster.master][INFO] 2017-09-20 18:31:56,056: -PUB [/image/screenrectangle_image] /view http://ubuntu:42779/
[rosmaster.master][INFO] 2017-09-20 18:31:56,059: -PUB [/image/movepoint] /view http://ubuntu:42779/
[rosmaster.master][INFO] 2017-09-20 18:31:56,068: -PUB [/image/foreground] /view http://ubuntu:42779/
[rosmaster.master][INFO] 2017-09-20 18:31:56,069: -PUB [/image/background] /view http://ubuntu:42779/
[rosmaster.master][INFO] 2017-09-20 18:31:56,070: -PUB [/image/foreground_rect] /view http://ubuntu:42779/
[rosmaster.master][INFO] 2017-09-20 18:31:56,072: -PUB [/image/background_rect] /view http://ubuntu:42779/
[rosmaster.master][INFO] 2017-09-20 18:31:56,077: -PUB [/image/line] /view http://ubuntu:42779/
[rosmaster.master][INFO] 2017-09-20 18:31:56,079: -PUB [/image/poly] /view http://ubuntu:42779/
[rosmaster.master][INFO] 2017-09-20 18:31:56,080: -PUB [/image_marked/compressedDepth] /view http://ubuntu:42779/
[rosmaster.master][INFO] 2017-09-20 18:31:56,082: -PUB [/image_marked/compressedDepth/parameter_descriptions] /view http://ubuntu:42779/
[rosmaster.master][INFO] 2017-09-20 18:31:56,085: -PUB [/image_marked/compressedDepth/parameter_updates] /view http://ubuntu:42779/
[rosmaster.master][INFO] 2017-09-20 18:31:56,089: -PUB [/image_marked/compressed] /view http://ubuntu:42779/
[rosmaster.master][INFO] 2017-09-20 18:31:56,089: -PUB [/image_marked/compressed/parameter_descriptions] /view http://ubuntu:42779/
[rosmaster.master][INFO] 2017-09-20 18:31:56,090: -PUB [/image_marked/compressed/parameter_updates] /view http://ubuntu:42779/
[rosmaster.master][INFO] 2017-09-20 18:31:56,092: -PUB [/image_marked] /view http://ubuntu:42779/
[rosmaster.master][INFO] 2017-09-20 18:31:56,095: -PUB [/image_marked/theora] /view http://ubuntu:42779/
[rosmaster.master][INFO] 2017-09-20 18:31:56,096: -PUB [/image_marked/theora/parameter_descriptions] /view http://ubuntu:42779/
[rosmaster.master][INFO] 2017-09-20 18:31:56,098: -PUB [/image_marked/theora/parameter_updates] /view http://ubuntu:42779/
[rosmaster.master][INFO] 2017-09-20 18:31:56,102: -PUB [/image/marked/compressedDepth] /view http://ubuntu:42779/
[rosmaster.master][INFO] 2017-09-20 18:31:56,103: -PUB [/image/marked/compressedDepth/parameter_descriptions] /view http://ubuntu:42779/
[rosmaster.master][INFO] 2017-09-20 18:31:56,103: -PUB [/image/marked/compressedDepth/parameter_updates] /view http://ubuntu:42779/
[rosmaster.master][INFO] 2017-09-20 18:31:56,105: -PUB [/image/marked/compressed] /view http://ubuntu:42779/
[rosmaster.master][INFO] 2017-09-20 18:31:56,106: -PUB [/image/marked/compressed/parameter_descriptions] /view http://ubuntu:42779/
[rosmaster.master][INFO] 2017-09-20 18:31:56,107: -PUB [/image/marked/compressed/parameter_updates] /view http://ubuntu:42779/
[rosmaster.master][INFO] 2017-09-20 18:31:56,112: publisherUpdate[/rosout] -> http://ubuntu:40377/ ['http://ubuntu:44190/']
[rosmaster.master][INFO] 2017-09-20 18:31:56,112: publisherUpdate[/rosout] -> http://ubuntu:40377/ ['http://ubuntu:44190/']: sec=0.00, result=[1, '', 0]
[rosmaster.master][INFO] 2017-09-20 18:31:56,113: -PUB [/image/marked] /view http://ubuntu:42779/
[rosmaster.master][INFO] 2017-09-20 18:31:56,115: -PUB [/image/marked/theora] /view http://ubuntu:42779/
[rosmaster.master][INFO] 2017-09-20 18:31:56,117: -PUB [/image/marked/theora/parameter_descriptions] /view http://ubuntu:42779/
[rosmaster.master][INFO] 2017-09-20 18:31:56,117: -PUB [/image/marked/theora/parameter_updates] /view http://ubuntu:42779/
[rosmaster.master][INFO] 2017-09-20 18:31:56,118: -PUB [/view/parameter_descriptions] /view http://ubuntu:42779/
[rosmaster.master][INFO] 2017-09-20 18:31:56,120: -PUB [/view/parameter_updates] /view http://ubuntu:42779/
[rosmaster.master][INFO] 2017-09-20 18:31:56,122: -PUB [/rosout] /image_converter http://ubuntu:44190/
[rosmaster.master][INFO] 2017-09-20 18:31:56,124: publisherUpdate[/rosout] -> http://ubuntu:40377/ []
[rosmaster.master][INFO] 2017-09-20 18:31:56,124: publisherUpdate[/rosout] -> http://ubuntu:40377/ []: sec=0.00, result=[1, '', 0]
[rosmaster.master][INFO] 2017-09-20 18:31:56,124: -SUB [/tf] /view http://ubuntu:42779/
[rosmaster.master][INFO] 2017-09-20 18:31:56,126: -PUB [/image/compressedDepth] /image_converter http://ubuntu:44190/
[rosmaster.master][INFO] 2017-09-20 18:31:56,127: -PUB [/image/compressedDepth/parameter_descriptions] /image_converter http://ubuntu:44190/
[rosmaster.master][INFO] 2017-09-20 18:31:56,130: -SUB [/tf_static] /view http://ubuntu:42779/
[rosmaster.master][INFO] 2017-09-20 18:31:56,131: -PUB [/image/compressedDepth/parameter_updates] /image_converter http://ubuntu:44190/
[rosmaster.master][INFO] 2017-09-20 18:31:56,135: -SUB [/image] /view http://ubuntu:42779/
[rosmaster.master][INFO] 2017-09-20 18:31:56,137: -PUB [/image/compressed] /image_converter http://ubuntu:44190/
[rosmaster.master][INFO] 2017-09-20 18:31:56,137: -PUB [/image/compressed/parameter_descriptions] /image_converter http://ubuntu:44190/
[rosmaster.master][INFO] 2017-09-20 18:31:56,139: -PUB [/image/compressed/parameter_updates] /image_converter http://ubuntu:44190/
[rosmaster.master][INFO] 2017-09-20 18:31:56,143: -SUB [/camera_info] /view http://ubuntu:42779/
[rosmaster.master][INFO] 2017-09-20 18:31:56,144: -PUB [/image] /image_converter http://ubuntu:44190/
[rosmaster.master][INFO] 2017-09-20 18:31:56,145: -PUB [/image/theora] /image_converter http://ubuntu:44190/
[rosmaster.master][INFO] 2017-09-20 18:31:56,148: -PUB [/image/theora/parameter_descriptions] /image_converter http://ubuntu:44190/
[rosmaster.master][INFO] 2017-09-20 18:31:56,152: -SUB [/image_marker] /view http://ubuntu:42779/
[rosmaster.master][INFO] 2017-09-20 18:31:56,153: -PUB [/image/theora/parameter_updates] /image_converter http://ubuntu:44190/
[rosmaster.master][INFO] 2017-09-20 18:31:56,157: -SUB [/image/event] /view http://ubuntu:42779/
[rosmaster.master][INFO] 2017-09-20 18:31:56,159: -SUB [/camera/image_raw] /image_converter http://ubuntu:44190/
[rosmaster.master][INFO] 2017-09-20 18:31:56,163: -SERVICE [/view/get_loggers] /view rosrpc://ubuntu:54310
[rosmaster.master][INFO] 2017-09-20 18:31:56,167: -SERVICE [/image_converter/get_loggers] /image_converter rosrpc://ubuntu:60584
[rosmaster.master][INFO] 2017-09-20 18:31:56,169: -SERVICE [/image_converter/set_logger_level] /image_converter rosrpc://ubuntu:60584
[rosmaster.master][INFO] 2017-09-20 18:31:56,177: -SERVICE [/view/set_logger_level] /view rosrpc://ubuntu:54310
[rosmaster.master][INFO] 2017-09-20 18:31:56,178: -SERVICE [/image/compressedDepth/set_parameters] /image_converter rosrpc://ubuntu:60584
[rosmaster.master][INFO] 2017-09-20 18:31:56,180: -SERVICE [/image_marked/compressedDepth/set_parameters] /view rosrpc://ubuntu:54310
[rosmaster.master][INFO] 2017-09-20 18:31:56,181: -SERVICE [/image/compressed/set_parameters] /image_converter rosrpc://ubuntu:60584
[rosmaster.master][INFO] 2017-09-20 18:31:56,186: -SERVICE [/image/theora/set_parameters] /image_converter rosrpc://ubuntu:60584
[rosmaster.master][INFO] 2017-09-20 18:31:56,187: -SERVICE [/image_marked/compressed/set_parameters] /view rosrpc://ubuntu:54310
[rosmaster.master][INFO] 2017-09-20 18:31:56,188: -SERVICE [/image_marked/theora/set_parameters] /view rosrpc://ubuntu:54310
[rosmaster.master][INFO] 2017-09-20 18:31:56,189: -SERVICE [/image/marked/compressedDepth/set_parameters] /view rosrpc://ubuntu:54310
[rosmaster.master][INFO] 2017-09-20 18:31:56,194: -SERVICE [/image/marked/compressed/set_parameters] /view rosrpc://ubuntu:54310
[rosmaster.master][INFO] 2017-09-20 18:31:56,195: -SERVICE [/image/marked/theora/set_parameters] /view rosrpc://ubuntu:54310
[rosmaster.master][INFO] 2017-09-20 18:31:56,196: -SERVICE [/view/change_mode] /view rosrpc://ubuntu:54310
[rosmaster.master][INFO] 2017-09-20 18:31:56,198: -SERVICE [/view/rectangle_mode] /view rosrpc://ubuntu:54310
[rosmaster.master][INFO] 2017-09-20 18:31:56,201: -SERVICE [/view/grabcut_mode] /view rosrpc://ubuntu:54310
[rosmaster.master][INFO] 2017-09-20 18:31:56,202: -SERVICE [/view/grabcut_rect_mode] /view rosrpc://ubuntu:54310
[rosmaster.master][INFO] 2017-09-20 18:31:56,203: -SERVICE [/view/line_mode] /view rosrpc://ubuntu:54310
[rosmaster.master][INFO] 2017-09-20 18:31:56,204: -SERVICE [/view/poly_mode] /view rosrpc://ubuntu:54310
[rosmaster.master][INFO] 2017-09-20 18:31:56,208: -SERVICE [/view/none_mode] /view rosrpc://ubuntu:54310
[rosmaster.master][INFO] 2017-09-20 18:31:56,210: -SERVICE [/view/set_parameters] /view rosrpc://ubuntu:54310
[rosmaster.master][INFO] 2017-09-20 18:31:56,630: -PUB [/rosout_agg] /rosout http://ubuntu:40377/
[rosmaster.master][INFO] 2017-09-20 18:31:56,631: -SUB [/rosout] /rosout http://ubuntu:40377/
[rosmaster.master][INFO] 2017-09-20 18:31:56,632: -SERVICE [/rosout/get_loggers] /rosout rosrpc://ubuntu:42221
[rosmaster.master][INFO] 2017-09-20 18:31:56,632: -SERVICE [/rosout/set_logger_level] /rosout rosrpc://ubuntu:42221
[rosmaster.main][INFO] 2017-09-20 18:31:56,736: keyboard interrupt, will exit
[rosmaster.main][INFO] 2017-09-20 18:31:56,737: stopping master...
[rospy.core][INFO] 2017-09-20 18:31:56,737: signal_shutdown [atexit]
