[rosmaster.main][INFO] 2017-09-23 17:04:22,976: initialization complete, waiting for shutdown
[rosmaster.main][INFO] 2017-09-23 17:04:22,976: Starting ROS Master Node
[xmlrpc][INFO] 2017-09-23 17:04:22,977: XML-RPC server binding to 0.0.0.0:11311
[rosmaster.master][INFO] 2017-09-23 17:04:22,977: Master initialized: port[11311], uri[http://ubuntu:11311/]
[xmlrpc][INFO] 2017-09-23 17:04:22,977: Started XML-RPC server [http://ubuntu:11311/]
[xmlrpc][INFO] 2017-09-23 17:04:22,977: xml rpc node: starting XML-RPC server
[rosmaster.master][INFO] 2017-09-23 17:04:22,988: +PARAM [/run_id] by /roslaunch
[rosmaster.master][INFO] 2017-09-23 17:04:22,989: +PARAM [/roslaunch/uris/host_ubuntu__46343] by /roslaunch
[rosmaster.master][INFO] 2017-09-23 17:04:23,079: +PARAM [/rosversion] by /roslaunch
[rosmaster.master][INFO] 2017-09-23 17:04:23,079: +PARAM [/rosdistro] by /roslaunch
[rosmaster.master][INFO] 2017-09-23 17:04:23,079: +PARAM [/camera/device_id] by /roslaunch
[rosmaster.master][INFO] 2017-09-23 17:04:23,120: +SERVICE [/rosout/get_loggers] /rosout http://ubuntu:42767/
[rosmaster.master][INFO] 2017-09-23 17:04:23,122: +SERVICE [/rosout/set_logger_level] /rosout http://ubuntu:42767/
[rosmaster.master][INFO] 2017-09-23 17:04:23,136: +PUB [/rosout_agg] /rosout http://ubuntu:42767/
[rosmaster.master][INFO] 2017-09-23 17:04:23,177: +SUB [/rosout] /rosout http://ubuntu:42767/
[rosmaster.master][INFO] 2017-09-23 17:04:23,264: +PUB [/rosout] /image_converter http://ubuntu:33513/
[rosmaster.master][INFO] 2017-09-23 17:04:23,266: +SERVICE [/image_converter/get_loggers] /image_converter http://ubuntu:33513/
[rosmaster.master][INFO] 2017-09-23 17:04:23,269: +SERVICE [/image_converter/set_logger_level] /image_converter http://ubuntu:33513/
[rosmaster.master][INFO] 2017-09-23 17:04:23,283: publisherUpdate[/rosout] -> http://ubuntu:42767/ ['http://ubuntu:33513/']
[rosmaster.master][INFO] 2017-09-23 17:04:23,289: publisherUpdate[/rosout] -> http://ubuntu:42767/ ['http://ubuntu:33513/']: sec=0.01, result=[1, '', 0]
[rosmaster.master][INFO] 2017-09-23 17:04:23,369: +PUB [/rosout] /camera http://ubuntu:35746/
[rosmaster.master][INFO] 2017-09-23 17:04:23,370: +SERVICE [/camera/get_loggers] /camera http://ubuntu:35746/
[rosmaster.master][INFO] 2017-09-23 17:04:23,371: +SERVICE [/camera/set_logger_level] /camera http://ubuntu:35746/
[rosmaster.master][INFO] 2017-09-23 17:04:23,389: publisherUpdate[/rosout] -> http://ubuntu:42767/ ['http://ubuntu:33513/', 'http://ubuntu:35746/']
[rosmaster.master][INFO] 2017-09-23 17:04:23,390: publisherUpdate[/rosout] -> http://ubuntu:42767/ ['http://ubuntu:33513/', 'http://ubuntu:35746/']: sec=0.00, result=[1, '', 0]
[rosmaster.master][INFO] 2017-09-23 17:04:23,391: +PUB [/rosout] /view http://ubuntu:45805/
[rosmaster.master][INFO] 2017-09-23 17:04:23,392: +SERVICE [/view/get_loggers] /view http://ubuntu:45805/
[rosmaster.master][INFO] 2017-09-23 17:04:23,396: +SERVICE [/view/set_logger_level] /view http://ubuntu:45805/
[rosmaster.master][INFO] 2017-09-23 17:04:23,413: +SUB [/tf] /view http://ubuntu:45805/
[rosmaster.master][INFO] 2017-09-23 17:04:23,416: +SUB [/tf_static] /view http://ubuntu:45805/
[rosmaster.master][INFO] 2017-09-23 17:04:23,449: +SUB [/camera/image_raw] /image_converter http://ubuntu:33513/
[rosmaster.master][INFO] 2017-09-23 17:04:23,454: +SERVICE [/camera/set_camera_info] /camera http://ubuntu:35746/
[rosmaster.master][INFO] 2017-09-23 17:04:23,480: +PUB [/image/screenpoint] /view http://ubuntu:45805/
[rosmaster.master][INFO] 2017-09-23 17:04:23,481: +PUB [/image/screenpoint_array] /view http://ubuntu:45805/
[rosmaster.master][INFO] 2017-09-23 17:04:23,481: +PUB [/image/screenrectangle] /view http://ubuntu:45805/
[rosmaster.master][INFO] 2017-09-23 17:04:23,482: +PUB [/image/screenrectangle_image] /view http://ubuntu:45805/
[rosmaster.master][INFO] 2017-09-23 17:04:23,483: +PUB [/image/movepoint] /view http://ubuntu:45805/
[rosmaster.master][INFO] 2017-09-23 17:04:23,483: +PUB [/image/foreground] /view http://ubuntu:45805/
[rosmaster.master][INFO] 2017-09-23 17:04:23,484: +PUB [/image/background] /view http://ubuntu:45805/
[rosmaster.master][INFO] 2017-09-23 17:04:23,485: +PUB [/image/foreground_rect] /view http://ubuntu:45805/
[rosmaster.master][INFO] 2017-09-23 17:04:23,488: +PUB [/image/background_rect] /view http://ubuntu:45805/
[rosmaster.master][INFO] 2017-09-23 17:04:23,491: publisherUpdate[/rosout] -> http://ubuntu:42767/ ['http://ubuntu:33513/', 'http://ubuntu:35746/', 'http://ubuntu:45805/']
[rosmaster.master][INFO] 2017-09-23 17:04:23,494: publisherUpdate[/rosout] -> http://ubuntu:42767/ ['http://ubuntu:33513/', 'http://ubuntu:35746/', 'http://ubuntu:45805/']: sec=0.00, result=[1, '', 0]
[rosmaster.master][INFO] 2017-09-23 17:04:23,495: +PUB [/image/line] /view http://ubuntu:45805/
[rosmaster.master][INFO] 2017-09-23 17:04:23,498: +PUB [/image/poly] /view http://ubuntu:45805/
[rosmaster.master][INFO] 2017-09-23 17:04:23,536: +PUB [/image/compressedDepth] /image_converter http://ubuntu:33513/
[rosmaster.master][INFO] 2017-09-23 17:04:23,537: +SERVICE [/image/compressedDepth/set_parameters] /image_converter http://ubuntu:33513/
[rosmaster.master][INFO] 2017-09-23 17:04:23,538: +PUB [/image/compressedDepth/parameter_descriptions] /image_converter http://ubuntu:33513/
[rosmaster.master][INFO] 2017-09-23 17:04:23,539: +PUB [/image/compressedDepth/parameter_updates] /image_converter http://ubuntu:33513/
[rosmaster.master][INFO] 2017-09-23 17:04:23,550: +PARAM [/image/compressedDepth/depth_max] by /image_converter
[rosmaster.master][INFO] 2017-09-23 17:04:23,550: +PARAM [/image/compressedDepth/depth_quantization] by /image_converter
[rosmaster.master][INFO] 2017-09-23 17:04:23,551: +PARAM [/image/compressedDepth/png_level] by /image_converter
[rosmaster.master][INFO] 2017-09-23 17:04:23,552: +PARAM [/image/compressedDepth/depth_max] by /image_converter
[rosmaster.master][INFO] 2017-09-23 17:04:23,553: +PARAM [/image/compressedDepth/depth_quantization] by /image_converter
[rosmaster.master][INFO] 2017-09-23 17:04:23,554: +PARAM [/image/compressedDepth/png_level] by /image_converter
[rosmaster.master][INFO] 2017-09-23 17:04:23,585: +PUB [/image_marked/compressedDepth] /view http://ubuntu:45805/
[rosmaster.master][INFO] 2017-09-23 17:04:23,586: +SERVICE [/image_marked/compressedDepth/set_parameters] /view http://ubuntu:45805/
[rosmaster.master][INFO] 2017-09-23 17:04:23,587: +PUB [/image_marked/compressedDepth/parameter_descriptions] /view http://ubuntu:45805/
[rosmaster.master][INFO] 2017-09-23 17:04:23,588: +PUB [/image_marked/compressedDepth/parameter_updates] /view http://ubuntu:45805/
[rosmaster.master][INFO] 2017-09-23 17:04:23,590: +PARAM [/image_marked/compressedDepth/depth_max] by /view
[rosmaster.master][INFO] 2017-09-23 17:04:23,591: +PARAM [/image_marked/compressedDepth/depth_quantization] by /view
[rosmaster.master][INFO] 2017-09-23 17:04:23,593: +PARAM [/image_marked/compressedDepth/png_level] by /view
[rosmaster.master][INFO] 2017-09-23 17:04:23,594: +PARAM [/image_marked/compressedDepth/depth_max] by /view
[rosmaster.master][INFO] 2017-09-23 17:04:23,599: +PARAM [/image_marked/compressedDepth/depth_quantization] by /view
[rosmaster.master][INFO] 2017-09-23 17:04:23,600: +PARAM [/image_marked/compressedDepth/png_level] by /view
[rosmaster.master][INFO] 2017-09-23 17:04:23,624: +PUB [/image/compressed] /image_converter http://ubuntu:33513/
[rosmaster.master][INFO] 2017-09-23 17:04:23,625: +SERVICE [/image/compressed/set_parameters] /image_converter http://ubuntu:33513/
[rosmaster.master][INFO] 2017-09-23 17:04:23,626: +PUB [/image/compressed/parameter_descriptions] /image_converter http://ubuntu:33513/
[rosmaster.master][INFO] 2017-09-23 17:04:23,627: +PUB [/image/compressed/parameter_updates] /image_converter http://ubuntu:33513/
[rosmaster.master][INFO] 2017-09-23 17:04:23,632: +PARAM [/image/compressed/format] by /image_converter
[rosmaster.master][INFO] 2017-09-23 17:04:23,633: +PARAM [/image/compressed/jpeg_quality] by /image_converter
[rosmaster.master][INFO] 2017-09-23 17:04:23,633: +PARAM [/image/compressed/png_level] by /image_converter
[rosmaster.master][INFO] 2017-09-23 17:04:23,636: +PARAM [/image/compressed/format] by /image_converter
[rosmaster.master][INFO] 2017-09-23 17:04:23,637: +PARAM [/image/compressed/jpeg_quality] by /image_converter
[rosmaster.master][INFO] 2017-09-23 17:04:23,638: +PARAM [/image/compressed/png_level] by /image_converter
[rosmaster.master][INFO] 2017-09-23 17:04:23,668: +PUB [/image_marked/compressed] /view http://ubuntu:45805/
[rosmaster.master][INFO] 2017-09-23 17:04:23,672: +SERVICE [/image_marked/compressed/set_parameters] /view http://ubuntu:45805/
[rosmaster.master][INFO] 2017-09-23 17:04:23,673: +PUB [/image_marked/compressed/parameter_descriptions] /view http://ubuntu:45805/
[rosmaster.master][INFO] 2017-09-23 17:04:23,674: +PUB [/image_marked/compressed/parameter_updates] /view http://ubuntu:45805/
[rosmaster.master][INFO] 2017-09-23 17:04:23,676: +PARAM [/image_marked/compressed/format] by /view
[rosmaster.master][INFO] 2017-09-23 17:04:23,677: +PARAM [/image_marked/compressed/jpeg_quality] by /view
[rosmaster.master][INFO] 2017-09-23 17:04:23,679: +PARAM [/image_marked/compressed/png_level] by /view
[rosmaster.master][INFO] 2017-09-23 17:04:23,680: +PARAM [/image_marked/compressed/format] by /view
[rosmaster.master][INFO] 2017-09-23 17:04:23,681: +PARAM [/image_marked/compressed/jpeg_quality] by /view
[rosmaster.master][INFO] 2017-09-23 17:04:23,688: +PARAM [/image_marked/compressed/png_level] by /view
[rosmaster.master][INFO] 2017-09-23 17:04:23,724: +PUB [/image] /image_converter http://ubuntu:33513/
[rosmaster.master][INFO] 2017-09-23 17:04:23,776: +PUB [/camera/image_raw/compressedDepth] /camera http://ubuntu:35746/
[rosmaster.master][INFO] 2017-09-23 17:04:23,778: +SERVICE [/camera/image_raw/compressedDepth/set_parameters] /camera http://ubuntu:35746/
[rosmaster.master][INFO] 2017-09-23 17:04:23,779: +PUB [/camera/image_raw/compressedDepth/parameter_descriptions] /camera http://ubuntu:35746/
[rosmaster.master][INFO] 2017-09-23 17:04:23,780: +PUB [/camera/image_raw/compressedDepth/parameter_updates] /camera http://ubuntu:35746/
[rosmaster.master][INFO] 2017-09-23 17:04:23,780: +PUB [/image_marked] /view http://ubuntu:45805/
[rosmaster.master][INFO] 2017-09-23 17:04:23,784: +PARAM [/camera/image_raw/compressedDepth/depth_max] by /camera
[rosmaster.master][INFO] 2017-09-23 17:04:23,788: +PARAM [/camera/image_raw/compressedDepth/depth_quantization] by /camera
[rosmaster.master][INFO] 2017-09-23 17:04:23,793: +PARAM [/camera/image_raw/compressedDepth/png_level] by /camera
[rosmaster.master][INFO] 2017-09-23 17:04:23,794: +PARAM [/camera/image_raw/compressedDepth/depth_max] by /camera
[rosmaster.master][INFO] 2017-09-23 17:04:23,794: +PARAM [/camera/image_raw/compressedDepth/depth_quantization] by /camera
[rosmaster.master][INFO] 2017-09-23 17:04:23,795: +PARAM [/camera/image_raw/compressedDepth/png_level] by /camera
[rosmaster.master][INFO] 2017-09-23 17:04:23,823: +PUB [/image/theora] /image_converter http://ubuntu:33513/
[rosmaster.master][INFO] 2017-09-23 17:04:23,824: +SERVICE [/image/theora/set_parameters] /image_converter http://ubuntu:33513/
[rosmaster.master][INFO] 2017-09-23 17:04:23,825: +PUB [/image/theora/parameter_descriptions] /image_converter http://ubuntu:33513/
[rosmaster.master][INFO] 2017-09-23 17:04:23,826: +PUB [/image/theora/parameter_updates] /image_converter http://ubuntu:33513/
[rosmaster.master][INFO] 2017-09-23 17:04:23,837: +PARAM [/image/theora/optimize_for] by /image_converter
[rosmaster.master][INFO] 2017-09-23 17:04:23,838: +PARAM [/image/theora/target_bitrate] by /image_converter
[rosmaster.master][INFO] 2017-09-23 17:04:23,838: +PARAM [/image/theora/quality] by /image_converter
[rosmaster.master][INFO] 2017-09-23 17:04:23,839: +PARAM [/image/theora/keyframe_frequency] by /image_converter
[rosmaster.master][INFO] 2017-09-23 17:04:23,840: +PARAM [/image/theora/optimize_for] by /image_converter
[rosmaster.master][INFO] 2017-09-23 17:04:23,849: +PARAM [/image/theora/target_bitrate] by /image_converter
[rosmaster.master][INFO] 2017-09-23 17:04:23,850: +PARAM [/image/theora/quality] by /image_converter
[rosmaster.master][INFO] 2017-09-23 17:04:23,854: +PARAM [/image/theora/keyframe_frequency] by /image_converter
[rosmaster.master][INFO] 2017-09-23 17:04:23,869: +PUB [/image_marked/theora] /view http://ubuntu:45805/
[rosmaster.master][INFO] 2017-09-23 17:04:23,870: +SERVICE [/image_marked/theora/set_parameters] /view http://ubuntu:45805/
[rosmaster.master][INFO] 2017-09-23 17:04:23,871: +PUB [/image_marked/theora/parameter_descriptions] /view http://ubuntu:45805/
[rosmaster.master][INFO] 2017-09-23 17:04:23,872: +PUB [/image_marked/theora/parameter_updates] /view http://ubuntu:45805/
[rosmaster.master][INFO] 2017-09-23 17:04:23,877: +PUB [/camera/image_raw/compressed] /camera http://ubuntu:35746/
[rosmaster.master][INFO] 2017-09-23 17:04:23,878: +SERVICE [/camera/image_raw/compressed/set_parameters] /camera http://ubuntu:35746/
[rosmaster.master][INFO] 2017-09-23 17:04:23,879: +PARAM [/image_marked/theora/optimize_for] by /view
[rosmaster.master][INFO] 2017-09-23 17:04:23,879: +PUB [/camera/image_raw/compressed/parameter_descriptions] /camera http://ubuntu:35746/
[rosmaster.master][INFO] 2017-09-23 17:04:23,880: +PARAM [/image_marked/theora/target_bitrate] by /view
[rosmaster.master][INFO] 2017-09-23 17:04:23,881: +PUB [/camera/image_raw/compressed/parameter_updates] /camera http://ubuntu:35746/
[rosmaster.master][INFO] 2017-09-23 17:04:23,881: +PARAM [/image_marked/theora/quality] by /view
[rosmaster.master][INFO] 2017-09-23 17:04:23,883: +PARAM [/image_marked/theora/keyframe_frequency] by /view
[rosmaster.master][INFO] 2017-09-23 17:04:23,884: +PARAM [/image_marked/theora/optimize_for] by /view
[rosmaster.master][INFO] 2017-09-23 17:04:23,885: +PARAM [/image_marked/theora/target_bitrate] by /view
[rosmaster.master][INFO] 2017-09-23 17:04:23,886: +PARAM [/camera/image_raw/compressed/format] by /camera
[rosmaster.master][INFO] 2017-09-23 17:04:23,886: +PARAM [/image_marked/theora/quality] by /view
[rosmaster.master][INFO] 2017-09-23 17:04:23,887: +PARAM [/camera/image_raw/compressed/jpeg_quality] by /camera
[rosmaster.master][INFO] 2017-09-23 17:04:23,888: +PARAM [/image_marked/theora/keyframe_frequency] by /view
[rosmaster.master][INFO] 2017-09-23 17:04:23,893: +PARAM [/camera/image_raw/compressed/png_level] by /camera
[rosmaster.master][INFO] 2017-09-23 17:04:23,894: +PARAM [/camera/image_raw/compressed/format] by /camera
[rosmaster.master][INFO] 2017-09-23 17:04:23,897: +PARAM [/camera/image_raw/compressed/jpeg_quality] by /camera
[rosmaster.master][INFO] 2017-09-23 17:04:23,898: +PARAM [/camera/image_raw/compressed/png_level] by /camera
[rosmaster.master][INFO] 2017-09-23 17:04:23,944: +PUB [/image/marked/compressedDepth] /view http://ubuntu:45805/
[rosmaster.master][INFO] 2017-09-23 17:04:23,945: +SERVICE [/image/marked/compressedDepth/set_parameters] /view http://ubuntu:45805/
[rosmaster.master][INFO] 2017-09-23 17:04:23,945: +PUB [/image/marked/compressedDepth/parameter_descriptions] /view http://ubuntu:45805/
[rosmaster.master][INFO] 2017-09-23 17:04:23,946: +PUB [/image/marked/compressedDepth/parameter_updates] /view http://ubuntu:45805/
[rosmaster.master][INFO] 2017-09-23 17:04:23,948: +PARAM [/image/marked/compressedDepth/depth_max] by /view
[rosmaster.master][INFO] 2017-09-23 17:04:23,951: +PARAM [/image/marked/compressedDepth/depth_quantization] by /view
[rosmaster.master][INFO] 2017-09-23 17:04:23,952: +PARAM [/image/marked/compressedDepth/png_level] by /view
[rosmaster.master][INFO] 2017-09-23 17:04:23,953: +PARAM [/image/marked/compressedDepth/depth_max] by /view
[rosmaster.master][INFO] 2017-09-23 17:04:23,957: +PUB [/camera/image_raw] /camera http://ubuntu:35746/
[rosmaster.master][INFO] 2017-09-23 17:04:23,960: +PARAM [/image/marked/compressedDepth/depth_quantization] by /view
[rosmaster.master][INFO] 2017-09-23 17:04:23,961: +PARAM [/image/marked/compressedDepth/png_level] by /view
[rosmaster.master][INFO] 2017-09-23 17:04:24,004: publisherUpdate[/camera/image_raw] -> http://ubuntu:33513/ ['http://ubuntu:35746/']
[rosmaster.master][INFO] 2017-09-23 17:04:24,005: publisherUpdate[/camera/image_raw] -> http://ubuntu:33513/ ['http://ubuntu:35746/']: sec=0.00, result=[1, '', 0]
[rosmaster.master][INFO] 2017-09-23 17:04:24,021: +PUB [/image/marked/compressed] /view http://ubuntu:45805/
[rosmaster.master][INFO] 2017-09-23 17:04:24,022: +SERVICE [/image/marked/compressed/set_parameters] /view http://ubuntu:45805/
[rosmaster.master][INFO] 2017-09-23 17:04:24,022: +PUB [/image/marked/compressed/parameter_descriptions] /view http://ubuntu:45805/
[rosmaster.master][INFO] 2017-09-23 17:04:24,023: +PUB [/image/marked/compressed/parameter_updates] /view http://ubuntu:45805/
[rosmaster.master][INFO] 2017-09-23 17:04:24,025: +PUB [/camera/image_raw/theora] /camera http://ubuntu:35746/
[rosmaster.master][INFO] 2017-09-23 17:04:24,026: +PARAM [/image/marked/compressed/format] by /view
[rosmaster.master][INFO] 2017-09-23 17:04:24,026: +SERVICE [/camera/image_raw/theora/set_parameters] /camera http://ubuntu:35746/
[rosmaster.master][INFO] 2017-09-23 17:04:24,027: +PARAM [/image/marked/compressed/jpeg_quality] by /view
[rosmaster.master][INFO] 2017-09-23 17:04:24,028: +PUB [/camera/image_raw/theora/parameter_descriptions] /camera http://ubuntu:35746/
[rosmaster.master][INFO] 2017-09-23 17:04:24,029: +PARAM [/image/marked/compressed/png_level] by /view
[rosmaster.master][INFO] 2017-09-23 17:04:24,030: +PUB [/camera/image_raw/theora/parameter_updates] /camera http://ubuntu:35746/
[rosmaster.master][INFO] 2017-09-23 17:04:24,030: +PARAM [/image/marked/compressed/format] by /view
[rosmaster.master][INFO] 2017-09-23 17:04:24,031: +PARAM [/image/marked/compressed/jpeg_quality] by /view
[rosmaster.master][INFO] 2017-09-23 17:04:24,033: +PARAM [/image/marked/compressed/png_level] by /view
[rosmaster.master][INFO] 2017-09-23 17:04:24,040: +PARAM [/camera/image_raw/theora/optimize_for] by /camera
[rosmaster.master][INFO] 2017-09-23 17:04:24,041: +PARAM [/camera/image_raw/theora/target_bitrate] by /camera
[rosmaster.master][INFO] 2017-09-23 17:04:24,042: +PARAM [/camera/image_raw/theora/quality] by /camera
[rosmaster.master][INFO] 2017-09-23 17:04:24,042: +PARAM [/camera/image_raw/theora/keyframe_frequency] by /camera
[rosmaster.master][INFO] 2017-09-23 17:04:24,045: +PARAM [/camera/image_raw/theora/optimize_for] by /camera
[rosmaster.master][INFO] 2017-09-23 17:04:24,046: +PARAM [/camera/image_raw/theora/target_bitrate] by /camera
[rosmaster.master][INFO] 2017-09-23 17:04:24,047: +PARAM [/camera/image_raw/theora/quality] by /camera
[rosmaster.master][INFO] 2017-09-23 17:04:24,048: +PARAM [/camera/image_raw/theora/keyframe_frequency] by /camera
[rosmaster.master][INFO] 2017-09-23 17:04:24,052: +PUB [/camera/camera_info] /camera http://ubuntu:35746/
[rosmaster.master][INFO] 2017-09-23 17:04:24,088: +PUB [/image/marked] /view http://ubuntu:45805/
[rosmaster.master][INFO] 2017-09-23 17:04:24,124: +PUB [/image/marked/theora] /view http://ubuntu:45805/
[rosmaster.master][INFO] 2017-09-23 17:04:24,125: +SERVICE [/image/marked/theora/set_parameters] /view http://ubuntu:45805/
[rosmaster.master][INFO] 2017-09-23 17:04:24,125: +PUB [/image/marked/theora/parameter_descriptions] /view http://ubuntu:45805/
[rosmaster.master][INFO] 2017-09-23 17:04:24,126: +PUB [/image/marked/theora/parameter_updates] /view http://ubuntu:45805/
[rosmaster.master][INFO] 2017-09-23 17:04:24,129: +PARAM [/image/marked/theora/optimize_for] by /view
[rosmaster.master][INFO] 2017-09-23 17:04:24,130: +PARAM [/image/marked/theora/target_bitrate] by /view
[rosmaster.master][INFO] 2017-09-23 17:04:24,130: +PARAM [/image/marked/theora/quality] by /view
[rosmaster.master][INFO] 2017-09-23 17:04:24,131: +PARAM [/image/marked/theora/keyframe_frequency] by /view
[rosmaster.master][INFO] 2017-09-23 17:04:24,132: +PARAM [/image/marked/theora/optimize_for] by /view
[rosmaster.master][INFO] 2017-09-23 17:04:24,133: +PARAM [/image/marked/theora/target_bitrate] by /view
[rosmaster.master][INFO] 2017-09-23 17:04:24,133: +PARAM [/image/marked/theora/quality] by /view
[rosmaster.master][INFO] 2017-09-23 17:04:24,134: +PARAM [/image/marked/theora/keyframe_frequency] by /view
[rosmaster.master][INFO] 2017-09-23 17:04:24,169: +SUB [/image] /view http://ubuntu:45805/
[rosmaster.master][INFO] 2017-09-23 17:04:24,175: +SUB [/camera_info] /view http://ubuntu:45805/
[rosmaster.master][INFO] 2017-09-23 17:04:24,178: +SUB [/image_marker] /view http://ubuntu:45805/
[rosmaster.master][INFO] 2017-09-23 17:04:24,181: +SUB [/image/event] /view http://ubuntu:45805/
[rosmaster.master][INFO] 2017-09-23 17:04:24,182: +SERVICE [/view/change_mode] /view http://ubuntu:45805/
[rosmaster.master][INFO] 2017-09-23 17:04:24,183: +SERVICE [/view/rectangle_mode] /view http://ubuntu:45805/
[rosmaster.master][INFO] 2017-09-23 17:04:24,183: +SERVICE [/view/grabcut_mode] /view http://ubuntu:45805/
[rosmaster.master][INFO] 2017-09-23 17:04:24,184: +SERVICE [/view/grabcut_rect_mode] /view http://ubuntu:45805/
[rosmaster.master][INFO] 2017-09-23 17:04:24,185: +SERVICE [/view/line_mode] /view http://ubuntu:45805/
[rosmaster.master][INFO] 2017-09-23 17:04:24,185: +SERVICE [/view/poly_mode] /view http://ubuntu:45805/
[rosmaster.master][INFO] 2017-09-23 17:04:24,186: +SERVICE [/view/none_mode] /view http://ubuntu:45805/
[rosmaster.master][INFO] 2017-09-23 17:04:24,187: +SERVICE [/view/set_parameters] /view http://ubuntu:45805/
[rosmaster.master][INFO] 2017-09-23 17:04:24,188: +PUB [/view/parameter_descriptions] /view http://ubuntu:45805/
[rosmaster.master][INFO] 2017-09-23 17:04:24,188: +PUB [/view/parameter_updates] /view http://ubuntu:45805/
[rosmaster.master][INFO] 2017-09-23 17:04:24,194: +PARAM [/view/grid] by /view
[rosmaster.master][INFO] 2017-09-23 17:04:24,195: +PARAM [/view/fisheye_mode] by /view
[rosmaster.master][INFO] 2017-09-23 17:04:24,196: +PARAM [/view/div_u] by /view
[rosmaster.master][INFO] 2017-09-23 17:04:24,196: +PARAM [/view/div_v] by /view
[rosmaster.master][INFO] 2017-09-23 17:04:24,197: +PARAM [/view/grid_red] by /view
[rosmaster.master][INFO] 2017-09-23 17:04:24,198: +PARAM [/view/grid_green] by /view
[rosmaster.master][INFO] 2017-09-23 17:04:24,198: +PARAM [/view/grid_blue] by /view
[rosmaster.master][INFO] 2017-09-23 17:04:24,199: +PARAM [/view/grid_thickness] by /view
[rosmaster.master][INFO] 2017-09-23 17:04:24,200: +PARAM [/view/grid_space] by /view
[rosmaster.master][INFO] 2017-09-23 17:04:24,201: +PARAM [/view/grid] by /view
[rosmaster.master][INFO] 2017-09-23 17:04:24,201: +PARAM [/view/fisheye_mode] by /view
[rosmaster.master][INFO] 2017-09-23 17:04:24,202: +PARAM [/view/div_u] by /view
[rosmaster.master][INFO] 2017-09-23 17:04:24,202: +PARAM [/view/div_v] by /view
[rosmaster.master][INFO] 2017-09-23 17:04:24,203: +PARAM [/view/grid_red] by /view
[rosmaster.master][INFO] 2017-09-23 17:04:24,204: +PARAM [/view/grid_green] by /view
[rosmaster.master][INFO] 2017-09-23 17:04:24,204: +PARAM [/view/grid_blue] by /view
[rosmaster.master][INFO] 2017-09-23 17:04:24,205: +PARAM [/view/grid_thickness] by /view
[rosmaster.master][INFO] 2017-09-23 17:04:24,206: +PARAM [/view/grid_space] by /view
[rosmaster.master][INFO] 2017-09-23 17:05:47,954: -PUB [/rosout] /camera http://ubuntu:35746/
[rosmaster.master][INFO] 2017-09-23 17:05:47,957: -PUB [/camera/image_raw/compressedDepth] /camera http://ubuntu:35746/
[rosmaster.master][INFO] 2017-09-23 17:05:47,960: -PUB [/camera/image_raw/compressedDepth/parameter_descriptions] /camera http://ubuntu:35746/
[rosmaster.master][INFO] 2017-09-23 17:05:47,961: -PUB [/camera/image_raw/compressedDepth/parameter_updates] /camera http://ubuntu:35746/
[rosmaster.master][INFO] 2017-09-23 17:05:47,969: -PUB [/camera/image_raw/compressed] /camera http://ubuntu:35746/
[rosmaster.master][INFO] 2017-09-23 17:05:47,972: publisherUpdate[/rosout] -> http://ubuntu:42767/ ['http://ubuntu:33513/', 'http://ubuntu:45805/']
[rosmaster.master][INFO] 2017-09-23 17:05:47,973: publisherUpdate[/rosout] -> http://ubuntu:42767/ ['http://ubuntu:33513/', 'http://ubuntu:45805/']: sec=0.00, result=[1, '', 0]
[rosmaster.master][INFO] 2017-09-23 17:05:47,972: -PUB [/camera/image_raw/compressed/parameter_descriptions] /camera http://ubuntu:35746/
[rosmaster.master][INFO] 2017-09-23 17:05:47,974: -PUB [/camera/image_raw/compressed/parameter_updates] /camera http://ubuntu:35746/
[rosmaster.master][INFO] 2017-09-23 17:05:47,974: -PUB [/camera/image_raw] /camera http://ubuntu:35746/
[rosmaster.master][INFO] 2017-09-23 17:05:47,976: -PUB [/camera/image_raw/theora] /camera http://ubuntu:35746/
[rosmaster.master][INFO] 2017-09-23 17:05:47,989: publisherUpdate[/camera/image_raw] -> http://ubuntu:33513/ []
[rosmaster.master][INFO] 2017-09-23 17:05:47,989: -PUB [/camera/image_raw/theora/parameter_descriptions] /camera http://ubuntu:35746/
[rosmaster.master][INFO] 2017-09-23 17:05:47,991: -PUB [/camera/image_raw/theora/parameter_updates] /camera http://ubuntu:35746/
[rosmaster.master][INFO] 2017-09-23 17:05:47,992: -PUB [/camera/camera_info] /camera http://ubuntu:35746/
[rosmaster.master][INFO] 2017-09-23 17:05:47,997: publisherUpdate[/camera/image_raw] -> http://ubuntu:33513/ []: sec=0.01, result=[0, 'Unknown Error', 0]
[rosmaster.master][INFO] 2017-09-23 17:05:47,999: -SERVICE [/camera/get_loggers] /camera rosrpc://ubuntu:53798
[rosmaster.master][INFO] 2017-09-23 17:05:48,003: -SERVICE [/camera/set_logger_level] /camera rosrpc://ubuntu:53798
[rosmaster.master][INFO] 2017-09-23 17:05:48,010: -SERVICE [/camera/set_camera_info] /camera rosrpc://ubuntu:53798
[rosmaster.master][INFO] 2017-09-23 17:05:48,018: -PUB [/rosout] /view http://ubuntu:45805/
[rosmaster.master][INFO] 2017-09-23 17:05:48,019: -SERVICE [/camera/image_raw/compressedDepth/set_parameters] /camera rosrpc://ubuntu:53798
[rosmaster.master][INFO] 2017-09-23 17:05:48,029: -PUB [/image/screenpoint] /view http://ubuntu:45805/
[rosmaster.master][INFO] 2017-09-23 17:05:48,030: -SERVICE [/camera/image_raw/compressed/set_parameters] /camera rosrpc://ubuntu:53798
[rosmaster.master][INFO] 2017-09-23 17:05:48,034: -PUB [/image/screenpoint_array] /view http://ubuntu:45805/
[rosmaster.master][INFO] 2017-09-23 17:05:48,035: -SERVICE [/camera/image_raw/theora/set_parameters] /camera rosrpc://ubuntu:53798
[rosmaster.master][INFO] 2017-09-23 17:05:48,044: -PUB [/image/screenrectangle] /view http://ubuntu:45805/
[rosmaster.master][INFO] 2017-09-23 17:05:48,050: -PUB [/image/screenrectangle_image] /view http://ubuntu:45805/
[rosmaster.master][INFO] 2017-09-23 17:05:48,053: -PUB [/image/movepoint] /view http://ubuntu:45805/
[rosmaster.master][INFO] 2017-09-23 17:05:48,058: -PUB [/image/foreground] /view http://ubuntu:45805/
[rosmaster.master][INFO] 2017-09-23 17:05:48,066: -PUB [/image/background] /view http://ubuntu:45805/
[rosmaster.master][INFO] 2017-09-23 17:05:48,072: -PUB [/image/foreground_rect] /view http://ubuntu:45805/
[rosmaster.master][INFO] 2017-09-23 17:05:48,073: publisherUpdate[/rosout] -> http://ubuntu:42767/ ['http://ubuntu:33513/']
[rosmaster.master][INFO] 2017-09-23 17:05:48,076: publisherUpdate[/rosout] -> http://ubuntu:42767/ ['http://ubuntu:33513/']: sec=0.00, result=[1, '', 0]
[rosmaster.master][INFO] 2017-09-23 17:05:48,078: -PUB [/image/background_rect] /view http://ubuntu:45805/
[rosmaster.master][INFO] 2017-09-23 17:05:48,080: -PUB [/image/line] /view http://ubuntu:45805/
[rosmaster.master][INFO] 2017-09-23 17:05:48,088: -PUB [/image/poly] /view http://ubuntu:45805/
[rosmaster.master][INFO] 2017-09-23 17:05:48,090: -PUB [/image_marked/compressedDepth] /view http://ubuntu:45805/
[rosmaster.master][INFO] 2017-09-23 17:05:48,092: -PUB [/image_marked/compressedDepth/parameter_descriptions] /view http://ubuntu:45805/
[rosmaster.master][INFO] 2017-09-23 17:05:48,092: -PUB [/image_marked/compressedDepth/parameter_updates] /view http://ubuntu:45805/
[rosmaster.master][INFO] 2017-09-23 17:05:48,094: -PUB [/image_marked/compressed] /view http://ubuntu:45805/
[rosmaster.master][INFO] 2017-09-23 17:05:48,097: -PUB [/image_marked/compressed/parameter_descriptions] /view http://ubuntu:45805/
[rosmaster.master][INFO] 2017-09-23 17:05:48,108: -PUB [/rosout] /image_converter http://ubuntu:33513/
[rosmaster.master][INFO] 2017-09-23 17:05:48,109: -PUB [/image_marked/compressed/parameter_updates] /view http://ubuntu:45805/
[rosmaster.master][INFO] 2017-09-23 17:05:48,112: -PUB [/image_marked] /view http://ubuntu:45805/
[rosmaster.master][INFO] 2017-09-23 17:05:48,121: -PUB [/image/compressedDepth] /image_converter http://ubuntu:33513/
[rosmaster.master][INFO] 2017-09-23 17:05:48,136: -PUB [/image_marked/theora] /view http://ubuntu:45805/
[rosmaster.master][INFO] 2017-09-23 17:05:48,144: -PUB [/image_marked/theora/parameter_descriptions] /view http://ubuntu:45805/
[rosmaster.master][INFO] 2017-09-23 17:05:48,150: -PUB [/image/compressedDepth/parameter_descriptions] /image_converter http://ubuntu:33513/
[rosmaster.master][INFO] 2017-09-23 17:05:48,152: -PUB [/image/compressedDepth/parameter_updates] /image_converter http://ubuntu:33513/
[rosmaster.master][INFO] 2017-09-23 17:05:48,154: -PUB [/image_marked/theora/parameter_updates] /view http://ubuntu:45805/
[rosmaster.master][INFO] 2017-09-23 17:05:48,157: -PUB [/image/marked/compressedDepth] /view http://ubuntu:45805/
[rosmaster.master][INFO] 2017-09-23 17:05:48,166: -PUB [/image/compressed] /image_converter http://ubuntu:33513/
[rosmaster.master][INFO] 2017-09-23 17:05:48,173: -PUB [/image/marked/compressedDepth/parameter_descriptions] /view http://ubuntu:45805/
[rosmaster.master][INFO] 2017-09-23 17:05:48,176: publisherUpdate[/rosout] -> http://ubuntu:42767/ []
[rosmaster.master][INFO] 2017-09-23 17:05:48,182: publisherUpdate[/rosout] -> http://ubuntu:42767/ []: sec=0.01, result=[1, '', 0]
[rosmaster.master][INFO] 2017-09-23 17:05:48,176: -PUB [/image/compressed/parameter_descriptions] /image_converter http://ubuntu:33513/
[rosmaster.master][INFO] 2017-09-23 17:05:48,182: -PUB [/image/marked/compressedDepth/parameter_updates] /view http://ubuntu:45805/
[rosmaster.master][INFO] 2017-09-23 17:05:48,184: -PUB [/image/marked/compressed] /view http://ubuntu:45805/
[rosmaster.master][INFO] 2017-09-23 17:05:48,185: -PUB [/image/marked/compressed/parameter_descriptions] /view http://ubuntu:45805/
[rosmaster.master][INFO] 2017-09-23 17:05:48,188: -PUB [/image/marked/compressed/parameter_updates] /view http://ubuntu:45805/
[rosmaster.master][INFO] 2017-09-23 17:05:48,190: -PUB [/image/compressed/parameter_updates] /image_converter http://ubuntu:33513/
[rosmaster.master][INFO] 2017-09-23 17:05:48,192: -PUB [/image/marked] /view http://ubuntu:45805/
[rosmaster.master][INFO] 2017-09-23 17:05:48,196: -PUB [/image] /image_converter http://ubuntu:33513/
[rosmaster.master][INFO] 2017-09-23 17:05:48,198: -PUB [/image/marked/theora] /view http://ubuntu:45805/
[rosmaster.master][INFO] 2017-09-23 17:05:48,199: -PUB [/image/marked/theora/parameter_descriptions] /view http://ubuntu:45805/
[rosmaster.master][INFO] 2017-09-23 17:05:48,201: -PUB [/image/marked/theora/parameter_updates] /view http://ubuntu:45805/
[rosmaster.master][INFO] 2017-09-23 17:05:48,205: -PUB [/image/theora] /image_converter http://ubuntu:33513/
[rosmaster.master][INFO] 2017-09-23 17:05:48,206: -PUB [/view/parameter_descriptions] /view http://ubuntu:45805/
[rosmaster.master][INFO] 2017-09-23 17:05:48,208: -PUB [/view/parameter_updates] /view http://ubuntu:45805/
[rosmaster.master][INFO] 2017-09-23 17:05:48,208: publisherUpdate[/image] -> http://ubuntu:45805/ []
[rosmaster.master][INFO] 2017-09-23 17:05:48,210: -SUB [/tf] /view http://ubuntu:45805/
[rosmaster.master][INFO] 2017-09-23 17:05:48,213: publisherUpdate[/image] -> http://ubuntu:45805/ []: sec=0.00, exception=<Fault -1: 'publisherUpdate: unknown method name'>
[rosmaster.threadpool][ERROR] 2017-09-23 17:05:48,228: Traceback (most recent call last):
  File "/opt/ros/kinetic/lib/python2.7/dist-packages/rosmaster/threadpool.py", line 218, in run
    result = cmd(*args)
  File "/opt/ros/kinetic/lib/python2.7/dist-packages/rosmaster/master_api.py", line 210, in publisher_update_task
    ret = xmlrpcapi(api).publisherUpdate('/master', topic, pub_uris)
  File "/usr/lib/python2.7/xmlrpclib.py", line 1243, in __call__
    return self.__send(self.__name, args)
  File "/usr/lib/python2.7/xmlrpclib.py", line 1602, in __request
    verbose=self.__verbose
  File "/usr/lib/python2.7/xmlrpclib.py", line 1283, in request
    return self.single_request(host, handler, request_body, verbose)
  File "/usr/lib/python2.7/xmlrpclib.py", line 1316, in single_request
    return self.parse_response(response)
  File "/usr/lib/python2.7/xmlrpclib.py", line 1493, in parse_response
    return u.close()
  File "/usr/lib/python2.7/xmlrpclib.py", line 800, in close
    raise Fault(**self._stack[0])
Fault: <Fault -1: 'publisherUpdate: unknown method name'>

[rosmaster.master][INFO] 2017-09-23 17:05:48,228: -PUB [/image/theora/parameter_descriptions] /image_converter http://ubuntu:33513/
[rosmaster.master][INFO] 2017-09-23 17:05:48,228: -SUB [/tf_static] /view http://ubuntu:45805/
[rosmaster.master][INFO] 2017-09-23 17:05:48,234: -SUB [/image] /view http://ubuntu:45805/
[rosmaster.master][INFO] 2017-09-23 17:05:48,236: -PUB [/image/theora/parameter_updates] /image_converter http://ubuntu:33513/
[rosmaster.master][INFO] 2017-09-23 17:05:48,243: -SUB [/camera_info] /view http://ubuntu:45805/
[rosmaster.master][INFO] 2017-09-23 17:05:48,252: -SUB [/camera/image_raw] /image_converter http://ubuntu:33513/
[rosmaster.master][INFO] 2017-09-23 17:05:48,253: -SUB [/image_marker] /view http://ubuntu:45805/
[rosmaster.master][INFO] 2017-09-23 17:05:48,255: -SUB [/image/event] /view http://ubuntu:45805/
[rosmaster.master][INFO] 2017-09-23 17:05:48,266: -SERVICE [/image_converter/get_loggers] /image_converter rosrpc://ubuntu:44926
[rosmaster.master][INFO] 2017-09-23 17:05:48,276: -SERVICE [/view/get_loggers] /view rosrpc://ubuntu:32873
[rosmaster.master][INFO] 2017-09-23 17:05:48,280: -SERVICE [/view/set_logger_level] /view rosrpc://ubuntu:32873
[rosmaster.master][INFO] 2017-09-23 17:05:48,281: -SERVICE [/image_marked/compressedDepth/set_parameters] /view rosrpc://ubuntu:32873
[rosmaster.master][INFO] 2017-09-23 17:05:48,282: -SERVICE [/image_marked/compressed/set_parameters] /view rosrpc://ubuntu:32873
[rosmaster.master][INFO] 2017-09-23 17:05:48,284: -SERVICE [/image_converter/set_logger_level] /image_converter rosrpc://ubuntu:44926
[rosmaster.master][INFO] 2017-09-23 17:05:48,287: -SERVICE [/image_marked/theora/set_parameters] /view rosrpc://ubuntu:32873
[rosmaster.master][INFO] 2017-09-23 17:05:48,288: -SERVICE [/image/compressedDepth/set_parameters] /image_converter rosrpc://ubuntu:44926
[rosmaster.master][INFO] 2017-09-23 17:05:48,291: -SERVICE [/image/compressed/set_parameters] /image_converter rosrpc://ubuntu:44926
[rosmaster.master][INFO] 2017-09-23 17:05:48,292: -SERVICE [/image/marked/compressedDepth/set_parameters] /view rosrpc://ubuntu:32873
[rosmaster.master][INFO] 2017-09-23 17:05:48,293: -SERVICE [/image/marked/compressed/set_parameters] /view rosrpc://ubuntu:32873
[rosmaster.master][INFO] 2017-09-23 17:05:48,295: -SERVICE [/image/marked/theora/set_parameters] /view rosrpc://ubuntu:32873
[rosmaster.master][INFO] 2017-09-23 17:05:48,296: -SERVICE [/image/theora/set_parameters] /image_converter rosrpc://ubuntu:44926
[rosmaster.master][INFO] 2017-09-23 17:05:48,299: -SERVICE [/view/change_mode] /view rosrpc://ubuntu:32873
[rosmaster.master][INFO] 2017-09-23 17:05:48,304: -SERVICE [/view/rectangle_mode] /view rosrpc://ubuntu:32873
[rosmaster.master][INFO] 2017-09-23 17:05:48,305: -SERVICE [/view/grabcut_mode] /view rosrpc://ubuntu:32873
[rosmaster.master][INFO] 2017-09-23 17:05:48,307: -SERVICE [/view/grabcut_rect_mode] /view rosrpc://ubuntu:32873
[rosmaster.master][INFO] 2017-09-23 17:05:48,308: -SERVICE [/view/line_mode] /view rosrpc://ubuntu:32873
[rosmaster.master][INFO] 2017-09-23 17:05:48,308: -SERVICE [/view/poly_mode] /view rosrpc://ubuntu:32873
[rosmaster.master][INFO] 2017-09-23 17:05:48,309: -SERVICE [/view/none_mode] /view rosrpc://ubuntu:32873
[rosmaster.master][INFO] 2017-09-23 17:05:48,310: -SERVICE [/view/set_parameters] /view rosrpc://ubuntu:32873
[rosmaster.master][INFO] 2017-09-23 17:05:48,780: -PUB [/rosout_agg] /rosout http://ubuntu:42767/
[rosmaster.master][INFO] 2017-09-23 17:05:48,781: -SUB [/rosout] /rosout http://ubuntu:42767/
[rosmaster.master][INFO] 2017-09-23 17:05:48,782: -SERVICE [/rosout/get_loggers] /rosout rosrpc://ubuntu:39000
[rosmaster.master][INFO] 2017-09-23 17:05:48,782: -SERVICE [/rosout/set_logger_level] /rosout rosrpc://ubuntu:39000
[rosmaster.main][INFO] 2017-09-23 17:05:48,824: keyboard interrupt, will exit
[rosmaster.main][INFO] 2017-09-23 17:05:48,824: stopping master...
[rospy.core][INFO] 2017-09-23 17:05:48,824: signal_shutdown [atexit]
