[rosmaster.main][INFO] 2017-09-26 18:36:35,985: initialization complete, waiting for shutdown
[rosmaster.main][INFO] 2017-09-26 18:36:35,985: Starting ROS Master Node
[xmlrpc][INFO] 2017-09-26 18:36:35,986: XML-RPC server binding to 0.0.0.0:11311
[xmlrpc][INFO] 2017-09-26 18:36:35,986: Started XML-RPC server [http://ubuntu:11311/]
[xmlrpc][INFO] 2017-09-26 18:36:35,986: xml rpc node: starting XML-RPC server
[rosmaster.master][INFO] 2017-09-26 18:36:35,986: Master initialized: port[11311], uri[http://ubuntu:11311/]
[rosmaster.master][INFO] 2017-09-26 18:36:36,032: +PARAM [/run_id] by /roslaunch
[rosmaster.master][INFO] 2017-09-26 18:36:36,033: +PARAM [/roslaunch/uris/host_ubuntu__46806] by /roslaunch
[rosmaster.master][INFO] 2017-09-26 18:36:36,110: +PARAM [/rosversion] by /roslaunch
[rosmaster.master][INFO] 2017-09-26 18:36:36,110: +PARAM [/rosdistro] by /roslaunch
[rosmaster.master][INFO] 2017-09-26 18:36:36,110: +PARAM [/camera/device_id] by /roslaunch
[rosmaster.master][INFO] 2017-09-26 18:36:36,123: +SERVICE [/rosout/get_loggers] /rosout http://ubuntu:34959/
[rosmaster.master][INFO] 2017-09-26 18:36:36,125: +SERVICE [/rosout/set_logger_level] /rosout http://ubuntu:34959/
[rosmaster.master][INFO] 2017-09-26 18:36:36,127: +PUB [/rosout_agg] /rosout http://ubuntu:34959/
[rosmaster.master][INFO] 2017-09-26 18:36:36,157: +SUB [/rosout] /rosout http://ubuntu:34959/
[rosmaster.master][INFO] 2017-09-26 18:36:36,258: +PUB [/rosout] /mask_orange http://ubuntu:36579/
[rosmaster.master][INFO] 2017-09-26 18:36:36,259: +SERVICE [/mask_orange/get_loggers] /mask_orange http://ubuntu:36579/
[rosmaster.master][INFO] 2017-09-26 18:36:36,260: +SERVICE [/mask_orange/set_logger_level] /mask_orange http://ubuntu:36579/
[rosmaster.master][INFO] 2017-09-26 18:36:36,286: publisherUpdate[/rosout] -> http://ubuntu:34959/ ['http://ubuntu:36579/']
[rosmaster.master][INFO] 2017-09-26 18:36:36,288: publisherUpdate[/rosout] -> http://ubuntu:34959/ ['http://ubuntu:36579/']: sec=0.00, result=[1, '', 0]
[rosmaster.master][INFO] 2017-09-26 18:36:36,323: +PUB [/rosout] /camera http://ubuntu:38398/
[rosmaster.master][INFO] 2017-09-26 18:36:36,324: +SERVICE [/camera/get_loggers] /camera http://ubuntu:38398/
[rosmaster.master][INFO] 2017-09-26 18:36:36,325: +SERVICE [/camera/set_logger_level] /camera http://ubuntu:38398/
[rosmaster.master][INFO] 2017-09-26 18:36:36,344: +PUB [/rosout] /view http://ubuntu:45766/
[rosmaster.master][INFO] 2017-09-26 18:36:36,345: +SERVICE [/view/get_loggers] /view http://ubuntu:45766/
[rosmaster.master][INFO] 2017-09-26 18:36:36,347: +SERVICE [/view/set_logger_level] /view http://ubuntu:45766/
[rosmaster.master][INFO] 2017-09-26 18:36:36,362: +SUB [/tf] /view http://ubuntu:45766/
[rosmaster.master][INFO] 2017-09-26 18:36:36,380: +SUB [/tf_static] /view http://ubuntu:45766/
[rosmaster.master][INFO] 2017-09-26 18:36:36,388: publisherUpdate[/rosout] -> http://ubuntu:34959/ ['http://ubuntu:36579/', 'http://ubuntu:38398/']
[rosmaster.master][INFO] 2017-09-26 18:36:36,389: publisherUpdate[/rosout] -> http://ubuntu:34959/ ['http://ubuntu:36579/', 'http://ubuntu:38398/']: sec=0.00, result=[1, '', 0]
[rosmaster.master][INFO] 2017-09-26 18:36:36,389: publisherUpdate[/rosout] -> http://ubuntu:34959/ ['http://ubuntu:36579/', 'http://ubuntu:38398/', 'http://ubuntu:45766/']
[rosmaster.master][INFO] 2017-09-26 18:36:36,389: publisherUpdate[/rosout] -> http://ubuntu:34959/ ['http://ubuntu:36579/', 'http://ubuntu:38398/', 'http://ubuntu:45766/']: sec=0.00, result=[1, '', 0]
[rosmaster.master][INFO] 2017-09-26 18:36:36,400: +SERVICE [/camera/set_camera_info] /camera http://ubuntu:38398/
[rosmaster.master][INFO] 2017-09-26 18:36:36,445: +PUB [/image/screenpoint] /view http://ubuntu:45766/
[rosmaster.master][INFO] 2017-09-26 18:36:36,447: +PUB [/image/screenpoint_array] /view http://ubuntu:45766/
[rosmaster.master][INFO] 2017-09-26 18:36:36,448: +PUB [/image/screenrectangle] /view http://ubuntu:45766/
[rosmaster.master][INFO] 2017-09-26 18:36:36,448: +PUB [/image/screenrectangle_image] /view http://ubuntu:45766/
[rosmaster.master][INFO] 2017-09-26 18:36:36,449: +PUB [/image/movepoint] /view http://ubuntu:45766/
[rosmaster.master][INFO] 2017-09-26 18:36:36,450: +PUB [/image/foreground] /view http://ubuntu:45766/
[rosmaster.master][INFO] 2017-09-26 18:36:36,450: +PUB [/image/background] /view http://ubuntu:45766/
[rosmaster.master][INFO] 2017-09-26 18:36:36,454: +PUB [/image/foreground_rect] /view http://ubuntu:45766/
[rosmaster.master][INFO] 2017-09-26 18:36:36,455: +PUB [/image/background_rect] /view http://ubuntu:45766/
[rosmaster.master][INFO] 2017-09-26 18:36:36,460: +PUB [/image/line] /view http://ubuntu:45766/
[rosmaster.master][INFO] 2017-09-26 18:36:36,461: +PUB [/image/poly] /view http://ubuntu:45766/
[rosmaster.master][INFO] 2017-09-26 18:36:36,469: +SUB [/camera/image_raw] /mask_orange http://ubuntu:36579/
[rosmaster.master][INFO] 2017-09-26 18:36:36,555: +PUB [/image/compressedDepth] /mask_orange http://ubuntu:36579/
[rosmaster.master][INFO] 2017-09-26 18:36:36,556: +SERVICE [/image/compressedDepth/set_parameters] /mask_orange http://ubuntu:36579/
[rosmaster.master][INFO] 2017-09-26 18:36:36,557: +PUB [/image/compressedDepth/parameter_descriptions] /mask_orange http://ubuntu:36579/
[rosmaster.master][INFO] 2017-09-26 18:36:36,558: +PUB [/image/compressedDepth/parameter_updates] /mask_orange http://ubuntu:36579/
[rosmaster.master][INFO] 2017-09-26 18:36:36,560: +PARAM [/image/compressedDepth/depth_max] by /mask_orange
[rosmaster.master][INFO] 2017-09-26 18:36:36,563: +PARAM [/image/compressedDepth/depth_quantization] by /mask_orange
[rosmaster.master][INFO] 2017-09-26 18:36:36,569: +PARAM [/image/compressedDepth/png_level] by /mask_orange
[rosmaster.master][INFO] 2017-09-26 18:36:36,570: +PARAM [/image/compressedDepth/depth_max] by /mask_orange
[rosmaster.master][INFO] 2017-09-26 18:36:36,572: +PARAM [/image/compressedDepth/depth_quantization] by /mask_orange
[rosmaster.master][INFO] 2017-09-26 18:36:36,573: +PARAM [/image/compressedDepth/png_level] by /mask_orange
[rosmaster.master][INFO] 2017-09-26 18:36:36,583: +PUB [/image_marked/compressedDepth] /view http://ubuntu:45766/
[rosmaster.master][INFO] 2017-09-26 18:36:36,584: +SERVICE [/image_marked/compressedDepth/set_parameters] /view http://ubuntu:45766/
[rosmaster.master][INFO] 2017-09-26 18:36:36,585: +PUB [/image_marked/compressedDepth/parameter_descriptions] /view http://ubuntu:45766/
[rosmaster.master][INFO] 2017-09-26 18:36:36,588: +PUB [/image_marked/compressedDepth/parameter_updates] /view http://ubuntu:45766/
[rosmaster.master][INFO] 2017-09-26 18:36:36,601: +PARAM [/image_marked/compressedDepth/depth_max] by /view
[rosmaster.master][INFO] 2017-09-26 18:36:36,604: +PARAM [/image_marked/compressedDepth/depth_quantization] by /view
[rosmaster.master][INFO] 2017-09-26 18:36:36,606: +PARAM [/image_marked/compressedDepth/png_level] by /view
[rosmaster.master][INFO] 2017-09-26 18:36:36,608: +PARAM [/image_marked/compressedDepth/depth_max] by /view
[rosmaster.master][INFO] 2017-09-26 18:36:36,615: +PARAM [/image_marked/compressedDepth/depth_quantization] by /view
[rosmaster.master][INFO] 2017-09-26 18:36:36,617: +PARAM [/image_marked/compressedDepth/png_level] by /view
[rosmaster.master][INFO] 2017-09-26 18:36:36,694: +PUB [/image/compressed] /mask_orange http://ubuntu:36579/
[rosmaster.master][INFO] 2017-09-26 18:36:36,695: +SERVICE [/image/compressed/set_parameters] /mask_orange http://ubuntu:36579/
[rosmaster.master][INFO] 2017-09-26 18:36:36,697: +PUB [/image/compressed/parameter_descriptions] /mask_orange http://ubuntu:36579/
[rosmaster.master][INFO] 2017-09-26 18:36:36,698: +PUB [/image/compressed/parameter_updates] /mask_orange http://ubuntu:36579/
[rosmaster.master][INFO] 2017-09-26 18:36:36,703: +PARAM [/image/compressed/format] by /mask_orange
[rosmaster.master][INFO] 2017-09-26 18:36:36,704: +PARAM [/image/compressed/jpeg_quality] by /mask_orange
[rosmaster.master][INFO] 2017-09-26 18:36:36,711: +PARAM [/image/compressed/png_level] by /mask_orange
[rosmaster.master][INFO] 2017-09-26 18:36:36,716: +PARAM [/image/compressed/format] by /mask_orange
[rosmaster.master][INFO] 2017-09-26 18:36:36,716: +PARAM [/image/compressed/jpeg_quality] by /mask_orange
[rosmaster.master][INFO] 2017-09-26 18:36:36,719: +PARAM [/image/compressed/png_level] by /mask_orange
[rosmaster.master][INFO] 2017-09-26 18:36:36,735: +PUB [/camera/image_raw/compressedDepth] /camera http://ubuntu:38398/
[rosmaster.master][INFO] 2017-09-26 18:36:36,737: +SERVICE [/camera/image_raw/compressedDepth/set_parameters] /camera http://ubuntu:38398/
[rosmaster.master][INFO] 2017-09-26 18:36:36,738: +PUB [/camera/image_raw/compressedDepth/parameter_descriptions] /camera http://ubuntu:38398/
[rosmaster.master][INFO] 2017-09-26 18:36:36,739: +PUB [/camera/image_raw/compressedDepth/parameter_updates] /camera http://ubuntu:38398/
[rosmaster.master][INFO] 2017-09-26 18:36:36,745: +PUB [/image_marked/compressed] /view http://ubuntu:45766/
[rosmaster.master][INFO] 2017-09-26 18:36:36,746: +PARAM [/camera/image_raw/compressedDepth/depth_max] by /camera
[rosmaster.master][INFO] 2017-09-26 18:36:36,756: +SERVICE [/image_marked/compressed/set_parameters] /view http://ubuntu:45766/
[rosmaster.master][INFO] 2017-09-26 18:36:36,757: +PARAM [/camera/image_raw/compressedDepth/depth_quantization] by /camera
[rosmaster.master][INFO] 2017-09-26 18:36:36,757: +PUB [/image_marked/compressed/parameter_descriptions] /view http://ubuntu:45766/
[rosmaster.master][INFO] 2017-09-26 18:36:36,758: +PARAM [/camera/image_raw/compressedDepth/png_level] by /camera
[rosmaster.master][INFO] 2017-09-26 18:36:36,759: +PUB [/image_marked/compressed/parameter_updates] /view http://ubuntu:45766/
[rosmaster.master][INFO] 2017-09-26 18:36:36,760: +PARAM [/camera/image_raw/compressedDepth/depth_max] by /camera
[rosmaster.master][INFO] 2017-09-26 18:36:36,767: +PARAM [/camera/image_raw/compressedDepth/depth_quantization] by /camera
[rosmaster.master][INFO] 2017-09-26 18:36:36,768: +PARAM [/camera/image_raw/compressedDepth/png_level] by /camera
[rosmaster.master][INFO] 2017-09-26 18:36:36,776: +PARAM [/image_marked/compressed/format] by /view
[rosmaster.master][INFO] 2017-09-26 18:36:36,780: +PARAM [/image_marked/compressed/jpeg_quality] by /view
[rosmaster.master][INFO] 2017-09-26 18:36:36,784: +PARAM [/image_marked/compressed/png_level] by /view
[rosmaster.master][INFO] 2017-09-26 18:36:36,787: +PARAM [/image_marked/compressed/format] by /view
[rosmaster.master][INFO] 2017-09-26 18:36:36,791: +PARAM [/image_marked/compressed/jpeg_quality] by /view
[rosmaster.master][INFO] 2017-09-26 18:36:36,794: +PARAM [/image_marked/compressed/png_level] by /view
[rosmaster.master][INFO] 2017-09-26 18:36:36,824: +PUB [/image] /mask_orange http://ubuntu:36579/
[rosmaster.master][INFO] 2017-09-26 18:36:36,879: +PUB [/camera/image_raw/compressed] /camera http://ubuntu:38398/
[rosmaster.master][INFO] 2017-09-26 18:36:36,880: +SERVICE [/camera/image_raw/compressed/set_parameters] /camera http://ubuntu:38398/
[rosmaster.master][INFO] 2017-09-26 18:36:36,881: +PUB [/camera/image_raw/compressed/parameter_descriptions] /camera http://ubuntu:38398/
[rosmaster.master][INFO] 2017-09-26 18:36:36,882: +PUB [/camera/image_raw/compressed/parameter_updates] /camera http://ubuntu:38398/
[rosmaster.master][INFO] 2017-09-26 18:36:36,889: +PARAM [/camera/image_raw/compressed/format] by /camera
[rosmaster.master][INFO] 2017-09-26 18:36:36,891: +PARAM [/camera/image_raw/compressed/jpeg_quality] by /camera
[rosmaster.master][INFO] 2017-09-26 18:36:36,896: +PARAM [/camera/image_raw/compressed/png_level] by /camera
[rosmaster.master][INFO] 2017-09-26 18:36:36,899: +PARAM [/camera/image_raw/compressed/format] by /camera
[rosmaster.master][INFO] 2017-09-26 18:36:36,902: +PARAM [/camera/image_raw/compressed/jpeg_quality] by /camera
[rosmaster.master][INFO] 2017-09-26 18:36:36,903: +PUB [/image_marked] /view http://ubuntu:45766/
[rosmaster.master][INFO] 2017-09-26 18:36:36,910: +PARAM [/camera/image_raw/compressed/png_level] by /camera
[rosmaster.master][INFO] 2017-09-26 18:36:36,943: +PUB [/image/theora] /mask_orange http://ubuntu:36579/
[rosmaster.master][INFO] 2017-09-26 18:36:36,944: +SERVICE [/image/theora/set_parameters] /mask_orange http://ubuntu:36579/
[rosmaster.master][INFO] 2017-09-26 18:36:36,945: +PUB [/image/theora/parameter_descriptions] /mask_orange http://ubuntu:36579/
[rosmaster.master][INFO] 2017-09-26 18:36:36,947: +PUB [/image/theora/parameter_updates] /mask_orange http://ubuntu:36579/
[rosmaster.master][INFO] 2017-09-26 18:36:36,954: +PARAM [/image/theora/optimize_for] by /mask_orange
[rosmaster.master][INFO] 2017-09-26 18:36:36,959: +PARAM [/image/theora/target_bitrate] by /mask_orange
[rosmaster.master][INFO] 2017-09-26 18:36:36,964: +PARAM [/image/theora/quality] by /mask_orange
[rosmaster.master][INFO] 2017-09-26 18:36:36,964: +PARAM [/image/theora/keyframe_frequency] by /mask_orange
[rosmaster.master][INFO] 2017-09-26 18:36:36,968: +PARAM [/image/theora/optimize_for] by /mask_orange
[rosmaster.master][INFO] 2017-09-26 18:36:36,968: +PARAM [/image/theora/target_bitrate] by /mask_orange
[rosmaster.master][INFO] 2017-09-26 18:36:36,972: +PARAM [/image/theora/quality] by /mask_orange
[rosmaster.master][INFO] 2017-09-26 18:36:36,979: +PARAM [/image/theora/keyframe_frequency] by /mask_orange
[rosmaster.master][INFO] 2017-09-26 18:36:36,980: +PARAM [/mask_orange/low_h] by /mask_orange
[rosmaster.master][INFO] 2017-09-26 18:36:36,982: +PARAM [/mask_orange/low_s] by /mask_orange
[rosmaster.master][INFO] 2017-09-26 18:36:36,987: +PARAM [/mask_orange/low_v] by /mask_orange
[rosmaster.master][INFO] 2017-09-26 18:36:36,988: +PARAM [/mask_orange/high_h] by /mask_orange
[rosmaster.master][INFO] 2017-09-26 18:36:36,991: +PARAM [/mask_orange/high_s] by /mask_orange
[rosmaster.master][INFO] 2017-09-26 18:36:36,998: +PARAM [/mask_orange/high_v] by /mask_orange
[rosmaster.master][INFO] 2017-09-26 18:36:37,015: +PUB [/camera/image_raw] /camera http://ubuntu:38398/
[rosmaster.master][INFO] 2017-09-26 18:36:37,023: +PUB [/image_marked/theora] /view http://ubuntu:45766/
[rosmaster.master][INFO] 2017-09-26 18:36:37,024: +SERVICE [/image_marked/theora/set_parameters] /view http://ubuntu:45766/
[rosmaster.master][INFO] 2017-09-26 18:36:37,025: +PUB [/image_marked/theora/parameter_descriptions] /view http://ubuntu:45766/
[rosmaster.master][INFO] 2017-09-26 18:36:37,025: +PUB [/image_marked/theora/parameter_updates] /view http://ubuntu:45766/
[rosmaster.master][INFO] 2017-09-26 18:36:37,028: +PARAM [/image_marked/theora/optimize_for] by /view
[rosmaster.master][INFO] 2017-09-26 18:36:37,029: +PARAM [/image_marked/theora/target_bitrate] by /view
[rosmaster.master][INFO] 2017-09-26 18:36:37,031: +PARAM [/image_marked/theora/quality] by /view
[rosmaster.master][INFO] 2017-09-26 18:36:37,035: +PARAM [/image_marked/theora/keyframe_frequency] by /view
[rosmaster.master][INFO] 2017-09-26 18:36:37,037: +PARAM [/image_marked/theora/optimize_for] by /view
[rosmaster.master][INFO] 2017-09-26 18:36:37,038: +PARAM [/image_marked/theora/target_bitrate] by /view
[rosmaster.master][INFO] 2017-09-26 18:36:37,040: +PARAM [/image_marked/theora/quality] by /view
[rosmaster.master][INFO] 2017-09-26 18:36:37,041: +PARAM [/image_marked/theora/keyframe_frequency] by /view
[rosmaster.master][INFO] 2017-09-26 18:36:37,097: publisherUpdate[/camera/image_raw] -> http://ubuntu:36579/ ['http://ubuntu:38398/']
[rosmaster.master][INFO] 2017-09-26 18:36:37,098: publisherUpdate[/camera/image_raw] -> http://ubuntu:36579/ ['http://ubuntu:38398/']: sec=0.00, result=[1, '', 0]
[rosmaster.master][INFO] 2017-09-26 18:36:37,111: +PUB [/camera/image_raw/theora] /camera http://ubuntu:38398/
[rosmaster.master][INFO] 2017-09-26 18:36:37,114: +SERVICE [/camera/image_raw/theora/set_parameters] /camera http://ubuntu:38398/
[rosmaster.master][INFO] 2017-09-26 18:36:37,115: +PUB [/camera/image_raw/theora/parameter_descriptions] /camera http://ubuntu:38398/
[rosmaster.master][INFO] 2017-09-26 18:36:37,116: +PUB [/camera/image_raw/theora/parameter_updates] /camera http://ubuntu:38398/
[rosmaster.master][INFO] 2017-09-26 18:36:37,118: +PARAM [/camera/image_raw/theora/optimize_for] by /camera
[rosmaster.master][INFO] 2017-09-26 18:36:37,125: +PARAM [/camera/image_raw/theora/target_bitrate] by /camera
[rosmaster.master][INFO] 2017-09-26 18:36:37,126: +PUB [/image/marked/compressedDepth] /view http://ubuntu:45766/
[rosmaster.master][INFO] 2017-09-26 18:36:37,126: +PARAM [/camera/image_raw/theora/quality] by /camera
[rosmaster.master][INFO] 2017-09-26 18:36:37,127: +SERVICE [/image/marked/compressedDepth/set_parameters] /view http://ubuntu:45766/
[rosmaster.master][INFO] 2017-09-26 18:36:37,128: +PARAM [/camera/image_raw/theora/keyframe_frequency] by /camera
[rosmaster.master][INFO] 2017-09-26 18:36:37,129: +PUB [/image/marked/compressedDepth/parameter_descriptions] /view http://ubuntu:45766/
[rosmaster.master][INFO] 2017-09-26 18:36:37,131: +PARAM [/camera/image_raw/theora/optimize_for] by /camera
[rosmaster.master][INFO] 2017-09-26 18:36:37,132: +PUB [/image/marked/compressedDepth/parameter_updates] /view http://ubuntu:45766/
[rosmaster.master][INFO] 2017-09-26 18:36:37,133: +PARAM [/camera/image_raw/theora/target_bitrate] by /camera
[rosmaster.master][INFO] 2017-09-26 18:36:37,136: +PARAM [/camera/image_raw/theora/quality] by /camera
[rosmaster.master][INFO] 2017-09-26 18:36:37,140: +PARAM [/camera/image_raw/theora/keyframe_frequency] by /camera
[rosmaster.master][INFO] 2017-09-26 18:36:37,141: +PUB [/camera/camera_info] /camera http://ubuntu:38398/
[rosmaster.master][INFO] 2017-09-26 18:36:37,144: +PARAM [/image/marked/compressedDepth/depth_max] by /view
[rosmaster.master][INFO] 2017-09-26 18:36:37,145: +PARAM [/image/marked/compressedDepth/depth_quantization] by /view
[rosmaster.master][INFO] 2017-09-26 18:36:37,148: +PARAM [/image/marked/compressedDepth/png_level] by /view
[rosmaster.master][INFO] 2017-09-26 18:36:37,152: +PARAM [/image/marked/compressedDepth/depth_max] by /view
[rosmaster.master][INFO] 2017-09-26 18:36:37,153: +PARAM [/image/marked/compressedDepth/depth_quantization] by /view
[rosmaster.master][INFO] 2017-09-26 18:36:37,156: +PARAM [/image/marked/compressedDepth/png_level] by /view
[rosmaster.master][INFO] 2017-09-26 18:36:37,223: +PUB [/image/marked/compressed] /view http://ubuntu:45766/
[rosmaster.master][INFO] 2017-09-26 18:36:37,224: +SERVICE [/image/marked/compressed/set_parameters] /view http://ubuntu:45766/
[rosmaster.master][INFO] 2017-09-26 18:36:37,225: +PUB [/image/marked/compressed/parameter_descriptions] /view http://ubuntu:45766/
[rosmaster.master][INFO] 2017-09-26 18:36:37,226: +PUB [/image/marked/compressed/parameter_updates] /view http://ubuntu:45766/
[rosmaster.master][INFO] 2017-09-26 18:36:37,228: +PARAM [/image/marked/compressed/format] by /view
[rosmaster.master][INFO] 2017-09-26 18:36:37,229: +PARAM [/image/marked/compressed/jpeg_quality] by /view
[rosmaster.master][INFO] 2017-09-26 18:36:37,229: +PARAM [/image/marked/compressed/png_level] by /view
[rosmaster.master][INFO] 2017-09-26 18:36:37,230: +PARAM [/image/marked/compressed/format] by /view
[rosmaster.master][INFO] 2017-09-26 18:36:37,231: +PARAM [/image/marked/compressed/jpeg_quality] by /view
[rosmaster.master][INFO] 2017-09-26 18:36:37,235: +PARAM [/image/marked/compressed/png_level] by /view
[rosmaster.master][INFO] 2017-09-26 18:36:37,293: +PUB [/image/marked] /view http://ubuntu:45766/
[rosmaster.master][INFO] 2017-09-26 18:36:37,350: +PUB [/image/marked/theora] /view http://ubuntu:45766/
[rosmaster.master][INFO] 2017-09-26 18:36:37,351: +SERVICE [/image/marked/theora/set_parameters] /view http://ubuntu:45766/
[rosmaster.master][INFO] 2017-09-26 18:36:37,352: +PUB [/image/marked/theora/parameter_descriptions] /view http://ubuntu:45766/
[rosmaster.master][INFO] 2017-09-26 18:36:37,353: +PUB [/image/marked/theora/parameter_updates] /view http://ubuntu:45766/
[rosmaster.master][INFO] 2017-09-26 18:36:37,357: +PARAM [/image/marked/theora/optimize_for] by /view
[rosmaster.master][INFO] 2017-09-26 18:36:37,359: +PARAM [/image/marked/theora/target_bitrate] by /view
[rosmaster.master][INFO] 2017-09-26 18:36:37,363: +PARAM [/image/marked/theora/quality] by /view
[rosmaster.master][INFO] 2017-09-26 18:36:37,364: +PARAM [/image/marked/theora/keyframe_frequency] by /view
[rosmaster.master][INFO] 2017-09-26 18:36:37,364: +PARAM [/image/marked/theora/optimize_for] by /view
[rosmaster.master][INFO] 2017-09-26 18:36:37,365: +PARAM [/image/marked/theora/target_bitrate] by /view
[rosmaster.master][INFO] 2017-09-26 18:36:37,367: +PARAM [/image/marked/theora/quality] by /view
[rosmaster.master][INFO] 2017-09-26 18:36:37,368: +PARAM [/image/marked/theora/keyframe_frequency] by /view
[rosmaster.master][INFO] 2017-09-26 18:36:37,426: +SUB [/image] /view http://ubuntu:45766/
[rosmaster.master][INFO] 2017-09-26 18:36:37,435: +SUB [/camera_info] /view http://ubuntu:45766/
[rosmaster.master][INFO] 2017-09-26 18:36:37,438: +SUB [/image_marker] /view http://ubuntu:45766/
[rosmaster.master][INFO] 2017-09-26 18:36:37,445: +SUB [/image/event] /view http://ubuntu:45766/
[rosmaster.master][INFO] 2017-09-26 18:36:37,446: +SERVICE [/view/change_mode] /view http://ubuntu:45766/
[rosmaster.master][INFO] 2017-09-26 18:36:37,447: +SERVICE [/view/rectangle_mode] /view http://ubuntu:45766/
[rosmaster.master][INFO] 2017-09-26 18:36:37,451: +SERVICE [/view/grabcut_mode] /view http://ubuntu:45766/
[rosmaster.master][INFO] 2017-09-26 18:36:37,452: +SERVICE [/view/grabcut_rect_mode] /view http://ubuntu:45766/
[rosmaster.master][INFO] 2017-09-26 18:36:37,453: +SERVICE [/view/line_mode] /view http://ubuntu:45766/
[rosmaster.master][INFO] 2017-09-26 18:36:37,453: +SERVICE [/view/poly_mode] /view http://ubuntu:45766/
[rosmaster.master][INFO] 2017-09-26 18:36:37,455: +SERVICE [/view/none_mode] /view http://ubuntu:45766/
[rosmaster.master][INFO] 2017-09-26 18:36:37,456: +SERVICE [/view/set_parameters] /view http://ubuntu:45766/
[rosmaster.master][INFO] 2017-09-26 18:36:37,459: +PUB [/view/parameter_descriptions] /view http://ubuntu:45766/
[rosmaster.master][INFO] 2017-09-26 18:36:37,460: +PUB [/view/parameter_updates] /view http://ubuntu:45766/
[rosmaster.master][INFO] 2017-09-26 18:36:37,471: +PARAM [/view/grid] by /view
[rosmaster.master][INFO] 2017-09-26 18:36:37,472: +PARAM [/view/fisheye_mode] by /view
[rosmaster.master][INFO] 2017-09-26 18:36:37,476: +PARAM [/view/div_u] by /view
[rosmaster.master][INFO] 2017-09-26 18:36:37,476: +PARAM [/view/div_v] by /view
[rosmaster.master][INFO] 2017-09-26 18:36:37,477: +PARAM [/view/grid_red] by /view
[rosmaster.master][INFO] 2017-09-26 18:36:37,478: +PARAM [/view/grid_green] by /view
[rosmaster.master][INFO] 2017-09-26 18:36:37,479: +PARAM [/view/grid_blue] by /view
[rosmaster.master][INFO] 2017-09-26 18:36:37,482: +PARAM [/view/grid_thickness] by /view
[rosmaster.master][INFO] 2017-09-26 18:36:37,483: +PARAM [/view/grid_space] by /view
[rosmaster.master][INFO] 2017-09-26 18:36:37,486: +PARAM [/view/grid] by /view
[rosmaster.master][INFO] 2017-09-26 18:36:37,487: +PARAM [/view/fisheye_mode] by /view
[rosmaster.master][INFO] 2017-09-26 18:36:37,488: +PARAM [/view/div_u] by /view
[rosmaster.master][INFO] 2017-09-26 18:36:37,489: +PARAM [/view/div_v] by /view
[rosmaster.master][INFO] 2017-09-26 18:36:37,492: +PARAM [/view/grid_red] by /view
[rosmaster.master][INFO] 2017-09-26 18:36:37,492: +PARAM [/view/grid_green] by /view
[rosmaster.master][INFO] 2017-09-26 18:36:37,493: +PARAM [/view/grid_blue] by /view
[rosmaster.master][INFO] 2017-09-26 18:36:37,495: +PARAM [/view/grid_thickness] by /view
[rosmaster.master][INFO] 2017-09-26 18:36:37,496: +PARAM [/view/grid_space] by /view
[rosmaster.master][INFO] 2017-09-26 18:36:39,970: +PUB [/rosout] /rqt_reconfigure http://ubuntu:41635/
[rosmaster.master][INFO] 2017-09-26 18:36:39,980: +SERVICE [/rqt_reconfigure/get_loggers] /rqt_reconfigure http://ubuntu:41635/
[rosmaster.master][INFO] 2017-09-26 18:36:40,000: +SERVICE [/rqt_reconfigure/set_logger_level] /rqt_reconfigure http://ubuntu:41635/
[rosmaster.master][INFO] 2017-09-26 18:36:40,018: publisherUpdate[/rosout] -> http://ubuntu:34959/ ['http://ubuntu:36579/', 'http://ubuntu:38398/', 'http://ubuntu:45766/', 'http://ubuntu:41635/']
[rosmaster.master][INFO] 2017-09-26 18:36:40,021: publisherUpdate[/rosout] -> http://ubuntu:34959/ ['http://ubuntu:36579/', 'http://ubuntu:38398/', 'http://ubuntu:45766/', 'http://ubuntu:41635/']: sec=0.00, result=[1, '', 0]
[rosmaster.master][INFO] 2017-09-26 18:36:40,289: +SUB [/camera/image_raw/compressed/parameter_descriptions] /rqt_reconfigure http://ubuntu:41635/
[rosmaster.master][INFO] 2017-09-26 18:36:40,301: +SUB [/camera/image_raw/compressedDepth/parameter_descriptions] /rqt_reconfigure http://ubuntu:41635/
[rosmaster.master][INFO] 2017-09-26 18:36:40,341: +SUB [/camera/image_raw/compressedDepth/parameter_updates] /rqt_reconfigure http://ubuntu:41635/
[rosmaster.master][INFO] 2017-09-26 18:36:40,358: +SUB [/camera/image_raw/compressed/parameter_updates] /rqt_reconfigure http://ubuntu:41635/
[rosmaster.master][INFO] 2017-09-26 18:36:40,389: +SUB [/image/compressed/parameter_descriptions] /rqt_reconfigure http://ubuntu:41635/
[rosmaster.master][INFO] 2017-09-26 18:36:40,406: +SUB [/camera/image_raw/theora/parameter_descriptions] /rqt_reconfigure http://ubuntu:41635/
[rosmaster.master][INFO] 2017-09-26 18:36:40,429: +SUB [/image/compressedDepth/parameter_descriptions] /rqt_reconfigure http://ubuntu:41635/
[rosmaster.master][INFO] 2017-09-26 18:36:40,459: +SUB [/image/marked/compressed/parameter_descriptions] /rqt_reconfigure http://ubuntu:41635/
[rosmaster.master][INFO] 2017-09-26 18:36:40,469: +SUB [/image/marked/compressed/parameter_updates] /rqt_reconfigure http://ubuntu:41635/
[rosmaster.master][INFO] 2017-09-26 18:36:40,493: +SUB [/image/marked/theora/parameter_descriptions] /rqt_reconfigure http://ubuntu:41635/
[rosmaster.master][INFO] 2017-09-26 18:36:40,516: +SUB [/image/marked/theora/parameter_updates] /rqt_reconfigure http://ubuntu:41635/
[rosmaster.master][INFO] 2017-09-26 18:36:40,545: +SUB [/image_marked/compressed/parameter_descriptions] /rqt_reconfigure http://ubuntu:41635/
[rosmaster.master][INFO] 2017-09-26 18:36:40,558: +SUB [/image_marked/compressed/parameter_updates] /rqt_reconfigure http://ubuntu:41635/
[rosmaster.master][INFO] 2017-09-26 18:36:40,589: +SUB [/image_marked/compressedDepth/parameter_descriptions] /rqt_reconfigure http://ubuntu:41635/
[rosmaster.master][INFO] 2017-09-26 18:36:40,611: +SUB [/image_marked/compressedDepth/parameter_updates] /rqt_reconfigure http://ubuntu:41635/
[rosmaster.master][INFO] 2017-09-26 18:36:40,627: +SUB [/camera/image_raw/theora/parameter_updates] /rqt_reconfigure http://ubuntu:41635/
[rosmaster.master][INFO] 2017-09-26 18:36:40,642: +SUB [/image/compressedDepth/parameter_updates] /rqt_reconfigure http://ubuntu:41635/
[rosmaster.master][INFO] 2017-09-26 18:36:40,659: +SUB [/image/marked/compressedDepth/parameter_descriptions] /rqt_reconfigure http://ubuntu:41635/
[rosmaster.master][INFO] 2017-09-26 18:36:40,702: +SUB [/image/marked/compressedDepth/parameter_updates] /rqt_reconfigure http://ubuntu:41635/
[rosmaster.master][INFO] 2017-09-26 18:36:40,714: +SUB [/view/parameter_descriptions] /rqt_reconfigure http://ubuntu:41635/
[rosmaster.master][INFO] 2017-09-26 18:36:40,738: +SUB [/image/theora/parameter_descriptions] /rqt_reconfigure http://ubuntu:41635/
[rosmaster.master][INFO] 2017-09-26 18:36:40,750: +SUB [/image/compressed/parameter_updates] /rqt_reconfigure http://ubuntu:41635/
[rosmaster.master][INFO] 2017-09-26 18:36:40,755: +SUB [/image_marked/theora/parameter_descriptions] /rqt_reconfigure http://ubuntu:41635/
[rosmaster.master][INFO] 2017-09-26 18:36:40,778: +SUB [/view/parameter_updates] /rqt_reconfigure http://ubuntu:41635/
[rosmaster.master][INFO] 2017-09-26 18:36:40,801: +SUB [/image/theora/parameter_updates] /rqt_reconfigure http://ubuntu:41635/
[rosmaster.master][INFO] 2017-09-26 18:36:40,812: +SUB [/image_marked/theora/parameter_updates] /rqt_reconfigure http://ubuntu:41635/
[rosmaster.master][INFO] 2017-09-26 18:37:08,066: -SUB [/image/compressedDepth/parameter_descriptions] /rqt_reconfigure http://ubuntu:41635/
[rosmaster.master][INFO] 2017-09-26 18:37:08,080: -SUB [/image/compressedDepth/parameter_updates] /rqt_reconfigure http://ubuntu:41635/
[rosmaster.master][INFO] 2017-09-26 18:37:29,626: -SUB [/image_marked/compressedDepth/parameter_descriptions] /rqt_reconfigure http://ubuntu:41635/
[rosmaster.master][INFO] 2017-09-26 18:37:29,645: -SUB [/image_marked/compressedDepth/parameter_updates] /rqt_reconfigure http://ubuntu:41635/
[rosmaster.master][INFO] 2017-09-26 18:37:30,362: -SUB [/image_marked/compressed/parameter_descriptions] /rqt_reconfigure http://ubuntu:41635/
[rosmaster.master][INFO] 2017-09-26 18:37:30,365: -SUB [/image_marked/compressed/parameter_updates] /rqt_reconfigure http://ubuntu:41635/
[rosmaster.master][INFO] 2017-09-26 18:37:45,877: -SUB [/camera/image_raw/theora/parameter_descriptions] /rqt_reconfigure http://ubuntu:41635/
[rosmaster.master][INFO] 2017-09-26 18:37:45,878: -SUB [/camera/image_raw/theora/parameter_updates] /rqt_reconfigure http://ubuntu:41635/
[rosmaster.master][INFO] 2017-09-26 18:37:46,215: +SUB [/camera/image_raw/theora/parameter_descriptions] /rqt_reconfigure http://ubuntu:41635/
[rosmaster.master][INFO] 2017-09-26 18:37:46,238: +SUB [/camera/image_raw/theora/parameter_updates] /rqt_reconfigure http://ubuntu:41635/
[rosmaster.master][INFO] 2017-09-26 18:37:47,452: -SUB [/camera/image_raw/theora/parameter_descriptions] /rqt_reconfigure http://ubuntu:41635/
[rosmaster.master][INFO] 2017-09-26 18:37:47,455: -SUB [/camera/image_raw/theora/parameter_updates] /rqt_reconfigure http://ubuntu:41635/
[rosmaster.master][INFO] 2017-09-26 18:37:48,145: -SUB [/camera/image_raw/compressed/parameter_descriptions] /rqt_reconfigure http://ubuntu:41635/
[rosmaster.master][INFO] 2017-09-26 18:37:48,156: -SUB [/camera/image_raw/compressed/parameter_updates] /rqt_reconfigure http://ubuntu:41635/
[rosmaster.master][INFO] 2017-09-26 18:37:49,311: -SUB [/image/compressed/parameter_descriptions] /rqt_reconfigure http://ubuntu:41635/
[rosmaster.master][INFO] 2017-09-26 18:37:49,317: -SUB [/image/compressed/parameter_updates] /rqt_reconfigure http://ubuntu:41635/
[rosmaster.master][INFO] 2017-09-26 18:37:50,134: -SUB [/image/marked/compressed/parameter_descriptions] /rqt_reconfigure http://ubuntu:41635/
[rosmaster.master][INFO] 2017-09-26 18:37:50,143: -SUB [/image/marked/compressed/parameter_updates] /rqt_reconfigure http://ubuntu:41635/
[rosmaster.master][INFO] 2017-09-26 18:37:51,658: -SUB [/image_marked/theora/parameter_descriptions] /rqt_reconfigure http://ubuntu:41635/
[rosmaster.master][INFO] 2017-09-26 18:37:51,667: -SUB [/image_marked/theora/parameter_updates] /rqt_reconfigure http://ubuntu:41635/
[rosmaster.master][INFO] 2017-09-26 18:37:54,426: -SUB [/view/parameter_descriptions] /rqt_reconfigure http://ubuntu:41635/
[rosmaster.master][INFO] 2017-09-26 18:37:54,429: -SUB [/view/parameter_updates] /rqt_reconfigure http://ubuntu:41635/
[rosmaster.master][INFO] 2017-09-26 18:37:58,694: -SUB [/image/marked/theora/parameter_descriptions] /rqt_reconfigure http://ubuntu:41635/
[rosmaster.master][INFO] 2017-09-26 18:37:58,694: -SUB [/image/marked/compressedDepth/parameter_descriptions] /rqt_reconfigure http://ubuntu:41635/
[rosmaster.master][INFO] 2017-09-26 18:37:58,694: -SUB [/image/theora/parameter_descriptions] /rqt_reconfigure http://ubuntu:41635/
[rosmaster.master][INFO] 2017-09-26 18:37:58,695: -SUB [/image/marked/theora/parameter_updates] /rqt_reconfigure http://ubuntu:41635/
[rosmaster.master][INFO] 2017-09-26 18:37:58,695: -SUB [/camera/image_raw/compressedDepth/parameter_descriptions] /rqt_reconfigure http://ubuntu:41635/
[rosmaster.master][INFO] 2017-09-26 18:37:58,711: -SUB [/camera/image_raw/compressedDepth/parameter_updates] /rqt_reconfigure http://ubuntu:41635/
[rosmaster.master][INFO] 2017-09-26 18:37:58,711: -SUB [/image/marked/compressedDepth/parameter_updates] /rqt_reconfigure http://ubuntu:41635/
[rosmaster.master][INFO] 2017-09-26 18:37:58,711: -SUB [/image/theora/parameter_updates] /rqt_reconfigure http://ubuntu:41635/
[rosmaster.master][INFO] 2017-09-26 18:37:58,711: -PUB [/rosout] /rqt_reconfigure http://ubuntu:41635/
[rosmaster.master][INFO] 2017-09-26 18:37:58,711: -SERVICE [/rqt_reconfigure/set_logger_level] /rqt_reconfigure rosrpc://ubuntu:33956
[rosmaster.master][INFO] 2017-09-26 18:37:58,711: -SERVICE [/rqt_reconfigure/get_loggers] /rqt_reconfigure rosrpc://ubuntu:33956
[rosmaster.master][INFO] 2017-09-26 18:37:58,727: publisherUpdate[/rosout] -> http://ubuntu:34959/ ['http://ubuntu:36579/', 'http://ubuntu:38398/', 'http://ubuntu:45766/']
[rosmaster.master][INFO] 2017-09-26 18:37:58,733: publisherUpdate[/rosout] -> http://ubuntu:34959/ ['http://ubuntu:36579/', 'http://ubuntu:38398/', 'http://ubuntu:45766/']: sec=0.01, result=[1, '', 0]
[rosmaster.master][INFO] 2017-09-26 18:38:00,638: -PUB [/rosout] /mask_orange http://ubuntu:36579/
[rosmaster.master][INFO] 2017-09-26 18:38:00,641: -PUB [/image/compressedDepth] /mask_orange http://ubuntu:36579/
[rosmaster.master][INFO] 2017-09-26 18:38:00,647: -PUB [/image/compressedDepth/parameter_descriptions] /mask_orange http://ubuntu:36579/
[rosmaster.master][INFO] 2017-09-26 18:38:00,651: publisherUpdate[/rosout] -> http://ubuntu:34959/ ['http://ubuntu:38398/', 'http://ubuntu:45766/']
[rosmaster.master][INFO] 2017-09-26 18:38:00,655: publisherUpdate[/rosout] -> http://ubuntu:34959/ ['http://ubuntu:38398/', 'http://ubuntu:45766/']: sec=0.00, result=[1, '', 0]
[rosmaster.master][INFO] 2017-09-26 18:38:00,656: -PUB [/image/compressedDepth/parameter_updates] /mask_orange http://ubuntu:36579/
[rosmaster.master][INFO] 2017-09-26 18:38:00,672: -PUB [/image/compressed] /mask_orange http://ubuntu:36579/
[rosmaster.master][INFO] 2017-09-26 18:38:00,675: -PUB [/image/compressed/parameter_descriptions] /mask_orange http://ubuntu:36579/
[rosmaster.master][INFO] 2017-09-26 18:38:00,677: -PUB [/image/compressed/parameter_updates] /mask_orange http://ubuntu:36579/
[rosmaster.master][INFO] 2017-09-26 18:38:00,682: -PUB [/image] /mask_orange http://ubuntu:36579/
[rosmaster.master][INFO] 2017-09-26 18:38:00,686: -PUB [/image/theora] /mask_orange http://ubuntu:36579/
[rosmaster.master][INFO] 2017-09-26 18:38:00,687: -PUB [/image/theora/parameter_descriptions] /mask_orange http://ubuntu:36579/
[rosmaster.master][INFO] 2017-09-26 18:38:00,692: -PUB [/image/theora/parameter_updates] /mask_orange http://ubuntu:36579/
[rosmaster.master][INFO] 2017-09-26 18:38:00,702: -PUB [/rosout] /view http://ubuntu:45766/
[rosmaster.master][INFO] 2017-09-26 18:38:00,704: -SUB [/camera/image_raw] /mask_orange http://ubuntu:36579/
[rosmaster.master][INFO] 2017-09-26 18:38:00,724: -PUB [/image/screenpoint] /view http://ubuntu:45766/
[rosmaster.master][INFO] 2017-09-26 18:38:00,725: -PUB [/rosout] /camera http://ubuntu:38398/
[rosmaster.master][INFO] 2017-09-26 18:38:00,732: -SERVICE [/mask_orange/get_loggers] /mask_orange rosrpc://ubuntu:40928
[rosmaster.master][INFO] 2017-09-26 18:38:00,733: -PUB [/image/screenpoint_array] /view http://ubuntu:45766/
[rosmaster.master][INFO] 2017-09-26 18:38:00,739: -PUB [/camera/image_raw/compressedDepth] /camera http://ubuntu:38398/
[rosmaster.master][INFO] 2017-09-26 18:38:00,743: -SERVICE [/mask_orange/set_logger_level] /mask_orange rosrpc://ubuntu:40928
[rosmaster.master][INFO] 2017-09-26 18:38:00,753: -PUB [/image/screenrectangle] /view http://ubuntu:45766/
[rosmaster.master][INFO] 2017-09-26 18:38:00,754: -PUB [/camera/image_raw/compressedDepth/parameter_descriptions] /camera http://ubuntu:38398/
[rosmaster.master][INFO] 2017-09-26 18:38:00,765: publisherUpdate[/image] -> http://ubuntu:45766/ []
[rosmaster.master][INFO] 2017-09-26 18:38:00,768: publisherUpdate[/rosout] -> http://ubuntu:34959/ ['http://ubuntu:38398/']
[rosmaster.master][INFO] 2017-09-26 18:38:00,773: publisherUpdate[/rosout] -> http://ubuntu:34959/ ['http://ubuntu:38398/']: sec=0.00, result=[1, '', 0]
[rosmaster.master][INFO] 2017-09-26 18:38:00,773: publisherUpdate[/rosout] -> http://ubuntu:34959/ []
[rosmaster.master][INFO] 2017-09-26 18:38:00,774: publisherUpdate[/rosout] -> http://ubuntu:34959/ []: sec=0.00, result=[1, '', 0]
[rosmaster.master][INFO] 2017-09-26 18:38:00,775: -PUB [/image/screenrectangle_image] /view http://ubuntu:45766/
[rosmaster.master][INFO] 2017-09-26 18:38:00,776: -SERVICE [/image/compressedDepth/set_parameters] /mask_orange rosrpc://ubuntu:40928
[rosmaster.master][INFO] 2017-09-26 18:38:00,779: publisherUpdate[/image] -> http://ubuntu:45766/ []: sec=0.01, exception=<Fault -1: 'publisherUpdate: unknown method name'>
[rosmaster.threadpool][ERROR] 2017-09-26 18:38:00,788: Traceback (most recent call last):
  File "/opt/ros/kinetic/lib/python2.7/dist-packages/rosmaster/threadpool.py", line 218, in run
    result = cmd(*args)
  File "/opt/ros/kinetic/lib/python2.7/dist-packages/rosmaster/master_api.py", line 210, in publisher_update_task
    ret = xmlrpcapi(api).publisherUpdate('/master', topic, pub_uris)
  File "/usr/lib/python2.7/xmlrpclib.py", line 1243, in __call__
    return self.__send(self.__name, args)
  File "/usr/lib/python2.7/xmlrpclib.py", line 1602, in __request
    verbose=self.__verbose
  File "/usr/lib/python2.7/xmlrpclib.py", line 1283, in request
    return self.single_request(host, handler, request_body, verbose)
  File "/usr/lib/python2.7/xmlrpclib.py", line 1316, in single_request
    return self.parse_response(response)
  File "/usr/lib/python2.7/xmlrpclib.py", line 1493, in parse_response
    return u.close()
  File "/usr/lib/python2.7/xmlrpclib.py", line 800, in close
    raise Fault(**self._stack[0])
Fault: <Fault -1: 'publisherUpdate: unknown method name'>

[rosmaster.master][INFO] 2017-09-26 18:38:00,789: -PUB [/camera/image_raw/compressedDepth/parameter_updates] /camera http://ubuntu:38398/
[rosmaster.master][INFO] 2017-09-26 18:38:00,792: -PUB [/image/movepoint] /view http://ubuntu:45766/
[rosmaster.master][INFO] 2017-09-26 18:38:00,793: -PUB [/camera/image_raw/compressed] /camera http://ubuntu:38398/
[rosmaster.master][INFO] 2017-09-26 18:38:00,801: -SERVICE [/image/compressed/set_parameters] /mask_orange rosrpc://ubuntu:40928
[rosmaster.master][INFO] 2017-09-26 18:38:00,802: -PUB [/image/foreground] /view http://ubuntu:45766/
[rosmaster.master][INFO] 2017-09-26 18:38:00,804: -PUB [/camera/image_raw/compressed/parameter_descriptions] /camera http://ubuntu:38398/
[rosmaster.master][INFO] 2017-09-26 18:38:00,810: -PUB [/image/background] /view http://ubuntu:45766/
[rosmaster.master][INFO] 2017-09-26 18:38:00,815: -SERVICE [/image/theora/set_parameters] /mask_orange rosrpc://ubuntu:40928
[rosmaster.master][INFO] 2017-09-26 18:38:00,816: -PUB [/camera/image_raw/compressed/parameter_updates] /camera http://ubuntu:38398/
[rosmaster.master][INFO] 2017-09-26 18:38:00,821: -PUB [/camera/image_raw] /camera http://ubuntu:38398/
[rosmaster.master][INFO] 2017-09-26 18:38:00,822: -PUB [/image/foreground_rect] /view http://ubuntu:45766/
[rosmaster.master][INFO] 2017-09-26 18:38:00,822: -PUB [/camera/image_raw/theora] /camera http://ubuntu:38398/
[rosmaster.master][INFO] 2017-09-26 18:38:00,826: -PUB [/image/background_rect] /view http://ubuntu:45766/
[rosmaster.master][INFO] 2017-09-26 18:38:00,826: -PUB [/camera/image_raw/theora/parameter_descriptions] /camera http://ubuntu:38398/
[rosmaster.master][INFO] 2017-09-26 18:38:00,831: -PUB [/camera/image_raw/theora/parameter_updates] /camera http://ubuntu:38398/
[rosmaster.master][INFO] 2017-09-26 18:38:00,834: -PUB [/image/line] /view http://ubuntu:45766/
[rosmaster.master][INFO] 2017-09-26 18:38:00,834: -PUB [/camera/camera_info] /camera http://ubuntu:38398/
[rosmaster.master][INFO] 2017-09-26 18:38:00,839: -SERVICE [/camera/get_loggers] /camera rosrpc://ubuntu:47568
[rosmaster.master][INFO] 2017-09-26 18:38:00,841: -PUB [/image/poly] /view http://ubuntu:45766/
[rosmaster.master][INFO] 2017-09-26 18:38:00,841: -SERVICE [/camera/set_logger_level] /camera rosrpc://ubuntu:47568
[rosmaster.master][INFO] 2017-09-26 18:38:00,849: -PUB [/image_marked/compressedDepth] /view http://ubuntu:45766/
[rosmaster.master][INFO] 2017-09-26 18:38:00,850: -SERVICE [/camera/set_camera_info] /camera rosrpc://ubuntu:47568
[rosmaster.master][INFO] 2017-09-26 18:38:00,854: -SERVICE [/camera/image_raw/compressedDepth/set_parameters] /camera rosrpc://ubuntu:47568
[rosmaster.master][INFO] 2017-09-26 18:38:00,861: -PUB [/image_marked/compressedDepth/parameter_descriptions] /view http://ubuntu:45766/
[rosmaster.master][INFO] 2017-09-26 18:38:00,862: -SERVICE [/camera/image_raw/compressed/set_parameters] /camera rosrpc://ubuntu:47568
[rosmaster.master][INFO] 2017-09-26 18:38:00,879: -PUB [/image_marked/compressedDepth/parameter_updates] /view http://ubuntu:45766/
[rosmaster.master][INFO] 2017-09-26 18:38:00,880: -SERVICE [/camera/image_raw/theora/set_parameters] /camera rosrpc://ubuntu:47568
[rosmaster.master][INFO] 2017-09-26 18:38:00,884: -PUB [/image_marked/compressed] /view http://ubuntu:45766/
[rosmaster.master][INFO] 2017-09-26 18:38:00,892: -PUB [/image_marked/compressed/parameter_descriptions] /view http://ubuntu:45766/
[rosmaster.master][INFO] 2017-09-26 18:38:00,897: -PUB [/image_marked/compressed/parameter_updates] /view http://ubuntu:45766/
[rosmaster.master][INFO] 2017-09-26 18:38:00,900: -PUB [/image_marked] /view http://ubuntu:45766/
[rosmaster.master][INFO] 2017-09-26 18:38:00,905: -PUB [/image_marked/theora] /view http://ubuntu:45766/
[rosmaster.master][INFO] 2017-09-26 18:38:00,907: -PUB [/image_marked/theora/parameter_descriptions] /view http://ubuntu:45766/
[rosmaster.master][INFO] 2017-09-26 18:38:00,910: -PUB [/image_marked/theora/parameter_updates] /view http://ubuntu:45766/
[rosmaster.master][INFO] 2017-09-26 18:38:00,919: -PUB [/image/marked/compressedDepth] /view http://ubuntu:45766/
[rosmaster.master][INFO] 2017-09-26 18:38:00,931: -PUB [/image/marked/compressedDepth/parameter_descriptions] /view http://ubuntu:45766/
[rosmaster.master][INFO] 2017-09-26 18:38:00,933: -PUB [/image/marked/compressedDepth/parameter_updates] /view http://ubuntu:45766/
[rosmaster.master][INFO] 2017-09-26 18:38:00,935: -PUB [/image/marked/compressed] /view http://ubuntu:45766/
[rosmaster.master][INFO] 2017-09-26 18:38:00,937: -PUB [/image/marked/compressed/parameter_descriptions] /view http://ubuntu:45766/
[rosmaster.master][INFO] 2017-09-26 18:38:00,942: -PUB [/image/marked/compressed/parameter_updates] /view http://ubuntu:45766/
[rosmaster.master][INFO] 2017-09-26 18:38:00,943: -PUB [/image/marked] /view http://ubuntu:45766/
[rosmaster.master][INFO] 2017-09-26 18:38:00,948: -PUB [/image/marked/theora] /view http://ubuntu:45766/
[rosmaster.master][INFO] 2017-09-26 18:38:00,949: -PUB [/image/marked/theora/parameter_descriptions] /view http://ubuntu:45766/
[rosmaster.master][INFO] 2017-09-26 18:38:00,950: -PUB [/image/marked/theora/parameter_updates] /view http://ubuntu:45766/
[rosmaster.master][INFO] 2017-09-26 18:38:00,952: -PUB [/view/parameter_descriptions] /view http://ubuntu:45766/
[rosmaster.master][INFO] 2017-09-26 18:38:00,958: -PUB [/view/parameter_updates] /view http://ubuntu:45766/
[rosmaster.master][INFO] 2017-09-26 18:38:00,964: -SUB [/tf] /view http://ubuntu:45766/
[rosmaster.master][INFO] 2017-09-26 18:38:00,968: -SUB [/tf_static] /view http://ubuntu:45766/
[rosmaster.master][INFO] 2017-09-26 18:38:00,972: -SUB [/image] /view http://ubuntu:45766/
[rosmaster.master][INFO] 2017-09-26 18:38:00,974: -SUB [/camera_info] /view http://ubuntu:45766/
[rosmaster.master][INFO] 2017-09-26 18:38:00,975: -SUB [/image_marker] /view http://ubuntu:45766/
[rosmaster.master][INFO] 2017-09-26 18:38:00,977: -SUB [/image/event] /view http://ubuntu:45766/
[rosmaster.master][INFO] 2017-09-26 18:38:00,978: -SERVICE [/view/get_loggers] /view rosrpc://ubuntu:34239
[rosmaster.master][INFO] 2017-09-26 18:38:00,979: -SERVICE [/view/set_logger_level] /view rosrpc://ubuntu:34239
[rosmaster.master][INFO] 2017-09-26 18:38:00,981: -SERVICE [/image_marked/compressedDepth/set_parameters] /view rosrpc://ubuntu:34239
[rosmaster.master][INFO] 2017-09-26 18:38:00,982: -SERVICE [/image_marked/compressed/set_parameters] /view rosrpc://ubuntu:34239
[rosmaster.master][INFO] 2017-09-26 18:38:00,983: -SERVICE [/image_marked/theora/set_parameters] /view rosrpc://ubuntu:34239
[rosmaster.master][INFO] 2017-09-26 18:38:00,985: -SERVICE [/image/marked/compressedDepth/set_parameters] /view rosrpc://ubuntu:34239
[rosmaster.master][INFO] 2017-09-26 18:38:00,986: -SERVICE [/image/marked/compressed/set_parameters] /view rosrpc://ubuntu:34239
[rosmaster.master][INFO] 2017-09-26 18:38:00,988: -SERVICE [/image/marked/theora/set_parameters] /view rosrpc://ubuntu:34239
[rosmaster.master][INFO] 2017-09-26 18:38:00,990: -SERVICE [/view/change_mode] /view rosrpc://ubuntu:34239
[rosmaster.master][INFO] 2017-09-26 18:38:00,991: -SERVICE [/view/rectangle_mode] /view rosrpc://ubuntu:34239
[rosmaster.master][INFO] 2017-09-26 18:38:00,992: -SERVICE [/view/grabcut_mode] /view rosrpc://ubuntu:34239
[rosmaster.master][INFO] 2017-09-26 18:38:00,994: -SERVICE [/view/grabcut_rect_mode] /view rosrpc://ubuntu:34239
[rosmaster.master][INFO] 2017-09-26 18:38:00,995: -SERVICE [/view/line_mode] /view rosrpc://ubuntu:34239
[rosmaster.master][INFO] 2017-09-26 18:38:00,996: -SERVICE [/view/poly_mode] /view rosrpc://ubuntu:34239
[rosmaster.master][INFO] 2017-09-26 18:38:00,997: -SERVICE [/view/none_mode] /view rosrpc://ubuntu:34239
[rosmaster.master][INFO] 2017-09-26 18:38:00,999: -SERVICE [/view/set_parameters] /view rosrpc://ubuntu:34239
[rosmaster.master][INFO] 2017-09-26 18:38:01,278: -PUB [/rosout_agg] /rosout http://ubuntu:34959/
[rosmaster.master][INFO] 2017-09-26 18:38:01,280: -SUB [/rosout] /rosout http://ubuntu:34959/
[rosmaster.master][INFO] 2017-09-26 18:38:01,284: -SERVICE [/rosout/get_loggers] /rosout rosrpc://ubuntu:42009
[rosmaster.master][INFO] 2017-09-26 18:38:01,288: -SERVICE [/rosout/set_logger_level] /rosout rosrpc://ubuntu:42009
[rosmaster.main][INFO] 2017-09-26 18:38:01,409: keyboard interrupt, will exit
[rosmaster.main][INFO] 2017-09-26 18:38:01,409: stopping master...
[rospy.core][INFO] 2017-09-26 18:38:01,409: signal_shutdown [atexit]
