[rosmaster.main][INFO] 2017-09-13 16:36:38,649: initialization complete, waiting for shutdown
[rosmaster.main][INFO] 2017-09-13 16:36:38,649: Starting ROS Master Node
[xmlrpc][INFO] 2017-09-13 16:36:38,649: XML-RPC server binding to 0.0.0.0:11311
[xmlrpc][INFO] 2017-09-13 16:36:38,650: Started XML-RPC server [http://ubuntu:11311/]
[xmlrpc][INFO] 2017-09-13 16:36:38,650: xml rpc node: starting XML-RPC server
[rosmaster.master][INFO] 2017-09-13 16:36:38,650: Master initialized: port[11311], uri[http://ubuntu:11311/]
[rosmaster.master][INFO] 2017-09-13 16:36:38,667: +PARAM [/run_id] by /roslaunch
[rosmaster.master][INFO] 2017-09-13 16:36:38,668: +PARAM [/roslaunch/uris/host_ubuntu__36664] by /roslaunch
[rosmaster.master][INFO] 2017-09-13 16:36:38,754: +PARAM [/rosversion] by /roslaunch
[rosmaster.master][INFO] 2017-09-13 16:36:38,754: +PARAM [/rosdistro] by /roslaunch
[rosmaster.master][INFO] 2017-09-13 16:36:38,876: +SERVICE [/rosout/get_loggers] /rosout http://ubuntu:36446/
[rosmaster.master][INFO] 2017-09-13 16:36:38,877: +SERVICE [/rosout/set_logger_level] /rosout http://ubuntu:36446/
[rosmaster.master][INFO] 2017-09-13 16:36:38,881: +PUB [/rosout_agg] /rosout http://ubuntu:36446/
[rosmaster.master][INFO] 2017-09-13 16:36:38,891: +SUB [/rosout] /rosout http://ubuntu:36446/
[rosmaster.master][INFO] 2017-09-13 16:36:39,077: +PUB [/rosout] /view http://ubuntu:41424/
[rosmaster.master][INFO] 2017-09-13 16:36:39,078: +SERVICE [/view/get_loggers] /view http://ubuntu:41424/
[rosmaster.master][INFO] 2017-09-13 16:36:39,078: +SERVICE [/view/set_logger_level] /view http://ubuntu:41424/
[rosmaster.master][INFO] 2017-09-13 16:36:39,083: +SUB [/tf] /view http://ubuntu:41424/
[rosmaster.master][INFO] 2017-09-13 16:36:39,086: +SUB [/tf_static] /view http://ubuntu:41424/
[rosmaster.master][INFO] 2017-09-13 16:36:39,125: +PUB [/image/screenpoint] /view http://ubuntu:41424/
[rosmaster.master][INFO] 2017-09-13 16:36:39,126: +PUB [/image/screenpoint_array] /view http://ubuntu:41424/
[rosmaster.master][INFO] 2017-09-13 16:36:39,126: +PUB [/image/screenrectangle] /view http://ubuntu:41424/
[rosmaster.master][INFO] 2017-09-13 16:36:39,127: +PUB [/image/screenrectangle_image] /view http://ubuntu:41424/
[rosmaster.master][INFO] 2017-09-13 16:36:39,128: +PUB [/image/movepoint] /view http://ubuntu:41424/
[rosmaster.master][INFO] 2017-09-13 16:36:39,128: +PUB [/image/foreground] /view http://ubuntu:41424/
[rosmaster.master][INFO] 2017-09-13 16:36:39,129: +PUB [/image/background] /view http://ubuntu:41424/
[rosmaster.master][INFO] 2017-09-13 16:36:39,130: +PUB [/image/foreground_rect] /view http://ubuntu:41424/
[rosmaster.master][INFO] 2017-09-13 16:36:39,130: +PUB [/image/background_rect] /view http://ubuntu:41424/
[rosmaster.master][INFO] 2017-09-13 16:36:39,131: +PUB [/image/line] /view http://ubuntu:41424/
[rosmaster.master][INFO] 2017-09-13 16:36:39,132: +PUB [/image/poly] /view http://ubuntu:41424/
[rosmaster.master][INFO] 2017-09-13 16:36:39,152: publisherUpdate[/rosout] -> http://ubuntu:36446/ ['http://ubuntu:41424/']
[rosmaster.master][INFO] 2017-09-13 16:36:39,154: publisherUpdate[/rosout] -> http://ubuntu:36446/ ['http://ubuntu:41424/']: sec=0.00, result=[1, '', 0]
[rosmaster.master][INFO] 2017-09-13 16:36:39,233: +PUB [/image_marked/compressedDepth] /view http://ubuntu:41424/
[rosmaster.master][INFO] 2017-09-13 16:36:39,233: +SERVICE [/image_marked/compressedDepth/set_parameters] /view http://ubuntu:41424/
[rosmaster.master][INFO] 2017-09-13 16:36:39,234: +PUB [/image_marked/compressedDepth/parameter_descriptions] /view http://ubuntu:41424/
[rosmaster.master][INFO] 2017-09-13 16:36:39,238: +PUB [/image_marked/compressedDepth/parameter_updates] /view http://ubuntu:41424/
[rosmaster.master][INFO] 2017-09-13 16:36:39,240: +PARAM [/image_marked/compressedDepth/depth_max] by /view
[rosmaster.master][INFO] 2017-09-13 16:36:39,241: +PARAM [/image_marked/compressedDepth/depth_quantization] by /view
[rosmaster.master][INFO] 2017-09-13 16:36:39,242: +PARAM [/image_marked/compressedDepth/png_level] by /view
[rosmaster.master][INFO] 2017-09-13 16:36:39,242: +PARAM [/image_marked/compressedDepth/depth_max] by /view
[rosmaster.master][INFO] 2017-09-13 16:36:39,243: +PARAM [/image_marked/compressedDepth/depth_quantization] by /view
[rosmaster.master][INFO] 2017-09-13 16:36:39,244: +PARAM [/image_marked/compressedDepth/png_level] by /view
[rosmaster.master][INFO] 2017-09-13 16:36:39,281: +PUB [/image_marked/compressed] /view http://ubuntu:41424/
[rosmaster.master][INFO] 2017-09-13 16:36:39,282: +SERVICE [/image_marked/compressed/set_parameters] /view http://ubuntu:41424/
[rosmaster.master][INFO] 2017-09-13 16:36:39,283: +PUB [/image_marked/compressed/parameter_descriptions] /view http://ubuntu:41424/
[rosmaster.master][INFO] 2017-09-13 16:36:39,284: +PUB [/image_marked/compressed/parameter_updates] /view http://ubuntu:41424/
[rosmaster.master][INFO] 2017-09-13 16:36:39,287: +PARAM [/image_marked/compressed/format] by /view
[rosmaster.master][INFO] 2017-09-13 16:36:39,288: +PARAM [/image_marked/compressed/jpeg_quality] by /view
[rosmaster.master][INFO] 2017-09-13 16:36:39,289: +PARAM [/image_marked/compressed/png_level] by /view
[rosmaster.master][INFO] 2017-09-13 16:36:39,289: +PARAM [/image_marked/compressed/format] by /view
[rosmaster.master][INFO] 2017-09-13 16:36:39,290: +PARAM [/image_marked/compressed/jpeg_quality] by /view
[rosmaster.master][INFO] 2017-09-13 16:36:39,291: +PARAM [/image_marked/compressed/png_level] by /view
[rosmaster.master][INFO] 2017-09-13 16:36:39,322: +PUB [/image_marked] /view http://ubuntu:41424/
[rosmaster.master][INFO] 2017-09-13 16:36:39,354: +PUB [/image_marked/theora] /view http://ubuntu:41424/
[rosmaster.master][INFO] 2017-09-13 16:36:39,356: +SERVICE [/image_marked/theora/set_parameters] /view http://ubuntu:41424/
[rosmaster.master][INFO] 2017-09-13 16:36:39,357: +PUB [/image_marked/theora/parameter_descriptions] /view http://ubuntu:41424/
[rosmaster.master][INFO] 2017-09-13 16:36:39,358: +PUB [/image_marked/theora/parameter_updates] /view http://ubuntu:41424/
[rosmaster.master][INFO] 2017-09-13 16:36:39,360: +PARAM [/image_marked/theora/optimize_for] by /view
[rosmaster.master][INFO] 2017-09-13 16:36:39,361: +PARAM [/image_marked/theora/target_bitrate] by /view
[rosmaster.master][INFO] 2017-09-13 16:36:39,362: +PARAM [/image_marked/theora/quality] by /view
[rosmaster.master][INFO] 2017-09-13 16:36:39,362: +PARAM [/image_marked/theora/keyframe_frequency] by /view
[rosmaster.master][INFO] 2017-09-13 16:36:39,363: +PARAM [/image_marked/theora/optimize_for] by /view
[rosmaster.master][INFO] 2017-09-13 16:36:39,364: +PARAM [/image_marked/theora/target_bitrate] by /view
[rosmaster.master][INFO] 2017-09-13 16:36:39,364: +PARAM [/image_marked/theora/quality] by /view
[rosmaster.master][INFO] 2017-09-13 16:36:39,365: +PARAM [/image_marked/theora/keyframe_frequency] by /view
[rosmaster.master][INFO] 2017-09-13 16:36:39,393: +PUB [/image/marked/compressedDepth] /view http://ubuntu:41424/
[rosmaster.master][INFO] 2017-09-13 16:36:39,394: +SERVICE [/image/marked/compressedDepth/set_parameters] /view http://ubuntu:41424/
[rosmaster.master][INFO] 2017-09-13 16:36:39,395: +PUB [/image/marked/compressedDepth/parameter_descriptions] /view http://ubuntu:41424/
[rosmaster.master][INFO] 2017-09-13 16:36:39,396: +PUB [/image/marked/compressedDepth/parameter_updates] /view http://ubuntu:41424/
[rosmaster.master][INFO] 2017-09-13 16:36:39,398: +PARAM [/image/marked/compressedDepth/depth_max] by /view
[rosmaster.master][INFO] 2017-09-13 16:36:39,398: +PARAM [/image/marked/compressedDepth/depth_quantization] by /view
[rosmaster.master][INFO] 2017-09-13 16:36:39,399: +PARAM [/image/marked/compressedDepth/png_level] by /view
[rosmaster.master][INFO] 2017-09-13 16:36:39,400: +PARAM [/image/marked/compressedDepth/depth_max] by /view
[rosmaster.master][INFO] 2017-09-13 16:36:39,400: +PARAM [/image/marked/compressedDepth/depth_quantization] by /view
[rosmaster.master][INFO] 2017-09-13 16:36:39,401: +PARAM [/image/marked/compressedDepth/png_level] by /view
[rosmaster.master][INFO] 2017-09-13 16:36:39,434: +PUB [/image/marked/compressed] /view http://ubuntu:41424/
[rosmaster.master][INFO] 2017-09-13 16:36:39,437: +SERVICE [/image/marked/compressed/set_parameters] /view http://ubuntu:41424/
[rosmaster.master][INFO] 2017-09-13 16:36:39,442: +PUB [/image/marked/compressed/parameter_descriptions] /view http://ubuntu:41424/
[rosmaster.master][INFO] 2017-09-13 16:36:39,443: +PUB [/image/marked/compressed/parameter_updates] /view http://ubuntu:41424/
[rosmaster.master][INFO] 2017-09-13 16:36:39,445: +PARAM [/image/marked/compressed/format] by /view
[rosmaster.master][INFO] 2017-09-13 16:36:39,446: +PARAM [/image/marked/compressed/jpeg_quality] by /view
[rosmaster.master][INFO] 2017-09-13 16:36:39,446: +PARAM [/image/marked/compressed/png_level] by /view
[rosmaster.master][INFO] 2017-09-13 16:36:39,447: +PARAM [/image/marked/compressed/format] by /view
[rosmaster.master][INFO] 2017-09-13 16:36:39,448: +PARAM [/image/marked/compressed/jpeg_quality] by /view
[rosmaster.master][INFO] 2017-09-13 16:36:39,448: +PARAM [/image/marked/compressed/png_level] by /view
[rosmaster.master][INFO] 2017-09-13 16:36:39,476: +PUB [/image/marked] /view http://ubuntu:41424/
[rosmaster.master][INFO] 2017-09-13 16:36:39,503: +PUB [/image/marked/theora] /view http://ubuntu:41424/
[rosmaster.master][INFO] 2017-09-13 16:36:39,504: +SERVICE [/image/marked/theora/set_parameters] /view http://ubuntu:41424/
[rosmaster.master][INFO] 2017-09-13 16:36:39,504: +PUB [/image/marked/theora/parameter_descriptions] /view http://ubuntu:41424/
[rosmaster.master][INFO] 2017-09-13 16:36:39,505: +PUB [/image/marked/theora/parameter_updates] /view http://ubuntu:41424/
[rosmaster.master][INFO] 2017-09-13 16:36:39,508: +PARAM [/image/marked/theora/optimize_for] by /view
[rosmaster.master][INFO] 2017-09-13 16:36:39,508: +PARAM [/image/marked/theora/target_bitrate] by /view
[rosmaster.master][INFO] 2017-09-13 16:36:39,509: +PARAM [/image/marked/theora/quality] by /view
[rosmaster.master][INFO] 2017-09-13 16:36:39,510: +PARAM [/image/marked/theora/keyframe_frequency] by /view
[rosmaster.master][INFO] 2017-09-13 16:36:39,510: +PARAM [/image/marked/theora/optimize_for] by /view
[rosmaster.master][INFO] 2017-09-13 16:36:39,511: +PARAM [/image/marked/theora/target_bitrate] by /view
[rosmaster.master][INFO] 2017-09-13 16:36:39,514: +PARAM [/image/marked/theora/quality] by /view
[rosmaster.master][INFO] 2017-09-13 16:36:39,514: +PARAM [/image/marked/theora/keyframe_frequency] by /view
[rosmaster.master][INFO] 2017-09-13 16:36:39,551: +SUB [/image] /view http://ubuntu:41424/
[rosmaster.master][INFO] 2017-09-13 16:36:39,555: +SUB [/camera_info] /view http://ubuntu:41424/
[rosmaster.master][INFO] 2017-09-13 16:36:39,559: +SUB [/image_marker] /view http://ubuntu:41424/
[rosmaster.master][INFO] 2017-09-13 16:36:39,562: +SUB [/image/event] /view http://ubuntu:41424/
[rosmaster.master][INFO] 2017-09-13 16:36:39,563: +SERVICE [/view/change_mode] /view http://ubuntu:41424/
[rosmaster.master][INFO] 2017-09-13 16:36:39,563: +SERVICE [/view/rectangle_mode] /view http://ubuntu:41424/
[rosmaster.master][INFO] 2017-09-13 16:36:39,564: +SERVICE [/view/grabcut_mode] /view http://ubuntu:41424/
[rosmaster.master][INFO] 2017-09-13 16:36:39,565: +SERVICE [/view/grabcut_rect_mode] /view http://ubuntu:41424/
[rosmaster.master][INFO] 2017-09-13 16:36:39,565: +SERVICE [/view/line_mode] /view http://ubuntu:41424/
[rosmaster.master][INFO] 2017-09-13 16:36:39,566: +SERVICE [/view/poly_mode] /view http://ubuntu:41424/
[rosmaster.master][INFO] 2017-09-13 16:36:39,567: +SERVICE [/view/none_mode] /view http://ubuntu:41424/
[rosmaster.master][INFO] 2017-09-13 16:36:39,567: +SERVICE [/view/set_parameters] /view http://ubuntu:41424/
[rosmaster.master][INFO] 2017-09-13 16:36:39,568: +PUB [/view/parameter_descriptions] /view http://ubuntu:41424/
[rosmaster.master][INFO] 2017-09-13 16:36:39,569: +PUB [/view/parameter_updates] /view http://ubuntu:41424/
[rosmaster.master][INFO] 2017-09-13 16:36:39,574: +PARAM [/view/grid] by /view
[rosmaster.master][INFO] 2017-09-13 16:36:39,575: +PARAM [/view/fisheye_mode] by /view
[rosmaster.master][INFO] 2017-09-13 16:36:39,576: +PARAM [/view/div_u] by /view
[rosmaster.master][INFO] 2017-09-13 16:36:39,576: +PARAM [/view/div_v] by /view
[rosmaster.master][INFO] 2017-09-13 16:36:39,577: +PARAM [/view/grid_red] by /view
[rosmaster.master][INFO] 2017-09-13 16:36:39,578: +PARAM [/view/grid_green] by /view
[rosmaster.master][INFO] 2017-09-13 16:36:39,578: +PARAM [/view/grid_blue] by /view
[rosmaster.master][INFO] 2017-09-13 16:36:39,579: +PARAM [/view/grid_thickness] by /view
[rosmaster.master][INFO] 2017-09-13 16:36:39,579: +PARAM [/view/grid_space] by /view
[rosmaster.master][INFO] 2017-09-13 16:36:39,580: +PARAM [/view/grid] by /view
[rosmaster.master][INFO] 2017-09-13 16:36:39,581: +PARAM [/view/fisheye_mode] by /view
[rosmaster.master][INFO] 2017-09-13 16:36:39,582: +PARAM [/view/div_u] by /view
[rosmaster.master][INFO] 2017-09-13 16:36:39,582: +PARAM [/view/div_v] by /view
[rosmaster.master][INFO] 2017-09-13 16:36:39,583: +PARAM [/view/grid_red] by /view
[rosmaster.master][INFO] 2017-09-13 16:36:39,584: +PARAM [/view/grid_green] by /view
[rosmaster.master][INFO] 2017-09-13 16:36:39,584: +PARAM [/view/grid_blue] by /view
[rosmaster.master][INFO] 2017-09-13 16:36:39,585: +PARAM [/view/grid_thickness] by /view
[rosmaster.master][INFO] 2017-09-13 16:36:39,586: +PARAM [/view/grid_space] by /view
[rosmaster.master][INFO] 2017-09-13 16:36:59,097: -PUB [/rosout] /view http://ubuntu:41424/
[rosmaster.master][INFO] 2017-09-13 16:36:59,100: -PUB [/image/screenpoint] /view http://ubuntu:41424/
[rosmaster.master][INFO] 2017-09-13 16:36:59,105: -PUB [/image/screenpoint_array] /view http://ubuntu:41424/
[rosmaster.master][INFO] 2017-09-13 16:36:59,105: -PUB [/image/screenrectangle] /view http://ubuntu:41424/
[rosmaster.master][INFO] 2017-09-13 16:36:59,108: -PUB [/image/screenrectangle_image] /view http://ubuntu:41424/
[rosmaster.master][INFO] 2017-09-13 16:36:59,110: -PUB [/image/movepoint] /view http://ubuntu:41424/
[rosmaster.master][INFO] 2017-09-13 16:36:59,111: -PUB [/image/foreground] /view http://ubuntu:41424/
[rosmaster.master][INFO] 2017-09-13 16:36:59,112: -PUB [/image/background] /view http://ubuntu:41424/
[rosmaster.master][INFO] 2017-09-13 16:36:59,116: -PUB [/image/foreground_rect] /view http://ubuntu:41424/
[rosmaster.master][INFO] 2017-09-13 16:36:59,117: -PUB [/image/background_rect] /view http://ubuntu:41424/
[rosmaster.master][INFO] 2017-09-13 16:36:59,121: -PUB [/image/line] /view http://ubuntu:41424/
[rosmaster.master][INFO] 2017-09-13 16:36:59,121: -PUB [/image/poly] /view http://ubuntu:41424/
[rosmaster.master][INFO] 2017-09-13 16:36:59,122: -PUB [/image_marked/compressedDepth] /view http://ubuntu:41424/
[rosmaster.master][INFO] 2017-09-13 16:36:59,123: -PUB [/image_marked/compressedDepth/parameter_descriptions] /view http://ubuntu:41424/
[rosmaster.master][INFO] 2017-09-13 16:36:59,124: -PUB [/image_marked/compressedDepth/parameter_updates] /view http://ubuntu:41424/
[rosmaster.master][INFO] 2017-09-13 16:36:59,124: -PUB [/image_marked/compressed] /view http://ubuntu:41424/
[rosmaster.master][INFO] 2017-09-13 16:36:59,126: -PUB [/image_marked/compressed/parameter_descriptions] /view http://ubuntu:41424/
[rosmaster.master][INFO] 2017-09-13 16:36:59,127: -PUB [/image_marked/compressed/parameter_updates] /view http://ubuntu:41424/
[rosmaster.master][INFO] 2017-09-13 16:36:59,128: -PUB [/image_marked] /view http://ubuntu:41424/
[rosmaster.master][INFO] 2017-09-13 16:36:59,129: -PUB [/image_marked/theora] /view http://ubuntu:41424/
[rosmaster.master][INFO] 2017-09-13 16:36:59,131: -PUB [/image_marked/theora/parameter_descriptions] /view http://ubuntu:41424/
[rosmaster.master][INFO] 2017-09-13 16:36:59,131: -PUB [/image_marked/theora/parameter_updates] /view http://ubuntu:41424/
[rosmaster.master][INFO] 2017-09-13 16:36:59,132: -PUB [/image/marked/compressedDepth] /view http://ubuntu:41424/
[rosmaster.master][INFO] 2017-09-13 16:36:59,135: -PUB [/image/marked/compressedDepth/parameter_descriptions] /view http://ubuntu:41424/
[rosmaster.master][INFO] 2017-09-13 16:36:59,135: -PUB [/image/marked/compressedDepth/parameter_updates] /view http://ubuntu:41424/
[rosmaster.master][INFO] 2017-09-13 16:36:59,136: -PUB [/image/marked/compressed] /view http://ubuntu:41424/
[rosmaster.master][INFO] 2017-09-13 16:36:59,137: -PUB [/image/marked/compressed/parameter_descriptions] /view http://ubuntu:41424/
[rosmaster.master][INFO] 2017-09-13 16:36:59,139: -PUB [/image/marked/compressed/parameter_updates] /view http://ubuntu:41424/
[rosmaster.master][INFO] 2017-09-13 16:36:59,139: -PUB [/image/marked] /view http://ubuntu:41424/
[rosmaster.master][INFO] 2017-09-13 16:36:59,140: -PUB [/image/marked/theora] /view http://ubuntu:41424/
[rosmaster.master][INFO] 2017-09-13 16:36:59,141: -PUB [/image/marked/theora/parameter_descriptions] /view http://ubuntu:41424/
[rosmaster.master][INFO] 2017-09-13 16:36:59,142: -PUB [/image/marked/theora/parameter_updates] /view http://ubuntu:41424/
[rosmaster.master][INFO] 2017-09-13 16:36:59,143: -PUB [/view/parameter_descriptions] /view http://ubuntu:41424/
[rosmaster.master][INFO] 2017-09-13 16:36:59,144: -PUB [/view/parameter_updates] /view http://ubuntu:41424/
[rosmaster.master][INFO] 2017-09-13 16:36:59,148: -SUB [/tf] /view http://ubuntu:41424/
[rosmaster.master][INFO] 2017-09-13 16:36:59,149: -SUB [/tf_static] /view http://ubuntu:41424/
[rosmaster.master][INFO] 2017-09-13 16:36:59,150: -SUB [/image] /view http://ubuntu:41424/
[rosmaster.master][INFO] 2017-09-13 16:36:59,151: -SUB [/camera_info] /view http://ubuntu:41424/
[rosmaster.master][INFO] 2017-09-13 16:36:59,151: -SUB [/image_marker] /view http://ubuntu:41424/
[rosmaster.master][INFO] 2017-09-13 16:36:59,152: -SUB [/image/event] /view http://ubuntu:41424/
[rosmaster.master][INFO] 2017-09-13 16:36:59,154: -SERVICE [/view/get_loggers] /view rosrpc://ubuntu:48333
[rosmaster.master][INFO] 2017-09-13 16:36:59,155: -SERVICE [/view/set_logger_level] /view rosrpc://ubuntu:48333
[rosmaster.master][INFO] 2017-09-13 16:36:59,158: -SERVICE [/image_marked/compressedDepth/set_parameters] /view rosrpc://ubuntu:48333
[rosmaster.master][INFO] 2017-09-13 16:36:59,159: -SERVICE [/image_marked/compressed/set_parameters] /view rosrpc://ubuntu:48333
[rosmaster.master][INFO] 2017-09-13 16:36:59,159: -SERVICE [/image_marked/theora/set_parameters] /view rosrpc://ubuntu:48333
[rosmaster.master][INFO] 2017-09-13 16:36:59,160: -SERVICE [/image/marked/compressedDepth/set_parameters] /view rosrpc://ubuntu:48333
[rosmaster.master][INFO] 2017-09-13 16:36:59,161: -SERVICE [/image/marked/compressed/set_parameters] /view rosrpc://ubuntu:48333
[rosmaster.master][INFO] 2017-09-13 16:36:59,162: -SERVICE [/image/marked/theora/set_parameters] /view rosrpc://ubuntu:48333
[rosmaster.master][INFO] 2017-09-13 16:36:59,163: -SERVICE [/view/change_mode] /view rosrpc://ubuntu:48333
[rosmaster.master][INFO] 2017-09-13 16:36:59,164: -SERVICE [/view/rectangle_mode] /view rosrpc://ubuntu:48333
[rosmaster.master][INFO] 2017-09-13 16:36:59,166: -SERVICE [/view/grabcut_mode] /view rosrpc://ubuntu:48333
[rosmaster.master][INFO] 2017-09-13 16:36:59,167: -SERVICE [/view/grabcut_rect_mode] /view rosrpc://ubuntu:48333
[rosmaster.master][INFO] 2017-09-13 16:36:59,167: -SERVICE [/view/line_mode] /view rosrpc://ubuntu:48333
[rosmaster.master][INFO] 2017-09-13 16:36:59,168: -SERVICE [/view/poly_mode] /view rosrpc://ubuntu:48333
[rosmaster.master][INFO] 2017-09-13 16:36:59,170: -SERVICE [/view/none_mode] /view rosrpc://ubuntu:48333
[rosmaster.master][INFO] 2017-09-13 16:36:59,171: -SERVICE [/view/set_parameters] /view rosrpc://ubuntu:48333
[rosmaster.master][INFO] 2017-09-13 16:36:59,184: publisherUpdate[/rosout] -> http://ubuntu:36446/ []
[rosmaster.master][INFO] 2017-09-13 16:36:59,185: publisherUpdate[/rosout] -> http://ubuntu:36446/ []: sec=0.00, result=[1, '', 0]
[rosmaster.master][INFO] 2017-09-13 16:36:59,789: -PUB [/rosout_agg] /rosout http://ubuntu:36446/
[rosmaster.master][INFO] 2017-09-13 16:36:59,790: -SUB [/rosout] /rosout http://ubuntu:36446/
[rosmaster.master][INFO] 2017-09-13 16:36:59,791: -SERVICE [/rosout/get_loggers] /rosout rosrpc://ubuntu:35981
[rosmaster.master][INFO] 2017-09-13 16:36:59,791: -SERVICE [/rosout/set_logger_level] /rosout rosrpc://ubuntu:35981
[rosmaster.main][INFO] 2017-09-13 16:36:59,900: keyboard interrupt, will exit
[rosmaster.main][INFO] 2017-09-13 16:36:59,901: stopping master...
[rospy.core][INFO] 2017-09-13 16:36:59,901: signal_shutdown [atexit]
