[rosmaster.main][INFO] 2017-09-21 19:40:37,903: initialization complete, waiting for shutdown
[rosmaster.main][INFO] 2017-09-21 19:40:37,904: Starting ROS Master Node
[xmlrpc][INFO] 2017-09-21 19:40:37,904: XML-RPC server binding to 0.0.0.0:11311
[xmlrpc][INFO] 2017-09-21 19:40:37,904: Started XML-RPC server [http://ubuntu:11311/]
[xmlrpc][INFO] 2017-09-21 19:40:37,904: xml rpc node: starting XML-RPC server
[rosmaster.master][INFO] 2017-09-21 19:40:37,905: Master initialized: port[11311], uri[http://ubuntu:11311/]
[rosmaster.master][INFO] 2017-09-21 19:40:37,958: +PARAM [/run_id] by /roslaunch
[rosmaster.master][INFO] 2017-09-21 19:40:37,959: +PARAM [/roslaunch/uris/host_ubuntu__43561] by /roslaunch
[rosmaster.master][INFO] 2017-09-21 19:40:38,039: +PARAM [/rosversion] by /roslaunch
[rosmaster.master][INFO] 2017-09-21 19:40:38,039: +PARAM [/rosdistro] by /roslaunch
[rosmaster.master][INFO] 2017-09-21 19:40:38,039: +PARAM [/camera/device_id] by /roslaunch
[rosmaster.master][INFO] 2017-09-21 19:40:38,058: +SERVICE [/rosout/get_loggers] /rosout http://ubuntu:43695/
[rosmaster.master][INFO] 2017-09-21 19:40:38,065: +SERVICE [/rosout/set_logger_level] /rosout http://ubuntu:43695/
[rosmaster.master][INFO] 2017-09-21 19:40:38,070: +PUB [/rosout_agg] /rosout http://ubuntu:43695/
[rosmaster.master][INFO] 2017-09-21 19:40:38,077: +SUB [/rosout] /rosout http://ubuntu:43695/
[rosmaster.master][INFO] 2017-09-21 19:40:38,163: +PUB [/rosout] /image_converter http://ubuntu:45482/
[rosmaster.master][INFO] 2017-09-21 19:40:38,164: +SERVICE [/image_converter/get_loggers] /image_converter http://ubuntu:45482/
[rosmaster.master][INFO] 2017-09-21 19:40:38,165: +SERVICE [/image_converter/set_logger_level] /image_converter http://ubuntu:45482/
[rosmaster.master][INFO] 2017-09-21 19:40:38,195: +PUB [/rosout] /view http://ubuntu:45791/
[rosmaster.master][INFO] 2017-09-21 19:40:38,195: +SERVICE [/view/get_loggers] /view http://ubuntu:45791/
[rosmaster.master][INFO] 2017-09-21 19:40:38,196: +SERVICE [/view/set_logger_level] /view http://ubuntu:45791/
[rosmaster.master][INFO] 2017-09-21 19:40:38,202: +SUB [/tf] /view http://ubuntu:45791/
[rosmaster.master][INFO] 2017-09-21 19:40:38,207: publisherUpdate[/rosout] -> http://ubuntu:43695/ ['http://ubuntu:45482/']
[rosmaster.master][INFO] 2017-09-21 19:40:38,208: publisherUpdate[/rosout] -> http://ubuntu:43695/ ['http://ubuntu:45482/']: sec=0.00, result=[1, '', 0]
[rosmaster.master][INFO] 2017-09-21 19:40:38,208: publisherUpdate[/rosout] -> http://ubuntu:43695/ ['http://ubuntu:45482/', 'http://ubuntu:45791/']
[rosmaster.master][INFO] 2017-09-21 19:40:38,209: publisherUpdate[/rosout] -> http://ubuntu:43695/ ['http://ubuntu:45482/', 'http://ubuntu:45791/']: sec=0.00, result=[1, '', 0]
[rosmaster.master][INFO] 2017-09-21 19:40:38,210: +PUB [/rosout] /camera http://ubuntu:44248/
[rosmaster.master][INFO] 2017-09-21 19:40:38,215: +SERVICE [/camera/get_loggers] /camera http://ubuntu:44248/
[rosmaster.master][INFO] 2017-09-21 19:40:38,216: +SERVICE [/camera/set_logger_level] /camera http://ubuntu:44248/
[rosmaster.master][INFO] 2017-09-21 19:40:38,219: +SUB [/tf_static] /view http://ubuntu:45791/
[rosmaster.master][INFO] 2017-09-21 19:40:38,283: +PUB [/image/screenpoint] /view http://ubuntu:45791/
[rosmaster.master][INFO] 2017-09-21 19:40:38,284: +PUB [/image/screenpoint_array] /view http://ubuntu:45791/
[rosmaster.master][INFO] 2017-09-21 19:40:38,285: +PUB [/image/screenrectangle] /view http://ubuntu:45791/
[rosmaster.master][INFO] 2017-09-21 19:40:38,285: +PUB [/image/screenrectangle_image] /view http://ubuntu:45791/
[rosmaster.master][INFO] 2017-09-21 19:40:38,286: +PUB [/image/movepoint] /view http://ubuntu:45791/
[rosmaster.master][INFO] 2017-09-21 19:40:38,287: +PUB [/image/foreground] /view http://ubuntu:45791/
[rosmaster.master][INFO] 2017-09-21 19:40:38,287: +PUB [/image/background] /view http://ubuntu:45791/
[rosmaster.master][INFO] 2017-09-21 19:40:38,288: +SERVICE [/camera/set_camera_info] /camera http://ubuntu:44248/
[rosmaster.master][INFO] 2017-09-21 19:40:38,288: +PUB [/image/foreground_rect] /view http://ubuntu:45791/
[rosmaster.master][INFO] 2017-09-21 19:40:38,293: +PUB [/image/background_rect] /view http://ubuntu:45791/
[rosmaster.master][INFO] 2017-09-21 19:40:38,294: +PUB [/image/line] /view http://ubuntu:45791/
[rosmaster.master][INFO] 2017-09-21 19:40:38,294: +PUB [/image/poly] /view http://ubuntu:45791/
[rosmaster.master][INFO] 2017-09-21 19:40:38,308: publisherUpdate[/rosout] -> http://ubuntu:43695/ ['http://ubuntu:45482/', 'http://ubuntu:45791/', 'http://ubuntu:44248/']
[rosmaster.master][INFO] 2017-09-21 19:40:38,310: publisherUpdate[/rosout] -> http://ubuntu:43695/ ['http://ubuntu:45482/', 'http://ubuntu:45791/', 'http://ubuntu:44248/']: sec=0.00, result=[1, '', 0]
[rosmaster.master][INFO] 2017-09-21 19:40:38,322: +SUB [/camera/image_raw] /image_converter http://ubuntu:45482/
[rosmaster.master][INFO] 2017-09-21 19:40:38,366: +PUB [/image_marked/compressedDepth] /view http://ubuntu:45791/
[rosmaster.master][INFO] 2017-09-21 19:40:38,367: +SERVICE [/image_marked/compressedDepth/set_parameters] /view http://ubuntu:45791/
[rosmaster.master][INFO] 2017-09-21 19:40:38,368: +PUB [/image_marked/compressedDepth/parameter_descriptions] /view http://ubuntu:45791/
[rosmaster.master][INFO] 2017-09-21 19:40:38,368: +PUB [/image_marked/compressedDepth/parameter_updates] /view http://ubuntu:45791/
[rosmaster.master][INFO] 2017-09-21 19:40:38,371: +PARAM [/image_marked/compressedDepth/depth_max] by /view
[rosmaster.master][INFO] 2017-09-21 19:40:38,371: +PARAM [/image_marked/compressedDepth/depth_quantization] by /view
[rosmaster.master][INFO] 2017-09-21 19:40:38,373: +PARAM [/image_marked/compressedDepth/png_level] by /view
[rosmaster.master][INFO] 2017-09-21 19:40:38,375: +PARAM [/image_marked/compressedDepth/depth_max] by /view
[rosmaster.master][INFO] 2017-09-21 19:40:38,376: +PARAM [/image_marked/compressedDepth/depth_quantization] by /view
[rosmaster.master][INFO] 2017-09-21 19:40:38,378: +PARAM [/image_marked/compressedDepth/png_level] by /view
[rosmaster.master][INFO] 2017-09-21 19:40:38,383: +PUB [/image/compressedDepth] /image_converter http://ubuntu:45482/
[rosmaster.master][INFO] 2017-09-21 19:40:38,385: +SERVICE [/image/compressedDepth/set_parameters] /image_converter http://ubuntu:45482/
[rosmaster.master][INFO] 2017-09-21 19:40:38,386: +PUB [/image/compressedDepth/parameter_descriptions] /image_converter http://ubuntu:45482/
[rosmaster.master][INFO] 2017-09-21 19:40:38,390: +PUB [/image/compressedDepth/parameter_updates] /image_converter http://ubuntu:45482/
[rosmaster.master][INFO] 2017-09-21 19:40:38,393: +PARAM [/image/compressedDepth/depth_max] by /image_converter
[rosmaster.master][INFO] 2017-09-21 19:40:38,393: +PARAM [/image/compressedDepth/depth_quantization] by /image_converter
[rosmaster.master][INFO] 2017-09-21 19:40:38,394: +PARAM [/image/compressedDepth/png_level] by /image_converter
[rosmaster.master][INFO] 2017-09-21 19:40:38,398: +PARAM [/image/compressedDepth/depth_max] by /image_converter
[rosmaster.master][INFO] 2017-09-21 19:40:38,399: +PARAM [/image/compressedDepth/depth_quantization] by /image_converter
[rosmaster.master][INFO] 2017-09-21 19:40:38,399: +PARAM [/image/compressedDepth/png_level] by /image_converter
[rosmaster.master][INFO] 2017-09-21 19:40:38,438: +PUB [/image_marked/compressed] /view http://ubuntu:45791/
[rosmaster.master][INFO] 2017-09-21 19:40:38,439: +SERVICE [/image_marked/compressed/set_parameters] /view http://ubuntu:45791/
[rosmaster.master][INFO] 2017-09-21 19:40:38,440: +PUB [/image_marked/compressed/parameter_descriptions] /view http://ubuntu:45791/
[rosmaster.master][INFO] 2017-09-21 19:40:38,441: +PUB [/image_marked/compressed/parameter_updates] /view http://ubuntu:45791/
[rosmaster.master][INFO] 2017-09-21 19:40:38,443: +PARAM [/image_marked/compressed/format] by /view
[rosmaster.master][INFO] 2017-09-21 19:40:38,450: +PARAM [/image_marked/compressed/jpeg_quality] by /view
[rosmaster.master][INFO] 2017-09-21 19:40:38,451: +PARAM [/image_marked/compressed/png_level] by /view
[rosmaster.master][INFO] 2017-09-21 19:40:38,454: +PARAM [/image_marked/compressed/format] by /view
[rosmaster.master][INFO] 2017-09-21 19:40:38,455: +PARAM [/image_marked/compressed/jpeg_quality] by /view
[rosmaster.master][INFO] 2017-09-21 19:40:38,458: +PARAM [/image_marked/compressed/png_level] by /view
[rosmaster.master][INFO] 2017-09-21 19:40:38,472: +PUB [/image/compressed] /image_converter http://ubuntu:45482/
[rosmaster.master][INFO] 2017-09-21 19:40:38,473: +SERVICE [/image/compressed/set_parameters] /image_converter http://ubuntu:45482/
[rosmaster.master][INFO] 2017-09-21 19:40:38,473: +PUB [/image/compressed/parameter_descriptions] /image_converter http://ubuntu:45482/
[rosmaster.master][INFO] 2017-09-21 19:40:38,474: +PUB [/image/compressed/parameter_updates] /image_converter http://ubuntu:45482/
[rosmaster.master][INFO] 2017-09-21 19:40:38,476: +PARAM [/image/compressed/format] by /image_converter
[rosmaster.master][INFO] 2017-09-21 19:40:38,482: +PARAM [/image/compressed/jpeg_quality] by /image_converter
[rosmaster.master][INFO] 2017-09-21 19:40:38,483: +PARAM [/image/compressed/png_level] by /image_converter
[rosmaster.master][INFO] 2017-09-21 19:40:38,486: +PARAM [/image/compressed/format] by /image_converter
[rosmaster.master][INFO] 2017-09-21 19:40:38,487: +PARAM [/image/compressed/jpeg_quality] by /image_converter
[rosmaster.master][INFO] 2017-09-21 19:40:38,488: +PARAM [/image/compressed/png_level] by /image_converter
[rosmaster.master][INFO] 2017-09-21 19:40:38,531: +PUB [/camera/image_raw/compressedDepth] /camera http://ubuntu:44248/
[rosmaster.master][INFO] 2017-09-21 19:40:38,532: +SERVICE [/camera/image_raw/compressedDepth/set_parameters] /camera http://ubuntu:44248/
[rosmaster.master][INFO] 2017-09-21 19:40:38,533: +PUB [/camera/image_raw/compressedDepth/parameter_descriptions] /camera http://ubuntu:44248/
[rosmaster.master][INFO] 2017-09-21 19:40:38,534: +PUB [/camera/image_raw/compressedDepth/parameter_updates] /camera http://ubuntu:44248/
[rosmaster.master][INFO] 2017-09-21 19:40:38,536: +PARAM [/camera/image_raw/compressedDepth/depth_max] by /camera
[rosmaster.master][INFO] 2017-09-21 19:40:38,536: +PARAM [/camera/image_raw/compressedDepth/depth_quantization] by /camera
[rosmaster.master][INFO] 2017-09-21 19:40:38,542: +PARAM [/camera/image_raw/compressedDepth/png_level] by /camera
[rosmaster.master][INFO] 2017-09-21 19:40:38,544: +PARAM [/camera/image_raw/compressedDepth/depth_max] by /camera
[rosmaster.master][INFO] 2017-09-21 19:40:38,545: +PUB [/image_marked] /view http://ubuntu:45791/
[rosmaster.master][INFO] 2017-09-21 19:40:38,545: +PARAM [/camera/image_raw/compressedDepth/depth_quantization] by /camera
[rosmaster.master][INFO] 2017-09-21 19:40:38,549: +PARAM [/camera/image_raw/compressedDepth/png_level] by /camera
[rosmaster.master][INFO] 2017-09-21 19:40:38,567: +PUB [/image] /image_converter http://ubuntu:45482/
[rosmaster.master][INFO] 2017-09-21 19:40:38,632: +PUB [/camera/image_raw/compressed] /camera http://ubuntu:44248/
[rosmaster.master][INFO] 2017-09-21 19:40:38,635: +SERVICE [/camera/image_raw/compressed/set_parameters] /camera http://ubuntu:44248/
[rosmaster.master][INFO] 2017-09-21 19:40:38,636: +PUB [/camera/image_raw/compressed/parameter_descriptions] /camera http://ubuntu:44248/
[rosmaster.master][INFO] 2017-09-21 19:40:38,636: +PUB [/camera/image_raw/compressed/parameter_updates] /camera http://ubuntu:44248/
[rosmaster.master][INFO] 2017-09-21 19:40:38,638: +PUB [/image_marked/theora] /view http://ubuntu:45791/
[rosmaster.master][INFO] 2017-09-21 19:40:38,639: +SERVICE [/image_marked/theora/set_parameters] /view http://ubuntu:45791/
[rosmaster.master][INFO] 2017-09-21 19:40:38,640: +PARAM [/camera/image_raw/compressed/format] by /camera
[rosmaster.master][INFO] 2017-09-21 19:40:38,642: +PUB [/image_marked/theora/parameter_descriptions] /view http://ubuntu:45791/
[rosmaster.master][INFO] 2017-09-21 19:40:38,643: +PARAM [/camera/image_raw/compressed/jpeg_quality] by /camera
[rosmaster.master][INFO] 2017-09-21 19:40:38,646: +PUB [/image_marked/theora/parameter_updates] /view http://ubuntu:45791/
[rosmaster.master][INFO] 2017-09-21 19:40:38,647: +PARAM [/camera/image_raw/compressed/png_level] by /camera
[rosmaster.master][INFO] 2017-09-21 19:40:38,650: +PARAM [/camera/image_raw/compressed/format] by /camera
[rosmaster.master][INFO] 2017-09-21 19:40:38,650: +PUB [/image/theora] /image_converter http://ubuntu:45482/
[rosmaster.master][INFO] 2017-09-21 19:40:38,652: +PARAM [/camera/image_raw/compressed/jpeg_quality] by /camera
[rosmaster.master][INFO] 2017-09-21 19:40:38,652: +SERVICE [/image/theora/set_parameters] /image_converter http://ubuntu:45482/
[rosmaster.master][INFO] 2017-09-21 19:40:38,654: +PARAM [/camera/image_raw/compressed/png_level] by /camera
[rosmaster.master][INFO] 2017-09-21 19:40:38,658: +PUB [/image/theora/parameter_descriptions] /image_converter http://ubuntu:45482/
[rosmaster.master][INFO] 2017-09-21 19:40:38,663: +PUB [/image/theora/parameter_updates] /image_converter http://ubuntu:45482/
[rosmaster.master][INFO] 2017-09-21 19:40:38,663: +PARAM [/image_marked/theora/optimize_for] by /view
[rosmaster.master][INFO] 2017-09-21 19:40:38,664: +PARAM [/image_marked/theora/target_bitrate] by /view
[rosmaster.master][INFO] 2017-09-21 19:40:38,670: +PARAM [/image_marked/theora/quality] by /view
[rosmaster.master][INFO] 2017-09-21 19:40:38,671: +PARAM [/image_marked/theora/keyframe_frequency] by /view
[rosmaster.master][INFO] 2017-09-21 19:40:38,672: +PARAM [/image_marked/theora/optimize_for] by /view
[rosmaster.master][INFO] 2017-09-21 19:40:38,673: +PARAM [/image/theora/optimize_for] by /image_converter
[rosmaster.master][INFO] 2017-09-21 19:40:38,674: +PARAM [/image_marked/theora/target_bitrate] by /view
[rosmaster.master][INFO] 2017-09-21 19:40:38,675: +PARAM [/image/theora/target_bitrate] by /image_converter
[rosmaster.master][INFO] 2017-09-21 19:40:38,678: +PARAM [/image_marked/theora/quality] by /view
[rosmaster.master][INFO] 2017-09-21 19:40:38,679: +PARAM [/image/theora/quality] by /image_converter
[rosmaster.master][INFO] 2017-09-21 19:40:38,679: +PARAM [/image_marked/theora/keyframe_frequency] by /view
[rosmaster.master][INFO] 2017-09-21 19:40:38,686: +PARAM [/image/theora/keyframe_frequency] by /image_converter
[rosmaster.master][INFO] 2017-09-21 19:40:38,690: +PARAM [/image/theora/optimize_for] by /image_converter
[rosmaster.master][INFO] 2017-09-21 19:40:38,691: +PARAM [/image/theora/target_bitrate] by /image_converter
[rosmaster.master][INFO] 2017-09-21 19:40:38,691: +PARAM [/image/theora/quality] by /image_converter
[rosmaster.master][INFO] 2017-09-21 19:40:38,692: +PARAM [/image/theora/keyframe_frequency] by /image_converter
[rosmaster.master][INFO] 2017-09-21 19:40:38,714: +PUB [/camera/image_raw] /camera http://ubuntu:44248/
[rosmaster.master][INFO] 2017-09-21 19:40:38,733: +PUB [/image/marked/compressedDepth] /view http://ubuntu:45791/
[rosmaster.master][INFO] 2017-09-21 19:40:38,734: +SERVICE [/image/marked/compressedDepth/set_parameters] /view http://ubuntu:45791/
[rosmaster.master][INFO] 2017-09-21 19:40:38,734: +PUB [/image/marked/compressedDepth/parameter_descriptions] /view http://ubuntu:45791/
[rosmaster.master][INFO] 2017-09-21 19:40:38,735: +PUB [/image/marked/compressedDepth/parameter_updates] /view http://ubuntu:45791/
[rosmaster.master][INFO] 2017-09-21 19:40:38,737: +PARAM [/image/marked/compressedDepth/depth_max] by /view
[rosmaster.master][INFO] 2017-09-21 19:40:38,741: +PARAM [/image/marked/compressedDepth/depth_quantization] by /view
[rosmaster.master][INFO] 2017-09-21 19:40:38,742: +PARAM [/image/marked/compressedDepth/png_level] by /view
[rosmaster.master][INFO] 2017-09-21 19:40:38,743: +PARAM [/image/marked/compressedDepth/depth_max] by /view
[rosmaster.master][INFO] 2017-09-21 19:40:38,743: +PARAM [/image/marked/compressedDepth/depth_quantization] by /view
[rosmaster.master][INFO] 2017-09-21 19:40:38,744: +PARAM [/image/marked/compressedDepth/png_level] by /view
[rosmaster.master][INFO] 2017-09-21 19:40:38,774: +PUB [/camera/image_raw/theora] /camera http://ubuntu:44248/
[rosmaster.master][INFO] 2017-09-21 19:40:38,775: +SERVICE [/camera/image_raw/theora/set_parameters] /camera http://ubuntu:44248/
[rosmaster.master][INFO] 2017-09-21 19:40:38,776: +PUB [/camera/image_raw/theora/parameter_descriptions] /camera http://ubuntu:44248/
[rosmaster.master][INFO] 2017-09-21 19:40:38,776: +PUB [/camera/image_raw/theora/parameter_updates] /camera http://ubuntu:44248/
[rosmaster.master][INFO] 2017-09-21 19:40:38,779: +PARAM [/camera/image_raw/theora/optimize_for] by /camera
[rosmaster.master][INFO] 2017-09-21 19:40:38,782: +PARAM [/camera/image_raw/theora/target_bitrate] by /camera
[rosmaster.master][INFO] 2017-09-21 19:40:38,783: +PARAM [/camera/image_raw/theora/quality] by /camera
[rosmaster.master][INFO] 2017-09-21 19:40:38,783: +PARAM [/camera/image_raw/theora/keyframe_frequency] by /camera
[rosmaster.master][INFO] 2017-09-21 19:40:38,784: +PARAM [/camera/image_raw/theora/optimize_for] by /camera
[rosmaster.master][INFO] 2017-09-21 19:40:38,786: +PARAM [/camera/image_raw/theora/target_bitrate] by /camera
[rosmaster.master][INFO] 2017-09-21 19:40:38,787: +PARAM [/camera/image_raw/theora/quality] by /camera
[rosmaster.master][INFO] 2017-09-21 19:40:38,790: +PARAM [/camera/image_raw/theora/keyframe_frequency] by /camera
[rosmaster.master][INFO] 2017-09-21 19:40:38,791: +PUB [/camera/camera_info] /camera http://ubuntu:44248/
[rosmaster.master][INFO] 2017-09-21 19:40:38,801: +PUB [/image/marked/compressed] /view http://ubuntu:45791/
[rosmaster.master][INFO] 2017-09-21 19:40:38,802: +SERVICE [/image/marked/compressed/set_parameters] /view http://ubuntu:45791/
[rosmaster.master][INFO] 2017-09-21 19:40:38,803: +PUB [/image/marked/compressed/parameter_descriptions] /view http://ubuntu:45791/
[rosmaster.master][INFO] 2017-09-21 19:40:38,805: +PUB [/image/marked/compressed/parameter_updates] /view http://ubuntu:45791/
[rosmaster.master][INFO] 2017-09-21 19:40:38,809: +PARAM [/image/marked/compressed/format] by /view
[rosmaster.master][INFO] 2017-09-21 19:40:38,810: +PARAM [/image/marked/compressed/jpeg_quality] by /view
[rosmaster.master][INFO] 2017-09-21 19:40:38,811: +PARAM [/image/marked/compressed/png_level] by /view
[rosmaster.master][INFO] 2017-09-21 19:40:38,812: publisherUpdate[/camera/image_raw] -> http://ubuntu:45482/ ['http://ubuntu:44248/']
[rosmaster.master][INFO] 2017-09-21 19:40:38,813: publisherUpdate[/camera/image_raw] -> http://ubuntu:45482/ ['http://ubuntu:44248/']: sec=0.00, result=[1, '', 0]
[rosmaster.master][INFO] 2017-09-21 19:40:38,813: +PARAM [/image/marked/compressed/format] by /view
[rosmaster.master][INFO] 2017-09-21 19:40:38,815: +PARAM [/image/marked/compressed/jpeg_quality] by /view
[rosmaster.master][INFO] 2017-09-21 19:40:38,816: +PARAM [/image/marked/compressed/png_level] by /view
[rosmaster.master][INFO] 2017-09-21 19:40:38,842: +PUB [/image/marked] /view http://ubuntu:45791/
[rosmaster.master][INFO] 2017-09-21 19:40:38,868: +PUB [/image/marked/theora] /view http://ubuntu:45791/
[rosmaster.master][INFO] 2017-09-21 19:40:38,868: +SERVICE [/image/marked/theora/set_parameters] /view http://ubuntu:45791/
[rosmaster.master][INFO] 2017-09-21 19:40:38,869: +PUB [/image/marked/theora/parameter_descriptions] /view http://ubuntu:45791/
[rosmaster.master][INFO] 2017-09-21 19:40:38,870: +PUB [/image/marked/theora/parameter_updates] /view http://ubuntu:45791/
[rosmaster.master][INFO] 2017-09-21 19:40:38,872: +PARAM [/image/marked/theora/optimize_for] by /view
[rosmaster.master][INFO] 2017-09-21 19:40:38,873: +PARAM [/image/marked/theora/target_bitrate] by /view
[rosmaster.master][INFO] 2017-09-21 19:40:38,874: +PARAM [/image/marked/theora/quality] by /view
[rosmaster.master][INFO] 2017-09-21 19:40:38,874: +PARAM [/image/marked/theora/keyframe_frequency] by /view
[rosmaster.master][INFO] 2017-09-21 19:40:38,875: +PARAM [/image/marked/theora/optimize_for] by /view
[rosmaster.master][INFO] 2017-09-21 19:40:38,876: +PARAM [/image/marked/theora/target_bitrate] by /view
[rosmaster.master][INFO] 2017-09-21 19:40:38,876: +PARAM [/image/marked/theora/quality] by /view
[rosmaster.master][INFO] 2017-09-21 19:40:38,877: +PARAM [/image/marked/theora/keyframe_frequency] by /view
[rosmaster.master][INFO] 2017-09-21 19:40:38,905: +SUB [/image] /view http://ubuntu:45791/
[rosmaster.master][INFO] 2017-09-21 19:40:38,909: +SUB [/camera_info] /view http://ubuntu:45791/
[rosmaster.master][INFO] 2017-09-21 19:40:38,912: +SUB [/image_marker] /view http://ubuntu:45791/
[rosmaster.master][INFO] 2017-09-21 19:40:38,915: +SUB [/image/event] /view http://ubuntu:45791/
[rosmaster.master][INFO] 2017-09-21 19:40:38,916: +SERVICE [/view/change_mode] /view http://ubuntu:45791/
[rosmaster.master][INFO] 2017-09-21 19:40:38,917: +SERVICE [/view/rectangle_mode] /view http://ubuntu:45791/
[rosmaster.master][INFO] 2017-09-21 19:40:38,918: +SERVICE [/view/grabcut_mode] /view http://ubuntu:45791/
[rosmaster.master][INFO] 2017-09-21 19:40:38,918: +SERVICE [/view/grabcut_rect_mode] /view http://ubuntu:45791/
[rosmaster.master][INFO] 2017-09-21 19:40:38,919: +SERVICE [/view/line_mode] /view http://ubuntu:45791/
[rosmaster.master][INFO] 2017-09-21 19:40:38,920: +SERVICE [/view/poly_mode] /view http://ubuntu:45791/
[rosmaster.master][INFO] 2017-09-21 19:40:38,920: +SERVICE [/view/none_mode] /view http://ubuntu:45791/
[rosmaster.master][INFO] 2017-09-21 19:40:38,921: +SERVICE [/view/set_parameters] /view http://ubuntu:45791/
[rosmaster.master][INFO] 2017-09-21 19:40:38,922: +PUB [/view/parameter_descriptions] /view http://ubuntu:45791/
[rosmaster.master][INFO] 2017-09-21 19:40:38,922: +PUB [/view/parameter_updates] /view http://ubuntu:45791/
[rosmaster.master][INFO] 2017-09-21 19:40:38,927: +PARAM [/view/grid] by /view
[rosmaster.master][INFO] 2017-09-21 19:40:38,928: +PARAM [/view/fisheye_mode] by /view
[rosmaster.master][INFO] 2017-09-21 19:40:38,929: +PARAM [/view/div_u] by /view
[rosmaster.master][INFO] 2017-09-21 19:40:38,929: +PARAM [/view/div_v] by /view
[rosmaster.master][INFO] 2017-09-21 19:40:38,930: +PARAM [/view/grid_red] by /view
[rosmaster.master][INFO] 2017-09-21 19:40:38,931: +PARAM [/view/grid_green] by /view
[rosmaster.master][INFO] 2017-09-21 19:40:38,931: +PARAM [/view/grid_blue] by /view
[rosmaster.master][INFO] 2017-09-21 19:40:38,932: +PARAM [/view/grid_thickness] by /view
[rosmaster.master][INFO] 2017-09-21 19:40:38,933: +PARAM [/view/grid_space] by /view
[rosmaster.master][INFO] 2017-09-21 19:40:38,934: +PARAM [/view/grid] by /view
[rosmaster.master][INFO] 2017-09-21 19:40:38,934: +PARAM [/view/fisheye_mode] by /view
[rosmaster.master][INFO] 2017-09-21 19:40:38,935: +PARAM [/view/div_u] by /view
[rosmaster.master][INFO] 2017-09-21 19:40:38,936: +PARAM [/view/div_v] by /view
[rosmaster.master][INFO] 2017-09-21 19:40:38,936: +PARAM [/view/grid_red] by /view
[rosmaster.master][INFO] 2017-09-21 19:40:38,937: +PARAM [/view/grid_green] by /view
[rosmaster.master][INFO] 2017-09-21 19:40:38,938: +PARAM [/view/grid_blue] by /view
[rosmaster.master][INFO] 2017-09-21 19:40:38,938: +PARAM [/view/grid_thickness] by /view
[rosmaster.master][INFO] 2017-09-21 19:40:38,939: +PARAM [/view/grid_space] by /view
[rosmaster.master][INFO] 2017-09-21 19:40:45,153: -PUB [/rosout] /view http://ubuntu:45791/
[rosmaster.master][INFO] 2017-09-21 19:40:45,155: -PUB [/image/screenpoint] /view http://ubuntu:45791/
[rosmaster.master][INFO] 2017-09-21 19:40:45,159: -PUB [/image/screenpoint_array] /view http://ubuntu:45791/
[rosmaster.master][INFO] 2017-09-21 19:40:45,161: -PUB [/rosout] /camera http://ubuntu:44248/
[rosmaster.master][INFO] 2017-09-21 19:40:45,164: -PUB [/camera/image_raw/compressedDepth] /camera http://ubuntu:44248/
[rosmaster.master][INFO] 2017-09-21 19:40:45,165: -PUB [/image/screenrectangle] /view http://ubuntu:45791/
[rosmaster.master][INFO] 2017-09-21 19:40:45,165: -PUB [/camera/image_raw/compressedDepth/parameter_descriptions] /camera http://ubuntu:44248/
[rosmaster.master][INFO] 2017-09-21 19:40:45,167: -PUB [/camera/image_raw/compressedDepth/parameter_updates] /camera http://ubuntu:44248/
[rosmaster.master][INFO] 2017-09-21 19:40:45,168: -PUB [/image/screenrectangle_image] /view http://ubuntu:45791/
[rosmaster.master][INFO] 2017-09-21 19:40:45,168: -PUB [/camera/image_raw/compressed] /camera http://ubuntu:44248/
[rosmaster.master][INFO] 2017-09-21 19:40:45,183: -PUB [/image/movepoint] /view http://ubuntu:45791/
[rosmaster.master][INFO] 2017-09-21 19:40:45,184: -PUB [/camera/image_raw/compressed/parameter_descriptions] /camera http://ubuntu:44248/
[rosmaster.master][INFO] 2017-09-21 19:40:45,191: -PUB [/camera/image_raw/compressed/parameter_updates] /camera http://ubuntu:44248/
[rosmaster.master][INFO] 2017-09-21 19:40:45,192: -PUB [/image/foreground] /view http://ubuntu:45791/
[rosmaster.master][INFO] 2017-09-21 19:40:45,192: -PUB [/camera/image_raw] /camera http://ubuntu:44248/
[rosmaster.master][INFO] 2017-09-21 19:40:45,196: -PUB [/image/background] /view http://ubuntu:45791/
[rosmaster.master][INFO] 2017-09-21 19:40:45,198: -PUB [/camera/image_raw/theora] /camera http://ubuntu:44248/
[rosmaster.master][INFO] 2017-09-21 19:40:45,202: -PUB [/image/foreground_rect] /view http://ubuntu:45791/
[rosmaster.master][INFO] 2017-09-21 19:40:45,206: -PUB [/camera/image_raw/theora/parameter_descriptions] /camera http://ubuntu:44248/
[rosmaster.master][INFO] 2017-09-21 19:40:45,208: -PUB [/image/background_rect] /view http://ubuntu:45791/
[rosmaster.master][INFO] 2017-09-21 19:40:45,211: -PUB [/camera/image_raw/theora/parameter_updates] /camera http://ubuntu:44248/
[rosmaster.master][INFO] 2017-09-21 19:40:45,212: -PUB [/image/line] /view http://ubuntu:45791/
[rosmaster.master][INFO] 2017-09-21 19:40:45,213: -PUB [/camera/camera_info] /camera http://ubuntu:44248/
[rosmaster.master][INFO] 2017-09-21 19:40:45,222: -PUB [/image/poly] /view http://ubuntu:45791/
[rosmaster.master][INFO] 2017-09-21 19:40:45,223: -SERVICE [/camera/get_loggers] /camera rosrpc://ubuntu:58741
[rosmaster.master][INFO] 2017-09-21 19:40:45,226: -PUB [/image_marked/compressedDepth] /view http://ubuntu:45791/
[rosmaster.master][INFO] 2017-09-21 19:40:45,227: -SERVICE [/camera/set_logger_level] /camera rosrpc://ubuntu:58741
[rosmaster.master][INFO] 2017-09-21 19:40:45,230: -PUB [/image_marked/compressedDepth/parameter_descriptions] /view http://ubuntu:45791/
[rosmaster.master][INFO] 2017-09-21 19:40:45,233: -SERVICE [/camera/set_camera_info] /camera rosrpc://ubuntu:58741
[rosmaster.master][INFO] 2017-09-21 19:40:45,238: -PUB [/image_marked/compressedDepth/parameter_updates] /view http://ubuntu:45791/
[rosmaster.master][INFO] 2017-09-21 19:40:45,239: -SERVICE [/camera/image_raw/compressedDepth/set_parameters] /camera rosrpc://ubuntu:58741
[rosmaster.master][INFO] 2017-09-21 19:40:45,240: -SERVICE [/camera/image_raw/compressed/set_parameters] /camera rosrpc://ubuntu:58741
[rosmaster.master][INFO] 2017-09-21 19:40:45,244: -PUB [/image_marked/compressed] /view http://ubuntu:45791/
[rosmaster.master][INFO] 2017-09-21 19:40:45,245: -SERVICE [/camera/image_raw/theora/set_parameters] /camera rosrpc://ubuntu:58741
[rosmaster.master][INFO] 2017-09-21 19:40:45,250: -PUB [/image_marked/compressed/parameter_descriptions] /view http://ubuntu:45791/
[rosmaster.master][INFO] 2017-09-21 19:40:45,254: publisherUpdate[/rosout] -> http://ubuntu:43695/ ['http://ubuntu:45482/', 'http://ubuntu:44248/']
[rosmaster.master][INFO] 2017-09-21 19:40:45,254: publisherUpdate[/camera/image_raw] -> http://ubuntu:45482/ []
[rosmaster.master][INFO] 2017-09-21 19:40:45,254: publisherUpdate[/rosout] -> http://ubuntu:43695/ ['http://ubuntu:45482/', 'http://ubuntu:44248/']: sec=0.00, result=[1, '', 0]
[rosmaster.master][INFO] 2017-09-21 19:40:45,255: publisherUpdate[/rosout] -> http://ubuntu:43695/ ['http://ubuntu:45482/']
[rosmaster.master][INFO] 2017-09-21 19:40:45,255: publisherUpdate[/camera/image_raw] -> http://ubuntu:45482/ []: sec=0.00, exception=[Errno 111] Connection refused
[rosmaster.threadpool][ERROR] 2017-09-21 19:40:45,256: Traceback (most recent call last):
  File "/opt/ros/kinetic/lib/python2.7/dist-packages/rosmaster/threadpool.py", line 218, in run
    result = cmd(*args)
  File "/opt/ros/kinetic/lib/python2.7/dist-packages/rosmaster/master_api.py", line 210, in publisher_update_task
    ret = xmlrpcapi(api).publisherUpdate('/master', topic, pub_uris)
  File "/usr/lib/python2.7/xmlrpclib.py", line 1243, in __call__
    return self.__send(self.__name, args)
  File "/usr/lib/python2.7/xmlrpclib.py", line 1602, in __request
    verbose=self.__verbose
  File "/usr/lib/python2.7/xmlrpclib.py", line 1283, in request
    return self.single_request(host, handler, request_body, verbose)
  File "/usr/lib/python2.7/xmlrpclib.py", line 1311, in single_request
    self.send_content(h, request_body)
  File "/usr/lib/python2.7/xmlrpclib.py", line 1459, in send_content
    connection.endheaders(request_body)
  File "/usr/lib/python2.7/httplib.py", line 1053, in endheaders
    self._send_output(message_body)
  File "/usr/lib/python2.7/httplib.py", line 897, in _send_output
    self.send(msg)
  File "/usr/lib/python2.7/httplib.py", line 859, in send
    self.connect()
  File "/usr/lib/python2.7/httplib.py", line 836, in connect
    self.timeout, self.source_address)
  File "/usr/lib/python2.7/socket.py", line 575, in create_connection
    raise err
error: [Errno 111] Connection refused

[rosmaster.master][INFO] 2017-09-21 19:40:45,256: publisherUpdate[/rosout] -> http://ubuntu:43695/ ['http://ubuntu:45482/']: sec=0.00, result=[1, '', 0]
[rosmaster.master][INFO] 2017-09-21 19:40:45,256: -PUB [/image_marked/compressed/parameter_updates] /view http://ubuntu:45791/
[rosmaster.master][INFO] 2017-09-21 19:40:45,258: -PUB [/image_marked] /view http://ubuntu:45791/
[rosmaster.master][INFO] 2017-09-21 19:40:45,266: -PUB [/image_marked/theora] /view http://ubuntu:45791/
[rosmaster.master][INFO] 2017-09-21 19:40:45,268: -PUB [/image_marked/theora/parameter_descriptions] /view http://ubuntu:45791/
[rosmaster.master][INFO] 2017-09-21 19:40:45,272: -PUB [/image_marked/theora/parameter_updates] /view http://ubuntu:45791/
[rosmaster.master][INFO] 2017-09-21 19:40:45,273: -PUB [/image/marked/compressedDepth] /view http://ubuntu:45791/
[rosmaster.master][INFO] 2017-09-21 19:40:45,278: -PUB [/image/marked/compressedDepth/parameter_descriptions] /view http://ubuntu:45791/
[rosmaster.master][INFO] 2017-09-21 19:40:45,281: -PUB [/image/marked/compressedDepth/parameter_updates] /view http://ubuntu:45791/
[rosmaster.master][INFO] 2017-09-21 19:40:45,282: -PUB [/image/marked/compressed] /view http://ubuntu:45791/
[rosmaster.master][INFO] 2017-09-21 19:40:45,285: -PUB [/image/marked/compressed/parameter_descriptions] /view http://ubuntu:45791/
[rosmaster.master][INFO] 2017-09-21 19:40:45,287: -PUB [/image/marked/compressed/parameter_updates] /view http://ubuntu:45791/
[rosmaster.master][INFO] 2017-09-21 19:40:45,291: -PUB [/image/marked] /view http://ubuntu:45791/
[rosmaster.master][INFO] 2017-09-21 19:40:45,294: -PUB [/image/marked/theora] /view http://ubuntu:45791/
[rosmaster.master][INFO] 2017-09-21 19:40:45,295: -PUB [/image/marked/theora/parameter_descriptions] /view http://ubuntu:45791/
[rosmaster.master][INFO] 2017-09-21 19:40:45,296: -PUB [/image/marked/theora/parameter_updates] /view http://ubuntu:45791/
[rosmaster.master][INFO] 2017-09-21 19:40:45,298: -PUB [/view/parameter_descriptions] /view http://ubuntu:45791/
[rosmaster.master][INFO] 2017-09-21 19:40:45,300: -PUB [/view/parameter_updates] /view http://ubuntu:45791/
[rosmaster.master][INFO] 2017-09-21 19:40:45,301: -SUB [/tf] /view http://ubuntu:45791/
[rosmaster.master][INFO] 2017-09-21 19:40:45,302: -SUB [/tf_static] /view http://ubuntu:45791/
[rosmaster.master][INFO] 2017-09-21 19:40:45,302: -SUB [/image] /view http://ubuntu:45791/
[rosmaster.master][INFO] 2017-09-21 19:40:45,304: -SUB [/camera_info] /view http://ubuntu:45791/
[rosmaster.master][INFO] 2017-09-21 19:40:45,306: -SUB [/image_marker] /view http://ubuntu:45791/
[rosmaster.master][INFO] 2017-09-21 19:40:45,307: -SUB [/image/event] /view http://ubuntu:45791/
[rosmaster.master][INFO] 2017-09-21 19:40:45,307: -SERVICE [/view/get_loggers] /view rosrpc://ubuntu:49595
[rosmaster.master][INFO] 2017-09-21 19:40:45,308: -SERVICE [/view/set_logger_level] /view rosrpc://ubuntu:49595
[rosmaster.master][INFO] 2017-09-21 19:40:45,312: -SERVICE [/image_marked/compressedDepth/set_parameters] /view rosrpc://ubuntu:49595
[rosmaster.master][INFO] 2017-09-21 19:40:45,312: -SERVICE [/image_marked/compressed/set_parameters] /view rosrpc://ubuntu:49595
[rosmaster.master][INFO] 2017-09-21 19:40:45,313: -SERVICE [/image_marked/theora/set_parameters] /view rosrpc://ubuntu:49595
[rosmaster.master][INFO] 2017-09-21 19:40:45,314: -SERVICE [/image/marked/compressedDepth/set_parameters] /view rosrpc://ubuntu:49595
[rosmaster.master][INFO] 2017-09-21 19:40:45,315: -SERVICE [/image/marked/compressed/set_parameters] /view rosrpc://ubuntu:49595
[rosmaster.master][INFO] 2017-09-21 19:40:45,317: -SERVICE [/image/marked/theora/set_parameters] /view rosrpc://ubuntu:49595
[rosmaster.master][INFO] 2017-09-21 19:40:45,317: -SERVICE [/view/change_mode] /view rosrpc://ubuntu:49595
[rosmaster.master][INFO] 2017-09-21 19:40:45,318: -SERVICE [/view/rectangle_mode] /view rosrpc://ubuntu:49595
[rosmaster.master][INFO] 2017-09-21 19:40:45,321: -SERVICE [/view/grabcut_mode] /view rosrpc://ubuntu:49595
[rosmaster.master][INFO] 2017-09-21 19:40:45,322: -SERVICE [/view/grabcut_rect_mode] /view rosrpc://ubuntu:49595
[rosmaster.master][INFO] 2017-09-21 19:40:45,323: -SERVICE [/view/line_mode] /view rosrpc://ubuntu:49595
[rosmaster.master][INFO] 2017-09-21 19:40:45,325: -SERVICE [/view/poly_mode] /view rosrpc://ubuntu:49595
[rosmaster.master][INFO] 2017-09-21 19:40:45,325: -SERVICE [/view/none_mode] /view rosrpc://ubuntu:49595
[rosmaster.master][INFO] 2017-09-21 19:40:45,328: -SERVICE [/view/set_parameters] /view rosrpc://ubuntu:49595
[rosmaster.master][INFO] 2017-09-21 19:40:45,658: -PUB [/rosout_agg] /rosout http://ubuntu:43695/
[rosmaster.master][INFO] 2017-09-21 19:40:45,659: -SUB [/rosout] /rosout http://ubuntu:43695/
[rosmaster.master][INFO] 2017-09-21 19:40:45,660: -SERVICE [/rosout/get_loggers] /rosout rosrpc://ubuntu:55681
[rosmaster.master][INFO] 2017-09-21 19:40:45,660: -SERVICE [/rosout/set_logger_level] /rosout rosrpc://ubuntu:55681
[rosmaster.main][INFO] 2017-09-21 19:40:45,701: keyboard interrupt, will exit
[rosmaster.main][INFO] 2017-09-21 19:40:45,701: stopping master...
[rospy.core][INFO] 2017-09-21 19:40:45,701: signal_shutdown [atexit]
