[rosmaster.main][INFO] 2017-09-26 18:47:10,716: initialization complete, waiting for shutdown
[rosmaster.main][INFO] 2017-09-26 18:47:10,716: Starting ROS Master Node
[xmlrpc][INFO] 2017-09-26 18:47:10,717: XML-RPC server binding to 0.0.0.0:11311
[xmlrpc][INFO] 2017-09-26 18:47:10,717: Started XML-RPC server [http://ubuntu:11311/]
[xmlrpc][INFO] 2017-09-26 18:47:10,717: xml rpc node: starting XML-RPC server
[rosmaster.master][INFO] 2017-09-26 18:47:10,717: Master initialized: port[11311], uri[http://ubuntu:11311/]
[rosmaster.master][INFO] 2017-09-26 18:47:10,755: +PARAM [/run_id] by /roslaunch
[rosmaster.master][INFO] 2017-09-26 18:47:10,756: +PARAM [/roslaunch/uris/host_ubuntu__34609] by /roslaunch
[rosmaster.master][INFO] 2017-09-26 18:47:10,822: +PARAM [/rosversion] by /roslaunch
[rosmaster.master][INFO] 2017-09-26 18:47:10,822: +PARAM [/rosdistro] by /roslaunch
[rosmaster.master][INFO] 2017-09-26 18:47:10,822: +PARAM [/camera/device_id] by /roslaunch
[rosmaster.master][INFO] 2017-09-26 18:47:10,851: +SERVICE [/rosout/get_loggers] /rosout http://ubuntu:35118/
[rosmaster.master][INFO] 2017-09-26 18:47:10,853: +SERVICE [/rosout/set_logger_level] /rosout http://ubuntu:35118/
[rosmaster.master][INFO] 2017-09-26 18:47:10,858: +PUB [/rosout_agg] /rosout http://ubuntu:35118/
[rosmaster.master][INFO] 2017-09-26 18:47:10,896: +SUB [/rosout] /rosout http://ubuntu:35118/
[rosmaster.master][INFO] 2017-09-26 18:47:10,987: +PUB [/rosout] /mask_orange http://ubuntu:39203/
[rosmaster.master][INFO] 2017-09-26 18:47:10,991: +SERVICE [/mask_orange/get_loggers] /mask_orange http://ubuntu:39203/
[rosmaster.master][INFO] 2017-09-26 18:47:10,995: +SERVICE [/mask_orange/set_logger_level] /mask_orange http://ubuntu:39203/
[rosmaster.master][INFO] 2017-09-26 18:47:11,018: publisherUpdate[/rosout] -> http://ubuntu:35118/ ['http://ubuntu:39203/']
[rosmaster.master][INFO] 2017-09-26 18:47:11,019: publisherUpdate[/rosout] -> http://ubuntu:35118/ ['http://ubuntu:39203/']: sec=0.00, result=[1, '', 0]
[rosmaster.master][INFO] 2017-09-26 18:47:11,071: +PUB [/rosout] /view http://ubuntu:38307/
[rosmaster.master][INFO] 2017-09-26 18:47:11,072: +PUB [/rosout] /camera http://ubuntu:38403/
[rosmaster.master][INFO] 2017-09-26 18:47:11,073: +SERVICE [/view/get_loggers] /view http://ubuntu:38307/
[rosmaster.master][INFO] 2017-09-26 18:47:11,073: +SERVICE [/view/set_logger_level] /view http://ubuntu:38307/
[rosmaster.master][INFO] 2017-09-26 18:47:11,075: +SERVICE [/camera/get_loggers] /camera http://ubuntu:38403/
[rosmaster.master][INFO] 2017-09-26 18:47:11,078: +SERVICE [/camera/set_logger_level] /camera http://ubuntu:38403/
[rosmaster.master][INFO] 2017-09-26 18:47:11,108: +SUB [/tf] /view http://ubuntu:38307/
[rosmaster.master][INFO] 2017-09-26 18:47:11,119: publisherUpdate[/rosout] -> http://ubuntu:35118/ ['http://ubuntu:39203/', 'http://ubuntu:38307/']
[rosmaster.master][INFO] 2017-09-26 18:47:11,123: publisherUpdate[/rosout] -> http://ubuntu:35118/ ['http://ubuntu:39203/', 'http://ubuntu:38307/']: sec=0.00, result=[1, '', 0]
[rosmaster.master][INFO] 2017-09-26 18:47:11,123: publisherUpdate[/rosout] -> http://ubuntu:35118/ ['http://ubuntu:39203/', 'http://ubuntu:38307/', 'http://ubuntu:38403/']
[rosmaster.master][INFO] 2017-09-26 18:47:11,126: publisherUpdate[/rosout] -> http://ubuntu:35118/ ['http://ubuntu:39203/', 'http://ubuntu:38307/', 'http://ubuntu:38403/']: sec=0.00, result=[1, '', 0]
[rosmaster.master][INFO] 2017-09-26 18:47:11,126: +SUB [/tf_static] /view http://ubuntu:38307/
[rosmaster.master][INFO] 2017-09-26 18:47:11,179: +SERVICE [/camera/set_camera_info] /camera http://ubuntu:38403/
[rosmaster.master][INFO] 2017-09-26 18:47:11,202: +SUB [/camera/image_raw] /mask_orange http://ubuntu:39203/
[rosmaster.master][INFO] 2017-09-26 18:47:11,208: +PUB [/image/screenpoint] /view http://ubuntu:38307/
[rosmaster.master][INFO] 2017-09-26 18:47:11,208: +PUB [/image/screenpoint_array] /view http://ubuntu:38307/
[rosmaster.master][INFO] 2017-09-26 18:47:11,209: +PUB [/image/screenrectangle] /view http://ubuntu:38307/
[rosmaster.master][INFO] 2017-09-26 18:47:11,211: +PUB [/image/screenrectangle_image] /view http://ubuntu:38307/
[rosmaster.master][INFO] 2017-09-26 18:47:11,212: +PUB [/image/movepoint] /view http://ubuntu:38307/
[rosmaster.master][INFO] 2017-09-26 18:47:11,213: +PUB [/image/foreground] /view http://ubuntu:38307/
[rosmaster.master][INFO] 2017-09-26 18:47:11,215: +PUB [/image/background] /view http://ubuntu:38307/
[rosmaster.master][INFO] 2017-09-26 18:47:11,216: +PUB [/image/foreground_rect] /view http://ubuntu:38307/
[rosmaster.master][INFO] 2017-09-26 18:47:11,219: +PUB [/image/background_rect] /view http://ubuntu:38307/
[rosmaster.master][INFO] 2017-09-26 18:47:11,223: +PUB [/image/line] /view http://ubuntu:38307/
[rosmaster.master][INFO] 2017-09-26 18:47:11,226: +PUB [/image/poly] /view http://ubuntu:38307/
[rosmaster.master][INFO] 2017-09-26 18:47:11,302: +PUB [/image/compressedDepth] /mask_orange http://ubuntu:39203/
[rosmaster.master][INFO] 2017-09-26 18:47:11,303: +SERVICE [/image/compressedDepth/set_parameters] /mask_orange http://ubuntu:39203/
[rosmaster.master][INFO] 2017-09-26 18:47:11,304: +PUB [/image/compressedDepth/parameter_descriptions] /mask_orange http://ubuntu:39203/
[rosmaster.master][INFO] 2017-09-26 18:47:11,305: +PUB [/image/compressedDepth/parameter_updates] /mask_orange http://ubuntu:39203/
[rosmaster.master][INFO] 2017-09-26 18:47:11,316: +PARAM [/image/compressedDepth/depth_max] by /mask_orange
[rosmaster.master][INFO] 2017-09-26 18:47:11,317: +PARAM [/image/compressedDepth/depth_quantization] by /mask_orange
[rosmaster.master][INFO] 2017-09-26 18:47:11,318: +PARAM [/image/compressedDepth/png_level] by /mask_orange
[rosmaster.master][INFO] 2017-09-26 18:47:11,319: +PARAM [/image/compressedDepth/depth_max] by /mask_orange
[rosmaster.master][INFO] 2017-09-26 18:47:11,323: +PARAM [/image/compressedDepth/depth_quantization] by /mask_orange
[rosmaster.master][INFO] 2017-09-26 18:47:11,328: +PARAM [/image/compressedDepth/png_level] by /mask_orange
[rosmaster.master][INFO] 2017-09-26 18:47:11,343: +PUB [/image_marked/compressedDepth] /view http://ubuntu:38307/
[rosmaster.master][INFO] 2017-09-26 18:47:11,344: +SERVICE [/image_marked/compressedDepth/set_parameters] /view http://ubuntu:38307/
[rosmaster.master][INFO] 2017-09-26 18:47:11,345: +PUB [/image_marked/compressedDepth/parameter_descriptions] /view http://ubuntu:38307/
[rosmaster.master][INFO] 2017-09-26 18:47:11,346: +PUB [/image_marked/compressedDepth/parameter_updates] /view http://ubuntu:38307/
[rosmaster.master][INFO] 2017-09-26 18:47:11,354: +PARAM [/image_marked/compressedDepth/depth_max] by /view
[rosmaster.master][INFO] 2017-09-26 18:47:11,355: +PARAM [/image_marked/compressedDepth/depth_quantization] by /view
[rosmaster.master][INFO] 2017-09-26 18:47:11,358: +PARAM [/image_marked/compressedDepth/png_level] by /view
[rosmaster.master][INFO] 2017-09-26 18:47:11,359: +PARAM [/image_marked/compressedDepth/depth_max] by /view
[rosmaster.master][INFO] 2017-09-26 18:47:11,361: +PARAM [/image_marked/compressedDepth/depth_quantization] by /view
[rosmaster.master][INFO] 2017-09-26 18:47:11,367: +PARAM [/image_marked/compressedDepth/png_level] by /view
[rosmaster.master][INFO] 2017-09-26 18:47:11,436: +PUB [/image/compressed] /mask_orange http://ubuntu:39203/
[rosmaster.master][INFO] 2017-09-26 18:47:11,439: +SERVICE [/image/compressed/set_parameters] /mask_orange http://ubuntu:39203/
[rosmaster.master][INFO] 2017-09-26 18:47:11,440: +PUB [/image/compressed/parameter_descriptions] /mask_orange http://ubuntu:39203/
[rosmaster.master][INFO] 2017-09-26 18:47:11,441: +PUB [/image/compressed/parameter_updates] /mask_orange http://ubuntu:39203/
[rosmaster.master][INFO] 2017-09-26 18:47:11,443: +PARAM [/image/compressed/format] by /mask_orange
[rosmaster.master][INFO] 2017-09-26 18:47:11,444: +PARAM [/image/compressed/jpeg_quality] by /mask_orange
[rosmaster.master][INFO] 2017-09-26 18:47:11,445: +PARAM [/image/compressed/png_level] by /mask_orange
[rosmaster.master][INFO] 2017-09-26 18:47:11,452: +PARAM [/image/compressed/format] by /mask_orange
[rosmaster.master][INFO] 2017-09-26 18:47:11,456: +PARAM [/image/compressed/jpeg_quality] by /mask_orange
[rosmaster.master][INFO] 2017-09-26 18:47:11,459: +PARAM [/image/compressed/png_level] by /mask_orange
[rosmaster.master][INFO] 2017-09-26 18:47:11,479: +PUB [/image_marked/compressed] /view http://ubuntu:38307/
[rosmaster.master][INFO] 2017-09-26 18:47:11,482: +SERVICE [/image_marked/compressed/set_parameters] /view http://ubuntu:38307/
[rosmaster.master][INFO] 2017-09-26 18:47:11,483: +PUB [/image_marked/compressed/parameter_descriptions] /view http://ubuntu:38307/
[rosmaster.master][INFO] 2017-09-26 18:47:11,484: +PUB [/image_marked/compressed/parameter_updates] /view http://ubuntu:38307/
[rosmaster.master][INFO] 2017-09-26 18:47:11,494: +PARAM [/image_marked/compressed/format] by /view
[rosmaster.master][INFO] 2017-09-26 18:47:11,495: +PARAM [/image_marked/compressed/jpeg_quality] by /view
[rosmaster.master][INFO] 2017-09-26 18:47:11,498: +PARAM [/image_marked/compressed/png_level] by /view
[rosmaster.master][INFO] 2017-09-26 18:47:11,499: +PARAM [/image_marked/compressed/format] by /view
[rosmaster.master][INFO] 2017-09-26 18:47:11,505: +PARAM [/image_marked/compressed/jpeg_quality] by /view
[rosmaster.master][INFO] 2017-09-26 18:47:11,507: +PARAM [/image_marked/compressed/png_level] by /view
[rosmaster.master][INFO] 2017-09-26 18:47:11,515: +PUB [/camera/image_raw/compressedDepth] /camera http://ubuntu:38403/
[rosmaster.master][INFO] 2017-09-26 18:47:11,520: +SERVICE [/camera/image_raw/compressedDepth/set_parameters] /camera http://ubuntu:38403/
[rosmaster.master][INFO] 2017-09-26 18:47:11,523: +PUB [/camera/image_raw/compressedDepth/parameter_descriptions] /camera http://ubuntu:38403/
[rosmaster.master][INFO] 2017-09-26 18:47:11,525: +PUB [/camera/image_raw/compressedDepth/parameter_updates] /camera http://ubuntu:38403/
[rosmaster.master][INFO] 2017-09-26 18:47:11,540: +PARAM [/camera/image_raw/compressedDepth/depth_max] by /camera
[rosmaster.master][INFO] 2017-09-26 18:47:11,546: +PARAM [/camera/image_raw/compressedDepth/depth_quantization] by /camera
[rosmaster.master][INFO] 2017-09-26 18:47:11,547: +PARAM [/camera/image_raw/compressedDepth/png_level] by /camera
[rosmaster.master][INFO] 2017-09-26 18:47:11,550: +PARAM [/camera/image_raw/compressedDepth/depth_max] by /camera
[rosmaster.master][INFO] 2017-09-26 18:47:11,559: +PARAM [/camera/image_raw/compressedDepth/depth_quantization] by /camera
[rosmaster.master][INFO] 2017-09-26 18:47:11,560: +PARAM [/camera/image_raw/compressedDepth/png_level] by /camera
[rosmaster.master][INFO] 2017-09-26 18:47:11,576: +PUB [/image] /mask_orange http://ubuntu:39203/
[rosmaster.master][INFO] 2017-09-26 18:47:11,625: +PUB [/image_marked] /view http://ubuntu:38307/
[rosmaster.master][INFO] 2017-09-26 18:47:11,668: +PUB [/camera/image_raw/compressed] /camera http://ubuntu:38403/
[rosmaster.master][INFO] 2017-09-26 18:47:11,670: +SERVICE [/camera/image_raw/compressed/set_parameters] /camera http://ubuntu:38403/
[rosmaster.master][INFO] 2017-09-26 18:47:11,675: +PUB [/camera/image_raw/compressed/parameter_descriptions] /camera http://ubuntu:38403/
[rosmaster.master][INFO] 2017-09-26 18:47:11,676: +PUB [/camera/image_raw/compressed/parameter_updates] /camera http://ubuntu:38403/
[rosmaster.master][INFO] 2017-09-26 18:47:11,686: +PARAM [/camera/image_raw/compressed/format] by /camera
[rosmaster.master][INFO] 2017-09-26 18:47:11,691: +PARAM [/camera/image_raw/compressed/jpeg_quality] by /camera
[rosmaster.master][INFO] 2017-09-26 18:47:11,694: +PARAM [/camera/image_raw/compressed/png_level] by /camera
[rosmaster.master][INFO] 2017-09-26 18:47:11,699: +PARAM [/camera/image_raw/compressed/format] by /camera
[rosmaster.master][INFO] 2017-09-26 18:47:11,701: +PARAM [/camera/image_raw/compressed/jpeg_quality] by /camera
[rosmaster.master][INFO] 2017-09-26 18:47:11,703: +PUB [/image/theora] /mask_orange http://ubuntu:39203/
[rosmaster.master][INFO] 2017-09-26 18:47:11,707: +PARAM [/camera/image_raw/compressed/png_level] by /camera
[rosmaster.master][INFO] 2017-09-26 18:47:11,716: +SERVICE [/image/theora/set_parameters] /mask_orange http://ubuntu:39203/
[rosmaster.master][INFO] 2017-09-26 18:47:11,717: +PUB [/image/theora/parameter_descriptions] /mask_orange http://ubuntu:39203/
[rosmaster.master][INFO] 2017-09-26 18:47:11,724: +PUB [/image/theora/parameter_updates] /mask_orange http://ubuntu:39203/
[rosmaster.master][INFO] 2017-09-26 18:47:11,739: +PARAM [/image/theora/optimize_for] by /mask_orange
[rosmaster.master][INFO] 2017-09-26 18:47:11,742: +PARAM [/image/theora/target_bitrate] by /mask_orange
[rosmaster.master][INFO] 2017-09-26 18:47:11,745: +PARAM [/image/theora/quality] by /mask_orange
[rosmaster.master][INFO] 2017-09-26 18:47:11,747: +PARAM [/image/theora/keyframe_frequency] by /mask_orange
[rosmaster.master][INFO] 2017-09-26 18:47:11,752: +PARAM [/image/theora/optimize_for] by /mask_orange
[rosmaster.master][INFO] 2017-09-26 18:47:11,756: +PARAM [/image/theora/target_bitrate] by /mask_orange
[rosmaster.master][INFO] 2017-09-26 18:47:11,758: +PARAM [/image/theora/quality] by /mask_orange
[rosmaster.master][INFO] 2017-09-26 18:47:11,766: +PARAM [/image/theora/keyframe_frequency] by /mask_orange
[rosmaster.master][INFO] 2017-09-26 18:47:11,768: +PUB [/image_marked/theora] /view http://ubuntu:38307/
[rosmaster.master][INFO] 2017-09-26 18:47:11,769: +PARAM [/low_h] by /mask_orange
[rosmaster.master][INFO] 2017-09-26 18:47:11,770: +SERVICE [/image_marked/theora/set_parameters] /view http://ubuntu:38307/
[rosmaster.master][INFO] 2017-09-26 18:47:11,771: +PARAM [/low_s] by /mask_orange
[rosmaster.master][INFO] 2017-09-26 18:47:11,776: +PUB [/image_marked/theora/parameter_descriptions] /view http://ubuntu:38307/
[rosmaster.master][INFO] 2017-09-26 18:47:11,776: +PARAM [/low_v] by /mask_orange
[rosmaster.master][INFO] 2017-09-26 18:47:11,780: +PUB [/image_marked/theora/parameter_updates] /view http://ubuntu:38307/
[rosmaster.master][INFO] 2017-09-26 18:47:11,784: +PARAM [/high_h] by /mask_orange
[rosmaster.master][INFO] 2017-09-26 18:47:11,791: +PARAM [/high_s] by /mask_orange
[rosmaster.master][INFO] 2017-09-26 18:47:11,793: +PARAM [/high_v] by /mask_orange
[rosmaster.master][INFO] 2017-09-26 18:47:11,796: +PARAM [/image_marked/theora/optimize_for] by /view
[rosmaster.master][INFO] 2017-09-26 18:47:11,798: +PARAM [/image_marked/theora/target_bitrate] by /view
[rosmaster.master][INFO] 2017-09-26 18:47:11,805: +PARAM [/image_marked/theora/quality] by /view
[rosmaster.master][INFO] 2017-09-26 18:47:11,806: +PARAM [/image_marked/theora/keyframe_frequency] by /view
[rosmaster.master][INFO] 2017-09-26 18:47:11,807: +PARAM [/image_marked/theora/optimize_for] by /view
[rosmaster.master][INFO] 2017-09-26 18:47:11,808: +PUB [/camera/image_raw] /camera http://ubuntu:38403/
[rosmaster.master][INFO] 2017-09-26 18:47:11,811: +PARAM [/image_marked/theora/target_bitrate] by /view
[rosmaster.master][INFO] 2017-09-26 18:47:11,812: +PARAM [/image_marked/theora/quality] by /view
[rosmaster.master][INFO] 2017-09-26 18:47:11,819: +PARAM [/image_marked/theora/keyframe_frequency] by /view
[rosmaster.master][INFO] 2017-09-26 18:47:11,824: publisherUpdate[/camera/image_raw] -> http://ubuntu:39203/ ['http://ubuntu:38403/']
[rosmaster.master][INFO] 2017-09-26 18:47:11,825: publisherUpdate[/camera/image_raw] -> http://ubuntu:39203/ ['http://ubuntu:38403/']: sec=0.00, result=[1, '', 0]
[rosmaster.master][INFO] 2017-09-26 18:47:11,893: +PUB [/image/marked/compressedDepth] /view http://ubuntu:38307/
[rosmaster.master][INFO] 2017-09-26 18:47:11,894: +SERVICE [/image/marked/compressedDepth/set_parameters] /view http://ubuntu:38307/
[rosmaster.master][INFO] 2017-09-26 18:47:11,896: +PUB [/image/marked/compressedDepth/parameter_descriptions] /view http://ubuntu:38307/
[rosmaster.master][INFO] 2017-09-26 18:47:11,898: +PUB [/image/marked/compressedDepth/parameter_updates] /view http://ubuntu:38307/
[rosmaster.master][INFO] 2017-09-26 18:47:11,903: +PUB [/camera/image_raw/theora] /camera http://ubuntu:38403/
[rosmaster.master][INFO] 2017-09-26 18:47:11,904: +PARAM [/image/marked/compressedDepth/depth_max] by /view
[rosmaster.master][INFO] 2017-09-26 18:47:11,905: +SERVICE [/camera/image_raw/theora/set_parameters] /camera http://ubuntu:38403/
[rosmaster.master][INFO] 2017-09-26 18:47:11,907: +PARAM [/image/marked/compressedDepth/depth_quantization] by /view
[rosmaster.master][INFO] 2017-09-26 18:47:11,908: +PUB [/camera/image_raw/theora/parameter_descriptions] /camera http://ubuntu:38403/
[rosmaster.master][INFO] 2017-09-26 18:47:11,909: +PARAM [/image/marked/compressedDepth/png_level] by /view
[rosmaster.master][INFO] 2017-09-26 18:47:11,911: +PUB [/camera/image_raw/theora/parameter_updates] /camera http://ubuntu:38403/
[rosmaster.master][INFO] 2017-09-26 18:47:11,914: +PARAM [/image/marked/compressedDepth/depth_max] by /view
[rosmaster.master][INFO] 2017-09-26 18:47:11,915: +PARAM [/image/marked/compressedDepth/depth_quantization] by /view
[rosmaster.master][INFO] 2017-09-26 18:47:11,919: +PARAM [/image/marked/compressedDepth/png_level] by /view
[rosmaster.master][INFO] 2017-09-26 18:47:11,927: +PARAM [/camera/image_raw/theora/optimize_for] by /camera
[rosmaster.master][INFO] 2017-09-26 18:47:11,932: +PARAM [/camera/image_raw/theora/target_bitrate] by /camera
[rosmaster.master][INFO] 2017-09-26 18:47:11,932: +PARAM [/camera/image_raw/theora/quality] by /camera
[rosmaster.master][INFO] 2017-09-26 18:47:11,933: +PARAM [/camera/image_raw/theora/keyframe_frequency] by /camera
[rosmaster.master][INFO] 2017-09-26 18:47:11,939: +PARAM [/camera/image_raw/theora/optimize_for] by /camera
[rosmaster.master][INFO] 2017-09-26 18:47:11,944: +PARAM [/camera/image_raw/theora/target_bitrate] by /camera
[rosmaster.master][INFO] 2017-09-26 18:47:11,944: +PARAM [/camera/image_raw/theora/quality] by /camera
[rosmaster.master][INFO] 2017-09-26 18:47:11,945: +PARAM [/camera/image_raw/theora/keyframe_frequency] by /camera
[rosmaster.master][INFO] 2017-09-26 18:47:11,946: +PUB [/camera/camera_info] /camera http://ubuntu:38403/
[rosmaster.master][INFO] 2017-09-26 18:47:11,999: +PUB [/image/marked/compressed] /view http://ubuntu:38307/
[rosmaster.master][INFO] 2017-09-26 18:47:12,000: +SERVICE [/image/marked/compressed/set_parameters] /view http://ubuntu:38307/
[rosmaster.master][INFO] 2017-09-26 18:47:12,001: +PUB [/image/marked/compressed/parameter_descriptions] /view http://ubuntu:38307/
[rosmaster.master][INFO] 2017-09-26 18:47:12,002: +PUB [/image/marked/compressed/parameter_updates] /view http://ubuntu:38307/
[rosmaster.master][INFO] 2017-09-26 18:47:12,005: +PARAM [/image/marked/compressed/format] by /view
[rosmaster.master][INFO] 2017-09-26 18:47:12,005: +PARAM [/image/marked/compressed/jpeg_quality] by /view
[rosmaster.master][INFO] 2017-09-26 18:47:12,007: +PARAM [/image/marked/compressed/png_level] by /view
[rosmaster.master][INFO] 2017-09-26 18:47:12,008: +PARAM [/image/marked/compressed/format] by /view
[rosmaster.master][INFO] 2017-09-26 18:47:12,009: +PARAM [/image/marked/compressed/jpeg_quality] by /view
[rosmaster.master][INFO] 2017-09-26 18:47:12,011: +PARAM [/image/marked/compressed/png_level] by /view
[rosmaster.master][INFO] 2017-09-26 18:47:12,067: +PUB [/image/marked] /view http://ubuntu:38307/
[rosmaster.master][INFO] 2017-09-26 18:47:12,122: +PUB [/image/marked/theora] /view http://ubuntu:38307/
[rosmaster.master][INFO] 2017-09-26 18:47:12,123: +SERVICE [/image/marked/theora/set_parameters] /view http://ubuntu:38307/
[rosmaster.master][INFO] 2017-09-26 18:47:12,124: +PUB [/image/marked/theora/parameter_descriptions] /view http://ubuntu:38307/
[rosmaster.master][INFO] 2017-09-26 18:47:12,125: +PUB [/image/marked/theora/parameter_updates] /view http://ubuntu:38307/
[rosmaster.master][INFO] 2017-09-26 18:47:12,130: +PARAM [/image/marked/theora/optimize_for] by /view
[rosmaster.master][INFO] 2017-09-26 18:47:12,130: +PARAM [/image/marked/theora/target_bitrate] by /view
[rosmaster.master][INFO] 2017-09-26 18:47:12,135: +PARAM [/image/marked/theora/quality] by /view
[rosmaster.master][INFO] 2017-09-26 18:47:12,136: +PARAM [/image/marked/theora/keyframe_frequency] by /view
[rosmaster.master][INFO] 2017-09-26 18:47:12,137: +PARAM [/image/marked/theora/optimize_for] by /view
[rosmaster.master][INFO] 2017-09-26 18:47:12,138: +PARAM [/image/marked/theora/target_bitrate] by /view
[rosmaster.master][INFO] 2017-09-26 18:47:12,138: +PARAM [/image/marked/theora/quality] by /view
[rosmaster.master][INFO] 2017-09-26 18:47:12,139: +PARAM [/image/marked/theora/keyframe_frequency] by /view
[rosmaster.master][INFO] 2017-09-26 18:47:12,197: +SUB [/image] /view http://ubuntu:38307/
[rosmaster.master][INFO] 2017-09-26 18:47:12,203: +SUB [/camera_info] /view http://ubuntu:38307/
[rosmaster.master][INFO] 2017-09-26 18:47:12,212: +SUB [/image_marker] /view http://ubuntu:38307/
[rosmaster.master][INFO] 2017-09-26 18:47:12,217: +SUB [/image/event] /view http://ubuntu:38307/
[rosmaster.master][INFO] 2017-09-26 18:47:12,220: +SERVICE [/view/change_mode] /view http://ubuntu:38307/
[rosmaster.master][INFO] 2017-09-26 18:47:12,221: +SERVICE [/view/rectangle_mode] /view http://ubuntu:38307/
[rosmaster.master][INFO] 2017-09-26 18:47:12,223: +SERVICE [/view/grabcut_mode] /view http://ubuntu:38307/
[rosmaster.master][INFO] 2017-09-26 18:47:12,224: +SERVICE [/view/grabcut_rect_mode] /view http://ubuntu:38307/
[rosmaster.master][INFO] 2017-09-26 18:47:12,225: +SERVICE [/view/line_mode] /view http://ubuntu:38307/
[rosmaster.master][INFO] 2017-09-26 18:47:12,226: +SERVICE [/view/poly_mode] /view http://ubuntu:38307/
[rosmaster.master][INFO] 2017-09-26 18:47:12,228: +SERVICE [/view/none_mode] /view http://ubuntu:38307/
[rosmaster.master][INFO] 2017-09-26 18:47:12,230: +SERVICE [/view/set_parameters] /view http://ubuntu:38307/
[rosmaster.master][INFO] 2017-09-26 18:47:12,235: +PUB [/view/parameter_descriptions] /view http://ubuntu:38307/
[rosmaster.master][INFO] 2017-09-26 18:47:12,236: +PUB [/view/parameter_updates] /view http://ubuntu:38307/
[rosmaster.master][INFO] 2017-09-26 18:47:12,245: +PARAM [/view/grid] by /view
[rosmaster.master][INFO] 2017-09-26 18:47:12,246: +PARAM [/view/fisheye_mode] by /view
[rosmaster.master][INFO] 2017-09-26 18:47:12,248: +PARAM [/view/div_u] by /view
[rosmaster.master][INFO] 2017-09-26 18:47:12,253: +PARAM [/view/div_v] by /view
[rosmaster.master][INFO] 2017-09-26 18:47:12,256: +PARAM [/view/grid_red] by /view
[rosmaster.master][INFO] 2017-09-26 18:47:12,261: +PARAM [/view/grid_green] by /view
[rosmaster.master][INFO] 2017-09-26 18:47:12,264: +PARAM [/view/grid_blue] by /view
[rosmaster.master][INFO] 2017-09-26 18:47:12,265: +PARAM [/view/grid_thickness] by /view
[rosmaster.master][INFO] 2017-09-26 18:47:12,267: +PARAM [/view/grid_space] by /view
[rosmaster.master][INFO] 2017-09-26 18:47:12,268: +PARAM [/view/grid] by /view
[rosmaster.master][INFO] 2017-09-26 18:47:12,271: +PARAM [/view/fisheye_mode] by /view
[rosmaster.master][INFO] 2017-09-26 18:47:12,272: +PARAM [/view/div_u] by /view
[rosmaster.master][INFO] 2017-09-26 18:47:12,273: +PARAM [/view/div_v] by /view
[rosmaster.master][INFO] 2017-09-26 18:47:12,275: +PARAM [/view/grid_red] by /view
[rosmaster.master][INFO] 2017-09-26 18:47:12,276: +PARAM [/view/grid_green] by /view
[rosmaster.master][INFO] 2017-09-26 18:47:12,278: +PARAM [/view/grid_blue] by /view
[rosmaster.master][INFO] 2017-09-26 18:47:12,279: +PARAM [/view/grid_thickness] by /view
[rosmaster.master][INFO] 2017-09-26 18:47:12,283: +PARAM [/view/grid_space] by /view
[rosmaster.master][INFO] 2017-09-26 18:47:14,972: +PUB [/rosout] /rqt_reconfigure http://ubuntu:40929/
[rosmaster.master][INFO] 2017-09-26 18:47:14,989: +SERVICE [/rqt_reconfigure/get_loggers] /rqt_reconfigure http://ubuntu:40929/
[rosmaster.master][INFO] 2017-09-26 18:47:14,993: +SERVICE [/rqt_reconfigure/set_logger_level] /rqt_reconfigure http://ubuntu:40929/
[rosmaster.master][INFO] 2017-09-26 18:47:15,051: publisherUpdate[/rosout] -> http://ubuntu:35118/ ['http://ubuntu:39203/', 'http://ubuntu:38307/', 'http://ubuntu:38403/', 'http://ubuntu:40929/']
[rosmaster.master][INFO] 2017-09-26 18:47:15,053: publisherUpdate[/rosout] -> http://ubuntu:35118/ ['http://ubuntu:39203/', 'http://ubuntu:38307/', 'http://ubuntu:38403/', 'http://ubuntu:40929/']: sec=0.00, result=[1, '', 0]
[rosmaster.master][INFO] 2017-09-26 18:47:15,236: +SUB [/camera/image_raw/compressed/parameter_descriptions] /rqt_reconfigure http://ubuntu:40929/
[rosmaster.master][INFO] 2017-09-26 18:47:15,269: +SUB [/camera/image_raw/compressed/parameter_updates] /rqt_reconfigure http://ubuntu:40929/
[rosmaster.master][INFO] 2017-09-26 18:47:15,290: +SUB [/camera/image_raw/theora/parameter_descriptions] /rqt_reconfigure http://ubuntu:40929/
[rosmaster.master][INFO] 2017-09-26 18:47:15,319: +SUB [/camera/image_raw/compressedDepth/parameter_descriptions] /rqt_reconfigure http://ubuntu:40929/
[rosmaster.master][INFO] 2017-09-26 18:47:15,331: +SUB [/camera/image_raw/compressedDepth/parameter_updates] /rqt_reconfigure http://ubuntu:40929/
[rosmaster.master][INFO] 2017-09-26 18:47:15,374: +SUB [/image/compressed/parameter_descriptions] /rqt_reconfigure http://ubuntu:40929/
[rosmaster.master][INFO] 2017-09-26 18:47:15,398: +SUB [/image/compressedDepth/parameter_descriptions] /rqt_reconfigure http://ubuntu:40929/
[rosmaster.master][INFO] 2017-09-26 18:47:15,428: +SUB [/image/marked/compressed/parameter_descriptions] /rqt_reconfigure http://ubuntu:40929/
[rosmaster.master][INFO] 2017-09-26 18:47:15,462: +SUB [/camera/image_raw/theora/parameter_updates] /rqt_reconfigure http://ubuntu:40929/
[rosmaster.master][INFO] 2017-09-26 18:47:15,489: +SUB [/image/marked/compressedDepth/parameter_descriptions] /rqt_reconfigure http://ubuntu:40929/
[rosmaster.master][INFO] 2017-09-26 18:47:15,520: +SUB [/image/marked/theora/parameter_descriptions] /rqt_reconfigure http://ubuntu:40929/
[rosmaster.master][INFO] 2017-09-26 18:47:15,536: +SUB [/image/marked/theora/parameter_updates] /rqt_reconfigure http://ubuntu:40929/
[rosmaster.master][INFO] 2017-09-26 18:47:15,547: +SUB [/image/compressed/parameter_updates] /rqt_reconfigure http://ubuntu:40929/
[rosmaster.master][INFO] 2017-09-26 18:47:15,565: +SUB [/image_marked/compressed/parameter_descriptions] /rqt_reconfigure http://ubuntu:40929/
[rosmaster.master][INFO] 2017-09-26 18:47:15,595: +SUB [/image_marked/compressed/parameter_updates] /rqt_reconfigure http://ubuntu:40929/
[rosmaster.master][INFO] 2017-09-26 18:47:15,618: +SUB [/image/compressedDepth/parameter_updates] /rqt_reconfigure http://ubuntu:40929/
[rosmaster.master][INFO] 2017-09-26 18:47:15,651: +SUB [/image/marked/compressed/parameter_updates] /rqt_reconfigure http://ubuntu:40929/
[rosmaster.master][INFO] 2017-09-26 18:47:15,665: +SUB [/image_marked/theora/parameter_descriptions] /rqt_reconfigure http://ubuntu:40929/
[rosmaster.master][INFO] 2017-09-26 18:47:15,684: +SUB [/view/parameter_descriptions] /rqt_reconfigure http://ubuntu:40929/
[rosmaster.master][INFO] 2017-09-26 18:47:15,692: +SUB [/view/parameter_updates] /rqt_reconfigure http://ubuntu:40929/
[rosmaster.master][INFO] 2017-09-26 18:47:15,720: +SUB [/image/marked/compressedDepth/parameter_updates] /rqt_reconfigure http://ubuntu:40929/
[rosmaster.master][INFO] 2017-09-26 18:47:15,724: +SUB [/image/theora/parameter_descriptions] /rqt_reconfigure http://ubuntu:40929/
[rosmaster.master][INFO] 2017-09-26 18:47:15,758: +SUB [/image/theora/parameter_updates] /rqt_reconfigure http://ubuntu:40929/
[rosmaster.master][INFO] 2017-09-26 18:47:15,770: +SUB [/image_marked/theora/parameter_updates] /rqt_reconfigure http://ubuntu:40929/
[rosmaster.master][INFO] 2017-09-26 18:47:15,779: +SUB [/image_marked/compressedDepth/parameter_descriptions] /rqt_reconfigure http://ubuntu:40929/
[rosmaster.master][INFO] 2017-09-26 18:47:15,799: +SUB [/image_marked/compressedDepth/parameter_updates] /rqt_reconfigure http://ubuntu:40929/
[rosmaster.master][INFO] 2017-09-26 18:47:26,353: -SUB [/image_marked/compressedDepth/parameter_descriptions] /rqt_reconfigure http://ubuntu:40929/
[rosmaster.master][INFO] 2017-09-26 18:47:26,360: -SUB [/image_marked/compressedDepth/parameter_updates] /rqt_reconfigure http://ubuntu:40929/
[rosmaster.master][INFO] 2017-09-26 18:47:28,430: -SUB [/image_marked/theora/parameter_descriptions] /rqt_reconfigure http://ubuntu:40929/
[rosmaster.master][INFO] 2017-09-26 18:47:28,438: -SUB [/image_marked/theora/parameter_updates] /rqt_reconfigure http://ubuntu:40929/
[rosmaster.master][INFO] 2017-09-26 18:47:29,670: +SUB [/image_marked/theora/parameter_descriptions] /rqt_reconfigure http://ubuntu:40929/
[rosmaster.master][INFO] 2017-09-26 18:47:29,676: +SUB [/image_marked/theora/parameter_updates] /rqt_reconfigure http://ubuntu:40929/
[rosmaster.master][INFO] 2017-09-26 18:47:30,466: -SUB [/image_marked/theora/parameter_descriptions] /rqt_reconfigure http://ubuntu:40929/
[rosmaster.master][INFO] 2017-09-26 18:47:30,475: -SUB [/image_marked/theora/parameter_updates] /rqt_reconfigure http://ubuntu:40929/
[rosmaster.master][INFO] 2017-09-26 18:47:31,460: -SUB [/view/parameter_descriptions] /rqt_reconfigure http://ubuntu:40929/
[rosmaster.master][INFO] 2017-09-26 18:47:31,463: -SUB [/view/parameter_updates] /rqt_reconfigure http://ubuntu:40929/
[rosmaster.master][INFO] 2017-09-26 18:47:31,914: +SUB [/view/parameter_descriptions] /rqt_reconfigure http://ubuntu:40929/
[rosmaster.master][INFO] 2017-09-26 18:47:31,933: +SUB [/view/parameter_updates] /rqt_reconfigure http://ubuntu:40929/
[rosmaster.master][INFO] 2017-09-26 18:47:32,327: -SUB [/view/parameter_descriptions] /rqt_reconfigure http://ubuntu:40929/
[rosmaster.master][INFO] 2017-09-26 18:47:32,332: -SUB [/view/parameter_updates] /rqt_reconfigure http://ubuntu:40929/
[rosmaster.master][INFO] 2017-09-26 18:47:34,464: +SUB [/view/parameter_descriptions] /rqt_reconfigure http://ubuntu:40929/
[rosmaster.master][INFO] 2017-09-26 18:47:34,475: +SUB [/view/parameter_updates] /rqt_reconfigure http://ubuntu:40929/
[rosmaster.master][INFO] 2017-09-26 18:47:35,891: -SUB [/image/marked/compressed/parameter_descriptions] /rqt_reconfigure http://ubuntu:40929/
[rosmaster.master][INFO] 2017-09-26 18:47:35,896: -SUB [/image/marked/compressed/parameter_updates] /rqt_reconfigure http://ubuntu:40929/
[rosmaster.master][INFO] 2017-09-26 18:47:35,913: -SUB [/image/marked/theora/parameter_descriptions] /rqt_reconfigure http://ubuntu:40929/
[rosmaster.master][INFO] 2017-09-26 18:47:35,937: -SUB [/image/marked/theora/parameter_updates] /rqt_reconfigure http://ubuntu:40929/
[rosmaster.master][INFO] 2017-09-26 18:47:35,962: -SUB [/image_marked/compressed/parameter_descriptions] /rqt_reconfigure http://ubuntu:40929/
[rosmaster.master][INFO] 2017-09-26 18:47:35,980: -SUB [/image_marked/compressed/parameter_updates] /rqt_reconfigure http://ubuntu:40929/
[rosmaster.master][INFO] 2017-09-26 18:47:36,007: -SUB [/view/parameter_descriptions] /rqt_reconfigure http://ubuntu:40929/
[rosmaster.master][INFO] 2017-09-26 18:47:36,024: -SUB [/view/parameter_updates] /rqt_reconfigure http://ubuntu:40929/
[rosmaster.master][INFO] 2017-09-26 18:47:36,098: -SUB [/camera/image_raw/theora/parameter_descriptions] /rqt_reconfigure http://ubuntu:40929/
[rosmaster.master][INFO] 2017-09-26 18:47:36,098: -SUB [/image/compressedDepth/parameter_updates] /rqt_reconfigure http://ubuntu:40929/
[rosmaster.master][INFO] 2017-09-26 18:47:36,098: -SUB [/image/theora/parameter_descriptions] /rqt_reconfigure http://ubuntu:40929/
[rosmaster.master][INFO] 2017-09-26 18:47:36,098: -SUB [/camera/image_raw/compressed/parameter_descriptions] /rqt_reconfigure http://ubuntu:40929/
[rosmaster.master][INFO] 2017-09-26 18:47:36,098: -SUB [/image/compressed/parameter_descriptions] /rqt_reconfigure http://ubuntu:40929/
[rosmaster.master][INFO] 2017-09-26 18:47:36,098: -SUB [/image/compressedDepth/parameter_descriptions] /rqt_reconfigure http://ubuntu:40929/
[rosmaster.master][INFO] 2017-09-26 18:47:36,098: -SUB [/image/marked/compressedDepth/parameter_descriptions] /rqt_reconfigure http://ubuntu:40929/
[rosmaster.master][INFO] 2017-09-26 18:47:36,098: -SUB [/camera/image_raw/compressedDepth/parameter_descriptions] /rqt_reconfigure http://ubuntu:40929/
[rosmaster.master][INFO] 2017-09-26 18:47:36,098: -SUB [/camera/image_raw/compressedDepth/parameter_updates] /rqt_reconfigure http://ubuntu:40929/
[rosmaster.master][INFO] 2017-09-26 18:47:36,099: -SUB [/camera/image_raw/theora/parameter_updates] /rqt_reconfigure http://ubuntu:40929/
[rosmaster.master][INFO] 2017-09-26 18:47:36,099: -SUB [/camera/image_raw/compressed/parameter_updates] /rqt_reconfigure http://ubuntu:40929/
[rosmaster.master][INFO] 2017-09-26 18:47:36,099: -SUB [/image/marked/compressedDepth/parameter_updates] /rqt_reconfigure http://ubuntu:40929/
[rosmaster.master][INFO] 2017-09-26 18:47:36,099: -SUB [/image/compressed/parameter_updates] /rqt_reconfigure http://ubuntu:40929/
[rosmaster.master][INFO] 2017-09-26 18:47:36,099: -SUB [/image/theora/parameter_updates] /rqt_reconfigure http://ubuntu:40929/
[rosmaster.master][INFO] 2017-09-26 18:47:36,106: -PUB [/rosout] /rqt_reconfigure http://ubuntu:40929/
[rosmaster.master][INFO] 2017-09-26 18:47:36,106: -SERVICE [/rqt_reconfigure/set_logger_level] /rqt_reconfigure rosrpc://ubuntu:44136
[rosmaster.master][INFO] 2017-09-26 18:47:36,106: -SERVICE [/rqt_reconfigure/get_loggers] /rqt_reconfigure rosrpc://ubuntu:44136
[rosmaster.master][INFO] 2017-09-26 18:47:36,195: publisherUpdate[/rosout] -> http://ubuntu:35118/ ['http://ubuntu:39203/', 'http://ubuntu:38307/', 'http://ubuntu:38403/']
[rosmaster.master][INFO] 2017-09-26 18:47:36,196: publisherUpdate[/rosout] -> http://ubuntu:35118/ ['http://ubuntu:39203/', 'http://ubuntu:38307/', 'http://ubuntu:38403/']: sec=0.00, result=[1, '', 0]
[rosmaster.master][INFO] 2017-09-26 18:47:38,715: -PUB [/rosout] /view http://ubuntu:38307/
[rosmaster.master][INFO] 2017-09-26 18:47:38,720: -PUB [/image/screenpoint] /view http://ubuntu:38307/
[rosmaster.master][INFO] 2017-09-26 18:47:38,723: -PUB [/image/screenpoint_array] /view http://ubuntu:38307/
[rosmaster.master][INFO] 2017-09-26 18:47:38,724: -PUB [/image/screenrectangle] /view http://ubuntu:38307/
[rosmaster.master][INFO] 2017-09-26 18:47:38,726: -PUB [/image/screenrectangle_image] /view http://ubuntu:38307/
[rosmaster.master][INFO] 2017-09-26 18:47:38,727: -PUB [/image/movepoint] /view http://ubuntu:38307/
[rosmaster.master][INFO] 2017-09-26 18:47:38,732: -PUB [/image/foreground] /view http://ubuntu:38307/
[rosmaster.master][INFO] 2017-09-26 18:47:38,737: -PUB [/image/background] /view http://ubuntu:38307/
[rosmaster.master][INFO] 2017-09-26 18:47:38,739: -PUB [/image/foreground_rect] /view http://ubuntu:38307/
[rosmaster.master][INFO] 2017-09-26 18:47:38,744: -PUB [/image/background_rect] /view http://ubuntu:38307/
[rosmaster.master][INFO] 2017-09-26 18:47:38,748: -PUB [/image/line] /view http://ubuntu:38307/
[rosmaster.master][INFO] 2017-09-26 18:47:38,752: -PUB [/image/poly] /view http://ubuntu:38307/
[rosmaster.master][INFO] 2017-09-26 18:47:38,758: -PUB [/image_marked/compressedDepth] /view http://ubuntu:38307/
[rosmaster.master][INFO] 2017-09-26 18:47:38,764: -PUB [/image_marked/compressedDepth/parameter_descriptions] /view http://ubuntu:38307/
[rosmaster.master][INFO] 2017-09-26 18:47:38,768: -PUB [/image_marked/compressedDepth/parameter_updates] /view http://ubuntu:38307/
[rosmaster.master][INFO] 2017-09-26 18:47:38,776: -PUB [/rosout] /camera http://ubuntu:38403/
[rosmaster.master][INFO] 2017-09-26 18:47:38,783: -PUB [/rosout] /mask_orange http://ubuntu:39203/
[rosmaster.master][INFO] 2017-09-26 18:47:38,787: -PUB [/image_marked/compressed] /view http://ubuntu:38307/
[rosmaster.master][INFO] 2017-09-26 18:47:38,787: -PUB [/camera/image_raw/compressedDepth] /camera http://ubuntu:38403/
[rosmaster.master][INFO] 2017-09-26 18:47:38,791: -PUB [/image/compressedDepth] /mask_orange http://ubuntu:39203/
[rosmaster.master][INFO] 2017-09-26 18:47:38,792: -PUB [/image_marked/compressed/parameter_descriptions] /view http://ubuntu:38307/
[rosmaster.master][INFO] 2017-09-26 18:47:38,792: -PUB [/camera/image_raw/compressedDepth/parameter_descriptions] /camera http://ubuntu:38403/
[rosmaster.master][INFO] 2017-09-26 18:47:38,802: -PUB [/image/compressedDepth/parameter_descriptions] /mask_orange http://ubuntu:39203/
[rosmaster.master][INFO] 2017-09-26 18:47:38,808: -PUB [/image_marked/compressed/parameter_updates] /view http://ubuntu:38307/
[rosmaster.master][INFO] 2017-09-26 18:47:38,809: -PUB [/camera/image_raw/compressedDepth/parameter_updates] /camera http://ubuntu:38403/
[rosmaster.master][INFO] 2017-09-26 18:47:38,812: publisherUpdate[/rosout] -> http://ubuntu:35118/ ['http://ubuntu:39203/', 'http://ubuntu:38403/']
[rosmaster.master][INFO] 2017-09-26 18:47:38,816: publisherUpdate[/rosout] -> http://ubuntu:35118/ ['http://ubuntu:39203/', 'http://ubuntu:38403/']: sec=0.00, result=[1, '', 0]
[rosmaster.master][INFO] 2017-09-26 18:47:38,816: publisherUpdate[/rosout] -> http://ubuntu:35118/ ['http://ubuntu:39203/']
[rosmaster.master][INFO] 2017-09-26 18:47:38,825: publisherUpdate[/rosout] -> http://ubuntu:35118/ ['http://ubuntu:39203/']: sec=0.01, result=[1, '', 0]
[rosmaster.master][INFO] 2017-09-26 18:47:38,827: publisherUpdate[/rosout] -> http://ubuntu:35118/ []
[rosmaster.master][INFO] 2017-09-26 18:47:38,840: -PUB [/image/compressedDepth/parameter_updates] /mask_orange http://ubuntu:39203/
[rosmaster.master][INFO] 2017-09-26 18:47:38,840: -PUB [/image_marked] /view http://ubuntu:38307/
[rosmaster.master][INFO] 2017-09-26 18:47:38,841: publisherUpdate[/rosout] -> http://ubuntu:35118/ []: sec=0.01, result=[1, '', 0]
[rosmaster.master][INFO] 2017-09-26 18:47:38,843: -PUB [/camera/image_raw/compressed] /camera http://ubuntu:38403/
[rosmaster.master][INFO] 2017-09-26 18:47:38,849: -PUB [/image_marked/theora] /view http://ubuntu:38307/
[rosmaster.master][INFO] 2017-09-26 18:47:38,850: -PUB [/image/compressed] /mask_orange http://ubuntu:39203/
[rosmaster.master][INFO] 2017-09-26 18:47:38,855: -PUB [/camera/image_raw/compressed/parameter_descriptions] /camera http://ubuntu:38403/
[rosmaster.master][INFO] 2017-09-26 18:47:38,856: -PUB [/image_marked/theora/parameter_descriptions] /view http://ubuntu:38307/
[rosmaster.master][INFO] 2017-09-26 18:47:38,857: -PUB [/camera/image_raw/compressed/parameter_updates] /camera http://ubuntu:38403/
[rosmaster.master][INFO] 2017-09-26 18:47:38,862: -PUB [/image/compressed/parameter_descriptions] /mask_orange http://ubuntu:39203/
[rosmaster.master][INFO] 2017-09-26 18:47:38,862: -PUB [/image_marked/theora/parameter_updates] /view http://ubuntu:38307/
[rosmaster.master][INFO] 2017-09-26 18:47:38,871: -PUB [/camera/image_raw] /camera http://ubuntu:38403/
[rosmaster.master][INFO] 2017-09-26 18:47:38,875: -PUB [/image/marked/compressedDepth] /view http://ubuntu:38307/
[rosmaster.master][INFO] 2017-09-26 18:47:38,880: -PUB [/image/compressed/parameter_updates] /mask_orange http://ubuntu:39203/
[rosmaster.master][INFO] 2017-09-26 18:47:38,888: -PUB [/camera/image_raw/theora] /camera http://ubuntu:38403/
[rosmaster.master][INFO] 2017-09-26 18:47:38,898: -PUB [/image/marked/compressedDepth/parameter_descriptions] /view http://ubuntu:38307/
[rosmaster.master][INFO] 2017-09-26 18:47:38,899: -PUB [/camera/image_raw/theora/parameter_descriptions] /camera http://ubuntu:38403/
[rosmaster.master][INFO] 2017-09-26 18:47:38,900: -PUB [/camera/image_raw/theora/parameter_updates] /camera http://ubuntu:38403/
[rosmaster.master][INFO] 2017-09-26 18:47:38,902: -PUB [/image/marked/compressedDepth/parameter_updates] /view http://ubuntu:38307/
[rosmaster.master][INFO] 2017-09-26 18:47:38,908: -PUB [/camera/camera_info] /camera http://ubuntu:38403/
[rosmaster.master][INFO] 2017-09-26 18:47:38,912: -PUB [/image] /mask_orange http://ubuntu:39203/
[rosmaster.master][INFO] 2017-09-26 18:47:38,912: -SERVICE [/camera/get_loggers] /camera rosrpc://ubuntu:43151
[rosmaster.master][INFO] 2017-09-26 18:47:38,916: publisherUpdate[/camera/image_raw] -> http://ubuntu:39203/ []
[rosmaster.master][INFO] 2017-09-26 18:47:38,916: publisherUpdate[/image] -> http://ubuntu:38307/ []
[rosmaster.master][INFO] 2017-09-26 18:47:38,918: -PUB [/image/theora] /mask_orange http://ubuntu:39203/
[rosmaster.master][INFO] 2017-09-26 18:47:38,918: -PUB [/image/marked/compressed] /view http://ubuntu:38307/
[rosmaster.master][INFO] 2017-09-26 18:47:38,927: publisherUpdate[/camera/image_raw] -> http://ubuntu:39203/ []: sec=0.01, exception=<Fault -1: 'publisherUpdate: unknown method name'>
[rosmaster.master][INFO] 2017-09-26 18:47:38,935: publisherUpdate[/image] -> http://ubuntu:38307/ []: sec=0.02, exception=<Fault -1: 'publisherUpdate: unknown method name'>
[rosmaster.threadpool][ERROR] 2017-09-26 18:47:38,944: Traceback (most recent call last):
  File "/opt/ros/kinetic/lib/python2.7/dist-packages/rosmaster/threadpool.py", line 218, in run
    result = cmd(*args)
  File "/opt/ros/kinetic/lib/python2.7/dist-packages/rosmaster/master_api.py", line 210, in publisher_update_task
    ret = xmlrpcapi(api).publisherUpdate('/master', topic, pub_uris)
  File "/usr/lib/python2.7/xmlrpclib.py", line 1243, in __call__
    return self.__send(self.__name, args)
  File "/usr/lib/python2.7/xmlrpclib.py", line 1602, in __request
    verbose=self.__verbose
  File "/usr/lib/python2.7/xmlrpclib.py", line 1283, in request
    return self.single_request(host, handler, request_body, verbose)
  File "/usr/lib/python2.7/xmlrpclib.py", line 1316, in single_request
    return self.parse_response(response)
  File "/usr/lib/python2.7/xmlrpclib.py", line 1493, in parse_response
    return u.close()
  File "/usr/lib/python2.7/xmlrpclib.py", line 800, in close
    raise Fault(**self._stack[0])
Fault: <Fault -1: 'publisherUpdate: unknown method name'>

[rosmaster.threadpool][ERROR] 2017-09-26 18:47:38,945: Traceback (most recent call last):
  File "/opt/ros/kinetic/lib/python2.7/dist-packages/rosmaster/threadpool.py", line 218, in run
    result = cmd(*args)
  File "/opt/ros/kinetic/lib/python2.7/dist-packages/rosmaster/master_api.py", line 210, in publisher_update_task
    ret = xmlrpcapi(api).publisherUpdate('/master', topic, pub_uris)
  File "/usr/lib/python2.7/xmlrpclib.py", line 1243, in __call__
    return self.__send(self.__name, args)
  File "/usr/lib/python2.7/xmlrpclib.py", line 1602, in __request
    verbose=self.__verbose
  File "/usr/lib/python2.7/xmlrpclib.py", line 1283, in request
    return self.single_request(host, handler, request_body, verbose)
  File "/usr/lib/python2.7/xmlrpclib.py", line 1316, in single_request
    return self.parse_response(response)
  File "/usr/lib/python2.7/xmlrpclib.py", line 1493, in parse_response
    return u.close()
  File "/usr/lib/python2.7/xmlrpclib.py", line 800, in close
    raise Fault(**self._stack[0])
Fault: <Fault -1: 'publisherUpdate: unknown method name'>

[rosmaster.master][INFO] 2017-09-26 18:47:38,945: -SERVICE [/camera/set_logger_level] /camera rosrpc://ubuntu:43151
[rosmaster.master][INFO] 2017-09-26 18:47:38,952: -PUB [/image/theora/parameter_descriptions] /mask_orange http://ubuntu:39203/
[rosmaster.master][INFO] 2017-09-26 18:47:38,961: -PUB [/image/marked/compressed/parameter_descriptions] /view http://ubuntu:38307/
[rosmaster.master][INFO] 2017-09-26 18:47:38,962: -SERVICE [/camera/set_camera_info] /camera rosrpc://ubuntu:43151
[rosmaster.master][INFO] 2017-09-26 18:47:38,967: -PUB [/image/marked/compressed/parameter_updates] /view http://ubuntu:38307/
[rosmaster.master][INFO] 2017-09-26 18:47:38,968: -SERVICE [/camera/image_raw/compressedDepth/set_parameters] /camera rosrpc://ubuntu:43151
[rosmaster.master][INFO] 2017-09-26 18:47:38,981: -PUB [/image/marked] /view http://ubuntu:38307/
[rosmaster.master][INFO] 2017-09-26 18:47:38,989: -SERVICE [/camera/image_raw/compressed/set_parameters] /camera rosrpc://ubuntu:43151
[rosmaster.master][INFO] 2017-09-26 18:47:38,994: -PUB [/image/marked/theora] /view http://ubuntu:38307/
[rosmaster.master][INFO] 2017-09-26 18:47:39,007: -PUB [/image/theora/parameter_updates] /mask_orange http://ubuntu:39203/
[rosmaster.master][INFO] 2017-09-26 18:47:39,008: -PUB [/image/marked/theora/parameter_descriptions] /view http://ubuntu:38307/
[rosmaster.master][INFO] 2017-09-26 18:47:39,013: -SERVICE [/camera/image_raw/theora/set_parameters] /camera rosrpc://ubuntu:43151
[rosmaster.master][INFO] 2017-09-26 18:47:39,015: -SUB [/camera/image_raw] /mask_orange http://ubuntu:39203/
[rosmaster.master][INFO] 2017-09-26 18:47:39,019: -PUB [/image/marked/theora/parameter_updates] /view http://ubuntu:38307/
[rosmaster.master][INFO] 2017-09-26 18:47:39,023: -SERVICE [/mask_orange/get_loggers] /mask_orange rosrpc://ubuntu:56096
[rosmaster.master][INFO] 2017-09-26 18:47:39,027: -SERVICE [/mask_orange/set_logger_level] /mask_orange rosrpc://ubuntu:56096
[rosmaster.master][INFO] 2017-09-26 18:47:39,029: -PUB [/view/parameter_descriptions] /view http://ubuntu:38307/
[rosmaster.master][INFO] 2017-09-26 18:47:39,035: -SERVICE [/image/compressedDepth/set_parameters] /mask_orange rosrpc://ubuntu:56096
[rosmaster.master][INFO] 2017-09-26 18:47:39,040: -SERVICE [/image/compressed/set_parameters] /mask_orange rosrpc://ubuntu:56096
[rosmaster.master][INFO] 2017-09-26 18:47:39,046: -PUB [/view/parameter_updates] /view http://ubuntu:38307/
[rosmaster.master][INFO] 2017-09-26 18:47:39,053: -SUB [/tf] /view http://ubuntu:38307/
[rosmaster.master][INFO] 2017-09-26 18:47:39,061: -SERVICE [/image/theora/set_parameters] /mask_orange rosrpc://ubuntu:56096
[rosmaster.master][INFO] 2017-09-26 18:47:39,061: -SUB [/tf_static] /view http://ubuntu:38307/
[rosmaster.master][INFO] 2017-09-26 18:47:39,067: -SUB [/image] /view http://ubuntu:38307/
[rosmaster.master][INFO] 2017-09-26 18:47:39,073: -SUB [/camera_info] /view http://ubuntu:38307/
[rosmaster.master][INFO] 2017-09-26 18:47:39,079: -SUB [/image_marker] /view http://ubuntu:38307/
[rosmaster.master][INFO] 2017-09-26 18:47:39,082: -SUB [/image/event] /view http://ubuntu:38307/
[rosmaster.master][INFO] 2017-09-26 18:47:39,087: -SERVICE [/view/get_loggers] /view rosrpc://ubuntu:47530
[rosmaster.master][INFO] 2017-09-26 18:47:39,089: -SERVICE [/view/set_logger_level] /view rosrpc://ubuntu:47530
[rosmaster.master][INFO] 2017-09-26 18:47:39,103: -SERVICE [/image_marked/compressedDepth/set_parameters] /view rosrpc://ubuntu:47530
[rosmaster.master][INFO] 2017-09-26 18:47:39,105: -SERVICE [/image_marked/compressed/set_parameters] /view rosrpc://ubuntu:47530
[rosmaster.master][INFO] 2017-09-26 18:47:39,111: -SERVICE [/image_marked/theora/set_parameters] /view rosrpc://ubuntu:47530
[rosmaster.master][INFO] 2017-09-26 18:47:39,116: -SERVICE [/image/marked/compressedDepth/set_parameters] /view rosrpc://ubuntu:47530
[rosmaster.master][INFO] 2017-09-26 18:47:39,120: -SERVICE [/image/marked/compressed/set_parameters] /view rosrpc://ubuntu:47530
[rosmaster.master][INFO] 2017-09-26 18:47:39,133: -SERVICE [/image/marked/theora/set_parameters] /view rosrpc://ubuntu:47530
[rosmaster.master][INFO] 2017-09-26 18:47:39,137: -SERVICE [/view/change_mode] /view rosrpc://ubuntu:47530
[rosmaster.master][INFO] 2017-09-26 18:47:39,138: -SERVICE [/view/rectangle_mode] /view rosrpc://ubuntu:47530
[rosmaster.master][INFO] 2017-09-26 18:47:39,140: -SERVICE [/view/grabcut_mode] /view rosrpc://ubuntu:47530
[rosmaster.master][INFO] 2017-09-26 18:47:39,143: -SERVICE [/view/grabcut_rect_mode] /view rosrpc://ubuntu:47530
[rosmaster.master][INFO] 2017-09-26 18:47:39,146: -SERVICE [/view/line_mode] /view rosrpc://ubuntu:47530
[rosmaster.master][INFO] 2017-09-26 18:47:39,151: -SERVICE [/view/poly_mode] /view rosrpc://ubuntu:47530
[rosmaster.master][INFO] 2017-09-26 18:47:39,154: -SERVICE [/view/none_mode] /view rosrpc://ubuntu:47530
[rosmaster.master][INFO] 2017-09-26 18:47:39,157: -SERVICE [/view/set_parameters] /view rosrpc://ubuntu:47530
[rosmaster.master][INFO] 2017-09-26 18:47:39,531: -PUB [/rosout_agg] /rosout http://ubuntu:35118/
[rosmaster.master][INFO] 2017-09-26 18:47:39,532: -SUB [/rosout] /rosout http://ubuntu:35118/
[rosmaster.master][INFO] 2017-09-26 18:47:39,532: -SERVICE [/rosout/get_loggers] /rosout rosrpc://ubuntu:48645
[rosmaster.master][INFO] 2017-09-26 18:47:39,533: -SERVICE [/rosout/set_logger_level] /rosout rosrpc://ubuntu:48645
[rosmaster.main][INFO] 2017-09-26 18:47:39,607: keyboard interrupt, will exit
[rosmaster.main][INFO] 2017-09-26 18:47:39,607: stopping master...
[rospy.core][INFO] 2017-09-26 18:47:39,608: signal_shutdown [atexit]
