[rosmaster.main][INFO] 2017-09-26 18:53:10,230: initialization complete, waiting for shutdown
[rosmaster.main][INFO] 2017-09-26 18:53:10,230: Starting ROS Master Node
[xmlrpc][INFO] 2017-09-26 18:53:10,231: XML-RPC server binding to 0.0.0.0:11311
[xmlrpc][INFO] 2017-09-26 18:53:10,231: Started XML-RPC server [http://ubuntu:11311/]
[xmlrpc][INFO] 2017-09-26 18:53:10,231: xml rpc node: starting XML-RPC server
[rosmaster.master][INFO] 2017-09-26 18:53:10,231: Master initialized: port[11311], uri[http://ubuntu:11311/]
[rosmaster.master][INFO] 2017-09-26 18:53:10,270: +PARAM [/run_id] by /roslaunch
[rosmaster.master][INFO] 2017-09-26 18:53:10,271: +PARAM [/roslaunch/uris/host_ubuntu__46542] by /roslaunch
[rosmaster.master][INFO] 2017-09-26 18:53:10,339: +PARAM [/rosversion] by /roslaunch
[rosmaster.master][INFO] 2017-09-26 18:53:10,339: +PARAM [/rosdistro] by /roslaunch
[rosmaster.master][INFO] 2017-09-26 18:53:10,339: +PARAM [/camera/device_id] by /roslaunch
[rosmaster.master][INFO] 2017-09-26 18:53:10,360: +SERVICE [/rosout/get_loggers] /rosout http://ubuntu:37759/
[rosmaster.master][INFO] 2017-09-26 18:53:10,361: +SERVICE [/rosout/set_logger_level] /rosout http://ubuntu:37759/
[rosmaster.master][INFO] 2017-09-26 18:53:10,363: +PUB [/rosout_agg] /rosout http://ubuntu:37759/
[rosmaster.master][INFO] 2017-09-26 18:53:10,373: +SUB [/rosout] /rosout http://ubuntu:37759/
[rosmaster.master][INFO] 2017-09-26 18:53:10,475: +PUB [/rosout] /mask_orange http://ubuntu:40611/
[rosmaster.master][INFO] 2017-09-26 18:53:10,476: +SERVICE [/mask_orange/get_loggers] /mask_orange http://ubuntu:40611/
[rosmaster.master][INFO] 2017-09-26 18:53:10,477: +SERVICE [/mask_orange/set_logger_level] /mask_orange http://ubuntu:40611/
[rosmaster.master][INFO] 2017-09-26 18:53:10,529: +PUB [/rosout] /camera http://ubuntu:33006/
[rosmaster.master][INFO] 2017-09-26 18:53:10,530: +SERVICE [/camera/get_loggers] /camera http://ubuntu:33006/
[rosmaster.master][INFO] 2017-09-26 18:53:10,531: publisherUpdate[/rosout] -> http://ubuntu:37759/ ['http://ubuntu:40611/']
[rosmaster.master][INFO] 2017-09-26 18:53:10,535: publisherUpdate[/rosout] -> http://ubuntu:37759/ ['http://ubuntu:40611/']: sec=0.00, result=[1, '', 0]
[rosmaster.master][INFO] 2017-09-26 18:53:10,535: publisherUpdate[/rosout] -> http://ubuntu:37759/ ['http://ubuntu:40611/', 'http://ubuntu:33006/']
[rosmaster.master][INFO] 2017-09-26 18:53:10,536: publisherUpdate[/rosout] -> http://ubuntu:37759/ ['http://ubuntu:40611/', 'http://ubuntu:33006/']: sec=0.00, result=[1, '', 0]
[rosmaster.master][INFO] 2017-09-26 18:53:10,536: +SERVICE [/camera/set_logger_level] /camera http://ubuntu:33006/
[rosmaster.master][INFO] 2017-09-26 18:53:10,547: +PUB [/rosout] /view http://ubuntu:34590/
[rosmaster.master][INFO] 2017-09-26 18:53:10,551: +SERVICE [/view/get_loggers] /view http://ubuntu:34590/
[rosmaster.master][INFO] 2017-09-26 18:53:10,563: +SERVICE [/view/set_logger_level] /view http://ubuntu:34590/
[rosmaster.master][INFO] 2017-09-26 18:53:10,583: +SUB [/tf] /view http://ubuntu:34590/
[rosmaster.master][INFO] 2017-09-26 18:53:10,592: +SUB [/tf_static] /view http://ubuntu:34590/
[rosmaster.master][INFO] 2017-09-26 18:53:10,632: publisherUpdate[/rosout] -> http://ubuntu:37759/ ['http://ubuntu:40611/', 'http://ubuntu:33006/', 'http://ubuntu:34590/']
[rosmaster.master][INFO] 2017-09-26 18:53:10,633: publisherUpdate[/rosout] -> http://ubuntu:37759/ ['http://ubuntu:40611/', 'http://ubuntu:33006/', 'http://ubuntu:34590/']: sec=0.00, result=[1, '', 0]
[rosmaster.master][INFO] 2017-09-26 18:53:10,643: +SERVICE [/camera/set_camera_info] /camera http://ubuntu:33006/
[rosmaster.master][INFO] 2017-09-26 18:53:10,669: +PUB [/image/screenpoint] /view http://ubuntu:34590/
[rosmaster.master][INFO] 2017-09-26 18:53:10,670: +PUB [/image/screenpoint_array] /view http://ubuntu:34590/
[rosmaster.master][INFO] 2017-09-26 18:53:10,671: +PUB [/image/screenrectangle] /view http://ubuntu:34590/
[rosmaster.master][INFO] 2017-09-26 18:53:10,672: +PUB [/image/screenrectangle_image] /view http://ubuntu:34590/
[rosmaster.master][INFO] 2017-09-26 18:53:10,673: +PUB [/image/movepoint] /view http://ubuntu:34590/
[rosmaster.master][INFO] 2017-09-26 18:53:10,674: +PUB [/image/foreground] /view http://ubuntu:34590/
[rosmaster.master][INFO] 2017-09-26 18:53:10,679: +PUB [/image/background] /view http://ubuntu:34590/
[rosmaster.master][INFO] 2017-09-26 18:53:10,681: +PUB [/image/foreground_rect] /view http://ubuntu:34590/
[rosmaster.master][INFO] 2017-09-26 18:53:10,682: +PUB [/image/background_rect] /view http://ubuntu:34590/
[rosmaster.master][INFO] 2017-09-26 18:53:10,683: +SUB [/camera/image_raw] /mask_orange http://ubuntu:40611/
[rosmaster.master][INFO] 2017-09-26 18:53:10,687: +PUB [/image/line] /view http://ubuntu:34590/
[rosmaster.master][INFO] 2017-09-26 18:53:10,693: +PUB [/image/poly] /view http://ubuntu:34590/
[rosmaster.master][INFO] 2017-09-26 18:53:10,772: +PUB [/image/compressedDepth] /mask_orange http://ubuntu:40611/
[rosmaster.master][INFO] 2017-09-26 18:53:10,775: +SERVICE [/image/compressedDepth/set_parameters] /mask_orange http://ubuntu:40611/
[rosmaster.master][INFO] 2017-09-26 18:53:10,776: +PUB [/image/compressedDepth/parameter_descriptions] /mask_orange http://ubuntu:40611/
[rosmaster.master][INFO] 2017-09-26 18:53:10,777: +PUB [/image/compressedDepth/parameter_updates] /mask_orange http://ubuntu:40611/
[rosmaster.master][INFO] 2017-09-26 18:53:10,783: +PARAM [/image/compressedDepth/depth_max] by /mask_orange
[rosmaster.master][INFO] 2017-09-26 18:53:10,787: +PARAM [/image/compressedDepth/depth_quantization] by /mask_orange
[rosmaster.master][INFO] 2017-09-26 18:53:10,788: +PARAM [/image/compressedDepth/png_level] by /mask_orange
[rosmaster.master][INFO] 2017-09-26 18:53:10,789: +PARAM [/image/compressedDepth/depth_max] by /mask_orange
[rosmaster.master][INFO] 2017-09-26 18:53:10,792: +PARAM [/image/compressedDepth/depth_quantization] by /mask_orange
[rosmaster.master][INFO] 2017-09-26 18:53:10,795: +PARAM [/image/compressedDepth/png_level] by /mask_orange
[rosmaster.master][INFO] 2017-09-26 18:53:10,810: +PUB [/image_marked/compressedDepth] /view http://ubuntu:34590/
[rosmaster.master][INFO] 2017-09-26 18:53:10,811: +SERVICE [/image_marked/compressedDepth/set_parameters] /view http://ubuntu:34590/
[rosmaster.master][INFO] 2017-09-26 18:53:10,814: +PUB [/image_marked/compressedDepth/parameter_descriptions] /view http://ubuntu:34590/
[rosmaster.master][INFO] 2017-09-26 18:53:10,816: +PUB [/image_marked/compressedDepth/parameter_updates] /view http://ubuntu:34590/
[rosmaster.master][INFO] 2017-09-26 18:53:10,819: +PARAM [/image_marked/compressedDepth/depth_max] by /view
[rosmaster.master][INFO] 2017-09-26 18:53:10,824: +PARAM [/image_marked/compressedDepth/depth_quantization] by /view
[rosmaster.master][INFO] 2017-09-26 18:53:10,825: +PARAM [/image_marked/compressedDepth/png_level] by /view
[rosmaster.master][INFO] 2017-09-26 18:53:10,828: +PARAM [/image_marked/compressedDepth/depth_max] by /view
[rosmaster.master][INFO] 2017-09-26 18:53:10,829: +PARAM [/image_marked/compressedDepth/depth_quantization] by /view
[rosmaster.master][INFO] 2017-09-26 18:53:10,834: +PARAM [/image_marked/compressedDepth/png_level] by /view
[rosmaster.master][INFO] 2017-09-26 18:53:10,901: +PUB [/image/compressed] /mask_orange http://ubuntu:40611/
[rosmaster.master][INFO] 2017-09-26 18:53:10,903: +SERVICE [/image/compressed/set_parameters] /mask_orange http://ubuntu:40611/
[rosmaster.master][INFO] 2017-09-26 18:53:10,904: +PUB [/image/compressed/parameter_descriptions] /mask_orange http://ubuntu:40611/
[rosmaster.master][INFO] 2017-09-26 18:53:10,905: +PUB [/image/compressed/parameter_updates] /mask_orange http://ubuntu:40611/
[rosmaster.master][INFO] 2017-09-26 18:53:10,908: +PARAM [/image/compressed/format] by /mask_orange
[rosmaster.master][INFO] 2017-09-26 18:53:10,911: +PARAM [/image/compressed/jpeg_quality] by /mask_orange
[rosmaster.master][INFO] 2017-09-26 18:53:10,915: +PARAM [/image/compressed/png_level] by /mask_orange
[rosmaster.master][INFO] 2017-09-26 18:53:10,917: +PARAM [/image/compressed/format] by /mask_orange
[rosmaster.master][INFO] 2017-09-26 18:53:10,927: +PARAM [/image/compressed/jpeg_quality] by /mask_orange
[rosmaster.master][INFO] 2017-09-26 18:53:10,928: +PARAM [/image/compressed/png_level] by /mask_orange
[rosmaster.master][INFO] 2017-09-26 18:53:10,961: +PUB [/image_marked/compressed] /view http://ubuntu:34590/
[rosmaster.master][INFO] 2017-09-26 18:53:10,962: +SERVICE [/image_marked/compressed/set_parameters] /view http://ubuntu:34590/
[rosmaster.master][INFO] 2017-09-26 18:53:10,963: +PUB [/image_marked/compressed/parameter_descriptions] /view http://ubuntu:34590/
[rosmaster.master][INFO] 2017-09-26 18:53:10,964: +PUB [/image_marked/compressed/parameter_updates] /view http://ubuntu:34590/
[rosmaster.master][INFO] 2017-09-26 18:53:10,966: +PARAM [/image_marked/compressed/format] by /view
[rosmaster.master][INFO] 2017-09-26 18:53:10,968: +PARAM [/image_marked/compressed/jpeg_quality] by /view
[rosmaster.master][INFO] 2017-09-26 18:53:10,976: +PARAM [/image_marked/compressed/png_level] by /view
[rosmaster.master][INFO] 2017-09-26 18:53:10,978: +PARAM [/image_marked/compressed/format] by /view
[rosmaster.master][INFO] 2017-09-26 18:53:10,983: +PUB [/camera/image_raw/compressedDepth] /camera http://ubuntu:33006/
[rosmaster.master][INFO] 2017-09-26 18:53:10,984: +PARAM [/image_marked/compressed/jpeg_quality] by /view
[rosmaster.master][INFO] 2017-09-26 18:53:10,985: +SERVICE [/camera/image_raw/compressedDepth/set_parameters] /camera http://ubuntu:33006/
[rosmaster.master][INFO] 2017-09-26 18:53:10,987: +PARAM [/image_marked/compressed/png_level] by /view
[rosmaster.master][INFO] 2017-09-26 18:53:10,991: +PUB [/camera/image_raw/compressedDepth/parameter_descriptions] /camera http://ubuntu:33006/
[rosmaster.master][INFO] 2017-09-26 18:53:10,998: +PUB [/camera/image_raw/compressedDepth/parameter_updates] /camera http://ubuntu:33006/
[rosmaster.master][INFO] 2017-09-26 18:53:11,012: +PARAM [/camera/image_raw/compressedDepth/depth_max] by /camera
[rosmaster.master][INFO] 2017-09-26 18:53:11,016: +PARAM [/camera/image_raw/compressedDepth/depth_quantization] by /camera
[rosmaster.master][INFO] 2017-09-26 18:53:11,016: +PARAM [/camera/image_raw/compressedDepth/png_level] by /camera
[rosmaster.master][INFO] 2017-09-26 18:53:11,017: +PARAM [/camera/image_raw/compressedDepth/depth_max] by /camera
[rosmaster.master][INFO] 2017-09-26 18:53:11,018: +PARAM [/camera/image_raw/compressedDepth/depth_quantization] by /camera
[rosmaster.master][INFO] 2017-09-26 18:53:11,028: +PARAM [/camera/image_raw/compressedDepth/png_level] by /camera
[rosmaster.master][INFO] 2017-09-26 18:53:11,041: +PUB [/image] /mask_orange http://ubuntu:40611/
[rosmaster.master][INFO] 2017-09-26 18:53:11,103: +PUB [/image_marked] /view http://ubuntu:34590/
[rosmaster.master][INFO] 2017-09-26 18:53:11,135: +PUB [/camera/image_raw/compressed] /camera http://ubuntu:33006/
[rosmaster.master][INFO] 2017-09-26 18:53:11,136: +SERVICE [/camera/image_raw/compressed/set_parameters] /camera http://ubuntu:33006/
[rosmaster.master][INFO] 2017-09-26 18:53:11,137: +PUB [/camera/image_raw/compressed/parameter_descriptions] /camera http://ubuntu:33006/
[rosmaster.master][INFO] 2017-09-26 18:53:11,139: +PUB [/camera/image_raw/compressed/parameter_updates] /camera http://ubuntu:33006/
[rosmaster.master][INFO] 2017-09-26 18:53:11,142: +PARAM [/camera/image_raw/compressed/format] by /camera
[rosmaster.master][INFO] 2017-09-26 18:53:11,142: +PARAM [/camera/image_raw/compressed/jpeg_quality] by /camera
[rosmaster.master][INFO] 2017-09-26 18:53:11,148: +PARAM [/camera/image_raw/compressed/png_level] by /camera
[rosmaster.master][INFO] 2017-09-26 18:53:11,153: +PARAM [/camera/image_raw/compressed/format] by /camera
[rosmaster.master][INFO] 2017-09-26 18:53:11,155: +PARAM [/camera/image_raw/compressed/jpeg_quality] by /camera
[rosmaster.master][INFO] 2017-09-26 18:53:11,158: +PARAM [/camera/image_raw/compressed/png_level] by /camera
[rosmaster.master][INFO] 2017-09-26 18:53:11,167: +PUB [/image/theora] /mask_orange http://ubuntu:40611/
[rosmaster.master][INFO] 2017-09-26 18:53:11,171: +SERVICE [/image/theora/set_parameters] /mask_orange http://ubuntu:40611/
[rosmaster.master][INFO] 2017-09-26 18:53:11,176: +PUB [/image/theora/parameter_descriptions] /mask_orange http://ubuntu:40611/
[rosmaster.master][INFO] 2017-09-26 18:53:11,177: +PUB [/image/theora/parameter_updates] /mask_orange http://ubuntu:40611/
[rosmaster.master][INFO] 2017-09-26 18:53:11,192: +PARAM [/image/theora/optimize_for] by /mask_orange
[rosmaster.master][INFO] 2017-09-26 18:53:11,192: +PARAM [/image/theora/target_bitrate] by /mask_orange
[rosmaster.master][INFO] 2017-09-26 18:53:11,196: +PARAM [/image/theora/quality] by /mask_orange
[rosmaster.master][INFO] 2017-09-26 18:53:11,200: +PARAM [/image/theora/keyframe_frequency] by /mask_orange
[rosmaster.master][INFO] 2017-09-26 18:53:11,200: +PARAM [/image/theora/optimize_for] by /mask_orange
[rosmaster.master][INFO] 2017-09-26 18:53:11,217: +PARAM [/image/theora/target_bitrate] by /mask_orange
[rosmaster.master][INFO] 2017-09-26 18:53:11,219: +PARAM [/image/theora/quality] by /mask_orange
[rosmaster.master][INFO] 2017-09-26 18:53:11,228: +PARAM [/image/theora/keyframe_frequency] by /mask_orange
[rosmaster.master][INFO] 2017-09-26 18:53:11,230: +PARAM [/low_h] by /mask_orange
[rosmaster.master][INFO] 2017-09-26 18:53:11,236: +PARAM [/low_s] by /mask_orange
[rosmaster.master][INFO] 2017-09-26 18:53:11,238: +PARAM [/low_v] by /mask_orange
[rosmaster.master][INFO] 2017-09-26 18:53:11,241: +PARAM [/high_h] by /mask_orange
[rosmaster.master][INFO] 2017-09-26 18:53:11,248: +PARAM [/high_s] by /mask_orange
[rosmaster.master][INFO] 2017-09-26 18:53:11,250: +PUB [/image_marked/theora] /view http://ubuntu:34590/
[rosmaster.master][INFO] 2017-09-26 18:53:11,253: +PARAM [/high_v] by /mask_orange
[rosmaster.master][INFO] 2017-09-26 18:53:11,255: +SERVICE [/image_marked/theora/set_parameters] /view http://ubuntu:34590/
[rosmaster.master][INFO] 2017-09-26 18:53:11,262: +PUB [/image_marked/theora/parameter_descriptions] /view http://ubuntu:34590/
[rosmaster.master][INFO] 2017-09-26 18:53:11,268: +PUB [/image_marked/theora/parameter_updates] /view http://ubuntu:34590/
[rosmaster.master][INFO] 2017-09-26 18:53:11,277: +PARAM [/image_marked/theora/optimize_for] by /view
[rosmaster.master][INFO] 2017-09-26 18:53:11,283: +PARAM [/image_marked/theora/target_bitrate] by /view
[rosmaster.master][INFO] 2017-09-26 18:53:11,287: +PARAM [/image_marked/theora/quality] by /view
[rosmaster.master][INFO] 2017-09-26 18:53:11,289: +PARAM [/image_marked/theora/keyframe_frequency] by /view
[rosmaster.master][INFO] 2017-09-26 18:53:11,291: +PUB [/camera/image_raw] /camera http://ubuntu:33006/
[rosmaster.master][INFO] 2017-09-26 18:53:11,295: +PARAM [/image_marked/theora/optimize_for] by /view
[rosmaster.master][INFO] 2017-09-26 18:53:11,304: +PARAM [/image_marked/theora/target_bitrate] by /view
[rosmaster.master][INFO] 2017-09-26 18:53:11,305: +PARAM [/image_marked/theora/quality] by /view
[rosmaster.master][INFO] 2017-09-26 18:53:11,307: +PARAM [/image_marked/theora/keyframe_frequency] by /view
[rosmaster.master][INFO] 2017-09-26 18:53:11,340: publisherUpdate[/camera/image_raw] -> http://ubuntu:40611/ ['http://ubuntu:33006/']
[rosmaster.master][INFO] 2017-09-26 18:53:11,341: publisherUpdate[/camera/image_raw] -> http://ubuntu:40611/ ['http://ubuntu:33006/']: sec=0.00, result=[1, '', 0]
[rosmaster.master][INFO] 2017-09-26 18:53:11,417: +PUB [/image/marked/compressedDepth] /view http://ubuntu:34590/
[rosmaster.master][INFO] 2017-09-26 18:53:11,418: +PUB [/camera/image_raw/theora] /camera http://ubuntu:33006/
[rosmaster.master][INFO] 2017-09-26 18:53:11,419: +SERVICE [/image/marked/compressedDepth/set_parameters] /view http://ubuntu:34590/
[rosmaster.master][INFO] 2017-09-26 18:53:11,420: +PUB [/image/marked/compressedDepth/parameter_descriptions] /view http://ubuntu:34590/
[rosmaster.master][INFO] 2017-09-26 18:53:11,421: +PUB [/image/marked/compressedDepth/parameter_updates] /view http://ubuntu:34590/
[rosmaster.master][INFO] 2017-09-26 18:53:11,421: +SERVICE [/camera/image_raw/theora/set_parameters] /camera http://ubuntu:33006/
[rosmaster.master][INFO] 2017-09-26 18:53:11,427: +PUB [/camera/image_raw/theora/parameter_descriptions] /camera http://ubuntu:33006/
[rosmaster.master][INFO] 2017-09-26 18:53:11,436: +PUB [/camera/image_raw/theora/parameter_updates] /camera http://ubuntu:33006/
[rosmaster.master][INFO] 2017-09-26 18:53:11,450: +PARAM [/image/marked/compressedDepth/depth_max] by /view
[rosmaster.master][INFO] 2017-09-26 18:53:11,451: +PARAM [/image/marked/compressedDepth/depth_quantization] by /view
[rosmaster.master][INFO] 2017-09-26 18:53:11,455: +PARAM [/image/marked/compressedDepth/png_level] by /view
[rosmaster.master][INFO] 2017-09-26 18:53:11,456: +PARAM [/camera/image_raw/theora/optimize_for] by /camera
[rosmaster.master][INFO] 2017-09-26 18:53:11,458: +PARAM [/image/marked/compressedDepth/depth_max] by /view
[rosmaster.master][INFO] 2017-09-26 18:53:11,459: +PARAM [/camera/image_raw/theora/target_bitrate] by /camera
[rosmaster.master][INFO] 2017-09-26 18:53:11,462: +PARAM [/image/marked/compressedDepth/depth_quantization] by /view
[rosmaster.master][INFO] 2017-09-26 18:53:11,463: +PARAM [/camera/image_raw/theora/quality] by /camera
[rosmaster.master][INFO] 2017-09-26 18:53:11,467: +PARAM [/image/marked/compressedDepth/png_level] by /view
[rosmaster.master][INFO] 2017-09-26 18:53:11,471: +PARAM [/camera/image_raw/theora/keyframe_frequency] by /camera
[rosmaster.master][INFO] 2017-09-26 18:53:11,475: +PARAM [/camera/image_raw/theora/optimize_for] by /camera
[rosmaster.master][INFO] 2017-09-26 18:53:11,479: +PARAM [/camera/image_raw/theora/target_bitrate] by /camera
[rosmaster.master][INFO] 2017-09-26 18:53:11,480: +PARAM [/camera/image_raw/theora/quality] by /camera
[rosmaster.master][INFO] 2017-09-26 18:53:11,481: +PARAM [/camera/image_raw/theora/keyframe_frequency] by /camera
[rosmaster.master][INFO] 2017-09-26 18:53:11,482: +PUB [/camera/camera_info] /camera http://ubuntu:33006/
[rosmaster.master][INFO] 2017-09-26 18:53:11,541: +PUB [/image/marked/compressed] /view http://ubuntu:34590/
[rosmaster.master][INFO] 2017-09-26 18:53:11,541: +SERVICE [/image/marked/compressed/set_parameters] /view http://ubuntu:34590/
[rosmaster.master][INFO] 2017-09-26 18:53:11,543: +PUB [/image/marked/compressed/parameter_descriptions] /view http://ubuntu:34590/
[rosmaster.master][INFO] 2017-09-26 18:53:11,544: +PUB [/image/marked/compressed/parameter_updates] /view http://ubuntu:34590/
[rosmaster.master][INFO] 2017-09-26 18:53:11,548: +PARAM [/image/marked/compressed/format] by /view
[rosmaster.master][INFO] 2017-09-26 18:53:11,549: +PARAM [/image/marked/compressed/jpeg_quality] by /view
[rosmaster.master][INFO] 2017-09-26 18:53:11,551: +PARAM [/image/marked/compressed/png_level] by /view
[rosmaster.master][INFO] 2017-09-26 18:53:11,552: +PARAM [/image/marked/compressed/format] by /view
[rosmaster.master][INFO] 2017-09-26 18:53:11,553: +PARAM [/image/marked/compressed/jpeg_quality] by /view
[rosmaster.master][INFO] 2017-09-26 18:53:11,556: +PARAM [/image/marked/compressed/png_level] by /view
[rosmaster.master][INFO] 2017-09-26 18:53:11,609: +PUB [/image/marked] /view http://ubuntu:34590/
[rosmaster.master][INFO] 2017-09-26 18:53:11,666: +PUB [/image/marked/theora] /view http://ubuntu:34590/
[rosmaster.master][INFO] 2017-09-26 18:53:11,667: +SERVICE [/image/marked/theora/set_parameters] /view http://ubuntu:34590/
[rosmaster.master][INFO] 2017-09-26 18:53:11,668: +PUB [/image/marked/theora/parameter_descriptions] /view http://ubuntu:34590/
[rosmaster.master][INFO] 2017-09-26 18:53:11,669: +PUB [/image/marked/theora/parameter_updates] /view http://ubuntu:34590/
[rosmaster.master][INFO] 2017-09-26 18:53:11,674: +PARAM [/image/marked/theora/optimize_for] by /view
[rosmaster.master][INFO] 2017-09-26 18:53:11,675: +PARAM [/image/marked/theora/target_bitrate] by /view
[rosmaster.master][INFO] 2017-09-26 18:53:11,676: +PARAM [/image/marked/theora/quality] by /view
[rosmaster.master][INFO] 2017-09-26 18:53:11,679: +PARAM [/image/marked/theora/keyframe_frequency] by /view
[rosmaster.master][INFO] 2017-09-26 18:53:11,680: +PARAM [/image/marked/theora/optimize_for] by /view
[rosmaster.master][INFO] 2017-09-26 18:53:11,681: +PARAM [/image/marked/theora/target_bitrate] by /view
[rosmaster.master][INFO] 2017-09-26 18:53:11,682: +PARAM [/image/marked/theora/quality] by /view
[rosmaster.master][INFO] 2017-09-26 18:53:11,683: +PARAM [/image/marked/theora/keyframe_frequency] by /view
[rosmaster.master][INFO] 2017-09-26 18:53:11,744: +SUB [/image] /view http://ubuntu:34590/
[rosmaster.master][INFO] 2017-09-26 18:53:11,750: +SUB [/camera_info] /view http://ubuntu:34590/
[rosmaster.master][INFO] 2017-09-26 18:53:11,757: +SUB [/image_marker] /view http://ubuntu:34590/
[rosmaster.master][INFO] 2017-09-26 18:53:11,768: +SUB [/image/event] /view http://ubuntu:34590/
[rosmaster.master][INFO] 2017-09-26 18:53:11,769: +SERVICE [/view/change_mode] /view http://ubuntu:34590/
[rosmaster.master][INFO] 2017-09-26 18:53:11,769: +SERVICE [/view/rectangle_mode] /view http://ubuntu:34590/
[rosmaster.master][INFO] 2017-09-26 18:53:11,770: +SERVICE [/view/grabcut_mode] /view http://ubuntu:34590/
[rosmaster.master][INFO] 2017-09-26 18:53:11,771: +SERVICE [/view/grabcut_rect_mode] /view http://ubuntu:34590/
[rosmaster.master][INFO] 2017-09-26 18:53:11,771: +SERVICE [/view/line_mode] /view http://ubuntu:34590/
[rosmaster.master][INFO] 2017-09-26 18:53:11,776: +SERVICE [/view/poly_mode] /view http://ubuntu:34590/
[rosmaster.master][INFO] 2017-09-26 18:53:11,776: +SERVICE [/view/none_mode] /view http://ubuntu:34590/
[rosmaster.master][INFO] 2017-09-26 18:53:11,777: +SERVICE [/view/set_parameters] /view http://ubuntu:34590/
[rosmaster.master][INFO] 2017-09-26 18:53:11,778: +PUB [/view/parameter_descriptions] /view http://ubuntu:34590/
[rosmaster.master][INFO] 2017-09-26 18:53:11,779: +PUB [/view/parameter_updates] /view http://ubuntu:34590/
[rosmaster.master][INFO] 2017-09-26 18:53:11,790: +PARAM [/view/grid] by /view
[rosmaster.master][INFO] 2017-09-26 18:53:11,792: +PARAM [/view/fisheye_mode] by /view
[rosmaster.master][INFO] 2017-09-26 18:53:11,792: +PARAM [/view/div_u] by /view
[rosmaster.master][INFO] 2017-09-26 18:53:11,794: +PARAM [/view/div_v] by /view
[rosmaster.master][INFO] 2017-09-26 18:53:11,799: +PARAM [/view/grid_red] by /view
[rosmaster.master][INFO] 2017-09-26 18:53:11,800: +PARAM [/view/grid_green] by /view
[rosmaster.master][INFO] 2017-09-26 18:53:11,801: +PARAM [/view/grid_blue] by /view
[rosmaster.master][INFO] 2017-09-26 18:53:11,801: +PARAM [/view/grid_thickness] by /view
[rosmaster.master][INFO] 2017-09-26 18:53:11,802: +PARAM [/view/grid_space] by /view
[rosmaster.master][INFO] 2017-09-26 18:53:11,803: +PARAM [/view/grid] by /view
[rosmaster.master][INFO] 2017-09-26 18:53:11,807: +PARAM [/view/fisheye_mode] by /view
[rosmaster.master][INFO] 2017-09-26 18:53:11,808: +PARAM [/view/div_u] by /view
[rosmaster.master][INFO] 2017-09-26 18:53:11,809: +PARAM [/view/div_v] by /view
[rosmaster.master][INFO] 2017-09-26 18:53:11,809: +PARAM [/view/grid_red] by /view
[rosmaster.master][INFO] 2017-09-26 18:53:11,810: +PARAM [/view/grid_green] by /view
[rosmaster.master][INFO] 2017-09-26 18:53:11,811: +PARAM [/view/grid_blue] by /view
[rosmaster.master][INFO] 2017-09-26 18:53:11,814: +PARAM [/view/grid_thickness] by /view
[rosmaster.master][INFO] 2017-09-26 18:53:11,815: +PARAM [/view/grid_space] by /view
[rosmaster.master][INFO] 2017-09-26 18:53:14,380: +PUB [/rosout] /rqt_reconfigure http://ubuntu:46217/
[rosmaster.master][INFO] 2017-09-26 18:53:14,395: +SERVICE [/rqt_reconfigure/get_loggers] /rqt_reconfigure http://ubuntu:46217/
[rosmaster.master][INFO] 2017-09-26 18:53:14,404: +SERVICE [/rqt_reconfigure/set_logger_level] /rqt_reconfigure http://ubuntu:46217/
[rosmaster.master][INFO] 2017-09-26 18:53:14,470: publisherUpdate[/rosout] -> http://ubuntu:37759/ ['http://ubuntu:40611/', 'http://ubuntu:33006/', 'http://ubuntu:34590/', 'http://ubuntu:46217/']
[rosmaster.master][INFO] 2017-09-26 18:53:14,475: publisherUpdate[/rosout] -> http://ubuntu:37759/ ['http://ubuntu:40611/', 'http://ubuntu:33006/', 'http://ubuntu:34590/', 'http://ubuntu:46217/']: sec=0.00, result=[1, '', 0]
[rosmaster.master][INFO] 2017-09-26 18:53:14,753: +SUB [/camera/image_raw/compressed/parameter_descriptions] /rqt_reconfigure http://ubuntu:46217/
[rosmaster.master][INFO] 2017-09-26 18:53:14,784: +SUB [/camera/image_raw/compressed/parameter_updates] /rqt_reconfigure http://ubuntu:46217/
[rosmaster.master][INFO] 2017-09-26 18:53:14,824: +SUB [/camera/image_raw/theora/parameter_descriptions] /rqt_reconfigure http://ubuntu:46217/
[rosmaster.master][INFO] 2017-09-26 18:53:14,837: +SUB [/camera/image_raw/compressedDepth/parameter_descriptions] /rqt_reconfigure http://ubuntu:46217/
[rosmaster.master][INFO] 2017-09-26 18:53:14,855: +SUB [/camera/image_raw/compressedDepth/parameter_updates] /rqt_reconfigure http://ubuntu:46217/
[rosmaster.master][INFO] 2017-09-26 18:53:14,868: +SUB [/image/compressedDepth/parameter_descriptions] /rqt_reconfigure http://ubuntu:46217/
[rosmaster.master][INFO] 2017-09-26 18:53:14,891: +SUB [/image/marked/compressed/parameter_descriptions] /rqt_reconfigure http://ubuntu:46217/
[rosmaster.master][INFO] 2017-09-26 18:53:14,908: +SUB [/image/compressed/parameter_descriptions] /rqt_reconfigure http://ubuntu:46217/
[rosmaster.master][INFO] 2017-09-26 18:53:14,920: +SUB [/image/compressed/parameter_updates] /rqt_reconfigure http://ubuntu:46217/
[rosmaster.master][INFO] 2017-09-26 18:53:14,946: +SUB [/image/marked/compressedDepth/parameter_descriptions] /rqt_reconfigure http://ubuntu:46217/
[rosmaster.master][INFO] 2017-09-26 18:53:14,959: +SUB [/camera/image_raw/theora/parameter_updates] /rqt_reconfigure http://ubuntu:46217/
[rosmaster.master][INFO] 2017-09-26 18:53:14,970: +SUB [/image/theora/parameter_descriptions] /rqt_reconfigure http://ubuntu:46217/
[rosmaster.master][INFO] 2017-09-26 18:53:14,984: +SUB [/image/theora/parameter_updates] /rqt_reconfigure http://ubuntu:46217/
[rosmaster.master][INFO] 2017-09-26 18:53:14,993: +SUB [/image/compressedDepth/parameter_updates] /rqt_reconfigure http://ubuntu:46217/
[rosmaster.master][INFO] 2017-09-26 18:53:15,002: +SUB [/image_marked/compressed/parameter_descriptions] /rqt_reconfigure http://ubuntu:46217/
[rosmaster.master][INFO] 2017-09-26 18:53:15,009: +SUB [/image_marked/compressedDepth/parameter_descriptions] /rqt_reconfigure http://ubuntu:46217/
[rosmaster.master][INFO] 2017-09-26 18:53:15,019: +SUB [/image_marked/theora/parameter_descriptions] /rqt_reconfigure http://ubuntu:46217/
[rosmaster.master][INFO] 2017-09-26 18:53:15,028: +SUB [/image/marked/compressed/parameter_updates] /rqt_reconfigure http://ubuntu:46217/
[rosmaster.master][INFO] 2017-09-26 18:53:15,047: +SUB [/image/marked/theora/parameter_descriptions] /rqt_reconfigure http://ubuntu:46217/
[rosmaster.master][INFO] 2017-09-26 18:53:15,074: +SUB [/image/marked/compressedDepth/parameter_updates] /rqt_reconfigure http://ubuntu:46217/
[rosmaster.master][INFO] 2017-09-26 18:53:15,103: +SUB [/view/parameter_descriptions] /rqt_reconfigure http://ubuntu:46217/
[rosmaster.master][INFO] 2017-09-26 18:53:15,125: +SUB [/view/parameter_updates] /rqt_reconfigure http://ubuntu:46217/
[rosmaster.master][INFO] 2017-09-26 18:53:15,139: +SUB [/image_marked/theora/parameter_updates] /rqt_reconfigure http://ubuntu:46217/
[rosmaster.master][INFO] 2017-09-26 18:53:15,163: +SUB [/image_marked/compressedDepth/parameter_updates] /rqt_reconfigure http://ubuntu:46217/
[rosmaster.master][INFO] 2017-09-26 18:53:15,187: +SUB [/image_marked/compressed/parameter_updates] /rqt_reconfigure http://ubuntu:46217/
[rosmaster.master][INFO] 2017-09-26 18:53:15,199: +SUB [/image/marked/theora/parameter_updates] /rqt_reconfigure http://ubuntu:46217/
[rosmaster.master][INFO] 2017-09-26 18:53:20,801: -SUB [/image/marked/compressed/parameter_descriptions] /rqt_reconfigure http://ubuntu:46217/
[rosmaster.master][INFO] 2017-09-26 18:53:20,801: -SUB [/camera/image_raw/theora/parameter_descriptions] /rqt_reconfigure http://ubuntu:46217/
[rosmaster.master][INFO] 2017-09-26 18:53:20,801: -SUB [/image/marked/theora/parameter_descriptions] /rqt_reconfigure http://ubuntu:46217/
[rosmaster.master][INFO] 2017-09-26 18:53:20,801: -SUB [/image_marked/theora/parameter_descriptions] /rqt_reconfigure http://ubuntu:46217/
[rosmaster.master][INFO] 2017-09-26 18:53:20,802: -SUB [/image/compressedDepth/parameter_updates] /rqt_reconfigure http://ubuntu:46217/
[rosmaster.master][INFO] 2017-09-26 18:53:20,802: -SUB [/image/theora/parameter_descriptions] /rqt_reconfigure http://ubuntu:46217/
[rosmaster.master][INFO] 2017-09-26 18:53:20,802: -SUB [/image_marked/compressedDepth/parameter_descriptions] /rqt_reconfigure http://ubuntu:46217/
[rosmaster.master][INFO] 2017-09-26 18:53:20,802: -SUB [/image_marked/compressed/parameter_updates] /rqt_reconfigure http://ubuntu:46217/
[rosmaster.master][INFO] 2017-09-26 18:53:20,802: -SUB [/camera/image_raw/compressed/parameter_descriptions] /rqt_reconfigure http://ubuntu:46217/
[rosmaster.master][INFO] 2017-09-26 18:53:20,811: -SUB [/image_marked/compressedDepth/parameter_updates] /rqt_reconfigure http://ubuntu:46217/
[rosmaster.master][INFO] 2017-09-26 18:53:20,811: -SUB [/image/compressed/parameter_descriptions] /rqt_reconfigure http://ubuntu:46217/
[rosmaster.master][INFO] 2017-09-26 18:53:20,811: -SUB [/image/marked/theora/parameter_updates] /rqt_reconfigure http://ubuntu:46217/
[rosmaster.master][INFO] 2017-09-26 18:53:20,812: -SUB [/image/compressedDepth/parameter_descriptions] /rqt_reconfigure http://ubuntu:46217/
[rosmaster.master][INFO] 2017-09-26 18:53:20,812: -SUB [/image/marked/compressedDepth/parameter_descriptions] /rqt_reconfigure http://ubuntu:46217/
[rosmaster.master][INFO] 2017-09-26 18:53:20,812: -SUB [/camera/image_raw/compressedDepth/parameter_descriptions] /rqt_reconfigure http://ubuntu:46217/
[rosmaster.master][INFO] 2017-09-26 18:53:20,812: -SUB [/camera/image_raw/compressedDepth/parameter_updates] /rqt_reconfigure http://ubuntu:46217/
[rosmaster.master][INFO] 2017-09-26 18:53:20,812: -SUB [/camera/image_raw/theora/parameter_updates] /rqt_reconfigure http://ubuntu:46217/
[rosmaster.master][INFO] 2017-09-26 18:53:20,812: -SUB [/camera/image_raw/compressed/parameter_updates] /rqt_reconfigure http://ubuntu:46217/
[rosmaster.master][INFO] 2017-09-26 18:53:20,812: -SUB [/view/parameter_updates] /rqt_reconfigure http://ubuntu:46217/
[rosmaster.master][INFO] 2017-09-26 18:53:20,812: -SUB [/image_marked/theora/parameter_updates] /rqt_reconfigure http://ubuntu:46217/
[rosmaster.master][INFO] 2017-09-26 18:53:20,812: -SUB [/image/marked/compressed/parameter_updates] /rqt_reconfigure http://ubuntu:46217/
[rosmaster.master][INFO] 2017-09-26 18:53:20,812: -SUB [/image/marked/compressedDepth/parameter_updates] /rqt_reconfigure http://ubuntu:46217/
[rosmaster.master][INFO] 2017-09-26 18:53:20,812: -SUB [/view/parameter_descriptions] /rqt_reconfigure http://ubuntu:46217/
[rosmaster.master][INFO] 2017-09-26 18:53:20,812: -SUB [/image/compressed/parameter_updates] /rqt_reconfigure http://ubuntu:46217/
[rosmaster.master][INFO] 2017-09-26 18:53:20,821: -SUB [/image_marked/compressed/parameter_descriptions] /rqt_reconfigure http://ubuntu:46217/
[rosmaster.master][INFO] 2017-09-26 18:53:20,821: -SUB [/image/theora/parameter_updates] /rqt_reconfigure http://ubuntu:46217/
[rosmaster.master][INFO] 2017-09-26 18:53:20,821: -PUB [/rosout] /rqt_reconfigure http://ubuntu:46217/
[rosmaster.master][INFO] 2017-09-26 18:53:20,824: -SERVICE [/rqt_reconfigure/set_logger_level] /rqt_reconfigure rosrpc://ubuntu:45569
[rosmaster.master][INFO] 2017-09-26 18:53:20,825: -SERVICE [/rqt_reconfigure/get_loggers] /rqt_reconfigure rosrpc://ubuntu:45569
[rosmaster.master][INFO] 2017-09-26 18:53:20,842: publisherUpdate[/rosout] -> http://ubuntu:37759/ ['http://ubuntu:40611/', 'http://ubuntu:33006/', 'http://ubuntu:34590/']
[rosmaster.master][INFO] 2017-09-26 18:53:20,848: publisherUpdate[/rosout] -> http://ubuntu:37759/ ['http://ubuntu:40611/', 'http://ubuntu:33006/', 'http://ubuntu:34590/']: sec=0.00, result=[1, '', 0]
[rosmaster.master][INFO] 2017-09-26 18:53:24,544: -PUB [/rosout] /mask_orange http://ubuntu:40611/
[rosmaster.master][INFO] 2017-09-26 18:53:24,551: -PUB [/image/compressedDepth] /mask_orange http://ubuntu:40611/
[rosmaster.master][INFO] 2017-09-26 18:53:24,552: -PUB [/image/compressedDepth/parameter_descriptions] /mask_orange http://ubuntu:40611/
[rosmaster.master][INFO] 2017-09-26 18:53:24,554: -PUB [/image/compressedDepth/parameter_updates] /mask_orange http://ubuntu:40611/
[rosmaster.master][INFO] 2017-09-26 18:53:24,560: -PUB [/image/compressed] /mask_orange http://ubuntu:40611/
[rosmaster.master][INFO] 2017-09-26 18:53:24,563: -PUB [/image/compressed/parameter_descriptions] /mask_orange http://ubuntu:40611/
[rosmaster.master][INFO] 2017-09-26 18:53:24,568: -PUB [/image/compressed/parameter_updates] /mask_orange http://ubuntu:40611/
[rosmaster.master][INFO] 2017-09-26 18:53:24,568: -PUB [/image] /mask_orange http://ubuntu:40611/
[rosmaster.master][INFO] 2017-09-26 18:53:24,570: -PUB [/image/theora] /mask_orange http://ubuntu:40611/
[rosmaster.master][INFO] 2017-09-26 18:53:24,571: -PUB [/image/theora/parameter_descriptions] /mask_orange http://ubuntu:40611/
[rosmaster.master][INFO] 2017-09-26 18:53:24,575: -PUB [/image/theora/parameter_updates] /mask_orange http://ubuntu:40611/
[rosmaster.master][INFO] 2017-09-26 18:53:24,577: publisherUpdate[/rosout] -> http://ubuntu:37759/ ['http://ubuntu:33006/', 'http://ubuntu:34590/']
[rosmaster.master][INFO] 2017-09-26 18:53:24,577: publisherUpdate[/image] -> http://ubuntu:34590/ []
[rosmaster.master][INFO] 2017-09-26 18:53:24,579: publisherUpdate[/rosout] -> http://ubuntu:37759/ ['http://ubuntu:33006/', 'http://ubuntu:34590/']: sec=0.00, result=[1, '', 0]
[rosmaster.master][INFO] 2017-09-26 18:53:24,582: -SUB [/camera/image_raw] /mask_orange http://ubuntu:40611/
[rosmaster.master][INFO] 2017-09-26 18:53:24,588: publisherUpdate[/image] -> http://ubuntu:34590/ []: sec=0.01, result=[1, '', 0]
[rosmaster.master][INFO] 2017-09-26 18:53:24,591: -SERVICE [/mask_orange/get_loggers] /mask_orange rosrpc://ubuntu:51218
[rosmaster.master][INFO] 2017-09-26 18:53:24,603: -SERVICE [/mask_orange/set_logger_level] /mask_orange rosrpc://ubuntu:51218
[rosmaster.master][INFO] 2017-09-26 18:53:24,612: -SERVICE [/image/compressedDepth/set_parameters] /mask_orange rosrpc://ubuntu:51218
[rosmaster.master][INFO] 2017-09-26 18:53:24,620: -SERVICE [/image/compressed/set_parameters] /mask_orange rosrpc://ubuntu:51218
[rosmaster.master][INFO] 2017-09-26 18:53:24,621: -SERVICE [/image/theora/set_parameters] /mask_orange rosrpc://ubuntu:51218
[rosmaster.master][INFO] 2017-09-26 18:53:24,664: -PUB [/rosout] /camera http://ubuntu:33006/
[rosmaster.master][INFO] 2017-09-26 18:53:24,666: -PUB [/camera/image_raw/compressedDepth] /camera http://ubuntu:33006/
[rosmaster.master][INFO] 2017-09-26 18:53:24,671: -PUB [/camera/image_raw/compressedDepth/parameter_descriptions] /camera http://ubuntu:33006/
[rosmaster.master][INFO] 2017-09-26 18:53:24,674: -PUB [/camera/image_raw/compressedDepth/parameter_updates] /camera http://ubuntu:33006/
[rosmaster.master][INFO] 2017-09-26 18:53:24,677: -PUB [/camera/image_raw/compressed] /camera http://ubuntu:33006/
[rosmaster.master][INFO] 2017-09-26 18:53:24,678: -PUB [/camera/image_raw/compressed/parameter_descriptions] /camera http://ubuntu:33006/
[rosmaster.master][INFO] 2017-09-26 18:53:24,679: publisherUpdate[/rosout] -> http://ubuntu:37759/ ['http://ubuntu:34590/']
[rosmaster.master][INFO] 2017-09-26 18:53:24,688: publisherUpdate[/rosout] -> http://ubuntu:37759/ ['http://ubuntu:34590/']: sec=0.01, result=[1, '', 0]
[rosmaster.master][INFO] 2017-09-26 18:53:24,689: -PUB [/rosout] /view http://ubuntu:34590/
[rosmaster.master][INFO] 2017-09-26 18:53:24,690: -PUB [/camera/image_raw/compressed/parameter_updates] /camera http://ubuntu:33006/
[rosmaster.master][INFO] 2017-09-26 18:53:24,696: -PUB [/image/screenpoint] /view http://ubuntu:34590/
[rosmaster.master][INFO] 2017-09-26 18:53:24,696: -PUB [/camera/image_raw] /camera http://ubuntu:33006/
[rosmaster.master][INFO] 2017-09-26 18:53:24,699: -PUB [/camera/image_raw/theora] /camera http://ubuntu:33006/
[rosmaster.master][INFO] 2017-09-26 18:53:24,703: -PUB [/image/screenpoint_array] /view http://ubuntu:34590/
[rosmaster.master][INFO] 2017-09-26 18:53:24,704: -PUB [/camera/image_raw/theora/parameter_descriptions] /camera http://ubuntu:33006/
[rosmaster.master][INFO] 2017-09-26 18:53:24,708: -PUB [/camera/image_raw/theora/parameter_updates] /camera http://ubuntu:33006/
[rosmaster.master][INFO] 2017-09-26 18:53:24,714: -PUB [/image/screenrectangle] /view http://ubuntu:34590/
[rosmaster.master][INFO] 2017-09-26 18:53:24,720: -PUB [/camera/camera_info] /camera http://ubuntu:33006/
[rosmaster.master][INFO] 2017-09-26 18:53:24,724: -PUB [/image/screenrectangle_image] /view http://ubuntu:34590/
[rosmaster.master][INFO] 2017-09-26 18:53:24,725: -SERVICE [/camera/get_loggers] /camera rosrpc://ubuntu:43547
[rosmaster.master][INFO] 2017-09-26 18:53:24,734: -PUB [/image/movepoint] /view http://ubuntu:34590/
[rosmaster.master][INFO] 2017-09-26 18:53:24,737: -SERVICE [/camera/set_logger_level] /camera rosrpc://ubuntu:43547
[rosmaster.master][INFO] 2017-09-26 18:53:24,745: -PUB [/image/foreground] /view http://ubuntu:34590/
[rosmaster.master][INFO] 2017-09-26 18:53:24,746: -SERVICE [/camera/set_camera_info] /camera rosrpc://ubuntu:43547
[rosmaster.master][INFO] 2017-09-26 18:53:24,759: -PUB [/image/background] /view http://ubuntu:34590/
[rosmaster.master][INFO] 2017-09-26 18:53:24,760: -SERVICE [/camera/image_raw/compressedDepth/set_parameters] /camera rosrpc://ubuntu:43547
[rosmaster.master][INFO] 2017-09-26 18:53:24,763: -PUB [/image/foreground_rect] /view http://ubuntu:34590/
[rosmaster.master][INFO] 2017-09-26 18:53:24,764: -SERVICE [/camera/image_raw/compressed/set_parameters] /camera rosrpc://ubuntu:43547
[rosmaster.master][INFO] 2017-09-26 18:53:24,768: -SERVICE [/camera/image_raw/theora/set_parameters] /camera rosrpc://ubuntu:43547
[rosmaster.master][INFO] 2017-09-26 18:53:24,770: -PUB [/image/background_rect] /view http://ubuntu:34590/
[rosmaster.master][INFO] 2017-09-26 18:53:24,771: -PUB [/image/line] /view http://ubuntu:34590/
[rosmaster.master][INFO] 2017-09-26 18:53:24,774: -PUB [/image/poly] /view http://ubuntu:34590/
[rosmaster.master][INFO] 2017-09-26 18:53:24,775: -PUB [/image_marked/compressedDepth] /view http://ubuntu:34590/
[rosmaster.master][INFO] 2017-09-26 18:53:24,780: -PUB [/image_marked/compressedDepth/parameter_descriptions] /view http://ubuntu:34590/
[rosmaster.master][INFO] 2017-09-26 18:53:24,784: -PUB [/image_marked/compressedDepth/parameter_updates] /view http://ubuntu:34590/
[rosmaster.master][INFO] 2017-09-26 18:53:24,791: publisherUpdate[/rosout] -> http://ubuntu:37759/ []
[rosmaster.master][INFO] 2017-09-26 18:53:24,798: publisherUpdate[/rosout] -> http://ubuntu:37759/ []: sec=0.00, result=[1, '', 0]
[rosmaster.master][INFO] 2017-09-26 18:53:24,799: -PUB [/image_marked/compressed] /view http://ubuntu:34590/
[rosmaster.master][INFO] 2017-09-26 18:53:24,801: -PUB [/image_marked/compressed/parameter_descriptions] /view http://ubuntu:34590/
[rosmaster.master][INFO] 2017-09-26 18:53:24,811: -PUB [/image_marked/compressed/parameter_updates] /view http://ubuntu:34590/
[rosmaster.master][INFO] 2017-09-26 18:53:24,813: -PUB [/image_marked] /view http://ubuntu:34590/
[rosmaster.master][INFO] 2017-09-26 18:53:24,815: -PUB [/image_marked/theora] /view http://ubuntu:34590/
[rosmaster.master][INFO] 2017-09-26 18:53:24,820: -PUB [/image_marked/theora/parameter_descriptions] /view http://ubuntu:34590/
[rosmaster.master][INFO] 2017-09-26 18:53:24,821: -PUB [/image_marked/theora/parameter_updates] /view http://ubuntu:34590/
[rosmaster.master][INFO] 2017-09-26 18:53:24,822: -PUB [/image/marked/compressedDepth] /view http://ubuntu:34590/
[rosmaster.master][INFO] 2017-09-26 18:53:24,823: -PUB [/image/marked/compressedDepth/parameter_descriptions] /view http://ubuntu:34590/
[rosmaster.master][INFO] 2017-09-26 18:53:24,826: -PUB [/image/marked/compressedDepth/parameter_updates] /view http://ubuntu:34590/
[rosmaster.master][INFO] 2017-09-26 18:53:24,828: -PUB [/image/marked/compressed] /view http://ubuntu:34590/
[rosmaster.master][INFO] 2017-09-26 18:53:24,833: -PUB [/image/marked/compressed/parameter_descriptions] /view http://ubuntu:34590/
[rosmaster.master][INFO] 2017-09-26 18:53:24,836: -PUB [/image/marked/compressed/parameter_updates] /view http://ubuntu:34590/
[rosmaster.master][INFO] 2017-09-26 18:53:24,840: -PUB [/image/marked] /view http://ubuntu:34590/
[rosmaster.master][INFO] 2017-09-26 18:53:24,844: -PUB [/image/marked/theora] /view http://ubuntu:34590/
[rosmaster.master][INFO] 2017-09-26 18:53:24,853: -PUB [/image/marked/theora/parameter_descriptions] /view http://ubuntu:34590/
[rosmaster.master][INFO] 2017-09-26 18:53:24,856: -PUB [/image/marked/theora/parameter_updates] /view http://ubuntu:34590/
[rosmaster.master][INFO] 2017-09-26 18:53:24,860: -PUB [/view/parameter_descriptions] /view http://ubuntu:34590/
[rosmaster.master][INFO] 2017-09-26 18:53:24,862: -PUB [/view/parameter_updates] /view http://ubuntu:34590/
[rosmaster.master][INFO] 2017-09-26 18:53:24,863: -SUB [/tf] /view http://ubuntu:34590/
[rosmaster.master][INFO] 2017-09-26 18:53:24,864: -SUB [/tf_static] /view http://ubuntu:34590/
[rosmaster.master][INFO] 2017-09-26 18:53:24,866: -SUB [/image] /view http://ubuntu:34590/
[rosmaster.master][INFO] 2017-09-26 18:53:24,868: -SUB [/camera_info] /view http://ubuntu:34590/
[rosmaster.master][INFO] 2017-09-26 18:53:24,869: -SUB [/image_marker] /view http://ubuntu:34590/
[rosmaster.master][INFO] 2017-09-26 18:53:24,871: -SUB [/image/event] /view http://ubuntu:34590/
[rosmaster.master][INFO] 2017-09-26 18:53:24,872: -SERVICE [/view/get_loggers] /view rosrpc://ubuntu:35182
[rosmaster.master][INFO] 2017-09-26 18:53:24,872: -SERVICE [/view/set_logger_level] /view rosrpc://ubuntu:35182
[rosmaster.master][INFO] 2017-09-26 18:53:24,874: -SERVICE [/image_marked/compressedDepth/set_parameters] /view rosrpc://ubuntu:35182
[rosmaster.master][INFO] 2017-09-26 18:53:24,875: -SERVICE [/image_marked/compressed/set_parameters] /view rosrpc://ubuntu:35182
[rosmaster.master][INFO] 2017-09-26 18:53:24,876: -SERVICE [/image_marked/theora/set_parameters] /view rosrpc://ubuntu:35182
[rosmaster.master][INFO] 2017-09-26 18:53:24,878: -SERVICE [/image/marked/compressedDepth/set_parameters] /view rosrpc://ubuntu:35182
[rosmaster.master][INFO] 2017-09-26 18:53:24,879: -SERVICE [/image/marked/compressed/set_parameters] /view rosrpc://ubuntu:35182
[rosmaster.master][INFO] 2017-09-26 18:53:24,881: -SERVICE [/image/marked/theora/set_parameters] /view rosrpc://ubuntu:35182
[rosmaster.master][INFO] 2017-09-26 18:53:24,882: -SERVICE [/view/change_mode] /view rosrpc://ubuntu:35182
[rosmaster.master][INFO] 2017-09-26 18:53:24,885: -SERVICE [/view/rectangle_mode] /view rosrpc://ubuntu:35182
[rosmaster.master][INFO] 2017-09-26 18:53:24,886: -SERVICE [/view/grabcut_mode] /view rosrpc://ubuntu:35182
[rosmaster.master][INFO] 2017-09-26 18:53:24,892: -SERVICE [/view/grabcut_rect_mode] /view rosrpc://ubuntu:35182
[rosmaster.master][INFO] 2017-09-26 18:53:24,893: -SERVICE [/view/line_mode] /view rosrpc://ubuntu:35182
[rosmaster.master][INFO] 2017-09-26 18:53:24,897: -SERVICE [/view/poly_mode] /view rosrpc://ubuntu:35182
[rosmaster.master][INFO] 2017-09-26 18:53:24,900: -SERVICE [/view/none_mode] /view rosrpc://ubuntu:35182
[rosmaster.master][INFO] 2017-09-26 18:53:24,904: -SERVICE [/view/set_parameters] /view rosrpc://ubuntu:35182
[rosmaster.master][INFO] 2017-09-26 18:53:25,294: -PUB [/rosout_agg] /rosout http://ubuntu:37759/
[rosmaster.master][INFO] 2017-09-26 18:53:25,295: -SUB [/rosout] /rosout http://ubuntu:37759/
[rosmaster.master][INFO] 2017-09-26 18:53:25,296: -SERVICE [/rosout/get_loggers] /rosout rosrpc://ubuntu:53973
[rosmaster.master][INFO] 2017-09-26 18:53:25,298: -SERVICE [/rosout/set_logger_level] /rosout rosrpc://ubuntu:53973
[rosmaster.main][INFO] 2017-09-26 18:53:25,329: keyboard interrupt, will exit
[rosmaster.main][INFO] 2017-09-26 18:53:25,329: stopping master...
[rospy.core][INFO] 2017-09-26 18:53:25,329: signal_shutdown [atexit]
