[rosmaster.main][INFO] 2017-09-28 16:37:17,842: initialization complete, waiting for shutdown
[rosmaster.main][INFO] 2017-09-28 16:37:17,842: Starting ROS Master Node
[xmlrpc][INFO] 2017-09-28 16:37:17,843: XML-RPC server binding to 0.0.0.0:11311
[xmlrpc][INFO] 2017-09-28 16:37:17,843: Started XML-RPC server [http://ubuntu:11311/]
[xmlrpc][INFO] 2017-09-28 16:37:17,843: xml rpc node: starting XML-RPC server
[rosmaster.master][INFO] 2017-09-28 16:37:17,843: Master initialized: port[11311], uri[http://ubuntu:11311/]
[rosmaster.master][INFO] 2017-09-28 16:37:17,903: +PARAM [/run_id] by /roslaunch
[rosmaster.master][INFO] 2017-09-28 16:37:17,905: +PARAM [/roslaunch/uris/host_ubuntu__43854] by /roslaunch
[rosmaster.master][INFO] 2017-09-28 16:37:17,984: +PARAM [/rosversion] by /roslaunch
[rosmaster.master][INFO] 2017-09-28 16:37:17,985: +PARAM [/rosdistro] by /roslaunch
[rosmaster.master][INFO] 2017-09-28 16:37:17,985: +PARAM [/camera/device_id] by /roslaunch
[rosmaster.master][INFO] 2017-09-28 16:37:17,995: +SERVICE [/rosout/get_loggers] /rosout http://ubuntu:45554/
[rosmaster.master][INFO] 2017-09-28 16:37:17,996: +SERVICE [/rosout/set_logger_level] /rosout http://ubuntu:45554/
[rosmaster.master][INFO] 2017-09-28 16:37:17,998: +PUB [/rosout_agg] /rosout http://ubuntu:45554/
[rosmaster.master][INFO] 2017-09-28 16:37:18,001: +SUB [/rosout] /rosout http://ubuntu:45554/
[rosmaster.master][INFO] 2017-09-28 16:37:18,123: +PUB [/rosout] /mask http://ubuntu:40927/
[rosmaster.master][INFO] 2017-09-28 16:37:18,124: +SERVICE [/mask/get_loggers] /mask http://ubuntu:40927/
[rosmaster.master][INFO] 2017-09-28 16:37:18,126: +SERVICE [/mask/set_logger_level] /mask http://ubuntu:40927/
[rosmaster.master][INFO] 2017-09-28 16:37:18,133: +PUB [/rosout] /camera http://ubuntu:46862/
[rosmaster.master][INFO] 2017-09-28 16:37:18,134: +SERVICE [/camera/get_loggers] /camera http://ubuntu:46862/
[rosmaster.master][INFO] 2017-09-28 16:37:18,136: +SERVICE [/camera/set_logger_level] /camera http://ubuntu:46862/
[rosmaster.master][INFO] 2017-09-28 16:37:18,148: publisherUpdate[/rosout] -> http://ubuntu:45554/ ['http://ubuntu:40927/']
[rosmaster.master][INFO] 2017-09-28 16:37:18,151: publisherUpdate[/rosout] -> http://ubuntu:45554/ ['http://ubuntu:40927/']: sec=0.00, result=[1, '', 0]
[rosmaster.master][INFO] 2017-09-28 16:37:18,151: publisherUpdate[/rosout] -> http://ubuntu:45554/ ['http://ubuntu:40927/', 'http://ubuntu:46862/']
[rosmaster.master][INFO] 2017-09-28 16:37:18,152: publisherUpdate[/rosout] -> http://ubuntu:45554/ ['http://ubuntu:40927/', 'http://ubuntu:46862/']: sec=0.00, result=[1, '', 0]
[rosmaster.master][INFO] 2017-09-28 16:37:18,154: +PUB [/rosout] /view http://ubuntu:37453/
[rosmaster.master][INFO] 2017-09-28 16:37:18,155: +SERVICE [/view/get_loggers] /view http://ubuntu:37453/
[rosmaster.master][INFO] 2017-09-28 16:37:18,161: +SERVICE [/view/set_logger_level] /view http://ubuntu:37453/
[rosmaster.master][INFO] 2017-09-28 16:37:18,169: +SUB [/tf] /view http://ubuntu:37453/
[rosmaster.master][INFO] 2017-09-28 16:37:18,179: +SUB [/tf_static] /view http://ubuntu:37453/
[rosmaster.master][INFO] 2017-09-28 16:37:18,188: +SERVICE [/camera/set_camera_info] /camera http://ubuntu:46862/
[rosmaster.master][INFO] 2017-09-28 16:37:18,222: +PUB [/image/screenpoint] /view http://ubuntu:37453/
[rosmaster.master][INFO] 2017-09-28 16:37:18,223: +PUB [/image/screenpoint_array] /view http://ubuntu:37453/
[rosmaster.master][INFO] 2017-09-28 16:37:18,224: +PUB [/image/screenrectangle] /view http://ubuntu:37453/
[rosmaster.master][INFO] 2017-09-28 16:37:18,227: +PUB [/image/screenrectangle_image] /view http://ubuntu:37453/
[rosmaster.master][INFO] 2017-09-28 16:37:18,227: +PUB [/image/movepoint] /view http://ubuntu:37453/
[rosmaster.master][INFO] 2017-09-28 16:37:18,228: +PUB [/image/foreground] /view http://ubuntu:37453/
[rosmaster.master][INFO] 2017-09-28 16:37:18,229: +PUB [/image/background] /view http://ubuntu:37453/
[rosmaster.master][INFO] 2017-09-28 16:37:18,229: +PUB [/image/foreground_rect] /view http://ubuntu:37453/
[rosmaster.master][INFO] 2017-09-28 16:37:18,230: +PUB [/image/background_rect] /view http://ubuntu:37453/
[rosmaster.master][INFO] 2017-09-28 16:37:18,231: +PUB [/image/line] /view http://ubuntu:37453/
[rosmaster.master][INFO] 2017-09-28 16:37:18,232: +PUB [/image/poly] /view http://ubuntu:37453/
[rosmaster.master][INFO] 2017-09-28 16:37:18,252: publisherUpdate[/rosout] -> http://ubuntu:45554/ ['http://ubuntu:40927/', 'http://ubuntu:46862/', 'http://ubuntu:37453/']
[rosmaster.master][INFO] 2017-09-28 16:37:18,252: publisherUpdate[/rosout] -> http://ubuntu:45554/ ['http://ubuntu:40927/', 'http://ubuntu:46862/', 'http://ubuntu:37453/']: sec=0.00, result=[1, '', 0]
[rosmaster.master][INFO] 2017-09-28 16:37:18,260: +SUB [/camera/image_raw] /mask http://ubuntu:40927/
[rosmaster.master][INFO] 2017-09-28 16:37:18,303: +PUB [/image_marked/compressedDepth] /view http://ubuntu:37453/
[rosmaster.master][INFO] 2017-09-28 16:37:18,307: +SERVICE [/image_marked/compressedDepth/set_parameters] /view http://ubuntu:37453/
[rosmaster.master][INFO] 2017-09-28 16:37:18,307: +PUB [/image_marked/compressedDepth/parameter_descriptions] /view http://ubuntu:37453/
[rosmaster.master][INFO] 2017-09-28 16:37:18,308: +PUB [/image_marked/compressedDepth/parameter_updates] /view http://ubuntu:37453/
[rosmaster.master][INFO] 2017-09-28 16:37:18,310: +PARAM [/image_marked/compressedDepth/depth_max] by /view
[rosmaster.master][INFO] 2017-09-28 16:37:18,311: +PARAM [/image_marked/compressedDepth/depth_quantization] by /view
[rosmaster.master][INFO] 2017-09-28 16:37:18,312: +PARAM [/image_marked/compressedDepth/png_level] by /view
[rosmaster.master][INFO] 2017-09-28 16:37:18,313: +PARAM [/image_marked/compressedDepth/depth_max] by /view
[rosmaster.master][INFO] 2017-09-28 16:37:18,315: +PARAM [/image_marked/compressedDepth/depth_quantization] by /view
[rosmaster.master][INFO] 2017-09-28 16:37:18,316: +PARAM [/image_marked/compressedDepth/png_level] by /view
[rosmaster.master][INFO] 2017-09-28 16:37:18,320: +PUB [/image/compressedDepth] /mask http://ubuntu:40927/
[rosmaster.master][INFO] 2017-09-28 16:37:18,324: +SERVICE [/image/compressedDepth/set_parameters] /mask http://ubuntu:40927/
[rosmaster.master][INFO] 2017-09-28 16:37:18,325: +PUB [/image/compressedDepth/parameter_descriptions] /mask http://ubuntu:40927/
[rosmaster.master][INFO] 2017-09-28 16:37:18,326: +PUB [/image/compressedDepth/parameter_updates] /mask http://ubuntu:40927/
[rosmaster.master][INFO] 2017-09-28 16:37:18,329: +PARAM [/image/compressedDepth/depth_max] by /mask
[rosmaster.master][INFO] 2017-09-28 16:37:18,332: +PARAM [/image/compressedDepth/depth_quantization] by /mask
[rosmaster.master][INFO] 2017-09-28 16:37:18,333: +PARAM [/image/compressedDepth/png_level] by /mask
[rosmaster.master][INFO] 2017-09-28 16:37:18,334: +PARAM [/image/compressedDepth/depth_max] by /mask
[rosmaster.master][INFO] 2017-09-28 16:37:18,334: +PARAM [/image/compressedDepth/depth_quantization] by /mask
[rosmaster.master][INFO] 2017-09-28 16:37:18,336: +PARAM [/image/compressedDepth/png_level] by /mask
[rosmaster.master][INFO] 2017-09-28 16:37:18,378: +PUB [/image_marked/compressed] /view http://ubuntu:37453/
[rosmaster.master][INFO] 2017-09-28 16:37:18,379: +SERVICE [/image_marked/compressed/set_parameters] /view http://ubuntu:37453/
[rosmaster.master][INFO] 2017-09-28 16:37:18,379: +PUB [/image_marked/compressed/parameter_descriptions] /view http://ubuntu:37453/
[rosmaster.master][INFO] 2017-09-28 16:37:18,380: +PUB [/image_marked/compressed/parameter_updates] /view http://ubuntu:37453/
[rosmaster.master][INFO] 2017-09-28 16:37:18,382: +PARAM [/image_marked/compressed/format] by /view
[rosmaster.master][INFO] 2017-09-28 16:37:18,383: +PARAM [/image_marked/compressed/jpeg_quality] by /view
[rosmaster.master][INFO] 2017-09-28 16:37:18,385: +PARAM [/image_marked/compressed/png_level] by /view
[rosmaster.master][INFO] 2017-09-28 16:37:18,390: +PARAM [/image_marked/compressed/format] by /view
[rosmaster.master][INFO] 2017-09-28 16:37:18,391: +PARAM [/image_marked/compressed/jpeg_quality] by /view
[rosmaster.master][INFO] 2017-09-28 16:37:18,391: +PARAM [/image_marked/compressed/png_level] by /view
[rosmaster.master][INFO] 2017-09-28 16:37:18,397: +PUB [/image/compressed] /mask http://ubuntu:40927/
[rosmaster.master][INFO] 2017-09-28 16:37:18,398: +SERVICE [/image/compressed/set_parameters] /mask http://ubuntu:40927/
[rosmaster.master][INFO] 2017-09-28 16:37:18,399: +PUB [/image/compressed/parameter_descriptions] /mask http://ubuntu:40927/
[rosmaster.master][INFO] 2017-09-28 16:37:18,400: +PUB [/image/compressed/parameter_updates] /mask http://ubuntu:40927/
[rosmaster.master][INFO] 2017-09-28 16:37:18,404: +PARAM [/image/compressed/format] by /mask
[rosmaster.master][INFO] 2017-09-28 16:37:18,412: +PARAM [/image/compressed/jpeg_quality] by /mask
[rosmaster.master][INFO] 2017-09-28 16:37:18,416: +PARAM [/image/compressed/png_level] by /mask
[rosmaster.master][INFO] 2017-09-28 16:37:18,417: +PARAM [/image/compressed/format] by /mask
[rosmaster.master][INFO] 2017-09-28 16:37:18,418: +PARAM [/image/compressed/jpeg_quality] by /mask
[rosmaster.master][INFO] 2017-09-28 16:37:18,418: +PARAM [/image/compressed/png_level] by /mask
[rosmaster.master][INFO] 2017-09-28 16:37:18,476: +PUB [/image_marked] /view http://ubuntu:37453/
[rosmaster.master][INFO] 2017-09-28 16:37:18,490: +PUB [/camera/image_raw/compressedDepth] /camera http://ubuntu:46862/
[rosmaster.master][INFO] 2017-09-28 16:37:18,491: +SERVICE [/camera/image_raw/compressedDepth/set_parameters] /camera http://ubuntu:46862/
[rosmaster.master][INFO] 2017-09-28 16:37:18,492: +PUB [/camera/image_raw/compressedDepth/parameter_descriptions] /camera http://ubuntu:46862/
[rosmaster.master][INFO] 2017-09-28 16:37:18,493: +PUB [/camera/image_raw/compressedDepth/parameter_updates] /camera http://ubuntu:46862/
[rosmaster.master][INFO] 2017-09-28 16:37:18,495: +PARAM [/camera/image_raw/compressedDepth/depth_max] by /camera
[rosmaster.master][INFO] 2017-09-28 16:37:18,496: +PARAM [/camera/image_raw/compressedDepth/depth_quantization] by /camera
[rosmaster.master][INFO] 2017-09-28 16:37:18,497: +PUB [/image] /mask http://ubuntu:40927/
[rosmaster.master][INFO] 2017-09-28 16:37:18,500: +PARAM [/camera/image_raw/compressedDepth/png_level] by /camera
[rosmaster.master][INFO] 2017-09-28 16:37:18,505: +PARAM [/camera/image_raw/compressedDepth/depth_max] by /camera
[rosmaster.master][INFO] 2017-09-28 16:37:18,509: +PARAM [/camera/image_raw/compressedDepth/depth_quantization] by /camera
[rosmaster.master][INFO] 2017-09-28 16:37:18,509: +PARAM [/camera/image_raw/compressedDepth/png_level] by /camera
[rosmaster.master][INFO] 2017-09-28 16:37:18,571: +PUB [/image_marked/theora] /view http://ubuntu:37453/
[rosmaster.master][INFO] 2017-09-28 16:37:18,572: +SERVICE [/image_marked/theora/set_parameters] /view http://ubuntu:37453/
[rosmaster.master][INFO] 2017-09-28 16:37:18,576: +PUB [/image_marked/theora/parameter_descriptions] /view http://ubuntu:37453/
[rosmaster.master][INFO] 2017-09-28 16:37:18,576: +PUB [/image_marked/theora/parameter_updates] /view http://ubuntu:37453/
[rosmaster.master][INFO] 2017-09-28 16:37:18,580: +PARAM [/image_marked/theora/optimize_for] by /view
[rosmaster.master][INFO] 2017-09-28 16:37:18,583: +PARAM [/image_marked/theora/target_bitrate] by /view
[rosmaster.master][INFO] 2017-09-28 16:37:18,584: +PARAM [/image_marked/theora/quality] by /view
[rosmaster.master][INFO] 2017-09-28 16:37:18,588: +PARAM [/image_marked/theora/keyframe_frequency] by /view
[rosmaster.master][INFO] 2017-09-28 16:37:18,588: +PARAM [/image_marked/theora/optimize_for] by /view
[rosmaster.master][INFO] 2017-09-28 16:37:18,591: +PARAM [/image_marked/theora/target_bitrate] by /view
[rosmaster.master][INFO] 2017-09-28 16:37:18,594: +PARAM [/image_marked/theora/quality] by /view
[rosmaster.master][INFO] 2017-09-28 16:37:18,595: +PUB [/camera/image_raw/compressed] /camera http://ubuntu:46862/
[rosmaster.master][INFO] 2017-09-28 16:37:18,595: +PARAM [/image_marked/theora/keyframe_frequency] by /view
[rosmaster.master][INFO] 2017-09-28 16:37:18,600: +PUB [/image/theora] /mask http://ubuntu:40927/
[rosmaster.master][INFO] 2017-09-28 16:37:18,600: +SERVICE [/camera/image_raw/compressed/set_parameters] /camera http://ubuntu:46862/
[rosmaster.master][INFO] 2017-09-28 16:37:18,604: +SERVICE [/image/theora/set_parameters] /mask http://ubuntu:40927/
[rosmaster.master][INFO] 2017-09-28 16:37:18,605: +PUB [/camera/image_raw/compressed/parameter_descriptions] /camera http://ubuntu:46862/
[rosmaster.master][INFO] 2017-09-28 16:37:18,606: +PUB [/image/theora/parameter_descriptions] /mask http://ubuntu:40927/
[rosmaster.master][INFO] 2017-09-28 16:37:18,608: +PUB [/camera/image_raw/compressed/parameter_updates] /camera http://ubuntu:46862/
[rosmaster.master][INFO] 2017-09-28 16:37:18,609: +PUB [/image/theora/parameter_updates] /mask http://ubuntu:40927/
[rosmaster.master][INFO] 2017-09-28 16:37:18,616: +PARAM [/camera/image_raw/compressed/format] by /camera
[rosmaster.master][INFO] 2017-09-28 16:37:18,620: +PARAM [/camera/image_raw/compressed/jpeg_quality] by /camera
[rosmaster.master][INFO] 2017-09-28 16:37:18,621: +PARAM [/image/theora/optimize_for] by /mask
[rosmaster.master][INFO] 2017-09-28 16:37:18,621: +PARAM [/camera/image_raw/compressed/png_level] by /camera
[rosmaster.master][INFO] 2017-09-28 16:37:18,622: +PARAM [/image/theora/target_bitrate] by /mask
[rosmaster.master][INFO] 2017-09-28 16:37:18,624: +PARAM [/camera/image_raw/compressed/format] by /camera
[rosmaster.master][INFO] 2017-09-28 16:37:18,625: +PARAM [/image/theora/quality] by /mask
[rosmaster.master][INFO] 2017-09-28 16:37:18,628: +PARAM [/camera/image_raw/compressed/jpeg_quality] by /camera
[rosmaster.master][INFO] 2017-09-28 16:37:18,629: +PARAM [/image/theora/keyframe_frequency] by /mask
[rosmaster.master][INFO] 2017-09-28 16:37:18,629: +PARAM [/camera/image_raw/compressed/png_level] by /camera
[rosmaster.master][INFO] 2017-09-28 16:37:18,636: +PARAM [/image/theora/optimize_for] by /mask
[rosmaster.master][INFO] 2017-09-28 16:37:18,640: +PARAM [/image/theora/target_bitrate] by /mask
[rosmaster.master][INFO] 2017-09-28 16:37:18,641: +PARAM [/image/theora/quality] by /mask
[rosmaster.master][INFO] 2017-09-28 16:37:18,641: +PARAM [/image/theora/keyframe_frequency] by /mask
[rosmaster.master][INFO] 2017-09-28 16:37:18,656: +PUB [/image/marked/compressedDepth] /view http://ubuntu:37453/
[rosmaster.master][INFO] 2017-09-28 16:37:18,657: +SERVICE [/image/marked/compressedDepth/set_parameters] /view http://ubuntu:37453/
[rosmaster.master][INFO] 2017-09-28 16:37:18,658: +PUB [/image/marked/compressedDepth/parameter_descriptions] /view http://ubuntu:37453/
[rosmaster.master][INFO] 2017-09-28 16:37:18,659: +PUB [/image/marked/compressedDepth/parameter_updates] /view http://ubuntu:37453/
[rosmaster.master][INFO] 2017-09-28 16:37:18,662: +PARAM [/image/marked/compressedDepth/depth_max] by /view
[rosmaster.master][INFO] 2017-09-28 16:37:18,663: +PARAM [/image/marked/compressedDepth/depth_quantization] by /view
[rosmaster.master][INFO] 2017-09-28 16:37:18,668: +PARAM [/image/marked/compressedDepth/png_level] by /view
[rosmaster.master][INFO] 2017-09-28 16:37:18,669: +PARAM [/image/marked/compressedDepth/depth_max] by /view
[rosmaster.master][INFO] 2017-09-28 16:37:18,670: +PARAM [/image/marked/compressedDepth/depth_quantization] by /view
[rosmaster.master][INFO] 2017-09-28 16:37:18,670: +PARAM [/image/marked/compressedDepth/png_level] by /view
[rosmaster.master][INFO] 2017-09-28 16:37:18,693: +PUB [/camera/image_raw] /camera http://ubuntu:46862/
[rosmaster.master][INFO] 2017-09-28 16:37:18,720: +PUB [/image/marked/compressed] /view http://ubuntu:37453/
[rosmaster.master][INFO] 2017-09-28 16:37:18,721: +SERVICE [/image/marked/compressed/set_parameters] /view http://ubuntu:37453/
[rosmaster.master][INFO] 2017-09-28 16:37:18,722: +PUB [/image/marked/compressed/parameter_descriptions] /view http://ubuntu:37453/
[rosmaster.master][INFO] 2017-09-28 16:37:18,724: +PUB [/image/marked/compressed/parameter_updates] /view http://ubuntu:37453/
[rosmaster.master][INFO] 2017-09-28 16:37:18,726: +PARAM [/image/marked/compressed/format] by /view
[rosmaster.master][INFO] 2017-09-28 16:37:18,727: +PARAM [/image/marked/compressed/jpeg_quality] by /view
[rosmaster.master][INFO] 2017-09-28 16:37:18,728: +PARAM [/image/marked/compressed/png_level] by /view
[rosmaster.master][INFO] 2017-09-28 16:37:18,731: +PARAM [/image/marked/compressed/format] by /view
[rosmaster.master][INFO] 2017-09-28 16:37:18,732: +PARAM [/image/marked/compressed/jpeg_quality] by /view
[rosmaster.master][INFO] 2017-09-28 16:37:18,736: +PARAM [/image/marked/compressed/png_level] by /view
[rosmaster.master][INFO] 2017-09-28 16:37:18,754: publisherUpdate[/camera/image_raw] -> http://ubuntu:40927/ ['http://ubuntu:46862/']
[rosmaster.master][INFO] 2017-09-28 16:37:18,755: publisherUpdate[/camera/image_raw] -> http://ubuntu:40927/ ['http://ubuntu:46862/']: sec=0.00, result=[1, '', 0]
[rosmaster.master][INFO] 2017-09-28 16:37:18,757: +PUB [/camera/image_raw/theora] /camera http://ubuntu:46862/
[rosmaster.master][INFO] 2017-09-28 16:37:18,760: +SERVICE [/camera/image_raw/theora/set_parameters] /camera http://ubuntu:46862/
[rosmaster.master][INFO] 2017-09-28 16:37:18,761: +PUB [/camera/image_raw/theora/parameter_descriptions] /camera http://ubuntu:46862/
[rosmaster.master][INFO] 2017-09-28 16:37:18,762: +PUB [/camera/image_raw/theora/parameter_updates] /camera http://ubuntu:46862/
[rosmaster.master][INFO] 2017-09-28 16:37:18,764: +PARAM [/camera/image_raw/theora/optimize_for] by /camera
[rosmaster.master][INFO] 2017-09-28 16:37:18,765: +PARAM [/camera/image_raw/theora/target_bitrate] by /camera
[rosmaster.master][INFO] 2017-09-28 16:37:18,768: +PARAM [/camera/image_raw/theora/quality] by /camera
[rosmaster.master][INFO] 2017-09-28 16:37:18,769: +PARAM [/camera/image_raw/theora/keyframe_frequency] by /camera
[rosmaster.master][INFO] 2017-09-28 16:37:18,770: +PARAM [/camera/image_raw/theora/optimize_for] by /camera
[rosmaster.master][INFO] 2017-09-28 16:37:18,770: +PARAM [/camera/image_raw/theora/target_bitrate] by /camera
[rosmaster.master][INFO] 2017-09-28 16:37:18,772: +PARAM [/camera/image_raw/theora/quality] by /camera
[rosmaster.master][INFO] 2017-09-28 16:37:18,773: +PARAM [/camera/image_raw/theora/keyframe_frequency] by /camera
[rosmaster.master][INFO] 2017-09-28 16:37:18,776: +PUB [/camera/camera_info] /camera http://ubuntu:46862/
[rosmaster.master][INFO] 2017-09-28 16:37:18,794: +PUB [/image/marked] /view http://ubuntu:37453/
[rosmaster.master][INFO] 2017-09-28 16:37:18,823: +PUB [/image/marked/theora] /view http://ubuntu:37453/
[rosmaster.master][INFO] 2017-09-28 16:37:18,824: +SERVICE [/image/marked/theora/set_parameters] /view http://ubuntu:37453/
[rosmaster.master][INFO] 2017-09-28 16:37:18,824: +PUB [/image/marked/theora/parameter_descriptions] /view http://ubuntu:37453/
[rosmaster.master][INFO] 2017-09-28 16:37:18,825: +PUB [/image/marked/theora/parameter_updates] /view http://ubuntu:37453/
[rosmaster.master][INFO] 2017-09-28 16:37:18,828: +PARAM [/image/marked/theora/optimize_for] by /view
[rosmaster.master][INFO] 2017-09-28 16:37:18,828: +PARAM [/image/marked/theora/target_bitrate] by /view
[rosmaster.master][INFO] 2017-09-28 16:37:18,829: +PARAM [/image/marked/theora/quality] by /view
[rosmaster.master][INFO] 2017-09-28 16:37:18,830: +PARAM [/image/marked/theora/keyframe_frequency] by /view
[rosmaster.master][INFO] 2017-09-28 16:37:18,830: +PARAM [/image/marked/theora/optimize_for] by /view
[rosmaster.master][INFO] 2017-09-28 16:37:18,831: +PARAM [/image/marked/theora/target_bitrate] by /view
[rosmaster.master][INFO] 2017-09-28 16:37:18,832: +PARAM [/image/marked/theora/quality] by /view
[rosmaster.master][INFO] 2017-09-28 16:37:18,832: +PARAM [/image/marked/theora/keyframe_frequency] by /view
[rosmaster.master][INFO] 2017-09-28 16:37:18,862: +SUB [/image] /view http://ubuntu:37453/
[rosmaster.master][INFO] 2017-09-28 16:37:18,865: +SUB [/camera_info] /view http://ubuntu:37453/
[rosmaster.master][INFO] 2017-09-28 16:37:18,869: +SUB [/image_marker] /view http://ubuntu:37453/
[rosmaster.master][INFO] 2017-09-28 16:37:18,872: +SUB [/image/event] /view http://ubuntu:37453/
[rosmaster.master][INFO] 2017-09-28 16:37:18,873: +SERVICE [/view/change_mode] /view http://ubuntu:37453/
[rosmaster.master][INFO] 2017-09-28 16:37:18,874: +SERVICE [/view/rectangle_mode] /view http://ubuntu:37453/
[rosmaster.master][INFO] 2017-09-28 16:37:18,874: +SERVICE [/view/grabcut_mode] /view http://ubuntu:37453/
[rosmaster.master][INFO] 2017-09-28 16:37:18,875: +SERVICE [/view/grabcut_rect_mode] /view http://ubuntu:37453/
[rosmaster.master][INFO] 2017-09-28 16:37:18,876: +SERVICE [/view/line_mode] /view http://ubuntu:37453/
[rosmaster.master][INFO] 2017-09-28 16:37:18,876: +SERVICE [/view/poly_mode] /view http://ubuntu:37453/
[rosmaster.master][INFO] 2017-09-28 16:37:18,877: +SERVICE [/view/none_mode] /view http://ubuntu:37453/
[rosmaster.master][INFO] 2017-09-28 16:37:18,878: +SERVICE [/view/set_parameters] /view http://ubuntu:37453/
[rosmaster.master][INFO] 2017-09-28 16:37:18,878: +PUB [/view/parameter_descriptions] /view http://ubuntu:37453/
[rosmaster.master][INFO] 2017-09-28 16:37:18,879: +PUB [/view/parameter_updates] /view http://ubuntu:37453/
[rosmaster.master][INFO] 2017-09-28 16:37:18,884: +PARAM [/view/grid] by /view
[rosmaster.master][INFO] 2017-09-28 16:37:18,885: +PARAM [/view/fisheye_mode] by /view
[rosmaster.master][INFO] 2017-09-28 16:37:18,886: +PARAM [/view/div_u] by /view
[rosmaster.master][INFO] 2017-09-28 16:37:18,886: +PARAM [/view/div_v] by /view
[rosmaster.master][INFO] 2017-09-28 16:37:18,887: +PARAM [/view/grid_red] by /view
[rosmaster.master][INFO] 2017-09-28 16:37:18,888: +PARAM [/view/grid_green] by /view
[rosmaster.master][INFO] 2017-09-28 16:37:18,888: +PARAM [/view/grid_blue] by /view
[rosmaster.master][INFO] 2017-09-28 16:37:18,889: +PARAM [/view/grid_thickness] by /view
[rosmaster.master][INFO] 2017-09-28 16:37:18,889: +PARAM [/view/grid_space] by /view
[rosmaster.master][INFO] 2017-09-28 16:37:18,890: +PARAM [/view/grid] by /view
[rosmaster.master][INFO] 2017-09-28 16:37:18,891: +PARAM [/view/fisheye_mode] by /view
[rosmaster.master][INFO] 2017-09-28 16:37:18,891: +PARAM [/view/div_u] by /view
[rosmaster.master][INFO] 2017-09-28 16:37:18,892: +PARAM [/view/div_v] by /view
[rosmaster.master][INFO] 2017-09-28 16:37:18,893: +PARAM [/view/grid_red] by /view
[rosmaster.master][INFO] 2017-09-28 16:37:18,894: +PARAM [/view/grid_green] by /view
[rosmaster.master][INFO] 2017-09-28 16:37:18,894: +PARAM [/view/grid_blue] by /view
[rosmaster.master][INFO] 2017-09-28 16:37:18,895: +PARAM [/view/grid_thickness] by /view
[rosmaster.master][INFO] 2017-09-28 16:37:18,896: +PARAM [/view/grid_space] by /view
[rosmaster.master][INFO] 2017-09-28 16:37:43,257: -PUB [/rosout] /camera http://ubuntu:46862/
[rosmaster.master][INFO] 2017-09-28 16:37:43,264: -PUB [/camera/image_raw/compressedDepth] /camera http://ubuntu:46862/
[rosmaster.master][INFO] 2017-09-28 16:37:43,265: -PUB [/camera/image_raw/compressedDepth/parameter_descriptions] /camera http://ubuntu:46862/
[rosmaster.master][INFO] 2017-09-28 16:37:43,266: -PUB [/camera/image_raw/compressedDepth/parameter_updates] /camera http://ubuntu:46862/
[rosmaster.master][INFO] 2017-09-28 16:37:43,266: -PUB [/camera/image_raw/compressed] /camera http://ubuntu:46862/
[rosmaster.master][INFO] 2017-09-28 16:37:43,268: -PUB [/camera/image_raw/compressed/parameter_descriptions] /camera http://ubuntu:46862/
[rosmaster.master][INFO] 2017-09-28 16:37:43,275: -PUB [/camera/image_raw/compressed/parameter_updates] /camera http://ubuntu:46862/
[rosmaster.master][INFO] 2017-09-28 16:37:43,278: -PUB [/camera/image_raw] /camera http://ubuntu:46862/
[rosmaster.master][INFO] 2017-09-28 16:37:43,280: -PUB [/camera/image_raw/theora] /camera http://ubuntu:46862/
[rosmaster.master][INFO] 2017-09-28 16:37:43,284: -PUB [/camera/image_raw/theora/parameter_descriptions] /camera http://ubuntu:46862/
[rosmaster.master][INFO] 2017-09-28 16:37:43,288: -PUB [/camera/image_raw/theora/parameter_updates] /camera http://ubuntu:46862/
[rosmaster.master][INFO] 2017-09-28 16:37:43,288: publisherUpdate[/rosout] -> http://ubuntu:45554/ ['http://ubuntu:40927/', 'http://ubuntu:37453/']
[rosmaster.master][INFO] 2017-09-28 16:37:43,293: publisherUpdate[/rosout] -> http://ubuntu:45554/ ['http://ubuntu:40927/', 'http://ubuntu:37453/']: sec=0.01, result=[1, '', 0]
[rosmaster.master][INFO] 2017-09-28 16:37:43,294: publisherUpdate[/camera/image_raw] -> http://ubuntu:40927/ []
[rosmaster.master][INFO] 2017-09-28 16:37:43,298: publisherUpdate[/camera/image_raw] -> http://ubuntu:40927/ []: sec=0.00, result=[0, 'Unknown Error', 0]
[rosmaster.master][INFO] 2017-09-28 16:37:43,306: -PUB [/camera/camera_info] /camera http://ubuntu:46862/
[rosmaster.master][INFO] 2017-09-28 16:37:43,312: -SERVICE [/camera/get_loggers] /camera rosrpc://ubuntu:38294
[rosmaster.master][INFO] 2017-09-28 16:37:43,320: -SERVICE [/camera/set_logger_level] /camera rosrpc://ubuntu:38294
[rosmaster.master][INFO] 2017-09-28 16:37:43,324: -SERVICE [/camera/set_camera_info] /camera rosrpc://ubuntu:38294
[rosmaster.master][INFO] 2017-09-28 16:37:43,330: -SERVICE [/camera/image_raw/compressedDepth/set_parameters] /camera rosrpc://ubuntu:38294
[rosmaster.master][INFO] 2017-09-28 16:37:43,334: -SERVICE [/camera/image_raw/compressed/set_parameters] /camera rosrpc://ubuntu:38294
[rosmaster.master][INFO] 2017-09-28 16:37:43,338: -SERVICE [/camera/image_raw/theora/set_parameters] /camera rosrpc://ubuntu:38294
[rosmaster.master][INFO] 2017-09-28 16:37:43,357: -PUB [/rosout] /view http://ubuntu:37453/
[rosmaster.master][INFO] 2017-09-28 16:37:43,360: -PUB [/image/screenpoint] /view http://ubuntu:37453/
[rosmaster.master][INFO] 2017-09-28 16:37:43,362: -PUB [/image/screenpoint_array] /view http://ubuntu:37453/
[rosmaster.master][INFO] 2017-09-28 16:37:43,372: -PUB [/image/screenrectangle] /view http://ubuntu:37453/
[rosmaster.master][INFO] 2017-09-28 16:37:43,375: -PUB [/image/screenrectangle_image] /view http://ubuntu:37453/
[rosmaster.master][INFO] 2017-09-28 16:37:43,380: -PUB [/image/movepoint] /view http://ubuntu:37453/
[rosmaster.master][INFO] 2017-09-28 16:37:43,382: -PUB [/image/foreground] /view http://ubuntu:37453/
[rosmaster.master][INFO] 2017-09-28 16:37:43,387: -PUB [/image/background] /view http://ubuntu:37453/
[rosmaster.master][INFO] 2017-09-28 16:37:43,389: -PUB [/image/foreground_rect] /view http://ubuntu:37453/
[rosmaster.master][INFO] 2017-09-28 16:37:43,393: -PUB [/image/background_rect] /view http://ubuntu:37453/
[rosmaster.master][INFO] 2017-09-28 16:37:43,396: -PUB [/image/line] /view http://ubuntu:37453/
[rosmaster.master][INFO] 2017-09-28 16:37:43,405: publisherUpdate[/rosout] -> http://ubuntu:45554/ ['http://ubuntu:40927/']
[rosmaster.master][INFO] 2017-09-28 16:37:43,410: publisherUpdate[/rosout] -> http://ubuntu:45554/ ['http://ubuntu:40927/']: sec=0.00, result=[1, '', 0]
[rosmaster.master][INFO] 2017-09-28 16:37:43,411: -PUB [/rosout] /mask http://ubuntu:40927/
[rosmaster.master][INFO] 2017-09-28 16:37:43,412: -PUB [/image/compressedDepth] /mask http://ubuntu:40927/
[rosmaster.master][INFO] 2017-09-28 16:37:43,416: -PUB [/image/compressedDepth/parameter_descriptions] /mask http://ubuntu:40927/
[rosmaster.master][INFO] 2017-09-28 16:37:43,418: -PUB [/image/poly] /view http://ubuntu:37453/
[rosmaster.master][INFO] 2017-09-28 16:37:43,419: -PUB [/image/compressedDepth/parameter_updates] /mask http://ubuntu:40927/
[rosmaster.master][INFO] 2017-09-28 16:37:43,420: -PUB [/image_marked/compressedDepth] /view http://ubuntu:37453/
[rosmaster.master][INFO] 2017-09-28 16:37:43,423: -PUB [/image/compressed] /mask http://ubuntu:40927/
[rosmaster.master][INFO] 2017-09-28 16:37:43,428: -PUB [/image_marked/compressedDepth/parameter_descriptions] /view http://ubuntu:37453/
[rosmaster.master][INFO] 2017-09-28 16:37:43,428: -PUB [/image/compressed/parameter_descriptions] /mask http://ubuntu:40927/
[rosmaster.master][INFO] 2017-09-28 16:37:43,430: -PUB [/image_marked/compressedDepth/parameter_updates] /view http://ubuntu:37453/
[rosmaster.master][INFO] 2017-09-28 16:37:43,432: -PUB [/image_marked/compressed] /view http://ubuntu:37453/
[rosmaster.master][INFO] 2017-09-28 16:37:43,433: -PUB [/image_marked/compressed/parameter_descriptions] /view http://ubuntu:37453/
[rosmaster.master][INFO] 2017-09-28 16:37:43,435: -PUB [/image_marked/compressed/parameter_updates] /view http://ubuntu:37453/
[rosmaster.master][INFO] 2017-09-28 16:37:43,435: -PUB [/image/compressed/parameter_updates] /mask http://ubuntu:40927/
[rosmaster.master][INFO] 2017-09-28 16:37:43,440: -PUB [/image] /mask http://ubuntu:40927/
[rosmaster.master][INFO] 2017-09-28 16:37:43,442: -PUB [/image_marked] /view http://ubuntu:37453/
[rosmaster.master][INFO] 2017-09-28 16:37:43,443: -PUB [/image_marked/theora] /view http://ubuntu:37453/
[rosmaster.master][INFO] 2017-09-28 16:37:43,444: -PUB [/image_marked/theora/parameter_descriptions] /view http://ubuntu:37453/
[rosmaster.master][INFO] 2017-09-28 16:37:43,445: -PUB [/image_marked/theora/parameter_updates] /view http://ubuntu:37453/
[rosmaster.master][INFO] 2017-09-28 16:37:43,447: -PUB [/image/marked/compressedDepth] /view http://ubuntu:37453/
[rosmaster.master][INFO] 2017-09-28 16:37:43,449: -PUB [/image/theora] /mask http://ubuntu:40927/
[rosmaster.master][INFO] 2017-09-28 16:37:43,456: -PUB [/image/marked/compressedDepth/parameter_descriptions] /view http://ubuntu:37453/
[rosmaster.master][INFO] 2017-09-28 16:37:43,459: -PUB [/image/theora/parameter_descriptions] /mask http://ubuntu:40927/
[rosmaster.master][INFO] 2017-09-28 16:37:43,459: -PUB [/image/marked/compressedDepth/parameter_updates] /view http://ubuntu:37453/
[rosmaster.master][INFO] 2017-09-28 16:37:43,461: -PUB [/image/marked/compressed] /view http://ubuntu:37453/
[rosmaster.master][INFO] 2017-09-28 16:37:43,464: -PUB [/image/theora/parameter_updates] /mask http://ubuntu:40927/
[rosmaster.master][INFO] 2017-09-28 16:37:43,466: -PUB [/image/marked/compressed/parameter_descriptions] /view http://ubuntu:37453/
[rosmaster.master][INFO] 2017-09-28 16:37:43,467: -SUB [/camera/image_raw] /mask http://ubuntu:40927/
[rosmaster.master][INFO] 2017-09-28 16:37:43,469: -PUB [/image/marked/compressed/parameter_updates] /view http://ubuntu:37453/
[rosmaster.master][INFO] 2017-09-28 16:37:43,470: -SERVICE [/mask/get_loggers] /mask rosrpc://ubuntu:43134
[rosmaster.master][INFO] 2017-09-28 16:37:43,472: -PUB [/image/marked] /view http://ubuntu:37453/
[rosmaster.master][INFO] 2017-09-28 16:37:43,475: -SERVICE [/mask/set_logger_level] /mask rosrpc://ubuntu:43134
[rosmaster.master][INFO] 2017-09-28 16:37:43,476: -PUB [/image/marked/theora] /view http://ubuntu:37453/
[rosmaster.master][INFO] 2017-09-28 16:37:43,480: -SERVICE [/image/compressedDepth/set_parameters] /mask rosrpc://ubuntu:43134
[rosmaster.master][INFO] 2017-09-28 16:37:43,482: -PUB [/image/marked/theora/parameter_descriptions] /view http://ubuntu:37453/
[rosmaster.master][INFO] 2017-09-28 16:37:43,483: -PUB [/image/marked/theora/parameter_updates] /view http://ubuntu:37453/
[rosmaster.master][INFO] 2017-09-28 16:37:43,484: -PUB [/view/parameter_descriptions] /view http://ubuntu:37453/
[rosmaster.master][INFO] 2017-09-28 16:37:43,485: -PUB [/view/parameter_updates] /view http://ubuntu:37453/
[rosmaster.master][INFO] 2017-09-28 16:37:43,488: -SERVICE [/image/compressed/set_parameters] /mask rosrpc://ubuntu:43134
[rosmaster.master][INFO] 2017-09-28 16:37:43,489: -SUB [/tf] /view http://ubuntu:37453/
[rosmaster.master][INFO] 2017-09-28 16:37:43,491: -SUB [/tf_static] /view http://ubuntu:37453/
[rosmaster.master][INFO] 2017-09-28 16:37:43,492: -SERVICE [/image/theora/set_parameters] /mask rosrpc://ubuntu:43134
[rosmaster.master][INFO] 2017-09-28 16:37:43,497: -SUB [/image] /view http://ubuntu:37453/
[rosmaster.master][INFO] 2017-09-28 16:37:43,500: -SUB [/camera_info] /view http://ubuntu:37453/
[rosmaster.master][INFO] 2017-09-28 16:37:43,502: -SUB [/image_marker] /view http://ubuntu:37453/
[rosmaster.master][INFO] 2017-09-28 16:37:43,504: -SUB [/image/event] /view http://ubuntu:37453/
[rosmaster.master][INFO] 2017-09-28 16:37:43,508: publisherUpdate[/rosout] -> http://ubuntu:45554/ []
[rosmaster.master][INFO] 2017-09-28 16:37:43,511: publisherUpdate[/image] -> http://ubuntu:37453/ []
[rosmaster.master][INFO] 2017-09-28 16:37:43,512: publisherUpdate[/rosout] -> http://ubuntu:45554/ []: sec=0.00, result=[1, '', 0]
[rosmaster.master][INFO] 2017-09-28 16:37:43,515: publisherUpdate[/image] -> http://ubuntu:37453/ []: sec=0.00, exception=<Fault -1: 'publisherUpdate: unknown method name'>
[rosmaster.threadpool][ERROR] 2017-09-28 16:37:43,515: Traceback (most recent call last):
  File "/opt/ros/kinetic/lib/python2.7/dist-packages/rosmaster/threadpool.py", line 218, in run
    result = cmd(*args)
  File "/opt/ros/kinetic/lib/python2.7/dist-packages/rosmaster/master_api.py", line 210, in publisher_update_task
    ret = xmlrpcapi(api).publisherUpdate('/master', topic, pub_uris)
  File "/usr/lib/python2.7/xmlrpclib.py", line 1243, in __call__
    return self.__send(self.__name, args)
  File "/usr/lib/python2.7/xmlrpclib.py", line 1602, in __request
    verbose=self.__verbose
  File "/usr/lib/python2.7/xmlrpclib.py", line 1283, in request
    return self.single_request(host, handler, request_body, verbose)
  File "/usr/lib/python2.7/xmlrpclib.py", line 1316, in single_request
    return self.parse_response(response)
  File "/usr/lib/python2.7/xmlrpclib.py", line 1493, in parse_response
    return u.close()
  File "/usr/lib/python2.7/xmlrpclib.py", line 800, in close
    raise Fault(**self._stack[0])
Fault: <Fault -1: 'publisherUpdate: unknown method name'>

[rosmaster.master][INFO] 2017-09-28 16:37:43,516: -SERVICE [/view/get_loggers] /view rosrpc://ubuntu:58659
[rosmaster.master][INFO] 2017-09-28 16:37:43,524: -SERVICE [/view/set_logger_level] /view rosrpc://ubuntu:58659
[rosmaster.master][INFO] 2017-09-28 16:37:43,525: -SERVICE [/image_marked/compressedDepth/set_parameters] /view rosrpc://ubuntu:58659
[rosmaster.master][INFO] 2017-09-28 16:37:43,528: -SERVICE [/image_marked/compressed/set_parameters] /view rosrpc://ubuntu:58659
[rosmaster.master][INFO] 2017-09-28 16:37:43,530: -SERVICE [/image_marked/theora/set_parameters] /view rosrpc://ubuntu:58659
[rosmaster.master][INFO] 2017-09-28 16:37:43,531: -SERVICE [/image/marked/compressedDepth/set_parameters] /view rosrpc://ubuntu:58659
[rosmaster.master][INFO] 2017-09-28 16:37:43,532: -SERVICE [/image/marked/compressed/set_parameters] /view rosrpc://ubuntu:58659
[rosmaster.master][INFO] 2017-09-28 16:37:43,539: -SERVICE [/image/marked/theora/set_parameters] /view rosrpc://ubuntu:58659
[rosmaster.master][INFO] 2017-09-28 16:37:43,554: -SERVICE [/view/change_mode] /view rosrpc://ubuntu:58659
[rosmaster.master][INFO] 2017-09-28 16:37:43,558: -SERVICE [/view/rectangle_mode] /view rosrpc://ubuntu:58659
[rosmaster.master][INFO] 2017-09-28 16:37:43,560: -SERVICE [/view/grabcut_mode] /view rosrpc://ubuntu:58659
[rosmaster.master][INFO] 2017-09-28 16:37:43,569: -SERVICE [/view/grabcut_rect_mode] /view rosrpc://ubuntu:58659
[rosmaster.master][INFO] 2017-09-28 16:37:43,571: -SERVICE [/view/line_mode] /view rosrpc://ubuntu:58659
[rosmaster.master][INFO] 2017-09-28 16:37:43,574: -SERVICE [/view/poly_mode] /view rosrpc://ubuntu:58659
[rosmaster.master][INFO] 2017-09-28 16:37:43,575: -SERVICE [/view/none_mode] /view rosrpc://ubuntu:58659
[rosmaster.master][INFO] 2017-09-28 16:37:43,583: -SERVICE [/view/set_parameters] /view rosrpc://ubuntu:58659
[rosmaster.master][INFO] 2017-09-28 16:37:44,212: -PUB [/rosout_agg] /rosout http://ubuntu:45554/
[rosmaster.master][INFO] 2017-09-28 16:37:44,213: -SUB [/rosout] /rosout http://ubuntu:45554/
[rosmaster.master][INFO] 2017-09-28 16:37:44,214: -SERVICE [/rosout/get_loggers] /rosout rosrpc://ubuntu:59363
[rosmaster.master][INFO] 2017-09-28 16:37:44,214: -SERVICE [/rosout/set_logger_level] /rosout rosrpc://ubuntu:59363
[rosmaster.main][INFO] 2017-09-28 16:37:44,255: keyboard interrupt, will exit
[rosmaster.main][INFO] 2017-09-28 16:37:44,256: stopping master...
[rospy.core][INFO] 2017-09-28 16:37:44,256: signal_shutdown [atexit]
