[rosmaster.main][INFO] 2017-09-21 19:10:46,734: initialization complete, waiting for shutdown
[rosmaster.main][INFO] 2017-09-21 19:10:46,734: Starting ROS Master Node
[xmlrpc][INFO] 2017-09-21 19:10:46,734: XML-RPC server binding to 0.0.0.0:11311
[xmlrpc][INFO] 2017-09-21 19:10:46,735: Started XML-RPC server [http://ubuntu:11311/]
[xmlrpc][INFO] 2017-09-21 19:10:46,735: xml rpc node: starting XML-RPC server
[rosmaster.master][INFO] 2017-09-21 19:10:46,735: Master initialized: port[11311], uri[http://ubuntu:11311/]
[rosmaster.master][INFO] 2017-09-21 19:10:46,779: +PARAM [/run_id] by /roslaunch
[rosmaster.master][INFO] 2017-09-21 19:10:46,781: +PARAM [/roslaunch/uris/host_ubuntu__34710] by /roslaunch
[rosmaster.master][INFO] 2017-09-21 19:10:46,858: +PARAM [/rosversion] by /roslaunch
[rosmaster.master][INFO] 2017-09-21 19:10:46,858: +PARAM [/rosdistro] by /roslaunch
[rosmaster.master][INFO] 2017-09-21 19:10:46,858: +PARAM [/camera/device_id] by /roslaunch
[rosmaster.master][INFO] 2017-09-21 19:10:46,886: +SERVICE [/rosout/get_loggers] /rosout http://ubuntu:36647/
[rosmaster.master][INFO] 2017-09-21 19:10:46,888: +SERVICE [/rosout/set_logger_level] /rosout http://ubuntu:36647/
[rosmaster.master][INFO] 2017-09-21 19:10:46,889: +PUB [/rosout_agg] /rosout http://ubuntu:36647/
[rosmaster.master][INFO] 2017-09-21 19:10:46,905: +SUB [/rosout] /rosout http://ubuntu:36647/
[rosmaster.master][INFO] 2017-09-21 19:10:46,985: +PUB [/rosout] /image_converter http://ubuntu:37167/
[rosmaster.master][INFO] 2017-09-21 19:10:46,990: +SERVICE [/image_converter/get_loggers] /image_converter http://ubuntu:37167/
[rosmaster.master][INFO] 2017-09-21 19:10:46,992: +SERVICE [/image_converter/set_logger_level] /image_converter http://ubuntu:37167/
[rosmaster.master][INFO] 2017-09-21 19:10:47,035: publisherUpdate[/rosout] -> http://ubuntu:36647/ ['http://ubuntu:37167/']
[rosmaster.master][INFO] 2017-09-21 19:10:47,037: publisherUpdate[/rosout] -> http://ubuntu:36647/ ['http://ubuntu:37167/']: sec=0.00, result=[1, '', 0]
[rosmaster.master][INFO] 2017-09-21 19:10:47,085: +PUB [/rosout] /view http://ubuntu:34941/
[rosmaster.master][INFO] 2017-09-21 19:10:47,086: +PUB [/rosout] /camera http://ubuntu:44936/
[rosmaster.master][INFO] 2017-09-21 19:10:47,087: +SERVICE [/view/get_loggers] /view http://ubuntu:34941/
[rosmaster.master][INFO] 2017-09-21 19:10:47,088: +SERVICE [/camera/get_loggers] /camera http://ubuntu:44936/
[rosmaster.master][INFO] 2017-09-21 19:10:47,090: +SERVICE [/view/set_logger_level] /view http://ubuntu:34941/
[rosmaster.master][INFO] 2017-09-21 19:10:47,091: +SERVICE [/camera/set_logger_level] /camera http://ubuntu:44936/
[rosmaster.master][INFO] 2017-09-21 19:10:47,109: +SUB [/tf] /view http://ubuntu:34941/
[rosmaster.master][INFO] 2017-09-21 19:10:47,120: +SUB [/tf_static] /view http://ubuntu:34941/
[rosmaster.master][INFO] 2017-09-21 19:10:47,137: publisherUpdate[/rosout] -> http://ubuntu:36647/ ['http://ubuntu:37167/', 'http://ubuntu:34941/']
[rosmaster.master][INFO] 2017-09-21 19:10:47,137: publisherUpdate[/rosout] -> http://ubuntu:36647/ ['http://ubuntu:37167/', 'http://ubuntu:34941/']: sec=0.00, result=[1, '', 0]
[rosmaster.master][INFO] 2017-09-21 19:10:47,138: publisherUpdate[/rosout] -> http://ubuntu:36647/ ['http://ubuntu:37167/', 'http://ubuntu:34941/', 'http://ubuntu:44936/']
[rosmaster.master][INFO] 2017-09-21 19:10:47,138: publisherUpdate[/rosout] -> http://ubuntu:36647/ ['http://ubuntu:37167/', 'http://ubuntu:34941/', 'http://ubuntu:44936/']: sec=0.00, result=[1, '', 0]
[rosmaster.master][INFO] 2017-09-21 19:10:47,145: +SUB [/camera/image_raw] /image_converter http://ubuntu:37167/
[rosmaster.master][INFO] 2017-09-21 19:10:47,166: +SERVICE [/camera/set_camera_info] /camera http://ubuntu:44936/
[rosmaster.master][INFO] 2017-09-21 19:10:47,180: +PUB [/image/screenpoint] /view http://ubuntu:34941/
[rosmaster.master][INFO] 2017-09-21 19:10:47,181: +PUB [/image/screenpoint_array] /view http://ubuntu:34941/
[rosmaster.master][INFO] 2017-09-21 19:10:47,182: +PUB [/image/screenrectangle] /view http://ubuntu:34941/
[rosmaster.master][INFO] 2017-09-21 19:10:47,182: +PUB [/image/screenrectangle_image] /view http://ubuntu:34941/
[rosmaster.master][INFO] 2017-09-21 19:10:47,183: +PUB [/image/movepoint] /view http://ubuntu:34941/
[rosmaster.master][INFO] 2017-09-21 19:10:47,183: +PUB [/image/foreground] /view http://ubuntu:34941/
[rosmaster.master][INFO] 2017-09-21 19:10:47,184: +PUB [/image/background] /view http://ubuntu:34941/
[rosmaster.master][INFO] 2017-09-21 19:10:47,185: +PUB [/image/foreground_rect] /view http://ubuntu:34941/
[rosmaster.master][INFO] 2017-09-21 19:10:47,186: +PUB [/image/background_rect] /view http://ubuntu:34941/
[rosmaster.master][INFO] 2017-09-21 19:10:47,187: +PUB [/image/line] /view http://ubuntu:34941/
[rosmaster.master][INFO] 2017-09-21 19:10:47,190: +PUB [/image/poly] /view http://ubuntu:34941/
[rosmaster.master][INFO] 2017-09-21 19:10:47,221: +PUB [/image/compressedDepth] /image_converter http://ubuntu:37167/
[rosmaster.master][INFO] 2017-09-21 19:10:47,222: +SERVICE [/image/compressedDepth/set_parameters] /image_converter http://ubuntu:37167/
[rosmaster.master][INFO] 2017-09-21 19:10:47,222: +PUB [/image/compressedDepth/parameter_descriptions] /image_converter http://ubuntu:37167/
[rosmaster.master][INFO] 2017-09-21 19:10:47,223: +PUB [/image/compressedDepth/parameter_updates] /image_converter http://ubuntu:37167/
[rosmaster.master][INFO] 2017-09-21 19:10:47,227: +PARAM [/image/compressedDepth/depth_max] by /image_converter
[rosmaster.master][INFO] 2017-09-21 19:10:47,228: +PARAM [/image/compressedDepth/depth_quantization] by /image_converter
[rosmaster.master][INFO] 2017-09-21 19:10:47,231: +PARAM [/image/compressedDepth/png_level] by /image_converter
[rosmaster.master][INFO] 2017-09-21 19:10:47,232: +PARAM [/image/compressedDepth/depth_max] by /image_converter
[rosmaster.master][INFO] 2017-09-21 19:10:47,232: +PARAM [/image/compressedDepth/depth_quantization] by /image_converter
[rosmaster.master][INFO] 2017-09-21 19:10:47,233: +PARAM [/image/compressedDepth/png_level] by /image_converter
[rosmaster.master][INFO] 2017-09-21 19:10:47,264: +PUB [/image_marked/compressedDepth] /view http://ubuntu:34941/
[rosmaster.master][INFO] 2017-09-21 19:10:47,265: +SERVICE [/image_marked/compressedDepth/set_parameters] /view http://ubuntu:34941/
[rosmaster.master][INFO] 2017-09-21 19:10:47,266: +PUB [/image_marked/compressedDepth/parameter_descriptions] /view http://ubuntu:34941/
[rosmaster.master][INFO] 2017-09-21 19:10:47,266: +PUB [/image_marked/compressedDepth/parameter_updates] /view http://ubuntu:34941/
[rosmaster.master][INFO] 2017-09-21 19:10:47,269: +PARAM [/image_marked/compressedDepth/depth_max] by /view
[rosmaster.master][INFO] 2017-09-21 19:10:47,269: +PARAM [/image_marked/compressedDepth/depth_quantization] by /view
[rosmaster.master][INFO] 2017-09-21 19:10:47,272: +PARAM [/image_marked/compressedDepth/png_level] by /view
[rosmaster.master][INFO] 2017-09-21 19:10:47,273: +PARAM [/image_marked/compressedDepth/depth_max] by /view
[rosmaster.master][INFO] 2017-09-21 19:10:47,274: +PARAM [/image_marked/compressedDepth/depth_quantization] by /view
[rosmaster.master][INFO] 2017-09-21 19:10:47,277: +PARAM [/image_marked/compressedDepth/png_level] by /view
[rosmaster.master][INFO] 2017-09-21 19:10:47,296: +PUB [/image/compressed] /image_converter http://ubuntu:37167/
[rosmaster.master][INFO] 2017-09-21 19:10:47,297: +SERVICE [/image/compressed/set_parameters] /image_converter http://ubuntu:37167/
[rosmaster.master][INFO] 2017-09-21 19:10:47,298: +PUB [/image/compressed/parameter_descriptions] /image_converter http://ubuntu:37167/
[rosmaster.master][INFO] 2017-09-21 19:10:47,299: +PUB [/image/compressed/parameter_updates] /image_converter http://ubuntu:37167/
[rosmaster.master][INFO] 2017-09-21 19:10:47,302: +PARAM [/image/compressed/format] by /image_converter
[rosmaster.master][INFO] 2017-09-21 19:10:47,304: +PARAM [/image/compressed/jpeg_quality] by /image_converter
[rosmaster.master][INFO] 2017-09-21 19:10:47,307: +PARAM [/image/compressed/png_level] by /image_converter
[rosmaster.master][INFO] 2017-09-21 19:10:47,307: +PARAM [/image/compressed/format] by /image_converter
[rosmaster.master][INFO] 2017-09-21 19:10:47,308: +PARAM [/image/compressed/jpeg_quality] by /image_converter
[rosmaster.master][INFO] 2017-09-21 19:10:47,311: +PARAM [/image/compressed/png_level] by /image_converter
[rosmaster.master][INFO] 2017-09-21 19:10:47,338: +PUB [/image_marked/compressed] /view http://ubuntu:34941/
[rosmaster.master][INFO] 2017-09-21 19:10:47,340: +SERVICE [/image_marked/compressed/set_parameters] /view http://ubuntu:34941/
[rosmaster.master][INFO] 2017-09-21 19:10:47,340: +PUB [/image_marked/compressed/parameter_descriptions] /view http://ubuntu:34941/
[rosmaster.master][INFO] 2017-09-21 19:10:47,341: +PUB [/image_marked/compressed/parameter_updates] /view http://ubuntu:34941/
[rosmaster.master][INFO] 2017-09-21 19:10:47,343: +PARAM [/image_marked/compressed/format] by /view
[rosmaster.master][INFO] 2017-09-21 19:10:47,344: +PARAM [/image_marked/compressed/jpeg_quality] by /view
[rosmaster.master][INFO] 2017-09-21 19:10:47,345: +PARAM [/image_marked/compressed/png_level] by /view
[rosmaster.master][INFO] 2017-09-21 19:10:47,345: +PARAM [/image_marked/compressed/format] by /view
[rosmaster.master][INFO] 2017-09-21 19:10:47,346: +PARAM [/image_marked/compressed/jpeg_quality] by /view
[rosmaster.master][INFO] 2017-09-21 19:10:47,347: +PARAM [/image_marked/compressed/png_level] by /view
[rosmaster.master][INFO] 2017-09-21 19:10:47,370: +PUB [/image] /image_converter http://ubuntu:37167/
[rosmaster.master][INFO] 2017-09-21 19:10:47,420: +PUB [/image_marked] /view http://ubuntu:34941/
[rosmaster.master][INFO] 2017-09-21 19:10:47,455: +PUB [/image/theora] /image_converter http://ubuntu:37167/
[rosmaster.master][INFO] 2017-09-21 19:10:47,456: +SERVICE [/image/theora/set_parameters] /image_converter http://ubuntu:37167/
[rosmaster.master][INFO] 2017-09-21 19:10:47,456: +PUB [/image/theora/parameter_descriptions] /image_converter http://ubuntu:37167/
[rosmaster.master][INFO] 2017-09-21 19:10:47,457: +PUB [/image/theora/parameter_updates] /image_converter http://ubuntu:37167/
[rosmaster.master][INFO] 2017-09-21 19:10:47,465: +PARAM [/image/theora/optimize_for] by /image_converter
[rosmaster.master][INFO] 2017-09-21 19:10:47,466: +PARAM [/image/theora/target_bitrate] by /image_converter
[rosmaster.master][INFO] 2017-09-21 19:10:47,468: +PUB [/camera/image_raw/compressedDepth] /camera http://ubuntu:44936/
[rosmaster.master][INFO] 2017-09-21 19:10:47,469: +PARAM [/image/theora/quality] by /image_converter
[rosmaster.master][INFO] 2017-09-21 19:10:47,474: +SERVICE [/camera/image_raw/compressedDepth/set_parameters] /camera http://ubuntu:44936/
[rosmaster.master][INFO] 2017-09-21 19:10:47,475: +PARAM [/image/theora/keyframe_frequency] by /image_converter
[rosmaster.master][INFO] 2017-09-21 19:10:47,476: +PUB [/camera/image_raw/compressedDepth/parameter_descriptions] /camera http://ubuntu:44936/
[rosmaster.master][INFO] 2017-09-21 19:10:47,477: +PARAM [/image/theora/optimize_for] by /image_converter
[rosmaster.master][INFO] 2017-09-21 19:10:47,477: +PUB [/camera/image_raw/compressedDepth/parameter_updates] /camera http://ubuntu:44936/
[rosmaster.master][INFO] 2017-09-21 19:10:47,478: +PARAM [/image/theora/target_bitrate] by /image_converter
[rosmaster.master][INFO] 2017-09-21 19:10:47,479: +PARAM [/image/theora/quality] by /image_converter
[rosmaster.master][INFO] 2017-09-21 19:10:47,483: +PARAM [/image/theora/keyframe_frequency] by /image_converter
[rosmaster.master][INFO] 2017-09-21 19:10:47,484: +PARAM [/camera/image_raw/compressedDepth/depth_max] by /camera
[rosmaster.master][INFO] 2017-09-21 19:10:47,486: +PARAM [/camera/image_raw/compressedDepth/depth_quantization] by /camera
[rosmaster.master][INFO] 2017-09-21 19:10:47,487: +PARAM [/camera/image_raw/compressedDepth/png_level] by /camera
[rosmaster.master][INFO] 2017-09-21 19:10:47,488: +PARAM [/camera/image_raw/compressedDepth/depth_max] by /camera
[rosmaster.master][INFO] 2017-09-21 19:10:47,490: +PARAM [/camera/image_raw/compressedDepth/depth_quantization] by /camera
[rosmaster.master][INFO] 2017-09-21 19:10:47,491: +PARAM [/camera/image_raw/compressedDepth/png_level] by /camera
[rosmaster.master][INFO] 2017-09-21 19:10:47,499: +PUB [/image_marked/theora] /view http://ubuntu:34941/
[rosmaster.master][INFO] 2017-09-21 19:10:47,499: +SERVICE [/image_marked/theora/set_parameters] /view http://ubuntu:34941/
[rosmaster.master][INFO] 2017-09-21 19:10:47,500: +PUB [/image_marked/theora/parameter_descriptions] /view http://ubuntu:34941/
[rosmaster.master][INFO] 2017-09-21 19:10:47,501: +PUB [/image_marked/theora/parameter_updates] /view http://ubuntu:34941/
[rosmaster.master][INFO] 2017-09-21 19:10:47,508: +PARAM [/image_marked/theora/optimize_for] by /view
[rosmaster.master][INFO] 2017-09-21 19:10:47,509: +PARAM [/image_marked/theora/target_bitrate] by /view
[rosmaster.master][INFO] 2017-09-21 19:10:47,509: +PARAM [/image_marked/theora/quality] by /view
[rosmaster.master][INFO] 2017-09-21 19:10:47,510: +PARAM [/image_marked/theora/keyframe_frequency] by /view
[rosmaster.master][INFO] 2017-09-21 19:10:47,511: +PARAM [/image_marked/theora/optimize_for] by /view
[rosmaster.master][INFO] 2017-09-21 19:10:47,514: +PARAM [/image_marked/theora/target_bitrate] by /view
[rosmaster.master][INFO] 2017-09-21 19:10:47,515: +PARAM [/image_marked/theora/quality] by /view
[rosmaster.master][INFO] 2017-09-21 19:10:47,516: +PARAM [/image_marked/theora/keyframe_frequency] by /view
[rosmaster.master][INFO] 2017-09-21 19:10:47,548: +PUB [/camera/image_raw/compressed] /camera http://ubuntu:44936/
[rosmaster.master][INFO] 2017-09-21 19:10:47,549: +SERVICE [/camera/image_raw/compressed/set_parameters] /camera http://ubuntu:44936/
[rosmaster.master][INFO] 2017-09-21 19:10:47,550: +PUB [/camera/image_raw/compressed/parameter_descriptions] /camera http://ubuntu:44936/
[rosmaster.master][INFO] 2017-09-21 19:10:47,551: +PUB [/camera/image_raw/compressed/parameter_updates] /camera http://ubuntu:44936/
[rosmaster.master][INFO] 2017-09-21 19:10:47,554: +PARAM [/camera/image_raw/compressed/format] by /camera
[rosmaster.master][INFO] 2017-09-21 19:10:47,555: +PARAM [/camera/image_raw/compressed/jpeg_quality] by /camera
[rosmaster.master][INFO] 2017-09-21 19:10:47,558: +PARAM [/camera/image_raw/compressed/png_level] by /camera
[rosmaster.master][INFO] 2017-09-21 19:10:47,559: +PARAM [/camera/image_raw/compressed/format] by /camera
[rosmaster.master][INFO] 2017-09-21 19:10:47,560: +PARAM [/camera/image_raw/compressed/jpeg_quality] by /camera
[rosmaster.master][INFO] 2017-09-21 19:10:47,560: +PARAM [/camera/image_raw/compressed/png_level] by /camera
[rosmaster.master][INFO] 2017-09-21 19:10:47,574: +PUB [/image/marked/compressedDepth] /view http://ubuntu:34941/
[rosmaster.master][INFO] 2017-09-21 19:10:47,575: +SERVICE [/image/marked/compressedDepth/set_parameters] /view http://ubuntu:34941/
[rosmaster.master][INFO] 2017-09-21 19:10:47,576: +PUB [/image/marked/compressedDepth/parameter_descriptions] /view http://ubuntu:34941/
[rosmaster.master][INFO] 2017-09-21 19:10:47,577: +PUB [/image/marked/compressedDepth/parameter_updates] /view http://ubuntu:34941/
[rosmaster.master][INFO] 2017-09-21 19:10:47,579: +PARAM [/image/marked/compressedDepth/depth_max] by /view
[rosmaster.master][INFO] 2017-09-21 19:10:47,579: +PARAM [/image/marked/compressedDepth/depth_quantization] by /view
[rosmaster.master][INFO] 2017-09-21 19:10:47,580: +PARAM [/image/marked/compressedDepth/png_level] by /view
[rosmaster.master][INFO] 2017-09-21 19:10:47,581: +PARAM [/image/marked/compressedDepth/depth_max] by /view
[rosmaster.master][INFO] 2017-09-21 19:10:47,582: +PARAM [/image/marked/compressedDepth/depth_quantization] by /view
[rosmaster.master][INFO] 2017-09-21 19:10:47,583: +PARAM [/image/marked/compressedDepth/png_level] by /view
[rosmaster.master][INFO] 2017-09-21 19:10:47,619: +PUB [/camera/image_raw] /camera http://ubuntu:44936/
[rosmaster.master][INFO] 2017-09-21 19:10:47,634: +PUB [/image/marked/compressed] /view http://ubuntu:34941/
[rosmaster.master][INFO] 2017-09-21 19:10:47,635: +SERVICE [/image/marked/compressed/set_parameters] /view http://ubuntu:34941/
[rosmaster.master][INFO] 2017-09-21 19:10:47,636: +PUB [/image/marked/compressed/parameter_descriptions] /view http://ubuntu:34941/
[rosmaster.master][INFO] 2017-09-21 19:10:47,637: +PUB [/image/marked/compressed/parameter_updates] /view http://ubuntu:34941/
[rosmaster.master][INFO] 2017-09-21 19:10:47,639: +PARAM [/image/marked/compressed/format] by /view
[rosmaster.master][INFO] 2017-09-21 19:10:47,641: publisherUpdate[/camera/image_raw] -> http://ubuntu:37167/ ['http://ubuntu:44936/']
[rosmaster.master][INFO] 2017-09-21 19:10:47,642: publisherUpdate[/camera/image_raw] -> http://ubuntu:37167/ ['http://ubuntu:44936/']: sec=0.00, result=[1, '', 0]
[rosmaster.master][INFO] 2017-09-21 19:10:47,643: +PARAM [/image/marked/compressed/jpeg_quality] by /view
[rosmaster.master][INFO] 2017-09-21 19:10:47,643: +PARAM [/image/marked/compressed/png_level] by /view
[rosmaster.master][INFO] 2017-09-21 19:10:47,647: +PARAM [/image/marked/compressed/format] by /view
[rosmaster.master][INFO] 2017-09-21 19:10:47,647: +PARAM [/image/marked/compressed/jpeg_quality] by /view
[rosmaster.master][INFO] 2017-09-21 19:10:47,648: +PARAM [/image/marked/compressed/png_level] by /view
[rosmaster.master][INFO] 2017-09-21 19:10:47,682: +PUB [/camera/image_raw/theora] /camera http://ubuntu:44936/
[rosmaster.master][INFO] 2017-09-21 19:10:47,683: +SERVICE [/camera/image_raw/theora/set_parameters] /camera http://ubuntu:44936/
[rosmaster.master][INFO] 2017-09-21 19:10:47,684: +PUB [/camera/image_raw/theora/parameter_descriptions] /camera http://ubuntu:44936/
[rosmaster.master][INFO] 2017-09-21 19:10:47,685: +PUB [/camera/image_raw/theora/parameter_updates] /camera http://ubuntu:44936/
[rosmaster.master][INFO] 2017-09-21 19:10:47,690: +PARAM [/camera/image_raw/theora/optimize_for] by /camera
[rosmaster.master][INFO] 2017-09-21 19:10:47,690: +PARAM [/camera/image_raw/theora/target_bitrate] by /camera
[rosmaster.master][INFO] 2017-09-21 19:10:47,695: +PARAM [/camera/image_raw/theora/quality] by /camera
[rosmaster.master][INFO] 2017-09-21 19:10:47,696: +PARAM [/camera/image_raw/theora/keyframe_frequency] by /camera
[rosmaster.master][INFO] 2017-09-21 19:10:47,696: +PARAM [/camera/image_raw/theora/optimize_for] by /camera
[rosmaster.master][INFO] 2017-09-21 19:10:47,697: +PARAM [/camera/image_raw/theora/target_bitrate] by /camera
[rosmaster.master][INFO] 2017-09-21 19:10:47,698: +PARAM [/camera/image_raw/theora/quality] by /camera
[rosmaster.master][INFO] 2017-09-21 19:10:47,698: +PARAM [/camera/image_raw/theora/keyframe_frequency] by /camera
[rosmaster.master][INFO] 2017-09-21 19:10:47,699: +PUB [/camera/camera_info] /camera http://ubuntu:44936/
[rosmaster.master][INFO] 2017-09-21 19:10:47,704: +PUB [/image/marked] /view http://ubuntu:34941/
[rosmaster.master][INFO] 2017-09-21 19:10:47,742: +PUB [/image/marked/theora] /view http://ubuntu:34941/
[rosmaster.master][INFO] 2017-09-21 19:10:47,743: +SERVICE [/image/marked/theora/set_parameters] /view http://ubuntu:34941/
[rosmaster.master][INFO] 2017-09-21 19:10:47,743: +PUB [/image/marked/theora/parameter_descriptions] /view http://ubuntu:34941/
[rosmaster.master][INFO] 2017-09-21 19:10:47,744: +PUB [/image/marked/theora/parameter_updates] /view http://ubuntu:34941/
[rosmaster.master][INFO] 2017-09-21 19:10:47,747: +PARAM [/image/marked/theora/optimize_for] by /view
[rosmaster.master][INFO] 2017-09-21 19:10:47,747: +PARAM [/image/marked/theora/target_bitrate] by /view
[rosmaster.master][INFO] 2017-09-21 19:10:47,748: +PARAM [/image/marked/theora/quality] by /view
[rosmaster.master][INFO] 2017-09-21 19:10:47,749: +PARAM [/image/marked/theora/keyframe_frequency] by /view
[rosmaster.master][INFO] 2017-09-21 19:10:47,749: +PARAM [/image/marked/theora/optimize_for] by /view
[rosmaster.master][INFO] 2017-09-21 19:10:47,750: +PARAM [/image/marked/theora/target_bitrate] by /view
[rosmaster.master][INFO] 2017-09-21 19:10:47,751: +PARAM [/image/marked/theora/quality] by /view
[rosmaster.master][INFO] 2017-09-21 19:10:47,751: +PARAM [/image/marked/theora/keyframe_frequency] by /view
[rosmaster.master][INFO] 2017-09-21 19:10:47,781: +SUB [/image] /view http://ubuntu:34941/
[rosmaster.master][INFO] 2017-09-21 19:10:47,784: +SUB [/camera_info] /view http://ubuntu:34941/
[rosmaster.master][INFO] 2017-09-21 19:10:47,787: +SUB [/image_marker] /view http://ubuntu:34941/
[rosmaster.master][INFO] 2017-09-21 19:10:47,790: +SUB [/image/event] /view http://ubuntu:34941/
[rosmaster.master][INFO] 2017-09-21 19:10:47,791: +SERVICE [/view/change_mode] /view http://ubuntu:34941/
[rosmaster.master][INFO] 2017-09-21 19:10:47,791: +SERVICE [/view/rectangle_mode] /view http://ubuntu:34941/
[rosmaster.master][INFO] 2017-09-21 19:10:47,792: +SERVICE [/view/grabcut_mode] /view http://ubuntu:34941/
[rosmaster.master][INFO] 2017-09-21 19:10:47,793: +SERVICE [/view/grabcut_rect_mode] /view http://ubuntu:34941/
[rosmaster.master][INFO] 2017-09-21 19:10:47,794: +SERVICE [/view/line_mode] /view http://ubuntu:34941/
[rosmaster.master][INFO] 2017-09-21 19:10:47,794: +SERVICE [/view/poly_mode] /view http://ubuntu:34941/
[rosmaster.master][INFO] 2017-09-21 19:10:47,795: +SERVICE [/view/none_mode] /view http://ubuntu:34941/
[rosmaster.master][INFO] 2017-09-21 19:10:47,796: +SERVICE [/view/set_parameters] /view http://ubuntu:34941/
[rosmaster.master][INFO] 2017-09-21 19:10:47,796: +PUB [/view/parameter_descriptions] /view http://ubuntu:34941/
[rosmaster.master][INFO] 2017-09-21 19:10:47,797: +PUB [/view/parameter_updates] /view http://ubuntu:34941/
[rosmaster.master][INFO] 2017-09-21 19:10:47,803: +PARAM [/view/grid] by /view
[rosmaster.master][INFO] 2017-09-21 19:10:47,803: +PARAM [/view/fisheye_mode] by /view
[rosmaster.master][INFO] 2017-09-21 19:10:47,804: +PARAM [/view/div_u] by /view
[rosmaster.master][INFO] 2017-09-21 19:10:47,805: +PARAM [/view/div_v] by /view
[rosmaster.master][INFO] 2017-09-21 19:10:47,805: +PARAM [/view/grid_red] by /view
[rosmaster.master][INFO] 2017-09-21 19:10:47,806: +PARAM [/view/grid_green] by /view
[rosmaster.master][INFO] 2017-09-21 19:10:47,807: +PARAM [/view/grid_blue] by /view
[rosmaster.master][INFO] 2017-09-21 19:10:47,807: +PARAM [/view/grid_thickness] by /view
[rosmaster.master][INFO] 2017-09-21 19:10:47,808: +PARAM [/view/grid_space] by /view
[rosmaster.master][INFO] 2017-09-21 19:10:47,809: +PARAM [/view/grid] by /view
[rosmaster.master][INFO] 2017-09-21 19:10:47,809: +PARAM [/view/fisheye_mode] by /view
[rosmaster.master][INFO] 2017-09-21 19:10:47,810: +PARAM [/view/div_u] by /view
[rosmaster.master][INFO] 2017-09-21 19:10:47,811: +PARAM [/view/div_v] by /view
[rosmaster.master][INFO] 2017-09-21 19:10:47,811: +PARAM [/view/grid_red] by /view
[rosmaster.master][INFO] 2017-09-21 19:10:47,812: +PARAM [/view/grid_green] by /view
[rosmaster.master][INFO] 2017-09-21 19:10:47,812: +PARAM [/view/grid_blue] by /view
[rosmaster.master][INFO] 2017-09-21 19:10:47,813: +PARAM [/view/grid_thickness] by /view
[rosmaster.master][INFO] 2017-09-21 19:10:47,814: +PARAM [/view/grid_space] by /view
[rosmaster.master][INFO] 2017-09-21 19:10:50,574: -PUB [/rosout] /camera http://ubuntu:44936/
[rosmaster.master][INFO] 2017-09-21 19:10:50,576: -PUB [/camera/image_raw/compressedDepth] /camera http://ubuntu:44936/
[rosmaster.master][INFO] 2017-09-21 19:10:50,579: -PUB [/camera/image_raw/compressedDepth/parameter_descriptions] /camera http://ubuntu:44936/
[rosmaster.master][INFO] 2017-09-21 19:10:50,586: -PUB [/camera/image_raw/compressedDepth/parameter_updates] /camera http://ubuntu:44936/
[rosmaster.master][INFO] 2017-09-21 19:10:50,587: -PUB [/camera/image_raw/compressed] /camera http://ubuntu:44936/
[rosmaster.master][INFO] 2017-09-21 19:10:50,590: -PUB [/camera/image_raw/compressed/parameter_descriptions] /camera http://ubuntu:44936/
[rosmaster.master][INFO] 2017-09-21 19:10:50,591: -PUB [/camera/image_raw/compressed/parameter_updates] /camera http://ubuntu:44936/
[rosmaster.master][INFO] 2017-09-21 19:10:50,591: -PUB [/camera/image_raw] /camera http://ubuntu:44936/
[rosmaster.master][INFO] 2017-09-21 19:10:50,595: -PUB [/camera/image_raw/theora] /camera http://ubuntu:44936/
[rosmaster.master][INFO] 2017-09-21 19:10:50,596: -PUB [/camera/image_raw/theora/parameter_descriptions] /camera http://ubuntu:44936/
[rosmaster.master][INFO] 2017-09-21 19:10:50,598: -PUB [/camera/image_raw/theora/parameter_updates] /camera http://ubuntu:44936/
[rosmaster.master][INFO] 2017-09-21 19:10:50,599: -PUB [/camera/camera_info] /camera http://ubuntu:44936/
[rosmaster.master][INFO] 2017-09-21 19:10:50,600: -SERVICE [/camera/get_loggers] /camera rosrpc://ubuntu:56395
[rosmaster.master][INFO] 2017-09-21 19:10:50,601: -SERVICE [/camera/set_logger_level] /camera rosrpc://ubuntu:56395
[rosmaster.master][INFO] 2017-09-21 19:10:50,602: -SERVICE [/camera/set_camera_info] /camera rosrpc://ubuntu:56395
[rosmaster.master][INFO] 2017-09-21 19:10:50,604: -SERVICE [/camera/image_raw/compressedDepth/set_parameters] /camera rosrpc://ubuntu:56395
[rosmaster.master][INFO] 2017-09-21 19:10:50,605: -SERVICE [/camera/image_raw/compressed/set_parameters] /camera rosrpc://ubuntu:56395
[rosmaster.master][INFO] 2017-09-21 19:10:50,607: -SERVICE [/camera/image_raw/theora/set_parameters] /camera rosrpc://ubuntu:56395
[rosmaster.master][INFO] 2017-09-21 19:10:50,657: publisherUpdate[/rosout] -> http://ubuntu:36647/ ['http://ubuntu:37167/', 'http://ubuntu:34941/']
[rosmaster.master][INFO] 2017-09-21 19:10:50,657: publisherUpdate[/camera/image_raw] -> http://ubuntu:37167/ []
[rosmaster.master][INFO] 2017-09-21 19:10:50,658: publisherUpdate[/camera/image_raw] -> http://ubuntu:37167/ []: sec=0.00, exception=[Errno 111] Connection refused
[rosmaster.master][INFO] 2017-09-21 19:10:50,658: publisherUpdate[/rosout] -> http://ubuntu:36647/ ['http://ubuntu:37167/', 'http://ubuntu:34941/']: sec=0.00, result=[1, '', 0]
[rosmaster.threadpool][ERROR] 2017-09-21 19:10:50,663: Traceback (most recent call last):
  File "/opt/ros/kinetic/lib/python2.7/dist-packages/rosmaster/threadpool.py", line 218, in run
    result = cmd(*args)
  File "/opt/ros/kinetic/lib/python2.7/dist-packages/rosmaster/master_api.py", line 210, in publisher_update_task
    ret = xmlrpcapi(api).publisherUpdate('/master', topic, pub_uris)
  File "/usr/lib/python2.7/xmlrpclib.py", line 1243, in __call__
    return self.__send(self.__name, args)
  File "/usr/lib/python2.7/xmlrpclib.py", line 1602, in __request
    verbose=self.__verbose
  File "/usr/lib/python2.7/xmlrpclib.py", line 1283, in request
    return self.single_request(host, handler, request_body, verbose)
  File "/usr/lib/python2.7/xmlrpclib.py", line 1311, in single_request
    self.send_content(h, request_body)
  File "/usr/lib/python2.7/xmlrpclib.py", line 1459, in send_content
    connection.endheaders(request_body)
  File "/usr/lib/python2.7/httplib.py", line 1053, in endheaders
    self._send_output(message_body)
  File "/usr/lib/python2.7/httplib.py", line 897, in _send_output
    self.send(msg)
  File "/usr/lib/python2.7/httplib.py", line 859, in send
    self.connect()
  File "/usr/lib/python2.7/httplib.py", line 836, in connect
    self.timeout, self.source_address)
  File "/usr/lib/python2.7/socket.py", line 575, in create_connection
    raise err
error: [Errno 111] Connection refused

[rosmaster.master][INFO] 2017-09-21 19:10:50,680: -PUB [/rosout] /view http://ubuntu:34941/
[rosmaster.master][INFO] 2017-09-21 19:10:50,683: -PUB [/image/screenpoint] /view http://ubuntu:34941/
[rosmaster.master][INFO] 2017-09-21 19:10:50,683: -PUB [/image/screenpoint_array] /view http://ubuntu:34941/
[rosmaster.master][INFO] 2017-09-21 19:10:50,685: -PUB [/image/screenrectangle] /view http://ubuntu:34941/
[rosmaster.master][INFO] 2017-09-21 19:10:50,686: -PUB [/image/screenrectangle_image] /view http://ubuntu:34941/
[rosmaster.master][INFO] 2017-09-21 19:10:50,687: -PUB [/image/movepoint] /view http://ubuntu:34941/
[rosmaster.master][INFO] 2017-09-21 19:10:50,689: -PUB [/image/foreground] /view http://ubuntu:34941/
[rosmaster.master][INFO] 2017-09-21 19:10:50,689: -PUB [/image/background] /view http://ubuntu:34941/
[rosmaster.master][INFO] 2017-09-21 19:10:50,690: -PUB [/image/foreground_rect] /view http://ubuntu:34941/
[rosmaster.master][INFO] 2017-09-21 19:10:50,692: -PUB [/image/background_rect] /view http://ubuntu:34941/
[rosmaster.master][INFO] 2017-09-21 19:10:50,693: -PUB [/image/line] /view http://ubuntu:34941/
[rosmaster.master][INFO] 2017-09-21 19:10:50,695: -PUB [/image/poly] /view http://ubuntu:34941/
[rosmaster.master][INFO] 2017-09-21 19:10:50,696: -PUB [/image_marked/compressedDepth] /view http://ubuntu:34941/
[rosmaster.master][INFO] 2017-09-21 19:10:50,698: -PUB [/image_marked/compressedDepth/parameter_descriptions] /view http://ubuntu:34941/
[rosmaster.master][INFO] 2017-09-21 19:10:50,699: -PUB [/image_marked/compressedDepth/parameter_updates] /view http://ubuntu:34941/
[rosmaster.master][INFO] 2017-09-21 19:10:50,701: -PUB [/image_marked/compressed] /view http://ubuntu:34941/
[rosmaster.master][INFO] 2017-09-21 19:10:50,701: -PUB [/image_marked/compressed/parameter_descriptions] /view http://ubuntu:34941/
[rosmaster.master][INFO] 2017-09-21 19:10:50,702: -PUB [/image_marked/compressed/parameter_updates] /view http://ubuntu:34941/
[rosmaster.master][INFO] 2017-09-21 19:10:50,705: -PUB [/image_marked] /view http://ubuntu:34941/
[rosmaster.master][INFO] 2017-09-21 19:10:50,706: -PUB [/image_marked/theora] /view http://ubuntu:34941/
[rosmaster.master][INFO] 2017-09-21 19:10:50,706: -PUB [/image_marked/theora/parameter_descriptions] /view http://ubuntu:34941/
[rosmaster.master][INFO] 2017-09-21 19:10:50,709: -PUB [/image_marked/theora/parameter_updates] /view http://ubuntu:34941/
[rosmaster.master][INFO] 2017-09-21 19:10:50,711: -PUB [/image/marked/compressedDepth] /view http://ubuntu:34941/
[rosmaster.master][INFO] 2017-09-21 19:10:50,714: -PUB [/image/marked/compressedDepth/parameter_descriptions] /view http://ubuntu:34941/
[rosmaster.master][INFO] 2017-09-21 19:10:50,715: -PUB [/image/marked/compressedDepth/parameter_updates] /view http://ubuntu:34941/
[rosmaster.master][INFO] 2017-09-21 19:10:50,717: -PUB [/image/marked/compressed] /view http://ubuntu:34941/
[rosmaster.master][INFO] 2017-09-21 19:10:50,718: -PUB [/image/marked/compressed/parameter_descriptions] /view http://ubuntu:34941/
[rosmaster.master][INFO] 2017-09-21 19:10:50,718: -PUB [/image/marked/compressed/parameter_updates] /view http://ubuntu:34941/
[rosmaster.master][INFO] 2017-09-21 19:10:50,719: -PUB [/image/marked] /view http://ubuntu:34941/
[rosmaster.master][INFO] 2017-09-21 19:10:50,723: -PUB [/image/marked/theora] /view http://ubuntu:34941/
[rosmaster.master][INFO] 2017-09-21 19:10:50,725: -PUB [/image/marked/theora/parameter_descriptions] /view http://ubuntu:34941/
[rosmaster.master][INFO] 2017-09-21 19:10:50,726: -PUB [/image/marked/theora/parameter_updates] /view http://ubuntu:34941/
[rosmaster.master][INFO] 2017-09-21 19:10:50,727: -PUB [/view/parameter_descriptions] /view http://ubuntu:34941/
[rosmaster.master][INFO] 2017-09-21 19:10:50,729: -PUB [/view/parameter_updates] /view http://ubuntu:34941/
[rosmaster.master][INFO] 2017-09-21 19:10:50,730: -SUB [/tf] /view http://ubuntu:34941/
[rosmaster.master][INFO] 2017-09-21 19:10:50,730: -SUB [/tf_static] /view http://ubuntu:34941/
[rosmaster.master][INFO] 2017-09-21 19:10:50,732: -SUB [/image] /view http://ubuntu:34941/
[rosmaster.master][INFO] 2017-09-21 19:10:50,733: -SUB [/camera_info] /view http://ubuntu:34941/
[rosmaster.master][INFO] 2017-09-21 19:10:50,734: -SUB [/image_marker] /view http://ubuntu:34941/
[rosmaster.master][INFO] 2017-09-21 19:10:50,738: -SUB [/image/event] /view http://ubuntu:34941/
[rosmaster.master][INFO] 2017-09-21 19:10:50,741: -SERVICE [/view/get_loggers] /view rosrpc://ubuntu:42207
[rosmaster.master][INFO] 2017-09-21 19:10:50,744: -SERVICE [/view/set_logger_level] /view rosrpc://ubuntu:42207
[rosmaster.master][INFO] 2017-09-21 19:10:50,747: -SERVICE [/image_marked/compressedDepth/set_parameters] /view rosrpc://ubuntu:42207
[rosmaster.master][INFO] 2017-09-21 19:10:50,749: -SERVICE [/image_marked/compressed/set_parameters] /view rosrpc://ubuntu:42207
[rosmaster.master][INFO] 2017-09-21 19:10:50,754: -SERVICE [/image_marked/theora/set_parameters] /view rosrpc://ubuntu:42207
[rosmaster.master][INFO] 2017-09-21 19:10:50,756: -SERVICE [/image/marked/compressedDepth/set_parameters] /view rosrpc://ubuntu:42207
[rosmaster.master][INFO] 2017-09-21 19:10:50,758: publisherUpdate[/rosout] -> http://ubuntu:36647/ ['http://ubuntu:37167/']
[rosmaster.master][INFO] 2017-09-21 19:10:50,759: publisherUpdate[/rosout] -> http://ubuntu:36647/ ['http://ubuntu:37167/']: sec=0.00, result=[1, '', 0]
[rosmaster.master][INFO] 2017-09-21 19:10:50,762: -SERVICE [/image/marked/compressed/set_parameters] /view rosrpc://ubuntu:42207
[rosmaster.master][INFO] 2017-09-21 19:10:50,764: -SERVICE [/image/marked/theora/set_parameters] /view rosrpc://ubuntu:42207
[rosmaster.master][INFO] 2017-09-21 19:10:50,765: -SERVICE [/view/change_mode] /view rosrpc://ubuntu:42207
[rosmaster.master][INFO] 2017-09-21 19:10:50,771: -SERVICE [/view/rectangle_mode] /view rosrpc://ubuntu:42207
[rosmaster.master][INFO] 2017-09-21 19:10:50,772: -SERVICE [/view/grabcut_mode] /view rosrpc://ubuntu:42207
[rosmaster.master][INFO] 2017-09-21 19:10:50,774: -SERVICE [/view/grabcut_rect_mode] /view rosrpc://ubuntu:42207
[rosmaster.master][INFO] 2017-09-21 19:10:50,777: -SERVICE [/view/line_mode] /view rosrpc://ubuntu:42207
[rosmaster.master][INFO] 2017-09-21 19:10:50,782: -SERVICE [/view/poly_mode] /view rosrpc://ubuntu:42207
[rosmaster.master][INFO] 2017-09-21 19:10:50,784: -SERVICE [/view/none_mode] /view rosrpc://ubuntu:42207
[rosmaster.master][INFO] 2017-09-21 19:10:50,785: -SERVICE [/view/set_parameters] /view rosrpc://ubuntu:42207
[rosmaster.master][INFO] 2017-09-21 19:10:51,061: -PUB [/rosout_agg] /rosout http://ubuntu:36647/
[rosmaster.master][INFO] 2017-09-21 19:10:51,062: -SUB [/rosout] /rosout http://ubuntu:36647/
[rosmaster.master][INFO] 2017-09-21 19:10:51,062: -SERVICE [/rosout/get_loggers] /rosout rosrpc://ubuntu:43657
[rosmaster.master][INFO] 2017-09-21 19:10:51,063: -SERVICE [/rosout/set_logger_level] /rosout rosrpc://ubuntu:43657
[rosmaster.main][INFO] 2017-09-21 19:10:51,172: keyboard interrupt, will exit
[rosmaster.main][INFO] 2017-09-21 19:10:51,172: stopping master...
[rospy.core][INFO] 2017-09-21 19:10:51,173: signal_shutdown [atexit]
