[rosmaster.main][INFO] 2017-10-04 12:56:19,193: initialization complete, waiting for shutdown
[rosmaster.main][INFO] 2017-10-04 12:56:19,193: Starting ROS Master Node
[xmlrpc][INFO] 2017-10-04 12:56:19,196: XML-RPC server binding to 0.0.0.0:11311
[xmlrpc][INFO] 2017-10-04 12:56:19,196: Started XML-RPC server [http://ubuntu:11311/]
[xmlrpc][INFO] 2017-10-04 12:56:19,196: xml rpc node: starting XML-RPC server
[rosmaster.master][INFO] 2017-10-04 12:56:19,196: Master initialized: port[11311], uri[http://ubuntu:11311/]
[rosmaster.master][INFO] 2017-10-04 12:56:19,250: +PARAM [/run_id] by /roslaunch
[rosmaster.master][INFO] 2017-10-04 12:56:19,252: +PARAM [/roslaunch/uris/host_ubuntu__38238] by /roslaunch
[rosmaster.master][INFO] 2017-10-04 12:56:19,321: +PARAM [/rosversion] by /roslaunch
[rosmaster.master][INFO] 2017-10-04 12:56:19,321: +PARAM [/rosdistro] by /roslaunch
[rosmaster.master][INFO] 2017-10-04 12:56:19,321: +PARAM [/camera/device_id] by /roslaunch
[rosmaster.master][INFO] 2017-10-04 12:56:19,363: +SERVICE [/rosout/get_loggers] /rosout http://ubuntu:38957/
[rosmaster.master][INFO] 2017-10-04 12:56:19,366: +SERVICE [/rosout/set_logger_level] /rosout http://ubuntu:38957/
[rosmaster.master][INFO] 2017-10-04 12:56:19,370: +PUB [/rosout_agg] /rosout http://ubuntu:38957/
[rosmaster.master][INFO] 2017-10-04 12:56:19,405: +SUB [/rosout] /rosout http://ubuntu:38957/
[rosmaster.master][INFO] 2017-10-04 12:56:19,477: +PUB [/rosout] /mask_orange http://ubuntu:39688/
[rosmaster.master][INFO] 2017-10-04 12:56:19,484: +SERVICE [/mask_orange/get_loggers] /mask_orange http://ubuntu:39688/
[rosmaster.master][INFO] 2017-10-04 12:56:19,489: +SERVICE [/mask_orange/set_logger_level] /mask_orange http://ubuntu:39688/
[rosmaster.master][INFO] 2017-10-04 12:56:19,496: publisherUpdate[/rosout] -> http://ubuntu:38957/ ['http://ubuntu:39688/']
[rosmaster.master][INFO] 2017-10-04 12:56:19,498: publisherUpdate[/rosout] -> http://ubuntu:38957/ ['http://ubuntu:39688/']: sec=0.00, result=[1, '', 0]
[rosmaster.master][INFO] 2017-10-04 12:56:19,571: +PUB [/rosout] /view http://ubuntu:43616/
[rosmaster.master][INFO] 2017-10-04 12:56:19,572: +SERVICE [/view/get_loggers] /view http://ubuntu:43616/
[rosmaster.master][INFO] 2017-10-04 12:56:19,573: +SERVICE [/view/set_logger_level] /view http://ubuntu:43616/
[rosmaster.master][INFO] 2017-10-04 12:56:19,582: +SUB [/tf] /view http://ubuntu:43616/
[rosmaster.master][INFO] 2017-10-04 12:56:19,590: +PUB [/rosout] /camera http://ubuntu:34254/
[rosmaster.master][INFO] 2017-10-04 12:56:19,593: +SERVICE [/camera/get_loggers] /camera http://ubuntu:34254/
[rosmaster.master][INFO] 2017-10-04 12:56:19,596: +SERVICE [/camera/set_logger_level] /camera http://ubuntu:34254/
[rosmaster.master][INFO] 2017-10-04 12:56:19,597: +SUB [/tf_static] /view http://ubuntu:43616/
[rosmaster.master][INFO] 2017-10-04 12:56:19,603: publisherUpdate[/rosout] -> http://ubuntu:38957/ ['http://ubuntu:39688/', 'http://ubuntu:43616/']
[rosmaster.master][INFO] 2017-10-04 12:56:19,607: publisherUpdate[/rosout] -> http://ubuntu:38957/ ['http://ubuntu:39688/', 'http://ubuntu:43616/']: sec=0.00, result=[1, '', 0]
[rosmaster.master][INFO] 2017-10-04 12:56:19,607: publisherUpdate[/rosout] -> http://ubuntu:38957/ ['http://ubuntu:39688/', 'http://ubuntu:43616/', 'http://ubuntu:34254/']
[rosmaster.master][INFO] 2017-10-04 12:56:19,607: publisherUpdate[/rosout] -> http://ubuntu:38957/ ['http://ubuntu:39688/', 'http://ubuntu:43616/', 'http://ubuntu:34254/']: sec=0.00, result=[1, '', 0]
[rosmaster.master][INFO] 2017-10-04 12:56:19,639: +SUB [/camera/image_raw] /mask_orange http://ubuntu:39688/
[rosmaster.master][INFO] 2017-10-04 12:56:19,676: +PUB [/image/screenpoint] /view http://ubuntu:43616/
[rosmaster.master][INFO] 2017-10-04 12:56:19,677: +PUB [/image/screenpoint_array] /view http://ubuntu:43616/
[rosmaster.master][INFO] 2017-10-04 12:56:19,680: +PUB [/image/screenrectangle] /view http://ubuntu:43616/
[rosmaster.master][INFO] 2017-10-04 12:56:19,681: +PUB [/image/screenrectangle_image] /view http://ubuntu:43616/
[rosmaster.master][INFO] 2017-10-04 12:56:19,681: +PUB [/image/movepoint] /view http://ubuntu:43616/
[rosmaster.master][INFO] 2017-10-04 12:56:19,682: +PUB [/image/foreground] /view http://ubuntu:43616/
[rosmaster.master][INFO] 2017-10-04 12:56:19,683: +PUB [/image/background] /view http://ubuntu:43616/
[rosmaster.master][INFO] 2017-10-04 12:56:19,683: +PUB [/image/foreground_rect] /view http://ubuntu:43616/
[rosmaster.master][INFO] 2017-10-04 12:56:19,684: +PUB [/image/background_rect] /view http://ubuntu:43616/
[rosmaster.master][INFO] 2017-10-04 12:56:19,685: +SERVICE [/camera/set_camera_info] /camera http://ubuntu:34254/
[rosmaster.master][INFO] 2017-10-04 12:56:19,687: +PUB [/image/line] /view http://ubuntu:43616/
[rosmaster.master][INFO] 2017-10-04 12:56:19,690: +PUB [/image/poly] /view http://ubuntu:43616/
[rosmaster.master][INFO] 2017-10-04 12:56:19,731: +PUB [/image/compressedDepth] /mask_orange http://ubuntu:39688/
[rosmaster.master][INFO] 2017-10-04 12:56:19,732: +SERVICE [/image/compressedDepth/set_parameters] /mask_orange http://ubuntu:39688/
[rosmaster.master][INFO] 2017-10-04 12:56:19,733: +PUB [/image/compressedDepth/parameter_descriptions] /mask_orange http://ubuntu:39688/
[rosmaster.master][INFO] 2017-10-04 12:56:19,734: +PUB [/image/compressedDepth/parameter_updates] /mask_orange http://ubuntu:39688/
[rosmaster.master][INFO] 2017-10-04 12:56:19,740: +PARAM [/image/compressedDepth/depth_max] by /mask_orange
[rosmaster.master][INFO] 2017-10-04 12:56:19,741: +PARAM [/image/compressedDepth/depth_quantization] by /mask_orange
[rosmaster.master][INFO] 2017-10-04 12:56:19,741: +PARAM [/image/compressedDepth/png_level] by /mask_orange
[rosmaster.master][INFO] 2017-10-04 12:56:19,742: +PARAM [/image/compressedDepth/depth_max] by /mask_orange
[rosmaster.master][INFO] 2017-10-04 12:56:19,743: +PARAM [/image/compressedDepth/depth_quantization] by /mask_orange
[rosmaster.master][INFO] 2017-10-04 12:56:19,744: +PARAM [/image/compressedDepth/png_level] by /mask_orange
[rosmaster.master][INFO] 2017-10-04 12:56:20,022: +PUB [/image_marked/compressedDepth] /view http://ubuntu:43616/
[rosmaster.master][INFO] 2017-10-04 12:56:20,024: +SERVICE [/image_marked/compressedDepth/set_parameters] /view http://ubuntu:43616/
[rosmaster.master][INFO] 2017-10-04 12:56:20,024: +PUB [/image_marked/compressedDepth/parameter_descriptions] /view http://ubuntu:43616/
[rosmaster.master][INFO] 2017-10-04 12:56:20,028: +PUB [/image_marked/compressedDepth/parameter_updates] /view http://ubuntu:43616/
[rosmaster.master][INFO] 2017-10-04 12:56:20,030: +PARAM [/image_marked/compressedDepth/depth_max] by /view
[rosmaster.master][INFO] 2017-10-04 12:56:20,031: +PARAM [/image_marked/compressedDepth/depth_quantization] by /view
[rosmaster.master][INFO] 2017-10-04 12:56:20,031: +PARAM [/image_marked/compressedDepth/png_level] by /view
[rosmaster.master][INFO] 2017-10-04 12:56:20,032: +PARAM [/image_marked/compressedDepth/depth_max] by /view
[rosmaster.master][INFO] 2017-10-04 12:56:20,036: +PARAM [/image_marked/compressedDepth/depth_quantization] by /view
[rosmaster.master][INFO] 2017-10-04 12:56:20,037: +PARAM [/image_marked/compressedDepth/png_level] by /view
[rosmaster.master][INFO] 2017-10-04 12:56:20,057: +PUB [/image/compressed] /mask_orange http://ubuntu:39688/
[rosmaster.master][INFO] 2017-10-04 12:56:20,058: +SERVICE [/image/compressed/set_parameters] /mask_orange http://ubuntu:39688/
[rosmaster.master][INFO] 2017-10-04 12:56:20,059: +PUB [/image/compressed/parameter_descriptions] /mask_orange http://ubuntu:39688/
[rosmaster.master][INFO] 2017-10-04 12:56:20,059: +PUB [/image/compressed/parameter_updates] /mask_orange http://ubuntu:39688/
[rosmaster.master][INFO] 2017-10-04 12:56:20,063: +PARAM [/image/compressed/format] by /mask_orange
[rosmaster.master][INFO] 2017-10-04 12:56:20,064: +PARAM [/image/compressed/jpeg_quality] by /mask_orange
[rosmaster.master][INFO] 2017-10-04 12:56:20,068: +PARAM [/image/compressed/png_level] by /mask_orange
[rosmaster.master][INFO] 2017-10-04 12:56:20,069: +PARAM [/image/compressed/format] by /mask_orange
[rosmaster.master][INFO] 2017-10-04 12:56:20,070: +PARAM [/image/compressed/jpeg_quality] by /mask_orange
[rosmaster.master][INFO] 2017-10-04 12:56:20,070: +PARAM [/image/compressed/png_level] by /mask_orange
[rosmaster.master][INFO] 2017-10-04 12:56:20,093: +PUB [/image_marked/compressed] /view http://ubuntu:43616/
[rosmaster.master][INFO] 2017-10-04 12:56:20,094: +SERVICE [/image_marked/compressed/set_parameters] /view http://ubuntu:43616/
[rosmaster.master][INFO] 2017-10-04 12:56:20,097: +PUB [/image_marked/compressed/parameter_descriptions] /view http://ubuntu:43616/
[rosmaster.master][INFO] 2017-10-04 12:56:20,100: +PUB [/image_marked/compressed/parameter_updates] /view http://ubuntu:43616/
[rosmaster.master][INFO] 2017-10-04 12:56:20,105: +PARAM [/image_marked/compressed/format] by /view
[rosmaster.master][INFO] 2017-10-04 12:56:20,106: +PARAM [/image_marked/compressed/jpeg_quality] by /view
[rosmaster.master][INFO] 2017-10-04 12:56:20,107: +PARAM [/image_marked/compressed/png_level] by /view
[rosmaster.master][INFO] 2017-10-04 12:56:20,108: +PARAM [/image_marked/compressed/format] by /view
[rosmaster.master][INFO] 2017-10-04 12:56:20,111: +PARAM [/image_marked/compressed/jpeg_quality] by /view
[rosmaster.master][INFO] 2017-10-04 12:56:20,112: +PARAM [/image_marked/compressed/png_level] by /view
[rosmaster.master][INFO] 2017-10-04 12:56:20,135: +PUB [/image] /mask_orange http://ubuntu:39688/
[rosmaster.master][INFO] 2017-10-04 12:56:20,162: +PUB [/image_marked] /view http://ubuntu:43616/
[rosmaster.master][INFO] 2017-10-04 12:56:20,189: +PUB [/image/theora] /mask_orange http://ubuntu:39688/
[rosmaster.master][INFO] 2017-10-04 12:56:20,190: +SERVICE [/image/theora/set_parameters] /mask_orange http://ubuntu:39688/
[rosmaster.master][INFO] 2017-10-04 12:56:20,191: +PUB [/image/theora/parameter_descriptions] /mask_orange http://ubuntu:39688/
[rosmaster.master][INFO] 2017-10-04 12:56:20,191: +PUB [/image/theora/parameter_updates] /mask_orange http://ubuntu:39688/
[rosmaster.master][INFO] 2017-10-04 12:56:20,202: +PARAM [/image/theora/optimize_for] by /mask_orange
[rosmaster.master][INFO] 2017-10-04 12:56:20,203: +PARAM [/image/theora/target_bitrate] by /mask_orange
[rosmaster.master][INFO] 2017-10-04 12:56:20,204: +PARAM [/image/theora/quality] by /mask_orange
[rosmaster.master][INFO] 2017-10-04 12:56:20,208: +PARAM [/image/theora/keyframe_frequency] by /mask_orange
[rosmaster.master][INFO] 2017-10-04 12:56:20,210: +PARAM [/image/theora/optimize_for] by /mask_orange
[rosmaster.master][INFO] 2017-10-04 12:56:20,211: +PARAM [/image/theora/target_bitrate] by /mask_orange
[rosmaster.master][INFO] 2017-10-04 12:56:20,211: +PARAM [/image/theora/quality] by /mask_orange
[rosmaster.master][INFO] 2017-10-04 12:56:20,216: +PARAM [/image/theora/keyframe_frequency] by /mask_orange
[rosmaster.master][INFO] 2017-10-04 12:56:20,221: +PUB [/image_marked/theora] /view http://ubuntu:43616/
[rosmaster.master][INFO] 2017-10-04 12:56:20,222: +SERVICE [/image_marked/theora/set_parameters] /view http://ubuntu:43616/
[rosmaster.master][INFO] 2017-10-04 12:56:20,222: +PUB [/image_marked/theora/parameter_descriptions] /view http://ubuntu:43616/
[rosmaster.master][INFO] 2017-10-04 12:56:20,223: +PUB [/image_marked/theora/parameter_updates] /view http://ubuntu:43616/
[rosmaster.master][INFO] 2017-10-04 12:56:20,226: +PARAM [/image_marked/theora/optimize_for] by /view
[rosmaster.master][INFO] 2017-10-04 12:56:20,227: +PARAM [/image_marked/theora/target_bitrate] by /view
[rosmaster.master][INFO] 2017-10-04 12:56:20,227: +PARAM [/image_marked/theora/quality] by /view
[rosmaster.master][INFO] 2017-10-04 12:56:20,228: +PARAM [/image_marked/theora/keyframe_frequency] by /view
[rosmaster.master][INFO] 2017-10-04 12:56:20,229: +PARAM [/image_marked/theora/optimize_for] by /view
[rosmaster.master][INFO] 2017-10-04 12:56:20,229: +PARAM [/image_marked/theora/target_bitrate] by /view
[rosmaster.master][INFO] 2017-10-04 12:56:20,230: +PARAM [/image_marked/theora/quality] by /view
[rosmaster.master][INFO] 2017-10-04 12:56:20,230: +PARAM [/image_marked/theora/keyframe_frequency] by /view
[rosmaster.master][INFO] 2017-10-04 12:56:20,257: +PUB [/image/marked/compressedDepth] /view http://ubuntu:43616/
[rosmaster.master][INFO] 2017-10-04 12:56:20,257: +SERVICE [/image/marked/compressedDepth/set_parameters] /view http://ubuntu:43616/
[rosmaster.master][INFO] 2017-10-04 12:56:20,258: +PUB [/image/marked/compressedDepth/parameter_descriptions] /view http://ubuntu:43616/
[rosmaster.master][INFO] 2017-10-04 12:56:20,259: +PUB [/image/marked/compressedDepth/parameter_updates] /view http://ubuntu:43616/
[rosmaster.master][INFO] 2017-10-04 12:56:20,261: +PARAM [/image/marked/compressedDepth/depth_max] by /view
[rosmaster.master][INFO] 2017-10-04 12:56:20,262: +PARAM [/image/marked/compressedDepth/depth_quantization] by /view
[rosmaster.master][INFO] 2017-10-04 12:56:20,262: +PARAM [/image/marked/compressedDepth/png_level] by /view
[rosmaster.master][INFO] 2017-10-04 12:56:20,263: +PARAM [/image/marked/compressedDepth/depth_max] by /view
[rosmaster.master][INFO] 2017-10-04 12:56:20,264: +PARAM [/image/marked/compressedDepth/depth_quantization] by /view
[rosmaster.master][INFO] 2017-10-04 12:56:20,264: +PARAM [/image/marked/compressedDepth/png_level] by /view
[rosmaster.master][INFO] 2017-10-04 12:56:20,291: +PUB [/image/marked/compressed] /view http://ubuntu:43616/
[rosmaster.master][INFO] 2017-10-04 12:56:20,291: +SERVICE [/image/marked/compressed/set_parameters] /view http://ubuntu:43616/
[rosmaster.master][INFO] 2017-10-04 12:56:20,292: +PUB [/image/marked/compressed/parameter_descriptions] /view http://ubuntu:43616/
[rosmaster.master][INFO] 2017-10-04 12:56:20,293: +PUB [/image/marked/compressed/parameter_updates] /view http://ubuntu:43616/
[rosmaster.master][INFO] 2017-10-04 12:56:20,295: +PARAM [/image/marked/compressed/format] by /view
[rosmaster.master][INFO] 2017-10-04 12:56:20,296: +PARAM [/image/marked/compressed/jpeg_quality] by /view
[rosmaster.master][INFO] 2017-10-04 12:56:20,296: +PARAM [/image/marked/compressed/png_level] by /view
[rosmaster.master][INFO] 2017-10-04 12:56:20,297: +PARAM [/image/marked/compressed/format] by /view
[rosmaster.master][INFO] 2017-10-04 12:56:20,298: +PARAM [/image/marked/compressed/jpeg_quality] by /view
[rosmaster.master][INFO] 2017-10-04 12:56:20,298: +PARAM [/image/marked/compressed/png_level] by /view
[rosmaster.master][INFO] 2017-10-04 12:56:20,329: +PUB [/image/marked] /view http://ubuntu:43616/
[rosmaster.master][INFO] 2017-10-04 12:56:20,355: +PUB [/image/marked/theora] /view http://ubuntu:43616/
[rosmaster.master][INFO] 2017-10-04 12:56:20,356: +SERVICE [/image/marked/theora/set_parameters] /view http://ubuntu:43616/
[rosmaster.master][INFO] 2017-10-04 12:56:20,357: +PUB [/image/marked/theora/parameter_descriptions] /view http://ubuntu:43616/
[rosmaster.master][INFO] 2017-10-04 12:56:20,358: +PUB [/image/marked/theora/parameter_updates] /view http://ubuntu:43616/
[rosmaster.master][INFO] 2017-10-04 12:56:20,360: +PARAM [/image/marked/theora/optimize_for] by /view
[rosmaster.master][INFO] 2017-10-04 12:56:20,361: +PARAM [/image/marked/theora/target_bitrate] by /view
[rosmaster.master][INFO] 2017-10-04 12:56:20,362: +PARAM [/image/marked/theora/quality] by /view
[rosmaster.master][INFO] 2017-10-04 12:56:20,362: +PARAM [/image/marked/theora/keyframe_frequency] by /view
[rosmaster.master][INFO] 2017-10-04 12:56:20,363: +PARAM [/image/marked/theora/optimize_for] by /view
[rosmaster.master][INFO] 2017-10-04 12:56:20,364: +PARAM [/image/marked/theora/target_bitrate] by /view
[rosmaster.master][INFO] 2017-10-04 12:56:20,364: +PARAM [/image/marked/theora/quality] by /view
[rosmaster.master][INFO] 2017-10-04 12:56:20,365: +PARAM [/image/marked/theora/keyframe_frequency] by /view
[rosmaster.master][INFO] 2017-10-04 12:56:20,395: +SUB [/image] /view http://ubuntu:43616/
[rosmaster.master][INFO] 2017-10-04 12:56:20,398: +SUB [/camera_info] /view http://ubuntu:43616/
[rosmaster.master][INFO] 2017-10-04 12:56:20,401: +SUB [/image_marker] /view http://ubuntu:43616/
[rosmaster.master][INFO] 2017-10-04 12:56:20,409: +SUB [/image/event] /view http://ubuntu:43616/
[rosmaster.master][INFO] 2017-10-04 12:56:20,410: +SERVICE [/view/change_mode] /view http://ubuntu:43616/
[rosmaster.master][INFO] 2017-10-04 12:56:20,410: +SERVICE [/view/rectangle_mode] /view http://ubuntu:43616/
[rosmaster.master][INFO] 2017-10-04 12:56:20,411: +SERVICE [/view/grabcut_mode] /view http://ubuntu:43616/
[rosmaster.master][INFO] 2017-10-04 12:56:20,412: +SERVICE [/view/grabcut_rect_mode] /view http://ubuntu:43616/
[rosmaster.master][INFO] 2017-10-04 12:56:20,412: +SERVICE [/view/line_mode] /view http://ubuntu:43616/
[rosmaster.master][INFO] 2017-10-04 12:56:20,413: +SERVICE [/view/poly_mode] /view http://ubuntu:43616/
[rosmaster.master][INFO] 2017-10-04 12:56:20,414: +SERVICE [/view/none_mode] /view http://ubuntu:43616/
[rosmaster.master][INFO] 2017-10-04 12:56:20,415: +SERVICE [/view/set_parameters] /view http://ubuntu:43616/
[rosmaster.master][INFO] 2017-10-04 12:56:20,415: +PUB [/view/parameter_descriptions] /view http://ubuntu:43616/
[rosmaster.master][INFO] 2017-10-04 12:56:20,416: +PUB [/view/parameter_updates] /view http://ubuntu:43616/
[rosmaster.master][INFO] 2017-10-04 12:56:20,421: +PARAM [/view/grid] by /view
[rosmaster.master][INFO] 2017-10-04 12:56:20,422: +PARAM [/view/fisheye_mode] by /view
[rosmaster.master][INFO] 2017-10-04 12:56:20,422: +PARAM [/view/div_u] by /view
[rosmaster.master][INFO] 2017-10-04 12:56:20,423: +PARAM [/view/div_v] by /view
[rosmaster.master][INFO] 2017-10-04 12:56:20,424: +PARAM [/view/grid_red] by /view
[rosmaster.master][INFO] 2017-10-04 12:56:20,424: +PARAM [/view/grid_green] by /view
[rosmaster.master][INFO] 2017-10-04 12:56:20,425: +PARAM [/view/grid_blue] by /view
[rosmaster.master][INFO] 2017-10-04 12:56:20,426: +PARAM [/view/grid_thickness] by /view
[rosmaster.master][INFO] 2017-10-04 12:56:20,426: +PARAM [/view/grid_space] by /view
[rosmaster.master][INFO] 2017-10-04 12:56:20,427: +PARAM [/view/grid] by /view
[rosmaster.master][INFO] 2017-10-04 12:56:20,428: +PARAM [/view/fisheye_mode] by /view
[rosmaster.master][INFO] 2017-10-04 12:56:20,429: +PARAM [/view/div_u] by /view
[rosmaster.master][INFO] 2017-10-04 12:56:20,429: +PARAM [/view/div_v] by /view
[rosmaster.master][INFO] 2017-10-04 12:56:20,430: +PARAM [/view/grid_red] by /view
[rosmaster.master][INFO] 2017-10-04 12:56:20,430: +PARAM [/view/grid_green] by /view
[rosmaster.master][INFO] 2017-10-04 12:56:20,431: +PARAM [/view/grid_blue] by /view
[rosmaster.master][INFO] 2017-10-04 12:56:20,432: +PARAM [/view/grid_thickness] by /view
[rosmaster.master][INFO] 2017-10-04 12:56:20,432: +PARAM [/view/grid_space] by /view
[rosmaster.master][INFO] 2017-10-04 12:56:21,360: +PUB [/camera/image_raw/compressedDepth] /camera http://ubuntu:34254/
[rosmaster.master][INFO] 2017-10-04 12:56:21,363: +SERVICE [/camera/image_raw/compressedDepth/set_parameters] /camera http://ubuntu:34254/
[rosmaster.master][INFO] 2017-10-04 12:56:21,365: +PUB [/camera/image_raw/compressedDepth/parameter_descriptions] /camera http://ubuntu:34254/
[rosmaster.master][INFO] 2017-10-04 12:56:21,369: +PUB [/camera/image_raw/compressedDepth/parameter_updates] /camera http://ubuntu:34254/
[rosmaster.master][INFO] 2017-10-04 12:56:21,378: +PARAM [/camera/image_raw/compressedDepth/depth_max] by /camera
[rosmaster.master][INFO] 2017-10-04 12:56:21,381: +PARAM [/camera/image_raw/compressedDepth/depth_quantization] by /camera
[rosmaster.master][INFO] 2017-10-04 12:56:21,383: +PARAM [/camera/image_raw/compressedDepth/png_level] by /camera
[rosmaster.master][INFO] 2017-10-04 12:56:21,384: +PARAM [/camera/image_raw/compressedDepth/depth_max] by /camera
[rosmaster.master][INFO] 2017-10-04 12:56:21,388: +PARAM [/camera/image_raw/compressedDepth/depth_quantization] by /camera
[rosmaster.master][INFO] 2017-10-04 12:56:21,394: +PARAM [/camera/image_raw/compressedDepth/png_level] by /camera
[rosmaster.master][INFO] 2017-10-04 12:56:21,455: +PUB [/camera/image_raw/compressed] /camera http://ubuntu:34254/
[rosmaster.master][INFO] 2017-10-04 12:56:21,463: +SERVICE [/camera/image_raw/compressed/set_parameters] /camera http://ubuntu:34254/
[rosmaster.master][INFO] 2017-10-04 12:56:21,465: +PUB [/camera/image_raw/compressed/parameter_descriptions] /camera http://ubuntu:34254/
[rosmaster.master][INFO] 2017-10-04 12:56:21,466: +PUB [/camera/image_raw/compressed/parameter_updates] /camera http://ubuntu:34254/
[rosmaster.master][INFO] 2017-10-04 12:56:21,482: +PARAM [/camera/image_raw/compressed/format] by /camera
[rosmaster.master][INFO] 2017-10-04 12:56:21,485: +PARAM [/camera/image_raw/compressed/jpeg_quality] by /camera
[rosmaster.master][INFO] 2017-10-04 12:56:21,486: +PARAM [/camera/image_raw/compressed/png_level] by /camera
[rosmaster.master][INFO] 2017-10-04 12:56:21,487: +PARAM [/camera/image_raw/compressed/format] by /camera
[rosmaster.master][INFO] 2017-10-04 12:56:21,488: +PARAM [/camera/image_raw/compressed/jpeg_quality] by /camera
[rosmaster.master][INFO] 2017-10-04 12:56:21,490: +PARAM [/camera/image_raw/compressed/png_level] by /camera
[rosmaster.master][INFO] 2017-10-04 12:56:21,532: +PUB [/camera/image_raw] /camera http://ubuntu:34254/
[rosmaster.master][INFO] 2017-10-04 12:56:21,561: +PUB [/camera/image_raw/theora] /camera http://ubuntu:34254/
[rosmaster.master][INFO] 2017-10-04 12:56:21,562: +SERVICE [/camera/image_raw/theora/set_parameters] /camera http://ubuntu:34254/
[rosmaster.master][INFO] 2017-10-04 12:56:21,563: +PUB [/camera/image_raw/theora/parameter_descriptions] /camera http://ubuntu:34254/
[rosmaster.master][INFO] 2017-10-04 12:56:21,563: +PUB [/camera/image_raw/theora/parameter_updates] /camera http://ubuntu:34254/
[rosmaster.master][INFO] 2017-10-04 12:56:21,566: +PARAM [/camera/image_raw/theora/optimize_for] by /camera
[rosmaster.master][INFO] 2017-10-04 12:56:21,567: +PARAM [/camera/image_raw/theora/target_bitrate] by /camera
[rosmaster.master][INFO] 2017-10-04 12:56:21,568: +PARAM [/camera/image_raw/theora/quality] by /camera
[rosmaster.master][INFO] 2017-10-04 12:56:21,573: +PARAM [/camera/image_raw/theora/keyframe_frequency] by /camera
[rosmaster.master][INFO] 2017-10-04 12:56:21,574: +PARAM [/camera/image_raw/theora/optimize_for] by /camera
[rosmaster.master][INFO] 2017-10-04 12:56:21,575: +PARAM [/camera/image_raw/theora/target_bitrate] by /camera
[rosmaster.master][INFO] 2017-10-04 12:56:21,576: +PARAM [/camera/image_raw/theora/quality] by /camera
[rosmaster.master][INFO] 2017-10-04 12:56:21,576: +PARAM [/camera/image_raw/theora/keyframe_frequency] by /camera
[rosmaster.master][INFO] 2017-10-04 12:56:21,577: +PUB [/camera/camera_info] /camera http://ubuntu:34254/
[rosmaster.master][INFO] 2017-10-04 12:56:21,582: publisherUpdate[/camera/image_raw] -> http://ubuntu:39688/ ['http://ubuntu:34254/']
[rosmaster.master][INFO] 2017-10-04 12:56:21,582: publisherUpdate[/camera/image_raw] -> http://ubuntu:39688/ ['http://ubuntu:34254/']: sec=0.00, result=[1, '', 0]
[rosmaster.master][INFO] 2017-10-04 12:56:54,657: -PUB [/rosout] /camera http://ubuntu:34254/
[rosmaster.master][INFO] 2017-10-04 12:56:54,659: -PUB [/camera/image_raw/compressedDepth] /camera http://ubuntu:34254/
[rosmaster.master][INFO] 2017-10-04 12:56:54,661: -PUB [/camera/image_raw/compressedDepth/parameter_descriptions] /camera http://ubuntu:34254/
[rosmaster.master][INFO] 2017-10-04 12:56:54,668: -PUB [/camera/image_raw/compressedDepth/parameter_updates] /camera http://ubuntu:34254/
[rosmaster.master][INFO] 2017-10-04 12:56:54,675: -PUB [/camera/image_raw/compressed] /camera http://ubuntu:34254/
[rosmaster.master][INFO] 2017-10-04 12:56:54,683: -PUB [/camera/image_raw/compressed/parameter_descriptions] /camera http://ubuntu:34254/
[rosmaster.master][INFO] 2017-10-04 12:56:54,685: -PUB [/camera/image_raw/compressed/parameter_updates] /camera http://ubuntu:34254/
[rosmaster.master][INFO] 2017-10-04 12:56:54,698: -PUB [/camera/image_raw] /camera http://ubuntu:34254/
[rosmaster.master][INFO] 2017-10-04 12:56:54,701: -PUB [/camera/image_raw/theora] /camera http://ubuntu:34254/
[rosmaster.master][INFO] 2017-10-04 12:56:54,705: -PUB [/camera/image_raw/theora/parameter_descriptions] /camera http://ubuntu:34254/
[rosmaster.master][INFO] 2017-10-04 12:56:54,719: publisherUpdate[/rosout] -> http://ubuntu:38957/ ['http://ubuntu:39688/', 'http://ubuntu:43616/']
[rosmaster.master][INFO] 2017-10-04 12:56:54,719: publisherUpdate[/camera/image_raw] -> http://ubuntu:39688/ []
[rosmaster.master][INFO] 2017-10-04 12:56:54,720: publisherUpdate[/rosout] -> http://ubuntu:38957/ ['http://ubuntu:39688/', 'http://ubuntu:43616/']: sec=0.00, result=[1, '', 0]
[rosmaster.master][INFO] 2017-10-04 12:56:54,721: -PUB [/camera/image_raw/theora/parameter_updates] /camera http://ubuntu:34254/
[rosmaster.master][INFO] 2017-10-04 12:56:54,724: -PUB [/camera/camera_info] /camera http://ubuntu:34254/
[rosmaster.master][INFO] 2017-10-04 12:56:54,724: -SERVICE [/camera/get_loggers] /camera rosrpc://ubuntu:46195
[rosmaster.master][INFO] 2017-10-04 12:56:54,732: publisherUpdate[/camera/image_raw] -> http://ubuntu:39688/ []: sec=0.01, result=[0, 'Unknown Error', 0]
[rosmaster.master][INFO] 2017-10-04 12:56:54,726: -SERVICE [/camera/set_logger_level] /camera rosrpc://ubuntu:46195
[rosmaster.master][INFO] 2017-10-04 12:56:54,737: -SERVICE [/camera/set_camera_info] /camera rosrpc://ubuntu:46195
[rosmaster.master][INFO] 2017-10-04 12:56:54,741: -SERVICE [/camera/image_raw/compressedDepth/set_parameters] /camera rosrpc://ubuntu:46195
[rosmaster.master][INFO] 2017-10-04 12:56:54,743: -SERVICE [/camera/image_raw/compressed/set_parameters] /camera rosrpc://ubuntu:46195
[rosmaster.master][INFO] 2017-10-04 12:56:54,747: -SERVICE [/camera/image_raw/theora/set_parameters] /camera rosrpc://ubuntu:46195
[rosmaster.master][INFO] 2017-10-04 12:56:54,824: -PUB [/rosout] /view http://ubuntu:43616/
[rosmaster.master][INFO] 2017-10-04 12:56:54,825: -PUB [/image/screenpoint] /view http://ubuntu:43616/
[rosmaster.master][INFO] 2017-10-04 12:56:54,826: -PUB [/image/screenpoint_array] /view http://ubuntu:43616/
[rosmaster.master][INFO] 2017-10-04 12:56:54,826: -PUB [/image/screenrectangle] /view http://ubuntu:43616/
[rosmaster.master][INFO] 2017-10-04 12:56:54,828: -PUB [/image/screenrectangle_image] /view http://ubuntu:43616/
[rosmaster.master][INFO] 2017-10-04 12:56:54,829: -PUB [/image/movepoint] /view http://ubuntu:43616/
[rosmaster.master][INFO] 2017-10-04 12:56:54,837: publisherUpdate[/rosout] -> http://ubuntu:38957/ ['http://ubuntu:39688/']
[rosmaster.master][INFO] 2017-10-04 12:56:54,838: publisherUpdate[/rosout] -> http://ubuntu:38957/ ['http://ubuntu:39688/']: sec=0.00, result=[1, '', 0]
[rosmaster.master][INFO] 2017-10-04 12:56:54,839: -PUB [/image/foreground] /view http://ubuntu:43616/
[rosmaster.master][INFO] 2017-10-04 12:56:54,841: -PUB [/rosout] /mask_orange http://ubuntu:39688/
[rosmaster.master][INFO] 2017-10-04 12:56:54,844: -PUB [/image/compressedDepth] /mask_orange http://ubuntu:39688/
[rosmaster.master][INFO] 2017-10-04 12:56:54,848: -PUB [/image/background] /view http://ubuntu:43616/
[rosmaster.master][INFO] 2017-10-04 12:56:54,856: -PUB [/image/compressedDepth/parameter_descriptions] /mask_orange http://ubuntu:39688/
[rosmaster.master][INFO] 2017-10-04 12:56:54,859: -PUB [/image/foreground_rect] /view http://ubuntu:43616/
[rosmaster.master][INFO] 2017-10-04 12:56:54,868: -PUB [/image/compressedDepth/parameter_updates] /mask_orange http://ubuntu:39688/
[rosmaster.master][INFO] 2017-10-04 12:56:54,872: -PUB [/image/background_rect] /view http://ubuntu:43616/
[rosmaster.master][INFO] 2017-10-04 12:56:54,874: -PUB [/image/compressed] /mask_orange http://ubuntu:39688/
[rosmaster.master][INFO] 2017-10-04 12:56:54,879: -PUB [/image/compressed/parameter_descriptions] /mask_orange http://ubuntu:39688/
[rosmaster.master][INFO] 2017-10-04 12:56:54,885: -PUB [/image/line] /view http://ubuntu:43616/
[rosmaster.master][INFO] 2017-10-04 12:56:54,886: -PUB [/image/compressed/parameter_updates] /mask_orange http://ubuntu:39688/
[rosmaster.master][INFO] 2017-10-04 12:56:54,894: -PUB [/image/poly] /view http://ubuntu:43616/
[rosmaster.master][INFO] 2017-10-04 12:56:54,895: -PUB [/image] /mask_orange http://ubuntu:39688/
[rosmaster.master][INFO] 2017-10-04 12:56:54,896: -PUB [/image/theora] /mask_orange http://ubuntu:39688/
[rosmaster.master][INFO] 2017-10-04 12:56:54,905: -PUB [/image_marked/compressedDepth] /view http://ubuntu:43616/
[rosmaster.master][INFO] 2017-10-04 12:56:54,905: -PUB [/image/theora/parameter_descriptions] /mask_orange http://ubuntu:39688/
[rosmaster.master][INFO] 2017-10-04 12:56:54,908: -PUB [/image_marked/compressedDepth/parameter_descriptions] /view http://ubuntu:43616/
[rosmaster.master][INFO] 2017-10-04 12:56:54,908: -PUB [/image_marked/compressedDepth/parameter_updates] /view http://ubuntu:43616/
[rosmaster.master][INFO] 2017-10-04 12:56:54,910: -PUB [/image_marked/compressed] /view http://ubuntu:43616/
[rosmaster.master][INFO] 2017-10-04 12:56:54,917: -PUB [/image/theora/parameter_updates] /mask_orange http://ubuntu:39688/
[rosmaster.master][INFO] 2017-10-04 12:56:54,921: publisherUpdate[/rosout] -> http://ubuntu:38957/ []
[rosmaster.master][INFO] 2017-10-04 12:56:54,924: publisherUpdate[/image] -> http://ubuntu:43616/ []
[rosmaster.master][INFO] 2017-10-04 12:56:54,924: publisherUpdate[/rosout] -> http://ubuntu:38957/ []: sec=0.00, result=[1, '', 0]
[rosmaster.master][INFO] 2017-10-04 12:56:54,925: -PUB [/image_marked/compressed/parameter_descriptions] /view http://ubuntu:43616/
[rosmaster.master][INFO] 2017-10-04 12:56:54,928: -SUB [/camera/image_raw] /mask_orange http://ubuntu:39688/
[rosmaster.master][INFO] 2017-10-04 12:56:54,931: publisherUpdate[/image] -> http://ubuntu:43616/ []: sec=0.01, exception=<Fault -1: 'publisherUpdate: unknown method name'>
[rosmaster.master][INFO] 2017-10-04 12:56:54,932: -PUB [/image_marked/compressed/parameter_updates] /view http://ubuntu:43616/
[rosmaster.master][INFO] 2017-10-04 12:56:54,933: -PUB [/image_marked] /view http://ubuntu:43616/
[rosmaster.master][INFO] 2017-10-04 12:56:54,936: -SERVICE [/mask_orange/get_loggers] /mask_orange rosrpc://ubuntu:42888
[rosmaster.threadpool][ERROR] 2017-10-04 12:56:54,946: Traceback (most recent call last):
  File "/opt/ros/kinetic/lib/python2.7/dist-packages/rosmaster/threadpool.py", line 218, in run
    result = cmd(*args)
  File "/opt/ros/kinetic/lib/python2.7/dist-packages/rosmaster/master_api.py", line 210, in publisher_update_task
    ret = xmlrpcapi(api).publisherUpdate('/master', topic, pub_uris)
  File "/usr/lib/python2.7/xmlrpclib.py", line 1243, in __call__
    return self.__send(self.__name, args)
  File "/usr/lib/python2.7/xmlrpclib.py", line 1602, in __request
    verbose=self.__verbose
  File "/usr/lib/python2.7/xmlrpclib.py", line 1283, in request
    return self.single_request(host, handler, request_body, verbose)
  File "/usr/lib/python2.7/xmlrpclib.py", line 1316, in single_request
    return self.parse_response(response)
  File "/usr/lib/python2.7/xmlrpclib.py", line 1493, in parse_response
    return u.close()
  File "/usr/lib/python2.7/xmlrpclib.py", line 800, in close
    raise Fault(**self._stack[0])
Fault: <Fault -1: 'publisherUpdate: unknown method name'>

[rosmaster.master][INFO] 2017-10-04 12:56:54,947: -PUB [/image_marked/theora] /view http://ubuntu:43616/
[rosmaster.master][INFO] 2017-10-04 12:56:54,950: -SERVICE [/mask_orange/set_logger_level] /mask_orange rosrpc://ubuntu:42888
[rosmaster.master][INFO] 2017-10-04 12:56:54,952: -PUB [/image_marked/theora/parameter_descriptions] /view http://ubuntu:43616/
[rosmaster.master][INFO] 2017-10-04 12:56:54,956: -SERVICE [/image/compressedDepth/set_parameters] /mask_orange rosrpc://ubuntu:42888
[rosmaster.master][INFO] 2017-10-04 12:56:54,956: -PUB [/image_marked/theora/parameter_updates] /view http://ubuntu:43616/
[rosmaster.master][INFO] 2017-10-04 12:56:54,958: -PUB [/image/marked/compressedDepth] /view http://ubuntu:43616/
[rosmaster.master][INFO] 2017-10-04 12:56:54,960: -SERVICE [/image/compressed/set_parameters] /mask_orange rosrpc://ubuntu:42888
[rosmaster.master][INFO] 2017-10-04 12:56:54,964: -SERVICE [/image/theora/set_parameters] /mask_orange rosrpc://ubuntu:42888
[rosmaster.master][INFO] 2017-10-04 12:56:54,966: -PUB [/image/marked/compressedDepth/parameter_descriptions] /view http://ubuntu:43616/
[rosmaster.master][INFO] 2017-10-04 12:56:54,968: -PUB [/image/marked/compressedDepth/parameter_updates] /view http://ubuntu:43616/
[rosmaster.master][INFO] 2017-10-04 12:56:54,976: -PUB [/image/marked/compressed] /view http://ubuntu:43616/
[rosmaster.master][INFO] 2017-10-04 12:56:54,982: -PUB [/image/marked/compressed/parameter_descriptions] /view http://ubuntu:43616/
[rosmaster.master][INFO] 2017-10-04 12:56:54,985: -PUB [/image/marked/compressed/parameter_updates] /view http://ubuntu:43616/
[rosmaster.master][INFO] 2017-10-04 12:56:54,990: -PUB [/image/marked] /view http://ubuntu:43616/
[rosmaster.master][INFO] 2017-10-04 12:56:54,998: -PUB [/image/marked/theora] /view http://ubuntu:43616/
[rosmaster.master][INFO] 2017-10-04 12:56:55,000: -PUB [/image/marked/theora/parameter_descriptions] /view http://ubuntu:43616/
[rosmaster.master][INFO] 2017-10-04 12:56:55,001: -PUB [/image/marked/theora/parameter_updates] /view http://ubuntu:43616/
[rosmaster.master][INFO] 2017-10-04 12:56:55,002: -PUB [/view/parameter_descriptions] /view http://ubuntu:43616/
[rosmaster.master][INFO] 2017-10-04 12:56:55,004: -PUB [/view/parameter_updates] /view http://ubuntu:43616/
[rosmaster.master][INFO] 2017-10-04 12:56:55,006: -SUB [/tf] /view http://ubuntu:43616/
[rosmaster.master][INFO] 2017-10-04 12:56:55,009: -SUB [/tf_static] /view http://ubuntu:43616/
[rosmaster.master][INFO] 2017-10-04 12:56:55,012: -SUB [/image] /view http://ubuntu:43616/
[rosmaster.master][INFO] 2017-10-04 12:56:55,013: -SUB [/camera_info] /view http://ubuntu:43616/
[rosmaster.master][INFO] 2017-10-04 12:56:55,014: -SUB [/image_marker] /view http://ubuntu:43616/
[rosmaster.master][INFO] 2017-10-04 12:56:55,016: -SUB [/image/event] /view http://ubuntu:43616/
[rosmaster.master][INFO] 2017-10-04 12:56:55,018: -SERVICE [/view/get_loggers] /view rosrpc://ubuntu:53776
[rosmaster.master][INFO] 2017-10-04 12:56:55,020: -SERVICE [/view/set_logger_level] /view rosrpc://ubuntu:53776
[rosmaster.master][INFO] 2017-10-04 12:56:55,021: -SERVICE [/image_marked/compressedDepth/set_parameters] /view rosrpc://ubuntu:53776
[rosmaster.master][INFO] 2017-10-04 12:56:55,024: -SERVICE [/image_marked/compressed/set_parameters] /view rosrpc://ubuntu:53776
[rosmaster.master][INFO] 2017-10-04 12:56:55,026: -SERVICE [/image_marked/theora/set_parameters] /view rosrpc://ubuntu:53776
[rosmaster.master][INFO] 2017-10-04 12:56:55,027: -SERVICE [/image/marked/compressedDepth/set_parameters] /view rosrpc://ubuntu:53776
[rosmaster.master][INFO] 2017-10-04 12:56:55,028: -SERVICE [/image/marked/compressed/set_parameters] /view rosrpc://ubuntu:53776
[rosmaster.master][INFO] 2017-10-04 12:56:55,029: -SERVICE [/image/marked/theora/set_parameters] /view rosrpc://ubuntu:53776
[rosmaster.master][INFO] 2017-10-04 12:56:55,033: -SERVICE [/view/change_mode] /view rosrpc://ubuntu:53776
[rosmaster.master][INFO] 2017-10-04 12:56:55,036: -SERVICE [/view/rectangle_mode] /view rosrpc://ubuntu:53776
[rosmaster.master][INFO] 2017-10-04 12:56:55,037: -SERVICE [/view/grabcut_mode] /view rosrpc://ubuntu:53776
[rosmaster.master][INFO] 2017-10-04 12:56:55,038: -SERVICE [/view/grabcut_rect_mode] /view rosrpc://ubuntu:53776
[rosmaster.master][INFO] 2017-10-04 12:56:55,039: -SERVICE [/view/line_mode] /view rosrpc://ubuntu:53776
[rosmaster.master][INFO] 2017-10-04 12:56:55,040: -SERVICE [/view/poly_mode] /view rosrpc://ubuntu:53776
[rosmaster.master][INFO] 2017-10-04 12:56:55,041: -SERVICE [/view/none_mode] /view rosrpc://ubuntu:53776
[rosmaster.master][INFO] 2017-10-04 12:56:55,046: -SERVICE [/view/set_parameters] /view rosrpc://ubuntu:53776
[rosmaster.master][INFO] 2017-10-04 12:56:55,424: -PUB [/rosout_agg] /rosout http://ubuntu:38957/
[rosmaster.master][INFO] 2017-10-04 12:56:55,425: -SUB [/rosout] /rosout http://ubuntu:38957/
[rosmaster.master][INFO] 2017-10-04 12:56:55,426: -SERVICE [/rosout/get_loggers] /rosout rosrpc://ubuntu:59735
[rosmaster.master][INFO] 2017-10-04 12:56:55,426: -SERVICE [/rosout/set_logger_level] /rosout rosrpc://ubuntu:59735
[rosmaster.main][INFO] 2017-10-04 12:56:55,493: keyboard interrupt, will exit
[rosmaster.main][INFO] 2017-10-04 12:56:55,494: stopping master...
[rospy.core][INFO] 2017-10-04 12:56:55,494: signal_shutdown [atexit]
