[rosmaster.main][INFO] 2017-09-13 16:17:36,746: initialization complete, waiting for shutdown
[rosmaster.main][INFO] 2017-09-13 16:17:36,746: Starting ROS Master Node
[xmlrpc][INFO] 2017-09-13 16:17:36,747: XML-RPC server binding to 0.0.0.0:11311
[xmlrpc][INFO] 2017-09-13 16:17:36,747: Started XML-RPC server [http://ubuntu:11311/]
[xmlrpc][INFO] 2017-09-13 16:17:36,747: xml rpc node: starting XML-RPC server
[rosmaster.master][INFO] 2017-09-13 16:17:36,748: Master initialized: port[11311], uri[http://ubuntu:11311/]
[rosmaster.master][INFO] 2017-09-13 16:17:36,776: +PARAM [/run_id] by /roslaunch
[rosmaster.master][INFO] 2017-09-13 16:17:36,777: +PARAM [/roslaunch/uris/host_ubuntu__34788] by /roslaunch
[rosmaster.master][INFO] 2017-09-13 16:17:36,852: +PARAM [/rosversion] by /roslaunch
[rosmaster.master][INFO] 2017-09-13 16:17:36,852: +PARAM [/rosdistro] by /roslaunch
[rosmaster.master][INFO] 2017-09-13 16:17:36,993: +SERVICE [/rosout/get_loggers] /rosout http://ubuntu:38510/
[rosmaster.master][INFO] 2017-09-13 16:17:36,997: +SERVICE [/rosout/set_logger_level] /rosout http://ubuntu:38510/
[rosmaster.master][INFO] 2017-09-13 16:17:37,002: +PUB [/rosout_agg] /rosout http://ubuntu:38510/
[rosmaster.master][INFO] 2017-09-13 16:17:37,026: +SUB [/rosout] /rosout http://ubuntu:38510/
[rosmaster.master][INFO] 2017-09-13 16:17:37,117: +PUB [/rosout] /image_converter http://ubuntu:40180/
[rosmaster.master][INFO] 2017-09-13 16:17:37,119: +SERVICE [/image_converter/get_loggers] /image_converter http://ubuntu:40180/
[rosmaster.master][INFO] 2017-09-13 16:17:37,120: +SERVICE [/image_converter/set_logger_level] /image_converter http://ubuntu:40180/
[rosmaster.master][INFO] 2017-09-13 16:17:37,149: publisherUpdate[/rosout] -> http://ubuntu:38510/ ['http://ubuntu:40180/']
[rosmaster.master][INFO] 2017-09-13 16:17:37,150: publisherUpdate[/rosout] -> http://ubuntu:38510/ ['http://ubuntu:40180/']: sec=0.00, result=[1, '', 0]
[rosmaster.master][INFO] 2017-09-13 16:17:37,214: +PUB [/rosout] /view http://ubuntu:42720/
[rosmaster.master][INFO] 2017-09-13 16:17:37,215: +SERVICE [/view/get_loggers] /view http://ubuntu:42720/
[rosmaster.master][INFO] 2017-09-13 16:17:37,216: +SERVICE [/view/set_logger_level] /view http://ubuntu:42720/
[rosmaster.master][INFO] 2017-09-13 16:17:37,227: +SUB [/tf] /view http://ubuntu:42720/
[rosmaster.master][INFO] 2017-09-13 16:17:37,249: +PUB [/rosout] /camera http://ubuntu:43404/
[rosmaster.master][INFO] 2017-09-13 16:17:37,250: publisherUpdate[/rosout] -> http://ubuntu:38510/ ['http://ubuntu:40180/', 'http://ubuntu:42720/']
[rosmaster.master][INFO] 2017-09-13 16:17:37,251: publisherUpdate[/rosout] -> http://ubuntu:38510/ ['http://ubuntu:40180/', 'http://ubuntu:42720/']: sec=0.00, result=[1, '', 0]
[rosmaster.master][INFO] 2017-09-13 16:17:37,251: publisherUpdate[/rosout] -> http://ubuntu:38510/ ['http://ubuntu:40180/', 'http://ubuntu:42720/', 'http://ubuntu:43404/']
[rosmaster.master][INFO] 2017-09-13 16:17:37,251: publisherUpdate[/rosout] -> http://ubuntu:38510/ ['http://ubuntu:40180/', 'http://ubuntu:42720/', 'http://ubuntu:43404/']: sec=0.00, result=[1, '', 0]
[rosmaster.master][INFO] 2017-09-13 16:17:37,252: +SERVICE [/camera/get_loggers] /camera http://ubuntu:43404/
[rosmaster.master][INFO] 2017-09-13 16:17:37,253: +SUB [/tf_static] /view http://ubuntu:42720/
[rosmaster.master][INFO] 2017-09-13 16:17:37,260: +SERVICE [/camera/set_logger_level] /camera http://ubuntu:43404/
[rosmaster.master][INFO] 2017-09-13 16:17:37,330: +SUB [/camera/image_raw] /image_converter http://ubuntu:40180/
[rosmaster.master][INFO] 2017-09-13 16:17:37,341: +PUB [/image/screenpoint] /view http://ubuntu:42720/
[rosmaster.master][INFO] 2017-09-13 16:17:37,343: +PUB [/image/screenpoint_array] /view http://ubuntu:42720/
[rosmaster.master][INFO] 2017-09-13 16:17:37,349: +SERVICE [/camera/set_camera_info] /camera http://ubuntu:43404/
[rosmaster.master][INFO] 2017-09-13 16:17:37,349: +PUB [/image/screenrectangle] /view http://ubuntu:42720/
[rosmaster.master][INFO] 2017-09-13 16:17:37,351: +PUB [/image/screenrectangle_image] /view http://ubuntu:42720/
[rosmaster.master][INFO] 2017-09-13 16:17:37,353: +PUB [/image/movepoint] /view http://ubuntu:42720/
[rosmaster.master][INFO] 2017-09-13 16:17:37,353: -SERVICE [/camera/set_camera_info] /camera rosrpc://ubuntu:59010
[rosmaster.master][INFO] 2017-09-13 16:17:37,354: +PUB [/image/foreground] /view http://ubuntu:42720/
[rosmaster.master][INFO] 2017-09-13 16:17:37,355: +PUB [/image/background] /view http://ubuntu:42720/
[rosmaster.master][INFO] 2017-09-13 16:17:37,361: +PUB [/image/foreground_rect] /view http://ubuntu:42720/
[rosmaster.master][INFO] 2017-09-13 16:17:37,364: +PUB [/image/background_rect] /view http://ubuntu:42720/
[rosmaster.master][INFO] 2017-09-13 16:17:37,367: +PUB [/image/line] /view http://ubuntu:42720/
[rosmaster.master][INFO] 2017-09-13 16:17:37,374: +PUB [/image/poly] /view http://ubuntu:42720/
[rosmaster.master][INFO] 2017-09-13 16:17:37,451: +PUB [/image/compressedDepth] /image_converter http://ubuntu:40180/
[rosmaster.master][INFO] 2017-09-13 16:17:37,452: +SERVICE [/image/compressedDepth/set_parameters] /image_converter http://ubuntu:40180/
[rosmaster.master][INFO] 2017-09-13 16:17:37,453: +PUB [/image/compressedDepth/parameter_descriptions] /image_converter http://ubuntu:40180/
[rosmaster.master][INFO] 2017-09-13 16:17:37,454: +PUB [/image/compressedDepth/parameter_updates] /image_converter http://ubuntu:40180/
[rosmaster.master][INFO] 2017-09-13 16:17:37,462: +PARAM [/image/compressedDepth/depth_max] by /image_converter
[rosmaster.master][INFO] 2017-09-13 16:17:37,464: +PARAM [/image/compressedDepth/depth_quantization] by /image_converter
[rosmaster.master][INFO] 2017-09-13 16:17:37,465: +PARAM [/image/compressedDepth/png_level] by /image_converter
[rosmaster.master][INFO] 2017-09-13 16:17:37,468: +PARAM [/image/compressedDepth/depth_max] by /image_converter
[rosmaster.master][INFO] 2017-09-13 16:17:37,470: -PUB [/rosout] /camera http://ubuntu:43404/
[rosmaster.master][INFO] 2017-09-13 16:17:37,472: +PARAM [/image/compressedDepth/depth_quantization] by /image_converter
[rosmaster.master][INFO] 2017-09-13 16:17:37,474: -SERVICE [/camera/get_loggers] /camera rosrpc://ubuntu:59010
[rosmaster.master][INFO] 2017-09-13 16:17:37,476: +PARAM [/image/compressedDepth/png_level] by /image_converter
[rosmaster.master][INFO] 2017-09-13 16:17:37,484: +PUB [/image_marked/compressedDepth] /view http://ubuntu:42720/
[rosmaster.master][INFO] 2017-09-13 16:17:37,485: -SERVICE [/camera/set_logger_level] /camera rosrpc://ubuntu:59010
[rosmaster.master][INFO] 2017-09-13 16:17:37,486: +SERVICE [/image_marked/compressedDepth/set_parameters] /view http://ubuntu:42720/
[rosmaster.master][INFO] 2017-09-13 16:17:37,487: +PUB [/image_marked/compressedDepth/parameter_descriptions] /view http://ubuntu:42720/
[rosmaster.master][INFO] 2017-09-13 16:17:37,488: +PUB [/image_marked/compressedDepth/parameter_updates] /view http://ubuntu:42720/
[rosmaster.master][INFO] 2017-09-13 16:17:37,493: +PARAM [/image_marked/compressedDepth/depth_max] by /view
[rosmaster.master][INFO] 2017-09-13 16:17:37,494: +PARAM [/image_marked/compressedDepth/depth_quantization] by /view
[rosmaster.master][INFO] 2017-09-13 16:17:37,495: +PARAM [/image_marked/compressedDepth/png_level] by /view
[rosmaster.master][INFO] 2017-09-13 16:17:37,495: +PARAM [/image_marked/compressedDepth/depth_max] by /view
[rosmaster.master][INFO] 2017-09-13 16:17:37,500: +PARAM [/image_marked/compressedDepth/depth_quantization] by /view
[rosmaster.master][INFO] 2017-09-13 16:17:37,501: +PARAM [/image_marked/compressedDepth/png_level] by /view
[rosmaster.master][INFO] 2017-09-13 16:17:37,536: +PUB [/image/compressed] /image_converter http://ubuntu:40180/
[rosmaster.master][INFO] 2017-09-13 16:17:37,537: +SERVICE [/image/compressed/set_parameters] /image_converter http://ubuntu:40180/
[rosmaster.master][INFO] 2017-09-13 16:17:37,538: +PUB [/image/compressed/parameter_descriptions] /image_converter http://ubuntu:40180/
[rosmaster.master][INFO] 2017-09-13 16:17:37,539: +PUB [/image/compressed/parameter_updates] /image_converter http://ubuntu:40180/
[rosmaster.master][INFO] 2017-09-13 16:17:37,543: +PARAM [/image/compressed/format] by /image_converter
[rosmaster.master][INFO] 2017-09-13 16:17:37,544: +PARAM [/image/compressed/jpeg_quality] by /image_converter
[rosmaster.master][INFO] 2017-09-13 16:17:37,544: +PARAM [/image/compressed/png_level] by /image_converter
[rosmaster.master][INFO] 2017-09-13 16:17:37,548: +PARAM [/image/compressed/format] by /image_converter
[rosmaster.master][INFO] 2017-09-13 16:17:37,549: +PARAM [/image/compressed/jpeg_quality] by /image_converter
[rosmaster.master][INFO] 2017-09-13 16:17:37,550: +PARAM [/image/compressed/png_level] by /image_converter
[rosmaster.master][INFO] 2017-09-13 16:17:37,556: publisherUpdate[/rosout] -> http://ubuntu:38510/ ['http://ubuntu:40180/', 'http://ubuntu:42720/']
[rosmaster.master][INFO] 2017-09-13 16:17:37,556: publisherUpdate[/rosout] -> http://ubuntu:38510/ ['http://ubuntu:40180/', 'http://ubuntu:42720/']: sec=0.00, result=[1, '', 0]
[rosmaster.master][INFO] 2017-09-13 16:17:37,559: +PUB [/image_marked/compressed] /view http://ubuntu:42720/
[rosmaster.master][INFO] 2017-09-13 16:17:37,560: +SERVICE [/image_marked/compressed/set_parameters] /view http://ubuntu:42720/
[rosmaster.master][INFO] 2017-09-13 16:17:37,560: +PUB [/image_marked/compressed/parameter_descriptions] /view http://ubuntu:42720/
[rosmaster.master][INFO] 2017-09-13 16:17:37,564: +PUB [/image_marked/compressed/parameter_updates] /view http://ubuntu:42720/
[rosmaster.master][INFO] 2017-09-13 16:17:37,567: +PARAM [/image_marked/compressed/format] by /view
[rosmaster.master][INFO] 2017-09-13 16:17:37,567: +PARAM [/image_marked/compressed/jpeg_quality] by /view
[rosmaster.master][INFO] 2017-09-13 16:17:37,570: +PARAM [/image_marked/compressed/png_level] by /view
[rosmaster.master][INFO] 2017-09-13 16:17:37,571: +PARAM [/image_marked/compressed/format] by /view
[rosmaster.master][INFO] 2017-09-13 16:17:37,571: +PARAM [/image_marked/compressed/jpeg_quality] by /view
[rosmaster.master][INFO] 2017-09-13 16:17:37,572: +PARAM [/image_marked/compressed/png_level] by /view
[rosmaster.master][INFO] 2017-09-13 16:17:37,622: +PUB [/image] /image_converter http://ubuntu:40180/
[rosmaster.master][INFO] 2017-09-13 16:17:37,642: +PUB [/image_marked] /view http://ubuntu:42720/
[rosmaster.master][INFO] 2017-09-13 16:17:37,697: +PUB [/image/theora] /image_converter http://ubuntu:40180/
[rosmaster.master][INFO] 2017-09-13 16:17:37,699: +SERVICE [/image/theora/set_parameters] /image_converter http://ubuntu:40180/
[rosmaster.master][INFO] 2017-09-13 16:17:37,702: +PUB [/image/theora/parameter_descriptions] /image_converter http://ubuntu:40180/
[rosmaster.master][INFO] 2017-09-13 16:17:37,709: +PUB [/image/theora/parameter_updates] /image_converter http://ubuntu:40180/
[rosmaster.master][INFO] 2017-09-13 16:17:37,711: +PARAM [/image/theora/optimize_for] by /image_converter
[rosmaster.master][INFO] 2017-09-13 16:17:37,713: +PARAM [/image/theora/target_bitrate] by /image_converter
[rosmaster.master][INFO] 2017-09-13 16:17:37,716: +PARAM [/image/theora/quality] by /image_converter
[rosmaster.master][INFO] 2017-09-13 16:17:37,717: +PARAM [/image/theora/keyframe_frequency] by /image_converter
[rosmaster.master][INFO] 2017-09-13 16:17:37,718: +PARAM [/image/theora/optimize_for] by /image_converter
[rosmaster.master][INFO] 2017-09-13 16:17:37,718: +PUB [/image_marked/theora] /view http://ubuntu:42720/
[rosmaster.master][INFO] 2017-09-13 16:17:37,719: +PARAM [/image/theora/target_bitrate] by /image_converter
[rosmaster.master][INFO] 2017-09-13 16:17:37,720: +SERVICE [/image_marked/theora/set_parameters] /view http://ubuntu:42720/
[rosmaster.master][INFO] 2017-09-13 16:17:37,720: +PARAM [/image/theora/quality] by /image_converter
[rosmaster.master][INFO] 2017-09-13 16:17:37,721: +PUB [/image_marked/theora/parameter_descriptions] /view http://ubuntu:42720/
[rosmaster.master][INFO] 2017-09-13 16:17:37,722: +PARAM [/image/theora/keyframe_frequency] by /image_converter
[rosmaster.master][INFO] 2017-09-13 16:17:37,722: +PUB [/image_marked/theora/parameter_updates] /view http://ubuntu:42720/
[rosmaster.master][INFO] 2017-09-13 16:17:37,725: +PARAM [/image_marked/theora/optimize_for] by /view
[rosmaster.master][INFO] 2017-09-13 16:17:37,726: +PARAM [/image_marked/theora/target_bitrate] by /view
[rosmaster.master][INFO] 2017-09-13 16:17:37,726: +PARAM [/image_marked/theora/quality] by /view
[rosmaster.master][INFO] 2017-09-13 16:17:37,727: +PARAM [/image_marked/theora/keyframe_frequency] by /view
[rosmaster.master][INFO] 2017-09-13 16:17:37,728: +PARAM [/image_marked/theora/optimize_for] by /view
[rosmaster.master][INFO] 2017-09-13 16:17:37,728: +PARAM [/image_marked/theora/target_bitrate] by /view
[rosmaster.master][INFO] 2017-09-13 16:17:37,729: +PARAM [/image_marked/theora/quality] by /view
[rosmaster.master][INFO] 2017-09-13 16:17:37,730: +PARAM [/image_marked/theora/keyframe_frequency] by /view
[rosmaster.master][INFO] 2017-09-13 16:17:37,757: +PUB [/image/marked/compressedDepth] /view http://ubuntu:42720/
[rosmaster.master][INFO] 2017-09-13 16:17:37,757: +SERVICE [/image/marked/compressedDepth/set_parameters] /view http://ubuntu:42720/
[rosmaster.master][INFO] 2017-09-13 16:17:37,758: +PUB [/image/marked/compressedDepth/parameter_descriptions] /view http://ubuntu:42720/
[rosmaster.master][INFO] 2017-09-13 16:17:37,759: +PUB [/image/marked/compressedDepth/parameter_updates] /view http://ubuntu:42720/
[rosmaster.master][INFO] 2017-09-13 16:17:37,761: +PARAM [/image/marked/compressedDepth/depth_max] by /view
[rosmaster.master][INFO] 2017-09-13 16:17:37,761: +PARAM [/image/marked/compressedDepth/depth_quantization] by /view
[rosmaster.master][INFO] 2017-09-13 16:17:37,762: +PARAM [/image/marked/compressedDepth/png_level] by /view
[rosmaster.master][INFO] 2017-09-13 16:17:37,763: +PARAM [/image/marked/compressedDepth/depth_max] by /view
[rosmaster.master][INFO] 2017-09-13 16:17:37,763: +PARAM [/image/marked/compressedDepth/depth_quantization] by /view
[rosmaster.master][INFO] 2017-09-13 16:17:37,764: +PARAM [/image/marked/compressedDepth/png_level] by /view
[rosmaster.master][INFO] 2017-09-13 16:17:37,791: +PUB [/image/marked/compressed] /view http://ubuntu:42720/
[rosmaster.master][INFO] 2017-09-13 16:17:37,792: +SERVICE [/image/marked/compressed/set_parameters] /view http://ubuntu:42720/
[rosmaster.master][INFO] 2017-09-13 16:17:37,794: +PUB [/image/marked/compressed/parameter_descriptions] /view http://ubuntu:42720/
[rosmaster.master][INFO] 2017-09-13 16:17:37,795: +PUB [/image/marked/compressed/parameter_updates] /view http://ubuntu:42720/
[rosmaster.master][INFO] 2017-09-13 16:17:37,797: +PARAM [/image/marked/compressed/format] by /view
[rosmaster.master][INFO] 2017-09-13 16:17:37,798: +PARAM [/image/marked/compressed/jpeg_quality] by /view
[rosmaster.master][INFO] 2017-09-13 16:17:37,799: +PARAM [/image/marked/compressed/png_level] by /view
[rosmaster.master][INFO] 2017-09-13 16:17:37,799: +PARAM [/image/marked/compressed/format] by /view
[rosmaster.master][INFO] 2017-09-13 16:17:37,800: +PARAM [/image/marked/compressed/jpeg_quality] by /view
[rosmaster.master][INFO] 2017-09-13 16:17:37,800: +PARAM [/image/marked/compressed/png_level] by /view
[rosmaster.master][INFO] 2017-09-13 16:17:37,827: +PUB [/image/marked] /view http://ubuntu:42720/
[rosmaster.master][INFO] 2017-09-13 16:17:37,854: +PUB [/image/marked/theora] /view http://ubuntu:42720/
[rosmaster.master][INFO] 2017-09-13 16:17:37,854: +SERVICE [/image/marked/theora/set_parameters] /view http://ubuntu:42720/
[rosmaster.master][INFO] 2017-09-13 16:17:37,855: +PUB [/image/marked/theora/parameter_descriptions] /view http://ubuntu:42720/
[rosmaster.master][INFO] 2017-09-13 16:17:37,856: +PUB [/image/marked/theora/parameter_updates] /view http://ubuntu:42720/
[rosmaster.master][INFO] 2017-09-13 16:17:37,858: +PARAM [/image/marked/theora/optimize_for] by /view
[rosmaster.master][INFO] 2017-09-13 16:17:37,859: +PARAM [/image/marked/theora/target_bitrate] by /view
[rosmaster.master][INFO] 2017-09-13 16:17:37,860: +PARAM [/image/marked/theora/quality] by /view
[rosmaster.master][INFO] 2017-09-13 16:17:37,860: +PARAM [/image/marked/theora/keyframe_frequency] by /view
[rosmaster.master][INFO] 2017-09-13 16:17:37,861: +PARAM [/image/marked/theora/optimize_for] by /view
[rosmaster.master][INFO] 2017-09-13 16:17:37,862: +PARAM [/image/marked/theora/target_bitrate] by /view
[rosmaster.master][INFO] 2017-09-13 16:17:37,862: +PARAM [/image/marked/theora/quality] by /view
[rosmaster.master][INFO] 2017-09-13 16:17:37,863: +PARAM [/image/marked/theora/keyframe_frequency] by /view
[rosmaster.master][INFO] 2017-09-13 16:17:37,901: +SUB [/image] /view http://ubuntu:42720/
[rosmaster.master][INFO] 2017-09-13 16:17:37,904: +SUB [/camera_info] /view http://ubuntu:42720/
[rosmaster.master][INFO] 2017-09-13 16:17:37,907: +SUB [/image_marker] /view http://ubuntu:42720/
[rosmaster.master][INFO] 2017-09-13 16:17:37,910: +SUB [/image/event] /view http://ubuntu:42720/
[rosmaster.master][INFO] 2017-09-13 16:17:37,911: +SERVICE [/view/change_mode] /view http://ubuntu:42720/
[rosmaster.master][INFO] 2017-09-13 16:17:37,912: +SERVICE [/view/rectangle_mode] /view http://ubuntu:42720/
[rosmaster.master][INFO] 2017-09-13 16:17:37,912: +SERVICE [/view/grabcut_mode] /view http://ubuntu:42720/
[rosmaster.master][INFO] 2017-09-13 16:17:37,913: +SERVICE [/view/grabcut_rect_mode] /view http://ubuntu:42720/
[rosmaster.master][INFO] 2017-09-13 16:17:37,914: +SERVICE [/view/line_mode] /view http://ubuntu:42720/
[rosmaster.master][INFO] 2017-09-13 16:17:37,914: +SERVICE [/view/poly_mode] /view http://ubuntu:42720/
[rosmaster.master][INFO] 2017-09-13 16:17:37,915: +SERVICE [/view/none_mode] /view http://ubuntu:42720/
[rosmaster.master][INFO] 2017-09-13 16:17:37,916: +SERVICE [/view/set_parameters] /view http://ubuntu:42720/
[rosmaster.master][INFO] 2017-09-13 16:17:37,917: +PUB [/view/parameter_descriptions] /view http://ubuntu:42720/
[rosmaster.master][INFO] 2017-09-13 16:17:37,917: +PUB [/view/parameter_updates] /view http://ubuntu:42720/
[rosmaster.master][INFO] 2017-09-13 16:17:37,922: +PARAM [/view/grid] by /view
[rosmaster.master][INFO] 2017-09-13 16:17:37,923: +PARAM [/view/fisheye_mode] by /view
[rosmaster.master][INFO] 2017-09-13 16:17:37,924: +PARAM [/view/div_u] by /view
[rosmaster.master][INFO] 2017-09-13 16:17:37,924: +PARAM [/view/div_v] by /view
[rosmaster.master][INFO] 2017-09-13 16:17:37,925: +PARAM [/view/grid_red] by /view
[rosmaster.master][INFO] 2017-09-13 16:17:37,926: +PARAM [/view/grid_green] by /view
[rosmaster.master][INFO] 2017-09-13 16:17:37,926: +PARAM [/view/grid_blue] by /view
[rosmaster.master][INFO] 2017-09-13 16:17:37,927: +PARAM [/view/grid_thickness] by /view
[rosmaster.master][INFO] 2017-09-13 16:17:37,927: +PARAM [/view/grid_space] by /view
[rosmaster.master][INFO] 2017-09-13 16:17:37,928: +PARAM [/view/grid] by /view
[rosmaster.master][INFO] 2017-09-13 16:17:37,929: +PARAM [/view/fisheye_mode] by /view
[rosmaster.master][INFO] 2017-09-13 16:17:37,930: +PARAM [/view/div_u] by /view
[rosmaster.master][INFO] 2017-09-13 16:17:37,930: +PARAM [/view/div_v] by /view
[rosmaster.master][INFO] 2017-09-13 16:17:37,931: +PARAM [/view/grid_red] by /view
[rosmaster.master][INFO] 2017-09-13 16:17:37,932: +PARAM [/view/grid_green] by /view
[rosmaster.master][INFO] 2017-09-13 16:17:37,932: +PARAM [/view/grid_blue] by /view
[rosmaster.master][INFO] 2017-09-13 16:17:37,933: +PARAM [/view/grid_thickness] by /view
[rosmaster.master][INFO] 2017-09-13 16:17:37,933: +PARAM [/view/grid_space] by /view
[rosmaster.master][INFO] 2017-09-13 16:18:10,326: -PUB [/rosout] /image_converter http://ubuntu:40180/
[rosmaster.master][INFO] 2017-09-13 16:18:10,327: -PUB [/rosout] /view http://ubuntu:42720/
[rosmaster.master][INFO] 2017-09-13 16:18:10,329: -PUB [/image/screenpoint] /view http://ubuntu:42720/
[rosmaster.master][INFO] 2017-09-13 16:18:10,332: -PUB [/image/screenpoint_array] /view http://ubuntu:42720/
[rosmaster.master][INFO] 2017-09-13 16:18:10,336: -PUB [/image/compressedDepth] /image_converter http://ubuntu:40180/
[rosmaster.master][INFO] 2017-09-13 16:18:10,340: -PUB [/image/screenrectangle] /view http://ubuntu:42720/
[rosmaster.master][INFO] 2017-09-13 16:18:10,342: -PUB [/image/screenrectangle_image] /view http://ubuntu:42720/
[rosmaster.master][INFO] 2017-09-13 16:18:10,343: -PUB [/image/movepoint] /view http://ubuntu:42720/
[rosmaster.master][INFO] 2017-09-13 16:18:10,344: -PUB [/image/foreground] /view http://ubuntu:42720/
[rosmaster.master][INFO] 2017-09-13 16:18:10,346: -PUB [/image/background] /view http://ubuntu:42720/
[rosmaster.master][INFO] 2017-09-13 16:18:10,348: -PUB [/image/compressedDepth/parameter_descriptions] /image_converter http://ubuntu:40180/
[rosmaster.master][INFO] 2017-09-13 16:18:10,351: -PUB [/image/compressedDepth/parameter_updates] /image_converter http://ubuntu:40180/
[rosmaster.master][INFO] 2017-09-13 16:18:10,358: -PUB [/image/foreground_rect] /view http://ubuntu:42720/
[rosmaster.master][INFO] 2017-09-13 16:18:10,359: -PUB [/image/compressed] /image_converter http://ubuntu:40180/
[rosmaster.master][INFO] 2017-09-13 16:18:10,360: -PUB [/image/background_rect] /view http://ubuntu:42720/
[rosmaster.master][INFO] 2017-09-13 16:18:10,361: -PUB [/image/compressed/parameter_descriptions] /image_converter http://ubuntu:40180/
[rosmaster.master][INFO] 2017-09-13 16:18:10,363: -PUB [/image/line] /view http://ubuntu:42720/
[rosmaster.master][INFO] 2017-09-13 16:18:10,364: -PUB [/image/compressed/parameter_updates] /image_converter http://ubuntu:40180/
[rosmaster.master][INFO] 2017-09-13 16:18:10,368: -PUB [/image] /image_converter http://ubuntu:40180/
[rosmaster.master][INFO] 2017-09-13 16:18:10,368: -PUB [/image/poly] /view http://ubuntu:42720/
[rosmaster.master][INFO] 2017-09-13 16:18:10,374: -PUB [/image_marked/compressedDepth] /view http://ubuntu:42720/
[rosmaster.master][INFO] 2017-09-13 16:18:10,376: -PUB [/image_marked/compressedDepth/parameter_descriptions] /view http://ubuntu:42720/
[rosmaster.master][INFO] 2017-09-13 16:18:10,378: -PUB [/image/theora] /image_converter http://ubuntu:40180/
[rosmaster.master][INFO] 2017-09-13 16:18:10,380: -PUB [/image_marked/compressedDepth/parameter_updates] /view http://ubuntu:42720/
[rosmaster.master][INFO] 2017-09-13 16:18:10,382: -PUB [/image_marked/compressed] /view http://ubuntu:42720/
[rosmaster.master][INFO] 2017-09-13 16:18:10,388: -PUB [/image/theora/parameter_descriptions] /image_converter http://ubuntu:40180/
[rosmaster.master][INFO] 2017-09-13 16:18:10,391: -PUB [/image_marked/compressed/parameter_descriptions] /view http://ubuntu:42720/
[rosmaster.master][INFO] 2017-09-13 16:18:10,393: -PUB [/image_marked/compressed/parameter_updates] /view http://ubuntu:42720/
[rosmaster.master][INFO] 2017-09-13 16:18:10,394: -PUB [/image_marked] /view http://ubuntu:42720/
[rosmaster.master][INFO] 2017-09-13 16:18:10,396: -PUB [/image_marked/theora] /view http://ubuntu:42720/
[rosmaster.master][INFO] 2017-09-13 16:18:10,398: -PUB [/image_marked/theora/parameter_descriptions] /view http://ubuntu:42720/
[rosmaster.master][INFO] 2017-09-13 16:18:10,401: -PUB [/image_marked/theora/parameter_updates] /view http://ubuntu:42720/
[rosmaster.master][INFO] 2017-09-13 16:18:10,402: -PUB [/image/theora/parameter_updates] /image_converter http://ubuntu:40180/
[rosmaster.master][INFO] 2017-09-13 16:18:10,406: -PUB [/image/marked/compressedDepth] /view http://ubuntu:42720/
[rosmaster.master][INFO] 2017-09-13 16:18:10,408: publisherUpdate[/rosout] -> http://ubuntu:38510/ ['http://ubuntu:42720/']
[rosmaster.master][INFO] 2017-09-13 16:18:10,411: publisherUpdate[/image] -> http://ubuntu:42720/ []
[rosmaster.master][INFO] 2017-09-13 16:18:10,414: publisherUpdate[/rosout] -> http://ubuntu:38510/ ['http://ubuntu:42720/']: sec=0.01, result=[1, '', 0]
[rosmaster.master][INFO] 2017-09-13 16:18:10,416: publisherUpdate[/rosout] -> http://ubuntu:38510/ []
[rosmaster.master][INFO] 2017-09-13 16:18:10,420: publisherUpdate[/rosout] -> http://ubuntu:38510/ []: sec=0.00, result=[1, '', 0]
[rosmaster.master][INFO] 2017-09-13 16:18:10,421: -PUB [/image/marked/compressedDepth/parameter_descriptions] /view http://ubuntu:42720/
[rosmaster.master][INFO] 2017-09-13 16:18:10,421: -SUB [/camera/image_raw] /image_converter http://ubuntu:40180/
[rosmaster.master][INFO] 2017-09-13 16:18:10,425: -SERVICE [/image_converter/get_loggers] /image_converter rosrpc://ubuntu:47132
[rosmaster.master][INFO] 2017-09-13 16:18:10,427: publisherUpdate[/image] -> http://ubuntu:42720/ []: sec=0.02, exception=<Fault -1: 'publisherUpdate: unknown method name'>
[rosmaster.master][INFO] 2017-09-13 16:18:10,431: -PUB [/image/marked/compressedDepth/parameter_updates] /view http://ubuntu:42720/
[rosmaster.master][INFO] 2017-09-13 16:18:10,443: -SERVICE [/image_converter/set_logger_level] /image_converter rosrpc://ubuntu:47132
[rosmaster.threadpool][ERROR] 2017-09-13 16:18:10,456: Traceback (most recent call last):
  File "/opt/ros/kinetic/lib/python2.7/dist-packages/rosmaster/threadpool.py", line 218, in run
    result = cmd(*args)
  File "/opt/ros/kinetic/lib/python2.7/dist-packages/rosmaster/master_api.py", line 210, in publisher_update_task
    ret = xmlrpcapi(api).publisherUpdate('/master', topic, pub_uris)
  File "/usr/lib/python2.7/xmlrpclib.py", line 1243, in __call__
    return self.__send(self.__name, args)
  File "/usr/lib/python2.7/xmlrpclib.py", line 1602, in __request
    verbose=self.__verbose
  File "/usr/lib/python2.7/xmlrpclib.py", line 1283, in request
    return self.single_request(host, handler, request_body, verbose)
  File "/usr/lib/python2.7/xmlrpclib.py", line 1316, in single_request
    return self.parse_response(response)
  File "/usr/lib/python2.7/xmlrpclib.py", line 1493, in parse_response
    return u.close()
  File "/usr/lib/python2.7/xmlrpclib.py", line 800, in close
    raise Fault(**self._stack[0])
Fault: <Fault -1: 'publisherUpdate: unknown method name'>

[rosmaster.master][INFO] 2017-09-13 16:18:10,456: -PUB [/image/marked/compressed] /view http://ubuntu:42720/
[rosmaster.master][INFO] 2017-09-13 16:18:10,457: -SERVICE [/image/compressedDepth/set_parameters] /image_converter rosrpc://ubuntu:47132
[rosmaster.master][INFO] 2017-09-13 16:18:10,460: -SERVICE [/image/compressed/set_parameters] /image_converter rosrpc://ubuntu:47132
[rosmaster.master][INFO] 2017-09-13 16:18:10,462: -PUB [/image/marked/compressed/parameter_descriptions] /view http://ubuntu:42720/
[rosmaster.master][INFO] 2017-09-13 16:18:10,463: -PUB [/image/marked/compressed/parameter_updates] /view http://ubuntu:42720/
[rosmaster.master][INFO] 2017-09-13 16:18:10,463: -PUB [/image/marked] /view http://ubuntu:42720/
[rosmaster.master][INFO] 2017-09-13 16:18:10,465: -PUB [/image/marked/theora] /view http://ubuntu:42720/
[rosmaster.master][INFO] 2017-09-13 16:18:10,468: -SERVICE [/image/theora/set_parameters] /image_converter rosrpc://ubuntu:47132
[rosmaster.master][INFO] 2017-09-13 16:18:10,470: -PUB [/image/marked/theora/parameter_descriptions] /view http://ubuntu:42720/
[rosmaster.master][INFO] 2017-09-13 16:18:10,471: -PUB [/image/marked/theora/parameter_updates] /view http://ubuntu:42720/
[rosmaster.master][INFO] 2017-09-13 16:18:10,472: -PUB [/view/parameter_descriptions] /view http://ubuntu:42720/
[rosmaster.master][INFO] 2017-09-13 16:18:10,473: -PUB [/view/parameter_updates] /view http://ubuntu:42720/
[rosmaster.master][INFO] 2017-09-13 16:18:10,477: -SUB [/tf] /view http://ubuntu:42720/
[rosmaster.master][INFO] 2017-09-13 16:18:10,478: -SUB [/tf_static] /view http://ubuntu:42720/
[rosmaster.master][INFO] 2017-09-13 16:18:10,479: -SUB [/image] /view http://ubuntu:42720/
[rosmaster.master][INFO] 2017-09-13 16:18:10,482: -SUB [/camera_info] /view http://ubuntu:42720/
[rosmaster.master][INFO] 2017-09-13 16:18:10,483: -SUB [/image_marker] /view http://ubuntu:42720/
[rosmaster.master][INFO] 2017-09-13 16:18:10,484: -SUB [/image/event] /view http://ubuntu:42720/
[rosmaster.master][INFO] 2017-09-13 16:18:10,486: -SERVICE [/view/get_loggers] /view rosrpc://ubuntu:60092
[rosmaster.master][INFO] 2017-09-13 16:18:10,492: -SERVICE [/view/set_logger_level] /view rosrpc://ubuntu:60092
[rosmaster.master][INFO] 2017-09-13 16:18:10,493: -SERVICE [/image_marked/compressedDepth/set_parameters] /view rosrpc://ubuntu:60092
[rosmaster.master][INFO] 2017-09-13 16:18:10,494: -SERVICE [/image_marked/compressed/set_parameters] /view rosrpc://ubuntu:60092
[rosmaster.master][INFO] 2017-09-13 16:18:10,495: -SERVICE [/image_marked/theora/set_parameters] /view rosrpc://ubuntu:60092
[rosmaster.master][INFO] 2017-09-13 16:18:10,496: -SERVICE [/image/marked/compressedDepth/set_parameters] /view rosrpc://ubuntu:60092
[rosmaster.master][INFO] 2017-09-13 16:18:10,498: -SERVICE [/image/marked/compressed/set_parameters] /view rosrpc://ubuntu:60092
[rosmaster.master][INFO] 2017-09-13 16:18:10,498: -SERVICE [/image/marked/theora/set_parameters] /view rosrpc://ubuntu:60092
[rosmaster.master][INFO] 2017-09-13 16:18:10,499: -SERVICE [/view/change_mode] /view rosrpc://ubuntu:60092
[rosmaster.master][INFO] 2017-09-13 16:18:10,500: -SERVICE [/view/rectangle_mode] /view rosrpc://ubuntu:60092
[rosmaster.master][INFO] 2017-09-13 16:18:10,504: -SERVICE [/view/grabcut_mode] /view rosrpc://ubuntu:60092
[rosmaster.master][INFO] 2017-09-13 16:18:10,506: -SERVICE [/view/grabcut_rect_mode] /view rosrpc://ubuntu:60092
[rosmaster.master][INFO] 2017-09-13 16:18:10,507: -SERVICE [/view/line_mode] /view rosrpc://ubuntu:60092
[rosmaster.master][INFO] 2017-09-13 16:18:10,508: -SERVICE [/view/poly_mode] /view rosrpc://ubuntu:60092
[rosmaster.master][INFO] 2017-09-13 16:18:10,510: -SERVICE [/view/none_mode] /view rosrpc://ubuntu:60092
[rosmaster.master][INFO] 2017-09-13 16:18:10,514: -SERVICE [/view/set_parameters] /view rosrpc://ubuntu:60092
[rosmaster.master][INFO] 2017-09-13 16:18:10,819: -PUB [/rosout_agg] /rosout http://ubuntu:38510/
[rosmaster.master][INFO] 2017-09-13 16:18:10,820: -SUB [/rosout] /rosout http://ubuntu:38510/
[rosmaster.master][INFO] 2017-09-13 16:18:10,820: -SERVICE [/rosout/get_loggers] /rosout rosrpc://ubuntu:56061
[rosmaster.master][INFO] 2017-09-13 16:18:10,821: -SERVICE [/rosout/set_logger_level] /rosout rosrpc://ubuntu:56061
[rosmaster.main][INFO] 2017-09-13 16:18:10,927: keyboard interrupt, will exit
[rosmaster.main][INFO] 2017-09-13 16:18:10,928: stopping master...
[rospy.core][INFO] 2017-09-13 16:18:10,929: signal_shutdown [atexit]
