[rosmaster.main][INFO] 2017-10-04 16:37:00,675: initialization complete, waiting for shutdown
[rosmaster.main][INFO] 2017-10-04 16:37:00,676: Starting ROS Master Node
[xmlrpc][INFO] 2017-10-04 16:37:00,676: XML-RPC server binding to 0.0.0.0:11311
[xmlrpc][INFO] 2017-10-04 16:37:00,676: Started XML-RPC server [http://ubuntu:11311/]
[xmlrpc][INFO] 2017-10-04 16:37:00,677: xml rpc node: starting XML-RPC server
[rosmaster.master][INFO] 2017-10-04 16:37:00,677: Master initialized: port[11311], uri[http://ubuntu:11311/]
[rosmaster.master][INFO] 2017-10-04 16:37:00,732: +PARAM [/run_id] by /roslaunch
[rosmaster.master][INFO] 2017-10-04 16:37:00,733: +PARAM [/roslaunch/uris/host_ubuntu__41505] by /roslaunch
[rosmaster.master][INFO] 2017-10-04 16:37:00,805: +PARAM [/rosversion] by /roslaunch
[rosmaster.master][INFO] 2017-10-04 16:37:00,805: +PARAM [/rosdistro] by /roslaunch
[rosmaster.master][INFO] 2017-10-04 16:37:00,805: +PARAM [/camera/device_id] by /roslaunch
[rosmaster.master][INFO] 2017-10-04 16:37:00,815: +SERVICE [/rosout/get_loggers] /rosout http://ubuntu:38042/
[rosmaster.master][INFO] 2017-10-04 16:37:00,816: +SERVICE [/rosout/set_logger_level] /rosout http://ubuntu:38042/
[rosmaster.master][INFO] 2017-10-04 16:37:00,817: +PUB [/rosout_agg] /rosout http://ubuntu:38042/
[rosmaster.master][INFO] 2017-10-04 16:37:00,820: +SUB [/rosout] /rosout http://ubuntu:38042/
[rosmaster.master][INFO] 2017-10-04 16:37:00,890: +PUB [/rosout] /mask_orange http://ubuntu:45623/
[rosmaster.master][INFO] 2017-10-04 16:37:00,894: +SERVICE [/mask_orange/get_loggers] /mask_orange http://ubuntu:45623/
[rosmaster.master][INFO] 2017-10-04 16:37:00,901: +SERVICE [/mask_orange/set_logger_level] /mask_orange http://ubuntu:45623/
[rosmaster.master][INFO] 2017-10-04 16:37:00,948: +PUB [/rosout] /camera http://ubuntu:39120/
[rosmaster.master][INFO] 2017-10-04 16:37:00,948: +SERVICE [/camera/get_loggers] /camera http://ubuntu:39120/
[rosmaster.master][INFO] 2017-10-04 16:37:00,949: +SERVICE [/camera/set_logger_level] /camera http://ubuntu:39120/
[rosmaster.master][INFO] 2017-10-04 16:37:00,958: +PUB [/rosout] /view http://ubuntu:40553/
[rosmaster.master][INFO] 2017-10-04 16:37:00,959: +SERVICE [/view/get_loggers] /view http://ubuntu:40553/
[rosmaster.master][INFO] 2017-10-04 16:37:00,961: +SERVICE [/view/set_logger_level] /view http://ubuntu:40553/
[rosmaster.master][INFO] 2017-10-04 16:37:00,967: +SUB [/tf] /view http://ubuntu:40553/
[rosmaster.master][INFO] 2017-10-04 16:37:00,981: publisherUpdate[/rosout] -> http://ubuntu:38042/ ['http://ubuntu:45623/']
[rosmaster.master][INFO] 2017-10-04 16:37:00,982: publisherUpdate[/rosout] -> http://ubuntu:38042/ ['http://ubuntu:45623/']: sec=0.00, result=[1, '', 0]
[rosmaster.master][INFO] 2017-10-04 16:37:00,982: publisherUpdate[/rosout] -> http://ubuntu:38042/ ['http://ubuntu:45623/', 'http://ubuntu:39120/']
[rosmaster.master][INFO] 2017-10-04 16:37:00,983: publisherUpdate[/rosout] -> http://ubuntu:38042/ ['http://ubuntu:45623/', 'http://ubuntu:39120/']: sec=0.00, result=[1, '', 0]
[rosmaster.master][INFO] 2017-10-04 16:37:00,983: publisherUpdate[/rosout] -> http://ubuntu:38042/ ['http://ubuntu:45623/', 'http://ubuntu:39120/', 'http://ubuntu:40553/']
[rosmaster.master][INFO] 2017-10-04 16:37:00,985: publisherUpdate[/rosout] -> http://ubuntu:38042/ ['http://ubuntu:45623/', 'http://ubuntu:39120/', 'http://ubuntu:40553/']: sec=0.00, result=[1, '', 0]
[rosmaster.master][INFO] 2017-10-04 16:37:00,986: +SUB [/tf_static] /view http://ubuntu:40553/
[rosmaster.master][INFO] 2017-10-04 16:37:01,021: +SERVICE [/camera/set_camera_info] /camera http://ubuntu:39120/
[rosmaster.master][INFO] 2017-10-04 16:37:01,040: +PUB [/image/screenpoint] /view http://ubuntu:40553/
[rosmaster.master][INFO] 2017-10-04 16:37:01,042: +PUB [/image/screenpoint_array] /view http://ubuntu:40553/
[rosmaster.master][INFO] 2017-10-04 16:37:01,043: +PUB [/image/screenrectangle] /view http://ubuntu:40553/
[rosmaster.master][INFO] 2017-10-04 16:37:01,044: +PUB [/image/screenrectangle_image] /view http://ubuntu:40553/
[rosmaster.master][INFO] 2017-10-04 16:37:01,044: +PUB [/image/movepoint] /view http://ubuntu:40553/
[rosmaster.master][INFO] 2017-10-04 16:37:01,045: +PUB [/image/foreground] /view http://ubuntu:40553/
[rosmaster.master][INFO] 2017-10-04 16:37:01,046: +PUB [/image/background] /view http://ubuntu:40553/
[rosmaster.master][INFO] 2017-10-04 16:37:01,049: +PUB [/image/foreground_rect] /view http://ubuntu:40553/
[rosmaster.master][INFO] 2017-10-04 16:37:01,049: +PUB [/image/background_rect] /view http://ubuntu:40553/
[rosmaster.master][INFO] 2017-10-04 16:37:01,050: +PUB [/image/line] /view http://ubuntu:40553/
[rosmaster.master][INFO] 2017-10-04 16:37:01,051: +PUB [/image/poly] /view http://ubuntu:40553/
[rosmaster.master][INFO] 2017-10-04 16:37:01,057: +SUB [/camera/image_raw] /mask_orange http://ubuntu:45623/
[rosmaster.master][INFO] 2017-10-04 16:37:01,116: +PUB [/image/compressedDepth] /mask_orange http://ubuntu:45623/
[rosmaster.master][INFO] 2017-10-04 16:37:01,117: +SERVICE [/image/compressedDepth/set_parameters] /mask_orange http://ubuntu:45623/
[rosmaster.master][INFO] 2017-10-04 16:37:01,118: +PUB [/image/compressedDepth/parameter_descriptions] /mask_orange http://ubuntu:45623/
[rosmaster.master][INFO] 2017-10-04 16:37:01,119: +PUB [/image/compressedDepth/parameter_updates] /mask_orange http://ubuntu:45623/
[rosmaster.master][INFO] 2017-10-04 16:37:01,122: +PARAM [/image/compressedDepth/depth_max] by /mask_orange
[rosmaster.master][INFO] 2017-10-04 16:37:01,124: +PARAM [/image/compressedDepth/depth_quantization] by /mask_orange
[rosmaster.master][INFO] 2017-10-04 16:37:01,126: +PARAM [/image/compressedDepth/png_level] by /mask_orange
[rosmaster.master][INFO] 2017-10-04 16:37:01,127: +PARAM [/image/compressedDepth/depth_max] by /mask_orange
[rosmaster.master][INFO] 2017-10-04 16:37:01,128: +PARAM [/image/compressedDepth/depth_quantization] by /mask_orange
[rosmaster.master][INFO] 2017-10-04 16:37:01,130: +PARAM [/image/compressedDepth/png_level] by /mask_orange
[rosmaster.master][INFO] 2017-10-04 16:37:01,136: +PUB [/image_marked/compressedDepth] /view http://ubuntu:40553/
[rosmaster.master][INFO] 2017-10-04 16:37:01,137: +SERVICE [/image_marked/compressedDepth/set_parameters] /view http://ubuntu:40553/
[rosmaster.master][INFO] 2017-10-04 16:37:01,138: +PUB [/image_marked/compressedDepth/parameter_descriptions] /view http://ubuntu:40553/
[rosmaster.master][INFO] 2017-10-04 16:37:01,140: +PUB [/image_marked/compressedDepth/parameter_updates] /view http://ubuntu:40553/
[rosmaster.master][INFO] 2017-10-04 16:37:01,145: +PARAM [/image_marked/compressedDepth/depth_max] by /view
[rosmaster.master][INFO] 2017-10-04 16:37:01,146: +PARAM [/image_marked/compressedDepth/depth_quantization] by /view
[rosmaster.master][INFO] 2017-10-04 16:37:01,153: +PARAM [/image_marked/compressedDepth/png_level] by /view
[rosmaster.master][INFO] 2017-10-04 16:37:01,154: +PARAM [/image_marked/compressedDepth/depth_max] by /view
[rosmaster.master][INFO] 2017-10-04 16:37:01,157: +PARAM [/image_marked/compressedDepth/depth_quantization] by /view
[rosmaster.master][INFO] 2017-10-04 16:37:01,161: +PARAM [/image_marked/compressedDepth/png_level] by /view
[rosmaster.master][INFO] 2017-10-04 16:37:01,213: +PUB [/image/compressed] /mask_orange http://ubuntu:45623/
[rosmaster.master][INFO] 2017-10-04 16:37:01,214: +SERVICE [/image/compressed/set_parameters] /mask_orange http://ubuntu:45623/
[rosmaster.master][INFO] 2017-10-04 16:37:01,217: +PUB [/image/compressed/parameter_descriptions] /mask_orange http://ubuntu:45623/
[rosmaster.master][INFO] 2017-10-04 16:37:01,218: +PUB [/image/compressed/parameter_updates] /mask_orange http://ubuntu:45623/
[rosmaster.master][INFO] 2017-10-04 16:37:01,220: +PARAM [/image/compressed/format] by /mask_orange
[rosmaster.master][INFO] 2017-10-04 16:37:01,220: +PARAM [/image/compressed/jpeg_quality] by /mask_orange
[rosmaster.master][INFO] 2017-10-04 16:37:01,221: +PARAM [/image/compressed/png_level] by /mask_orange
[rosmaster.master][INFO] 2017-10-04 16:37:01,222: +PARAM [/image/compressed/format] by /mask_orange
[rosmaster.master][INFO] 2017-10-04 16:37:01,224: +PARAM [/image/compressed/jpeg_quality] by /mask_orange
[rosmaster.master][INFO] 2017-10-04 16:37:01,229: +PARAM [/image/compressed/png_level] by /mask_orange
[rosmaster.master][INFO] 2017-10-04 16:37:01,237: +PUB [/camera/image_raw/compressedDepth] /camera http://ubuntu:39120/
[rosmaster.master][INFO] 2017-10-04 16:37:01,238: +SERVICE [/camera/image_raw/compressedDepth/set_parameters] /camera http://ubuntu:39120/
[rosmaster.master][INFO] 2017-10-04 16:37:01,238: +PUB [/camera/image_raw/compressedDepth/parameter_descriptions] /camera http://ubuntu:39120/
[rosmaster.master][INFO] 2017-10-04 16:37:01,239: +PUB [/camera/image_raw/compressedDepth/parameter_updates] /camera http://ubuntu:39120/
[rosmaster.master][INFO] 2017-10-04 16:37:01,247: +PUB [/image_marked/compressed] /view http://ubuntu:40553/
[rosmaster.master][INFO] 2017-10-04 16:37:01,247: +PARAM [/camera/image_raw/compressedDepth/depth_max] by /camera
[rosmaster.master][INFO] 2017-10-04 16:37:01,248: +SERVICE [/image_marked/compressed/set_parameters] /view http://ubuntu:40553/
[rosmaster.master][INFO] 2017-10-04 16:37:01,249: +PARAM [/camera/image_raw/compressedDepth/depth_quantization] by /camera
[rosmaster.master][INFO] 2017-10-04 16:37:01,250: +PUB [/image_marked/compressed/parameter_descriptions] /view http://ubuntu:40553/
[rosmaster.master][INFO] 2017-10-04 16:37:01,253: +PARAM [/camera/image_raw/compressedDepth/png_level] by /camera
[rosmaster.master][INFO] 2017-10-04 16:37:01,254: +PUB [/image_marked/compressed/parameter_updates] /view http://ubuntu:40553/
[rosmaster.master][INFO] 2017-10-04 16:37:01,255: +PARAM [/camera/image_raw/compressedDepth/depth_max] by /camera
[rosmaster.master][INFO] 2017-10-04 16:37:01,257: +PARAM [/camera/image_raw/compressedDepth/depth_quantization] by /camera
[rosmaster.master][INFO] 2017-10-04 16:37:01,258: +PARAM [/camera/image_raw/compressedDepth/png_level] by /camera
[rosmaster.master][INFO] 2017-10-04 16:37:01,266: +PARAM [/image_marked/compressed/format] by /view
[rosmaster.master][INFO] 2017-10-04 16:37:01,269: +PARAM [/image_marked/compressed/jpeg_quality] by /view
[rosmaster.master][INFO] 2017-10-04 16:37:01,272: +PARAM [/image_marked/compressed/png_level] by /view
[rosmaster.master][INFO] 2017-10-04 16:37:01,273: +PARAM [/image_marked/compressed/format] by /view
[rosmaster.master][INFO] 2017-10-04 16:37:01,274: +PARAM [/image_marked/compressed/jpeg_quality] by /view
[rosmaster.master][INFO] 2017-10-04 16:37:01,275: +PARAM [/image_marked/compressed/png_level] by /view
[rosmaster.master][INFO] 2017-10-04 16:37:01,309: +PUB [/image] /mask_orange http://ubuntu:45623/
[rosmaster.master][INFO] 2017-10-04 16:37:01,341: +PUB [/camera/image_raw/compressed] /camera http://ubuntu:39120/
[rosmaster.master][INFO] 2017-10-04 16:37:01,342: +SERVICE [/camera/image_raw/compressed/set_parameters] /camera http://ubuntu:39120/
[rosmaster.master][INFO] 2017-10-04 16:37:01,343: +PUB [/camera/image_raw/compressed/parameter_descriptions] /camera http://ubuntu:39120/
[rosmaster.master][INFO] 2017-10-04 16:37:01,343: +PUB [/camera/image_raw/compressed/parameter_updates] /camera http://ubuntu:39120/
[rosmaster.master][INFO] 2017-10-04 16:37:01,345: +PARAM [/camera/image_raw/compressed/format] by /camera
[rosmaster.master][INFO] 2017-10-04 16:37:01,346: +PARAM [/camera/image_raw/compressed/jpeg_quality] by /camera
[rosmaster.master][INFO] 2017-10-04 16:37:01,347: +PARAM [/camera/image_raw/compressed/png_level] by /camera
[rosmaster.master][INFO] 2017-10-04 16:37:01,349: +PARAM [/camera/image_raw/compressed/format] by /camera
[rosmaster.master][INFO] 2017-10-04 16:37:01,353: +PARAM [/camera/image_raw/compressed/jpeg_quality] by /camera
[rosmaster.master][INFO] 2017-10-04 16:37:01,357: +PARAM [/camera/image_raw/compressed/png_level] by /camera
[rosmaster.master][INFO] 2017-10-04 16:37:01,364: +PUB [/image_marked] /view http://ubuntu:40553/
[rosmaster.master][INFO] 2017-10-04 16:37:01,401: +PUB [/image/theora] /mask_orange http://ubuntu:45623/
[rosmaster.master][INFO] 2017-10-04 16:37:01,403: +SERVICE [/image/theora/set_parameters] /mask_orange http://ubuntu:45623/
[rosmaster.master][INFO] 2017-10-04 16:37:01,405: +PUB [/image/theora/parameter_descriptions] /mask_orange http://ubuntu:45623/
[rosmaster.master][INFO] 2017-10-04 16:37:01,409: +PUB [/image/theora/parameter_updates] /mask_orange http://ubuntu:45623/
[rosmaster.master][INFO] 2017-10-04 16:37:01,421: +PARAM [/image/theora/optimize_for] by /mask_orange
[rosmaster.master][INFO] 2017-10-04 16:37:01,421: +PARAM [/image/theora/target_bitrate] by /mask_orange
[rosmaster.master][INFO] 2017-10-04 16:37:01,422: +PARAM [/image/theora/quality] by /mask_orange
[rosmaster.master][INFO] 2017-10-04 16:37:01,423: +PARAM [/image/theora/keyframe_frequency] by /mask_orange
[rosmaster.master][INFO] 2017-10-04 16:37:01,425: +PARAM [/image/theora/optimize_for] by /mask_orange
[rosmaster.master][INFO] 2017-10-04 16:37:01,428: +PARAM [/image/theora/target_bitrate] by /mask_orange
[rosmaster.master][INFO] 2017-10-04 16:37:01,431: +PARAM [/image/theora/quality] by /mask_orange
[rosmaster.master][INFO] 2017-10-04 16:37:01,432: +PARAM [/image/theora/keyframe_frequency] by /mask_orange
[rosmaster.master][INFO] 2017-10-04 16:37:01,438: +PUB [/camera/image_raw] /camera http://ubuntu:39120/
[rosmaster.master][INFO] 2017-10-04 16:37:01,448: +PUB [/image_marked/theora] /view http://ubuntu:40553/
[rosmaster.master][INFO] 2017-10-04 16:37:01,451: +SERVICE [/image_marked/theora/set_parameters] /view http://ubuntu:40553/
[rosmaster.master][INFO] 2017-10-04 16:37:01,452: +PUB [/image_marked/theora/parameter_descriptions] /view http://ubuntu:40553/
[rosmaster.master][INFO] 2017-10-04 16:37:01,453: +PUB [/image_marked/theora/parameter_updates] /view http://ubuntu:40553/
[rosmaster.master][INFO] 2017-10-04 16:37:01,455: +PARAM [/image_marked/theora/optimize_for] by /view
[rosmaster.master][INFO] 2017-10-04 16:37:01,456: +PARAM [/image_marked/theora/target_bitrate] by /view
[rosmaster.master][INFO] 2017-10-04 16:37:01,457: +PARAM [/image_marked/theora/quality] by /view
[rosmaster.master][INFO] 2017-10-04 16:37:01,459: +PARAM [/image_marked/theora/keyframe_frequency] by /view
[rosmaster.master][INFO] 2017-10-04 16:37:01,459: +PARAM [/image_marked/theora/optimize_for] by /view
[rosmaster.master][INFO] 2017-10-04 16:37:01,461: +PARAM [/image_marked/theora/target_bitrate] by /view
[rosmaster.master][INFO] 2017-10-04 16:37:01,463: +PARAM [/image_marked/theora/quality] by /view
[rosmaster.master][INFO] 2017-10-04 16:37:01,463: +PARAM [/image_marked/theora/keyframe_frequency] by /view
[rosmaster.master][INFO] 2017-10-04 16:37:01,483: publisherUpdate[/camera/image_raw] -> http://ubuntu:45623/ ['http://ubuntu:39120/']
[rosmaster.master][INFO] 2017-10-04 16:37:01,484: publisherUpdate[/camera/image_raw] -> http://ubuntu:45623/ ['http://ubuntu:39120/']: sec=0.00, result=[1, '', 0]
[rosmaster.master][INFO] 2017-10-04 16:37:01,501: +PUB [/camera/image_raw/theora] /camera http://ubuntu:39120/
[rosmaster.master][INFO] 2017-10-04 16:37:01,502: +SERVICE [/camera/image_raw/theora/set_parameters] /camera http://ubuntu:39120/
[rosmaster.master][INFO] 2017-10-04 16:37:01,503: +PUB [/camera/image_raw/theora/parameter_descriptions] /camera http://ubuntu:39120/
[rosmaster.master][INFO] 2017-10-04 16:37:01,504: +PUB [/camera/image_raw/theora/parameter_updates] /camera http://ubuntu:39120/
[rosmaster.master][INFO] 2017-10-04 16:37:01,509: +PARAM [/camera/image_raw/theora/optimize_for] by /camera
[rosmaster.master][INFO] 2017-10-04 16:37:01,509: +PARAM [/camera/image_raw/theora/target_bitrate] by /camera
[rosmaster.master][INFO] 2017-10-04 16:37:01,510: +PARAM [/camera/image_raw/theora/quality] by /camera
[rosmaster.master][INFO] 2017-10-04 16:37:01,511: +PARAM [/camera/image_raw/theora/keyframe_frequency] by /camera
[rosmaster.master][INFO] 2017-10-04 16:37:01,511: +PARAM [/camera/image_raw/theora/optimize_for] by /camera
[rosmaster.master][INFO] 2017-10-04 16:37:01,513: +PARAM [/camera/image_raw/theora/target_bitrate] by /camera
[rosmaster.master][INFO] 2017-10-04 16:37:01,516: +PARAM [/camera/image_raw/theora/quality] by /camera
[rosmaster.master][INFO] 2017-10-04 16:37:01,516: +PARAM [/camera/image_raw/theora/keyframe_frequency] by /camera
[rosmaster.master][INFO] 2017-10-04 16:37:01,517: +PUB [/camera/camera_info] /camera http://ubuntu:39120/
[rosmaster.master][INFO] 2017-10-04 16:37:01,519: +PUB [/image/marked/compressedDepth] /view http://ubuntu:40553/
[rosmaster.master][INFO] 2017-10-04 16:37:01,520: +SERVICE [/image/marked/compressedDepth/set_parameters] /view http://ubuntu:40553/
[rosmaster.master][INFO] 2017-10-04 16:37:01,521: +PUB [/image/marked/compressedDepth/parameter_descriptions] /view http://ubuntu:40553/
[rosmaster.master][INFO] 2017-10-04 16:37:01,523: +PUB [/image/marked/compressedDepth/parameter_updates] /view http://ubuntu:40553/
[rosmaster.master][INFO] 2017-10-04 16:37:01,527: +PARAM [/image/marked/compressedDepth/depth_max] by /view
[rosmaster.master][INFO] 2017-10-04 16:37:01,528: +PARAM [/image/marked/compressedDepth/depth_quantization] by /view
[rosmaster.master][INFO] 2017-10-04 16:37:01,529: +PARAM [/image/marked/compressedDepth/png_level] by /view
[rosmaster.master][INFO] 2017-10-04 16:37:01,530: +PARAM [/image/marked/compressedDepth/depth_max] by /view
[rosmaster.master][INFO] 2017-10-04 16:37:01,531: +PARAM [/image/marked/compressedDepth/depth_quantization] by /view
[rosmaster.master][INFO] 2017-10-04 16:37:01,532: +PARAM [/image/marked/compressedDepth/png_level] by /view
[rosmaster.master][INFO] 2017-10-04 16:37:01,564: +PUB [/image/marked/compressed] /view http://ubuntu:40553/
[rosmaster.master][INFO] 2017-10-04 16:37:01,565: +SERVICE [/image/marked/compressed/set_parameters] /view http://ubuntu:40553/
[rosmaster.master][INFO] 2017-10-04 16:37:01,566: +PUB [/image/marked/compressed/parameter_descriptions] /view http://ubuntu:40553/
[rosmaster.master][INFO] 2017-10-04 16:37:01,566: +PUB [/image/marked/compressed/parameter_updates] /view http://ubuntu:40553/
[rosmaster.master][INFO] 2017-10-04 16:37:01,568: +PARAM [/image/marked/compressed/format] by /view
[rosmaster.master][INFO] 2017-10-04 16:37:01,569: +PARAM [/image/marked/compressed/jpeg_quality] by /view
[rosmaster.master][INFO] 2017-10-04 16:37:01,569: +PARAM [/image/marked/compressed/png_level] by /view
[rosmaster.master][INFO] 2017-10-04 16:37:01,570: +PARAM [/image/marked/compressed/format] by /view
[rosmaster.master][INFO] 2017-10-04 16:37:01,570: +PARAM [/image/marked/compressed/jpeg_quality] by /view
[rosmaster.master][INFO] 2017-10-04 16:37:01,571: +PARAM [/image/marked/compressed/png_level] by /view
[rosmaster.master][INFO] 2017-10-04 16:37:01,986: +PUB [/image/marked] /view http://ubuntu:40553/
[rosmaster.master][INFO] 2017-10-04 16:37:02,021: +PUB [/image/marked/theora] /view http://ubuntu:40553/
[rosmaster.master][INFO] 2017-10-04 16:37:02,022: +SERVICE [/image/marked/theora/set_parameters] /view http://ubuntu:40553/
[rosmaster.master][INFO] 2017-10-04 16:37:02,022: +PUB [/image/marked/theora/parameter_descriptions] /view http://ubuntu:40553/
[rosmaster.master][INFO] 2017-10-04 16:37:02,023: +PUB [/image/marked/theora/parameter_updates] /view http://ubuntu:40553/
[rosmaster.master][INFO] 2017-10-04 16:37:02,026: +PARAM [/image/marked/theora/optimize_for] by /view
[rosmaster.master][INFO] 2017-10-04 16:37:02,027: +PARAM [/image/marked/theora/target_bitrate] by /view
[rosmaster.master][INFO] 2017-10-04 16:37:02,028: +PARAM [/image/marked/theora/quality] by /view
[rosmaster.master][INFO] 2017-10-04 16:37:02,028: +PARAM [/image/marked/theora/keyframe_frequency] by /view
[rosmaster.master][INFO] 2017-10-04 16:37:02,029: +PARAM [/image/marked/theora/optimize_for] by /view
[rosmaster.master][INFO] 2017-10-04 16:37:02,030: +PARAM [/image/marked/theora/target_bitrate] by /view
[rosmaster.master][INFO] 2017-10-04 16:37:02,030: +PARAM [/image/marked/theora/quality] by /view
[rosmaster.master][INFO] 2017-10-04 16:37:02,031: +PARAM [/image/marked/theora/keyframe_frequency] by /view
[rosmaster.master][INFO] 2017-10-04 16:37:02,060: +SUB [/image] /view http://ubuntu:40553/
[rosmaster.master][INFO] 2017-10-04 16:37:02,063: +SUB [/camera_info] /view http://ubuntu:40553/
[rosmaster.master][INFO] 2017-10-04 16:37:02,066: +SUB [/image_marker] /view http://ubuntu:40553/
[rosmaster.master][INFO] 2017-10-04 16:37:02,069: +SUB [/image/event] /view http://ubuntu:40553/
[rosmaster.master][INFO] 2017-10-04 16:37:02,070: +SERVICE [/view/change_mode] /view http://ubuntu:40553/
[rosmaster.master][INFO] 2017-10-04 16:37:02,070: +SERVICE [/view/rectangle_mode] /view http://ubuntu:40553/
[rosmaster.master][INFO] 2017-10-04 16:37:02,071: +SERVICE [/view/grabcut_mode] /view http://ubuntu:40553/
[rosmaster.master][INFO] 2017-10-04 16:37:02,072: +SERVICE [/view/grabcut_rect_mode] /view http://ubuntu:40553/
[rosmaster.master][INFO] 2017-10-04 16:37:02,072: +SERVICE [/view/line_mode] /view http://ubuntu:40553/
[rosmaster.master][INFO] 2017-10-04 16:37:02,073: +SERVICE [/view/poly_mode] /view http://ubuntu:40553/
[rosmaster.master][INFO] 2017-10-04 16:37:02,074: +SERVICE [/view/none_mode] /view http://ubuntu:40553/
[rosmaster.master][INFO] 2017-10-04 16:37:02,074: +SERVICE [/view/set_parameters] /view http://ubuntu:40553/
[rosmaster.master][INFO] 2017-10-04 16:37:02,075: +PUB [/view/parameter_descriptions] /view http://ubuntu:40553/
[rosmaster.master][INFO] 2017-10-04 16:37:02,076: +PUB [/view/parameter_updates] /view http://ubuntu:40553/
[rosmaster.master][INFO] 2017-10-04 16:37:02,091: +PARAM [/view/grid] by /view
[rosmaster.master][INFO] 2017-10-04 16:37:02,093: +PARAM [/view/fisheye_mode] by /view
[rosmaster.master][INFO] 2017-10-04 16:37:02,098: +PARAM [/view/div_u] by /view
[rosmaster.master][INFO] 2017-10-04 16:37:02,099: +PARAM [/view/div_v] by /view
[rosmaster.master][INFO] 2017-10-04 16:37:02,101: +PARAM [/view/grid_red] by /view
[rosmaster.master][INFO] 2017-10-04 16:37:02,102: +PARAM [/view/grid_green] by /view
[rosmaster.master][INFO] 2017-10-04 16:37:02,104: +PARAM [/view/grid_blue] by /view
[rosmaster.master][INFO] 2017-10-04 16:37:02,104: +PARAM [/view/grid_thickness] by /view
[rosmaster.master][INFO] 2017-10-04 16:37:02,105: +PARAM [/view/grid_space] by /view
[rosmaster.master][INFO] 2017-10-04 16:37:02,106: +PARAM [/view/grid] by /view
[rosmaster.master][INFO] 2017-10-04 16:37:02,106: +PARAM [/view/fisheye_mode] by /view
[rosmaster.master][INFO] 2017-10-04 16:37:02,107: +PARAM [/view/div_u] by /view
[rosmaster.master][INFO] 2017-10-04 16:37:02,107: +PARAM [/view/div_v] by /view
[rosmaster.master][INFO] 2017-10-04 16:37:02,108: +PARAM [/view/grid_red] by /view
[rosmaster.master][INFO] 2017-10-04 16:37:02,109: +PARAM [/view/grid_green] by /view
[rosmaster.master][INFO] 2017-10-04 16:37:02,109: +PARAM [/view/grid_blue] by /view
[rosmaster.master][INFO] 2017-10-04 16:37:02,110: +PARAM [/view/grid_thickness] by /view
[rosmaster.master][INFO] 2017-10-04 16:37:02,111: +PARAM [/view/grid_space] by /view
[rosmaster.master][INFO] 2017-10-04 16:37:23,506: -PUB [/rosout] /camera http://ubuntu:39120/
[rosmaster.master][INFO] 2017-10-04 16:37:23,507: -PUB [/camera/image_raw/compressedDepth] /camera http://ubuntu:39120/
[rosmaster.master][INFO] 2017-10-04 16:37:23,508: -PUB [/camera/image_raw/compressedDepth/parameter_descriptions] /camera http://ubuntu:39120/
[rosmaster.master][INFO] 2017-10-04 16:37:23,508: -PUB [/camera/image_raw/compressedDepth/parameter_updates] /camera http://ubuntu:39120/
[rosmaster.master][INFO] 2017-10-04 16:37:23,509: -PUB [/camera/image_raw/compressed] /camera http://ubuntu:39120/
[rosmaster.master][INFO] 2017-10-04 16:37:23,510: -PUB [/camera/image_raw/compressed/parameter_descriptions] /camera http://ubuntu:39120/
[rosmaster.master][INFO] 2017-10-04 16:37:23,513: -PUB [/camera/image_raw/compressed/parameter_updates] /camera http://ubuntu:39120/
[rosmaster.master][INFO] 2017-10-04 16:37:23,519: -PUB [/camera/image_raw] /camera http://ubuntu:39120/
[rosmaster.master][INFO] 2017-10-04 16:37:23,523: -PUB [/camera/image_raw/theora] /camera http://ubuntu:39120/
[rosmaster.master][INFO] 2017-10-04 16:37:23,525: -PUB [/camera/image_raw/theora/parameter_descriptions] /camera http://ubuntu:39120/
[rosmaster.master][INFO] 2017-10-04 16:37:23,525: -PUB [/camera/image_raw/theora/parameter_updates] /camera http://ubuntu:39120/
[rosmaster.master][INFO] 2017-10-04 16:37:23,528: -PUB [/camera/camera_info] /camera http://ubuntu:39120/
[rosmaster.master][INFO] 2017-10-04 16:37:23,532: -SERVICE [/camera/get_loggers] /camera rosrpc://ubuntu:54941
[rosmaster.master][INFO] 2017-10-04 16:37:23,533: -SERVICE [/camera/set_logger_level] /camera rosrpc://ubuntu:54941
[rosmaster.master][INFO] 2017-10-04 16:37:23,537: -SERVICE [/camera/set_camera_info] /camera rosrpc://ubuntu:54941
[rosmaster.master][INFO] 2017-10-04 16:37:23,537: -SERVICE [/camera/image_raw/compressedDepth/set_parameters] /camera rosrpc://ubuntu:54941
[rosmaster.master][INFO] 2017-10-04 16:37:23,538: -SERVICE [/camera/image_raw/compressed/set_parameters] /camera rosrpc://ubuntu:54941
[rosmaster.master][INFO] 2017-10-04 16:37:23,540: -SERVICE [/camera/image_raw/theora/set_parameters] /camera rosrpc://ubuntu:54941
[rosmaster.master][INFO] 2017-10-04 16:37:23,548: -PUB [/rosout] /mask_orange http://ubuntu:45623/
[rosmaster.master][INFO] 2017-10-04 16:37:23,551: -PUB [/image/compressedDepth] /mask_orange http://ubuntu:45623/
[rosmaster.master][INFO] 2017-10-04 16:37:23,554: -PUB [/image/compressedDepth/parameter_descriptions] /mask_orange http://ubuntu:45623/
[rosmaster.master][INFO] 2017-10-04 16:37:23,557: -PUB [/image/compressedDepth/parameter_updates] /mask_orange http://ubuntu:45623/
[rosmaster.master][INFO] 2017-10-04 16:37:23,561: -PUB [/image/compressed] /mask_orange http://ubuntu:45623/
[rosmaster.master][INFO] 2017-10-04 16:37:23,562: -PUB [/image/compressed/parameter_descriptions] /mask_orange http://ubuntu:45623/
[rosmaster.master][INFO] 2017-10-04 16:37:23,565: -PUB [/image/compressed/parameter_updates] /mask_orange http://ubuntu:45623/
[rosmaster.master][INFO] 2017-10-04 16:37:23,569: -PUB [/image] /mask_orange http://ubuntu:45623/
[rosmaster.master][INFO] 2017-10-04 16:37:23,570: -PUB [/image/theora] /mask_orange http://ubuntu:45623/
[rosmaster.master][INFO] 2017-10-04 16:37:23,570: -PUB [/image/theora/parameter_descriptions] /mask_orange http://ubuntu:45623/
[rosmaster.master][INFO] 2017-10-04 16:37:23,571: -PUB [/image/theora/parameter_updates] /mask_orange http://ubuntu:45623/
[rosmaster.master][INFO] 2017-10-04 16:37:23,571: -SUB [/camera/image_raw] /mask_orange http://ubuntu:45623/
[rosmaster.master][INFO] 2017-10-04 16:37:23,573: -SERVICE [/mask_orange/get_loggers] /mask_orange rosrpc://ubuntu:41809
[rosmaster.master][INFO] 2017-10-04 16:37:23,575: publisherUpdate[/rosout] -> http://ubuntu:38042/ ['http://ubuntu:45623/', 'http://ubuntu:40553/']
[rosmaster.master][INFO] 2017-10-04 16:37:23,578: publisherUpdate[/rosout] -> http://ubuntu:38042/ ['http://ubuntu:45623/', 'http://ubuntu:40553/']: sec=0.00, result=[1, '', 0]
[rosmaster.master][INFO] 2017-10-04 16:37:23,578: publisherUpdate[/camera/image_raw] -> http://ubuntu:45623/ []
[rosmaster.master][INFO] 2017-10-04 16:37:23,579: -SERVICE [/mask_orange/set_logger_level] /mask_orange rosrpc://ubuntu:41809
[rosmaster.master][INFO] 2017-10-04 16:37:23,580: publisherUpdate[/rosout] -> http://ubuntu:38042/ ['http://ubuntu:40553/']
[rosmaster.master][INFO] 2017-10-04 16:37:23,580: publisherUpdate[/image] -> http://ubuntu:40553/ []
[rosmaster.master][INFO] 2017-10-04 16:37:23,580: publisherUpdate[/rosout] -> http://ubuntu:38042/ ['http://ubuntu:40553/']: sec=0.00, result=[1, '', 0]
[rosmaster.master][INFO] 2017-10-04 16:37:23,585: publisherUpdate[/image] -> http://ubuntu:40553/ []: sec=0.00, result=[0, 'Unknown Error', 0]
[rosmaster.master][INFO] 2017-10-04 16:37:23,585: publisherUpdate[/camera/image_raw] -> http://ubuntu:45623/ []: sec=0.01, exception=<Fault -1: 'publisherUpdate: unknown method name'>
[rosmaster.threadpool][ERROR] 2017-10-04 16:37:23,586: Traceback (most recent call last):
  File "/opt/ros/kinetic/lib/python2.7/dist-packages/rosmaster/threadpool.py", line 218, in run
    result = cmd(*args)
  File "/opt/ros/kinetic/lib/python2.7/dist-packages/rosmaster/master_api.py", line 210, in publisher_update_task
    ret = xmlrpcapi(api).publisherUpdate('/master', topic, pub_uris)
  File "/usr/lib/python2.7/xmlrpclib.py", line 1243, in __call__
    return self.__send(self.__name, args)
  File "/usr/lib/python2.7/xmlrpclib.py", line 1602, in __request
    verbose=self.__verbose
  File "/usr/lib/python2.7/xmlrpclib.py", line 1283, in request
    return self.single_request(host, handler, request_body, verbose)
  File "/usr/lib/python2.7/xmlrpclib.py", line 1316, in single_request
    return self.parse_response(response)
  File "/usr/lib/python2.7/xmlrpclib.py", line 1493, in parse_response
    return u.close()
  File "/usr/lib/python2.7/xmlrpclib.py", line 800, in close
    raise Fault(**self._stack[0])
Fault: <Fault -1: 'publisherUpdate: unknown method name'>

[rosmaster.master][INFO] 2017-10-04 16:37:23,586: -SERVICE [/image/compressedDepth/set_parameters] /mask_orange rosrpc://ubuntu:41809
[rosmaster.master][INFO] 2017-10-04 16:37:23,589: -SERVICE [/image/compressed/set_parameters] /mask_orange rosrpc://ubuntu:41809
[rosmaster.master][INFO] 2017-10-04 16:37:23,591: -SERVICE [/image/theora/set_parameters] /mask_orange rosrpc://ubuntu:41809
[rosmaster.master][INFO] 2017-10-04 16:37:23,684: -PUB [/rosout] /view http://ubuntu:40553/
[rosmaster.master][INFO] 2017-10-04 16:37:23,684: -PUB [/image/screenpoint] /view http://ubuntu:40553/
[rosmaster.master][INFO] 2017-10-04 16:37:23,685: -PUB [/image/screenpoint_array] /view http://ubuntu:40553/
[rosmaster.master][INFO] 2017-10-04 16:37:23,686: publisherUpdate[/rosout] -> http://ubuntu:38042/ []
[rosmaster.master][INFO] 2017-10-04 16:37:23,686: publisherUpdate[/rosout] -> http://ubuntu:38042/ []: sec=0.00, result=[1, '', 0]
[rosmaster.master][INFO] 2017-10-04 16:37:23,686: -PUB [/image/screenrectangle] /view http://ubuntu:40553/
[rosmaster.master][INFO] 2017-10-04 16:37:23,689: -PUB [/image/screenrectangle_image] /view http://ubuntu:40553/
[rosmaster.master][INFO] 2017-10-04 16:37:23,691: -PUB [/image/movepoint] /view http://ubuntu:40553/
[rosmaster.master][INFO] 2017-10-04 16:37:23,694: -PUB [/image/foreground] /view http://ubuntu:40553/
[rosmaster.master][INFO] 2017-10-04 16:37:23,695: -PUB [/image/background] /view http://ubuntu:40553/
[rosmaster.master][INFO] 2017-10-04 16:37:23,697: -PUB [/image/foreground_rect] /view http://ubuntu:40553/
[rosmaster.master][INFO] 2017-10-04 16:37:23,698: -PUB [/image/background_rect] /view http://ubuntu:40553/
[rosmaster.master][INFO] 2017-10-04 16:37:23,699: -PUB [/image/line] /view http://ubuntu:40553/
[rosmaster.master][INFO] 2017-10-04 16:37:23,701: -PUB [/image/poly] /view http://ubuntu:40553/
[rosmaster.master][INFO] 2017-10-04 16:37:23,702: -PUB [/image_marked/compressedDepth] /view http://ubuntu:40553/
[rosmaster.master][INFO] 2017-10-04 16:37:23,702: -PUB [/image_marked/compressedDepth/parameter_descriptions] /view http://ubuntu:40553/
[rosmaster.master][INFO] 2017-10-04 16:37:23,705: -PUB [/image_marked/compressedDepth/parameter_updates] /view http://ubuntu:40553/
[rosmaster.master][INFO] 2017-10-04 16:37:23,706: -PUB [/image_marked/compressed] /view http://ubuntu:40553/
[rosmaster.master][INFO] 2017-10-04 16:37:23,706: -PUB [/image_marked/compressed/parameter_descriptions] /view http://ubuntu:40553/
[rosmaster.master][INFO] 2017-10-04 16:37:23,707: -PUB [/image_marked/compressed/parameter_updates] /view http://ubuntu:40553/
[rosmaster.master][INFO] 2017-10-04 16:37:23,708: -PUB [/image_marked] /view http://ubuntu:40553/
[rosmaster.master][INFO] 2017-10-04 16:37:23,709: -PUB [/image_marked/theora] /view http://ubuntu:40553/
[rosmaster.master][INFO] 2017-10-04 16:37:23,710: -PUB [/image_marked/theora/parameter_descriptions] /view http://ubuntu:40553/
[rosmaster.master][INFO] 2017-10-04 16:37:23,711: -PUB [/image_marked/theora/parameter_updates] /view http://ubuntu:40553/
[rosmaster.master][INFO] 2017-10-04 16:37:23,712: -PUB [/image/marked/compressedDepth] /view http://ubuntu:40553/
[rosmaster.master][INFO] 2017-10-04 16:37:23,713: -PUB [/image/marked/compressedDepth/parameter_descriptions] /view http://ubuntu:40553/
[rosmaster.master][INFO] 2017-10-04 16:37:23,716: -PUB [/image/marked/compressedDepth/parameter_updates] /view http://ubuntu:40553/
[rosmaster.master][INFO] 2017-10-04 16:37:23,717: -PUB [/image/marked/compressed] /view http://ubuntu:40553/
[rosmaster.master][INFO] 2017-10-04 16:37:23,718: -PUB [/image/marked/compressed/parameter_descriptions] /view http://ubuntu:40553/
[rosmaster.master][INFO] 2017-10-04 16:37:23,718: -PUB [/image/marked/compressed/parameter_updates] /view http://ubuntu:40553/
[rosmaster.master][INFO] 2017-10-04 16:37:23,720: -PUB [/image/marked] /view http://ubuntu:40553/
[rosmaster.master][INFO] 2017-10-04 16:37:23,724: -PUB [/image/marked/theora] /view http://ubuntu:40553/
[rosmaster.master][INFO] 2017-10-04 16:37:23,727: -PUB [/image/marked/theora/parameter_descriptions] /view http://ubuntu:40553/
[rosmaster.master][INFO] 2017-10-04 16:37:23,729: -PUB [/image/marked/theora/parameter_updates] /view http://ubuntu:40553/
[rosmaster.master][INFO] 2017-10-04 16:37:23,734: -PUB [/view/parameter_descriptions] /view http://ubuntu:40553/
[rosmaster.master][INFO] 2017-10-04 16:37:23,736: -PUB [/view/parameter_updates] /view http://ubuntu:40553/
[rosmaster.master][INFO] 2017-10-04 16:37:23,737: -SUB [/tf] /view http://ubuntu:40553/
[rosmaster.master][INFO] 2017-10-04 16:37:23,738: -SUB [/tf_static] /view http://ubuntu:40553/
[rosmaster.master][INFO] 2017-10-04 16:37:23,738: -SUB [/image] /view http://ubuntu:40553/
[rosmaster.master][INFO] 2017-10-04 16:37:23,739: -SUB [/camera_info] /view http://ubuntu:40553/
[rosmaster.master][INFO] 2017-10-04 16:37:23,740: -SUB [/image_marker] /view http://ubuntu:40553/
[rosmaster.master][INFO] 2017-10-04 16:37:23,742: -SUB [/image/event] /view http://ubuntu:40553/
[rosmaster.master][INFO] 2017-10-04 16:37:23,743: -SERVICE [/view/get_loggers] /view rosrpc://ubuntu:46467
[rosmaster.master][INFO] 2017-10-04 16:37:23,743: -SERVICE [/view/set_logger_level] /view rosrpc://ubuntu:46467
[rosmaster.master][INFO] 2017-10-04 16:37:23,744: -SERVICE [/image_marked/compressedDepth/set_parameters] /view rosrpc://ubuntu:46467
[rosmaster.master][INFO] 2017-10-04 16:37:23,746: -SERVICE [/image_marked/compressed/set_parameters] /view rosrpc://ubuntu:46467
[rosmaster.master][INFO] 2017-10-04 16:37:23,748: -SERVICE [/image_marked/theora/set_parameters] /view rosrpc://ubuntu:46467
[rosmaster.master][INFO] 2017-10-04 16:37:23,749: -SERVICE [/image/marked/compressedDepth/set_parameters] /view rosrpc://ubuntu:46467
[rosmaster.master][INFO] 2017-10-04 16:37:23,751: -SERVICE [/image/marked/compressed/set_parameters] /view rosrpc://ubuntu:46467
[rosmaster.master][INFO] 2017-10-04 16:37:23,752: -SERVICE [/image/marked/theora/set_parameters] /view rosrpc://ubuntu:46467
[rosmaster.master][INFO] 2017-10-04 16:37:23,753: -SERVICE [/view/change_mode] /view rosrpc://ubuntu:46467
[rosmaster.master][INFO] 2017-10-04 16:37:23,755: -SERVICE [/view/rectangle_mode] /view rosrpc://ubuntu:46467
[rosmaster.master][INFO] 2017-10-04 16:37:23,756: -SERVICE [/view/grabcut_mode] /view rosrpc://ubuntu:46467
[rosmaster.master][INFO] 2017-10-04 16:37:23,757: -SERVICE [/view/grabcut_rect_mode] /view rosrpc://ubuntu:46467
[rosmaster.master][INFO] 2017-10-04 16:37:23,757: -SERVICE [/view/line_mode] /view rosrpc://ubuntu:46467
[rosmaster.master][INFO] 2017-10-04 16:37:23,759: -SERVICE [/view/poly_mode] /view rosrpc://ubuntu:46467
[rosmaster.master][INFO] 2017-10-04 16:37:23,760: -SERVICE [/view/none_mode] /view rosrpc://ubuntu:46467
[rosmaster.master][INFO] 2017-10-04 16:37:23,761: -SERVICE [/view/set_parameters] /view rosrpc://ubuntu:46467
[rosmaster.master][INFO] 2017-10-04 16:37:24,317: -PUB [/rosout_agg] /rosout http://ubuntu:38042/
[rosmaster.master][INFO] 2017-10-04 16:37:24,318: -SUB [/rosout] /rosout http://ubuntu:38042/
[rosmaster.master][INFO] 2017-10-04 16:37:24,318: -SERVICE [/rosout/get_loggers] /rosout rosrpc://ubuntu:48312
[rosmaster.master][INFO] 2017-10-04 16:37:24,319: -SERVICE [/rosout/set_logger_level] /rosout rosrpc://ubuntu:48312
[rosmaster.main][INFO] 2017-10-04 16:37:24,421: keyboard interrupt, will exit
[rosmaster.main][INFO] 2017-10-04 16:37:24,422: stopping master...
[rospy.core][INFO] 2017-10-04 16:37:24,422: signal_shutdown [atexit]
