[rosmaster.main][INFO] 2017-09-22 16:16:20,546: initialization complete, waiting for shutdown
[rosmaster.main][INFO] 2017-09-22 16:16:20,546: Starting ROS Master Node
[xmlrpc][INFO] 2017-09-22 16:16:20,546: XML-RPC server binding to 0.0.0.0:11311
[rosmaster.master][INFO] 2017-09-22 16:16:20,547: Master initialized: port[11311], uri[http://ubuntu:11311/]
[xmlrpc][INFO] 2017-09-22 16:16:20,547: Started XML-RPC server [http://ubuntu:11311/]
[xmlrpc][INFO] 2017-09-22 16:16:20,547: xml rpc node: starting XML-RPC server
[rosmaster.master][INFO] 2017-09-22 16:16:20,600: +PARAM [/run_id] by /roslaunch
[rosmaster.master][INFO] 2017-09-22 16:16:20,603: +PARAM [/roslaunch/uris/host_ubuntu__33321] by /roslaunch
[rosmaster.master][INFO] 2017-09-22 16:16:20,686: +PARAM [/rosversion] by /roslaunch
[rosmaster.master][INFO] 2017-09-22 16:16:20,686: +PARAM [/rosdistro] by /roslaunch
[rosmaster.master][INFO] 2017-09-22 16:16:20,686: +PARAM [/camera/device_id] by /roslaunch
[rosmaster.master][INFO] 2017-09-22 16:16:20,716: +SERVICE [/rosout/get_loggers] /rosout http://ubuntu:44449/
[rosmaster.master][INFO] 2017-09-22 16:16:20,718: +SERVICE [/rosout/set_logger_level] /rosout http://ubuntu:44449/
[rosmaster.master][INFO] 2017-09-22 16:16:20,723: +PUB [/rosout_agg] /rosout http://ubuntu:44449/
[rosmaster.master][INFO] 2017-09-22 16:16:20,737: +SUB [/rosout] /rosout http://ubuntu:44449/
[rosmaster.master][INFO] 2017-09-22 16:16:20,814: +PUB [/rosout] /image_converter http://ubuntu:46766/
[rosmaster.master][INFO] 2017-09-22 16:16:20,818: +SERVICE [/image_converter/get_loggers] /image_converter http://ubuntu:46766/
[rosmaster.master][INFO] 2017-09-22 16:16:20,821: +SERVICE [/image_converter/set_logger_level] /image_converter http://ubuntu:46766/
[rosmaster.master][INFO] 2017-09-22 16:16:20,848: publisherUpdate[/rosout] -> http://ubuntu:44449/ ['http://ubuntu:46766/']
[rosmaster.master][INFO] 2017-09-22 16:16:20,850: publisherUpdate[/rosout] -> http://ubuntu:44449/ ['http://ubuntu:46766/']: sec=0.00, result=[1, '', 0]
[rosmaster.master][INFO] 2017-09-22 16:16:20,867: +PUB [/rosout] /camera http://ubuntu:46094/
[rosmaster.master][INFO] 2017-09-22 16:16:20,868: +SERVICE [/camera/get_loggers] /camera http://ubuntu:46094/
[rosmaster.master][INFO] 2017-09-22 16:16:20,868: +SERVICE [/camera/set_logger_level] /camera http://ubuntu:46094/
[rosmaster.master][INFO] 2017-09-22 16:16:20,870: +PUB [/rosout] /view http://ubuntu:33731/
[rosmaster.master][INFO] 2017-09-22 16:16:20,872: +SERVICE [/view/get_loggers] /view http://ubuntu:33731/
[rosmaster.master][INFO] 2017-09-22 16:16:20,882: +SERVICE [/view/set_logger_level] /view http://ubuntu:33731/
[rosmaster.master][INFO] 2017-09-22 16:16:20,890: +SUB [/tf] /view http://ubuntu:33731/
[rosmaster.master][INFO] 2017-09-22 16:16:20,899: +SUB [/tf_static] /view http://ubuntu:33731/
[rosmaster.master][INFO] 2017-09-22 16:16:20,942: +SERVICE [/camera/set_camera_info] /camera http://ubuntu:46094/
[rosmaster.master][INFO] 2017-09-22 16:16:20,950: publisherUpdate[/rosout] -> http://ubuntu:44449/ ['http://ubuntu:46766/', 'http://ubuntu:46094/']
[rosmaster.master][INFO] 2017-09-22 16:16:20,951: publisherUpdate[/rosout] -> http://ubuntu:44449/ ['http://ubuntu:46766/', 'http://ubuntu:46094/']: sec=0.00, result=[1, '', 0]
[rosmaster.master][INFO] 2017-09-22 16:16:20,951: publisherUpdate[/rosout] -> http://ubuntu:44449/ ['http://ubuntu:46766/', 'http://ubuntu:46094/', 'http://ubuntu:33731/']
[rosmaster.master][INFO] 2017-09-22 16:16:20,951: publisherUpdate[/rosout] -> http://ubuntu:44449/ ['http://ubuntu:46766/', 'http://ubuntu:46094/', 'http://ubuntu:33731/']: sec=0.00, result=[1, '', 0]
[rosmaster.master][INFO] 2017-09-22 16:16:20,955: +PUB [/image/screenpoint] /view http://ubuntu:33731/
[rosmaster.master][INFO] 2017-09-22 16:16:20,956: +PUB [/image/screenpoint_array] /view http://ubuntu:33731/
[rosmaster.master][INFO] 2017-09-22 16:16:20,957: +PUB [/image/screenrectangle] /view http://ubuntu:33731/
[rosmaster.master][INFO] 2017-09-22 16:16:20,957: +PUB [/image/screenrectangle_image] /view http://ubuntu:33731/
[rosmaster.master][INFO] 2017-09-22 16:16:20,960: +PUB [/image/movepoint] /view http://ubuntu:33731/
[rosmaster.master][INFO] 2017-09-22 16:16:20,960: +PUB [/image/foreground] /view http://ubuntu:33731/
[rosmaster.master][INFO] 2017-09-22 16:16:20,962: +PUB [/image/background] /view http://ubuntu:33731/
[rosmaster.master][INFO] 2017-09-22 16:16:20,963: +PUB [/image/foreground_rect] /view http://ubuntu:33731/
[rosmaster.master][INFO] 2017-09-22 16:16:20,964: +PUB [/image/background_rect] /view http://ubuntu:33731/
[rosmaster.master][INFO] 2017-09-22 16:16:20,965: +SUB [/camera/image_raw] /image_converter http://ubuntu:46766/
[rosmaster.master][INFO] 2017-09-22 16:16:20,969: +PUB [/image/line] /view http://ubuntu:33731/
[rosmaster.master][INFO] 2017-09-22 16:16:20,971: +PUB [/image/poly] /view http://ubuntu:33731/
[rosmaster.master][INFO] 2017-09-22 16:16:21,024: +PUB [/image/compressedDepth] /image_converter http://ubuntu:46766/
[rosmaster.master][INFO] 2017-09-22 16:16:21,024: +SERVICE [/image/compressedDepth/set_parameters] /image_converter http://ubuntu:46766/
[rosmaster.master][INFO] 2017-09-22 16:16:21,025: +PUB [/image/compressedDepth/parameter_descriptions] /image_converter http://ubuntu:46766/
[rosmaster.master][INFO] 2017-09-22 16:16:21,026: +PUB [/image/compressedDepth/parameter_updates] /image_converter http://ubuntu:46766/
[rosmaster.master][INFO] 2017-09-22 16:16:21,032: +PARAM [/image/compressedDepth/depth_max] by /image_converter
[rosmaster.master][INFO] 2017-09-22 16:16:21,032: +PARAM [/image/compressedDepth/depth_quantization] by /image_converter
[rosmaster.master][INFO] 2017-09-22 16:16:21,033: +PARAM [/image/compressedDepth/png_level] by /image_converter
[rosmaster.master][INFO] 2017-09-22 16:16:21,034: +PARAM [/image/compressedDepth/depth_max] by /image_converter
[rosmaster.master][INFO] 2017-09-22 16:16:21,036: +PARAM [/image/compressedDepth/depth_quantization] by /image_converter
[rosmaster.master][INFO] 2017-09-22 16:16:21,038: +PARAM [/image/compressedDepth/png_level] by /image_converter
[rosmaster.master][INFO] 2017-09-22 16:16:21,043: +PUB [/image_marked/compressedDepth] /view http://ubuntu:33731/
[rosmaster.master][INFO] 2017-09-22 16:16:21,044: +SERVICE [/image_marked/compressedDepth/set_parameters] /view http://ubuntu:33731/
[rosmaster.master][INFO] 2017-09-22 16:16:21,046: +PUB [/image_marked/compressedDepth/parameter_descriptions] /view http://ubuntu:33731/
[rosmaster.master][INFO] 2017-09-22 16:16:21,047: +PUB [/image_marked/compressedDepth/parameter_updates] /view http://ubuntu:33731/
[rosmaster.master][INFO] 2017-09-22 16:16:21,054: +PARAM [/image_marked/compressedDepth/depth_max] by /view
[rosmaster.master][INFO] 2017-09-22 16:16:21,055: +PARAM [/image_marked/compressedDepth/depth_quantization] by /view
[rosmaster.master][INFO] 2017-09-22 16:16:21,058: +PARAM [/image_marked/compressedDepth/png_level] by /view
[rosmaster.master][INFO] 2017-09-22 16:16:21,059: +PARAM [/image_marked/compressedDepth/depth_max] by /view
[rosmaster.master][INFO] 2017-09-22 16:16:21,060: +PARAM [/image_marked/compressedDepth/depth_quantization] by /view
[rosmaster.master][INFO] 2017-09-22 16:16:21,063: +PARAM [/image_marked/compressedDepth/png_level] by /view
[rosmaster.master][INFO] 2017-09-22 16:16:21,101: +PUB [/image/compressed] /image_converter http://ubuntu:46766/
[rosmaster.master][INFO] 2017-09-22 16:16:21,101: +SERVICE [/image/compressed/set_parameters] /image_converter http://ubuntu:46766/
[rosmaster.master][INFO] 2017-09-22 16:16:21,102: +PUB [/image/compressed/parameter_descriptions] /image_converter http://ubuntu:46766/
[rosmaster.master][INFO] 2017-09-22 16:16:21,103: +PUB [/image/compressed/parameter_updates] /image_converter http://ubuntu:46766/
[rosmaster.master][INFO] 2017-09-22 16:16:21,108: +PARAM [/image/compressed/format] by /image_converter
[rosmaster.master][INFO] 2017-09-22 16:16:21,109: +PARAM [/image/compressed/jpeg_quality] by /image_converter
[rosmaster.master][INFO] 2017-09-22 16:16:21,109: +PARAM [/image/compressed/png_level] by /image_converter
[rosmaster.master][INFO] 2017-09-22 16:16:21,112: +PARAM [/image/compressed/format] by /image_converter
[rosmaster.master][INFO] 2017-09-22 16:16:21,113: +PARAM [/image/compressed/jpeg_quality] by /image_converter
[rosmaster.master][INFO] 2017-09-22 16:16:21,115: +PARAM [/image/compressed/png_level] by /image_converter
[rosmaster.master][INFO] 2017-09-22 16:16:21,119: +PUB [/image_marked/compressed] /view http://ubuntu:33731/
[rosmaster.master][INFO] 2017-09-22 16:16:21,123: +SERVICE [/image_marked/compressed/set_parameters] /view http://ubuntu:33731/
[rosmaster.master][INFO] 2017-09-22 16:16:21,123: +PUB [/image_marked/compressed/parameter_descriptions] /view http://ubuntu:33731/
[rosmaster.master][INFO] 2017-09-22 16:16:21,124: +PUB [/image_marked/compressed/parameter_updates] /view http://ubuntu:33731/
[rosmaster.master][INFO] 2017-09-22 16:16:21,131: +PARAM [/image_marked/compressed/format] by /view
[rosmaster.master][INFO] 2017-09-22 16:16:21,132: +PARAM [/image_marked/compressed/jpeg_quality] by /view
[rosmaster.master][INFO] 2017-09-22 16:16:21,132: +PARAM [/image_marked/compressed/png_level] by /view
[rosmaster.master][INFO] 2017-09-22 16:16:21,133: +PARAM [/image_marked/compressed/format] by /view
[rosmaster.master][INFO] 2017-09-22 16:16:21,134: +PARAM [/image_marked/compressed/jpeg_quality] by /view
[rosmaster.master][INFO] 2017-09-22 16:16:21,136: +PARAM [/image_marked/compressed/png_level] by /view
[rosmaster.master][INFO] 2017-09-22 16:16:21,191: +PUB [/image] /image_converter http://ubuntu:46766/
[rosmaster.master][INFO] 2017-09-22 16:16:21,218: +PUB [/image_marked] /view http://ubuntu:33731/
[rosmaster.master][INFO] 2017-09-22 16:16:21,249: +PUB [/camera/image_raw/compressedDepth] /camera http://ubuntu:46094/
[rosmaster.master][INFO] 2017-09-22 16:16:21,250: +SERVICE [/camera/image_raw/compressedDepth/set_parameters] /camera http://ubuntu:46094/
[rosmaster.master][INFO] 2017-09-22 16:16:21,251: +PUB [/camera/image_raw/compressedDepth/parameter_descriptions] /camera http://ubuntu:46094/
[rosmaster.master][INFO] 2017-09-22 16:16:21,254: +PUB [/camera/image_raw/compressedDepth/parameter_updates] /camera http://ubuntu:46094/
[rosmaster.master][INFO] 2017-09-22 16:16:21,258: +PARAM [/camera/image_raw/compressedDepth/depth_max] by /camera
[rosmaster.master][INFO] 2017-09-22 16:16:21,259: +PARAM [/camera/image_raw/compressedDepth/depth_quantization] by /camera
[rosmaster.master][INFO] 2017-09-22 16:16:21,266: +PARAM [/camera/image_raw/compressedDepth/png_level] by /camera
[rosmaster.master][INFO] 2017-09-22 16:16:21,267: +PARAM [/camera/image_raw/compressedDepth/depth_max] by /camera
[rosmaster.master][INFO] 2017-09-22 16:16:21,268: +PARAM [/camera/image_raw/compressedDepth/depth_quantization] by /camera
[rosmaster.master][INFO] 2017-09-22 16:16:21,268: +PARAM [/camera/image_raw/compressedDepth/png_level] by /camera
[rosmaster.master][INFO] 2017-09-22 16:16:21,295: +PUB [/image/theora] /image_converter http://ubuntu:46766/
[rosmaster.master][INFO] 2017-09-22 16:16:21,296: +SERVICE [/image/theora/set_parameters] /image_converter http://ubuntu:46766/
[rosmaster.master][INFO] 2017-09-22 16:16:21,298: +PUB [/image/theora/parameter_descriptions] /image_converter http://ubuntu:46766/
[rosmaster.master][INFO] 2017-09-22 16:16:21,299: +PUB [/image/theora/parameter_updates] /image_converter http://ubuntu:46766/
[rosmaster.master][INFO] 2017-09-22 16:16:21,302: +PARAM [/image/theora/optimize_for] by /image_converter
[rosmaster.master][INFO] 2017-09-22 16:16:21,306: +PARAM [/image/theora/target_bitrate] by /image_converter
[rosmaster.master][INFO] 2017-09-22 16:16:21,307: +PARAM [/image/theora/quality] by /image_converter
[rosmaster.master][INFO] 2017-09-22 16:16:21,310: +PARAM [/image/theora/keyframe_frequency] by /image_converter
[rosmaster.master][INFO] 2017-09-22 16:16:21,313: +PARAM [/image/theora/optimize_for] by /image_converter
[rosmaster.master][INFO] 2017-09-22 16:16:21,313: +PARAM [/image/theora/target_bitrate] by /image_converter
[rosmaster.master][INFO] 2017-09-22 16:16:21,318: +PARAM [/image/theora/quality] by /image_converter
[rosmaster.master][INFO] 2017-09-22 16:16:21,319: +PARAM [/image/theora/keyframe_frequency] by /image_converter
[rosmaster.master][INFO] 2017-09-22 16:16:21,322: +PUB [/image_marked/theora] /view http://ubuntu:33731/
[rosmaster.master][INFO] 2017-09-22 16:16:21,323: +SERVICE [/image_marked/theora/set_parameters] /view http://ubuntu:33731/
[rosmaster.master][INFO] 2017-09-22 16:16:21,324: +PUB [/image_marked/theora/parameter_descriptions] /view http://ubuntu:33731/
[rosmaster.master][INFO] 2017-09-22 16:16:21,324: +PUB [/image_marked/theora/parameter_updates] /view http://ubuntu:33731/
[rosmaster.master][INFO] 2017-09-22 16:16:21,331: +PARAM [/image_marked/theora/optimize_for] by /view
[rosmaster.master][INFO] 2017-09-22 16:16:21,332: +PARAM [/image_marked/theora/target_bitrate] by /view
[rosmaster.master][INFO] 2017-09-22 16:16:21,333: +PARAM [/image_marked/theora/quality] by /view
[rosmaster.master][INFO] 2017-09-22 16:16:21,333: +PARAM [/image_marked/theora/keyframe_frequency] by /view
[rosmaster.master][INFO] 2017-09-22 16:16:21,336: +PARAM [/image_marked/theora/optimize_for] by /view
[rosmaster.master][INFO] 2017-09-22 16:16:21,337: +PARAM [/image_marked/theora/target_bitrate] by /view
[rosmaster.master][INFO] 2017-09-22 16:16:21,338: +PARAM [/image_marked/theora/quality] by /view
[rosmaster.master][INFO] 2017-09-22 16:16:21,339: +PARAM [/image_marked/theora/keyframe_frequency] by /view
[rosmaster.master][INFO] 2017-09-22 16:16:21,346: +PUB [/camera/image_raw/compressed] /camera http://ubuntu:46094/
[rosmaster.master][INFO] 2017-09-22 16:16:21,347: +SERVICE [/camera/image_raw/compressed/set_parameters] /camera http://ubuntu:46094/
[rosmaster.master][INFO] 2017-09-22 16:16:21,348: +PUB [/camera/image_raw/compressed/parameter_descriptions] /camera http://ubuntu:46094/
[rosmaster.master][INFO] 2017-09-22 16:16:21,350: +PUB [/camera/image_raw/compressed/parameter_updates] /camera http://ubuntu:46094/
[rosmaster.master][INFO] 2017-09-22 16:16:21,355: +PARAM [/camera/image_raw/compressed/format] by /camera
[rosmaster.master][INFO] 2017-09-22 16:16:21,356: +PARAM [/camera/image_raw/compressed/jpeg_quality] by /camera
[rosmaster.master][INFO] 2017-09-22 16:16:21,356: +PARAM [/camera/image_raw/compressed/png_level] by /camera
[rosmaster.master][INFO] 2017-09-22 16:16:21,358: +PARAM [/camera/image_raw/compressed/format] by /camera
[rosmaster.master][INFO] 2017-09-22 16:16:21,359: +PARAM [/camera/image_raw/compressed/jpeg_quality] by /camera
[rosmaster.master][INFO] 2017-09-22 16:16:21,362: +PARAM [/camera/image_raw/compressed/png_level] by /camera
[rosmaster.master][INFO] 2017-09-22 16:16:21,396: +PUB [/image/marked/compressedDepth] /view http://ubuntu:33731/
[rosmaster.master][INFO] 2017-09-22 16:16:21,397: +SERVICE [/image/marked/compressedDepth/set_parameters] /view http://ubuntu:33731/
[rosmaster.master][INFO] 2017-09-22 16:16:21,398: +PUB [/image/marked/compressedDepth/parameter_descriptions] /view http://ubuntu:33731/
[rosmaster.master][INFO] 2017-09-22 16:16:21,399: +PUB [/image/marked/compressedDepth/parameter_updates] /view http://ubuntu:33731/
[rosmaster.master][INFO] 2017-09-22 16:16:21,401: +PARAM [/image/marked/compressedDepth/depth_max] by /view
[rosmaster.master][INFO] 2017-09-22 16:16:21,402: +PARAM [/image/marked/compressedDepth/depth_quantization] by /view
[rosmaster.master][INFO] 2017-09-22 16:16:21,405: +PARAM [/image/marked/compressedDepth/png_level] by /view
[rosmaster.master][INFO] 2017-09-22 16:16:21,406: +PARAM [/image/marked/compressedDepth/depth_max] by /view
[rosmaster.master][INFO] 2017-09-22 16:16:21,407: +PARAM [/image/marked/compressedDepth/depth_quantization] by /view
[rosmaster.master][INFO] 2017-09-22 16:16:21,411: +PARAM [/image/marked/compressedDepth/png_level] by /view
[rosmaster.master][INFO] 2017-09-22 16:16:21,422: +PUB [/camera/image_raw] /camera http://ubuntu:46094/
[rosmaster.master][INFO] 2017-09-22 16:16:21,454: publisherUpdate[/camera/image_raw] -> http://ubuntu:46766/ ['http://ubuntu:46094/']
[rosmaster.master][INFO] 2017-09-22 16:16:21,455: publisherUpdate[/camera/image_raw] -> http://ubuntu:46766/ ['http://ubuntu:46094/']: sec=0.00, result=[1, '', 0]
[rosmaster.master][INFO] 2017-09-22 16:16:21,463: +PUB [/image/marked/compressed] /view http://ubuntu:33731/
[rosmaster.master][INFO] 2017-09-22 16:16:21,463: +SERVICE [/image/marked/compressed/set_parameters] /view http://ubuntu:33731/
[rosmaster.master][INFO] 2017-09-22 16:16:21,464: +PUB [/image/marked/compressed/parameter_descriptions] /view http://ubuntu:33731/
[rosmaster.master][INFO] 2017-09-22 16:16:21,465: +PUB [/image/marked/compressed/parameter_updates] /view http://ubuntu:33731/
[rosmaster.master][INFO] 2017-09-22 16:16:21,470: +PARAM [/image/marked/compressed/format] by /view
[rosmaster.master][INFO] 2017-09-22 16:16:21,471: +PARAM [/image/marked/compressed/jpeg_quality] by /view
[rosmaster.master][INFO] 2017-09-22 16:16:21,471: +PARAM [/image/marked/compressed/png_level] by /view
[rosmaster.master][INFO] 2017-09-22 16:16:21,472: +PARAM [/image/marked/compressed/format] by /view
[rosmaster.master][INFO] 2017-09-22 16:16:21,475: +PARAM [/image/marked/compressed/jpeg_quality] by /view
[rosmaster.master][INFO] 2017-09-22 16:16:21,476: +PARAM [/image/marked/compressed/png_level] by /view
[rosmaster.master][INFO] 2017-09-22 16:16:21,488: +PUB [/camera/image_raw/theora] /camera http://ubuntu:46094/
[rosmaster.master][INFO] 2017-09-22 16:16:21,489: +SERVICE [/camera/image_raw/theora/set_parameters] /camera http://ubuntu:46094/
[rosmaster.master][INFO] 2017-09-22 16:16:21,490: +PUB [/camera/image_raw/theora/parameter_descriptions] /camera http://ubuntu:46094/
[rosmaster.master][INFO] 2017-09-22 16:16:21,491: +PUB [/camera/image_raw/theora/parameter_updates] /camera http://ubuntu:46094/
[rosmaster.master][INFO] 2017-09-22 16:16:21,496: +PARAM [/camera/image_raw/theora/optimize_for] by /camera
[rosmaster.master][INFO] 2017-09-22 16:16:21,499: +PARAM [/camera/image_raw/theora/target_bitrate] by /camera
[rosmaster.master][INFO] 2017-09-22 16:16:21,500: +PARAM [/camera/image_raw/theora/quality] by /camera
[rosmaster.master][INFO] 2017-09-22 16:16:21,500: +PARAM [/camera/image_raw/theora/keyframe_frequency] by /camera
[rosmaster.master][INFO] 2017-09-22 16:16:21,501: +PARAM [/camera/image_raw/theora/optimize_for] by /camera
[rosmaster.master][INFO] 2017-09-22 16:16:21,503: +PARAM [/camera/image_raw/theora/target_bitrate] by /camera
[rosmaster.master][INFO] 2017-09-22 16:16:21,507: +PARAM [/camera/image_raw/theora/quality] by /camera
[rosmaster.master][INFO] 2017-09-22 16:16:21,508: +PARAM [/camera/image_raw/theora/keyframe_frequency] by /camera
[rosmaster.master][INFO] 2017-09-22 16:16:21,508: +PUB [/camera/camera_info] /camera http://ubuntu:46094/
[rosmaster.master][INFO] 2017-09-22 16:16:21,533: +PUB [/image/marked] /view http://ubuntu:33731/
[rosmaster.master][INFO] 2017-09-22 16:16:21,560: +PUB [/image/marked/theora] /view http://ubuntu:33731/
[rosmaster.master][INFO] 2017-09-22 16:16:21,560: +SERVICE [/image/marked/theora/set_parameters] /view http://ubuntu:33731/
[rosmaster.master][INFO] 2017-09-22 16:16:21,561: +PUB [/image/marked/theora/parameter_descriptions] /view http://ubuntu:33731/
[rosmaster.master][INFO] 2017-09-22 16:16:21,562: +PUB [/image/marked/theora/parameter_updates] /view http://ubuntu:33731/
[rosmaster.master][INFO] 2017-09-22 16:16:21,565: +PARAM [/image/marked/theora/optimize_for] by /view
[rosmaster.master][INFO] 2017-09-22 16:16:21,565: +PARAM [/image/marked/theora/target_bitrate] by /view
[rosmaster.master][INFO] 2017-09-22 16:16:21,566: +PARAM [/image/marked/theora/quality] by /view
[rosmaster.master][INFO] 2017-09-22 16:16:21,567: +PARAM [/image/marked/theora/keyframe_frequency] by /view
[rosmaster.master][INFO] 2017-09-22 16:16:21,567: +PARAM [/image/marked/theora/optimize_for] by /view
[rosmaster.master][INFO] 2017-09-22 16:16:21,568: +PARAM [/image/marked/theora/target_bitrate] by /view
[rosmaster.master][INFO] 2017-09-22 16:16:21,569: +PARAM [/image/marked/theora/quality] by /view
[rosmaster.master][INFO] 2017-09-22 16:16:21,569: +PARAM [/image/marked/theora/keyframe_frequency] by /view
[rosmaster.master][INFO] 2017-09-22 16:16:21,599: +SUB [/image] /view http://ubuntu:33731/
[rosmaster.master][INFO] 2017-09-22 16:16:21,603: +SUB [/camera_info] /view http://ubuntu:33731/
[rosmaster.master][INFO] 2017-09-22 16:16:21,606: +SUB [/image_marker] /view http://ubuntu:33731/
[rosmaster.master][INFO] 2017-09-22 16:16:21,609: +SUB [/image/event] /view http://ubuntu:33731/
[rosmaster.master][INFO] 2017-09-22 16:16:21,610: +SERVICE [/view/change_mode] /view http://ubuntu:33731/
[rosmaster.master][INFO] 2017-09-22 16:16:21,611: +SERVICE [/view/rectangle_mode] /view http://ubuntu:33731/
[rosmaster.master][INFO] 2017-09-22 16:16:21,611: +SERVICE [/view/grabcut_mode] /view http://ubuntu:33731/
[rosmaster.master][INFO] 2017-09-22 16:16:21,612: +SERVICE [/view/grabcut_rect_mode] /view http://ubuntu:33731/
[rosmaster.master][INFO] 2017-09-22 16:16:21,613: +SERVICE [/view/line_mode] /view http://ubuntu:33731/
[rosmaster.master][INFO] 2017-09-22 16:16:21,613: +SERVICE [/view/poly_mode] /view http://ubuntu:33731/
[rosmaster.master][INFO] 2017-09-22 16:16:21,614: +SERVICE [/view/none_mode] /view http://ubuntu:33731/
[rosmaster.master][INFO] 2017-09-22 16:16:21,615: +SERVICE [/view/set_parameters] /view http://ubuntu:33731/
[rosmaster.master][INFO] 2017-09-22 16:16:21,616: +PUB [/view/parameter_descriptions] /view http://ubuntu:33731/
[rosmaster.master][INFO] 2017-09-22 16:16:21,617: +PUB [/view/parameter_updates] /view http://ubuntu:33731/
[rosmaster.master][INFO] 2017-09-22 16:16:21,622: +PARAM [/view/grid] by /view
[rosmaster.master][INFO] 2017-09-22 16:16:21,623: +PARAM [/view/fisheye_mode] by /view
[rosmaster.master][INFO] 2017-09-22 16:16:21,624: +PARAM [/view/div_u] by /view
[rosmaster.master][INFO] 2017-09-22 16:16:21,624: +PARAM [/view/div_v] by /view
[rosmaster.master][INFO] 2017-09-22 16:16:21,625: +PARAM [/view/grid_red] by /view
[rosmaster.master][INFO] 2017-09-22 16:16:21,626: +PARAM [/view/grid_green] by /view
[rosmaster.master][INFO] 2017-09-22 16:16:21,626: +PARAM [/view/grid_blue] by /view
[rosmaster.master][INFO] 2017-09-22 16:16:21,627: +PARAM [/view/grid_thickness] by /view
[rosmaster.master][INFO] 2017-09-22 16:16:21,628: +PARAM [/view/grid_space] by /view
[rosmaster.master][INFO] 2017-09-22 16:16:21,628: +PARAM [/view/grid] by /view
[rosmaster.master][INFO] 2017-09-22 16:16:21,629: +PARAM [/view/fisheye_mode] by /view
[rosmaster.master][INFO] 2017-09-22 16:16:21,630: +PARAM [/view/div_u] by /view
[rosmaster.master][INFO] 2017-09-22 16:16:21,630: +PARAM [/view/div_v] by /view
[rosmaster.master][INFO] 2017-09-22 16:16:21,631: +PARAM [/view/grid_red] by /view
[rosmaster.master][INFO] 2017-09-22 16:16:21,632: +PARAM [/view/grid_green] by /view
[rosmaster.master][INFO] 2017-09-22 16:16:21,632: +PARAM [/view/grid_blue] by /view
[rosmaster.master][INFO] 2017-09-22 16:16:21,633: +PARAM [/view/grid_thickness] by /view
[rosmaster.master][INFO] 2017-09-22 16:16:21,634: +PARAM [/view/grid_space] by /view
[rosmaster.master][INFO] 2017-09-22 16:16:24,695: -PUB [/rosout] /view http://ubuntu:33731/
[rosmaster.master][INFO] 2017-09-22 16:16:24,696: -PUB [/image/screenpoint] /view http://ubuntu:33731/
[rosmaster.master][INFO] 2017-09-22 16:16:24,697: -PUB [/image/screenpoint_array] /view http://ubuntu:33731/
[rosmaster.master][INFO] 2017-09-22 16:16:24,698: -PUB [/image/screenrectangle] /view http://ubuntu:33731/
[rosmaster.master][INFO] 2017-09-22 16:16:24,700: -PUB [/image/screenrectangle_image] /view http://ubuntu:33731/
[rosmaster.master][INFO] 2017-09-22 16:16:24,701: -PUB [/rosout] /image_converter http://ubuntu:46766/
[rosmaster.master][INFO] 2017-09-22 16:16:24,702: -PUB [/image/compressedDepth] /image_converter http://ubuntu:46766/
[rosmaster.master][INFO] 2017-09-22 16:16:24,704: -PUB [/image/movepoint] /view http://ubuntu:33731/
[rosmaster.master][INFO] 2017-09-22 16:16:24,707: -PUB [/image/compressedDepth/parameter_descriptions] /image_converter http://ubuntu:46766/
[rosmaster.master][INFO] 2017-09-22 16:16:24,710: -PUB [/image/compressedDepth/parameter_updates] /image_converter http://ubuntu:46766/
[rosmaster.master][INFO] 2017-09-22 16:16:24,712: -PUB [/image/foreground] /view http://ubuntu:33731/
[rosmaster.master][INFO] 2017-09-22 16:16:24,715: -PUB [/image/compressed] /image_converter http://ubuntu:46766/
[rosmaster.master][INFO] 2017-09-22 16:16:24,718: -PUB [/image/background] /view http://ubuntu:33731/
[rosmaster.master][INFO] 2017-09-22 16:16:24,722: -PUB [/image/compressed/parameter_descriptions] /image_converter http://ubuntu:46766/
[rosmaster.master][INFO] 2017-09-22 16:16:24,723: -PUB [/image/foreground_rect] /view http://ubuntu:33731/
[rosmaster.master][INFO] 2017-09-22 16:16:24,731: -PUB [/image/compressed/parameter_updates] /image_converter http://ubuntu:46766/
[rosmaster.master][INFO] 2017-09-22 16:16:24,734: -PUB [/image/background_rect] /view http://ubuntu:33731/
[rosmaster.master][INFO] 2017-09-22 16:16:24,738: -PUB [/image] /image_converter http://ubuntu:46766/
[rosmaster.master][INFO] 2017-09-22 16:16:24,742: -PUB [/image/line] /view http://ubuntu:33731/
[rosmaster.master][INFO] 2017-09-22 16:16:24,743: -PUB [/image/theora] /image_converter http://ubuntu:46766/
[rosmaster.master][INFO] 2017-09-22 16:16:24,750: -PUB [/image/theora/parameter_descriptions] /image_converter http://ubuntu:46766/
[rosmaster.master][INFO] 2017-09-22 16:16:24,754: -PUB [/image/theora/parameter_updates] /image_converter http://ubuntu:46766/
[rosmaster.master][INFO] 2017-09-22 16:16:24,760: -PUB [/image/poly] /view http://ubuntu:33731/
[rosmaster.master][INFO] 2017-09-22 16:16:24,762: -SUB [/camera/image_raw] /image_converter http://ubuntu:46766/
[rosmaster.master][INFO] 2017-09-22 16:16:24,764: -PUB [/image_marked/compressedDepth] /view http://ubuntu:33731/
[rosmaster.master][INFO] 2017-09-22 16:16:24,766: -SERVICE [/image_converter/get_loggers] /image_converter rosrpc://ubuntu:50206
[rosmaster.master][INFO] 2017-09-22 16:16:24,768: -PUB [/image_marked/compressedDepth/parameter_descriptions] /view http://ubuntu:33731/
[rosmaster.master][INFO] 2017-09-22 16:16:24,773: publisherUpdate[/rosout] -> http://ubuntu:44449/ ['http://ubuntu:46766/', 'http://ubuntu:46094/']
[rosmaster.master][INFO] 2017-09-22 16:16:24,774: publisherUpdate[/rosout] -> http://ubuntu:44449/ ['http://ubuntu:46766/', 'http://ubuntu:46094/']: sec=0.00, result=[1, '', 0]
[rosmaster.master][INFO] 2017-09-22 16:16:24,774: publisherUpdate[/rosout] -> http://ubuntu:44449/ ['http://ubuntu:46094/']
[rosmaster.master][INFO] 2017-09-22 16:16:24,777: publisherUpdate[/image] -> http://ubuntu:33731/ []
[rosmaster.master][INFO] 2017-09-22 16:16:24,778: publisherUpdate[/rosout] -> http://ubuntu:44449/ ['http://ubuntu:46094/']: sec=0.00, result=[1, '', 0]
[rosmaster.master][INFO] 2017-09-22 16:16:24,779: -SERVICE [/image_converter/set_logger_level] /image_converter rosrpc://ubuntu:50206
[rosmaster.master][INFO] 2017-09-22 16:16:24,779: -PUB [/image_marked/compressedDepth/parameter_updates] /view http://ubuntu:33731/
[rosmaster.master][INFO] 2017-09-22 16:16:24,786: publisherUpdate[/image] -> http://ubuntu:33731/ []: sec=0.01, exception=<Fault -1: 'publisherUpdate: unknown method name'>
[rosmaster.threadpool][ERROR] 2017-09-22 16:16:24,791: Traceback (most recent call last):
  File "/opt/ros/kinetic/lib/python2.7/dist-packages/rosmaster/threadpool.py", line 218, in run
    result = cmd(*args)
  File "/opt/ros/kinetic/lib/python2.7/dist-packages/rosmaster/master_api.py", line 210, in publisher_update_task
    ret = xmlrpcapi(api).publisherUpdate('/master', topic, pub_uris)
  File "/usr/lib/python2.7/xmlrpclib.py", line 1243, in __call__
    return self.__send(self.__name, args)
  File "/usr/lib/python2.7/xmlrpclib.py", line 1602, in __request
    verbose=self.__verbose
  File "/usr/lib/python2.7/xmlrpclib.py", line 1283, in request
    return self.single_request(host, handler, request_body, verbose)
  File "/usr/lib/python2.7/xmlrpclib.py", line 1316, in single_request
    return self.parse_response(response)
  File "/usr/lib/python2.7/xmlrpclib.py", line 1493, in parse_response
    return u.close()
  File "/usr/lib/python2.7/xmlrpclib.py", line 800, in close
    raise Fault(**self._stack[0])
Fault: <Fault -1: 'publisherUpdate: unknown method name'>

[rosmaster.master][INFO] 2017-09-22 16:16:24,791: -PUB [/image_marked/compressed] /view http://ubuntu:33731/
[rosmaster.master][INFO] 2017-09-22 16:16:24,792: -SERVICE [/image/compressedDepth/set_parameters] /image_converter rosrpc://ubuntu:50206
[rosmaster.master][INFO] 2017-09-22 16:16:24,802: -PUB [/image_marked/compressed/parameter_descriptions] /view http://ubuntu:33731/
[rosmaster.master][INFO] 2017-09-22 16:16:24,802: -SERVICE [/image/compressed/set_parameters] /image_converter rosrpc://ubuntu:50206
[rosmaster.master][INFO] 2017-09-22 16:16:24,803: -PUB [/rosout] /camera http://ubuntu:46094/
[rosmaster.master][INFO] 2017-09-22 16:16:24,807: -SERVICE [/image/theora/set_parameters] /image_converter rosrpc://ubuntu:50206
[rosmaster.master][INFO] 2017-09-22 16:16:24,809: -PUB [/camera/image_raw/compressedDepth] /camera http://ubuntu:46094/
[rosmaster.master][INFO] 2017-09-22 16:16:24,810: -PUB [/image_marked/compressed/parameter_updates] /view http://ubuntu:33731/
[rosmaster.master][INFO] 2017-09-22 16:16:24,811: -PUB [/camera/image_raw/compressedDepth/parameter_descriptions] /camera http://ubuntu:46094/
[rosmaster.master][INFO] 2017-09-22 16:16:24,823: -PUB [/image_marked] /view http://ubuntu:33731/
[rosmaster.master][INFO] 2017-09-22 16:16:24,823: -PUB [/camera/image_raw/compressedDepth/parameter_updates] /camera http://ubuntu:46094/
[rosmaster.master][INFO] 2017-09-22 16:16:24,824: -PUB [/camera/image_raw/compressed] /camera http://ubuntu:46094/
[rosmaster.master][INFO] 2017-09-22 16:16:24,828: -PUB [/camera/image_raw/compressed/parameter_descriptions] /camera http://ubuntu:46094/
[rosmaster.master][INFO] 2017-09-22 16:16:24,828: -PUB [/image_marked/theora] /view http://ubuntu:33731/
[rosmaster.master][INFO] 2017-09-22 16:16:24,829: -PUB [/camera/image_raw/compressed/parameter_updates] /camera http://ubuntu:46094/
[rosmaster.master][INFO] 2017-09-22 16:16:24,832: -PUB [/image_marked/theora/parameter_descriptions] /view http://ubuntu:33731/
[rosmaster.master][INFO] 2017-09-22 16:16:24,832: -PUB [/camera/image_raw] /camera http://ubuntu:46094/
[rosmaster.master][INFO] 2017-09-22 16:16:24,837: -PUB [/image_marked/theora/parameter_updates] /view http://ubuntu:33731/
[rosmaster.master][INFO] 2017-09-22 16:16:24,837: -PUB [/camera/image_raw/theora] /camera http://ubuntu:46094/
[rosmaster.master][INFO] 2017-09-22 16:16:24,843: -PUB [/image/marked/compressedDepth] /view http://ubuntu:33731/
[rosmaster.master][INFO] 2017-09-22 16:16:24,844: -PUB [/camera/image_raw/theora/parameter_descriptions] /camera http://ubuntu:46094/
[rosmaster.master][INFO] 2017-09-22 16:16:24,849: -PUB [/image/marked/compressedDepth/parameter_descriptions] /view http://ubuntu:33731/
[rosmaster.master][INFO] 2017-09-22 16:16:24,851: -PUB [/camera/image_raw/theora/parameter_updates] /camera http://ubuntu:46094/
[rosmaster.master][INFO] 2017-09-22 16:16:24,855: -PUB [/image/marked/compressedDepth/parameter_updates] /view http://ubuntu:33731/
[rosmaster.master][INFO] 2017-09-22 16:16:24,856: -PUB [/camera/camera_info] /camera http://ubuntu:46094/
[rosmaster.master][INFO] 2017-09-22 16:16:24,862: -PUB [/image/marked/compressed] /view http://ubuntu:33731/
[rosmaster.master][INFO] 2017-09-22 16:16:24,870: -SERVICE [/camera/get_loggers] /camera rosrpc://ubuntu:34118
[rosmaster.master][INFO] 2017-09-22 16:16:24,871: -PUB [/image/marked/compressed/parameter_descriptions] /view http://ubuntu:33731/
[rosmaster.master][INFO] 2017-09-22 16:16:24,871: -SERVICE [/camera/set_logger_level] /camera rosrpc://ubuntu:34118
[rosmaster.master][INFO] 2017-09-22 16:16:24,872: -SERVICE [/camera/set_camera_info] /camera rosrpc://ubuntu:34118
[rosmaster.master][INFO] 2017-09-22 16:16:24,881: publisherUpdate[/rosout] -> http://ubuntu:44449/ []
[rosmaster.master][INFO] 2017-09-22 16:16:24,884: publisherUpdate[/rosout] -> http://ubuntu:44449/ []: sec=0.00, result=[1, '', 0]
[rosmaster.master][INFO] 2017-09-22 16:16:24,885: -PUB [/image/marked/compressed/parameter_updates] /view http://ubuntu:33731/
[rosmaster.master][INFO] 2017-09-22 16:16:24,885: -SERVICE [/camera/image_raw/compressedDepth/set_parameters] /camera rosrpc://ubuntu:34118
[rosmaster.master][INFO] 2017-09-22 16:16:24,891: -SERVICE [/camera/image_raw/compressed/set_parameters] /camera rosrpc://ubuntu:34118
[rosmaster.master][INFO] 2017-09-22 16:16:24,894: -PUB [/image/marked] /view http://ubuntu:33731/
[rosmaster.master][INFO] 2017-09-22 16:16:24,895: -SERVICE [/camera/image_raw/theora/set_parameters] /camera rosrpc://ubuntu:34118
[rosmaster.master][INFO] 2017-09-22 16:16:24,898: -PUB [/image/marked/theora] /view http://ubuntu:33731/
[rosmaster.master][INFO] 2017-09-22 16:16:24,901: -PUB [/image/marked/theora/parameter_descriptions] /view http://ubuntu:33731/
[rosmaster.master][INFO] 2017-09-22 16:16:24,906: -PUB [/image/marked/theora/parameter_updates] /view http://ubuntu:33731/
[rosmaster.master][INFO] 2017-09-22 16:16:24,908: -PUB [/view/parameter_descriptions] /view http://ubuntu:33731/
[rosmaster.master][INFO] 2017-09-22 16:16:24,910: -PUB [/view/parameter_updates] /view http://ubuntu:33731/
[rosmaster.master][INFO] 2017-09-22 16:16:24,913: -SUB [/tf] /view http://ubuntu:33731/
[rosmaster.master][INFO] 2017-09-22 16:16:24,916: -SUB [/tf_static] /view http://ubuntu:33731/
[rosmaster.master][INFO] 2017-09-22 16:16:24,918: -SUB [/image] /view http://ubuntu:33731/
[rosmaster.master][INFO] 2017-09-22 16:16:24,926: -SUB [/camera_info] /view http://ubuntu:33731/
[rosmaster.master][INFO] 2017-09-22 16:16:24,927: -SUB [/image_marker] /view http://ubuntu:33731/
[rosmaster.master][INFO] 2017-09-22 16:16:24,928: -SUB [/image/event] /view http://ubuntu:33731/
[rosmaster.master][INFO] 2017-09-22 16:16:24,930: -SERVICE [/view/get_loggers] /view rosrpc://ubuntu:44006
[rosmaster.master][INFO] 2017-09-22 16:16:24,938: -SERVICE [/view/set_logger_level] /view rosrpc://ubuntu:44006
[rosmaster.master][INFO] 2017-09-22 16:16:24,939: -SERVICE [/image_marked/compressedDepth/set_parameters] /view rosrpc://ubuntu:44006
[rosmaster.master][INFO] 2017-09-22 16:16:24,941: -SERVICE [/image_marked/compressed/set_parameters] /view rosrpc://ubuntu:44006
[rosmaster.master][INFO] 2017-09-22 16:16:24,942: -SERVICE [/image_marked/theora/set_parameters] /view rosrpc://ubuntu:44006
[rosmaster.master][INFO] 2017-09-22 16:16:24,943: -SERVICE [/image/marked/compressedDepth/set_parameters] /view rosrpc://ubuntu:44006
[rosmaster.master][INFO] 2017-09-22 16:16:24,948: -SERVICE [/image/marked/compressed/set_parameters] /view rosrpc://ubuntu:44006
[rosmaster.master][INFO] 2017-09-22 16:16:24,950: -SERVICE [/image/marked/theora/set_parameters] /view rosrpc://ubuntu:44006
[rosmaster.master][INFO] 2017-09-22 16:16:24,951: -SERVICE [/view/change_mode] /view rosrpc://ubuntu:44006
[rosmaster.master][INFO] 2017-09-22 16:16:24,952: -SERVICE [/view/rectangle_mode] /view rosrpc://ubuntu:44006
[rosmaster.master][INFO] 2017-09-22 16:16:24,954: -SERVICE [/view/grabcut_mode] /view rosrpc://ubuntu:44006
[rosmaster.master][INFO] 2017-09-22 16:16:24,956: -SERVICE [/view/grabcut_rect_mode] /view rosrpc://ubuntu:44006
[rosmaster.master][INFO] 2017-09-22 16:16:24,963: -SERVICE [/view/line_mode] /view rosrpc://ubuntu:44006
[rosmaster.master][INFO] 2017-09-22 16:16:24,965: -SERVICE [/view/poly_mode] /view rosrpc://ubuntu:44006
[rosmaster.master][INFO] 2017-09-22 16:16:24,967: -SERVICE [/view/none_mode] /view rosrpc://ubuntu:44006
[rosmaster.master][INFO] 2017-09-22 16:16:24,970: -SERVICE [/view/set_parameters] /view rosrpc://ubuntu:44006
[rosmaster.master][INFO] 2017-09-22 16:16:25,285: -PUB [/rosout_agg] /rosout http://ubuntu:44449/
[rosmaster.master][INFO] 2017-09-22 16:16:25,286: -SUB [/rosout] /rosout http://ubuntu:44449/
[rosmaster.master][INFO] 2017-09-22 16:16:25,286: -SERVICE [/rosout/get_loggers] /rosout rosrpc://ubuntu:36873
[rosmaster.master][INFO] 2017-09-22 16:16:25,287: -SERVICE [/rosout/set_logger_level] /rosout rosrpc://ubuntu:36873
[rosmaster.main][INFO] 2017-09-22 16:16:25,380: keyboard interrupt, will exit
[rosmaster.main][INFO] 2017-09-22 16:16:25,381: stopping master...
[rospy.core][INFO] 2017-09-22 16:16:25,381: signal_shutdown [atexit]
