[rosmaster.main][INFO] 2017-09-23 15:07:17,296: initialization complete, waiting for shutdown
[rosmaster.main][INFO] 2017-09-23 15:07:17,296: Starting ROS Master Node
[xmlrpc][INFO] 2017-09-23 15:07:17,297: XML-RPC server binding to 0.0.0.0:11311
[xmlrpc][INFO] 2017-09-23 15:07:17,297: Started XML-RPC server [http://ubuntu:11311/]
[rosmaster.master][INFO] 2017-09-23 15:07:17,297: Master initialized: port[11311], uri[http://ubuntu:11311/]
[xmlrpc][INFO] 2017-09-23 15:07:17,298: xml rpc node: starting XML-RPC server
[rosmaster.master][INFO] 2017-09-23 15:07:17,336: +PARAM [/run_id] by /roslaunch
[rosmaster.master][INFO] 2017-09-23 15:07:17,337: +PARAM [/roslaunch/uris/host_ubuntu__39770] by /roslaunch
[rosmaster.master][INFO] 2017-09-23 15:07:17,420: +PARAM [/rosversion] by /roslaunch
[rosmaster.master][INFO] 2017-09-23 15:07:17,420: +PARAM [/rosdistro] by /roslaunch
[rosmaster.master][INFO] 2017-09-23 15:07:17,420: +PARAM [/camera/device_id] by /roslaunch
[rosmaster.master][INFO] 2017-09-23 15:07:17,463: +SERVICE [/rosout/get_loggers] /rosout http://ubuntu:34244/
[rosmaster.master][INFO] 2017-09-23 15:07:17,464: +SERVICE [/rosout/set_logger_level] /rosout http://ubuntu:34244/
[rosmaster.master][INFO] 2017-09-23 15:07:17,467: +PUB [/rosout_agg] /rosout http://ubuntu:34244/
[rosmaster.master][INFO] 2017-09-23 15:07:17,494: +SUB [/rosout] /rosout http://ubuntu:34244/
[rosmaster.master][INFO] 2017-09-23 15:07:17,564: +PUB [/rosout] /image_converter http://ubuntu:46388/
[rosmaster.master][INFO] 2017-09-23 15:07:17,566: +SERVICE [/image_converter/get_loggers] /image_converter http://ubuntu:46388/
[rosmaster.master][INFO] 2017-09-23 15:07:17,567: +SERVICE [/image_converter/set_logger_level] /image_converter http://ubuntu:46388/
[rosmaster.master][INFO] 2017-09-23 15:07:17,599: publisherUpdate[/rosout] -> http://ubuntu:34244/ ['http://ubuntu:46388/']
[rosmaster.master][INFO] 2017-09-23 15:07:17,601: publisherUpdate[/rosout] -> http://ubuntu:34244/ ['http://ubuntu:46388/']: sec=0.00, result=[1, '', 0]
[rosmaster.master][INFO] 2017-09-23 15:07:17,615: +PUB [/rosout] /camera http://ubuntu:35037/
[rosmaster.master][INFO] 2017-09-23 15:07:17,616: +SERVICE [/camera/get_loggers] /camera http://ubuntu:35037/
[rosmaster.master][INFO] 2017-09-23 15:07:17,616: +SERVICE [/camera/set_logger_level] /camera http://ubuntu:35037/
[rosmaster.master][INFO] 2017-09-23 15:07:17,647: +PUB [/rosout] /view http://ubuntu:36867/
[rosmaster.master][INFO] 2017-09-23 15:07:17,648: +SERVICE [/view/get_loggers] /view http://ubuntu:36867/
[rosmaster.master][INFO] 2017-09-23 15:07:17,649: +SERVICE [/view/set_logger_level] /view http://ubuntu:36867/
[rosmaster.master][INFO] 2017-09-23 15:07:17,659: +SUB [/tf] /view http://ubuntu:36867/
[rosmaster.master][INFO] 2017-09-23 15:07:17,669: +SUB [/tf_static] /view http://ubuntu:36867/
[rosmaster.master][INFO] 2017-09-23 15:07:17,700: +SERVICE [/camera/set_camera_info] /camera http://ubuntu:35037/
[rosmaster.master][INFO] 2017-09-23 15:07:17,701: publisherUpdate[/rosout] -> http://ubuntu:34244/ ['http://ubuntu:46388/', 'http://ubuntu:35037/']
[rosmaster.master][INFO] 2017-09-23 15:07:17,701: publisherUpdate[/rosout] -> http://ubuntu:34244/ ['http://ubuntu:46388/', 'http://ubuntu:35037/']: sec=0.00, result=[1, '', 0]
[rosmaster.master][INFO] 2017-09-23 15:07:17,701: publisherUpdate[/rosout] -> http://ubuntu:34244/ ['http://ubuntu:46388/', 'http://ubuntu:35037/', 'http://ubuntu:36867/']
[rosmaster.master][INFO] 2017-09-23 15:07:17,702: publisherUpdate[/rosout] -> http://ubuntu:34244/ ['http://ubuntu:46388/', 'http://ubuntu:35037/', 'http://ubuntu:36867/']: sec=0.00, result=[1, '', 0]
[rosmaster.master][INFO] 2017-09-23 15:07:17,720: +SUB [/camera/image_raw] /image_converter http://ubuntu:46388/
[rosmaster.master][INFO] 2017-09-23 15:07:17,724: +PUB [/image/screenpoint] /view http://ubuntu:36867/
[rosmaster.master][INFO] 2017-09-23 15:07:17,725: +PUB [/image/screenpoint_array] /view http://ubuntu:36867/
[rosmaster.master][INFO] 2017-09-23 15:07:17,726: +PUB [/image/screenrectangle] /view http://ubuntu:36867/
[rosmaster.master][INFO] 2017-09-23 15:07:17,728: +PUB [/image/screenrectangle_image] /view http://ubuntu:36867/
[rosmaster.master][INFO] 2017-09-23 15:07:17,729: +PUB [/image/movepoint] /view http://ubuntu:36867/
[rosmaster.master][INFO] 2017-09-23 15:07:17,729: +PUB [/image/foreground] /view http://ubuntu:36867/
[rosmaster.master][INFO] 2017-09-23 15:07:17,732: +PUB [/image/background] /view http://ubuntu:36867/
[rosmaster.master][INFO] 2017-09-23 15:07:17,733: +PUB [/image/foreground_rect] /view http://ubuntu:36867/
[rosmaster.master][INFO] 2017-09-23 15:07:17,734: +PUB [/image/background_rect] /view http://ubuntu:36867/
[rosmaster.master][INFO] 2017-09-23 15:07:17,735: +PUB [/image/line] /view http://ubuntu:36867/
[rosmaster.master][INFO] 2017-09-23 15:07:17,740: +PUB [/image/poly] /view http://ubuntu:36867/
[rosmaster.master][INFO] 2017-09-23 15:07:17,787: +PUB [/image/compressedDepth] /image_converter http://ubuntu:46388/
[rosmaster.master][INFO] 2017-09-23 15:07:17,787: +SERVICE [/image/compressedDepth/set_parameters] /image_converter http://ubuntu:46388/
[rosmaster.master][INFO] 2017-09-23 15:07:17,788: +PUB [/image/compressedDepth/parameter_descriptions] /image_converter http://ubuntu:46388/
[rosmaster.master][INFO] 2017-09-23 15:07:17,789: +PUB [/image/compressedDepth/parameter_updates] /image_converter http://ubuntu:46388/
[rosmaster.master][INFO] 2017-09-23 15:07:17,794: +PARAM [/image/compressedDepth/depth_max] by /image_converter
[rosmaster.master][INFO] 2017-09-23 15:07:17,797: +PARAM [/image/compressedDepth/depth_quantization] by /image_converter
[rosmaster.master][INFO] 2017-09-23 15:07:17,797: +PARAM [/image/compressedDepth/png_level] by /image_converter
[rosmaster.master][INFO] 2017-09-23 15:07:17,798: +PARAM [/image/compressedDepth/depth_max] by /image_converter
[rosmaster.master][INFO] 2017-09-23 15:07:17,800: +PARAM [/image/compressedDepth/depth_quantization] by /image_converter
[rosmaster.master][INFO] 2017-09-23 15:07:17,801: +PARAM [/image/compressedDepth/png_level] by /image_converter
[rosmaster.master][INFO] 2017-09-23 15:07:17,814: +PUB [/image_marked/compressedDepth] /view http://ubuntu:36867/
[rosmaster.master][INFO] 2017-09-23 15:07:17,815: +SERVICE [/image_marked/compressedDepth/set_parameters] /view http://ubuntu:36867/
[rosmaster.master][INFO] 2017-09-23 15:07:17,815: +PUB [/image_marked/compressedDepth/parameter_descriptions] /view http://ubuntu:36867/
[rosmaster.master][INFO] 2017-09-23 15:07:17,816: +PUB [/image_marked/compressedDepth/parameter_updates] /view http://ubuntu:36867/
[rosmaster.master][INFO] 2017-09-23 15:07:17,818: +PARAM [/image_marked/compressedDepth/depth_max] by /view
[rosmaster.master][INFO] 2017-09-23 15:07:17,820: +PARAM [/image_marked/compressedDepth/depth_quantization] by /view
[rosmaster.master][INFO] 2017-09-23 15:07:17,825: +PARAM [/image_marked/compressedDepth/png_level] by /view
[rosmaster.master][INFO] 2017-09-23 15:07:17,825: +PARAM [/image_marked/compressedDepth/depth_max] by /view
[rosmaster.master][INFO] 2017-09-23 15:07:17,826: +PARAM [/image_marked/compressedDepth/depth_quantization] by /view
[rosmaster.master][INFO] 2017-09-23 15:07:17,827: +PARAM [/image_marked/compressedDepth/png_level] by /view
[rosmaster.master][INFO] 2017-09-23 15:07:17,876: +PUB [/image/compressed] /image_converter http://ubuntu:46388/
[rosmaster.master][INFO] 2017-09-23 15:07:17,877: +SERVICE [/image/compressed/set_parameters] /image_converter http://ubuntu:46388/
[rosmaster.master][INFO] 2017-09-23 15:07:17,877: +PUB [/image/compressed/parameter_descriptions] /image_converter http://ubuntu:46388/
[rosmaster.master][INFO] 2017-09-23 15:07:17,878: +PUB [/image/compressed/parameter_updates] /image_converter http://ubuntu:46388/
[rosmaster.master][INFO] 2017-09-23 15:07:17,884: +PARAM [/image/compressed/format] by /image_converter
[rosmaster.master][INFO] 2017-09-23 15:07:17,885: +PARAM [/image/compressed/jpeg_quality] by /image_converter
[rosmaster.master][INFO] 2017-09-23 15:07:17,886: +PARAM [/image/compressed/png_level] by /image_converter
[rosmaster.master][INFO] 2017-09-23 15:07:17,887: +PARAM [/image/compressed/format] by /image_converter
[rosmaster.master][INFO] 2017-09-23 15:07:17,889: +PARAM [/image/compressed/jpeg_quality] by /image_converter
[rosmaster.master][INFO] 2017-09-23 15:07:17,890: +PUB [/image_marked/compressed] /view http://ubuntu:36867/
[rosmaster.master][INFO] 2017-09-23 15:07:17,891: +PARAM [/image/compressed/png_level] by /image_converter
[rosmaster.master][INFO] 2017-09-23 15:07:17,897: +SERVICE [/image_marked/compressed/set_parameters] /view http://ubuntu:36867/
[rosmaster.master][INFO] 2017-09-23 15:07:17,898: +PUB [/image_marked/compressed/parameter_descriptions] /view http://ubuntu:36867/
[rosmaster.master][INFO] 2017-09-23 15:07:17,899: +PUB [/image_marked/compressed/parameter_updates] /view http://ubuntu:36867/
[rosmaster.master][INFO] 2017-09-23 15:07:17,905: +PARAM [/image_marked/compressed/format] by /view
[rosmaster.master][INFO] 2017-09-23 15:07:17,906: +PARAM [/image_marked/compressed/jpeg_quality] by /view
[rosmaster.master][INFO] 2017-09-23 15:07:17,912: +PARAM [/image_marked/compressed/png_level] by /view
[rosmaster.master][INFO] 2017-09-23 15:07:17,916: +PARAM [/image_marked/compressed/format] by /view
[rosmaster.master][INFO] 2017-09-23 15:07:17,921: +PARAM [/image_marked/compressed/jpeg_quality] by /view
[rosmaster.master][INFO] 2017-09-23 15:07:17,925: +PARAM [/image_marked/compressed/png_level] by /view
[rosmaster.master][INFO] 2017-09-23 15:07:17,974: +PUB [/image] /image_converter http://ubuntu:46388/
[rosmaster.master][INFO] 2017-09-23 15:07:17,999: +PUB [/camera/image_raw/compressedDepth] /camera http://ubuntu:35037/
[rosmaster.master][INFO] 2017-09-23 15:07:18,000: +SERVICE [/camera/image_raw/compressedDepth/set_parameters] /camera http://ubuntu:35037/
[rosmaster.master][INFO] 2017-09-23 15:07:18,001: +PUB [/camera/image_raw/compressedDepth/parameter_descriptions] /camera http://ubuntu:35037/
[rosmaster.master][INFO] 2017-09-23 15:07:18,002: +PUB [/camera/image_raw/compressedDepth/parameter_updates] /camera http://ubuntu:35037/
[rosmaster.master][INFO] 2017-09-23 15:07:18,004: +PARAM [/camera/image_raw/compressedDepth/depth_max] by /camera
[rosmaster.master][INFO] 2017-09-23 15:07:18,005: +PUB [/image_marked] /view http://ubuntu:36867/
[rosmaster.master][INFO] 2017-09-23 15:07:18,005: +PARAM [/camera/image_raw/compressedDepth/depth_quantization] by /camera
[rosmaster.master][INFO] 2017-09-23 15:07:18,012: +PARAM [/camera/image_raw/compressedDepth/png_level] by /camera
[rosmaster.master][INFO] 2017-09-23 15:07:18,013: +PARAM [/camera/image_raw/compressedDepth/depth_max] by /camera
[rosmaster.master][INFO] 2017-09-23 15:07:18,014: +PARAM [/camera/image_raw/compressedDepth/depth_quantization] by /camera
[rosmaster.master][INFO] 2017-09-23 15:07:18,016: +PARAM [/camera/image_raw/compressedDepth/png_level] by /camera
[rosmaster.master][INFO] 2017-09-23 15:07:18,066: +PUB [/image/theora] /image_converter http://ubuntu:46388/
[rosmaster.master][INFO] 2017-09-23 15:07:18,067: +SERVICE [/image/theora/set_parameters] /image_converter http://ubuntu:46388/
[rosmaster.master][INFO] 2017-09-23 15:07:18,068: +PUB [/image/theora/parameter_descriptions] /image_converter http://ubuntu:46388/
[rosmaster.master][INFO] 2017-09-23 15:07:18,069: +PUB [/image/theora/parameter_updates] /image_converter http://ubuntu:46388/
[rosmaster.master][INFO] 2017-09-23 15:07:18,077: +PARAM [/image/theora/optimize_for] by /image_converter
[rosmaster.master][INFO] 2017-09-23 15:07:18,080: +PARAM [/image/theora/target_bitrate] by /image_converter
[rosmaster.master][INFO] 2017-09-23 15:07:18,084: +PARAM [/image/theora/quality] by /image_converter
[rosmaster.master][INFO] 2017-09-23 15:07:18,085: +PARAM [/image/theora/keyframe_frequency] by /image_converter
[rosmaster.master][INFO] 2017-09-23 15:07:18,086: +PARAM [/image/theora/optimize_for] by /image_converter
[rosmaster.master][INFO] 2017-09-23 15:07:18,088: +PARAM [/image/theora/target_bitrate] by /image_converter
[rosmaster.master][INFO] 2017-09-23 15:07:18,091: +PARAM [/image/theora/quality] by /image_converter
[rosmaster.master][INFO] 2017-09-23 15:07:18,095: +PARAM [/image/theora/keyframe_frequency] by /image_converter
[rosmaster.master][INFO] 2017-09-23 15:07:18,098: +PUB [/image_marked/theora] /view http://ubuntu:36867/
[rosmaster.master][INFO] 2017-09-23 15:07:18,099: +SERVICE [/image_marked/theora/set_parameters] /view http://ubuntu:36867/
[rosmaster.master][INFO] 2017-09-23 15:07:18,100: +PUB [/camera/image_raw/compressed] /camera http://ubuntu:35037/
[rosmaster.master][INFO] 2017-09-23 15:07:18,100: +PUB [/image_marked/theora/parameter_descriptions] /view http://ubuntu:36867/
[rosmaster.master][INFO] 2017-09-23 15:07:18,101: +SERVICE [/camera/image_raw/compressed/set_parameters] /camera http://ubuntu:35037/
[rosmaster.master][INFO] 2017-09-23 15:07:18,102: +PUB [/image_marked/theora/parameter_updates] /view http://ubuntu:36867/
[rosmaster.master][INFO] 2017-09-23 15:07:18,103: +PUB [/camera/image_raw/compressed/parameter_descriptions] /camera http://ubuntu:35037/
[rosmaster.master][INFO] 2017-09-23 15:07:18,104: +PUB [/camera/image_raw/compressed/parameter_updates] /camera http://ubuntu:35037/
[rosmaster.master][INFO] 2017-09-23 15:07:18,108: +PARAM [/image_marked/theora/optimize_for] by /view
[rosmaster.master][INFO] 2017-09-23 15:07:18,109: +PARAM [/camera/image_raw/compressed/format] by /camera
[rosmaster.master][INFO] 2017-09-23 15:07:18,110: +PARAM [/image_marked/theora/target_bitrate] by /view
[rosmaster.master][INFO] 2017-09-23 15:07:18,110: +PARAM [/camera/image_raw/compressed/jpeg_quality] by /camera
[rosmaster.master][INFO] 2017-09-23 15:07:18,111: +PARAM [/image_marked/theora/quality] by /view
[rosmaster.master][INFO] 2017-09-23 15:07:18,111: +PARAM [/camera/image_raw/compressed/png_level] by /camera
[rosmaster.master][INFO] 2017-09-23 15:07:18,112: +PARAM [/image_marked/theora/keyframe_frequency] by /view
[rosmaster.master][INFO] 2017-09-23 15:07:18,113: +PARAM [/camera/image_raw/compressed/format] by /camera
[rosmaster.master][INFO] 2017-09-23 15:07:18,114: +PARAM [/image_marked/theora/optimize_for] by /view
[rosmaster.master][INFO] 2017-09-23 15:07:18,115: +PARAM [/camera/image_raw/compressed/jpeg_quality] by /camera
[rosmaster.master][INFO] 2017-09-23 15:07:18,115: +PARAM [/image_marked/theora/target_bitrate] by /view
[rosmaster.master][INFO] 2017-09-23 15:07:18,116: +PARAM [/camera/image_raw/compressed/png_level] by /camera
[rosmaster.master][INFO] 2017-09-23 15:07:18,120: +PARAM [/image_marked/theora/quality] by /view
[rosmaster.master][INFO] 2017-09-23 15:07:18,124: +PARAM [/image_marked/theora/keyframe_frequency] by /view
[rosmaster.master][INFO] 2017-09-23 15:07:18,172: +PUB [/camera/image_raw] /camera http://ubuntu:35037/
[rosmaster.master][INFO] 2017-09-23 15:07:18,174: +PUB [/image/marked/compressedDepth] /view http://ubuntu:36867/
[rosmaster.master][INFO] 2017-09-23 15:07:18,175: +SERVICE [/image/marked/compressedDepth/set_parameters] /view http://ubuntu:36867/
[rosmaster.master][INFO] 2017-09-23 15:07:18,176: +PUB [/image/marked/compressedDepth/parameter_descriptions] /view http://ubuntu:36867/
[rosmaster.master][INFO] 2017-09-23 15:07:18,176: +PUB [/image/marked/compressedDepth/parameter_updates] /view http://ubuntu:36867/
[rosmaster.master][INFO] 2017-09-23 15:07:18,179: +PARAM [/image/marked/compressedDepth/depth_max] by /view
[rosmaster.master][INFO] 2017-09-23 15:07:18,180: +PARAM [/image/marked/compressedDepth/depth_quantization] by /view
[rosmaster.master][INFO] 2017-09-23 15:07:18,184: +PARAM [/image/marked/compressedDepth/png_level] by /view
[rosmaster.master][INFO] 2017-09-23 15:07:18,185: +PARAM [/image/marked/compressedDepth/depth_max] by /view
[rosmaster.master][INFO] 2017-09-23 15:07:18,186: +PARAM [/image/marked/compressedDepth/depth_quantization] by /view
[rosmaster.master][INFO] 2017-09-23 15:07:18,187: +PARAM [/image/marked/compressedDepth/png_level] by /view
[rosmaster.master][INFO] 2017-09-23 15:07:18,212: publisherUpdate[/camera/image_raw] -> http://ubuntu:46388/ ['http://ubuntu:35037/']
[rosmaster.master][INFO] 2017-09-23 15:07:18,213: publisherUpdate[/camera/image_raw] -> http://ubuntu:46388/ ['http://ubuntu:35037/']: sec=0.00, result=[1, '', 0]
[rosmaster.master][INFO] 2017-09-23 15:07:18,240: +PUB [/camera/image_raw/theora] /camera http://ubuntu:35037/
[rosmaster.master][INFO] 2017-09-23 15:07:18,242: +SERVICE [/camera/image_raw/theora/set_parameters] /camera http://ubuntu:35037/
[rosmaster.master][INFO] 2017-09-23 15:07:18,243: +PUB [/image/marked/compressed] /view http://ubuntu:36867/
[rosmaster.master][INFO] 2017-09-23 15:07:18,243: +PUB [/camera/image_raw/theora/parameter_descriptions] /camera http://ubuntu:35037/
[rosmaster.master][INFO] 2017-09-23 15:07:18,244: +SERVICE [/image/marked/compressed/set_parameters] /view http://ubuntu:36867/
[rosmaster.master][INFO] 2017-09-23 15:07:18,245: +PUB [/image/marked/compressed/parameter_descriptions] /view http://ubuntu:36867/
[rosmaster.master][INFO] 2017-09-23 15:07:18,245: +PUB [/camera/image_raw/theora/parameter_updates] /camera http://ubuntu:35037/
[rosmaster.master][INFO] 2017-09-23 15:07:18,246: +PUB [/image/marked/compressed/parameter_updates] /view http://ubuntu:36867/
[rosmaster.master][INFO] 2017-09-23 15:07:18,250: +PARAM [/image/marked/compressed/format] by /view
[rosmaster.master][INFO] 2017-09-23 15:07:18,251: +PARAM [/camera/image_raw/theora/optimize_for] by /camera
[rosmaster.master][INFO] 2017-09-23 15:07:18,252: +PARAM [/image/marked/compressed/jpeg_quality] by /view
[rosmaster.master][INFO] 2017-09-23 15:07:18,252: +PARAM [/camera/image_raw/theora/target_bitrate] by /camera
[rosmaster.master][INFO] 2017-09-23 15:07:18,253: +PARAM [/image/marked/compressed/png_level] by /view
[rosmaster.master][INFO] 2017-09-23 15:07:18,254: +PARAM [/camera/image_raw/theora/quality] by /camera
[rosmaster.master][INFO] 2017-09-23 15:07:18,254: +PARAM [/image/marked/compressed/format] by /view
[rosmaster.master][INFO] 2017-09-23 15:07:18,255: +PARAM [/camera/image_raw/theora/keyframe_frequency] by /camera
[rosmaster.master][INFO] 2017-09-23 15:07:18,256: +PARAM [/image/marked/compressed/jpeg_quality] by /view
[rosmaster.master][INFO] 2017-09-23 15:07:18,256: +PARAM [/camera/image_raw/theora/optimize_for] by /camera
[rosmaster.master][INFO] 2017-09-23 15:07:18,257: +PARAM [/image/marked/compressed/png_level] by /view
[rosmaster.master][INFO] 2017-09-23 15:07:18,262: +PARAM [/camera/image_raw/theora/target_bitrate] by /camera
[rosmaster.master][INFO] 2017-09-23 15:07:18,262: +PARAM [/camera/image_raw/theora/quality] by /camera
[rosmaster.master][INFO] 2017-09-23 15:07:18,269: +PARAM [/camera/image_raw/theora/keyframe_frequency] by /camera
[rosmaster.master][INFO] 2017-09-23 15:07:18,270: +PUB [/camera/camera_info] /camera http://ubuntu:35037/
[rosmaster.master][INFO] 2017-09-23 15:07:18,300: +PUB [/image/marked] /view http://ubuntu:36867/
[rosmaster.master][INFO] 2017-09-23 15:07:18,328: +PUB [/image/marked/theora] /view http://ubuntu:36867/
[rosmaster.master][INFO] 2017-09-23 15:07:18,329: +SERVICE [/image/marked/theora/set_parameters] /view http://ubuntu:36867/
[rosmaster.master][INFO] 2017-09-23 15:07:18,330: +PUB [/image/marked/theora/parameter_descriptions] /view http://ubuntu:36867/
[rosmaster.master][INFO] 2017-09-23 15:07:18,331: +PUB [/image/marked/theora/parameter_updates] /view http://ubuntu:36867/
[rosmaster.master][INFO] 2017-09-23 15:07:18,333: +PARAM [/image/marked/theora/optimize_for] by /view
[rosmaster.master][INFO] 2017-09-23 15:07:18,334: +PARAM [/image/marked/theora/target_bitrate] by /view
[rosmaster.master][INFO] 2017-09-23 15:07:18,334: +PARAM [/image/marked/theora/quality] by /view
[rosmaster.master][INFO] 2017-09-23 15:07:18,335: +PARAM [/image/marked/theora/keyframe_frequency] by /view
[rosmaster.master][INFO] 2017-09-23 15:07:18,336: +PARAM [/image/marked/theora/optimize_for] by /view
[rosmaster.master][INFO] 2017-09-23 15:07:18,337: +PARAM [/image/marked/theora/target_bitrate] by /view
[rosmaster.master][INFO] 2017-09-23 15:07:18,337: +PARAM [/image/marked/theora/quality] by /view
[rosmaster.master][INFO] 2017-09-23 15:07:18,338: +PARAM [/image/marked/theora/keyframe_frequency] by /view
[rosmaster.master][INFO] 2017-09-23 15:07:18,368: +SUB [/image] /view http://ubuntu:36867/
[rosmaster.master][INFO] 2017-09-23 15:07:18,371: +SUB [/camera_info] /view http://ubuntu:36867/
[rosmaster.master][INFO] 2017-09-23 15:07:18,374: +SUB [/image_marker] /view http://ubuntu:36867/
[rosmaster.master][INFO] 2017-09-23 15:07:18,378: +SUB [/image/event] /view http://ubuntu:36867/
[rosmaster.master][INFO] 2017-09-23 15:07:18,378: +SERVICE [/view/change_mode] /view http://ubuntu:36867/
[rosmaster.master][INFO] 2017-09-23 15:07:18,379: +SERVICE [/view/rectangle_mode] /view http://ubuntu:36867/
[rosmaster.master][INFO] 2017-09-23 15:07:18,380: +SERVICE [/view/grabcut_mode] /view http://ubuntu:36867/
[rosmaster.master][INFO] 2017-09-23 15:07:18,381: +SERVICE [/view/grabcut_rect_mode] /view http://ubuntu:36867/
[rosmaster.master][INFO] 2017-09-23 15:07:18,381: +SERVICE [/view/line_mode] /view http://ubuntu:36867/
[rosmaster.master][INFO] 2017-09-23 15:07:18,382: +SERVICE [/view/poly_mode] /view http://ubuntu:36867/
[rosmaster.master][INFO] 2017-09-23 15:07:18,383: +SERVICE [/view/none_mode] /view http://ubuntu:36867/
[rosmaster.master][INFO] 2017-09-23 15:07:18,384: +SERVICE [/view/set_parameters] /view http://ubuntu:36867/
[rosmaster.master][INFO] 2017-09-23 15:07:18,385: +PUB [/view/parameter_descriptions] /view http://ubuntu:36867/
[rosmaster.master][INFO] 2017-09-23 15:07:18,386: +PUB [/view/parameter_updates] /view http://ubuntu:36867/
[rosmaster.master][INFO] 2017-09-23 15:07:18,391: +PARAM [/view/grid] by /view
[rosmaster.master][INFO] 2017-09-23 15:07:18,391: +PARAM [/view/fisheye_mode] by /view
[rosmaster.master][INFO] 2017-09-23 15:07:18,392: +PARAM [/view/div_u] by /view
[rosmaster.master][INFO] 2017-09-23 15:07:18,393: +PARAM [/view/div_v] by /view
[rosmaster.master][INFO] 2017-09-23 15:07:18,393: +PARAM [/view/grid_red] by /view
[rosmaster.master][INFO] 2017-09-23 15:07:18,394: +PARAM [/view/grid_green] by /view
[rosmaster.master][INFO] 2017-09-23 15:07:18,395: +PARAM [/view/grid_blue] by /view
[rosmaster.master][INFO] 2017-09-23 15:07:18,395: +PARAM [/view/grid_thickness] by /view
[rosmaster.master][INFO] 2017-09-23 15:07:18,396: +PARAM [/view/grid_space] by /view
[rosmaster.master][INFO] 2017-09-23 15:07:18,397: +PARAM [/view/grid] by /view
[rosmaster.master][INFO] 2017-09-23 15:07:18,398: +PARAM [/view/fisheye_mode] by /view
[rosmaster.master][INFO] 2017-09-23 15:07:18,399: +PARAM [/view/div_u] by /view
[rosmaster.master][INFO] 2017-09-23 15:07:18,400: +PARAM [/view/div_v] by /view
[rosmaster.master][INFO] 2017-09-23 15:07:18,400: +PARAM [/view/grid_red] by /view
[rosmaster.master][INFO] 2017-09-23 15:07:18,401: +PARAM [/view/grid_green] by /view
[rosmaster.master][INFO] 2017-09-23 15:07:18,402: +PARAM [/view/grid_blue] by /view
[rosmaster.master][INFO] 2017-09-23 15:07:18,402: +PARAM [/view/grid_thickness] by /view
[rosmaster.master][INFO] 2017-09-23 15:07:18,403: +PARAM [/view/grid_space] by /view
[rosmaster.master][INFO] 2017-09-23 15:07:59,260: -PUB [/rosout] /image_converter http://ubuntu:46388/
[rosmaster.master][INFO] 2017-09-23 15:07:59,266: -PUB [/image/compressedDepth] /image_converter http://ubuntu:46388/
[rosmaster.master][INFO] 2017-09-23 15:07:59,269: -PUB [/image/compressedDepth/parameter_descriptions] /image_converter http://ubuntu:46388/
[rosmaster.master][INFO] 2017-09-23 15:07:59,275: publisherUpdate[/rosout] -> http://ubuntu:34244/ ['http://ubuntu:35037/', 'http://ubuntu:36867/']
[rosmaster.master][INFO] 2017-09-23 15:07:59,280: publisherUpdate[/rosout] -> http://ubuntu:34244/ ['http://ubuntu:35037/', 'http://ubuntu:36867/']: sec=0.00, result=[1, '', 0]
[rosmaster.master][INFO] 2017-09-23 15:07:59,280: -PUB [/image/compressedDepth/parameter_updates] /image_converter http://ubuntu:46388/
[rosmaster.master][INFO] 2017-09-23 15:07:59,293: -PUB [/image/compressed] /image_converter http://ubuntu:46388/
[rosmaster.master][INFO] 2017-09-23 15:07:59,299: -PUB [/image/compressed/parameter_descriptions] /image_converter http://ubuntu:46388/
[rosmaster.master][INFO] 2017-09-23 15:07:59,309: -PUB [/image/compressed/parameter_updates] /image_converter http://ubuntu:46388/
[rosmaster.master][INFO] 2017-09-23 15:07:59,312: -PUB [/image] /image_converter http://ubuntu:46388/
[rosmaster.master][INFO] 2017-09-23 15:07:59,319: -PUB [/image/theora] /image_converter http://ubuntu:46388/
[rosmaster.master][INFO] 2017-09-23 15:07:59,320: -PUB [/image/theora/parameter_descriptions] /image_converter http://ubuntu:46388/
[rosmaster.master][INFO] 2017-09-23 15:07:59,323: -PUB [/image/theora/parameter_updates] /image_converter http://ubuntu:46388/
[rosmaster.master][INFO] 2017-09-23 15:07:59,327: -PUB [/rosout] /view http://ubuntu:36867/
[rosmaster.master][INFO] 2017-09-23 15:07:59,331: -PUB [/image/screenpoint] /view http://ubuntu:36867/
[rosmaster.master][INFO] 2017-09-23 15:07:59,337: -SUB [/camera/image_raw] /image_converter http://ubuntu:46388/
[rosmaster.master][INFO] 2017-09-23 15:07:59,340: -PUB [/image/screenpoint_array] /view http://ubuntu:36867/
[rosmaster.master][INFO] 2017-09-23 15:07:59,344: -PUB [/image/screenrectangle] /view http://ubuntu:36867/
[rosmaster.master][INFO] 2017-09-23 15:07:59,359: -SERVICE [/image_converter/get_loggers] /image_converter rosrpc://ubuntu:37206
[rosmaster.master][INFO] 2017-09-23 15:07:59,365: -PUB [/image/screenrectangle_image] /view http://ubuntu:36867/
[rosmaster.master][INFO] 2017-09-23 15:07:59,366: -SERVICE [/image_converter/set_logger_level] /image_converter rosrpc://ubuntu:37206
[rosmaster.master][INFO] 2017-09-23 15:07:59,372: -SERVICE [/image/compressedDepth/set_parameters] /image_converter rosrpc://ubuntu:37206
[rosmaster.master][INFO] 2017-09-23 15:07:59,373: -PUB [/image/movepoint] /view http://ubuntu:36867/
[rosmaster.master][INFO] 2017-09-23 15:07:59,377: -SERVICE [/image/compressed/set_parameters] /image_converter rosrpc://ubuntu:37206
[rosmaster.master][INFO] 2017-09-23 15:07:59,378: publisherUpdate[/image] -> http://ubuntu:36867/ []
[rosmaster.master][INFO] 2017-09-23 15:07:59,378: publisherUpdate[/rosout] -> http://ubuntu:34244/ ['http://ubuntu:35037/']
[rosmaster.master][INFO] 2017-09-23 15:07:59,394: publisherUpdate[/rosout] -> http://ubuntu:34244/ ['http://ubuntu:35037/']: sec=0.00, result=[1, '', 0]
[rosmaster.master][INFO] 2017-09-23 15:07:59,403: publisherUpdate[/image] -> http://ubuntu:36867/ []: sec=0.02, exception=<Fault -1: 'publisherUpdate: unknown method name'>
[rosmaster.master][INFO] 2017-09-23 15:07:59,408: -PUB [/image/foreground] /view http://ubuntu:36867/
[rosmaster.threadpool][ERROR] 2017-09-23 15:07:59,413: Traceback (most recent call last):
  File "/opt/ros/kinetic/lib/python2.7/dist-packages/rosmaster/threadpool.py", line 218, in run
    result = cmd(*args)
  File "/opt/ros/kinetic/lib/python2.7/dist-packages/rosmaster/master_api.py", line 210, in publisher_update_task
    ret = xmlrpcapi(api).publisherUpdate('/master', topic, pub_uris)
  File "/usr/lib/python2.7/xmlrpclib.py", line 1243, in __call__
    return self.__send(self.__name, args)
  File "/usr/lib/python2.7/xmlrpclib.py", line 1602, in __request
    verbose=self.__verbose
  File "/usr/lib/python2.7/xmlrpclib.py", line 1283, in request
    return self.single_request(host, handler, request_body, verbose)
  File "/usr/lib/python2.7/xmlrpclib.py", line 1316, in single_request
    return self.parse_response(response)
  File "/usr/lib/python2.7/xmlrpclib.py", line 1493, in parse_response
    return u.close()
  File "/usr/lib/python2.7/xmlrpclib.py", line 800, in close
    raise Fault(**self._stack[0])
Fault: <Fault -1: 'publisherUpdate: unknown method name'>

[rosmaster.master][INFO] 2017-09-23 15:07:59,414: -PUB [/rosout] /camera http://ubuntu:35037/
[rosmaster.master][INFO] 2017-09-23 15:07:59,420: -SERVICE [/image/theora/set_parameters] /image_converter rosrpc://ubuntu:37206
[rosmaster.master][INFO] 2017-09-23 15:07:59,430: -PUB [/image/background] /view http://ubuntu:36867/
[rosmaster.master][INFO] 2017-09-23 15:07:59,434: -PUB [/camera/image_raw/compressedDepth] /camera http://ubuntu:35037/
[rosmaster.master][INFO] 2017-09-23 15:07:59,438: -PUB [/camera/image_raw/compressedDepth/parameter_descriptions] /camera http://ubuntu:35037/
[rosmaster.master][INFO] 2017-09-23 15:07:59,443: -PUB [/camera/image_raw/compressedDepth/parameter_updates] /camera http://ubuntu:35037/
[rosmaster.master][INFO] 2017-09-23 15:07:59,462: -PUB [/image/foreground_rect] /view http://ubuntu:36867/
[rosmaster.master][INFO] 2017-09-23 15:07:59,463: -PUB [/camera/image_raw/compressed] /camera http://ubuntu:35037/
[rosmaster.master][INFO] 2017-09-23 15:07:59,466: -PUB [/image/background_rect] /view http://ubuntu:36867/
[rosmaster.master][INFO] 2017-09-23 15:07:59,467: -PUB [/camera/image_raw/compressed/parameter_descriptions] /camera http://ubuntu:35037/
[rosmaster.master][INFO] 2017-09-23 15:07:59,468: -PUB [/camera/image_raw/compressed/parameter_updates] /camera http://ubuntu:35037/
[rosmaster.master][INFO] 2017-09-23 15:07:59,473: -PUB [/camera/image_raw] /camera http://ubuntu:35037/
[rosmaster.master][INFO] 2017-09-23 15:07:59,480: -PUB [/image/line] /view http://ubuntu:36867/
[rosmaster.master][INFO] 2017-09-23 15:07:59,486: -PUB [/camera/image_raw/theora] /camera http://ubuntu:35037/
[rosmaster.master][INFO] 2017-09-23 15:07:59,489: -PUB [/camera/image_raw/theora/parameter_descriptions] /camera http://ubuntu:35037/
[rosmaster.master][INFO] 2017-09-23 15:07:59,490: -PUB [/camera/image_raw/theora/parameter_updates] /camera http://ubuntu:35037/
[rosmaster.master][INFO] 2017-09-23 15:07:59,492: publisherUpdate[/rosout] -> http://ubuntu:34244/ []
[rosmaster.master][INFO] 2017-09-23 15:07:59,494: publisherUpdate[/rosout] -> http://ubuntu:34244/ []: sec=0.00, result=[1, '', 0]
[rosmaster.master][INFO] 2017-09-23 15:07:59,497: -PUB [/camera/camera_info] /camera http://ubuntu:35037/
[rosmaster.master][INFO] 2017-09-23 15:07:59,505: -PUB [/image/poly] /view http://ubuntu:36867/
[rosmaster.master][INFO] 2017-09-23 15:07:59,507: -SERVICE [/camera/get_loggers] /camera rosrpc://ubuntu:35277
[rosmaster.master][INFO] 2017-09-23 15:07:59,510: -PUB [/image_marked/compressedDepth] /view http://ubuntu:36867/
[rosmaster.master][INFO] 2017-09-23 15:07:59,511: -SERVICE [/camera/set_logger_level] /camera rosrpc://ubuntu:35277
[rosmaster.master][INFO] 2017-09-23 15:07:59,512: -PUB [/image_marked/compressedDepth/parameter_descriptions] /view http://ubuntu:36867/
[rosmaster.master][INFO] 2017-09-23 15:07:59,515: -SERVICE [/camera/set_camera_info] /camera rosrpc://ubuntu:35277
[rosmaster.master][INFO] 2017-09-23 15:07:59,520: -PUB [/image_marked/compressedDepth/parameter_updates] /view http://ubuntu:36867/
[rosmaster.master][INFO] 2017-09-23 15:07:59,525: -SERVICE [/camera/image_raw/compressedDepth/set_parameters] /camera rosrpc://ubuntu:35277
[rosmaster.master][INFO] 2017-09-23 15:07:59,526: -PUB [/image_marked/compressed] /view http://ubuntu:36867/
[rosmaster.master][INFO] 2017-09-23 15:07:59,527: -SERVICE [/camera/image_raw/compressed/set_parameters] /camera rosrpc://ubuntu:35277
[rosmaster.master][INFO] 2017-09-23 15:07:59,538: -PUB [/image_marked/compressed/parameter_descriptions] /view http://ubuntu:36867/
[rosmaster.master][INFO] 2017-09-23 15:07:59,538: -SERVICE [/camera/image_raw/theora/set_parameters] /camera rosrpc://ubuntu:35277
[rosmaster.master][INFO] 2017-09-23 15:07:59,542: -PUB [/image_marked/compressed/parameter_updates] /view http://ubuntu:36867/
[rosmaster.master][INFO] 2017-09-23 15:07:59,544: -PUB [/image_marked] /view http://ubuntu:36867/
[rosmaster.master][INFO] 2017-09-23 15:07:59,549: -PUB [/image_marked/theora] /view http://ubuntu:36867/
[rosmaster.master][INFO] 2017-09-23 15:07:59,550: -PUB [/image_marked/theora/parameter_descriptions] /view http://ubuntu:36867/
[rosmaster.master][INFO] 2017-09-23 15:07:59,552: -PUB [/image_marked/theora/parameter_updates] /view http://ubuntu:36867/
[rosmaster.master][INFO] 2017-09-23 15:07:59,557: -PUB [/image/marked/compressedDepth] /view http://ubuntu:36867/
[rosmaster.master][INFO] 2017-09-23 15:07:59,560: -PUB [/image/marked/compressedDepth/parameter_descriptions] /view http://ubuntu:36867/
[rosmaster.master][INFO] 2017-09-23 15:07:59,563: -PUB [/image/marked/compressedDepth/parameter_updates] /view http://ubuntu:36867/
[rosmaster.master][INFO] 2017-09-23 15:07:59,566: -PUB [/image/marked/compressed] /view http://ubuntu:36867/
[rosmaster.master][INFO] 2017-09-23 15:07:59,572: -PUB [/image/marked/compressed/parameter_descriptions] /view http://ubuntu:36867/
[rosmaster.master][INFO] 2017-09-23 15:07:59,579: -PUB [/image/marked/compressed/parameter_updates] /view http://ubuntu:36867/
[rosmaster.master][INFO] 2017-09-23 15:07:59,586: -PUB [/image/marked] /view http://ubuntu:36867/
[rosmaster.master][INFO] 2017-09-23 15:07:59,587: -PUB [/image/marked/theora] /view http://ubuntu:36867/
[rosmaster.master][INFO] 2017-09-23 15:07:59,592: -PUB [/image/marked/theora/parameter_descriptions] /view http://ubuntu:36867/
[rosmaster.master][INFO] 2017-09-23 15:07:59,594: -PUB [/image/marked/theora/parameter_updates] /view http://ubuntu:36867/
[rosmaster.master][INFO] 2017-09-23 15:07:59,596: -PUB [/view/parameter_descriptions] /view http://ubuntu:36867/
[rosmaster.master][INFO] 2017-09-23 15:07:59,600: -PUB [/view/parameter_updates] /view http://ubuntu:36867/
[rosmaster.master][INFO] 2017-09-23 15:07:59,608: -SUB [/tf] /view http://ubuntu:36867/
[rosmaster.master][INFO] 2017-09-23 15:07:59,615: -SUB [/tf_static] /view http://ubuntu:36867/
[rosmaster.master][INFO] 2017-09-23 15:07:59,617: -SUB [/image] /view http://ubuntu:36867/
[rosmaster.master][INFO] 2017-09-23 15:07:59,625: -SUB [/camera_info] /view http://ubuntu:36867/
[rosmaster.master][INFO] 2017-09-23 15:07:59,628: -SUB [/image_marker] /view http://ubuntu:36867/
[rosmaster.master][INFO] 2017-09-23 15:07:59,631: -SUB [/image/event] /view http://ubuntu:36867/
[rosmaster.master][INFO] 2017-09-23 15:07:59,633: -SERVICE [/view/get_loggers] /view rosrpc://ubuntu:50700
[rosmaster.master][INFO] 2017-09-23 15:07:59,637: -SERVICE [/view/set_logger_level] /view rosrpc://ubuntu:50700
[rosmaster.master][INFO] 2017-09-23 15:07:59,640: -SERVICE [/image_marked/compressedDepth/set_parameters] /view rosrpc://ubuntu:50700
[rosmaster.master][INFO] 2017-09-23 15:07:59,643: -SERVICE [/image_marked/compressed/set_parameters] /view rosrpc://ubuntu:50700
[rosmaster.master][INFO] 2017-09-23 15:07:59,645: -SERVICE [/image_marked/theora/set_parameters] /view rosrpc://ubuntu:50700
[rosmaster.master][INFO] 2017-09-23 15:07:59,652: -SERVICE [/image/marked/compressedDepth/set_parameters] /view rosrpc://ubuntu:50700
[rosmaster.master][INFO] 2017-09-23 15:07:59,656: -SERVICE [/image/marked/compressed/set_parameters] /view rosrpc://ubuntu:50700
[rosmaster.master][INFO] 2017-09-23 15:07:59,659: -SERVICE [/image/marked/theora/set_parameters] /view rosrpc://ubuntu:50700
[rosmaster.master][INFO] 2017-09-23 15:07:59,662: -SERVICE [/view/change_mode] /view rosrpc://ubuntu:50700
[rosmaster.master][INFO] 2017-09-23 15:07:59,663: -SERVICE [/view/rectangle_mode] /view rosrpc://ubuntu:50700
[rosmaster.master][INFO] 2017-09-23 15:07:59,664: -SERVICE [/view/grabcut_mode] /view rosrpc://ubuntu:50700
[rosmaster.master][INFO] 2017-09-23 15:07:59,666: -SERVICE [/view/grabcut_rect_mode] /view rosrpc://ubuntu:50700
[rosmaster.master][INFO] 2017-09-23 15:07:59,668: -SERVICE [/view/line_mode] /view rosrpc://ubuntu:50700
[rosmaster.master][INFO] 2017-09-23 15:07:59,668: -SERVICE [/view/poly_mode] /view rosrpc://ubuntu:50700
[rosmaster.master][INFO] 2017-09-23 15:07:59,669: -SERVICE [/view/none_mode] /view rosrpc://ubuntu:50700
[rosmaster.master][INFO] 2017-09-23 15:07:59,671: -SERVICE [/view/set_parameters] /view rosrpc://ubuntu:50700
[rosmaster.master][INFO] 2017-09-23 15:07:59,996: -PUB [/rosout_agg] /rosout http://ubuntu:34244/
[rosmaster.master][INFO] 2017-09-23 15:07:59,997: -SUB [/rosout] /rosout http://ubuntu:34244/
[rosmaster.master][INFO] 2017-09-23 15:07:59,998: -SERVICE [/rosout/get_loggers] /rosout rosrpc://ubuntu:38574
[rosmaster.master][INFO] 2017-09-23 15:07:59,998: -SERVICE [/rosout/set_logger_level] /rosout rosrpc://ubuntu:38574
[rosmaster.main][INFO] 2017-09-23 15:08:00,111: keyboard interrupt, will exit
[rosmaster.main][INFO] 2017-09-23 15:08:00,112: stopping master...
[rospy.core][INFO] 2017-09-23 15:08:00,114: signal_shutdown [atexit]
