[rosmaster.main][INFO] 2017-09-21 19:07:22,744: initialization complete, waiting for shutdown
[rosmaster.main][INFO] 2017-09-21 19:07:22,744: Starting ROS Master Node
[xmlrpc][INFO] 2017-09-21 19:07:22,747: XML-RPC server binding to 0.0.0.0:11311
[xmlrpc][INFO] 2017-09-21 19:07:22,748: Started XML-RPC server [http://ubuntu:11311/]
[xmlrpc][INFO] 2017-09-21 19:07:22,748: xml rpc node: starting XML-RPC server
[rosmaster.master][INFO] 2017-09-21 19:07:22,748: Master initialized: port[11311], uri[http://ubuntu:11311/]
[rosmaster.master][INFO] 2017-09-21 19:07:22,794: +PARAM [/run_id] by /roslaunch
[rosmaster.master][INFO] 2017-09-21 19:07:22,795: +PARAM [/roslaunch/uris/host_ubuntu__33964] by /roslaunch
[rosmaster.master][INFO] 2017-09-21 19:07:22,872: +PARAM [/rosversion] by /roslaunch
[rosmaster.master][INFO] 2017-09-21 19:07:22,872: +PARAM [/rosdistro] by /roslaunch
[rosmaster.master][INFO] 2017-09-21 19:07:22,872: +PARAM [/camera/device_id] by /roslaunch
[rosmaster.master][INFO] 2017-09-21 19:07:22,885: +SERVICE [/rosout/get_loggers] /rosout http://ubuntu:46659/
[rosmaster.master][INFO] 2017-09-21 19:07:22,887: +SERVICE [/rosout/set_logger_level] /rosout http://ubuntu:46659/
[rosmaster.master][INFO] 2017-09-21 19:07:22,903: +PUB [/rosout_agg] /rosout http://ubuntu:46659/
[rosmaster.master][INFO] 2017-09-21 19:07:22,929: +SUB [/rosout] /rosout http://ubuntu:46659/
[rosmaster.master][INFO] 2017-09-21 19:07:23,018: +PUB [/rosout] /image_converter http://ubuntu:40806/
[rosmaster.master][INFO] 2017-09-21 19:07:23,019: +SERVICE [/image_converter/get_loggers] /image_converter http://ubuntu:40806/
[rosmaster.master][INFO] 2017-09-21 19:07:23,020: +SERVICE [/image_converter/set_logger_level] /image_converter http://ubuntu:40806/
[rosmaster.master][INFO] 2017-09-21 19:07:23,047: publisherUpdate[/rosout] -> http://ubuntu:46659/ ['http://ubuntu:40806/']
[rosmaster.master][INFO] 2017-09-21 19:07:23,049: publisherUpdate[/rosout] -> http://ubuntu:46659/ ['http://ubuntu:40806/']: sec=0.00, result=[1, '', 0]
[rosmaster.master][INFO] 2017-09-21 19:07:23,071: +PUB [/rosout] /camera http://ubuntu:38411/
[rosmaster.master][INFO] 2017-09-21 19:07:23,072: +SERVICE [/camera/get_loggers] /camera http://ubuntu:38411/
[rosmaster.master][INFO] 2017-09-21 19:07:23,073: +SERVICE [/camera/set_logger_level] /camera http://ubuntu:38411/
[rosmaster.master][INFO] 2017-09-21 19:07:23,092: +PUB [/rosout] /view http://ubuntu:33396/
[rosmaster.master][INFO] 2017-09-21 19:07:23,092: +SERVICE [/view/get_loggers] /view http://ubuntu:33396/
[rosmaster.master][INFO] 2017-09-21 19:07:23,093: +SERVICE [/view/set_logger_level] /view http://ubuntu:33396/
[rosmaster.master][INFO] 2017-09-21 19:07:23,104: +SUB [/tf] /view http://ubuntu:33396/
[rosmaster.master][INFO] 2017-09-21 19:07:23,115: +SUB [/tf_static] /view http://ubuntu:33396/
[rosmaster.master][INFO] 2017-09-21 19:07:23,149: publisherUpdate[/rosout] -> http://ubuntu:46659/ ['http://ubuntu:40806/', 'http://ubuntu:38411/']
[rosmaster.master][INFO] 2017-09-21 19:07:23,150: publisherUpdate[/rosout] -> http://ubuntu:46659/ ['http://ubuntu:40806/', 'http://ubuntu:38411/']: sec=0.00, result=[1, '', 0]
[rosmaster.master][INFO] 2017-09-21 19:07:23,150: publisherUpdate[/rosout] -> http://ubuntu:46659/ ['http://ubuntu:40806/', 'http://ubuntu:38411/', 'http://ubuntu:33396/']
[rosmaster.master][INFO] 2017-09-21 19:07:23,150: publisherUpdate[/rosout] -> http://ubuntu:46659/ ['http://ubuntu:40806/', 'http://ubuntu:38411/', 'http://ubuntu:33396/']: sec=0.00, result=[1, '', 0]
[rosmaster.master][INFO] 2017-09-21 19:07:23,152: +SERVICE [/camera/set_camera_info] /camera http://ubuntu:38411/
[rosmaster.master][INFO] 2017-09-21 19:07:23,166: +SUB [/camera/image_raw] /image_converter http://ubuntu:40806/
[rosmaster.master][INFO] 2017-09-21 19:07:23,170: +PUB [/image/screenpoint] /view http://ubuntu:33396/
[rosmaster.master][INFO] 2017-09-21 19:07:23,171: +PUB [/image/screenpoint_array] /view http://ubuntu:33396/
[rosmaster.master][INFO] 2017-09-21 19:07:23,172: +PUB [/image/screenrectangle] /view http://ubuntu:33396/
[rosmaster.master][INFO] 2017-09-21 19:07:23,175: +PUB [/image/screenrectangle_image] /view http://ubuntu:33396/
[rosmaster.master][INFO] 2017-09-21 19:07:23,175: +PUB [/image/movepoint] /view http://ubuntu:33396/
[rosmaster.master][INFO] 2017-09-21 19:07:23,176: +PUB [/image/foreground] /view http://ubuntu:33396/
[rosmaster.master][INFO] 2017-09-21 19:07:23,177: +PUB [/image/background] /view http://ubuntu:33396/
[rosmaster.master][INFO] 2017-09-21 19:07:23,179: +PUB [/image/foreground_rect] /view http://ubuntu:33396/
[rosmaster.master][INFO] 2017-09-21 19:07:23,183: +PUB [/image/background_rect] /view http://ubuntu:33396/
[rosmaster.master][INFO] 2017-09-21 19:07:23,183: +PUB [/image/line] /view http://ubuntu:33396/
[rosmaster.master][INFO] 2017-09-21 19:07:23,184: +PUB [/image/poly] /view http://ubuntu:33396/
[rosmaster.master][INFO] 2017-09-21 19:07:23,235: +PUB [/image/compressedDepth] /image_converter http://ubuntu:40806/
[rosmaster.master][INFO] 2017-09-21 19:07:23,236: +SERVICE [/image/compressedDepth/set_parameters] /image_converter http://ubuntu:40806/
[rosmaster.master][INFO] 2017-09-21 19:07:23,236: +PUB [/image/compressedDepth/parameter_descriptions] /image_converter http://ubuntu:40806/
[rosmaster.master][INFO] 2017-09-21 19:07:23,237: +PUB [/image/compressedDepth/parameter_updates] /image_converter http://ubuntu:40806/
[rosmaster.master][INFO] 2017-09-21 19:07:23,243: +PARAM [/image/compressedDepth/depth_max] by /image_converter
[rosmaster.master][INFO] 2017-09-21 19:07:23,244: +PARAM [/image/compressedDepth/depth_quantization] by /image_converter
[rosmaster.master][INFO] 2017-09-21 19:07:23,245: +PARAM [/image/compressedDepth/png_level] by /image_converter
[rosmaster.master][INFO] 2017-09-21 19:07:23,245: +PARAM [/image/compressedDepth/depth_max] by /image_converter
[rosmaster.master][INFO] 2017-09-21 19:07:23,247: +PARAM [/image/compressedDepth/depth_quantization] by /image_converter
[rosmaster.master][INFO] 2017-09-21 19:07:23,249: +PUB [/image_marked/compressedDepth] /view http://ubuntu:33396/
[rosmaster.master][INFO] 2017-09-21 19:07:23,249: +PARAM [/image/compressedDepth/png_level] by /image_converter
[rosmaster.master][INFO] 2017-09-21 19:07:23,256: +SERVICE [/image_marked/compressedDepth/set_parameters] /view http://ubuntu:33396/
[rosmaster.master][INFO] 2017-09-21 19:07:23,257: +PUB [/image_marked/compressedDepth/parameter_descriptions] /view http://ubuntu:33396/
[rosmaster.master][INFO] 2017-09-21 19:07:23,258: +PUB [/image_marked/compressedDepth/parameter_updates] /view http://ubuntu:33396/
[rosmaster.master][INFO] 2017-09-21 19:07:23,263: +PARAM [/image_marked/compressedDepth/depth_max] by /view
[rosmaster.master][INFO] 2017-09-21 19:07:23,264: +PARAM [/image_marked/compressedDepth/depth_quantization] by /view
[rosmaster.master][INFO] 2017-09-21 19:07:23,266: +PARAM [/image_marked/compressedDepth/png_level] by /view
[rosmaster.master][INFO] 2017-09-21 19:07:23,270: +PARAM [/image_marked/compressedDepth/depth_max] by /view
[rosmaster.master][INFO] 2017-09-21 19:07:23,271: +PARAM [/image_marked/compressedDepth/depth_quantization] by /view
[rosmaster.master][INFO] 2017-09-21 19:07:23,272: +PARAM [/image_marked/compressedDepth/png_level] by /view
[rosmaster.master][INFO] 2017-09-21 19:07:23,311: +PUB [/image/compressed] /image_converter http://ubuntu:40806/
[rosmaster.master][INFO] 2017-09-21 19:07:23,312: +SERVICE [/image/compressed/set_parameters] /image_converter http://ubuntu:40806/
[rosmaster.master][INFO] 2017-09-21 19:07:23,313: +PUB [/image/compressed/parameter_descriptions] /image_converter http://ubuntu:40806/
[rosmaster.master][INFO] 2017-09-21 19:07:23,314: +PUB [/image/compressed/parameter_updates] /image_converter http://ubuntu:40806/
[rosmaster.master][INFO] 2017-09-21 19:07:23,318: +PARAM [/image/compressed/format] by /image_converter
[rosmaster.master][INFO] 2017-09-21 19:07:23,321: +PARAM [/image/compressed/jpeg_quality] by /image_converter
[rosmaster.master][INFO] 2017-09-21 19:07:23,321: +PUB [/image_marked/compressed] /view http://ubuntu:33396/
[rosmaster.master][INFO] 2017-09-21 19:07:23,322: +PARAM [/image/compressed/png_level] by /image_converter
[rosmaster.master][INFO] 2017-09-21 19:07:23,323: +SERVICE [/image_marked/compressed/set_parameters] /view http://ubuntu:33396/
[rosmaster.master][INFO] 2017-09-21 19:07:23,323: +PARAM [/image/compressed/format] by /image_converter
[rosmaster.master][INFO] 2017-09-21 19:07:23,324: +PUB [/image_marked/compressed/parameter_descriptions] /view http://ubuntu:33396/
[rosmaster.master][INFO] 2017-09-21 19:07:23,325: +PARAM [/image/compressed/jpeg_quality] by /image_converter
[rosmaster.master][INFO] 2017-09-21 19:07:23,326: +PUB [/image_marked/compressed/parameter_updates] /view http://ubuntu:33396/
[rosmaster.master][INFO] 2017-09-21 19:07:23,327: +PARAM [/image/compressed/png_level] by /image_converter
[rosmaster.master][INFO] 2017-09-21 19:07:23,335: +PARAM [/image_marked/compressed/format] by /view
[rosmaster.master][INFO] 2017-09-21 19:07:23,336: +PARAM [/image_marked/compressed/jpeg_quality] by /view
[rosmaster.master][INFO] 2017-09-21 19:07:23,336: +PARAM [/image_marked/compressed/png_level] by /view
[rosmaster.master][INFO] 2017-09-21 19:07:23,338: +PARAM [/image_marked/compressed/format] by /view
[rosmaster.master][INFO] 2017-09-21 19:07:23,342: +PARAM [/image_marked/compressed/jpeg_quality] by /view
[rosmaster.master][INFO] 2017-09-21 19:07:23,343: +PARAM [/image_marked/compressed/png_level] by /view
[rosmaster.master][INFO] 2017-09-21 19:07:23,414: +PUB [/image] /image_converter http://ubuntu:40806/
[rosmaster.master][INFO] 2017-09-21 19:07:23,434: +PUB [/image_marked] /view http://ubuntu:33396/
[rosmaster.master][INFO] 2017-09-21 19:07:23,450: +PUB [/camera/image_raw/compressedDepth] /camera http://ubuntu:38411/
[rosmaster.master][INFO] 2017-09-21 19:07:23,451: +SERVICE [/camera/image_raw/compressedDepth/set_parameters] /camera http://ubuntu:38411/
[rosmaster.master][INFO] 2017-09-21 19:07:23,452: +PUB [/camera/image_raw/compressedDepth/parameter_descriptions] /camera http://ubuntu:38411/
[rosmaster.master][INFO] 2017-09-21 19:07:23,452: +PUB [/camera/image_raw/compressedDepth/parameter_updates] /camera http://ubuntu:38411/
[rosmaster.master][INFO] 2017-09-21 19:07:23,455: +PARAM [/camera/image_raw/compressedDepth/depth_max] by /camera
[rosmaster.master][INFO] 2017-09-21 19:07:23,455: +PARAM [/camera/image_raw/compressedDepth/depth_quantization] by /camera
[rosmaster.master][INFO] 2017-09-21 19:07:23,456: +PARAM [/camera/image_raw/compressedDepth/png_level] by /camera
[rosmaster.master][INFO] 2017-09-21 19:07:23,458: +PARAM [/camera/image_raw/compressedDepth/depth_max] by /camera
[rosmaster.master][INFO] 2017-09-21 19:07:23,459: +PARAM [/camera/image_raw/compressedDepth/depth_quantization] by /camera
[rosmaster.master][INFO] 2017-09-21 19:07:23,462: +PARAM [/camera/image_raw/compressedDepth/png_level] by /camera
[rosmaster.master][INFO] 2017-09-21 19:07:23,507: +PUB [/image/theora] /image_converter http://ubuntu:40806/
[rosmaster.master][INFO] 2017-09-21 19:07:23,508: +SERVICE [/image/theora/set_parameters] /image_converter http://ubuntu:40806/
[rosmaster.master][INFO] 2017-09-21 19:07:23,509: +PUB [/image/theora/parameter_descriptions] /image_converter http://ubuntu:40806/
[rosmaster.master][INFO] 2017-09-21 19:07:23,510: +PUB [/image/theora/parameter_updates] /image_converter http://ubuntu:40806/
[rosmaster.master][INFO] 2017-09-21 19:07:23,519: +PARAM [/image/theora/optimize_for] by /image_converter
[rosmaster.master][INFO] 2017-09-21 19:07:23,520: +PARAM [/image/theora/target_bitrate] by /image_converter
[rosmaster.master][INFO] 2017-09-21 19:07:23,522: +PARAM [/image/theora/quality] by /image_converter
[rosmaster.master][INFO] 2017-09-21 19:07:23,523: +PARAM [/image/theora/keyframe_frequency] by /image_converter
[rosmaster.master][INFO] 2017-09-21 19:07:23,524: +PARAM [/image/theora/optimize_for] by /image_converter
[rosmaster.master][INFO] 2017-09-21 19:07:23,525: +PUB [/image_marked/theora] /view http://ubuntu:33396/
[rosmaster.master][INFO] 2017-09-21 19:07:23,526: +PARAM [/image/theora/target_bitrate] by /image_converter
[rosmaster.master][INFO] 2017-09-21 19:07:23,529: +SERVICE [/image_marked/theora/set_parameters] /view http://ubuntu:33396/
[rosmaster.master][INFO] 2017-09-21 19:07:23,530: +PARAM [/image/theora/quality] by /image_converter
[rosmaster.master][INFO] 2017-09-21 19:07:23,532: +PUB [/image_marked/theora/parameter_descriptions] /view http://ubuntu:33396/
[rosmaster.master][INFO] 2017-09-21 19:07:23,533: +PUB [/camera/image_raw/compressed] /camera http://ubuntu:38411/
[rosmaster.master][INFO] 2017-09-21 19:07:23,534: +PARAM [/image/theora/keyframe_frequency] by /image_converter
[rosmaster.master][INFO] 2017-09-21 19:07:23,535: +PUB [/image_marked/theora/parameter_updates] /view http://ubuntu:33396/
[rosmaster.master][INFO] 2017-09-21 19:07:23,535: +SERVICE [/camera/image_raw/compressed/set_parameters] /camera http://ubuntu:38411/
[rosmaster.master][INFO] 2017-09-21 19:07:23,536: +PUB [/camera/image_raw/compressed/parameter_descriptions] /camera http://ubuntu:38411/
[rosmaster.master][INFO] 2017-09-21 19:07:23,538: +PUB [/camera/image_raw/compressed/parameter_updates] /camera http://ubuntu:38411/
[rosmaster.master][INFO] 2017-09-21 19:07:23,540: +PARAM [/image_marked/theora/optimize_for] by /view
[rosmaster.master][INFO] 2017-09-21 19:07:23,541: +PARAM [/image_marked/theora/target_bitrate] by /view
[rosmaster.master][INFO] 2017-09-21 19:07:23,542: +PARAM [/camera/image_raw/compressed/format] by /camera
[rosmaster.master][INFO] 2017-09-21 19:07:23,543: +PARAM [/image_marked/theora/quality] by /view
[rosmaster.master][INFO] 2017-09-21 19:07:23,543: +PARAM [/camera/image_raw/compressed/jpeg_quality] by /camera
[rosmaster.master][INFO] 2017-09-21 19:07:23,544: +PARAM [/image_marked/theora/keyframe_frequency] by /view
[rosmaster.master][INFO] 2017-09-21 19:07:23,545: +PARAM [/camera/image_raw/compressed/png_level] by /camera
[rosmaster.master][INFO] 2017-09-21 19:07:23,545: +PARAM [/image_marked/theora/optimize_for] by /view
[rosmaster.master][INFO] 2017-09-21 19:07:23,546: +PARAM [/camera/image_raw/compressed/format] by /camera
[rosmaster.master][INFO] 2017-09-21 19:07:23,547: +PARAM [/image_marked/theora/target_bitrate] by /view
[rosmaster.master][INFO] 2017-09-21 19:07:23,547: +PARAM [/camera/image_raw/compressed/jpeg_quality] by /camera
[rosmaster.master][INFO] 2017-09-21 19:07:23,548: +PARAM [/image_marked/theora/quality] by /view
[rosmaster.master][INFO] 2017-09-21 19:07:23,549: +PARAM [/camera/image_raw/compressed/png_level] by /camera
[rosmaster.master][INFO] 2017-09-21 19:07:23,554: +PARAM [/image_marked/theora/keyframe_frequency] by /view
[rosmaster.master][INFO] 2017-09-21 19:07:23,602: +PUB [/image/marked/compressedDepth] /view http://ubuntu:33396/
[rosmaster.master][INFO] 2017-09-21 19:07:23,603: +SERVICE [/image/marked/compressedDepth/set_parameters] /view http://ubuntu:33396/
[rosmaster.master][INFO] 2017-09-21 19:07:23,604: +PUB [/camera/image_raw] /camera http://ubuntu:38411/
[rosmaster.master][INFO] 2017-09-21 19:07:23,606: +PUB [/image/marked/compressedDepth/parameter_descriptions] /view http://ubuntu:33396/
[rosmaster.master][INFO] 2017-09-21 19:07:23,607: +PUB [/image/marked/compressedDepth/parameter_updates] /view http://ubuntu:33396/
[rosmaster.master][INFO] 2017-09-21 19:07:23,609: +PARAM [/image/marked/compressedDepth/depth_max] by /view
[rosmaster.master][INFO] 2017-09-21 19:07:23,611: +PARAM [/image/marked/compressedDepth/depth_quantization] by /view
[rosmaster.master][INFO] 2017-09-21 19:07:23,615: +PARAM [/image/marked/compressedDepth/png_level] by /view
[rosmaster.master][INFO] 2017-09-21 19:07:23,616: +PARAM [/image/marked/compressedDepth/depth_max] by /view
[rosmaster.master][INFO] 2017-09-21 19:07:23,616: +PARAM [/image/marked/compressedDepth/depth_quantization] by /view
[rosmaster.master][INFO] 2017-09-21 19:07:23,617: +PARAM [/image/marked/compressedDepth/png_level] by /view
[rosmaster.master][INFO] 2017-09-21 19:07:23,658: publisherUpdate[/camera/image_raw] -> http://ubuntu:40806/ ['http://ubuntu:38411/']
[rosmaster.master][INFO] 2017-09-21 19:07:23,659: publisherUpdate[/camera/image_raw] -> http://ubuntu:40806/ ['http://ubuntu:38411/']: sec=0.00, result=[1, '', 0]
[rosmaster.master][INFO] 2017-09-21 19:07:23,666: +PUB [/camera/image_raw/theora] /camera http://ubuntu:38411/
[rosmaster.master][INFO] 2017-09-21 19:07:23,668: +SERVICE [/camera/image_raw/theora/set_parameters] /camera http://ubuntu:38411/
[rosmaster.master][INFO] 2017-09-21 19:07:23,669: +PUB [/camera/image_raw/theora/parameter_descriptions] /camera http://ubuntu:38411/
[rosmaster.master][INFO] 2017-09-21 19:07:23,670: +PUB [/camera/image_raw/theora/parameter_updates] /camera http://ubuntu:38411/
[rosmaster.master][INFO] 2017-09-21 19:07:23,673: +PUB [/image/marked/compressed] /view http://ubuntu:33396/
[rosmaster.master][INFO] 2017-09-21 19:07:23,673: +PARAM [/camera/image_raw/theora/optimize_for] by /camera
[rosmaster.master][INFO] 2017-09-21 19:07:23,674: +SERVICE [/image/marked/compressed/set_parameters] /view http://ubuntu:33396/
[rosmaster.master][INFO] 2017-09-21 19:07:23,675: +PARAM [/camera/image_raw/theora/target_bitrate] by /camera
[rosmaster.master][INFO] 2017-09-21 19:07:23,675: +PUB [/image/marked/compressed/parameter_descriptions] /view http://ubuntu:33396/
[rosmaster.master][INFO] 2017-09-21 19:07:23,677: +PARAM [/camera/image_raw/theora/quality] by /camera
[rosmaster.master][INFO] 2017-09-21 19:07:23,677: +PUB [/image/marked/compressed/parameter_updates] /view http://ubuntu:33396/
[rosmaster.master][INFO] 2017-09-21 19:07:23,678: +PARAM [/camera/image_raw/theora/keyframe_frequency] by /camera
[rosmaster.master][INFO] 2017-09-21 19:07:23,679: +PARAM [/camera/image_raw/theora/optimize_for] by /camera
[rosmaster.master][INFO] 2017-09-21 19:07:23,681: +PARAM [/camera/image_raw/theora/target_bitrate] by /camera
[rosmaster.master][INFO] 2017-09-21 19:07:23,682: +PARAM [/camera/image_raw/theora/quality] by /camera
[rosmaster.master][INFO] 2017-09-21 19:07:23,682: +PARAM [/image/marked/compressed/format] by /view
[rosmaster.master][INFO] 2017-09-21 19:07:23,683: +PARAM [/camera/image_raw/theora/keyframe_frequency] by /camera
[rosmaster.master][INFO] 2017-09-21 19:07:23,684: +PARAM [/image/marked/compressed/jpeg_quality] by /view
[rosmaster.master][INFO] 2017-09-21 19:07:23,684: +PUB [/camera/camera_info] /camera http://ubuntu:38411/
[rosmaster.master][INFO] 2017-09-21 19:07:23,685: +PARAM [/image/marked/compressed/png_level] by /view
[rosmaster.master][INFO] 2017-09-21 19:07:23,686: +PARAM [/image/marked/compressed/format] by /view
[rosmaster.master][INFO] 2017-09-21 19:07:23,688: +PARAM [/image/marked/compressed/jpeg_quality] by /view
[rosmaster.master][INFO] 2017-09-21 19:07:23,689: +PARAM [/image/marked/compressed/png_level] by /view
[rosmaster.master][INFO] 2017-09-21 19:07:23,727: +PUB [/image/marked] /view http://ubuntu:33396/
[rosmaster.master][INFO] 2017-09-21 19:07:23,753: +PUB [/image/marked/theora] /view http://ubuntu:33396/
[rosmaster.master][INFO] 2017-09-21 19:07:23,754: +SERVICE [/image/marked/theora/set_parameters] /view http://ubuntu:33396/
[rosmaster.master][INFO] 2017-09-21 19:07:23,754: +PUB [/image/marked/theora/parameter_descriptions] /view http://ubuntu:33396/
[rosmaster.master][INFO] 2017-09-21 19:07:23,755: +PUB [/image/marked/theora/parameter_updates] /view http://ubuntu:33396/
[rosmaster.master][INFO] 2017-09-21 19:07:23,758: +PARAM [/image/marked/theora/optimize_for] by /view
[rosmaster.master][INFO] 2017-09-21 19:07:23,758: +PARAM [/image/marked/theora/target_bitrate] by /view
[rosmaster.master][INFO] 2017-09-21 19:07:23,759: +PARAM [/image/marked/theora/quality] by /view
[rosmaster.master][INFO] 2017-09-21 19:07:23,760: +PARAM [/image/marked/theora/keyframe_frequency] by /view
[rosmaster.master][INFO] 2017-09-21 19:07:23,761: +PARAM [/image/marked/theora/optimize_for] by /view
[rosmaster.master][INFO] 2017-09-21 19:07:23,761: +PARAM [/image/marked/theora/target_bitrate] by /view
[rosmaster.master][INFO] 2017-09-21 19:07:23,762: +PARAM [/image/marked/theora/quality] by /view
[rosmaster.master][INFO] 2017-09-21 19:07:23,763: +PARAM [/image/marked/theora/keyframe_frequency] by /view
[rosmaster.master][INFO] 2017-09-21 19:07:23,792: +SUB [/image] /view http://ubuntu:33396/
[rosmaster.master][INFO] 2017-09-21 19:07:23,795: +SUB [/camera_info] /view http://ubuntu:33396/
[rosmaster.master][INFO] 2017-09-21 19:07:23,798: +SUB [/image_marker] /view http://ubuntu:33396/
[rosmaster.master][INFO] 2017-09-21 19:07:23,801: +SUB [/image/event] /view http://ubuntu:33396/
[rosmaster.master][INFO] 2017-09-21 19:07:23,803: +SERVICE [/view/change_mode] /view http://ubuntu:33396/
[rosmaster.master][INFO] 2017-09-21 19:07:23,803: +SERVICE [/view/rectangle_mode] /view http://ubuntu:33396/
[rosmaster.master][INFO] 2017-09-21 19:07:23,804: +SERVICE [/view/grabcut_mode] /view http://ubuntu:33396/
[rosmaster.master][INFO] 2017-09-21 19:07:23,805: +SERVICE [/view/grabcut_rect_mode] /view http://ubuntu:33396/
[rosmaster.master][INFO] 2017-09-21 19:07:23,806: +SERVICE [/view/line_mode] /view http://ubuntu:33396/
[rosmaster.master][INFO] 2017-09-21 19:07:23,807: +SERVICE [/view/poly_mode] /view http://ubuntu:33396/
[rosmaster.master][INFO] 2017-09-21 19:07:23,807: +SERVICE [/view/none_mode] /view http://ubuntu:33396/
[rosmaster.master][INFO] 2017-09-21 19:07:23,808: +SERVICE [/view/set_parameters] /view http://ubuntu:33396/
[rosmaster.master][INFO] 2017-09-21 19:07:23,809: +PUB [/view/parameter_descriptions] /view http://ubuntu:33396/
[rosmaster.master][INFO] 2017-09-21 19:07:23,809: +PUB [/view/parameter_updates] /view http://ubuntu:33396/
[rosmaster.master][INFO] 2017-09-21 19:07:23,815: +PARAM [/view/grid] by /view
[rosmaster.master][INFO] 2017-09-21 19:07:23,815: +PARAM [/view/fisheye_mode] by /view
[rosmaster.master][INFO] 2017-09-21 19:07:23,816: +PARAM [/view/div_u] by /view
[rosmaster.master][INFO] 2017-09-21 19:07:23,817: +PARAM [/view/div_v] by /view
[rosmaster.master][INFO] 2017-09-21 19:07:23,817: +PARAM [/view/grid_red] by /view
[rosmaster.master][INFO] 2017-09-21 19:07:23,818: +PARAM [/view/grid_green] by /view
[rosmaster.master][INFO] 2017-09-21 19:07:23,819: +PARAM [/view/grid_blue] by /view
[rosmaster.master][INFO] 2017-09-21 19:07:23,819: +PARAM [/view/grid_thickness] by /view
[rosmaster.master][INFO] 2017-09-21 19:07:23,820: +PARAM [/view/grid_space] by /view
[rosmaster.master][INFO] 2017-09-21 19:07:23,821: +PARAM [/view/grid] by /view
[rosmaster.master][INFO] 2017-09-21 19:07:23,821: +PARAM [/view/fisheye_mode] by /view
[rosmaster.master][INFO] 2017-09-21 19:07:23,822: +PARAM [/view/div_u] by /view
[rosmaster.master][INFO] 2017-09-21 19:07:23,823: +PARAM [/view/div_v] by /view
[rosmaster.master][INFO] 2017-09-21 19:07:23,824: +PARAM [/view/grid_red] by /view
[rosmaster.master][INFO] 2017-09-21 19:07:23,825: +PARAM [/view/grid_green] by /view
[rosmaster.master][INFO] 2017-09-21 19:07:23,825: +PARAM [/view/grid_blue] by /view
[rosmaster.master][INFO] 2017-09-21 19:07:23,826: +PARAM [/view/grid_thickness] by /view
[rosmaster.master][INFO] 2017-09-21 19:07:23,827: +PARAM [/view/grid_space] by /view
[rosmaster.master][INFO] 2017-09-21 19:07:26,290: -PUB [/rosout] /view http://ubuntu:33396/
[rosmaster.master][INFO] 2017-09-21 19:07:26,291: -PUB [/image/screenpoint] /view http://ubuntu:33396/
[rosmaster.master][INFO] 2017-09-21 19:07:26,292: -PUB [/image/screenpoint_array] /view http://ubuntu:33396/
[rosmaster.master][INFO] 2017-09-21 19:07:26,292: -PUB [/image/screenrectangle] /view http://ubuntu:33396/
[rosmaster.master][INFO] 2017-09-21 19:07:26,294: -PUB [/image/screenrectangle_image] /view http://ubuntu:33396/
[rosmaster.master][INFO] 2017-09-21 19:07:26,294: -PUB [/image/movepoint] /view http://ubuntu:33396/
[rosmaster.master][INFO] 2017-09-21 19:07:26,297: -PUB [/image/foreground] /view http://ubuntu:33396/
[rosmaster.master][INFO] 2017-09-21 19:07:26,298: -PUB [/image/background] /view http://ubuntu:33396/
[rosmaster.master][INFO] 2017-09-21 19:07:26,299: -PUB [/image/foreground_rect] /view http://ubuntu:33396/
[rosmaster.master][INFO] 2017-09-21 19:07:26,304: -PUB [/image/background_rect] /view http://ubuntu:33396/
[rosmaster.master][INFO] 2017-09-21 19:07:26,308: -PUB [/image/line] /view http://ubuntu:33396/
[rosmaster.master][INFO] 2017-09-21 19:07:26,310: -PUB [/image/poly] /view http://ubuntu:33396/
[rosmaster.master][INFO] 2017-09-21 19:07:26,312: -PUB [/image_marked/compressedDepth] /view http://ubuntu:33396/
[rosmaster.master][INFO] 2017-09-21 19:07:26,314: -PUB [/image_marked/compressedDepth/parameter_descriptions] /view http://ubuntu:33396/
[rosmaster.master][INFO] 2017-09-21 19:07:26,317: -PUB [/image_marked/compressedDepth/parameter_updates] /view http://ubuntu:33396/
[rosmaster.master][INFO] 2017-09-21 19:07:26,321: -PUB [/image_marked/compressed] /view http://ubuntu:33396/
[rosmaster.master][INFO] 2017-09-21 19:07:26,324: -PUB [/image_marked/compressed/parameter_descriptions] /view http://ubuntu:33396/
[rosmaster.master][INFO] 2017-09-21 19:07:26,329: -PUB [/image_marked/compressed/parameter_updates] /view http://ubuntu:33396/
[rosmaster.master][INFO] 2017-09-21 19:07:26,332: -PUB [/image_marked] /view http://ubuntu:33396/
[rosmaster.master][INFO] 2017-09-21 19:07:26,334: -PUB [/image_marked/theora] /view http://ubuntu:33396/
[rosmaster.master][INFO] 2017-09-21 19:07:26,335: -PUB [/image_marked/theora/parameter_descriptions] /view http://ubuntu:33396/
[rosmaster.master][INFO] 2017-09-21 19:07:26,336: -PUB [/image_marked/theora/parameter_updates] /view http://ubuntu:33396/
[rosmaster.master][INFO] 2017-09-21 19:07:26,338: -PUB [/image/marked/compressedDepth] /view http://ubuntu:33396/
[rosmaster.master][INFO] 2017-09-21 19:07:26,339: -PUB [/image/marked/compressedDepth/parameter_descriptions] /view http://ubuntu:33396/
[rosmaster.master][INFO] 2017-09-21 19:07:26,340: -PUB [/image/marked/compressedDepth/parameter_updates] /view http://ubuntu:33396/
[rosmaster.master][INFO] 2017-09-21 19:07:26,342: -PUB [/image/marked/compressed] /view http://ubuntu:33396/
[rosmaster.master][INFO] 2017-09-21 19:07:26,343: -PUB [/image/marked/compressed/parameter_descriptions] /view http://ubuntu:33396/
[rosmaster.master][INFO] 2017-09-21 19:07:26,351: -PUB [/image/marked/compressed/parameter_updates] /view http://ubuntu:33396/
[rosmaster.master][INFO] 2017-09-21 19:07:26,353: -PUB [/image/marked] /view http://ubuntu:33396/
[rosmaster.master][INFO] 2017-09-21 19:07:26,358: -PUB [/image/marked/theora] /view http://ubuntu:33396/
[rosmaster.master][INFO] 2017-09-21 19:07:26,359: -PUB [/image/marked/theora/parameter_descriptions] /view http://ubuntu:33396/
[rosmaster.master][INFO] 2017-09-21 19:07:26,359: -PUB [/image/marked/theora/parameter_updates] /view http://ubuntu:33396/
[rosmaster.master][INFO] 2017-09-21 19:07:26,362: -PUB [/view/parameter_descriptions] /view http://ubuntu:33396/
[rosmaster.master][INFO] 2017-09-21 19:07:26,363: -PUB [/view/parameter_updates] /view http://ubuntu:33396/
[rosmaster.master][INFO] 2017-09-21 19:07:26,368: -SUB [/tf] /view http://ubuntu:33396/
[rosmaster.master][INFO] 2017-09-21 19:07:26,370: -SUB [/tf_static] /view http://ubuntu:33396/
[rosmaster.master][INFO] 2017-09-21 19:07:26,372: -SUB [/image] /view http://ubuntu:33396/
[rosmaster.master][INFO] 2017-09-21 19:07:26,373: publisherUpdate[/rosout] -> http://ubuntu:46659/ ['http://ubuntu:40806/', 'http://ubuntu:38411/']
[rosmaster.master][INFO] 2017-09-21 19:07:26,374: publisherUpdate[/rosout] -> http://ubuntu:46659/ ['http://ubuntu:40806/', 'http://ubuntu:38411/']: sec=0.00, result=[1, '', 0]
[rosmaster.master][INFO] 2017-09-21 19:07:26,378: -SUB [/camera_info] /view http://ubuntu:33396/
[rosmaster.master][INFO] 2017-09-21 19:07:26,381: -SUB [/image_marker] /view http://ubuntu:33396/
[rosmaster.master][INFO] 2017-09-21 19:07:26,382: -SUB [/image/event] /view http://ubuntu:33396/
[rosmaster.master][INFO] 2017-09-21 19:07:26,383: -SERVICE [/view/get_loggers] /view rosrpc://ubuntu:50705
[rosmaster.master][INFO] 2017-09-21 19:07:26,386: -SERVICE [/view/set_logger_level] /view rosrpc://ubuntu:50705
[rosmaster.master][INFO] 2017-09-21 19:07:26,388: -SERVICE [/image_marked/compressedDepth/set_parameters] /view rosrpc://ubuntu:50705
[rosmaster.master][INFO] 2017-09-21 19:07:26,389: -SERVICE [/image_marked/compressed/set_parameters] /view rosrpc://ubuntu:50705
[rosmaster.master][INFO] 2017-09-21 19:07:26,390: -SERVICE [/image_marked/theora/set_parameters] /view rosrpc://ubuntu:50705
[rosmaster.master][INFO] 2017-09-21 19:07:26,392: -SERVICE [/image/marked/compressedDepth/set_parameters] /view rosrpc://ubuntu:50705
[rosmaster.master][INFO] 2017-09-21 19:07:26,393: -PUB [/rosout] /camera http://ubuntu:38411/
[rosmaster.master][INFO] 2017-09-21 19:07:26,393: -PUB [/camera/image_raw/compressedDepth] /camera http://ubuntu:38411/
[rosmaster.master][INFO] 2017-09-21 19:07:26,402: -SERVICE [/image/marked/compressed/set_parameters] /view rosrpc://ubuntu:50705
[rosmaster.master][INFO] 2017-09-21 19:07:26,403: -PUB [/camera/image_raw/compressedDepth/parameter_descriptions] /camera http://ubuntu:38411/
[rosmaster.master][INFO] 2017-09-21 19:07:26,406: -SERVICE [/image/marked/theora/set_parameters] /view rosrpc://ubuntu:50705
[rosmaster.master][INFO] 2017-09-21 19:07:26,407: -PUB [/camera/image_raw/compressedDepth/parameter_updates] /camera http://ubuntu:38411/
[rosmaster.master][INFO] 2017-09-21 19:07:26,407: -PUB [/camera/image_raw/compressed] /camera http://ubuntu:38411/
[rosmaster.master][INFO] 2017-09-21 19:07:26,410: -PUB [/camera/image_raw/compressed/parameter_descriptions] /camera http://ubuntu:38411/
[rosmaster.master][INFO] 2017-09-21 19:07:26,413: -SERVICE [/view/change_mode] /view rosrpc://ubuntu:50705
[rosmaster.master][INFO] 2017-09-21 19:07:26,418: -PUB [/camera/image_raw/compressed/parameter_updates] /camera http://ubuntu:38411/
[rosmaster.master][INFO] 2017-09-21 19:07:26,419: -SERVICE [/view/rectangle_mode] /view rosrpc://ubuntu:50705
[rosmaster.master][INFO] 2017-09-21 19:07:26,420: -PUB [/camera/image_raw] /camera http://ubuntu:38411/
[rosmaster.master][INFO] 2017-09-21 19:07:26,423: -SERVICE [/view/grabcut_mode] /view rosrpc://ubuntu:50705
[rosmaster.master][INFO] 2017-09-21 19:07:26,428: -PUB [/camera/image_raw/theora] /camera http://ubuntu:38411/
[rosmaster.master][INFO] 2017-09-21 19:07:26,432: -SERVICE [/view/grabcut_rect_mode] /view rosrpc://ubuntu:50705
[rosmaster.master][INFO] 2017-09-21 19:07:26,437: -PUB [/camera/image_raw/theora/parameter_descriptions] /camera http://ubuntu:38411/
[rosmaster.master][INFO] 2017-09-21 19:07:26,438: -PUB [/camera/image_raw/theora/parameter_updates] /camera http://ubuntu:38411/
[rosmaster.master][INFO] 2017-09-21 19:07:26,439: -PUB [/camera/camera_info] /camera http://ubuntu:38411/
[rosmaster.master][INFO] 2017-09-21 19:07:26,441: -SERVICE [/view/line_mode] /view rosrpc://ubuntu:50705
[rosmaster.master][INFO] 2017-09-21 19:07:26,442: -SERVICE [/camera/get_loggers] /camera rosrpc://ubuntu:60776
[rosmaster.master][INFO] 2017-09-21 19:07:26,443: -SERVICE [/camera/set_logger_level] /camera rosrpc://ubuntu:60776
[rosmaster.master][INFO] 2017-09-21 19:07:26,453: -SERVICE [/view/poly_mode] /view rosrpc://ubuntu:50705
[rosmaster.master][INFO] 2017-09-21 19:07:26,453: -SERVICE [/camera/set_camera_info] /camera rosrpc://ubuntu:60776
[rosmaster.master][INFO] 2017-09-21 19:07:26,454: -SERVICE [/camera/image_raw/compressedDepth/set_parameters] /camera rosrpc://ubuntu:60776
[rosmaster.master][INFO] 2017-09-21 19:07:26,456: -SERVICE [/view/none_mode] /view rosrpc://ubuntu:50705
[rosmaster.master][INFO] 2017-09-21 19:07:26,457: -SERVICE [/camera/image_raw/compressed/set_parameters] /camera rosrpc://ubuntu:60776
[rosmaster.master][INFO] 2017-09-21 19:07:26,459: -SERVICE [/camera/image_raw/theora/set_parameters] /camera rosrpc://ubuntu:60776
[rosmaster.master][INFO] 2017-09-21 19:07:26,464: -SERVICE [/view/set_parameters] /view rosrpc://ubuntu:50705
[rosmaster.master][INFO] 2017-09-21 19:07:26,474: publisherUpdate[/rosout] -> http://ubuntu:46659/ ['http://ubuntu:40806/']
[rosmaster.master][INFO] 2017-09-21 19:07:26,475: publisherUpdate[/camera/image_raw] -> http://ubuntu:40806/ []
[rosmaster.master][INFO] 2017-09-21 19:07:26,477: publisherUpdate[/rosout] -> http://ubuntu:46659/ ['http://ubuntu:40806/']: sec=0.00, result=[1, '', 0]
[rosmaster.master][INFO] 2017-09-21 19:07:26,477: publisherUpdate[/camera/image_raw] -> http://ubuntu:40806/ []: sec=0.00, exception=[Errno 111] Connection refused
[rosmaster.threadpool][ERROR] 2017-09-21 19:07:26,486: Traceback (most recent call last):
  File "/opt/ros/kinetic/lib/python2.7/dist-packages/rosmaster/threadpool.py", line 218, in run
    result = cmd(*args)
  File "/opt/ros/kinetic/lib/python2.7/dist-packages/rosmaster/master_api.py", line 210, in publisher_update_task
    ret = xmlrpcapi(api).publisherUpdate('/master', topic, pub_uris)
  File "/usr/lib/python2.7/xmlrpclib.py", line 1243, in __call__
    return self.__send(self.__name, args)
  File "/usr/lib/python2.7/xmlrpclib.py", line 1602, in __request
    verbose=self.__verbose
  File "/usr/lib/python2.7/xmlrpclib.py", line 1283, in request
    return self.single_request(host, handler, request_body, verbose)
  File "/usr/lib/python2.7/xmlrpclib.py", line 1311, in single_request
    self.send_content(h, request_body)
  File "/usr/lib/python2.7/xmlrpclib.py", line 1459, in send_content
    connection.endheaders(request_body)
  File "/usr/lib/python2.7/httplib.py", line 1053, in endheaders
    self._send_output(message_body)
  File "/usr/lib/python2.7/httplib.py", line 897, in _send_output
    self.send(msg)
  File "/usr/lib/python2.7/httplib.py", line 859, in send
    self.connect()
  File "/usr/lib/python2.7/httplib.py", line 836, in connect
    self.timeout, self.source_address)
  File "/usr/lib/python2.7/socket.py", line 575, in create_connection
    raise err
error: [Errno 111] Connection refused

[rosmaster.master][INFO] 2017-09-21 19:07:26,980: -PUB [/rosout_agg] /rosout http://ubuntu:46659/
[rosmaster.master][INFO] 2017-09-21 19:07:26,981: -SUB [/rosout] /rosout http://ubuntu:46659/
[rosmaster.master][INFO] 2017-09-21 19:07:26,982: -SERVICE [/rosout/get_loggers] /rosout rosrpc://ubuntu:38372
[rosmaster.master][INFO] 2017-09-21 19:07:26,982: -SERVICE [/rosout/set_logger_level] /rosout rosrpc://ubuntu:38372
[rosmaster.main][INFO] 2017-09-21 19:07:26,994: keyboard interrupt, will exit
[rosmaster.main][INFO] 2017-09-21 19:07:26,994: stopping master...
[rospy.core][INFO] 2017-09-21 19:07:26,994: signal_shutdown [atexit]
