[rosmaster.main][INFO] 2017-09-22 16:09:28,246: initialization complete, waiting for shutdown
[rosmaster.main][INFO] 2017-09-22 16:09:28,246: Starting ROS Master Node
[xmlrpc][INFO] 2017-09-22 16:09:28,246: XML-RPC server binding to 0.0.0.0:11311
[xmlrpc][INFO] 2017-09-22 16:09:28,247: Started XML-RPC server [http://ubuntu:11311/]
[xmlrpc][INFO] 2017-09-22 16:09:28,247: xml rpc node: starting XML-RPC server
[rosmaster.master][INFO] 2017-09-22 16:09:28,247: Master initialized: port[11311], uri[http://ubuntu:11311/]
[rosmaster.master][INFO] 2017-09-22 16:09:28,299: +PARAM [/run_id] by /roslaunch
[rosmaster.master][INFO] 2017-09-22 16:09:28,301: +PARAM [/roslaunch/uris/host_ubuntu__42733] by /roslaunch
[rosmaster.master][INFO] 2017-09-22 16:09:28,390: +PARAM [/rosversion] by /roslaunch
[rosmaster.master][INFO] 2017-09-22 16:09:28,390: +PARAM [/rosdistro] by /roslaunch
[rosmaster.master][INFO] 2017-09-22 16:09:28,390: +PARAM [/camera/device_id] by /roslaunch
[rosmaster.master][INFO] 2017-09-22 16:09:28,402: +SERVICE [/rosout/get_loggers] /rosout http://ubuntu:33889/
[rosmaster.master][INFO] 2017-09-22 16:09:28,411: +SERVICE [/rosout/set_logger_level] /rosout http://ubuntu:33889/
[rosmaster.master][INFO] 2017-09-22 16:09:28,413: +PUB [/rosout_agg] /rosout http://ubuntu:33889/
[rosmaster.master][INFO] 2017-09-22 16:09:28,434: +SUB [/rosout] /rosout http://ubuntu:33889/
[rosmaster.master][INFO] 2017-09-22 16:09:28,503: +PUB [/rosout] /image_converter http://ubuntu:43876/
[rosmaster.master][INFO] 2017-09-22 16:09:28,504: +SERVICE [/image_converter/get_loggers] /image_converter http://ubuntu:43876/
[rosmaster.master][INFO] 2017-09-22 16:09:28,506: +SERVICE [/image_converter/set_logger_level] /image_converter http://ubuntu:43876/
[rosmaster.master][INFO] 2017-09-22 16:09:28,548: publisherUpdate[/rosout] -> http://ubuntu:33889/ ['http://ubuntu:43876/']
[rosmaster.master][INFO] 2017-09-22 16:09:28,550: publisherUpdate[/rosout] -> http://ubuntu:33889/ ['http://ubuntu:43876/']: sec=0.00, result=[1, '', 0]
[rosmaster.master][INFO] 2017-09-22 16:09:28,563: +PUB [/rosout] /view http://ubuntu:45466/
[rosmaster.master][INFO] 2017-09-22 16:09:28,563: +SERVICE [/view/get_loggers] /view http://ubuntu:45466/
[rosmaster.master][INFO] 2017-09-22 16:09:28,565: +SERVICE [/view/set_logger_level] /view http://ubuntu:45466/
[rosmaster.master][INFO] 2017-09-22 16:09:28,585: +PUB [/rosout] /camera http://ubuntu:43943/
[rosmaster.master][INFO] 2017-09-22 16:09:28,586: +SUB [/tf] /view http://ubuntu:45466/
[rosmaster.master][INFO] 2017-09-22 16:09:28,586: +SERVICE [/camera/get_loggers] /camera http://ubuntu:43943/
[rosmaster.master][INFO] 2017-09-22 16:09:28,588: +SERVICE [/camera/set_logger_level] /camera http://ubuntu:43943/
[rosmaster.master][INFO] 2017-09-22 16:09:28,603: +SUB [/tf_static] /view http://ubuntu:45466/
[rosmaster.master][INFO] 2017-09-22 16:09:28,649: publisherUpdate[/rosout] -> http://ubuntu:33889/ ['http://ubuntu:43876/', 'http://ubuntu:45466/']
[rosmaster.master][INFO] 2017-09-22 16:09:28,650: publisherUpdate[/rosout] -> http://ubuntu:33889/ ['http://ubuntu:43876/', 'http://ubuntu:45466/']: sec=0.00, result=[1, '', 0]
[rosmaster.master][INFO] 2017-09-22 16:09:28,650: publisherUpdate[/rosout] -> http://ubuntu:33889/ ['http://ubuntu:43876/', 'http://ubuntu:45466/', 'http://ubuntu:43943/']
[rosmaster.master][INFO] 2017-09-22 16:09:28,651: publisherUpdate[/rosout] -> http://ubuntu:33889/ ['http://ubuntu:43876/', 'http://ubuntu:45466/', 'http://ubuntu:43943/']: sec=0.00, result=[1, '', 0]
[rosmaster.master][INFO] 2017-09-22 16:09:28,660: +SERVICE [/camera/set_camera_info] /camera http://ubuntu:43943/
[rosmaster.master][INFO] 2017-09-22 16:09:28,664: +SUB [/camera/image_raw] /image_converter http://ubuntu:43876/
[rosmaster.master][INFO] 2017-09-22 16:09:28,666: +PUB [/image/screenpoint] /view http://ubuntu:45466/
[rosmaster.master][INFO] 2017-09-22 16:09:28,667: +PUB [/image/screenpoint_array] /view http://ubuntu:45466/
[rosmaster.master][INFO] 2017-09-22 16:09:28,669: +PUB [/image/screenrectangle] /view http://ubuntu:45466/
[rosmaster.master][INFO] 2017-09-22 16:09:28,674: +PUB [/image/screenrectangle_image] /view http://ubuntu:45466/
[rosmaster.master][INFO] 2017-09-22 16:09:28,675: +PUB [/image/movepoint] /view http://ubuntu:45466/
[rosmaster.master][INFO] 2017-09-22 16:09:28,676: +PUB [/image/foreground] /view http://ubuntu:45466/
[rosmaster.master][INFO] 2017-09-22 16:09:28,676: +PUB [/image/background] /view http://ubuntu:45466/
[rosmaster.master][INFO] 2017-09-22 16:09:28,677: +PUB [/image/foreground_rect] /view http://ubuntu:45466/
[rosmaster.master][INFO] 2017-09-22 16:09:28,678: +PUB [/image/background_rect] /view http://ubuntu:45466/
[rosmaster.master][INFO] 2017-09-22 16:09:28,678: +PUB [/image/line] /view http://ubuntu:45466/
[rosmaster.master][INFO] 2017-09-22 16:09:28,680: +PUB [/image/poly] /view http://ubuntu:45466/
[rosmaster.master][INFO] 2017-09-22 16:09:28,726: +PUB [/image/compressedDepth] /image_converter http://ubuntu:43876/
[rosmaster.master][INFO] 2017-09-22 16:09:28,727: +SERVICE [/image/compressedDepth/set_parameters] /image_converter http://ubuntu:43876/
[rosmaster.master][INFO] 2017-09-22 16:09:28,728: +PUB [/image/compressedDepth/parameter_descriptions] /image_converter http://ubuntu:43876/
[rosmaster.master][INFO] 2017-09-22 16:09:28,729: +PUB [/image/compressedDepth/parameter_updates] /image_converter http://ubuntu:43876/
[rosmaster.master][INFO] 2017-09-22 16:09:28,731: +PARAM [/image/compressedDepth/depth_max] by /image_converter
[rosmaster.master][INFO] 2017-09-22 16:09:28,732: +PARAM [/image/compressedDepth/depth_quantization] by /image_converter
[rosmaster.master][INFO] 2017-09-22 16:09:28,733: +PARAM [/image/compressedDepth/png_level] by /image_converter
[rosmaster.master][INFO] 2017-09-22 16:09:28,736: +PARAM [/image/compressedDepth/depth_max] by /image_converter
[rosmaster.master][INFO] 2017-09-22 16:09:28,737: +PARAM [/image/compressedDepth/depth_quantization] by /image_converter
[rosmaster.master][INFO] 2017-09-22 16:09:28,738: +PARAM [/image/compressedDepth/png_level] by /image_converter
[rosmaster.master][INFO] 2017-09-22 16:09:28,754: +PUB [/image_marked/compressedDepth] /view http://ubuntu:45466/
[rosmaster.master][INFO] 2017-09-22 16:09:28,755: +SERVICE [/image_marked/compressedDepth/set_parameters] /view http://ubuntu:45466/
[rosmaster.master][INFO] 2017-09-22 16:09:28,756: +PUB [/image_marked/compressedDepth/parameter_descriptions] /view http://ubuntu:45466/
[rosmaster.master][INFO] 2017-09-22 16:09:28,756: +PUB [/image_marked/compressedDepth/parameter_updates] /view http://ubuntu:45466/
[rosmaster.master][INFO] 2017-09-22 16:09:28,761: +PARAM [/image_marked/compressedDepth/depth_max] by /view
[rosmaster.master][INFO] 2017-09-22 16:09:28,762: +PARAM [/image_marked/compressedDepth/depth_quantization] by /view
[rosmaster.master][INFO] 2017-09-22 16:09:28,766: +PARAM [/image_marked/compressedDepth/png_level] by /view
[rosmaster.master][INFO] 2017-09-22 16:09:28,767: +PARAM [/image_marked/compressedDepth/depth_max] by /view
[rosmaster.master][INFO] 2017-09-22 16:09:28,768: +PARAM [/image_marked/compressedDepth/depth_quantization] by /view
[rosmaster.master][INFO] 2017-09-22 16:09:28,768: +PARAM [/image_marked/compressedDepth/png_level] by /view
[rosmaster.master][INFO] 2017-09-22 16:09:28,801: +PUB [/image/compressed] /image_converter http://ubuntu:43876/
[rosmaster.master][INFO] 2017-09-22 16:09:28,802: +SERVICE [/image/compressed/set_parameters] /image_converter http://ubuntu:43876/
[rosmaster.master][INFO] 2017-09-22 16:09:28,802: +PUB [/image/compressed/parameter_descriptions] /image_converter http://ubuntu:43876/
[rosmaster.master][INFO] 2017-09-22 16:09:28,803: +PUB [/image/compressed/parameter_updates] /image_converter http://ubuntu:43876/
[rosmaster.master][INFO] 2017-09-22 16:09:28,806: +PARAM [/image/compressed/format] by /image_converter
[rosmaster.master][INFO] 2017-09-22 16:09:28,810: +PARAM [/image/compressed/jpeg_quality] by /image_converter
[rosmaster.master][INFO] 2017-09-22 16:09:28,811: +PARAM [/image/compressed/png_level] by /image_converter
[rosmaster.master][INFO] 2017-09-22 16:09:28,812: +PARAM [/image/compressed/format] by /image_converter
[rosmaster.master][INFO] 2017-09-22 16:09:28,813: +PARAM [/image/compressed/jpeg_quality] by /image_converter
[rosmaster.master][INFO] 2017-09-22 16:09:28,813: +PARAM [/image/compressed/png_level] by /image_converter
[rosmaster.master][INFO] 2017-09-22 16:09:28,830: +PUB [/image_marked/compressed] /view http://ubuntu:45466/
[rosmaster.master][INFO] 2017-09-22 16:09:28,831: +SERVICE [/image_marked/compressed/set_parameters] /view http://ubuntu:45466/
[rosmaster.master][INFO] 2017-09-22 16:09:28,832: +PUB [/image_marked/compressed/parameter_descriptions] /view http://ubuntu:45466/
[rosmaster.master][INFO] 2017-09-22 16:09:28,833: +PUB [/image_marked/compressed/parameter_updates] /view http://ubuntu:45466/
[rosmaster.master][INFO] 2017-09-22 16:09:28,835: +PARAM [/image_marked/compressed/format] by /view
[rosmaster.master][INFO] 2017-09-22 16:09:28,836: +PARAM [/image_marked/compressed/jpeg_quality] by /view
[rosmaster.master][INFO] 2017-09-22 16:09:28,837: +PARAM [/image_marked/compressed/png_level] by /view
[rosmaster.master][INFO] 2017-09-22 16:09:28,838: +PARAM [/image_marked/compressed/format] by /view
[rosmaster.master][INFO] 2017-09-22 16:09:28,841: +PARAM [/image_marked/compressed/jpeg_quality] by /view
[rosmaster.master][INFO] 2017-09-22 16:09:28,842: +PARAM [/image_marked/compressed/png_level] by /view
[rosmaster.master][INFO] 2017-09-22 16:09:28,874: +PUB [/image] /image_converter http://ubuntu:43876/
[rosmaster.master][INFO] 2017-09-22 16:09:28,906: +PUB [/image_marked] /view http://ubuntu:45466/
[rosmaster.master][INFO] 2017-09-22 16:09:28,959: +PUB [/image/theora] /image_converter http://ubuntu:43876/
[rosmaster.master][INFO] 2017-09-22 16:09:28,960: +SERVICE [/image/theora/set_parameters] /image_converter http://ubuntu:43876/
[rosmaster.master][INFO] 2017-09-22 16:09:28,960: +PUB [/image/theora/parameter_descriptions] /image_converter http://ubuntu:43876/
[rosmaster.master][INFO] 2017-09-22 16:09:28,961: +PUB [/image/theora/parameter_updates] /image_converter http://ubuntu:43876/
[rosmaster.master][INFO] 2017-09-22 16:09:28,969: +PARAM [/image/theora/optimize_for] by /image_converter
[rosmaster.master][INFO] 2017-09-22 16:09:28,969: +PUB [/camera/image_raw/compressedDepth] /camera http://ubuntu:43943/
[rosmaster.master][INFO] 2017-09-22 16:09:28,970: +PARAM [/image/theora/target_bitrate] by /image_converter
[rosmaster.master][INFO] 2017-09-22 16:09:28,973: +SERVICE [/camera/image_raw/compressedDepth/set_parameters] /camera http://ubuntu:43943/
[rosmaster.master][INFO] 2017-09-22 16:09:28,974: +PARAM [/image/theora/quality] by /image_converter
[rosmaster.master][INFO] 2017-09-22 16:09:28,976: +PUB [/camera/image_raw/compressedDepth/parameter_descriptions] /camera http://ubuntu:43943/
[rosmaster.master][INFO] 2017-09-22 16:09:28,977: +PARAM [/image/theora/keyframe_frequency] by /image_converter
[rosmaster.master][INFO] 2017-09-22 16:09:28,979: +PUB [/camera/image_raw/compressedDepth/parameter_updates] /camera http://ubuntu:43943/
[rosmaster.master][INFO] 2017-09-22 16:09:28,980: +PARAM [/image/theora/optimize_for] by /image_converter
[rosmaster.master][INFO] 2017-09-22 16:09:28,984: +PARAM [/image/theora/target_bitrate] by /image_converter
[rosmaster.master][INFO] 2017-09-22 16:09:28,985: +PARAM [/image/theora/quality] by /image_converter
[rosmaster.master][INFO] 2017-09-22 16:09:28,988: +PARAM [/image/theora/keyframe_frequency] by /image_converter
[rosmaster.master][INFO] 2017-09-22 16:09:28,990: +PARAM [/camera/image_raw/compressedDepth/depth_max] by /camera
[rosmaster.master][INFO] 2017-09-22 16:09:28,991: +PARAM [/camera/image_raw/compressedDepth/depth_quantization] by /camera
[rosmaster.master][INFO] 2017-09-22 16:09:28,992: +PARAM [/camera/image_raw/compressedDepth/png_level] by /camera
[rosmaster.master][INFO] 2017-09-22 16:09:28,994: +PARAM [/camera/image_raw/compressedDepth/depth_max] by /camera
[rosmaster.master][INFO] 2017-09-22 16:09:28,995: +PARAM [/camera/image_raw/compressedDepth/depth_quantization] by /camera
[rosmaster.master][INFO] 2017-09-22 16:09:28,997: +PUB [/image_marked/theora] /view http://ubuntu:45466/
[rosmaster.master][INFO] 2017-09-22 16:09:28,997: +PARAM [/camera/image_raw/compressedDepth/png_level] by /camera
[rosmaster.master][INFO] 2017-09-22 16:09:29,002: +SERVICE [/image_marked/theora/set_parameters] /view http://ubuntu:45466/
[rosmaster.master][INFO] 2017-09-22 16:09:29,003: +PUB [/image_marked/theora/parameter_descriptions] /view http://ubuntu:45466/
[rosmaster.master][INFO] 2017-09-22 16:09:29,006: +PUB [/image_marked/theora/parameter_updates] /view http://ubuntu:45466/
[rosmaster.master][INFO] 2017-09-22 16:09:29,010: +PARAM [/image_marked/theora/optimize_for] by /view
[rosmaster.master][INFO] 2017-09-22 16:09:29,011: +PARAM [/image_marked/theora/target_bitrate] by /view
[rosmaster.master][INFO] 2017-09-22 16:09:29,014: +PARAM [/image_marked/theora/quality] by /view
[rosmaster.master][INFO] 2017-09-22 16:09:29,015: +PARAM [/image_marked/theora/keyframe_frequency] by /view
[rosmaster.master][INFO] 2017-09-22 16:09:29,015: +PARAM [/image_marked/theora/optimize_for] by /view
[rosmaster.master][INFO] 2017-09-22 16:09:29,017: +PARAM [/image_marked/theora/target_bitrate] by /view
[rosmaster.master][INFO] 2017-09-22 16:09:29,022: +PARAM [/image_marked/theora/quality] by /view
[rosmaster.master][INFO] 2017-09-22 16:09:29,023: +PARAM [/image_marked/theora/keyframe_frequency] by /view
[rosmaster.master][INFO] 2017-09-22 16:09:29,055: +PUB [/camera/image_raw/compressed] /camera http://ubuntu:43943/
[rosmaster.master][INFO] 2017-09-22 16:09:29,055: +SERVICE [/camera/image_raw/compressed/set_parameters] /camera http://ubuntu:43943/
[rosmaster.master][INFO] 2017-09-22 16:09:29,056: +PUB [/camera/image_raw/compressed/parameter_descriptions] /camera http://ubuntu:43943/
[rosmaster.master][INFO] 2017-09-22 16:09:29,058: +PUB [/camera/image_raw/compressed/parameter_updates] /camera http://ubuntu:43943/
[rosmaster.master][INFO] 2017-09-22 16:09:29,060: +PARAM [/camera/image_raw/compressed/format] by /camera
[rosmaster.master][INFO] 2017-09-22 16:09:29,062: +PARAM [/camera/image_raw/compressed/jpeg_quality] by /camera
[rosmaster.master][INFO] 2017-09-22 16:09:29,063: +PARAM [/camera/image_raw/compressed/png_level] by /camera
[rosmaster.master][INFO] 2017-09-22 16:09:29,066: +PARAM [/camera/image_raw/compressed/format] by /camera
[rosmaster.master][INFO] 2017-09-22 16:09:29,067: +PARAM [/camera/image_raw/compressed/jpeg_quality] by /camera
[rosmaster.master][INFO] 2017-09-22 16:09:29,068: +PARAM [/camera/image_raw/compressed/png_level] by /camera
[rosmaster.master][INFO] 2017-09-22 16:09:29,082: +PUB [/image/marked/compressedDepth] /view http://ubuntu:45466/
[rosmaster.master][INFO] 2017-09-22 16:09:29,083: +SERVICE [/image/marked/compressedDepth/set_parameters] /view http://ubuntu:45466/
[rosmaster.master][INFO] 2017-09-22 16:09:29,084: +PUB [/image/marked/compressedDepth/parameter_descriptions] /view http://ubuntu:45466/
[rosmaster.master][INFO] 2017-09-22 16:09:29,084: +PUB [/image/marked/compressedDepth/parameter_updates] /view http://ubuntu:45466/
[rosmaster.master][INFO] 2017-09-22 16:09:29,087: +PARAM [/image/marked/compressedDepth/depth_max] by /view
[rosmaster.master][INFO] 2017-09-22 16:09:29,087: +PARAM [/image/marked/compressedDepth/depth_quantization] by /view
[rosmaster.master][INFO] 2017-09-22 16:09:29,088: +PARAM [/image/marked/compressedDepth/png_level] by /view
[rosmaster.master][INFO] 2017-09-22 16:09:29,089: +PARAM [/image/marked/compressedDepth/depth_max] by /view
[rosmaster.master][INFO] 2017-09-22 16:09:29,090: +PARAM [/image/marked/compressedDepth/depth_quantization] by /view
[rosmaster.master][INFO] 2017-09-22 16:09:29,094: +PARAM [/image/marked/compressedDepth/png_level] by /view
[rosmaster.master][INFO] 2017-09-22 16:09:29,128: +PUB [/camera/image_raw] /camera http://ubuntu:43943/
[rosmaster.master][INFO] 2017-09-22 16:09:29,146: +PUB [/image/marked/compressed] /view http://ubuntu:45466/
[rosmaster.master][INFO] 2017-09-22 16:09:29,147: +SERVICE [/image/marked/compressed/set_parameters] /view http://ubuntu:45466/
[rosmaster.master][INFO] 2017-09-22 16:09:29,148: +PUB [/image/marked/compressed/parameter_descriptions] /view http://ubuntu:45466/
[rosmaster.master][INFO] 2017-09-22 16:09:29,148: +PUB [/image/marked/compressed/parameter_updates] /view http://ubuntu:45466/
[rosmaster.master][INFO] 2017-09-22 16:09:29,151: +PARAM [/image/marked/compressed/format] by /view
[rosmaster.master][INFO] 2017-09-22 16:09:29,151: +PARAM [/image/marked/compressed/jpeg_quality] by /view
[rosmaster.master][INFO] 2017-09-22 16:09:29,152: publisherUpdate[/camera/image_raw] -> http://ubuntu:43876/ ['http://ubuntu:43943/']
[rosmaster.master][INFO] 2017-09-22 16:09:29,153: publisherUpdate[/camera/image_raw] -> http://ubuntu:43876/ ['http://ubuntu:43943/']: sec=0.00, result=[1, '', 0]
[rosmaster.master][INFO] 2017-09-22 16:09:29,153: +PARAM [/image/marked/compressed/png_level] by /view
[rosmaster.master][INFO] 2017-09-22 16:09:29,154: +PARAM [/image/marked/compressed/format] by /view
[rosmaster.master][INFO] 2017-09-22 16:09:29,158: +PARAM [/image/marked/compressed/jpeg_quality] by /view
[rosmaster.master][INFO] 2017-09-22 16:09:29,159: +PARAM [/image/marked/compressed/png_level] by /view
[rosmaster.master][INFO] 2017-09-22 16:09:29,192: +PUB [/camera/image_raw/theora] /camera http://ubuntu:43943/
[rosmaster.master][INFO] 2017-09-22 16:09:29,192: +SERVICE [/camera/image_raw/theora/set_parameters] /camera http://ubuntu:43943/
[rosmaster.master][INFO] 2017-09-22 16:09:29,193: +PUB [/camera/image_raw/theora/parameter_descriptions] /camera http://ubuntu:43943/
[rosmaster.master][INFO] 2017-09-22 16:09:29,194: +PUB [/camera/image_raw/theora/parameter_updates] /camera http://ubuntu:43943/
[rosmaster.master][INFO] 2017-09-22 16:09:29,200: +PARAM [/camera/image_raw/theora/optimize_for] by /camera
[rosmaster.master][INFO] 2017-09-22 16:09:29,201: +PARAM [/camera/image_raw/theora/target_bitrate] by /camera
[rosmaster.master][INFO] 2017-09-22 16:09:29,202: +PARAM [/camera/image_raw/theora/quality] by /camera
[rosmaster.master][INFO] 2017-09-22 16:09:29,202: +PARAM [/camera/image_raw/theora/keyframe_frequency] by /camera
[rosmaster.master][INFO] 2017-09-22 16:09:29,203: +PARAM [/camera/image_raw/theora/optimize_for] by /camera
[rosmaster.master][INFO] 2017-09-22 16:09:29,207: +PARAM [/camera/image_raw/theora/target_bitrate] by /camera
[rosmaster.master][INFO] 2017-09-22 16:09:29,207: +PARAM [/camera/image_raw/theora/quality] by /camera
[rosmaster.master][INFO] 2017-09-22 16:09:29,208: +PARAM [/camera/image_raw/theora/keyframe_frequency] by /camera
[rosmaster.master][INFO] 2017-09-22 16:09:29,209: +PUB [/camera/camera_info] /camera http://ubuntu:43943/
[rosmaster.master][INFO] 2017-09-22 16:09:29,215: +PUB [/image/marked] /view http://ubuntu:45466/
[rosmaster.master][INFO] 2017-09-22 16:09:29,252: +PUB [/image/marked/theora] /view http://ubuntu:45466/
[rosmaster.master][INFO] 2017-09-22 16:09:29,253: +SERVICE [/image/marked/theora/set_parameters] /view http://ubuntu:45466/
[rosmaster.master][INFO] 2017-09-22 16:09:29,253: +PUB [/image/marked/theora/parameter_descriptions] /view http://ubuntu:45466/
[rosmaster.master][INFO] 2017-09-22 16:09:29,254: +PUB [/image/marked/theora/parameter_updates] /view http://ubuntu:45466/
[rosmaster.master][INFO] 2017-09-22 16:09:29,257: +PARAM [/image/marked/theora/optimize_for] by /view
[rosmaster.master][INFO] 2017-09-22 16:09:29,257: +PARAM [/image/marked/theora/target_bitrate] by /view
[rosmaster.master][INFO] 2017-09-22 16:09:29,258: +PARAM [/image/marked/theora/quality] by /view
[rosmaster.master][INFO] 2017-09-22 16:09:29,259: +PARAM [/image/marked/theora/keyframe_frequency] by /view
[rosmaster.master][INFO] 2017-09-22 16:09:29,259: +PARAM [/image/marked/theora/optimize_for] by /view
[rosmaster.master][INFO] 2017-09-22 16:09:29,260: +PARAM [/image/marked/theora/target_bitrate] by /view
[rosmaster.master][INFO] 2017-09-22 16:09:29,261: +PARAM [/image/marked/theora/quality] by /view
[rosmaster.master][INFO] 2017-09-22 16:09:29,261: +PARAM [/image/marked/theora/keyframe_frequency] by /view
[rosmaster.master][INFO] 2017-09-22 16:09:29,291: +SUB [/image] /view http://ubuntu:45466/
[rosmaster.master][INFO] 2017-09-22 16:09:29,295: +SUB [/camera_info] /view http://ubuntu:45466/
[rosmaster.master][INFO] 2017-09-22 16:09:29,298: +SUB [/image_marker] /view http://ubuntu:45466/
[rosmaster.master][INFO] 2017-09-22 16:09:29,301: +SUB [/image/event] /view http://ubuntu:45466/
[rosmaster.master][INFO] 2017-09-22 16:09:29,302: +SERVICE [/view/change_mode] /view http://ubuntu:45466/
[rosmaster.master][INFO] 2017-09-22 16:09:29,302: +SERVICE [/view/rectangle_mode] /view http://ubuntu:45466/
[rosmaster.master][INFO] 2017-09-22 16:09:29,303: +SERVICE [/view/grabcut_mode] /view http://ubuntu:45466/
[rosmaster.master][INFO] 2017-09-22 16:09:29,304: +SERVICE [/view/grabcut_rect_mode] /view http://ubuntu:45466/
[rosmaster.master][INFO] 2017-09-22 16:09:29,304: +SERVICE [/view/line_mode] /view http://ubuntu:45466/
[rosmaster.master][INFO] 2017-09-22 16:09:29,305: +SERVICE [/view/poly_mode] /view http://ubuntu:45466/
[rosmaster.master][INFO] 2017-09-22 16:09:29,306: +SERVICE [/view/none_mode] /view http://ubuntu:45466/
[rosmaster.master][INFO] 2017-09-22 16:09:29,307: +SERVICE [/view/set_parameters] /view http://ubuntu:45466/
[rosmaster.master][INFO] 2017-09-22 16:09:29,308: +PUB [/view/parameter_descriptions] /view http://ubuntu:45466/
[rosmaster.master][INFO] 2017-09-22 16:09:29,308: +PUB [/view/parameter_updates] /view http://ubuntu:45466/
[rosmaster.master][INFO] 2017-09-22 16:09:29,314: +PARAM [/view/grid] by /view
[rosmaster.master][INFO] 2017-09-22 16:09:29,314: +PARAM [/view/fisheye_mode] by /view
[rosmaster.master][INFO] 2017-09-22 16:09:29,315: +PARAM [/view/div_u] by /view
[rosmaster.master][INFO] 2017-09-22 16:09:29,315: +PARAM [/view/div_v] by /view
[rosmaster.master][INFO] 2017-09-22 16:09:29,316: +PARAM [/view/grid_red] by /view
[rosmaster.master][INFO] 2017-09-22 16:09:29,317: +PARAM [/view/grid_green] by /view
[rosmaster.master][INFO] 2017-09-22 16:09:29,317: +PARAM [/view/grid_blue] by /view
[rosmaster.master][INFO] 2017-09-22 16:09:29,318: +PARAM [/view/grid_thickness] by /view
[rosmaster.master][INFO] 2017-09-22 16:09:29,319: +PARAM [/view/grid_space] by /view
[rosmaster.master][INFO] 2017-09-22 16:09:29,319: +PARAM [/view/grid] by /view
[rosmaster.master][INFO] 2017-09-22 16:09:29,320: +PARAM [/view/fisheye_mode] by /view
[rosmaster.master][INFO] 2017-09-22 16:09:29,321: +PARAM [/view/div_u] by /view
[rosmaster.master][INFO] 2017-09-22 16:09:29,321: +PARAM [/view/div_v] by /view
[rosmaster.master][INFO] 2017-09-22 16:09:29,322: +PARAM [/view/grid_red] by /view
[rosmaster.master][INFO] 2017-09-22 16:09:29,323: +PARAM [/view/grid_green] by /view
[rosmaster.master][INFO] 2017-09-22 16:09:29,323: +PARAM [/view/grid_blue] by /view
[rosmaster.master][INFO] 2017-09-22 16:09:29,324: +PARAM [/view/grid_thickness] by /view
[rosmaster.master][INFO] 2017-09-22 16:09:29,325: +PARAM [/view/grid_space] by /view
[rosmaster.master][INFO] 2017-09-22 16:09:33,005: -PUB [/rosout] /view http://ubuntu:45466/
[rosmaster.master][INFO] 2017-09-22 16:09:33,006: -PUB [/rosout] /image_converter http://ubuntu:43876/
[rosmaster.master][INFO] 2017-09-22 16:09:33,010: -PUB [/image/screenpoint] /view http://ubuntu:45466/
[rosmaster.master][INFO] 2017-09-22 16:09:33,014: -PUB [/image/screenpoint_array] /view http://ubuntu:45466/
[rosmaster.master][INFO] 2017-09-22 16:09:33,023: -PUB [/image/compressedDepth] /image_converter http://ubuntu:43876/
[rosmaster.master][INFO] 2017-09-22 16:09:33,026: -PUB [/image/screenrectangle] /view http://ubuntu:45466/
[rosmaster.master][INFO] 2017-09-22 16:09:33,026: -PUB [/image/compressedDepth/parameter_descriptions] /image_converter http://ubuntu:43876/
[rosmaster.master][INFO] 2017-09-22 16:09:33,030: -PUB [/image/compressedDepth/parameter_updates] /image_converter http://ubuntu:43876/
[rosmaster.master][INFO] 2017-09-22 16:09:33,039: -PUB [/image/screenrectangle_image] /view http://ubuntu:45466/
[rosmaster.master][INFO] 2017-09-22 16:09:33,041: -PUB [/image/movepoint] /view http://ubuntu:45466/
[rosmaster.master][INFO] 2017-09-22 16:09:33,042: -PUB [/image/foreground] /view http://ubuntu:45466/
[rosmaster.master][INFO] 2017-09-22 16:09:33,045: -PUB [/image/background] /view http://ubuntu:45466/
[rosmaster.master][INFO] 2017-09-22 16:09:33,047: -PUB [/image/compressed] /image_converter http://ubuntu:43876/
[rosmaster.master][INFO] 2017-09-22 16:09:33,051: -PUB [/image/compressed/parameter_descriptions] /image_converter http://ubuntu:43876/
[rosmaster.master][INFO] 2017-09-22 16:09:33,053: -PUB [/image/foreground_rect] /view http://ubuntu:45466/
[rosmaster.master][INFO] 2017-09-22 16:09:33,061: -PUB [/image/background_rect] /view http://ubuntu:45466/
[rosmaster.master][INFO] 2017-09-22 16:09:33,065: -PUB [/image/line] /view http://ubuntu:45466/
[rosmaster.master][INFO] 2017-09-22 16:09:33,068: -PUB [/image/compressed/parameter_updates] /image_converter http://ubuntu:43876/
[rosmaster.master][INFO] 2017-09-22 16:09:33,072: publisherUpdate[/rosout] -> http://ubuntu:33889/ ['http://ubuntu:43876/', 'http://ubuntu:43943/']
[rosmaster.master][INFO] 2017-09-22 16:09:33,074: publisherUpdate[/rosout] -> http://ubuntu:33889/ ['http://ubuntu:43876/', 'http://ubuntu:43943/']: sec=0.00, result=[1, '', 0]
[rosmaster.master][INFO] 2017-09-22 16:09:33,074: publisherUpdate[/rosout] -> http://ubuntu:33889/ ['http://ubuntu:43943/']
[rosmaster.master][INFO] 2017-09-22 16:09:33,078: publisherUpdate[/rosout] -> http://ubuntu:33889/ ['http://ubuntu:43943/']: sec=0.00, result=[1, '', 0]
[rosmaster.master][INFO] 2017-09-22 16:09:33,078: -PUB [/image] /image_converter http://ubuntu:43876/
[rosmaster.master][INFO] 2017-09-22 16:09:33,079: -PUB [/image/poly] /view http://ubuntu:45466/
[rosmaster.master][INFO] 2017-09-22 16:09:33,082: -PUB [/image_marked/compressedDepth] /view http://ubuntu:45466/
[rosmaster.master][INFO] 2017-09-22 16:09:33,091: -PUB [/image/theora] /image_converter http://ubuntu:43876/
[rosmaster.master][INFO] 2017-09-22 16:09:33,092: -PUB [/image_marked/compressedDepth/parameter_descriptions] /view http://ubuntu:45466/
[rosmaster.master][INFO] 2017-09-22 16:09:33,099: -PUB [/image_marked/compressedDepth/parameter_updates] /view http://ubuntu:45466/
[rosmaster.master][INFO] 2017-09-22 16:09:33,099: -PUB [/image/theora/parameter_descriptions] /image_converter http://ubuntu:43876/
[rosmaster.master][INFO] 2017-09-22 16:09:33,102: -PUB [/image/theora/parameter_updates] /image_converter http://ubuntu:43876/
[rosmaster.master][INFO] 2017-09-22 16:09:33,104: -PUB [/image_marked/compressed] /view http://ubuntu:45466/
[rosmaster.master][INFO] 2017-09-22 16:09:33,110: -SUB [/camera/image_raw] /image_converter http://ubuntu:43876/
[rosmaster.master][INFO] 2017-09-22 16:09:33,111: -PUB [/rosout] /camera http://ubuntu:43943/
[rosmaster.master][INFO] 2017-09-22 16:09:33,121: -SERVICE [/image_converter/get_loggers] /image_converter rosrpc://ubuntu:34595
[rosmaster.master][INFO] 2017-09-22 16:09:33,122: -PUB [/image_marked/compressed/parameter_descriptions] /view http://ubuntu:45466/
[rosmaster.master][INFO] 2017-09-22 16:09:33,122: -PUB [/camera/image_raw/compressedDepth] /camera http://ubuntu:43943/
[rosmaster.master][INFO] 2017-09-22 16:09:33,126: -SERVICE [/image_converter/set_logger_level] /image_converter rosrpc://ubuntu:34595
[rosmaster.master][INFO] 2017-09-22 16:09:33,127: -PUB [/image_marked/compressed/parameter_updates] /view http://ubuntu:45466/
[rosmaster.master][INFO] 2017-09-22 16:09:33,134: -PUB [/camera/image_raw/compressedDepth/parameter_descriptions] /camera http://ubuntu:43943/
[rosmaster.master][INFO] 2017-09-22 16:09:33,142: -PUB [/image_marked] /view http://ubuntu:45466/
[rosmaster.master][INFO] 2017-09-22 16:09:33,143: -SERVICE [/image/compressedDepth/set_parameters] /image_converter rosrpc://ubuntu:34595
[rosmaster.master][INFO] 2017-09-22 16:09:33,143: -PUB [/camera/image_raw/compressedDepth/parameter_updates] /camera http://ubuntu:43943/
[rosmaster.master][INFO] 2017-09-22 16:09:33,147: -PUB [/image_marked/theora] /view http://ubuntu:45466/
[rosmaster.master][INFO] 2017-09-22 16:09:33,147: -PUB [/camera/image_raw/compressed] /camera http://ubuntu:43943/
[rosmaster.master][INFO] 2017-09-22 16:09:33,155: -SERVICE [/image/compressed/set_parameters] /image_converter rosrpc://ubuntu:34595
[rosmaster.master][INFO] 2017-09-22 16:09:33,156: -PUB [/camera/image_raw/compressed/parameter_descriptions] /camera http://ubuntu:43943/
[rosmaster.master][INFO] 2017-09-22 16:09:33,165: -PUB [/image_marked/theora/parameter_descriptions] /view http://ubuntu:45466/
[rosmaster.master][INFO] 2017-09-22 16:09:33,170: -SERVICE [/image/theora/set_parameters] /image_converter rosrpc://ubuntu:34595
[rosmaster.master][INFO] 2017-09-22 16:09:33,171: -PUB [/camera/image_raw/compressed/parameter_updates] /camera http://ubuntu:43943/
[rosmaster.master][INFO] 2017-09-22 16:09:33,174: publisherUpdate[/image] -> http://ubuntu:45466/ []
[rosmaster.master][INFO] 2017-09-22 16:09:33,174: publisherUpdate[/rosout] -> http://ubuntu:33889/ []
[rosmaster.master][INFO] 2017-09-22 16:09:33,175: publisherUpdate[/rosout] -> http://ubuntu:33889/ []: sec=0.00, result=[1, '', 0]
[rosmaster.master][INFO] 2017-09-22 16:09:33,175: -PUB [/image_marked/theora/parameter_updates] /view http://ubuntu:45466/
[rosmaster.master][INFO] 2017-09-22 16:09:33,176: -PUB [/camera/image_raw] /camera http://ubuntu:43943/
[rosmaster.master][INFO] 2017-09-22 16:09:33,181: publisherUpdate[/image] -> http://ubuntu:45466/ []: sec=0.01, exception=<Fault -1: 'publisherUpdate: unknown method name'>
[rosmaster.threadpool][ERROR] 2017-09-22 16:09:33,186: Traceback (most recent call last):
  File "/opt/ros/kinetic/lib/python2.7/dist-packages/rosmaster/threadpool.py", line 218, in run
    result = cmd(*args)
  File "/opt/ros/kinetic/lib/python2.7/dist-packages/rosmaster/master_api.py", line 210, in publisher_update_task
    ret = xmlrpcapi(api).publisherUpdate('/master', topic, pub_uris)
  File "/usr/lib/python2.7/xmlrpclib.py", line 1243, in __call__
    return self.__send(self.__name, args)
  File "/usr/lib/python2.7/xmlrpclib.py", line 1602, in __request
    verbose=self.__verbose
  File "/usr/lib/python2.7/xmlrpclib.py", line 1283, in request
    return self.single_request(host, handler, request_body, verbose)
  File "/usr/lib/python2.7/xmlrpclib.py", line 1316, in single_request
    return self.parse_response(response)
  File "/usr/lib/python2.7/xmlrpclib.py", line 1493, in parse_response
    return u.close()
  File "/usr/lib/python2.7/xmlrpclib.py", line 800, in close
    raise Fault(**self._stack[0])
Fault: <Fault -1: 'publisherUpdate: unknown method name'>

[rosmaster.master][INFO] 2017-09-22 16:09:33,187: -PUB [/image/marked/compressedDepth] /view http://ubuntu:45466/
[rosmaster.master][INFO] 2017-09-22 16:09:33,187: -PUB [/camera/image_raw/theora] /camera http://ubuntu:43943/
[rosmaster.master][INFO] 2017-09-22 16:09:33,190: -PUB [/image/marked/compressedDepth/parameter_descriptions] /view http://ubuntu:45466/
[rosmaster.master][INFO] 2017-09-22 16:09:33,190: -PUB [/camera/image_raw/theora/parameter_descriptions] /camera http://ubuntu:43943/
[rosmaster.master][INFO] 2017-09-22 16:09:33,191: -PUB [/camera/image_raw/theora/parameter_updates] /camera http://ubuntu:43943/
[rosmaster.master][INFO] 2017-09-22 16:09:33,194: -PUB [/image/marked/compressedDepth/parameter_updates] /view http://ubuntu:45466/
[rosmaster.master][INFO] 2017-09-22 16:09:33,195: -PUB [/camera/camera_info] /camera http://ubuntu:43943/
[rosmaster.master][INFO] 2017-09-22 16:09:33,199: -PUB [/image/marked/compressed] /view http://ubuntu:45466/
[rosmaster.master][INFO] 2017-09-22 16:09:33,199: -SERVICE [/camera/get_loggers] /camera rosrpc://ubuntu:55038
[rosmaster.master][INFO] 2017-09-22 16:09:33,204: -PUB [/image/marked/compressed/parameter_descriptions] /view http://ubuntu:45466/
[rosmaster.master][INFO] 2017-09-22 16:09:33,205: -SERVICE [/camera/set_logger_level] /camera rosrpc://ubuntu:55038
[rosmaster.master][INFO] 2017-09-22 16:09:33,214: -PUB [/image/marked/compressed/parameter_updates] /view http://ubuntu:45466/
[rosmaster.master][INFO] 2017-09-22 16:09:33,215: -SERVICE [/camera/set_camera_info] /camera rosrpc://ubuntu:55038
[rosmaster.master][INFO] 2017-09-22 16:09:33,222: -PUB [/image/marked] /view http://ubuntu:45466/
[rosmaster.master][INFO] 2017-09-22 16:09:33,223: -SERVICE [/camera/image_raw/compressedDepth/set_parameters] /camera rosrpc://ubuntu:55038
[rosmaster.master][INFO] 2017-09-22 16:09:33,223: -SERVICE [/camera/image_raw/compressed/set_parameters] /camera rosrpc://ubuntu:55038
[rosmaster.master][INFO] 2017-09-22 16:09:33,235: -PUB [/image/marked/theora] /view http://ubuntu:45466/
[rosmaster.master][INFO] 2017-09-22 16:09:33,235: -SERVICE [/camera/image_raw/theora/set_parameters] /camera rosrpc://ubuntu:55038
[rosmaster.master][INFO] 2017-09-22 16:09:33,239: -PUB [/image/marked/theora/parameter_descriptions] /view http://ubuntu:45466/
[rosmaster.master][INFO] 2017-09-22 16:09:33,242: -PUB [/image/marked/theora/parameter_updates] /view http://ubuntu:45466/
[rosmaster.master][INFO] 2017-09-22 16:09:33,249: -PUB [/view/parameter_descriptions] /view http://ubuntu:45466/
[rosmaster.master][INFO] 2017-09-22 16:09:33,250: -PUB [/view/parameter_updates] /view http://ubuntu:45466/
[rosmaster.master][INFO] 2017-09-22 16:09:33,252: -SUB [/tf] /view http://ubuntu:45466/
[rosmaster.master][INFO] 2017-09-22 16:09:33,255: -SUB [/tf_static] /view http://ubuntu:45466/
[rosmaster.master][INFO] 2017-09-22 16:09:33,259: -SUB [/image] /view http://ubuntu:45466/
[rosmaster.master][INFO] 2017-09-22 16:09:33,261: -SUB [/camera_info] /view http://ubuntu:45466/
[rosmaster.master][INFO] 2017-09-22 16:09:33,262: -SUB [/image_marker] /view http://ubuntu:45466/
[rosmaster.master][INFO] 2017-09-22 16:09:33,265: -SUB [/image/event] /view http://ubuntu:45466/
[rosmaster.master][INFO] 2017-09-22 16:09:33,267: -SERVICE [/view/get_loggers] /view rosrpc://ubuntu:37807
[rosmaster.master][INFO] 2017-09-22 16:09:33,268: -SERVICE [/view/set_logger_level] /view rosrpc://ubuntu:37807
[rosmaster.master][INFO] 2017-09-22 16:09:33,270: -SERVICE [/image_marked/compressedDepth/set_parameters] /view rosrpc://ubuntu:37807
[rosmaster.master][INFO] 2017-09-22 16:09:33,278: -SERVICE [/image_marked/compressed/set_parameters] /view rosrpc://ubuntu:37807
[rosmaster.master][INFO] 2017-09-22 16:09:33,281: -SERVICE [/image_marked/theora/set_parameters] /view rosrpc://ubuntu:37807
[rosmaster.master][INFO] 2017-09-22 16:09:33,283: -SERVICE [/image/marked/compressedDepth/set_parameters] /view rosrpc://ubuntu:37807
[rosmaster.master][INFO] 2017-09-22 16:09:33,285: -SERVICE [/image/marked/compressed/set_parameters] /view rosrpc://ubuntu:37807
[rosmaster.master][INFO] 2017-09-22 16:09:33,289: -SERVICE [/image/marked/theora/set_parameters] /view rosrpc://ubuntu:37807
[rosmaster.master][INFO] 2017-09-22 16:09:33,292: -SERVICE [/view/change_mode] /view rosrpc://ubuntu:37807
[rosmaster.master][INFO] 2017-09-22 16:09:33,294: -SERVICE [/view/rectangle_mode] /view rosrpc://ubuntu:37807
[rosmaster.master][INFO] 2017-09-22 16:09:33,300: -SERVICE [/view/grabcut_mode] /view rosrpc://ubuntu:37807
[rosmaster.master][INFO] 2017-09-22 16:09:33,304: -SERVICE [/view/grabcut_rect_mode] /view rosrpc://ubuntu:37807
[rosmaster.master][INFO] 2017-09-22 16:09:33,306: -SERVICE [/view/line_mode] /view rosrpc://ubuntu:37807
[rosmaster.master][INFO] 2017-09-22 16:09:33,307: -SERVICE [/view/poly_mode] /view rosrpc://ubuntu:37807
[rosmaster.master][INFO] 2017-09-22 16:09:33,307: -SERVICE [/view/none_mode] /view rosrpc://ubuntu:37807
[rosmaster.master][INFO] 2017-09-22 16:09:33,309: -SERVICE [/view/set_parameters] /view rosrpc://ubuntu:37807
[rosmaster.master][INFO] 2017-09-22 16:09:33,678: -PUB [/rosout_agg] /rosout http://ubuntu:33889/
[rosmaster.master][INFO] 2017-09-22 16:09:33,679: -SUB [/rosout] /rosout http://ubuntu:33889/
[rosmaster.master][INFO] 2017-09-22 16:09:33,679: -SERVICE [/rosout/get_loggers] /rosout rosrpc://ubuntu:52577
[rosmaster.master][INFO] 2017-09-22 16:09:33,682: -SERVICE [/rosout/set_logger_level] /rosout rosrpc://ubuntu:52577
[rosmaster.main][INFO] 2017-09-22 16:09:33,707: keyboard interrupt, will exit
[rosmaster.main][INFO] 2017-09-22 16:09:33,707: stopping master...
[rospy.core][INFO] 2017-09-22 16:09:33,708: signal_shutdown [atexit]
