[rosmaster.main][INFO] 2017-09-25 17:21:21,902: initialization complete, waiting for shutdown
[rosmaster.main][INFO] 2017-09-25 17:21:21,903: Starting ROS Master Node
[xmlrpc][INFO] 2017-09-25 17:21:21,907: XML-RPC server binding to 0.0.0.0:11311
[rosmaster.master][INFO] 2017-09-25 17:21:21,907: Master initialized: port[11311], uri[http://ubuntu:11311/]
[xmlrpc][INFO] 2017-09-25 17:21:21,907: Started XML-RPC server [http://ubuntu:11311/]
[xmlrpc][INFO] 2017-09-25 17:21:21,907: xml rpc node: starting XML-RPC server
[rosmaster.master][INFO] 2017-09-25 17:21:21,914: +PARAM [/run_id] by /roslaunch
[rosmaster.master][INFO] 2017-09-25 17:21:21,915: +PARAM [/roslaunch/uris/host_ubuntu__41192] by /roslaunch
[rosmaster.master][INFO] 2017-09-25 17:21:22,010: +PARAM [/rosversion] by /roslaunch
[rosmaster.master][INFO] 2017-09-25 17:21:22,010: +PARAM [/rosdistro] by /roslaunch
[rosmaster.master][INFO] 2017-09-25 17:21:22,010: +PARAM [/camera/device_id] by /roslaunch
[rosmaster.master][INFO] 2017-09-25 17:21:22,095: +SERVICE [/rosout/get_loggers] /rosout http://ubuntu:45017/
[rosmaster.master][INFO] 2017-09-25 17:21:22,097: +SERVICE [/rosout/set_logger_level] /rosout http://ubuntu:45017/
[rosmaster.master][INFO] 2017-09-25 17:21:22,101: +PUB [/rosout_agg] /rosout http://ubuntu:45017/
[rosmaster.master][INFO] 2017-09-25 17:21:22,130: +SUB [/rosout] /rosout http://ubuntu:45017/
[rosmaster.master][INFO] 2017-09-25 17:21:22,203: +PUB [/rosout] /mask_orange http://ubuntu:36773/
[rosmaster.master][INFO] 2017-09-25 17:21:22,208: publisherUpdate[/rosout] -> http://ubuntu:45017/ ['http://ubuntu:36773/']
[rosmaster.master][INFO] 2017-09-25 17:21:22,209: publisherUpdate[/rosout] -> http://ubuntu:45017/ ['http://ubuntu:36773/']: sec=0.00, result=[1, '', 0]
[rosmaster.master][INFO] 2017-09-25 17:21:22,210: +SERVICE [/mask_orange/get_loggers] /mask_orange http://ubuntu:36773/
[rosmaster.master][INFO] 2017-09-25 17:21:22,211: +SERVICE [/mask_orange/set_logger_level] /mask_orange http://ubuntu:36773/
[rosmaster.master][INFO] 2017-09-25 17:21:22,233: +PUB [/rosout] /camera http://ubuntu:34899/
[rosmaster.master][INFO] 2017-09-25 17:21:22,235: +SERVICE [/camera/get_loggers] /camera http://ubuntu:34899/
[rosmaster.master][INFO] 2017-09-25 17:21:22,236: +SERVICE [/camera/set_logger_level] /camera http://ubuntu:34899/
[rosmaster.master][INFO] 2017-09-25 17:21:22,261: +PUB [/rosout] /view http://ubuntu:38569/
[rosmaster.master][INFO] 2017-09-25 17:21:22,262: +SERVICE [/view/get_loggers] /view http://ubuntu:38569/
[rosmaster.master][INFO] 2017-09-25 17:21:22,263: +SERVICE [/view/set_logger_level] /view http://ubuntu:38569/
[rosmaster.master][INFO] 2017-09-25 17:21:22,273: +SUB [/tf] /view http://ubuntu:38569/
[rosmaster.master][INFO] 2017-09-25 17:21:22,287: +SUB [/tf_static] /view http://ubuntu:38569/
[rosmaster.master][INFO] 2017-09-25 17:21:22,296: +SERVICE [/camera/set_camera_info] /camera http://ubuntu:34899/
[rosmaster.master][INFO] 2017-09-25 17:21:22,301: -SERVICE [/camera/set_camera_info] /camera rosrpc://ubuntu:57543
[rosmaster.master][INFO] 2017-09-25 17:21:22,309: publisherUpdate[/rosout] -> http://ubuntu:45017/ ['http://ubuntu:36773/', 'http://ubuntu:34899/']
[rosmaster.master][INFO] 2017-09-25 17:21:22,310: publisherUpdate[/rosout] -> http://ubuntu:45017/ ['http://ubuntu:36773/', 'http://ubuntu:34899/']: sec=0.00, result=[1, '', 0]
[rosmaster.master][INFO] 2017-09-25 17:21:22,310: publisherUpdate[/rosout] -> http://ubuntu:45017/ ['http://ubuntu:36773/', 'http://ubuntu:34899/', 'http://ubuntu:38569/']
[rosmaster.master][INFO] 2017-09-25 17:21:22,312: publisherUpdate[/rosout] -> http://ubuntu:45017/ ['http://ubuntu:36773/', 'http://ubuntu:34899/', 'http://ubuntu:38569/']: sec=0.00, result=[1, '', 0]
[rosmaster.master][INFO] 2017-09-25 17:21:22,352: +PUB [/image/screenpoint] /view http://ubuntu:38569/
[rosmaster.master][INFO] 2017-09-25 17:21:22,353: +PUB [/image/screenpoint_array] /view http://ubuntu:38569/
[rosmaster.master][INFO] 2017-09-25 17:21:22,353: +PUB [/image/screenrectangle] /view http://ubuntu:38569/
[rosmaster.master][INFO] 2017-09-25 17:21:22,354: +PUB [/image/screenrectangle_image] /view http://ubuntu:38569/
[rosmaster.master][INFO] 2017-09-25 17:21:22,356: +PUB [/image/movepoint] /view http://ubuntu:38569/
[rosmaster.master][INFO] 2017-09-25 17:21:22,357: +PUB [/image/foreground] /view http://ubuntu:38569/
[rosmaster.master][INFO] 2017-09-25 17:21:22,358: +PUB [/image/background] /view http://ubuntu:38569/
[rosmaster.master][INFO] 2017-09-25 17:21:22,359: +PUB [/image/foreground_rect] /view http://ubuntu:38569/
[rosmaster.master][INFO] 2017-09-25 17:21:22,359: +PUB [/image/background_rect] /view http://ubuntu:38569/
[rosmaster.master][INFO] 2017-09-25 17:21:22,360: +PUB [/image/line] /view http://ubuntu:38569/
[rosmaster.master][INFO] 2017-09-25 17:21:22,363: +PUB [/image/poly] /view http://ubuntu:38569/
[rosmaster.master][INFO] 2017-09-25 17:21:22,390: +SUB [/camera/image_raw] /mask_orange http://ubuntu:36773/
[rosmaster.master][INFO] 2017-09-25 17:21:22,411: -PUB [/rosout] /camera http://ubuntu:34899/
[rosmaster.master][INFO] 2017-09-25 17:21:22,412: -SERVICE [/camera/get_loggers] /camera rosrpc://ubuntu:57543
[rosmaster.master][INFO] 2017-09-25 17:21:22,412: -SERVICE [/camera/set_logger_level] /camera rosrpc://ubuntu:57543
[rosmaster.master][INFO] 2017-09-25 17:21:22,413: publisherUpdate[/rosout] -> http://ubuntu:45017/ ['http://ubuntu:36773/', 'http://ubuntu:38569/']
[rosmaster.master][INFO] 2017-09-25 17:21:22,414: publisherUpdate[/rosout] -> http://ubuntu:45017/ ['http://ubuntu:36773/', 'http://ubuntu:38569/']: sec=0.00, result=[1, '', 0]
[rosmaster.master][INFO] 2017-09-25 17:21:22,441: +PUB [/image_marked/compressedDepth] /view http://ubuntu:38569/
[rosmaster.master][INFO] 2017-09-25 17:21:22,442: +SERVICE [/image_marked/compressedDepth/set_parameters] /view http://ubuntu:38569/
[rosmaster.master][INFO] 2017-09-25 17:21:22,443: +PUB [/image_marked/compressedDepth/parameter_descriptions] /view http://ubuntu:38569/
[rosmaster.master][INFO] 2017-09-25 17:21:22,444: +PUB [/image_marked/compressedDepth/parameter_updates] /view http://ubuntu:38569/
[rosmaster.master][INFO] 2017-09-25 17:21:22,449: +PARAM [/image_marked/compressedDepth/depth_max] by /view
[rosmaster.master][INFO] 2017-09-25 17:21:22,450: +PARAM [/image_marked/compressedDepth/depth_quantization] by /view
[rosmaster.master][INFO] 2017-09-25 17:21:22,450: +PARAM [/image_marked/compressedDepth/png_level] by /view
[rosmaster.master][INFO] 2017-09-25 17:21:22,451: +PARAM [/image_marked/compressedDepth/depth_max] by /view
[rosmaster.master][INFO] 2017-09-25 17:21:22,452: +PARAM [/image_marked/compressedDepth/depth_quantization] by /view
[rosmaster.master][INFO] 2017-09-25 17:21:22,454: +PARAM [/image_marked/compressedDepth/png_level] by /view
[rosmaster.master][INFO] 2017-09-25 17:21:22,460: +PUB [/image/compressedDepth] /mask_orange http://ubuntu:36773/
[rosmaster.master][INFO] 2017-09-25 17:21:22,463: +SERVICE [/image/compressedDepth/set_parameters] /mask_orange http://ubuntu:36773/
[rosmaster.master][INFO] 2017-09-25 17:21:22,466: +PUB [/image/compressedDepth/parameter_descriptions] /mask_orange http://ubuntu:36773/
[rosmaster.master][INFO] 2017-09-25 17:21:22,467: +PUB [/image/compressedDepth/parameter_updates] /mask_orange http://ubuntu:36773/
[rosmaster.master][INFO] 2017-09-25 17:21:22,475: +PARAM [/image/compressedDepth/depth_max] by /mask_orange
[rosmaster.master][INFO] 2017-09-25 17:21:22,475: +PARAM [/image/compressedDepth/depth_quantization] by /mask_orange
[rosmaster.master][INFO] 2017-09-25 17:21:22,476: +PARAM [/image/compressedDepth/png_level] by /mask_orange
[rosmaster.master][INFO] 2017-09-25 17:21:22,477: +PARAM [/image/compressedDepth/depth_max] by /mask_orange
[rosmaster.master][INFO] 2017-09-25 17:21:22,477: +PARAM [/image/compressedDepth/depth_quantization] by /mask_orange
[rosmaster.master][INFO] 2017-09-25 17:21:22,481: +PARAM [/image/compressedDepth/png_level] by /mask_orange
[rosmaster.master][INFO] 2017-09-25 17:21:22,555: +PUB [/image_marked/compressed] /view http://ubuntu:38569/
[rosmaster.master][INFO] 2017-09-25 17:21:22,557: +SERVICE [/image_marked/compressed/set_parameters] /view http://ubuntu:38569/
[rosmaster.master][INFO] 2017-09-25 17:21:22,558: +PUB [/image_marked/compressed/parameter_descriptions] /view http://ubuntu:38569/
[rosmaster.master][INFO] 2017-09-25 17:21:22,559: +PUB [/image_marked/compressed/parameter_updates] /view http://ubuntu:38569/
[rosmaster.master][INFO] 2017-09-25 17:21:22,560: +PUB [/image/compressed] /mask_orange http://ubuntu:36773/
[rosmaster.master][INFO] 2017-09-25 17:21:22,561: +SERVICE [/image/compressed/set_parameters] /mask_orange http://ubuntu:36773/
[rosmaster.master][INFO] 2017-09-25 17:21:22,562: +PUB [/image/compressed/parameter_descriptions] /mask_orange http://ubuntu:36773/
[rosmaster.master][INFO] 2017-09-25 17:21:22,563: +PUB [/image/compressed/parameter_updates] /mask_orange http://ubuntu:36773/
[rosmaster.master][INFO] 2017-09-25 17:21:22,564: +PARAM [/image_marked/compressed/format] by /view
[rosmaster.master][INFO] 2017-09-25 17:21:22,565: +PARAM [/image_marked/compressed/jpeg_quality] by /view
[rosmaster.master][INFO] 2017-09-25 17:21:22,566: +PARAM [/image_marked/compressed/png_level] by /view
[rosmaster.master][INFO] 2017-09-25 17:21:22,567: +PARAM [/image_marked/compressed/format] by /view
[rosmaster.master][INFO] 2017-09-25 17:21:22,568: +PARAM [/image/compressed/format] by /mask_orange
[rosmaster.master][INFO] 2017-09-25 17:21:22,569: +PARAM [/image_marked/compressed/jpeg_quality] by /view
[rosmaster.master][INFO] 2017-09-25 17:21:22,569: +PARAM [/image/compressed/jpeg_quality] by /mask_orange
[rosmaster.master][INFO] 2017-09-25 17:21:22,570: +PARAM [/image_marked/compressed/png_level] by /view
[rosmaster.master][INFO] 2017-09-25 17:21:22,576: +PARAM [/image/compressed/png_level] by /mask_orange
[rosmaster.master][INFO] 2017-09-25 17:21:22,577: +PARAM [/image/compressed/format] by /mask_orange
[rosmaster.master][INFO] 2017-09-25 17:21:22,578: +PARAM [/image/compressed/jpeg_quality] by /mask_orange
[rosmaster.master][INFO] 2017-09-25 17:21:22,578: +PARAM [/image/compressed/png_level] by /mask_orange
[rosmaster.master][INFO] 2017-09-25 17:21:22,624: +PUB [/image_marked] /view http://ubuntu:38569/
[rosmaster.master][INFO] 2017-09-25 17:21:22,630: +PUB [/image] /mask_orange http://ubuntu:36773/
[rosmaster.master][INFO] 2017-09-25 17:21:22,681: +PUB [/image_marked/theora] /view http://ubuntu:38569/
[rosmaster.master][INFO] 2017-09-25 17:21:22,682: +SERVICE [/image_marked/theora/set_parameters] /view http://ubuntu:38569/
[rosmaster.master][INFO] 2017-09-25 17:21:22,683: +PUB [/image_marked/theora/parameter_descriptions] /view http://ubuntu:38569/
[rosmaster.master][INFO] 2017-09-25 17:21:22,683: +PUB [/image/theora] /mask_orange http://ubuntu:36773/
[rosmaster.master][INFO] 2017-09-25 17:21:22,684: +SERVICE [/image/theora/set_parameters] /mask_orange http://ubuntu:36773/
[rosmaster.master][INFO] 2017-09-25 17:21:22,685: +PUB [/image_marked/theora/parameter_updates] /view http://ubuntu:38569/
[rosmaster.master][INFO] 2017-09-25 17:21:22,686: +PUB [/image/theora/parameter_descriptions] /mask_orange http://ubuntu:36773/
[rosmaster.master][INFO] 2017-09-25 17:21:22,687: +PUB [/image/theora/parameter_updates] /mask_orange http://ubuntu:36773/
[rosmaster.master][INFO] 2017-09-25 17:21:22,690: +PARAM [/image_marked/theora/optimize_for] by /view
[rosmaster.master][INFO] 2017-09-25 17:21:22,691: +PARAM [/image_marked/theora/target_bitrate] by /view
[rosmaster.master][INFO] 2017-09-25 17:21:22,692: +PARAM [/image_marked/theora/quality] by /view
[rosmaster.master][INFO] 2017-09-25 17:21:22,692: +PARAM [/image/theora/optimize_for] by /mask_orange
[rosmaster.master][INFO] 2017-09-25 17:21:22,693: +PARAM [/image_marked/theora/keyframe_frequency] by /view
[rosmaster.master][INFO] 2017-09-25 17:21:22,694: +PARAM [/image/theora/target_bitrate] by /mask_orange
[rosmaster.master][INFO] 2017-09-25 17:21:22,694: +PARAM [/image_marked/theora/optimize_for] by /view
[rosmaster.master][INFO] 2017-09-25 17:21:22,695: +PARAM [/image/theora/quality] by /mask_orange
[rosmaster.master][INFO] 2017-09-25 17:21:22,696: +PARAM [/image_marked/theora/target_bitrate] by /view
[rosmaster.master][INFO] 2017-09-25 17:21:22,696: +PARAM [/image/theora/keyframe_frequency] by /mask_orange
[rosmaster.master][INFO] 2017-09-25 17:21:22,697: +PARAM [/image_marked/theora/quality] by /view
[rosmaster.master][INFO] 2017-09-25 17:21:22,698: +PARAM [/image/theora/optimize_for] by /mask_orange
[rosmaster.master][INFO] 2017-09-25 17:21:22,698: +PARAM [/image_marked/theora/keyframe_frequency] by /view
[rosmaster.master][INFO] 2017-09-25 17:21:22,704: +PARAM [/image/theora/target_bitrate] by /mask_orange
[rosmaster.master][INFO] 2017-09-25 17:21:22,705: +PARAM [/image/theora/quality] by /mask_orange
[rosmaster.master][INFO] 2017-09-25 17:21:22,706: +PARAM [/image/theora/keyframe_frequency] by /mask_orange
[rosmaster.master][INFO] 2017-09-25 17:21:22,726: +PUB [/image/marked/compressedDepth] /view http://ubuntu:38569/
[rosmaster.master][INFO] 2017-09-25 17:21:22,727: +SERVICE [/image/marked/compressedDepth/set_parameters] /view http://ubuntu:38569/
[rosmaster.master][INFO] 2017-09-25 17:21:22,728: +PUB [/image/marked/compressedDepth/parameter_descriptions] /view http://ubuntu:38569/
[rosmaster.master][INFO] 2017-09-25 17:21:22,728: +PUB [/image/marked/compressedDepth/parameter_updates] /view http://ubuntu:38569/
[rosmaster.master][INFO] 2017-09-25 17:21:22,731: +PARAM [/image/marked/compressedDepth/depth_max] by /view
[rosmaster.master][INFO] 2017-09-25 17:21:22,732: +PARAM [/image/marked/compressedDepth/depth_quantization] by /view
[rosmaster.master][INFO] 2017-09-25 17:21:22,732: +PARAM [/image/marked/compressedDepth/png_level] by /view
[rosmaster.master][INFO] 2017-09-25 17:21:22,733: +PARAM [/image/marked/compressedDepth/depth_max] by /view
[rosmaster.master][INFO] 2017-09-25 17:21:22,734: +PARAM [/image/marked/compressedDepth/depth_quantization] by /view
[rosmaster.master][INFO] 2017-09-25 17:21:22,734: +PARAM [/image/marked/compressedDepth/png_level] by /view
[rosmaster.master][INFO] 2017-09-25 17:21:22,759: +PUB [/image/marked/compressed] /view http://ubuntu:38569/
[rosmaster.master][INFO] 2017-09-25 17:21:22,760: +SERVICE [/image/marked/compressed/set_parameters] /view http://ubuntu:38569/
[rosmaster.master][INFO] 2017-09-25 17:21:22,761: +PUB [/image/marked/compressed/parameter_descriptions] /view http://ubuntu:38569/
[rosmaster.master][INFO] 2017-09-25 17:21:22,762: +PUB [/image/marked/compressed/parameter_updates] /view http://ubuntu:38569/
[rosmaster.master][INFO] 2017-09-25 17:21:22,764: +PARAM [/image/marked/compressed/format] by /view
[rosmaster.master][INFO] 2017-09-25 17:21:22,764: +PARAM [/image/marked/compressed/jpeg_quality] by /view
[rosmaster.master][INFO] 2017-09-25 17:21:22,765: +PARAM [/image/marked/compressed/png_level] by /view
[rosmaster.master][INFO] 2017-09-25 17:21:22,766: +PARAM [/image/marked/compressed/format] by /view
[rosmaster.master][INFO] 2017-09-25 17:21:22,766: +PARAM [/image/marked/compressed/jpeg_quality] by /view
[rosmaster.master][INFO] 2017-09-25 17:21:22,767: +PARAM [/image/marked/compressed/png_level] by /view
[rosmaster.master][INFO] 2017-09-25 17:21:22,792: +PUB [/image/marked] /view http://ubuntu:38569/
[rosmaster.master][INFO] 2017-09-25 17:21:22,818: +PUB [/image/marked/theora] /view http://ubuntu:38569/
[rosmaster.master][INFO] 2017-09-25 17:21:22,819: +SERVICE [/image/marked/theora/set_parameters] /view http://ubuntu:38569/
[rosmaster.master][INFO] 2017-09-25 17:21:22,819: +PUB [/image/marked/theora/parameter_descriptions] /view http://ubuntu:38569/
[rosmaster.master][INFO] 2017-09-25 17:21:22,820: +PUB [/image/marked/theora/parameter_updates] /view http://ubuntu:38569/
[rosmaster.master][INFO] 2017-09-25 17:21:22,822: +PARAM [/image/marked/theora/optimize_for] by /view
[rosmaster.master][INFO] 2017-09-25 17:21:22,823: +PARAM [/image/marked/theora/target_bitrate] by /view
[rosmaster.master][INFO] 2017-09-25 17:21:22,824: +PARAM [/image/marked/theora/quality] by /view
[rosmaster.master][INFO] 2017-09-25 17:21:22,824: +PARAM [/image/marked/theora/keyframe_frequency] by /view
[rosmaster.master][INFO] 2017-09-25 17:21:22,825: +PARAM [/image/marked/theora/optimize_for] by /view
[rosmaster.master][INFO] 2017-09-25 17:21:22,826: +PARAM [/image/marked/theora/target_bitrate] by /view
[rosmaster.master][INFO] 2017-09-25 17:21:22,826: +PARAM [/image/marked/theora/quality] by /view
[rosmaster.master][INFO] 2017-09-25 17:21:22,827: +PARAM [/image/marked/theora/keyframe_frequency] by /view
[rosmaster.master][INFO] 2017-09-25 17:21:22,855: +SUB [/image] /view http://ubuntu:38569/
[rosmaster.master][INFO] 2017-09-25 17:21:22,859: +SUB [/camera_info] /view http://ubuntu:38569/
[rosmaster.master][INFO] 2017-09-25 17:21:22,862: +SUB [/image_marker] /view http://ubuntu:38569/
[rosmaster.master][INFO] 2017-09-25 17:21:22,865: +SUB [/image/event] /view http://ubuntu:38569/
[rosmaster.master][INFO] 2017-09-25 17:21:22,866: +SERVICE [/view/change_mode] /view http://ubuntu:38569/
[rosmaster.master][INFO] 2017-09-25 17:21:22,866: +SERVICE [/view/rectangle_mode] /view http://ubuntu:38569/
[rosmaster.master][INFO] 2017-09-25 17:21:22,867: +SERVICE [/view/grabcut_mode] /view http://ubuntu:38569/
[rosmaster.master][INFO] 2017-09-25 17:21:22,867: +SERVICE [/view/grabcut_rect_mode] /view http://ubuntu:38569/
[rosmaster.master][INFO] 2017-09-25 17:21:22,868: +SERVICE [/view/line_mode] /view http://ubuntu:38569/
[rosmaster.master][INFO] 2017-09-25 17:21:22,869: +SERVICE [/view/poly_mode] /view http://ubuntu:38569/
[rosmaster.master][INFO] 2017-09-25 17:21:22,869: +SERVICE [/view/none_mode] /view http://ubuntu:38569/
[rosmaster.master][INFO] 2017-09-25 17:21:22,870: +SERVICE [/view/set_parameters] /view http://ubuntu:38569/
[rosmaster.master][INFO] 2017-09-25 17:21:22,871: +PUB [/view/parameter_descriptions] /view http://ubuntu:38569/
[rosmaster.master][INFO] 2017-09-25 17:21:22,872: +PUB [/view/parameter_updates] /view http://ubuntu:38569/
[rosmaster.master][INFO] 2017-09-25 17:21:22,877: +PARAM [/view/grid] by /view
[rosmaster.master][INFO] 2017-09-25 17:21:22,877: +PARAM [/view/fisheye_mode] by /view
[rosmaster.master][INFO] 2017-09-25 17:21:22,878: +PARAM [/view/div_u] by /view
[rosmaster.master][INFO] 2017-09-25 17:21:22,879: +PARAM [/view/div_v] by /view
[rosmaster.master][INFO] 2017-09-25 17:21:22,879: +PARAM [/view/grid_red] by /view
[rosmaster.master][INFO] 2017-09-25 17:21:22,880: +PARAM [/view/grid_green] by /view
[rosmaster.master][INFO] 2017-09-25 17:21:22,881: +PARAM [/view/grid_blue] by /view
[rosmaster.master][INFO] 2017-09-25 17:21:22,881: +PARAM [/view/grid_thickness] by /view
[rosmaster.master][INFO] 2017-09-25 17:21:22,882: +PARAM [/view/grid_space] by /view
[rosmaster.master][INFO] 2017-09-25 17:21:22,883: +PARAM [/view/grid] by /view
[rosmaster.master][INFO] 2017-09-25 17:21:22,883: +PARAM [/view/fisheye_mode] by /view
[rosmaster.master][INFO] 2017-09-25 17:21:22,884: +PARAM [/view/div_u] by /view
[rosmaster.master][INFO] 2017-09-25 17:21:22,884: +PARAM [/view/div_v] by /view
[rosmaster.master][INFO] 2017-09-25 17:21:22,885: +PARAM [/view/grid_red] by /view
[rosmaster.master][INFO] 2017-09-25 17:21:22,886: +PARAM [/view/grid_green] by /view
[rosmaster.master][INFO] 2017-09-25 17:21:22,886: +PARAM [/view/grid_blue] by /view
[rosmaster.master][INFO] 2017-09-25 17:21:22,887: +PARAM [/view/grid_thickness] by /view
[rosmaster.master][INFO] 2017-09-25 17:21:22,888: +PARAM [/view/grid_space] by /view
[rosmaster.master][INFO] 2017-09-25 17:21:35,297: -PUB [/rosout] /view http://ubuntu:38569/
[rosmaster.master][INFO] 2017-09-25 17:21:35,298: -PUB [/image/screenpoint] /view http://ubuntu:38569/
[rosmaster.master][INFO] 2017-09-25 17:21:35,299: -PUB [/image/screenpoint_array] /view http://ubuntu:38569/
[rosmaster.master][INFO] 2017-09-25 17:21:35,301: -PUB [/image/screenrectangle] /view http://ubuntu:38569/
[rosmaster.master][INFO] 2017-09-25 17:21:35,303: -PUB [/image/screenrectangle_image] /view http://ubuntu:38569/
[rosmaster.master][INFO] 2017-09-25 17:21:35,305: -PUB [/rosout] /mask_orange http://ubuntu:36773/
[rosmaster.master][INFO] 2017-09-25 17:21:35,305: -PUB [/image/movepoint] /view http://ubuntu:38569/
[rosmaster.master][INFO] 2017-09-25 17:21:35,306: -PUB [/image/foreground] /view http://ubuntu:38569/
[rosmaster.master][INFO] 2017-09-25 17:21:35,307: -PUB [/image/background] /view http://ubuntu:38569/
[rosmaster.master][INFO] 2017-09-25 17:21:35,308: -PUB [/image/compressedDepth] /mask_orange http://ubuntu:36773/
[rosmaster.master][INFO] 2017-09-25 17:21:35,310: -PUB [/image/foreground_rect] /view http://ubuntu:38569/
[rosmaster.master][INFO] 2017-09-25 17:21:35,312: -PUB [/image/compressedDepth/parameter_descriptions] /mask_orange http://ubuntu:36773/
[rosmaster.master][INFO] 2017-09-25 17:21:35,314: -PUB [/image/background_rect] /view http://ubuntu:38569/
[rosmaster.master][INFO] 2017-09-25 17:21:35,316: -PUB [/image/compressedDepth/parameter_updates] /mask_orange http://ubuntu:36773/
[rosmaster.master][INFO] 2017-09-25 17:21:35,318: -PUB [/image/line] /view http://ubuntu:38569/
[rosmaster.master][INFO] 2017-09-25 17:21:35,320: -PUB [/image/compressed] /mask_orange http://ubuntu:36773/
[rosmaster.master][INFO] 2017-09-25 17:21:35,322: -PUB [/image/poly] /view http://ubuntu:38569/
[rosmaster.master][INFO] 2017-09-25 17:21:35,325: -PUB [/image/compressed/parameter_descriptions] /mask_orange http://ubuntu:36773/
[rosmaster.master][INFO] 2017-09-25 17:21:35,326: -PUB [/image_marked/compressedDepth] /view http://ubuntu:38569/
[rosmaster.master][INFO] 2017-09-25 17:21:35,327: -PUB [/image_marked/compressedDepth/parameter_descriptions] /view http://ubuntu:38569/
[rosmaster.master][INFO] 2017-09-25 17:21:35,328: -PUB [/image_marked/compressedDepth/parameter_updates] /view http://ubuntu:38569/
[rosmaster.master][INFO] 2017-09-25 17:21:35,329: -PUB [/image/compressed/parameter_updates] /mask_orange http://ubuntu:36773/
[rosmaster.master][INFO] 2017-09-25 17:21:35,331: -PUB [/image_marked/compressed] /view http://ubuntu:38569/
[rosmaster.master][INFO] 2017-09-25 17:21:35,333: -PUB [/image] /mask_orange http://ubuntu:36773/
[rosmaster.master][INFO] 2017-09-25 17:21:35,335: -PUB [/image_marked/compressed/parameter_descriptions] /view http://ubuntu:38569/
[rosmaster.master][INFO] 2017-09-25 17:21:35,337: -PUB [/image/theora] /mask_orange http://ubuntu:36773/
[rosmaster.master][INFO] 2017-09-25 17:21:35,339: -PUB [/image_marked/compressed/parameter_updates] /view http://ubuntu:38569/
[rosmaster.master][INFO] 2017-09-25 17:21:35,340: -PUB [/image/theora/parameter_descriptions] /mask_orange http://ubuntu:36773/
[rosmaster.master][INFO] 2017-09-25 17:21:35,342: -PUB [/image/theora/parameter_updates] /mask_orange http://ubuntu:36773/
[rosmaster.master][INFO] 2017-09-25 17:21:35,344: -PUB [/image_marked] /view http://ubuntu:38569/
[rosmaster.master][INFO] 2017-09-25 17:21:35,348: -SUB [/camera/image_raw] /mask_orange http://ubuntu:36773/
[rosmaster.master][INFO] 2017-09-25 17:21:35,348: -PUB [/image_marked/theora] /view http://ubuntu:38569/
[rosmaster.master][INFO] 2017-09-25 17:21:35,350: -PUB [/image_marked/theora/parameter_descriptions] /view http://ubuntu:38569/
[rosmaster.master][INFO] 2017-09-25 17:21:35,351: -PUB [/image_marked/theora/parameter_updates] /view http://ubuntu:38569/
[rosmaster.master][INFO] 2017-09-25 17:21:35,351: -PUB [/image/marked/compressedDepth] /view http://ubuntu:38569/
[rosmaster.master][INFO] 2017-09-25 17:21:35,353: -PUB [/image/marked/compressedDepth/parameter_descriptions] /view http://ubuntu:38569/
[rosmaster.master][INFO] 2017-09-25 17:21:35,354: -SERVICE [/mask_orange/get_loggers] /mask_orange rosrpc://ubuntu:39006
[rosmaster.master][INFO] 2017-09-25 17:21:35,356: -PUB [/image/marked/compressedDepth/parameter_updates] /view http://ubuntu:38569/
[rosmaster.master][INFO] 2017-09-25 17:21:35,360: -SERVICE [/mask_orange/set_logger_level] /mask_orange rosrpc://ubuntu:39006
[rosmaster.master][INFO] 2017-09-25 17:21:35,361: -PUB [/image/marked/compressed] /view http://ubuntu:38569/
[rosmaster.master][INFO] 2017-09-25 17:21:35,361: -PUB [/image/marked/compressed/parameter_descriptions] /view http://ubuntu:38569/
[rosmaster.master][INFO] 2017-09-25 17:21:35,364: -PUB [/image/marked/compressed/parameter_updates] /view http://ubuntu:38569/
[rosmaster.master][INFO] 2017-09-25 17:21:35,365: -SERVICE [/image/compressedDepth/set_parameters] /mask_orange rosrpc://ubuntu:39006
[rosmaster.master][INFO] 2017-09-25 17:21:35,368: -SERVICE [/image/compressed/set_parameters] /mask_orange rosrpc://ubuntu:39006
[rosmaster.master][INFO] 2017-09-25 17:21:35,370: -PUB [/image/marked] /view http://ubuntu:38569/
[rosmaster.master][INFO] 2017-09-25 17:21:35,371: -PUB [/image/marked/theora] /view http://ubuntu:38569/
[rosmaster.master][INFO] 2017-09-25 17:21:35,371: -PUB [/image/marked/theora/parameter_descriptions] /view http://ubuntu:38569/
[rosmaster.master][INFO] 2017-09-25 17:21:35,372: -PUB [/image/marked/theora/parameter_updates] /view http://ubuntu:38569/
[rosmaster.master][INFO] 2017-09-25 17:21:35,374: -PUB [/view/parameter_descriptions] /view http://ubuntu:38569/
[rosmaster.master][INFO] 2017-09-25 17:21:35,376: -SERVICE [/image/theora/set_parameters] /mask_orange rosrpc://ubuntu:39006
[rosmaster.master][INFO] 2017-09-25 17:21:35,378: -PUB [/view/parameter_updates] /view http://ubuntu:38569/
[rosmaster.master][INFO] 2017-09-25 17:21:35,380: -SUB [/tf] /view http://ubuntu:38569/
[rosmaster.master][INFO] 2017-09-25 17:21:35,381: -SUB [/tf_static] /view http://ubuntu:38569/
[rosmaster.master][INFO] 2017-09-25 17:21:35,382: -SUB [/image] /view http://ubuntu:38569/
[rosmaster.master][INFO] 2017-09-25 17:21:35,386: -SUB [/camera_info] /view http://ubuntu:38569/
[rosmaster.master][INFO] 2017-09-25 17:21:35,388: -SUB [/image_marker] /view http://ubuntu:38569/
[rosmaster.master][INFO] 2017-09-25 17:21:35,389: -SUB [/image/event] /view http://ubuntu:38569/
[rosmaster.master][INFO] 2017-09-25 17:21:35,389: -SERVICE [/view/get_loggers] /view rosrpc://ubuntu:58234
[rosmaster.master][INFO] 2017-09-25 17:21:35,390: -SERVICE [/view/set_logger_level] /view rosrpc://ubuntu:58234
[rosmaster.master][INFO] 2017-09-25 17:21:35,391: publisherUpdate[/rosout] -> http://ubuntu:45017/ ['http://ubuntu:36773/']
[rosmaster.master][INFO] 2017-09-25 17:21:35,391: publisherUpdate[/image] -> http://ubuntu:38569/ []
[rosmaster.master][INFO] 2017-09-25 17:21:35,396: publisherUpdate[/rosout] -> http://ubuntu:45017/ ['http://ubuntu:36773/']: sec=0.00, result=[1, '', 0]
[rosmaster.master][INFO] 2017-09-25 17:21:35,396: publisherUpdate[/rosout] -> http://ubuntu:45017/ []
[rosmaster.master][INFO] 2017-09-25 17:21:35,398: publisherUpdate[/rosout] -> http://ubuntu:45017/ []: sec=0.00, result=[1, '', 0]
[rosmaster.master][INFO] 2017-09-25 17:21:35,398: -SERVICE [/image_marked/compressedDepth/set_parameters] /view rosrpc://ubuntu:58234
[rosmaster.master][INFO] 2017-09-25 17:21:35,399: publisherUpdate[/image] -> http://ubuntu:38569/ []: sec=0.01, exception=<Fault -1: 'publisherUpdate: unknown method name'>
[rosmaster.master][INFO] 2017-09-25 17:21:35,400: -SERVICE [/image_marked/compressed/set_parameters] /view rosrpc://ubuntu:58234
[rosmaster.master][INFO] 2017-09-25 17:21:35,402: -SERVICE [/image_marked/theora/set_parameters] /view rosrpc://ubuntu:58234
[rosmaster.threadpool][ERROR] 2017-09-25 17:21:35,408: Traceback (most recent call last):
  File "/opt/ros/kinetic/lib/python2.7/dist-packages/rosmaster/threadpool.py", line 218, in run
    result = cmd(*args)
  File "/opt/ros/kinetic/lib/python2.7/dist-packages/rosmaster/master_api.py", line 210, in publisher_update_task
    ret = xmlrpcapi(api).publisherUpdate('/master', topic, pub_uris)
  File "/usr/lib/python2.7/xmlrpclib.py", line 1243, in __call__
    return self.__send(self.__name, args)
  File "/usr/lib/python2.7/xmlrpclib.py", line 1602, in __request
    verbose=self.__verbose
  File "/usr/lib/python2.7/xmlrpclib.py", line 1283, in request
    return self.single_request(host, handler, request_body, verbose)
  File "/usr/lib/python2.7/xmlrpclib.py", line 1316, in single_request
    return self.parse_response(response)
  File "/usr/lib/python2.7/xmlrpclib.py", line 1493, in parse_response
    return u.close()
  File "/usr/lib/python2.7/xmlrpclib.py", line 800, in close
    raise Fault(**self._stack[0])
Fault: <Fault -1: 'publisherUpdate: unknown method name'>

[rosmaster.master][INFO] 2017-09-25 17:21:35,408: -SERVICE [/image/marked/compressedDepth/set_parameters] /view rosrpc://ubuntu:58234
[rosmaster.master][INFO] 2017-09-25 17:21:35,411: -SERVICE [/image/marked/compressed/set_parameters] /view rosrpc://ubuntu:58234
[rosmaster.master][INFO] 2017-09-25 17:21:35,414: -SERVICE [/image/marked/theora/set_parameters] /view rosrpc://ubuntu:58234
[rosmaster.master][INFO] 2017-09-25 17:21:35,416: -SERVICE [/view/change_mode] /view rosrpc://ubuntu:58234
[rosmaster.master][INFO] 2017-09-25 17:21:35,416: -SERVICE [/view/rectangle_mode] /view rosrpc://ubuntu:58234
[rosmaster.master][INFO] 2017-09-25 17:21:35,418: -SERVICE [/view/grabcut_mode] /view rosrpc://ubuntu:58234
[rosmaster.master][INFO] 2017-09-25 17:21:35,419: -SERVICE [/view/grabcut_rect_mode] /view rosrpc://ubuntu:58234
[rosmaster.master][INFO] 2017-09-25 17:21:35,419: -SERVICE [/view/line_mode] /view rosrpc://ubuntu:58234
[rosmaster.master][INFO] 2017-09-25 17:21:35,421: -SERVICE [/view/poly_mode] /view rosrpc://ubuntu:58234
[rosmaster.master][INFO] 2017-09-25 17:21:35,422: -SERVICE [/view/none_mode] /view rosrpc://ubuntu:58234
[rosmaster.master][INFO] 2017-09-25 17:21:35,423: -SERVICE [/view/set_parameters] /view rosrpc://ubuntu:58234
[rosmaster.master][INFO] 2017-09-25 17:21:35,701: -PUB [/rosout_agg] /rosout http://ubuntu:45017/
[rosmaster.master][INFO] 2017-09-25 17:21:35,703: -SUB [/rosout] /rosout http://ubuntu:45017/
[rosmaster.master][INFO] 2017-09-25 17:21:35,710: -SERVICE [/rosout/get_loggers] /rosout rosrpc://ubuntu:51773
[rosmaster.master][INFO] 2017-09-25 17:21:35,710: -SERVICE [/rosout/set_logger_level] /rosout rosrpc://ubuntu:51773
[rosmaster.main][INFO] 2017-09-25 17:21:35,905: keyboard interrupt, will exit
[rosmaster.main][INFO] 2017-09-25 17:21:35,905: stopping master...
[rospy.core][INFO] 2017-09-25 17:21:35,906: signal_shutdown [atexit]
