[rosmaster.main][INFO] 2017-09-22 18:46:37,962: initialization complete, waiting for shutdown
[rosmaster.main][INFO] 2017-09-22 18:46:37,962: Starting ROS Master Node
[xmlrpc][INFO] 2017-09-22 18:46:37,963: XML-RPC server binding to 0.0.0.0:11311
[xmlrpc][INFO] 2017-09-22 18:46:37,963: Started XML-RPC server [http://ubuntu:11311/]
[xmlrpc][INFO] 2017-09-22 18:46:37,963: xml rpc node: starting XML-RPC server
[rosmaster.master][INFO] 2017-09-22 18:46:37,964: Master initialized: port[11311], uri[http://ubuntu:11311/]
[rosmaster.master][INFO] 2017-09-22 18:46:38,019: +PARAM [/run_id] by /roslaunch
[rosmaster.master][INFO] 2017-09-22 18:46:38,022: +PARAM [/roslaunch/uris/host_ubuntu__35124] by /roslaunch
[rosmaster.master][INFO] 2017-09-22 18:46:38,104: +PARAM [/rosversion] by /roslaunch
[rosmaster.master][INFO] 2017-09-22 18:46:38,104: +PARAM [/rosdistro] by /roslaunch
[rosmaster.master][INFO] 2017-09-22 18:46:38,104: +PARAM [/camera/device_id] by /roslaunch
[rosmaster.master][INFO] 2017-09-22 18:46:38,134: +SERVICE [/rosout/get_loggers] /rosout http://ubuntu:45556/
[rosmaster.master][INFO] 2017-09-22 18:46:38,138: +SERVICE [/rosout/set_logger_level] /rosout http://ubuntu:45556/
[rosmaster.master][INFO] 2017-09-22 18:46:38,139: +PUB [/rosout_agg] /rosout http://ubuntu:45556/
[rosmaster.master][INFO] 2017-09-22 18:46:38,166: +SUB [/rosout] /rosout http://ubuntu:45556/
[rosmaster.master][INFO] 2017-09-22 18:46:38,262: +PUB [/rosout] /image_converter http://ubuntu:43473/
[rosmaster.master][INFO] 2017-09-22 18:46:38,264: +SERVICE [/image_converter/get_loggers] /image_converter http://ubuntu:43473/
[rosmaster.master][INFO] 2017-09-22 18:46:38,264: +SERVICE [/image_converter/set_logger_level] /image_converter http://ubuntu:43473/
[rosmaster.master][INFO] 2017-09-22 18:46:38,266: publisherUpdate[/rosout] -> http://ubuntu:45556/ ['http://ubuntu:43473/']
[rosmaster.master][INFO] 2017-09-22 18:46:38,267: publisherUpdate[/rosout] -> http://ubuntu:45556/ ['http://ubuntu:43473/']: sec=0.00, result=[1, '', 0]
[rosmaster.master][INFO] 2017-09-22 18:46:38,332: +PUB [/rosout] /view http://ubuntu:43255/
[rosmaster.master][INFO] 2017-09-22 18:46:38,332: +SERVICE [/view/get_loggers] /view http://ubuntu:43255/
[rosmaster.master][INFO] 2017-09-22 18:46:38,333: +SERVICE [/view/set_logger_level] /view http://ubuntu:43255/
[rosmaster.master][INFO] 2017-09-22 18:46:38,341: +SUB [/tf] /view http://ubuntu:43255/
[rosmaster.master][INFO] 2017-09-22 18:46:38,353: +SUB [/tf_static] /view http://ubuntu:43255/
[rosmaster.master][INFO] 2017-09-22 18:46:38,359: +PUB [/rosout] /camera http://ubuntu:44994/
[rosmaster.master][INFO] 2017-09-22 18:46:38,367: +SERVICE [/camera/get_loggers] /camera http://ubuntu:44994/
[rosmaster.master][INFO] 2017-09-22 18:46:38,367: publisherUpdate[/rosout] -> http://ubuntu:45556/ ['http://ubuntu:43473/', 'http://ubuntu:43255/']
[rosmaster.master][INFO] 2017-09-22 18:46:38,368: publisherUpdate[/rosout] -> http://ubuntu:45556/ ['http://ubuntu:43473/', 'http://ubuntu:43255/']: sec=0.00, result=[1, '', 0]
[rosmaster.master][INFO] 2017-09-22 18:46:38,368: publisherUpdate[/rosout] -> http://ubuntu:45556/ ['http://ubuntu:43473/', 'http://ubuntu:43255/', 'http://ubuntu:44994/']
[rosmaster.master][INFO] 2017-09-22 18:46:38,369: publisherUpdate[/rosout] -> http://ubuntu:45556/ ['http://ubuntu:43473/', 'http://ubuntu:43255/', 'http://ubuntu:44994/']: sec=0.00, result=[1, '', 0]
[rosmaster.master][INFO] 2017-09-22 18:46:38,369: +SERVICE [/camera/set_logger_level] /camera http://ubuntu:44994/
[rosmaster.master][INFO] 2017-09-22 18:46:38,424: +PUB [/image/screenpoint] /view http://ubuntu:43255/
[rosmaster.master][INFO] 2017-09-22 18:46:38,425: +PUB [/image/screenpoint_array] /view http://ubuntu:43255/
[rosmaster.master][INFO] 2017-09-22 18:46:38,426: +PUB [/image/screenrectangle] /view http://ubuntu:43255/
[rosmaster.master][INFO] 2017-09-22 18:46:38,427: +PUB [/image/screenrectangle_image] /view http://ubuntu:43255/
[rosmaster.master][INFO] 2017-09-22 18:46:38,427: +PUB [/image/movepoint] /view http://ubuntu:43255/
[rosmaster.master][INFO] 2017-09-22 18:46:38,428: +PUB [/image/foreground] /view http://ubuntu:43255/
[rosmaster.master][INFO] 2017-09-22 18:46:38,429: +PUB [/image/background] /view http://ubuntu:43255/
[rosmaster.master][INFO] 2017-09-22 18:46:38,430: +PUB [/image/foreground_rect] /view http://ubuntu:43255/
[rosmaster.master][INFO] 2017-09-22 18:46:38,431: +PUB [/image/background_rect] /view http://ubuntu:43255/
[rosmaster.master][INFO] 2017-09-22 18:46:38,432: +PUB [/image/line] /view http://ubuntu:43255/
[rosmaster.master][INFO] 2017-09-22 18:46:38,435: +SERVICE [/camera/set_camera_info] /camera http://ubuntu:44994/
[rosmaster.master][INFO] 2017-09-22 18:46:38,436: +PUB [/image/poly] /view http://ubuntu:43255/
[rosmaster.master][INFO] 2017-09-22 18:46:38,442: +SUB [/camera/image_raw] /image_converter http://ubuntu:43473/
[rosmaster.master][INFO] 2017-09-22 18:46:38,504: +PUB [/image/compressedDepth] /image_converter http://ubuntu:43473/
[rosmaster.master][INFO] 2017-09-22 18:46:38,505: +SERVICE [/image/compressedDepth/set_parameters] /image_converter http://ubuntu:43473/
[rosmaster.master][INFO] 2017-09-22 18:46:38,509: +PUB [/image/compressedDepth/parameter_descriptions] /image_converter http://ubuntu:43473/
[rosmaster.master][INFO] 2017-09-22 18:46:38,510: +PUB [/image/compressedDepth/parameter_updates] /image_converter http://ubuntu:43473/
[rosmaster.master][INFO] 2017-09-22 18:46:38,512: +PARAM [/image/compressedDepth/depth_max] by /image_converter
[rosmaster.master][INFO] 2017-09-22 18:46:38,513: +PARAM [/image/compressedDepth/depth_quantization] by /image_converter
[rosmaster.master][INFO] 2017-09-22 18:46:38,515: +PARAM [/image/compressedDepth/png_level] by /image_converter
[rosmaster.master][INFO] 2017-09-22 18:46:38,516: +PARAM [/image/compressedDepth/depth_max] by /image_converter
[rosmaster.master][INFO] 2017-09-22 18:46:38,518: +PUB [/image_marked/compressedDepth] /view http://ubuntu:43255/
[rosmaster.master][INFO] 2017-09-22 18:46:38,518: +PARAM [/image/compressedDepth/depth_quantization] by /image_converter
[rosmaster.master][INFO] 2017-09-22 18:46:38,519: +SERVICE [/image_marked/compressedDepth/set_parameters] /view http://ubuntu:43255/
[rosmaster.master][INFO] 2017-09-22 18:46:38,520: +PARAM [/image/compressedDepth/png_level] by /image_converter
[rosmaster.master][INFO] 2017-09-22 18:46:38,526: +PUB [/image_marked/compressedDepth/parameter_descriptions] /view http://ubuntu:43255/
[rosmaster.master][INFO] 2017-09-22 18:46:38,527: +PUB [/image_marked/compressedDepth/parameter_updates] /view http://ubuntu:43255/
[rosmaster.master][INFO] 2017-09-22 18:46:38,531: +PARAM [/image_marked/compressedDepth/depth_max] by /view
[rosmaster.master][INFO] 2017-09-22 18:46:38,533: +PARAM [/image_marked/compressedDepth/depth_quantization] by /view
[rosmaster.master][INFO] 2017-09-22 18:46:38,534: +PARAM [/image_marked/compressedDepth/png_level] by /view
[rosmaster.master][INFO] 2017-09-22 18:46:38,538: +PARAM [/image_marked/compressedDepth/depth_max] by /view
[rosmaster.master][INFO] 2017-09-22 18:46:38,538: +PARAM [/image_marked/compressedDepth/depth_quantization] by /view
[rosmaster.master][INFO] 2017-09-22 18:46:38,539: +PARAM [/image_marked/compressedDepth/png_level] by /view
[rosmaster.master][INFO] 2017-09-22 18:46:38,584: +PUB [/image/compressed] /image_converter http://ubuntu:43473/
[rosmaster.master][INFO] 2017-09-22 18:46:38,585: +SERVICE [/image/compressed/set_parameters] /image_converter http://ubuntu:43473/
[rosmaster.master][INFO] 2017-09-22 18:46:38,585: +PUB [/image/compressed/parameter_descriptions] /image_converter http://ubuntu:43473/
[rosmaster.master][INFO] 2017-09-22 18:46:38,586: +PUB [/image/compressed/parameter_updates] /image_converter http://ubuntu:43473/
[rosmaster.master][INFO] 2017-09-22 18:46:38,592: +PARAM [/image/compressed/format] by /image_converter
[rosmaster.master][INFO] 2017-09-22 18:46:38,593: +PARAM [/image/compressed/jpeg_quality] by /image_converter
[rosmaster.master][INFO] 2017-09-22 18:46:38,595: +PARAM [/image/compressed/png_level] by /image_converter
[rosmaster.master][INFO] 2017-09-22 18:46:38,597: +PARAM [/image/compressed/format] by /image_converter
[rosmaster.master][INFO] 2017-09-22 18:46:38,597: +PARAM [/image/compressed/jpeg_quality] by /image_converter
[rosmaster.master][INFO] 2017-09-22 18:46:38,600: +PARAM [/image/compressed/png_level] by /image_converter
[rosmaster.master][INFO] 2017-09-22 18:46:38,605: +PUB [/image_marked/compressed] /view http://ubuntu:43255/
[rosmaster.master][INFO] 2017-09-22 18:46:38,606: +SERVICE [/image_marked/compressed/set_parameters] /view http://ubuntu:43255/
[rosmaster.master][INFO] 2017-09-22 18:46:38,608: +PUB [/image_marked/compressed/parameter_descriptions] /view http://ubuntu:43255/
[rosmaster.master][INFO] 2017-09-22 18:46:38,609: +PUB [/image_marked/compressed/parameter_updates] /view http://ubuntu:43255/
[rosmaster.master][INFO] 2017-09-22 18:46:38,616: +PARAM [/image_marked/compressed/format] by /view
[rosmaster.master][INFO] 2017-09-22 18:46:38,617: +PARAM [/image_marked/compressed/jpeg_quality] by /view
[rosmaster.master][INFO] 2017-09-22 18:46:38,617: +PARAM [/image_marked/compressed/png_level] by /view
[rosmaster.master][INFO] 2017-09-22 18:46:38,618: +PARAM [/image_marked/compressed/format] by /view
[rosmaster.master][INFO] 2017-09-22 18:46:38,622: +PARAM [/image_marked/compressed/jpeg_quality] by /view
[rosmaster.master][INFO] 2017-09-22 18:46:38,622: +PARAM [/image_marked/compressed/png_level] by /view
[rosmaster.master][INFO] 2017-09-22 18:46:38,669: +PUB [/image] /image_converter http://ubuntu:43473/
[rosmaster.master][INFO] 2017-09-22 18:46:38,697: +PUB [/image_marked] /view http://ubuntu:43255/
[rosmaster.master][INFO] 2017-09-22 18:46:38,744: +PUB [/camera/image_raw/compressedDepth] /camera http://ubuntu:44994/
[rosmaster.master][INFO] 2017-09-22 18:46:38,745: +SERVICE [/camera/image_raw/compressedDepth/set_parameters] /camera http://ubuntu:44994/
[rosmaster.master][INFO] 2017-09-22 18:46:38,746: +PUB [/camera/image_raw/compressedDepth/parameter_descriptions] /camera http://ubuntu:44994/
[rosmaster.master][INFO] 2017-09-22 18:46:38,747: +PUB [/camera/image_raw/compressedDepth/parameter_updates] /camera http://ubuntu:44994/
[rosmaster.master][INFO] 2017-09-22 18:46:38,752: +PUB [/image/theora] /image_converter http://ubuntu:43473/
[rosmaster.master][INFO] 2017-09-22 18:46:38,754: +PARAM [/camera/image_raw/compressedDepth/depth_max] by /camera
[rosmaster.master][INFO] 2017-09-22 18:46:38,755: +SERVICE [/image/theora/set_parameters] /image_converter http://ubuntu:43473/
[rosmaster.master][INFO] 2017-09-22 18:46:38,757: +PARAM [/camera/image_raw/compressedDepth/depth_quantization] by /camera
[rosmaster.master][INFO] 2017-09-22 18:46:38,759: +PUB [/image/theora/parameter_descriptions] /image_converter http://ubuntu:43473/
[rosmaster.master][INFO] 2017-09-22 18:46:38,763: +PARAM [/camera/image_raw/compressedDepth/png_level] by /camera
[rosmaster.master][INFO] 2017-09-22 18:46:38,764: +PUB [/image/theora/parameter_updates] /image_converter http://ubuntu:43473/
[rosmaster.master][INFO] 2017-09-22 18:46:38,764: +PARAM [/camera/image_raw/compressedDepth/depth_max] by /camera
[rosmaster.master][INFO] 2017-09-22 18:46:38,766: +PARAM [/camera/image_raw/compressedDepth/depth_quantization] by /camera
[rosmaster.master][INFO] 2017-09-22 18:46:38,769: +PARAM [/camera/image_raw/compressedDepth/png_level] by /camera
[rosmaster.master][INFO] 2017-09-22 18:46:38,777: +PARAM [/image/theora/optimize_for] by /image_converter
[rosmaster.master][INFO] 2017-09-22 18:46:38,783: +PARAM [/image/theora/target_bitrate] by /image_converter
[rosmaster.master][INFO] 2017-09-22 18:46:38,784: +PARAM [/image/theora/quality] by /image_converter
[rosmaster.master][INFO] 2017-09-22 18:46:38,787: +PARAM [/image/theora/keyframe_frequency] by /image_converter
[rosmaster.master][INFO] 2017-09-22 18:46:38,787: +PUB [/image_marked/theora] /view http://ubuntu:43255/
[rosmaster.master][INFO] 2017-09-22 18:46:38,788: +PARAM [/image/theora/optimize_for] by /image_converter
[rosmaster.master][INFO] 2017-09-22 18:46:38,789: +SERVICE [/image_marked/theora/set_parameters] /view http://ubuntu:43255/
[rosmaster.master][INFO] 2017-09-22 18:46:38,791: +PARAM [/image/theora/target_bitrate] by /image_converter
[rosmaster.master][INFO] 2017-09-22 18:46:38,795: +PUB [/image_marked/theora/parameter_descriptions] /view http://ubuntu:43255/
[rosmaster.master][INFO] 2017-09-22 18:46:38,796: +PARAM [/image/theora/quality] by /image_converter
[rosmaster.master][INFO] 2017-09-22 18:46:38,796: +PUB [/image_marked/theora/parameter_updates] /view http://ubuntu:43255/
[rosmaster.master][INFO] 2017-09-22 18:46:38,797: +PARAM [/image/theora/keyframe_frequency] by /image_converter
[rosmaster.master][INFO] 2017-09-22 18:46:38,806: +PARAM [/image_marked/theora/optimize_for] by /view
[rosmaster.master][INFO] 2017-09-22 18:46:38,806: +PARAM [/image_marked/theora/target_bitrate] by /view
[rosmaster.master][INFO] 2017-09-22 18:46:38,807: +PARAM [/image_marked/theora/quality] by /view
[rosmaster.master][INFO] 2017-09-22 18:46:38,808: +PARAM [/image_marked/theora/keyframe_frequency] by /view
[rosmaster.master][INFO] 2017-09-22 18:46:38,808: +PARAM [/image_marked/theora/optimize_for] by /view
[rosmaster.master][INFO] 2017-09-22 18:46:38,810: +PARAM [/image_marked/theora/target_bitrate] by /view
[rosmaster.master][INFO] 2017-09-22 18:46:38,811: +PARAM [/image_marked/theora/quality] by /view
[rosmaster.master][INFO] 2017-09-22 18:46:38,815: +PARAM [/image_marked/theora/keyframe_frequency] by /view
[rosmaster.master][INFO] 2017-09-22 18:46:38,838: +PUB [/camera/image_raw/compressed] /camera http://ubuntu:44994/
[rosmaster.master][INFO] 2017-09-22 18:46:38,839: +SERVICE [/camera/image_raw/compressed/set_parameters] /camera http://ubuntu:44994/
[rosmaster.master][INFO] 2017-09-22 18:46:38,839: +PUB [/camera/image_raw/compressed/parameter_descriptions] /camera http://ubuntu:44994/
[rosmaster.master][INFO] 2017-09-22 18:46:38,840: +PUB [/camera/image_raw/compressed/parameter_updates] /camera http://ubuntu:44994/
[rosmaster.master][INFO] 2017-09-22 18:46:38,842: +PARAM [/camera/image_raw/compressed/format] by /camera
[rosmaster.master][INFO] 2017-09-22 18:46:38,843: +PARAM [/camera/image_raw/compressed/jpeg_quality] by /camera
[rosmaster.master][INFO] 2017-09-22 18:46:38,844: +PARAM [/camera/image_raw/compressed/png_level] by /camera
[rosmaster.master][INFO] 2017-09-22 18:46:38,845: +PARAM [/camera/image_raw/compressed/format] by /camera
[rosmaster.master][INFO] 2017-09-22 18:46:38,850: +PARAM [/camera/image_raw/compressed/jpeg_quality] by /camera
[rosmaster.master][INFO] 2017-09-22 18:46:38,851: +PARAM [/camera/image_raw/compressed/png_level] by /camera
[rosmaster.master][INFO] 2017-09-22 18:46:38,873: +PUB [/image/marked/compressedDepth] /view http://ubuntu:43255/
[rosmaster.master][INFO] 2017-09-22 18:46:38,875: +SERVICE [/image/marked/compressedDepth/set_parameters] /view http://ubuntu:43255/
[rosmaster.master][INFO] 2017-09-22 18:46:38,876: +PUB [/image/marked/compressedDepth/parameter_descriptions] /view http://ubuntu:43255/
[rosmaster.master][INFO] 2017-09-22 18:46:38,876: +PUB [/image/marked/compressedDepth/parameter_updates] /view http://ubuntu:43255/
[rosmaster.master][INFO] 2017-09-22 18:46:38,882: +PARAM [/image/marked/compressedDepth/depth_max] by /view
[rosmaster.master][INFO] 2017-09-22 18:46:38,883: +PARAM [/image/marked/compressedDepth/depth_quantization] by /view
[rosmaster.master][INFO] 2017-09-22 18:46:38,884: +PARAM [/image/marked/compressedDepth/png_level] by /view
[rosmaster.master][INFO] 2017-09-22 18:46:38,886: +PARAM [/image/marked/compressedDepth/depth_max] by /view
[rosmaster.master][INFO] 2017-09-22 18:46:38,888: +PARAM [/image/marked/compressedDepth/depth_quantization] by /view
[rosmaster.master][INFO] 2017-09-22 18:46:38,894: +PARAM [/image/marked/compressedDepth/png_level] by /view
[rosmaster.master][INFO] 2017-09-22 18:46:38,919: +PUB [/camera/image_raw] /camera http://ubuntu:44994/
[rosmaster.master][INFO] 2017-09-22 18:46:38,956: +PUB [/image/marked/compressed] /view http://ubuntu:43255/
[rosmaster.master][INFO] 2017-09-22 18:46:38,958: +SERVICE [/image/marked/compressed/set_parameters] /view http://ubuntu:43255/
[rosmaster.master][INFO] 2017-09-22 18:46:38,959: +PUB [/image/marked/compressed/parameter_descriptions] /view http://ubuntu:43255/
[rosmaster.master][INFO] 2017-09-22 18:46:38,960: +PUB [/image/marked/compressed/parameter_updates] /view http://ubuntu:43255/
[rosmaster.master][INFO] 2017-09-22 18:46:38,962: +PARAM [/image/marked/compressed/format] by /view
[rosmaster.master][INFO] 2017-09-22 18:46:38,967: +PARAM [/image/marked/compressed/jpeg_quality] by /view
[rosmaster.master][INFO] 2017-09-22 18:46:38,967: +PARAM [/image/marked/compressed/png_level] by /view
[rosmaster.master][INFO] 2017-09-22 18:46:38,968: +PARAM [/image/marked/compressed/format] by /view
[rosmaster.master][INFO] 2017-09-22 18:46:38,969: +PARAM [/image/marked/compressed/jpeg_quality] by /view
[rosmaster.master][INFO] 2017-09-22 18:46:38,969: +PARAM [/image/marked/compressed/png_level] by /view
[rosmaster.master][INFO] 2017-09-22 18:46:38,975: publisherUpdate[/camera/image_raw] -> http://ubuntu:43473/ ['http://ubuntu:44994/']
[rosmaster.master][INFO] 2017-09-22 18:46:38,976: publisherUpdate[/camera/image_raw] -> http://ubuntu:43473/ ['http://ubuntu:44994/']: sec=0.00, result=[1, '', 0]
[rosmaster.master][INFO] 2017-09-22 18:46:38,988: +PUB [/camera/image_raw/theora] /camera http://ubuntu:44994/
[rosmaster.master][INFO] 2017-09-22 18:46:38,989: +SERVICE [/camera/image_raw/theora/set_parameters] /camera http://ubuntu:44994/
[rosmaster.master][INFO] 2017-09-22 18:46:38,991: +PUB [/camera/image_raw/theora/parameter_descriptions] /camera http://ubuntu:44994/
[rosmaster.master][INFO] 2017-09-22 18:46:38,992: +PUB [/camera/image_raw/theora/parameter_updates] /camera http://ubuntu:44994/
[rosmaster.master][INFO] 2017-09-22 18:46:38,998: +PARAM [/camera/image_raw/theora/optimize_for] by /camera
[rosmaster.master][INFO] 2017-09-22 18:46:38,999: +PARAM [/camera/image_raw/theora/target_bitrate] by /camera
[rosmaster.master][INFO] 2017-09-22 18:46:39,000: +PARAM [/camera/image_raw/theora/quality] by /camera
[rosmaster.master][INFO] 2017-09-22 18:46:39,001: +PARAM [/camera/image_raw/theora/keyframe_frequency] by /camera
[rosmaster.master][INFO] 2017-09-22 18:46:39,002: +PARAM [/camera/image_raw/theora/optimize_for] by /camera
[rosmaster.master][INFO] 2017-09-22 18:46:39,007: +PARAM [/camera/image_raw/theora/target_bitrate] by /camera
[rosmaster.master][INFO] 2017-09-22 18:46:39,007: +PARAM [/camera/image_raw/theora/quality] by /camera
[rosmaster.master][INFO] 2017-09-22 18:46:39,008: +PARAM [/camera/image_raw/theora/keyframe_frequency] by /camera
[rosmaster.master][INFO] 2017-09-22 18:46:39,009: +PUB [/camera/camera_info] /camera http://ubuntu:44994/
[rosmaster.master][INFO] 2017-09-22 18:46:39,033: +PUB [/image/marked] /view http://ubuntu:43255/
[rosmaster.master][INFO] 2017-09-22 18:46:39,061: +PUB [/image/marked/theora] /view http://ubuntu:43255/
[rosmaster.master][INFO] 2017-09-22 18:46:39,062: +SERVICE [/image/marked/theora/set_parameters] /view http://ubuntu:43255/
[rosmaster.master][INFO] 2017-09-22 18:46:39,063: +PUB [/image/marked/theora/parameter_descriptions] /view http://ubuntu:43255/
[rosmaster.master][INFO] 2017-09-22 18:46:39,063: +PUB [/image/marked/theora/parameter_updates] /view http://ubuntu:43255/
[rosmaster.master][INFO] 2017-09-22 18:46:39,067: +PARAM [/image/marked/theora/optimize_for] by /view
[rosmaster.master][INFO] 2017-09-22 18:46:39,067: +PARAM [/image/marked/theora/target_bitrate] by /view
[rosmaster.master][INFO] 2017-09-22 18:46:39,068: +PARAM [/image/marked/theora/quality] by /view
[rosmaster.master][INFO] 2017-09-22 18:46:39,069: +PARAM [/image/marked/theora/keyframe_frequency] by /view
[rosmaster.master][INFO] 2017-09-22 18:46:39,069: +PARAM [/image/marked/theora/optimize_for] by /view
[rosmaster.master][INFO] 2017-09-22 18:46:39,070: +PARAM [/image/marked/theora/target_bitrate] by /view
[rosmaster.master][INFO] 2017-09-22 18:46:39,071: +PARAM [/image/marked/theora/quality] by /view
[rosmaster.master][INFO] 2017-09-22 18:46:39,071: +PARAM [/image/marked/theora/keyframe_frequency] by /view
[rosmaster.master][INFO] 2017-09-22 18:46:39,102: +SUB [/image] /view http://ubuntu:43255/
[rosmaster.master][INFO] 2017-09-22 18:46:39,106: +SUB [/camera_info] /view http://ubuntu:43255/
[rosmaster.master][INFO] 2017-09-22 18:46:39,110: +SUB [/image_marker] /view http://ubuntu:43255/
[rosmaster.master][INFO] 2017-09-22 18:46:39,114: +SUB [/image/event] /view http://ubuntu:43255/
[rosmaster.master][INFO] 2017-09-22 18:46:39,115: +SERVICE [/view/change_mode] /view http://ubuntu:43255/
[rosmaster.master][INFO] 2017-09-22 18:46:39,115: +SERVICE [/view/rectangle_mode] /view http://ubuntu:43255/
[rosmaster.master][INFO] 2017-09-22 18:46:39,116: +SERVICE [/view/grabcut_mode] /view http://ubuntu:43255/
[rosmaster.master][INFO] 2017-09-22 18:46:39,117: +SERVICE [/view/grabcut_rect_mode] /view http://ubuntu:43255/
[rosmaster.master][INFO] 2017-09-22 18:46:39,117: +SERVICE [/view/line_mode] /view http://ubuntu:43255/
[rosmaster.master][INFO] 2017-09-22 18:46:39,118: +SERVICE [/view/poly_mode] /view http://ubuntu:43255/
[rosmaster.master][INFO] 2017-09-22 18:46:39,119: +SERVICE [/view/none_mode] /view http://ubuntu:43255/
[rosmaster.master][INFO] 2017-09-22 18:46:39,120: +SERVICE [/view/set_parameters] /view http://ubuntu:43255/
[rosmaster.master][INFO] 2017-09-22 18:46:39,121: +PUB [/view/parameter_descriptions] /view http://ubuntu:43255/
[rosmaster.master][INFO] 2017-09-22 18:46:39,122: +PUB [/view/parameter_updates] /view http://ubuntu:43255/
[rosmaster.master][INFO] 2017-09-22 18:46:39,127: +PARAM [/view/grid] by /view
[rosmaster.master][INFO] 2017-09-22 18:46:39,127: +PARAM [/view/fisheye_mode] by /view
[rosmaster.master][INFO] 2017-09-22 18:46:39,128: +PARAM [/view/div_u] by /view
[rosmaster.master][INFO] 2017-09-22 18:46:39,129: +PARAM [/view/div_v] by /view
[rosmaster.master][INFO] 2017-09-22 18:46:39,129: +PARAM [/view/grid_red] by /view
[rosmaster.master][INFO] 2017-09-22 18:46:39,130: +PARAM [/view/grid_green] by /view
[rosmaster.master][INFO] 2017-09-22 18:46:39,131: +PARAM [/view/grid_blue] by /view
[rosmaster.master][INFO] 2017-09-22 18:46:39,132: +PARAM [/view/grid_thickness] by /view
[rosmaster.master][INFO] 2017-09-22 18:46:39,132: +PARAM [/view/grid_space] by /view
[rosmaster.master][INFO] 2017-09-22 18:46:39,133: +PARAM [/view/grid] by /view
[rosmaster.master][INFO] 2017-09-22 18:46:39,134: +PARAM [/view/fisheye_mode] by /view
[rosmaster.master][INFO] 2017-09-22 18:46:39,134: +PARAM [/view/div_u] by /view
[rosmaster.master][INFO] 2017-09-22 18:46:39,135: +PARAM [/view/div_v] by /view
[rosmaster.master][INFO] 2017-09-22 18:46:39,136: +PARAM [/view/grid_red] by /view
[rosmaster.master][INFO] 2017-09-22 18:46:39,137: +PARAM [/view/grid_green] by /view
[rosmaster.master][INFO] 2017-09-22 18:46:39,137: +PARAM [/view/grid_blue] by /view
[rosmaster.master][INFO] 2017-09-22 18:46:39,138: +PARAM [/view/grid_thickness] by /view
[rosmaster.master][INFO] 2017-09-22 18:46:39,139: +PARAM [/view/grid_space] by /view
[rosmaster.master][INFO] 2017-09-22 18:47:04,254: -PUB [/rosout] /image_converter http://ubuntu:43473/
[rosmaster.master][INFO] 2017-09-22 18:47:04,255: -PUB [/image/compressedDepth] /image_converter http://ubuntu:43473/
[rosmaster.master][INFO] 2017-09-22 18:47:04,256: -PUB [/image/compressedDepth/parameter_descriptions] /image_converter http://ubuntu:43473/
[rosmaster.master][INFO] 2017-09-22 18:47:04,257: -PUB [/image/compressedDepth/parameter_updates] /image_converter http://ubuntu:43473/
[rosmaster.master][INFO] 2017-09-22 18:47:04,258: -PUB [/image/compressed] /image_converter http://ubuntu:43473/
[rosmaster.master][INFO] 2017-09-22 18:47:04,260: -PUB [/image/compressed/parameter_descriptions] /image_converter http://ubuntu:43473/
[rosmaster.master][INFO] 2017-09-22 18:47:04,261: -PUB [/image/compressed/parameter_updates] /image_converter http://ubuntu:43473/
[rosmaster.master][INFO] 2017-09-22 18:47:04,264: -PUB [/image] /image_converter http://ubuntu:43473/
[rosmaster.master][INFO] 2017-09-22 18:47:04,266: -PUB [/image/theora] /image_converter http://ubuntu:43473/
[rosmaster.master][INFO] 2017-09-22 18:47:04,270: -PUB [/image/theora/parameter_descriptions] /image_converter http://ubuntu:43473/
[rosmaster.master][INFO] 2017-09-22 18:47:04,274: -PUB [/image/theora/parameter_updates] /image_converter http://ubuntu:43473/
[rosmaster.master][INFO] 2017-09-22 18:47:04,280: -SUB [/camera/image_raw] /image_converter http://ubuntu:43473/
[rosmaster.master][INFO] 2017-09-22 18:47:04,281: -SERVICE [/image_converter/get_loggers] /image_converter rosrpc://ubuntu:56342
[rosmaster.master][INFO] 2017-09-22 18:47:04,282: -SERVICE [/image_converter/set_logger_level] /image_converter rosrpc://ubuntu:56342
[rosmaster.master][INFO] 2017-09-22 18:47:04,283: -SERVICE [/image/compressedDepth/set_parameters] /image_converter rosrpc://ubuntu:56342
[rosmaster.master][INFO] 2017-09-22 18:47:04,286: -SERVICE [/image/compressed/set_parameters] /image_converter rosrpc://ubuntu:56342
[rosmaster.master][INFO] 2017-09-22 18:47:04,292: -SERVICE [/image/theora/set_parameters] /image_converter rosrpc://ubuntu:56342
[rosmaster.master][INFO] 2017-09-22 18:47:04,333: publisherUpdate[/rosout] -> http://ubuntu:45556/ ['http://ubuntu:43255/', 'http://ubuntu:44994/']
[rosmaster.master][INFO] 2017-09-22 18:47:04,334: publisherUpdate[/image] -> http://ubuntu:43255/ []
[rosmaster.master][INFO] 2017-09-22 18:47:04,335: publisherUpdate[/rosout] -> http://ubuntu:45556/ ['http://ubuntu:43255/', 'http://ubuntu:44994/']: sec=0.00, result=[1, '', 0]
[rosmaster.master][INFO] 2017-09-22 18:47:04,339: publisherUpdate[/image] -> http://ubuntu:43255/ []: sec=0.00, result=[0, 'Unknown Error', 0]
[rosmaster.master][INFO] 2017-09-22 18:47:04,377: -PUB [/rosout] /camera http://ubuntu:44994/
[rosmaster.master][INFO] 2017-09-22 18:47:04,378: -PUB [/camera/image_raw/compressedDepth] /camera http://ubuntu:44994/
[rosmaster.master][INFO] 2017-09-22 18:47:04,379: -PUB [/camera/image_raw/compressedDepth/parameter_descriptions] /camera http://ubuntu:44994/
[rosmaster.master][INFO] 2017-09-22 18:47:04,380: -PUB [/camera/image_raw/compressedDepth/parameter_updates] /camera http://ubuntu:44994/
[rosmaster.master][INFO] 2017-09-22 18:47:04,380: -PUB [/camera/image_raw/compressed] /camera http://ubuntu:44994/
[rosmaster.master][INFO] 2017-09-22 18:47:04,383: -PUB [/camera/image_raw/compressed/parameter_descriptions] /camera http://ubuntu:44994/
[rosmaster.master][INFO] 2017-09-22 18:47:04,384: -PUB [/camera/image_raw/compressed/parameter_updates] /camera http://ubuntu:44994/
[rosmaster.master][INFO] 2017-09-22 18:47:04,386: -PUB [/camera/image_raw] /camera http://ubuntu:44994/
[rosmaster.master][INFO] 2017-09-22 18:47:04,387: -PUB [/camera/image_raw/theora] /camera http://ubuntu:44994/
[rosmaster.master][INFO] 2017-09-22 18:47:04,387: -PUB [/camera/image_raw/theora/parameter_descriptions] /camera http://ubuntu:44994/
[rosmaster.master][INFO] 2017-09-22 18:47:04,392: -PUB [/camera/image_raw/theora/parameter_updates] /camera http://ubuntu:44994/
[rosmaster.master][INFO] 2017-09-22 18:47:04,393: -PUB [/camera/camera_info] /camera http://ubuntu:44994/
[rosmaster.master][INFO] 2017-09-22 18:47:04,397: -SERVICE [/camera/get_loggers] /camera rosrpc://ubuntu:59992
[rosmaster.master][INFO] 2017-09-22 18:47:04,398: -SERVICE [/camera/set_logger_level] /camera rosrpc://ubuntu:59992
[rosmaster.master][INFO] 2017-09-22 18:47:04,399: -SERVICE [/camera/set_camera_info] /camera rosrpc://ubuntu:59992
[rosmaster.master][INFO] 2017-09-22 18:47:04,399: -SERVICE [/camera/image_raw/compressedDepth/set_parameters] /camera rosrpc://ubuntu:59992
[rosmaster.master][INFO] 2017-09-22 18:47:04,402: -SERVICE [/camera/image_raw/compressed/set_parameters] /camera rosrpc://ubuntu:59992
[rosmaster.master][INFO] 2017-09-22 18:47:04,411: -SERVICE [/camera/image_raw/theora/set_parameters] /camera rosrpc://ubuntu:59992
[rosmaster.master][INFO] 2017-09-22 18:47:04,435: publisherUpdate[/rosout] -> http://ubuntu:45556/ ['http://ubuntu:43255/']
[rosmaster.master][INFO] 2017-09-22 18:47:04,437: publisherUpdate[/rosout] -> http://ubuntu:45556/ ['http://ubuntu:43255/']: sec=0.00, result=[1, '', 0]
[rosmaster.master][INFO] 2017-09-22 18:47:04,441: -PUB [/rosout] /view http://ubuntu:43255/
[rosmaster.master][INFO] 2017-09-22 18:47:04,444: -PUB [/image/screenpoint] /view http://ubuntu:43255/
[rosmaster.master][INFO] 2017-09-22 18:47:04,446: -PUB [/image/screenpoint_array] /view http://ubuntu:43255/
[rosmaster.master][INFO] 2017-09-22 18:47:04,450: -PUB [/image/screenrectangle] /view http://ubuntu:43255/
[rosmaster.master][INFO] 2017-09-22 18:47:04,457: -PUB [/image/screenrectangle_image] /view http://ubuntu:43255/
[rosmaster.master][INFO] 2017-09-22 18:47:04,463: -PUB [/image/movepoint] /view http://ubuntu:43255/
[rosmaster.master][INFO] 2017-09-22 18:47:04,466: -PUB [/image/foreground] /view http://ubuntu:43255/
[rosmaster.master][INFO] 2017-09-22 18:47:04,468: -PUB [/image/background] /view http://ubuntu:43255/
[rosmaster.master][INFO] 2017-09-22 18:47:04,470: -PUB [/image/foreground_rect] /view http://ubuntu:43255/
[rosmaster.master][INFO] 2017-09-22 18:47:04,470: -PUB [/image/background_rect] /view http://ubuntu:43255/
[rosmaster.master][INFO] 2017-09-22 18:47:04,472: -PUB [/image/line] /view http://ubuntu:43255/
[rosmaster.master][INFO] 2017-09-22 18:47:04,474: -PUB [/image/poly] /view http://ubuntu:43255/
[rosmaster.master][INFO] 2017-09-22 18:47:04,476: -PUB [/image_marked/compressedDepth] /view http://ubuntu:43255/
[rosmaster.master][INFO] 2017-09-22 18:47:04,478: -PUB [/image_marked/compressedDepth/parameter_descriptions] /view http://ubuntu:43255/
[rosmaster.master][INFO] 2017-09-22 18:47:04,481: -PUB [/image_marked/compressedDepth/parameter_updates] /view http://ubuntu:43255/
[rosmaster.master][INFO] 2017-09-22 18:47:04,482: -PUB [/image_marked/compressed] /view http://ubuntu:43255/
[rosmaster.master][INFO] 2017-09-22 18:47:04,482: -PUB [/image_marked/compressed/parameter_descriptions] /view http://ubuntu:43255/
[rosmaster.master][INFO] 2017-09-22 18:47:04,483: -PUB [/image_marked/compressed/parameter_updates] /view http://ubuntu:43255/
[rosmaster.master][INFO] 2017-09-22 18:47:04,485: -PUB [/image_marked] /view http://ubuntu:43255/
[rosmaster.master][INFO] 2017-09-22 18:47:04,487: -PUB [/image_marked/theora] /view http://ubuntu:43255/
[rosmaster.master][INFO] 2017-09-22 18:47:04,487: -PUB [/image_marked/theora/parameter_descriptions] /view http://ubuntu:43255/
[rosmaster.master][INFO] 2017-09-22 18:47:04,491: -PUB [/image_marked/theora/parameter_updates] /view http://ubuntu:43255/
[rosmaster.master][INFO] 2017-09-22 18:47:04,493: -PUB [/image/marked/compressedDepth] /view http://ubuntu:43255/
[rosmaster.master][INFO] 2017-09-22 18:47:04,496: -PUB [/image/marked/compressedDepth/parameter_descriptions] /view http://ubuntu:43255/
[rosmaster.master][INFO] 2017-09-22 18:47:04,497: -PUB [/image/marked/compressedDepth/parameter_updates] /view http://ubuntu:43255/
[rosmaster.master][INFO] 2017-09-22 18:47:04,498: -PUB [/image/marked/compressed] /view http://ubuntu:43255/
[rosmaster.master][INFO] 2017-09-22 18:47:04,498: -PUB [/image/marked/compressed/parameter_descriptions] /view http://ubuntu:43255/
[rosmaster.master][INFO] 2017-09-22 18:47:04,501: -PUB [/image/marked/compressed/parameter_updates] /view http://ubuntu:43255/
[rosmaster.master][INFO] 2017-09-22 18:47:04,502: -PUB [/image/marked] /view http://ubuntu:43255/
[rosmaster.master][INFO] 2017-09-22 18:47:04,507: -PUB [/image/marked/theora] /view http://ubuntu:43255/
[rosmaster.master][INFO] 2017-09-22 18:47:04,511: -PUB [/image/marked/theora/parameter_descriptions] /view http://ubuntu:43255/
[rosmaster.master][INFO] 2017-09-22 18:47:04,514: -PUB [/image/marked/theora/parameter_updates] /view http://ubuntu:43255/
[rosmaster.master][INFO] 2017-09-22 18:47:04,520: -PUB [/view/parameter_descriptions] /view http://ubuntu:43255/
[rosmaster.master][INFO] 2017-09-22 18:47:04,526: -PUB [/view/parameter_updates] /view http://ubuntu:43255/
[rosmaster.master][INFO] 2017-09-22 18:47:04,531: -SUB [/tf] /view http://ubuntu:43255/
[rosmaster.master][INFO] 2017-09-22 18:47:04,535: -SUB [/tf_static] /view http://ubuntu:43255/
[rosmaster.master][INFO] 2017-09-22 18:47:04,540: publisherUpdate[/rosout] -> http://ubuntu:45556/ []
[rosmaster.master][INFO] 2017-09-22 18:47:04,543: publisherUpdate[/rosout] -> http://ubuntu:45556/ []: sec=0.00, result=[1, '', 0]
[rosmaster.master][INFO] 2017-09-22 18:47:04,545: -SUB [/image] /view http://ubuntu:43255/
[rosmaster.master][INFO] 2017-09-22 18:47:04,546: -SUB [/camera_info] /view http://ubuntu:43255/
[rosmaster.master][INFO] 2017-09-22 18:47:04,551: -SUB [/image_marker] /view http://ubuntu:43255/
[rosmaster.master][INFO] 2017-09-22 18:47:04,557: -SUB [/image/event] /view http://ubuntu:43255/
[rosmaster.master][INFO] 2017-09-22 18:47:04,564: -SERVICE [/view/get_loggers] /view rosrpc://ubuntu:60751
[rosmaster.master][INFO] 2017-09-22 18:47:04,565: -SERVICE [/view/set_logger_level] /view rosrpc://ubuntu:60751
[rosmaster.master][INFO] 2017-09-22 18:47:04,567: -SERVICE [/image_marked/compressedDepth/set_parameters] /view rosrpc://ubuntu:60751
[rosmaster.master][INFO] 2017-09-22 18:47:04,569: -SERVICE [/image_marked/compressed/set_parameters] /view rosrpc://ubuntu:60751
[rosmaster.master][INFO] 2017-09-22 18:47:04,570: -SERVICE [/image_marked/theora/set_parameters] /view rosrpc://ubuntu:60751
[rosmaster.master][INFO] 2017-09-22 18:47:04,572: -SERVICE [/image/marked/compressedDepth/set_parameters] /view rosrpc://ubuntu:60751
[rosmaster.master][INFO] 2017-09-22 18:47:04,573: -SERVICE [/image/marked/compressed/set_parameters] /view rosrpc://ubuntu:60751
[rosmaster.master][INFO] 2017-09-22 18:47:04,574: -SERVICE [/image/marked/theora/set_parameters] /view rosrpc://ubuntu:60751
[rosmaster.master][INFO] 2017-09-22 18:47:04,577: -SERVICE [/view/change_mode] /view rosrpc://ubuntu:60751
[rosmaster.master][INFO] 2017-09-22 18:47:04,578: -SERVICE [/view/rectangle_mode] /view rosrpc://ubuntu:60751
[rosmaster.master][INFO] 2017-09-22 18:47:04,579: -SERVICE [/view/grabcut_mode] /view rosrpc://ubuntu:60751
[rosmaster.master][INFO] 2017-09-22 18:47:04,580: -SERVICE [/view/grabcut_rect_mode] /view rosrpc://ubuntu:60751
[rosmaster.master][INFO] 2017-09-22 18:47:04,582: -SERVICE [/view/line_mode] /view rosrpc://ubuntu:60751
[rosmaster.master][INFO] 2017-09-22 18:47:04,583: -SERVICE [/view/poly_mode] /view rosrpc://ubuntu:60751
[rosmaster.master][INFO] 2017-09-22 18:47:04,584: -SERVICE [/view/none_mode] /view rosrpc://ubuntu:60751
[rosmaster.master][INFO] 2017-09-22 18:47:04,585: -SERVICE [/view/set_parameters] /view rosrpc://ubuntu:60751
[rosmaster.master][INFO] 2017-09-22 18:47:04,943: -PUB [/rosout_agg] /rosout http://ubuntu:45556/
[rosmaster.master][INFO] 2017-09-22 18:47:04,944: -SUB [/rosout] /rosout http://ubuntu:45556/
[rosmaster.master][INFO] 2017-09-22 18:47:04,944: -SERVICE [/rosout/get_loggers] /rosout rosrpc://ubuntu:36479
[rosmaster.master][INFO] 2017-09-22 18:47:04,945: -SERVICE [/rosout/set_logger_level] /rosout rosrpc://ubuntu:36479
[rosmaster.main][INFO] 2017-09-22 18:47:05,050: keyboard interrupt, will exit
[rosmaster.main][INFO] 2017-09-22 18:47:05,050: stopping master...
[rospy.core][INFO] 2017-09-22 18:47:05,051: signal_shutdown [atexit]
