[rosmaster.main][INFO] 2017-09-20 17:02:36,620: initialization complete, waiting for shutdown
[rosmaster.main][INFO] 2017-09-20 17:02:36,620: Starting ROS Master Node
[xmlrpc][INFO] 2017-09-20 17:02:36,624: XML-RPC server binding to 0.0.0.0:11311
[xmlrpc][INFO] 2017-09-20 17:02:36,624: Started XML-RPC server [http://ubuntu:11311/]
[xmlrpc][INFO] 2017-09-20 17:02:36,624: xml rpc node: starting XML-RPC server
[rosmaster.master][INFO] 2017-09-20 17:02:36,625: Master initialized: port[11311], uri[http://ubuntu:11311/]
[rosmaster.master][INFO] 2017-09-20 17:02:36,705: +PARAM [/run_id] by /roslaunch
[rosmaster.master][INFO] 2017-09-20 17:02:36,707: +PARAM [/roslaunch/uris/host_ubuntu__38801] by /roslaunch
[rosmaster.master][INFO] 2017-09-20 17:02:36,837: +PARAM [/rosversion] by /roslaunch
[rosmaster.master][INFO] 2017-09-20 17:02:36,837: +PARAM [/rosdistro] by /roslaunch
[rosmaster.master][INFO] 2017-09-20 17:02:36,837: +PARAM [/camera/device_id] by /roslaunch
[rosmaster.master][INFO] 2017-09-20 17:02:36,896: +SERVICE [/rosout/get_loggers] /rosout http://ubuntu:43877/
[rosmaster.master][INFO] 2017-09-20 17:02:36,900: +SERVICE [/rosout/set_logger_level] /rosout http://ubuntu:43877/
[rosmaster.master][INFO] 2017-09-20 17:02:36,906: +PUB [/rosout_agg] /rosout http://ubuntu:43877/
[rosmaster.master][INFO] 2017-09-20 17:02:36,953: +SUB [/rosout] /rosout http://ubuntu:43877/
[rosmaster.master][INFO] 2017-09-20 17:02:37,097: +PUB [/rosout] /image_converter http://ubuntu:43030/
[rosmaster.master][INFO] 2017-09-20 17:02:37,099: +SERVICE [/image_converter/get_loggers] /image_converter http://ubuntu:43030/
[rosmaster.master][INFO] 2017-09-20 17:02:37,101: +SERVICE [/image_converter/set_logger_level] /image_converter http://ubuntu:43030/
[rosmaster.master][INFO] 2017-09-20 17:02:37,123: publisherUpdate[/rosout] -> http://ubuntu:43877/ ['http://ubuntu:43030/']
[rosmaster.master][INFO] 2017-09-20 17:02:37,125: publisherUpdate[/rosout] -> http://ubuntu:43877/ ['http://ubuntu:43030/']: sec=0.00, result=[1, '', 0]
[rosmaster.master][INFO] 2017-09-20 17:02:37,230: +PUB [/rosout] /camera http://ubuntu:39158/
[rosmaster.master][INFO] 2017-09-20 17:02:37,232: +PUB [/rosout] /view http://ubuntu:45090/
[rosmaster.master][INFO] 2017-09-20 17:02:37,234: +SERVICE [/camera/get_loggers] /camera http://ubuntu:39158/
[rosmaster.master][INFO] 2017-09-20 17:02:37,242: +SERVICE [/view/get_loggers] /view http://ubuntu:45090/
[rosmaster.master][INFO] 2017-09-20 17:02:37,242: +SERVICE [/camera/set_logger_level] /camera http://ubuntu:39158/
[rosmaster.master][INFO] 2017-09-20 17:02:37,243: +SERVICE [/view/set_logger_level] /view http://ubuntu:45090/
[rosmaster.master][INFO] 2017-09-20 17:02:37,273: +SUB [/tf] /view http://ubuntu:45090/
[rosmaster.master][INFO] 2017-09-20 17:02:37,301: +SUB [/tf_static] /view http://ubuntu:45090/
[rosmaster.master][INFO] 2017-09-20 17:02:37,327: publisherUpdate[/rosout] -> http://ubuntu:43877/ ['http://ubuntu:43030/', 'http://ubuntu:39158/']
[rosmaster.master][INFO] 2017-09-20 17:02:37,328: publisherUpdate[/rosout] -> http://ubuntu:43877/ ['http://ubuntu:43030/', 'http://ubuntu:39158/']: sec=0.00, result=[1, '', 0]
[rosmaster.master][INFO] 2017-09-20 17:02:37,329: publisherUpdate[/rosout] -> http://ubuntu:43877/ ['http://ubuntu:43030/', 'http://ubuntu:39158/', 'http://ubuntu:45090/']
[rosmaster.master][INFO] 2017-09-20 17:02:37,329: publisherUpdate[/rosout] -> http://ubuntu:43877/ ['http://ubuntu:43030/', 'http://ubuntu:39158/', 'http://ubuntu:45090/']: sec=0.00, result=[1, '', 0]
[rosmaster.master][INFO] 2017-09-20 17:02:37,356: +SUB [/camera/image_raw] /image_converter http://ubuntu:43030/
[rosmaster.master][INFO] 2017-09-20 17:02:37,377: +SERVICE [/camera/set_camera_info] /camera http://ubuntu:39158/
[rosmaster.master][INFO] 2017-09-20 17:02:37,416: +PUB [/image/screenpoint] /view http://ubuntu:45090/
[rosmaster.master][INFO] 2017-09-20 17:02:37,417: +PUB [/image/screenpoint_array] /view http://ubuntu:45090/
[rosmaster.master][INFO] 2017-09-20 17:02:37,418: +PUB [/image/screenrectangle] /view http://ubuntu:45090/
[rosmaster.master][INFO] 2017-09-20 17:02:37,419: +PUB [/image/screenrectangle_image] /view http://ubuntu:45090/
[rosmaster.master][INFO] 2017-09-20 17:02:37,419: +PUB [/image/movepoint] /view http://ubuntu:45090/
[rosmaster.master][INFO] 2017-09-20 17:02:37,420: +PUB [/image/foreground] /view http://ubuntu:45090/
[rosmaster.master][INFO] 2017-09-20 17:02:37,421: +PUB [/image/background] /view http://ubuntu:45090/
[rosmaster.master][INFO] 2017-09-20 17:02:37,425: +PUB [/image/foreground_rect] /view http://ubuntu:45090/
[rosmaster.master][INFO] 2017-09-20 17:02:37,426: +PUB [/image/background_rect] /view http://ubuntu:45090/
[rosmaster.master][INFO] 2017-09-20 17:02:37,427: +PUB [/image/line] /view http://ubuntu:45090/
[rosmaster.master][INFO] 2017-09-20 17:02:37,429: +PUB [/image/poly] /view http://ubuntu:45090/
[rosmaster.master][INFO] 2017-09-20 17:02:37,746: +PUB [/image/compressedDepth] /image_converter http://ubuntu:43030/
[rosmaster.master][INFO] 2017-09-20 17:02:37,753: +SERVICE [/image/compressedDepth/set_parameters] /image_converter http://ubuntu:43030/
[rosmaster.master][INFO] 2017-09-20 17:02:37,758: +PUB [/image/compressedDepth/parameter_descriptions] /image_converter http://ubuntu:43030/
[rosmaster.master][INFO] 2017-09-20 17:02:37,764: +PUB [/image/compressedDepth/parameter_updates] /image_converter http://ubuntu:43030/
[rosmaster.master][INFO] 2017-09-20 17:02:37,777: +PARAM [/image/compressedDepth/depth_max] by /image_converter
[rosmaster.master][INFO] 2017-09-20 17:02:37,779: +PARAM [/image/compressedDepth/depth_quantization] by /image_converter
[rosmaster.master][INFO] 2017-09-20 17:02:37,780: +PARAM [/image/compressedDepth/png_level] by /image_converter
[rosmaster.master][INFO] 2017-09-20 17:02:37,786: +PARAM [/image/compressedDepth/depth_max] by /image_converter
[rosmaster.master][INFO] 2017-09-20 17:02:37,789: +PARAM [/image/compressedDepth/depth_quantization] by /image_converter
[rosmaster.master][INFO] 2017-09-20 17:02:37,790: +PARAM [/image/compressedDepth/png_level] by /image_converter
[rosmaster.master][INFO] 2017-09-20 17:02:37,864: +PUB [/image_marked/compressedDepth] /view http://ubuntu:45090/
[rosmaster.master][INFO] 2017-09-20 17:02:37,865: +SERVICE [/image_marked/compressedDepth/set_parameters] /view http://ubuntu:45090/
[rosmaster.master][INFO] 2017-09-20 17:02:37,866: +PUB [/image_marked/compressedDepth/parameter_descriptions] /view http://ubuntu:45090/
[rosmaster.master][INFO] 2017-09-20 17:02:37,867: +PUB [/image_marked/compressedDepth/parameter_updates] /view http://ubuntu:45090/
[rosmaster.master][INFO] 2017-09-20 17:02:37,875: +PARAM [/image_marked/compressedDepth/depth_max] by /view
[rosmaster.master][INFO] 2017-09-20 17:02:37,878: +PARAM [/image_marked/compressedDepth/depth_quantization] by /view
[rosmaster.master][INFO] 2017-09-20 17:02:37,881: +PARAM [/image_marked/compressedDepth/png_level] by /view
[rosmaster.master][INFO] 2017-09-20 17:02:37,885: +PARAM [/image_marked/compressedDepth/depth_max] by /view
[rosmaster.master][INFO] 2017-09-20 17:02:37,887: +PARAM [/image_marked/compressedDepth/depth_quantization] by /view
[rosmaster.master][INFO] 2017-09-20 17:02:37,901: +PARAM [/image_marked/compressedDepth/png_level] by /view
[rosmaster.master][INFO] 2017-09-20 17:02:37,909: +PUB [/image/compressed] /image_converter http://ubuntu:43030/
[rosmaster.master][INFO] 2017-09-20 17:02:37,917: +SERVICE [/image/compressed/set_parameters] /image_converter http://ubuntu:43030/
[rosmaster.master][INFO] 2017-09-20 17:02:37,920: +PUB [/image/compressed/parameter_descriptions] /image_converter http://ubuntu:43030/
[rosmaster.master][INFO] 2017-09-20 17:02:37,926: +PUB [/image/compressed/parameter_updates] /image_converter http://ubuntu:43030/
[rosmaster.master][INFO] 2017-09-20 17:02:37,933: +PARAM [/image/compressed/format] by /image_converter
[rosmaster.master][INFO] 2017-09-20 17:02:37,934: +PARAM [/image/compressed/jpeg_quality] by /image_converter
[rosmaster.master][INFO] 2017-09-20 17:02:37,936: +PARAM [/image/compressed/png_level] by /image_converter
[rosmaster.master][INFO] 2017-09-20 17:02:37,945: +PARAM [/image/compressed/format] by /image_converter
[rosmaster.master][INFO] 2017-09-20 17:02:37,946: +PARAM [/image/compressed/jpeg_quality] by /image_converter
[rosmaster.master][INFO] 2017-09-20 17:02:37,947: +PARAM [/image/compressed/png_level] by /image_converter
[rosmaster.master][INFO] 2017-09-20 17:02:38,016: +PUB [/image_marked/compressed] /view http://ubuntu:45090/
[rosmaster.master][INFO] 2017-09-20 17:02:38,017: +SERVICE [/image_marked/compressed/set_parameters] /view http://ubuntu:45090/
[rosmaster.master][INFO] 2017-09-20 17:02:38,018: +PUB [/image_marked/compressed/parameter_descriptions] /view http://ubuntu:45090/
[rosmaster.master][INFO] 2017-09-20 17:02:38,018: +PUB [/image_marked/compressed/parameter_updates] /view http://ubuntu:45090/
[rosmaster.master][INFO] 2017-09-20 17:02:38,024: +PARAM [/image_marked/compressed/format] by /view
[rosmaster.master][INFO] 2017-09-20 17:02:38,027: +PARAM [/image_marked/compressed/jpeg_quality] by /view
[rosmaster.master][INFO] 2017-09-20 17:02:38,028: +PARAM [/image_marked/compressed/png_level] by /view
[rosmaster.master][INFO] 2017-09-20 17:02:38,029: +PARAM [/image_marked/compressed/format] by /view
[rosmaster.master][INFO] 2017-09-20 17:02:38,037: +PARAM [/image_marked/compressed/jpeg_quality] by /view
[rosmaster.master][INFO] 2017-09-20 17:02:38,038: +PARAM [/image_marked/compressed/png_level] by /view
[rosmaster.master][INFO] 2017-09-20 17:02:38,049: +PUB [/image] /image_converter http://ubuntu:43030/
[rosmaster.master][INFO] 2017-09-20 17:02:38,134: +PUB [/image_marked] /view http://ubuntu:45090/
[rosmaster.master][INFO] 2017-09-20 17:02:38,154: +PUB [/image/theora] /image_converter http://ubuntu:43030/
[rosmaster.master][INFO] 2017-09-20 17:02:38,155: +SERVICE [/image/theora/set_parameters] /image_converter http://ubuntu:43030/
[rosmaster.master][INFO] 2017-09-20 17:02:38,156: +PUB [/image/theora/parameter_descriptions] /image_converter http://ubuntu:43030/
[rosmaster.master][INFO] 2017-09-20 17:02:38,156: +PUB [/image/theora/parameter_updates] /image_converter http://ubuntu:43030/
[rosmaster.master][INFO] 2017-09-20 17:02:38,166: +PARAM [/image/theora/optimize_for] by /image_converter
[rosmaster.master][INFO] 2017-09-20 17:02:38,169: +PARAM [/image/theora/target_bitrate] by /image_converter
[rosmaster.master][INFO] 2017-09-20 17:02:38,173: +PARAM [/image/theora/quality] by /image_converter
[rosmaster.master][INFO] 2017-09-20 17:02:38,174: +PARAM [/image/theora/keyframe_frequency] by /image_converter
[rosmaster.master][INFO] 2017-09-20 17:02:38,177: +PARAM [/image/theora/optimize_for] by /image_converter
[rosmaster.master][INFO] 2017-09-20 17:02:38,185: +PARAM [/image/theora/target_bitrate] by /image_converter
[rosmaster.master][INFO] 2017-09-20 17:02:38,186: +PARAM [/image/theora/quality] by /image_converter
[rosmaster.master][INFO] 2017-09-20 17:02:38,186: +PARAM [/image/theora/keyframe_frequency] by /image_converter
[rosmaster.master][INFO] 2017-09-20 17:02:38,216: +PUB [/image_marked/theora] /view http://ubuntu:45090/
[rosmaster.master][INFO] 2017-09-20 17:02:38,220: +SERVICE [/image_marked/theora/set_parameters] /view http://ubuntu:45090/
[rosmaster.master][INFO] 2017-09-20 17:02:38,222: +PUB [/image_marked/theora/parameter_descriptions] /view http://ubuntu:45090/
[rosmaster.master][INFO] 2017-09-20 17:02:38,223: +PUB [/image_marked/theora/parameter_updates] /view http://ubuntu:45090/
[rosmaster.master][INFO] 2017-09-20 17:02:38,226: +PARAM [/image_marked/theora/optimize_for] by /view
[rosmaster.master][INFO] 2017-09-20 17:02:38,229: +PARAM [/image_marked/theora/target_bitrate] by /view
[rosmaster.master][INFO] 2017-09-20 17:02:38,230: +PARAM [/image_marked/theora/quality] by /view
[rosmaster.master][INFO] 2017-09-20 17:02:38,231: +PARAM [/image_marked/theora/keyframe_frequency] by /view
[rosmaster.master][INFO] 2017-09-20 17:02:38,232: +PARAM [/image_marked/theora/optimize_for] by /view
[rosmaster.master][INFO] 2017-09-20 17:02:38,233: +PARAM [/image_marked/theora/target_bitrate] by /view
[rosmaster.master][INFO] 2017-09-20 17:02:38,233: +PARAM [/image_marked/theora/quality] by /view
[rosmaster.master][INFO] 2017-09-20 17:02:38,237: +PARAM [/image_marked/theora/keyframe_frequency] by /view
[rosmaster.master][INFO] 2017-09-20 17:02:38,291: +PUB [/image/marked/compressedDepth] /view http://ubuntu:45090/
[rosmaster.master][INFO] 2017-09-20 17:02:38,296: +SERVICE [/image/marked/compressedDepth/set_parameters] /view http://ubuntu:45090/
[rosmaster.master][INFO] 2017-09-20 17:02:38,297: +PUB [/image/marked/compressedDepth/parameter_descriptions] /view http://ubuntu:45090/
[rosmaster.master][INFO] 2017-09-20 17:02:38,298: +PUB [/image/marked/compressedDepth/parameter_updates] /view http://ubuntu:45090/
[rosmaster.master][INFO] 2017-09-20 17:02:38,300: +PARAM [/image/marked/compressedDepth/depth_max] by /view
[rosmaster.master][INFO] 2017-09-20 17:02:38,301: +PARAM [/image/marked/compressedDepth/depth_quantization] by /view
[rosmaster.master][INFO] 2017-09-20 17:02:38,303: +PARAM [/image/marked/compressedDepth/png_level] by /view
[rosmaster.master][INFO] 2017-09-20 17:02:38,305: +PARAM [/image/marked/compressedDepth/depth_max] by /view
[rosmaster.master][INFO] 2017-09-20 17:02:38,309: +PARAM [/image/marked/compressedDepth/depth_quantization] by /view
[rosmaster.master][INFO] 2017-09-20 17:02:38,310: +PARAM [/image/marked/compressedDepth/png_level] by /view
[rosmaster.master][INFO] 2017-09-20 17:02:38,374: +PUB [/image/marked/compressed] /view http://ubuntu:45090/
[rosmaster.master][INFO] 2017-09-20 17:02:38,375: +SERVICE [/image/marked/compressed/set_parameters] /view http://ubuntu:45090/
[rosmaster.master][INFO] 2017-09-20 17:02:38,377: +PUB [/image/marked/compressed/parameter_descriptions] /view http://ubuntu:45090/
[rosmaster.master][INFO] 2017-09-20 17:02:38,378: +PUB [/image/marked/compressed/parameter_updates] /view http://ubuntu:45090/
[rosmaster.master][INFO] 2017-09-20 17:02:38,383: +PARAM [/image/marked/compressed/format] by /view
[rosmaster.master][INFO] 2017-09-20 17:02:38,384: +PARAM [/image/marked/compressed/jpeg_quality] by /view
[rosmaster.master][INFO] 2017-09-20 17:02:38,385: +PARAM [/image/marked/compressed/png_level] by /view
[rosmaster.master][INFO] 2017-09-20 17:02:38,386: +PARAM [/image/marked/compressed/format] by /view
[rosmaster.master][INFO] 2017-09-20 17:02:38,390: +PARAM [/image/marked/compressed/jpeg_quality] by /view
[rosmaster.master][INFO] 2017-09-20 17:02:38,391: +PARAM [/image/marked/compressed/png_level] by /view
[rosmaster.master][INFO] 2017-09-20 17:02:38,775: +PUB [/image/marked] /view http://ubuntu:45090/
[rosmaster.master][INFO] 2017-09-20 17:02:38,827: +PUB [/image/marked/theora] /view http://ubuntu:45090/
[rosmaster.master][INFO] 2017-09-20 17:02:38,827: +SERVICE [/image/marked/theora/set_parameters] /view http://ubuntu:45090/
[rosmaster.master][INFO] 2017-09-20 17:02:38,828: +PUB [/image/marked/theora/parameter_descriptions] /view http://ubuntu:45090/
[rosmaster.master][INFO] 2017-09-20 17:02:38,829: +PUB [/image/marked/theora/parameter_updates] /view http://ubuntu:45090/
[rosmaster.master][INFO] 2017-09-20 17:02:38,839: +PARAM [/image/marked/theora/optimize_for] by /view
[rosmaster.master][INFO] 2017-09-20 17:02:38,840: +PARAM [/image/marked/theora/target_bitrate] by /view
[rosmaster.master][INFO] 2017-09-20 17:02:38,840: +PARAM [/image/marked/theora/quality] by /view
[rosmaster.master][INFO] 2017-09-20 17:02:38,841: +PARAM [/image/marked/theora/keyframe_frequency] by /view
[rosmaster.master][INFO] 2017-09-20 17:02:38,842: +PARAM [/image/marked/theora/optimize_for] by /view
[rosmaster.master][INFO] 2017-09-20 17:02:38,843: +PARAM [/image/marked/theora/target_bitrate] by /view
[rosmaster.master][INFO] 2017-09-20 17:02:38,844: +PARAM [/image/marked/theora/quality] by /view
[rosmaster.master][INFO] 2017-09-20 17:02:38,845: +PARAM [/image/marked/theora/keyframe_frequency] by /view
[rosmaster.master][INFO] 2017-09-20 17:02:38,907: +SUB [/image] /view http://ubuntu:45090/
[rosmaster.master][INFO] 2017-09-20 17:02:38,917: +SUB [/camera_info] /view http://ubuntu:45090/
[rosmaster.master][INFO] 2017-09-20 17:02:38,921: +SUB [/image_marker] /view http://ubuntu:45090/
[rosmaster.master][INFO] 2017-09-20 17:02:38,929: +SUB [/image/event] /view http://ubuntu:45090/
[rosmaster.master][INFO] 2017-09-20 17:02:38,930: +SERVICE [/view/change_mode] /view http://ubuntu:45090/
[rosmaster.master][INFO] 2017-09-20 17:02:38,933: +SERVICE [/view/rectangle_mode] /view http://ubuntu:45090/
[rosmaster.master][INFO] 2017-09-20 17:02:38,934: +SERVICE [/view/grabcut_mode] /view http://ubuntu:45090/
[rosmaster.master][INFO] 2017-09-20 17:02:38,935: +SERVICE [/view/grabcut_rect_mode] /view http://ubuntu:45090/
[rosmaster.master][INFO] 2017-09-20 17:02:38,936: +SERVICE [/view/line_mode] /view http://ubuntu:45090/
[rosmaster.master][INFO] 2017-09-20 17:02:38,937: +SERVICE [/view/poly_mode] /view http://ubuntu:45090/
[rosmaster.master][INFO] 2017-09-20 17:02:38,938: +SERVICE [/view/none_mode] /view http://ubuntu:45090/
[rosmaster.master][INFO] 2017-09-20 17:02:38,939: +SERVICE [/view/set_parameters] /view http://ubuntu:45090/
[rosmaster.master][INFO] 2017-09-20 17:02:38,940: +PUB [/view/parameter_descriptions] /view http://ubuntu:45090/
[rosmaster.master][INFO] 2017-09-20 17:02:38,941: +PUB [/view/parameter_updates] /view http://ubuntu:45090/
[rosmaster.master][INFO] 2017-09-20 17:02:38,957: +PARAM [/view/grid] by /view
[rosmaster.master][INFO] 2017-09-20 17:02:38,960: +PARAM [/view/fisheye_mode] by /view
[rosmaster.master][INFO] 2017-09-20 17:02:38,961: +PARAM [/view/div_u] by /view
[rosmaster.master][INFO] 2017-09-20 17:02:38,962: +PARAM [/view/div_v] by /view
[rosmaster.master][INFO] 2017-09-20 17:02:38,965: +PARAM [/view/grid_red] by /view
[rosmaster.master][INFO] 2017-09-20 17:02:38,966: +PARAM [/view/grid_green] by /view
[rosmaster.master][INFO] 2017-09-20 17:02:38,969: +PARAM [/view/grid_blue] by /view
[rosmaster.master][INFO] 2017-09-20 17:02:38,970: +PARAM [/view/grid_thickness] by /view
[rosmaster.master][INFO] 2017-09-20 17:02:38,971: +PARAM [/view/grid_space] by /view
[rosmaster.master][INFO] 2017-09-20 17:02:38,973: +PARAM [/view/grid] by /view
[rosmaster.master][INFO] 2017-09-20 17:02:38,974: +PARAM [/view/fisheye_mode] by /view
[rosmaster.master][INFO] 2017-09-20 17:02:38,974: +PARAM [/view/div_u] by /view
[rosmaster.master][INFO] 2017-09-20 17:02:38,975: +PARAM [/view/div_v] by /view
[rosmaster.master][INFO] 2017-09-20 17:02:38,979: +PARAM [/view/grid_red] by /view
[rosmaster.master][INFO] 2017-09-20 17:02:38,983: +PARAM [/view/grid_green] by /view
[rosmaster.master][INFO] 2017-09-20 17:02:38,984: +PARAM [/view/grid_blue] by /view
[rosmaster.master][INFO] 2017-09-20 17:02:38,985: +PARAM [/view/grid_thickness] by /view
[rosmaster.master][INFO] 2017-09-20 17:02:38,987: +PARAM [/view/grid_space] by /view
[rosmaster.master][INFO] 2017-09-20 17:02:39,596: +PUB [/camera/image_raw/compressedDepth] /camera http://ubuntu:39158/
[rosmaster.master][INFO] 2017-09-20 17:02:39,597: +SERVICE [/camera/image_raw/compressedDepth/set_parameters] /camera http://ubuntu:39158/
[rosmaster.master][INFO] 2017-09-20 17:02:39,600: +PUB [/camera/image_raw/compressedDepth/parameter_descriptions] /camera http://ubuntu:39158/
[rosmaster.master][INFO] 2017-09-20 17:02:39,601: +PUB [/camera/image_raw/compressedDepth/parameter_updates] /camera http://ubuntu:39158/
[rosmaster.master][INFO] 2017-09-20 17:02:39,606: +PARAM [/camera/image_raw/compressedDepth/depth_max] by /camera
[rosmaster.master][INFO] 2017-09-20 17:02:39,610: +PARAM [/camera/image_raw/compressedDepth/depth_quantization] by /camera
[rosmaster.master][INFO] 2017-09-20 17:02:39,610: +PARAM [/camera/image_raw/compressedDepth/png_level] by /camera
[rosmaster.master][INFO] 2017-09-20 17:02:39,613: +PARAM [/camera/image_raw/compressedDepth/depth_max] by /camera
[rosmaster.master][INFO] 2017-09-20 17:02:39,617: +PARAM [/camera/image_raw/compressedDepth/depth_quantization] by /camera
[rosmaster.master][INFO] 2017-09-20 17:02:39,619: +PARAM [/camera/image_raw/compressedDepth/png_level] by /camera
[rosmaster.master][INFO] 2017-09-20 17:02:39,760: +PUB [/camera/image_raw/compressed] /camera http://ubuntu:39158/
[rosmaster.master][INFO] 2017-09-20 17:02:39,761: +SERVICE [/camera/image_raw/compressed/set_parameters] /camera http://ubuntu:39158/
[rosmaster.master][INFO] 2017-09-20 17:02:39,762: +PUB [/camera/image_raw/compressed/parameter_descriptions] /camera http://ubuntu:39158/
[rosmaster.master][INFO] 2017-09-20 17:02:39,763: +PUB [/camera/image_raw/compressed/parameter_updates] /camera http://ubuntu:39158/
[rosmaster.master][INFO] 2017-09-20 17:02:39,766: +PARAM [/camera/image_raw/compressed/format] by /camera
[rosmaster.master][INFO] 2017-09-20 17:02:39,769: +PARAM [/camera/image_raw/compressed/jpeg_quality] by /camera
[rosmaster.master][INFO] 2017-09-20 17:02:39,770: +PARAM [/camera/image_raw/compressed/png_level] by /camera
[rosmaster.master][INFO] 2017-09-20 17:02:39,773: +PARAM [/camera/image_raw/compressed/format] by /camera
[rosmaster.master][INFO] 2017-09-20 17:02:39,777: +PARAM [/camera/image_raw/compressed/jpeg_quality] by /camera
[rosmaster.master][INFO] 2017-09-20 17:02:39,778: +PARAM [/camera/image_raw/compressed/png_level] by /camera
[rosmaster.master][INFO] 2017-09-20 17:02:39,900: +PUB [/camera/image_raw] /camera http://ubuntu:39158/
[rosmaster.master][INFO] 2017-09-20 17:02:39,918: publisherUpdate[/camera/image_raw] -> http://ubuntu:43030/ ['http://ubuntu:39158/']
[rosmaster.master][INFO] 2017-09-20 17:02:39,919: publisherUpdate[/camera/image_raw] -> http://ubuntu:43030/ ['http://ubuntu:39158/']: sec=0.00, result=[1, '', 0]
[rosmaster.master][INFO] 2017-09-20 17:02:40,019: +PUB [/camera/image_raw/theora] /camera http://ubuntu:39158/
[rosmaster.master][INFO] 2017-09-20 17:02:40,020: +SERVICE [/camera/image_raw/theora/set_parameters] /camera http://ubuntu:39158/
[rosmaster.master][INFO] 2017-09-20 17:02:40,024: +PUB [/camera/image_raw/theora/parameter_descriptions] /camera http://ubuntu:39158/
[rosmaster.master][INFO] 2017-09-20 17:02:40,026: +PUB [/camera/image_raw/theora/parameter_updates] /camera http://ubuntu:39158/
[rosmaster.master][INFO] 2017-09-20 17:02:40,036: +PARAM [/camera/image_raw/theora/optimize_for] by /camera
[rosmaster.master][INFO] 2017-09-20 17:02:40,037: +PARAM [/camera/image_raw/theora/target_bitrate] by /camera
[rosmaster.master][INFO] 2017-09-20 17:02:40,041: +PARAM [/camera/image_raw/theora/quality] by /camera
[rosmaster.master][INFO] 2017-09-20 17:02:40,042: +PARAM [/camera/image_raw/theora/keyframe_frequency] by /camera
[rosmaster.master][INFO] 2017-09-20 17:02:40,044: +PARAM [/camera/image_raw/theora/optimize_for] by /camera
[rosmaster.master][INFO] 2017-09-20 17:02:40,049: +PARAM [/camera/image_raw/theora/target_bitrate] by /camera
[rosmaster.master][INFO] 2017-09-20 17:02:40,053: +PARAM [/camera/image_raw/theora/quality] by /camera
[rosmaster.master][INFO] 2017-09-20 17:02:40,056: +PARAM [/camera/image_raw/theora/keyframe_frequency] by /camera
[rosmaster.master][INFO] 2017-09-20 17:02:40,057: +PUB [/camera/camera_info] /camera http://ubuntu:39158/
[rosmaster.master][INFO] 2017-09-20 17:02:51,198: -PUB [/rosout] /camera http://ubuntu:39158/
[rosmaster.master][INFO] 2017-09-20 17:02:51,200: -PUB [/camera/image_raw/compressedDepth] /camera http://ubuntu:39158/
[rosmaster.master][INFO] 2017-09-20 17:02:51,202: -PUB [/camera/image_raw/compressedDepth/parameter_descriptions] /camera http://ubuntu:39158/
[rosmaster.master][INFO] 2017-09-20 17:02:51,209: -PUB [/camera/image_raw/compressedDepth/parameter_updates] /camera http://ubuntu:39158/
[rosmaster.master][INFO] 2017-09-20 17:02:51,218: -PUB [/camera/image_raw/compressed] /camera http://ubuntu:39158/
[rosmaster.master][INFO] 2017-09-20 17:02:51,225: -PUB [/camera/image_raw/compressed/parameter_descriptions] /camera http://ubuntu:39158/
[rosmaster.master][INFO] 2017-09-20 17:02:51,236: -PUB [/camera/image_raw/compressed/parameter_updates] /camera http://ubuntu:39158/
[rosmaster.master][INFO] 2017-09-20 17:02:51,249: -PUB [/camera/image_raw] /camera http://ubuntu:39158/
[rosmaster.master][INFO] 2017-09-20 17:02:51,254: -PUB [/camera/image_raw/theora] /camera http://ubuntu:39158/
[rosmaster.master][INFO] 2017-09-20 17:02:51,266: -PUB [/camera/image_raw/theora/parameter_descriptions] /camera http://ubuntu:39158/
[rosmaster.master][INFO] 2017-09-20 17:02:51,277: -PUB [/camera/image_raw/theora/parameter_updates] /camera http://ubuntu:39158/
[rosmaster.master][INFO] 2017-09-20 17:02:51,286: -PUB [/camera/camera_info] /camera http://ubuntu:39158/
[rosmaster.master][INFO] 2017-09-20 17:02:51,290: publisherUpdate[/rosout] -> http://ubuntu:43877/ ['http://ubuntu:43030/', 'http://ubuntu:45090/']
[rosmaster.master][INFO] 2017-09-20 17:02:51,297: publisherUpdate[/camera/image_raw] -> http://ubuntu:43030/ []
[rosmaster.master][INFO] 2017-09-20 17:02:51,299: publisherUpdate[/rosout] -> http://ubuntu:43877/ ['http://ubuntu:43030/', 'http://ubuntu:45090/']: sec=0.01, result=[1, '', 0]
[rosmaster.master][INFO] 2017-09-20 17:02:51,305: -SERVICE [/camera/get_loggers] /camera rosrpc://ubuntu:51989
[rosmaster.master][INFO] 2017-09-20 17:02:51,313: publisherUpdate[/camera/image_raw] -> http://ubuntu:43030/ []: sec=0.02, result=[0, 'Unknown Error', 0]
[rosmaster.master][INFO] 2017-09-20 17:02:51,317: -SERVICE [/camera/set_logger_level] /camera rosrpc://ubuntu:51989
[rosmaster.master][INFO] 2017-09-20 17:02:51,331: -SERVICE [/camera/set_camera_info] /camera rosrpc://ubuntu:51989
[rosmaster.master][INFO] 2017-09-20 17:02:51,337: -SERVICE [/camera/image_raw/compressedDepth/set_parameters] /camera rosrpc://ubuntu:51989
[rosmaster.master][INFO] 2017-09-20 17:02:51,339: -SERVICE [/camera/image_raw/compressed/set_parameters] /camera rosrpc://ubuntu:51989
[rosmaster.master][INFO] 2017-09-20 17:02:51,342: -SERVICE [/camera/image_raw/theora/set_parameters] /camera rosrpc://ubuntu:51989
[rosmaster.master][INFO] 2017-09-20 17:02:51,391: -PUB [/rosout] /view http://ubuntu:45090/
[rosmaster.master][INFO] 2017-09-20 17:02:51,396: -PUB [/image/screenpoint] /view http://ubuntu:45090/
[rosmaster.master][INFO] 2017-09-20 17:02:51,399: publisherUpdate[/rosout] -> http://ubuntu:43877/ ['http://ubuntu:43030/']
[rosmaster.master][INFO] 2017-09-20 17:02:51,399: publisherUpdate[/rosout] -> http://ubuntu:43877/ ['http://ubuntu:43030/']: sec=0.00, result=[1, '', 0]
[rosmaster.master][INFO] 2017-09-20 17:02:51,402: -PUB [/image/screenpoint_array] /view http://ubuntu:45090/
[rosmaster.master][INFO] 2017-09-20 17:02:51,408: -PUB [/image/screenrectangle] /view http://ubuntu:45090/
[rosmaster.master][INFO] 2017-09-20 17:02:51,412: -PUB [/image/screenrectangle_image] /view http://ubuntu:45090/
[rosmaster.master][INFO] 2017-09-20 17:02:51,415: -PUB [/image/movepoint] /view http://ubuntu:45090/
[rosmaster.master][INFO] 2017-09-20 17:02:51,424: -PUB [/rosout] /image_converter http://ubuntu:43030/
[rosmaster.master][INFO] 2017-09-20 17:02:51,442: -PUB [/image/foreground] /view http://ubuntu:45090/
[rosmaster.master][INFO] 2017-09-20 17:02:51,443: -PUB [/image/compressedDepth] /image_converter http://ubuntu:43030/
[rosmaster.master][INFO] 2017-09-20 17:02:51,449: -PUB [/image/background] /view http://ubuntu:45090/
[rosmaster.master][INFO] 2017-09-20 17:02:51,457: -PUB [/image/compressedDepth/parameter_descriptions] /image_converter http://ubuntu:43030/
[rosmaster.master][INFO] 2017-09-20 17:02:51,464: -PUB [/image/foreground_rect] /view http://ubuntu:45090/
[rosmaster.master][INFO] 2017-09-20 17:02:51,472: -PUB [/image/compressedDepth/parameter_updates] /image_converter http://ubuntu:43030/
[rosmaster.master][INFO] 2017-09-20 17:02:51,478: -PUB [/image/background_rect] /view http://ubuntu:45090/
[rosmaster.master][INFO] 2017-09-20 17:02:51,483: -PUB [/image/compressed] /image_converter http://ubuntu:43030/
[rosmaster.master][INFO] 2017-09-20 17:02:51,489: -PUB [/image/line] /view http://ubuntu:45090/
[rosmaster.master][INFO] 2017-09-20 17:02:51,497: -PUB [/image/compressed/parameter_descriptions] /image_converter http://ubuntu:43030/
[rosmaster.master][INFO] 2017-09-20 17:02:51,501: publisherUpdate[/rosout] -> http://ubuntu:43877/ []
[rosmaster.master][INFO] 2017-09-20 17:02:51,505: publisherUpdate[/rosout] -> http://ubuntu:43877/ []: sec=0.00, result=[1, '', 0]
[rosmaster.master][INFO] 2017-09-20 17:02:51,509: -PUB [/image/poly] /view http://ubuntu:45090/
[rosmaster.master][INFO] 2017-09-20 17:02:51,515: -PUB [/image/compressed/parameter_updates] /image_converter http://ubuntu:43030/
[rosmaster.master][INFO] 2017-09-20 17:02:51,521: -PUB [/image_marked/compressedDepth] /view http://ubuntu:45090/
[rosmaster.master][INFO] 2017-09-20 17:02:51,528: -PUB [/image_marked/compressedDepth/parameter_descriptions] /view http://ubuntu:45090/
[rosmaster.master][INFO] 2017-09-20 17:02:51,533: -PUB [/image] /image_converter http://ubuntu:43030/
[rosmaster.master][INFO] 2017-09-20 17:02:51,542: -PUB [/image_marked/compressedDepth/parameter_updates] /view http://ubuntu:45090/
[rosmaster.master][INFO] 2017-09-20 17:02:51,556: -PUB [/image/theora] /image_converter http://ubuntu:43030/
[rosmaster.master][INFO] 2017-09-20 17:02:51,559: -PUB [/image_marked/compressed] /view http://ubuntu:45090/
[rosmaster.master][INFO] 2017-09-20 17:02:51,572: -PUB [/image/theora/parameter_descriptions] /image_converter http://ubuntu:43030/
[rosmaster.master][INFO] 2017-09-20 17:02:51,576: -PUB [/image_marked/compressed/parameter_descriptions] /view http://ubuntu:45090/
[rosmaster.master][INFO] 2017-09-20 17:02:51,584: -PUB [/image_marked/compressed/parameter_updates] /view http://ubuntu:45090/
[rosmaster.master][INFO] 2017-09-20 17:02:51,591: -PUB [/image_marked] /view http://ubuntu:45090/
[rosmaster.master][INFO] 2017-09-20 17:02:51,598: -PUB [/image/theora/parameter_updates] /image_converter http://ubuntu:43030/
[rosmaster.master][INFO] 2017-09-20 17:02:51,605: publisherUpdate[/image] -> http://ubuntu:45090/ []
[rosmaster.master][INFO] 2017-09-20 17:02:51,608: -PUB [/image_marked/theora] /view http://ubuntu:45090/
[rosmaster.master][INFO] 2017-09-20 17:02:51,611: publisherUpdate[/image] -> http://ubuntu:45090/ []: sec=0.01, exception=<Fault -1: 'publisherUpdate: unknown method name'>
[rosmaster.threadpool][ERROR] 2017-09-20 17:02:51,622: Traceback (most recent call last):
  File "/opt/ros/kinetic/lib/python2.7/dist-packages/rosmaster/threadpool.py", line 218, in run
    result = cmd(*args)
  File "/opt/ros/kinetic/lib/python2.7/dist-packages/rosmaster/master_api.py", line 210, in publisher_update_task
    ret = xmlrpcapi(api).publisherUpdate('/master', topic, pub_uris)
  File "/usr/lib/python2.7/xmlrpclib.py", line 1243, in __call__
    return self.__send(self.__name, args)
  File "/usr/lib/python2.7/xmlrpclib.py", line 1602, in __request
    verbose=self.__verbose
  File "/usr/lib/python2.7/xmlrpclib.py", line 1283, in request
    return self.single_request(host, handler, request_body, verbose)
  File "/usr/lib/python2.7/xmlrpclib.py", line 1316, in single_request
    return self.parse_response(response)
  File "/usr/lib/python2.7/xmlrpclib.py", line 1493, in parse_response
    return u.close()
  File "/usr/lib/python2.7/xmlrpclib.py", line 800, in close
    raise Fault(**self._stack[0])
Fault: <Fault -1: 'publisherUpdate: unknown method name'>

[rosmaster.master][INFO] 2017-09-20 17:02:51,630: -SUB [/camera/image_raw] /image_converter http://ubuntu:43030/
[rosmaster.master][INFO] 2017-09-20 17:02:51,631: -PUB [/image_marked/theora/parameter_descriptions] /view http://ubuntu:45090/
[rosmaster.master][INFO] 2017-09-20 17:02:51,642: -PUB [/image_marked/theora/parameter_updates] /view http://ubuntu:45090/
[rosmaster.master][INFO] 2017-09-20 17:02:51,643: -SERVICE [/image_converter/get_loggers] /image_converter rosrpc://ubuntu:38397
[rosmaster.master][INFO] 2017-09-20 17:02:51,647: -PUB [/image/marked/compressedDepth] /view http://ubuntu:45090/
[rosmaster.master][INFO] 2017-09-20 17:02:51,654: -SERVICE [/image_converter/set_logger_level] /image_converter rosrpc://ubuntu:38397
[rosmaster.master][INFO] 2017-09-20 17:02:51,657: -PUB [/image/marked/compressedDepth/parameter_descriptions] /view http://ubuntu:45090/
[rosmaster.master][INFO] 2017-09-20 17:02:51,674: -PUB [/image/marked/compressedDepth/parameter_updates] /view http://ubuntu:45090/
[rosmaster.master][INFO] 2017-09-20 17:02:51,675: -SERVICE [/image/compressedDepth/set_parameters] /image_converter rosrpc://ubuntu:38397
[rosmaster.master][INFO] 2017-09-20 17:02:51,680: -PUB [/image/marked/compressed] /view http://ubuntu:45090/
[rosmaster.master][INFO] 2017-09-20 17:02:51,689: -SERVICE [/image/compressed/set_parameters] /image_converter rosrpc://ubuntu:38397
[rosmaster.master][INFO] 2017-09-20 17:02:51,694: -PUB [/image/marked/compressed/parameter_descriptions] /view http://ubuntu:45090/
[rosmaster.master][INFO] 2017-09-20 17:02:51,699: -PUB [/image/marked/compressed/parameter_updates] /view http://ubuntu:45090/
[rosmaster.master][INFO] 2017-09-20 17:02:51,706: -SERVICE [/image/theora/set_parameters] /image_converter rosrpc://ubuntu:38397
[rosmaster.master][INFO] 2017-09-20 17:02:51,714: -PUB [/image/marked] /view http://ubuntu:45090/
[rosmaster.master][INFO] 2017-09-20 17:02:51,720: -PUB [/image/marked/theora] /view http://ubuntu:45090/
[rosmaster.master][INFO] 2017-09-20 17:02:51,729: -PUB [/image/marked/theora/parameter_descriptions] /view http://ubuntu:45090/
[rosmaster.master][INFO] 2017-09-20 17:02:51,733: -PUB [/image/marked/theora/parameter_updates] /view http://ubuntu:45090/
[rosmaster.master][INFO] 2017-09-20 17:02:51,739: -PUB [/view/parameter_descriptions] /view http://ubuntu:45090/
[rosmaster.master][INFO] 2017-09-20 17:02:51,742: -PUB [/view/parameter_updates] /view http://ubuntu:45090/
[rosmaster.master][INFO] 2017-09-20 17:02:51,749: -SUB [/tf] /view http://ubuntu:45090/
[rosmaster.master][INFO] 2017-09-20 17:02:51,753: -SUB [/tf_static] /view http://ubuntu:45090/
[rosmaster.master][INFO] 2017-09-20 17:02:51,758: -SUB [/image] /view http://ubuntu:45090/
[rosmaster.master][INFO] 2017-09-20 17:02:51,765: -SUB [/camera_info] /view http://ubuntu:45090/
[rosmaster.master][INFO] 2017-09-20 17:02:51,772: -SUB [/image_marker] /view http://ubuntu:45090/
[rosmaster.master][INFO] 2017-09-20 17:02:51,779: -SUB [/image/event] /view http://ubuntu:45090/
[rosmaster.master][INFO] 2017-09-20 17:02:51,784: -SERVICE [/view/get_loggers] /view rosrpc://ubuntu:51018
[rosmaster.master][INFO] 2017-09-20 17:02:51,790: -SERVICE [/view/set_logger_level] /view rosrpc://ubuntu:51018
[rosmaster.master][INFO] 2017-09-20 17:02:51,795: -SERVICE [/image_marked/compressedDepth/set_parameters] /view rosrpc://ubuntu:51018
[rosmaster.master][INFO] 2017-09-20 17:02:51,799: -SERVICE [/image_marked/compressed/set_parameters] /view rosrpc://ubuntu:51018
[rosmaster.master][INFO] 2017-09-20 17:02:51,808: -SERVICE [/image_marked/theora/set_parameters] /view rosrpc://ubuntu:51018
[rosmaster.master][INFO] 2017-09-20 17:02:51,815: -SERVICE [/image/marked/compressedDepth/set_parameters] /view rosrpc://ubuntu:51018
[rosmaster.master][INFO] 2017-09-20 17:02:51,819: -SERVICE [/image/marked/compressed/set_parameters] /view rosrpc://ubuntu:51018
[rosmaster.master][INFO] 2017-09-20 17:02:51,824: -SERVICE [/image/marked/theora/set_parameters] /view rosrpc://ubuntu:51018
[rosmaster.master][INFO] 2017-09-20 17:02:51,827: -SERVICE [/view/change_mode] /view rosrpc://ubuntu:51018
[rosmaster.master][INFO] 2017-09-20 17:02:51,832: -SERVICE [/view/rectangle_mode] /view rosrpc://ubuntu:51018
[rosmaster.master][INFO] 2017-09-20 17:02:51,837: -SERVICE [/view/grabcut_mode] /view rosrpc://ubuntu:51018
[rosmaster.master][INFO] 2017-09-20 17:02:51,843: -SERVICE [/view/grabcut_rect_mode] /view rosrpc://ubuntu:51018
[rosmaster.master][INFO] 2017-09-20 17:02:51,848: -SERVICE [/view/line_mode] /view rosrpc://ubuntu:51018
[rosmaster.master][INFO] 2017-09-20 17:02:51,854: -SERVICE [/view/poly_mode] /view rosrpc://ubuntu:51018
[rosmaster.master][INFO] 2017-09-20 17:02:51,858: -SERVICE [/view/none_mode] /view rosrpc://ubuntu:51018
[rosmaster.master][INFO] 2017-09-20 17:02:51,865: -SERVICE [/view/set_parameters] /view rosrpc://ubuntu:51018
[rosmaster.master][INFO] 2017-09-20 17:03:02,958: -PUB [/rosout_agg] /rosout http://ubuntu:43877/
[rosmaster.master][INFO] 2017-09-20 17:03:02,963: -SUB [/rosout] /rosout http://ubuntu:43877/
[rosmaster.master][INFO] 2017-09-20 17:03:02,966: -SERVICE [/rosout/get_loggers] /rosout rosrpc://ubuntu:34339
[rosmaster.master][INFO] 2017-09-20 17:03:02,973: -SERVICE [/rosout/set_logger_level] /rosout rosrpc://ubuntu:34339
[rosmaster.main][INFO] 2017-09-20 17:03:03,156: keyboard interrupt, will exit
[rosmaster.main][INFO] 2017-09-20 17:03:03,156: stopping master...
[rospy.core][INFO] 2017-09-20 17:03:03,159: signal_shutdown [atexit]
