[rosmaster.main][INFO] 2017-09-25 17:22:37,875: initialization complete, waiting for shutdown
[rosmaster.main][INFO] 2017-09-25 17:22:37,875: Starting ROS Master Node
[xmlrpc][INFO] 2017-09-25 17:22:37,876: XML-RPC server binding to 0.0.0.0:11311
[rosmaster.master][INFO] 2017-09-25 17:22:37,876: Master initialized: port[11311], uri[http://ubuntu:11311/]
[xmlrpc][INFO] 2017-09-25 17:22:37,876: Started XML-RPC server [http://ubuntu:11311/]
[xmlrpc][INFO] 2017-09-25 17:22:37,876: xml rpc node: starting XML-RPC server
[rosmaster.master][INFO] 2017-09-25 17:22:37,936: +PARAM [/run_id] by /roslaunch
[rosmaster.master][INFO] 2017-09-25 17:22:37,937: +PARAM [/roslaunch/uris/host_ubuntu__33103] by /roslaunch
[rosmaster.master][INFO] 2017-09-25 17:22:37,998: +PARAM [/rosversion] by /roslaunch
[rosmaster.master][INFO] 2017-09-25 17:22:37,999: +PARAM [/rosdistro] by /roslaunch
[rosmaster.master][INFO] 2017-09-25 17:22:37,999: +PARAM [/camera/device_id] by /roslaunch
[rosmaster.master][INFO] 2017-09-25 17:22:38,020: +SERVICE [/rosout/get_loggers] /rosout http://ubuntu:46054/
[rosmaster.master][INFO] 2017-09-25 17:22:38,023: +SERVICE [/rosout/set_logger_level] /rosout http://ubuntu:46054/
[rosmaster.master][INFO] 2017-09-25 17:22:38,026: +PUB [/rosout_agg] /rosout http://ubuntu:46054/
[rosmaster.master][INFO] 2017-09-25 17:22:38,038: +SUB [/rosout] /rosout http://ubuntu:46054/
[rosmaster.master][INFO] 2017-09-25 17:22:38,108: +PUB [/rosout] /mask_orange http://ubuntu:42209/
[rosmaster.master][INFO] 2017-09-25 17:22:38,109: +SERVICE [/mask_orange/get_loggers] /mask_orange http://ubuntu:42209/
[rosmaster.master][INFO] 2017-09-25 17:22:38,111: +SERVICE [/mask_orange/set_logger_level] /mask_orange http://ubuntu:42209/
[rosmaster.master][INFO] 2017-09-25 17:22:38,152: +PUB [/rosout] /camera http://ubuntu:45343/
[rosmaster.master][INFO] 2017-09-25 17:22:38,152: +SERVICE [/camera/get_loggers] /camera http://ubuntu:45343/
[rosmaster.master][INFO] 2017-09-25 17:22:38,153: +SERVICE [/camera/set_logger_level] /camera http://ubuntu:45343/
[rosmaster.master][INFO] 2017-09-25 17:22:38,161: +PUB [/rosout] /view http://ubuntu:39328/
[rosmaster.master][INFO] 2017-09-25 17:22:38,162: +SERVICE [/view/get_loggers] /view http://ubuntu:39328/
[rosmaster.master][INFO] 2017-09-25 17:22:38,163: +SERVICE [/view/set_logger_level] /view http://ubuntu:39328/
[rosmaster.master][INFO] 2017-09-25 17:22:38,174: +SUB [/tf] /view http://ubuntu:39328/
[rosmaster.master][INFO] 2017-09-25 17:22:38,178: publisherUpdate[/rosout] -> http://ubuntu:46054/ ['http://ubuntu:42209/']
[rosmaster.master][INFO] 2017-09-25 17:22:38,181: publisherUpdate[/rosout] -> http://ubuntu:46054/ ['http://ubuntu:42209/']: sec=0.00, result=[1, '', 0]
[rosmaster.master][INFO] 2017-09-25 17:22:38,181: publisherUpdate[/rosout] -> http://ubuntu:46054/ ['http://ubuntu:42209/', 'http://ubuntu:45343/']
[rosmaster.master][INFO] 2017-09-25 17:22:38,184: publisherUpdate[/rosout] -> http://ubuntu:46054/ ['http://ubuntu:42209/', 'http://ubuntu:45343/']: sec=0.00, result=[1, '', 0]
[rosmaster.master][INFO] 2017-09-25 17:22:38,184: publisherUpdate[/rosout] -> http://ubuntu:46054/ ['http://ubuntu:42209/', 'http://ubuntu:45343/', 'http://ubuntu:39328/']
[rosmaster.master][INFO] 2017-09-25 17:22:38,188: publisherUpdate[/rosout] -> http://ubuntu:46054/ ['http://ubuntu:42209/', 'http://ubuntu:45343/', 'http://ubuntu:39328/']: sec=0.00, result=[1, '', 0]
[rosmaster.master][INFO] 2017-09-25 17:22:38,193: +SUB [/tf_static] /view http://ubuntu:39328/
[rosmaster.master][INFO] 2017-09-25 17:22:38,228: +SERVICE [/camera/set_camera_info] /camera http://ubuntu:45343/
[rosmaster.master][INFO] 2017-09-25 17:22:38,230: -SERVICE [/camera/set_camera_info] /camera rosrpc://ubuntu:49784
[rosmaster.master][INFO] 2017-09-25 17:22:38,260: +PUB [/image/screenpoint] /view http://ubuntu:39328/
[rosmaster.master][INFO] 2017-09-25 17:22:38,261: +PUB [/image/screenpoint_array] /view http://ubuntu:39328/
[rosmaster.master][INFO] 2017-09-25 17:22:38,262: +PUB [/image/screenrectangle] /view http://ubuntu:39328/
[rosmaster.master][INFO] 2017-09-25 17:22:38,263: +PUB [/image/screenrectangle_image] /view http://ubuntu:39328/
[rosmaster.master][INFO] 2017-09-25 17:22:38,263: +PUB [/image/movepoint] /view http://ubuntu:39328/
[rosmaster.master][INFO] 2017-09-25 17:22:38,264: +PUB [/image/foreground] /view http://ubuntu:39328/
[rosmaster.master][INFO] 2017-09-25 17:22:38,265: +PUB [/image/background] /view http://ubuntu:39328/
[rosmaster.master][INFO] 2017-09-25 17:22:38,268: +PUB [/image/foreground_rect] /view http://ubuntu:39328/
[rosmaster.master][INFO] 2017-09-25 17:22:38,270: +PUB [/image/background_rect] /view http://ubuntu:39328/
[rosmaster.master][INFO] 2017-09-25 17:22:38,274: +PUB [/image/line] /view http://ubuntu:39328/
[rosmaster.master][INFO] 2017-09-25 17:22:38,277: +PUB [/image/poly] /view http://ubuntu:39328/
[rosmaster.master][INFO] 2017-09-25 17:22:38,288: +SUB [/camera/image_raw] /mask_orange http://ubuntu:42209/
[rosmaster.master][INFO] 2017-09-25 17:22:38,348: +PUB [/image/compressedDepth] /mask_orange http://ubuntu:42209/
[rosmaster.master][INFO] 2017-09-25 17:22:38,351: +SERVICE [/image/compressedDepth/set_parameters] /mask_orange http://ubuntu:42209/
[rosmaster.master][INFO] 2017-09-25 17:22:38,352: +PUB [/image/compressedDepth/parameter_descriptions] /mask_orange http://ubuntu:42209/
[rosmaster.master][INFO] 2017-09-25 17:22:38,353: +PUB [/image/compressedDepth/parameter_updates] /mask_orange http://ubuntu:42209/
[rosmaster.master][INFO] 2017-09-25 17:22:38,356: +PARAM [/image/compressedDepth/depth_max] by /mask_orange
[rosmaster.master][INFO] 2017-09-25 17:22:38,356: +PARAM [/image/compressedDepth/depth_quantization] by /mask_orange
[rosmaster.master][INFO] 2017-09-25 17:22:38,360: +PARAM [/image/compressedDepth/png_level] by /mask_orange
[rosmaster.master][INFO] 2017-09-25 17:22:38,361: +PARAM [/image/compressedDepth/depth_max] by /mask_orange
[rosmaster.master][INFO] 2017-09-25 17:22:38,362: +PUB [/image_marked/compressedDepth] /view http://ubuntu:39328/
[rosmaster.master][INFO] 2017-09-25 17:22:38,363: +SERVICE [/image_marked/compressedDepth/set_parameters] /view http://ubuntu:39328/
[rosmaster.master][INFO] 2017-09-25 17:22:38,364: +PARAM [/image/compressedDepth/depth_quantization] by /mask_orange
[rosmaster.master][INFO] 2017-09-25 17:22:38,365: +PUB [/image_marked/compressedDepth/parameter_descriptions] /view http://ubuntu:39328/
[rosmaster.master][INFO] 2017-09-25 17:22:38,366: +PARAM [/image/compressedDepth/png_level] by /mask_orange
[rosmaster.master][INFO] 2017-09-25 17:22:38,372: +PUB [/image_marked/compressedDepth/parameter_updates] /view http://ubuntu:39328/
[rosmaster.master][INFO] 2017-09-25 17:22:38,376: +PARAM [/image_marked/compressedDepth/depth_max] by /view
[rosmaster.master][INFO] 2017-09-25 17:22:38,379: +PARAM [/image_marked/compressedDepth/depth_quantization] by /view
[rosmaster.master][INFO] 2017-09-25 17:22:38,380: +PARAM [/image_marked/compressedDepth/png_level] by /view
[rosmaster.master][INFO] 2017-09-25 17:22:38,381: +PARAM [/image_marked/compressedDepth/depth_max] by /view
[rosmaster.master][INFO] 2017-09-25 17:22:38,383: +PARAM [/image_marked/compressedDepth/depth_quantization] by /view
[rosmaster.master][INFO] 2017-09-25 17:22:38,384: +PARAM [/image_marked/compressedDepth/png_level] by /view
[rosmaster.master][INFO] 2017-09-25 17:22:38,393: -PUB [/rosout] /camera http://ubuntu:45343/
[rosmaster.master][INFO] 2017-09-25 17:22:38,397: -SERVICE [/camera/get_loggers] /camera rosrpc://ubuntu:49784
[rosmaster.master][INFO] 2017-09-25 17:22:38,398: -SERVICE [/camera/set_logger_level] /camera rosrpc://ubuntu:49784
[rosmaster.master][INFO] 2017-09-25 17:22:38,440: +PUB [/image/compressed] /mask_orange http://ubuntu:42209/
[rosmaster.master][INFO] 2017-09-25 17:22:38,441: +SERVICE [/image/compressed/set_parameters] /mask_orange http://ubuntu:42209/
[rosmaster.master][INFO] 2017-09-25 17:22:38,442: +PUB [/image/compressed/parameter_descriptions] /mask_orange http://ubuntu:42209/
[rosmaster.master][INFO] 2017-09-25 17:22:38,443: +PUB [/image/compressed/parameter_updates] /mask_orange http://ubuntu:42209/
[rosmaster.master][INFO] 2017-09-25 17:22:38,445: +PARAM [/image/compressed/format] by /mask_orange
[rosmaster.master][INFO] 2017-09-25 17:22:38,446: +PARAM [/image/compressed/jpeg_quality] by /mask_orange
[rosmaster.master][INFO] 2017-09-25 17:22:38,447: +PARAM [/image/compressed/png_level] by /mask_orange
[rosmaster.master][INFO] 2017-09-25 17:22:38,447: +PARAM [/image/compressed/format] by /mask_orange
[rosmaster.master][INFO] 2017-09-25 17:22:38,448: +PARAM [/image/compressed/jpeg_quality] by /mask_orange
[rosmaster.master][INFO] 2017-09-25 17:22:38,450: +PARAM [/image/compressed/png_level] by /mask_orange
[rosmaster.master][INFO] 2017-09-25 17:22:38,458: +PUB [/image_marked/compressed] /view http://ubuntu:39328/
[rosmaster.master][INFO] 2017-09-25 17:22:38,459: +SERVICE [/image_marked/compressed/set_parameters] /view http://ubuntu:39328/
[rosmaster.master][INFO] 2017-09-25 17:22:38,460: +PUB [/image_marked/compressed/parameter_descriptions] /view http://ubuntu:39328/
[rosmaster.master][INFO] 2017-09-25 17:22:38,465: +PUB [/image_marked/compressed/parameter_updates] /view http://ubuntu:39328/
[rosmaster.master][INFO] 2017-09-25 17:22:38,468: +PARAM [/image_marked/compressed/format] by /view
[rosmaster.master][INFO] 2017-09-25 17:22:38,469: +PARAM [/image_marked/compressed/jpeg_quality] by /view
[rosmaster.master][INFO] 2017-09-25 17:22:38,473: +PARAM [/image_marked/compressed/png_level] by /view
[rosmaster.master][INFO] 2017-09-25 17:22:38,474: +PARAM [/image_marked/compressed/format] by /view
[rosmaster.master][INFO] 2017-09-25 17:22:38,474: +PARAM [/image_marked/compressed/jpeg_quality] by /view
[rosmaster.master][INFO] 2017-09-25 17:22:38,475: +PARAM [/image_marked/compressed/png_level] by /view
[rosmaster.master][INFO] 2017-09-25 17:22:38,483: publisherUpdate[/rosout] -> http://ubuntu:46054/ ['http://ubuntu:42209/', 'http://ubuntu:39328/']
[rosmaster.master][INFO] 2017-09-25 17:22:38,483: publisherUpdate[/rosout] -> http://ubuntu:46054/ ['http://ubuntu:42209/', 'http://ubuntu:39328/']: sec=0.00, result=[1, '', 0]
[rosmaster.master][INFO] 2017-09-25 17:22:38,516: +PUB [/image] /mask_orange http://ubuntu:42209/
[rosmaster.master][INFO] 2017-09-25 17:22:38,552: +PUB [/image_marked] /view http://ubuntu:39328/
[rosmaster.master][INFO] 2017-09-25 17:22:38,605: +PUB [/image/theora] /mask_orange http://ubuntu:42209/
[rosmaster.master][INFO] 2017-09-25 17:22:38,608: +SERVICE [/image/theora/set_parameters] /mask_orange http://ubuntu:42209/
[rosmaster.master][INFO] 2017-09-25 17:22:38,609: +PUB [/image/theora/parameter_descriptions] /mask_orange http://ubuntu:42209/
[rosmaster.master][INFO] 2017-09-25 17:22:38,610: +PUB [/image/theora/parameter_updates] /mask_orange http://ubuntu:42209/
[rosmaster.master][INFO] 2017-09-25 17:22:38,613: +PARAM [/image/theora/optimize_for] by /mask_orange
[rosmaster.master][INFO] 2017-09-25 17:22:38,617: +PARAM [/image/theora/target_bitrate] by /mask_orange
[rosmaster.master][INFO] 2017-09-25 17:22:38,617: +PARAM [/image/theora/quality] by /mask_orange
[rosmaster.master][INFO] 2017-09-25 17:22:38,618: +PARAM [/image/theora/keyframe_frequency] by /mask_orange
[rosmaster.master][INFO] 2017-09-25 17:22:38,619: +PARAM [/image/theora/optimize_for] by /mask_orange
[rosmaster.master][INFO] 2017-09-25 17:22:38,621: +PARAM [/image/theora/target_bitrate] by /mask_orange
[rosmaster.master][INFO] 2017-09-25 17:22:38,624: +PARAM [/image/theora/quality] by /mask_orange
[rosmaster.master][INFO] 2017-09-25 17:22:38,625: +PARAM [/image/theora/keyframe_frequency] by /mask_orange
[rosmaster.master][INFO] 2017-09-25 17:22:38,628: +PUB [/image_marked/theora] /view http://ubuntu:39328/
[rosmaster.master][INFO] 2017-09-25 17:22:38,629: +SERVICE [/image_marked/theora/set_parameters] /view http://ubuntu:39328/
[rosmaster.master][INFO] 2017-09-25 17:22:38,630: +PUB [/image_marked/theora/parameter_descriptions] /view http://ubuntu:39328/
[rosmaster.master][INFO] 2017-09-25 17:22:38,631: +PUB [/image_marked/theora/parameter_updates] /view http://ubuntu:39328/
[rosmaster.master][INFO] 2017-09-25 17:22:38,633: +PARAM [/image_marked/theora/optimize_for] by /view
[rosmaster.master][INFO] 2017-09-25 17:22:38,634: +PARAM [/image_marked/theora/target_bitrate] by /view
[rosmaster.master][INFO] 2017-09-25 17:22:38,635: +PARAM [/image_marked/theora/quality] by /view
[rosmaster.master][INFO] 2017-09-25 17:22:38,635: +PARAM [/image_marked/theora/keyframe_frequency] by /view
[rosmaster.master][INFO] 2017-09-25 17:22:38,636: +PARAM [/image_marked/theora/optimize_for] by /view
[rosmaster.master][INFO] 2017-09-25 17:22:38,637: +PARAM [/image_marked/theora/target_bitrate] by /view
[rosmaster.master][INFO] 2017-09-25 17:22:38,637: +PARAM [/image_marked/theora/quality] by /view
[rosmaster.master][INFO] 2017-09-25 17:22:38,638: +PARAM [/image_marked/theora/keyframe_frequency] by /view
[rosmaster.master][INFO] 2017-09-25 17:22:38,664: +PUB [/image/marked/compressedDepth] /view http://ubuntu:39328/
[rosmaster.master][INFO] 2017-09-25 17:22:38,665: +SERVICE [/image/marked/compressedDepth/set_parameters] /view http://ubuntu:39328/
[rosmaster.master][INFO] 2017-09-25 17:22:38,666: +PUB [/image/marked/compressedDepth/parameter_descriptions] /view http://ubuntu:39328/
[rosmaster.master][INFO] 2017-09-25 17:22:38,666: +PUB [/image/marked/compressedDepth/parameter_updates] /view http://ubuntu:39328/
[rosmaster.master][INFO] 2017-09-25 17:22:38,669: +PARAM [/image/marked/compressedDepth/depth_max] by /view
[rosmaster.master][INFO] 2017-09-25 17:22:38,669: +PARAM [/image/marked/compressedDepth/depth_quantization] by /view
[rosmaster.master][INFO] 2017-09-25 17:22:38,670: +PARAM [/image/marked/compressedDepth/png_level] by /view
[rosmaster.master][INFO] 2017-09-25 17:22:38,671: +PARAM [/image/marked/compressedDepth/depth_max] by /view
[rosmaster.master][INFO] 2017-09-25 17:22:38,671: +PARAM [/image/marked/compressedDepth/depth_quantization] by /view
[rosmaster.master][INFO] 2017-09-25 17:22:38,672: +PARAM [/image/marked/compressedDepth/png_level] by /view
[rosmaster.master][INFO] 2017-09-25 17:22:38,698: +PUB [/image/marked/compressed] /view http://ubuntu:39328/
[rosmaster.master][INFO] 2017-09-25 17:22:38,699: +SERVICE [/image/marked/compressed/set_parameters] /view http://ubuntu:39328/
[rosmaster.master][INFO] 2017-09-25 17:22:38,699: +PUB [/image/marked/compressed/parameter_descriptions] /view http://ubuntu:39328/
[rosmaster.master][INFO] 2017-09-25 17:22:38,700: +PUB [/image/marked/compressed/parameter_updates] /view http://ubuntu:39328/
[rosmaster.master][INFO] 2017-09-25 17:22:38,702: +PARAM [/image/marked/compressed/format] by /view
[rosmaster.master][INFO] 2017-09-25 17:22:38,703: +PARAM [/image/marked/compressed/jpeg_quality] by /view
[rosmaster.master][INFO] 2017-09-25 17:22:38,703: +PARAM [/image/marked/compressed/png_level] by /view
[rosmaster.master][INFO] 2017-09-25 17:22:38,704: +PARAM [/image/marked/compressed/format] by /view
[rosmaster.master][INFO] 2017-09-25 17:22:38,705: +PARAM [/image/marked/compressed/jpeg_quality] by /view
[rosmaster.master][INFO] 2017-09-25 17:22:38,705: +PARAM [/image/marked/compressed/png_level] by /view
[rosmaster.master][INFO] 2017-09-25 17:22:38,739: +PUB [/image/marked] /view http://ubuntu:39328/
[rosmaster.master][INFO] 2017-09-25 17:22:38,774: +PUB [/image/marked/theora] /view http://ubuntu:39328/
[rosmaster.master][INFO] 2017-09-25 17:22:38,775: +SERVICE [/image/marked/theora/set_parameters] /view http://ubuntu:39328/
[rosmaster.master][INFO] 2017-09-25 17:22:38,776: +PUB [/image/marked/theora/parameter_descriptions] /view http://ubuntu:39328/
[rosmaster.master][INFO] 2017-09-25 17:22:38,777: +PUB [/image/marked/theora/parameter_updates] /view http://ubuntu:39328/
[rosmaster.master][INFO] 2017-09-25 17:22:38,779: +PARAM [/image/marked/theora/optimize_for] by /view
[rosmaster.master][INFO] 2017-09-25 17:22:38,780: +PARAM [/image/marked/theora/target_bitrate] by /view
[rosmaster.master][INFO] 2017-09-25 17:22:38,781: +PARAM [/image/marked/theora/quality] by /view
[rosmaster.master][INFO] 2017-09-25 17:22:38,782: +PARAM [/image/marked/theora/keyframe_frequency] by /view
[rosmaster.master][INFO] 2017-09-25 17:22:38,782: +PARAM [/image/marked/theora/optimize_for] by /view
[rosmaster.master][INFO] 2017-09-25 17:22:38,783: +PARAM [/image/marked/theora/target_bitrate] by /view
[rosmaster.master][INFO] 2017-09-25 17:22:38,784: +PARAM [/image/marked/theora/quality] by /view
[rosmaster.master][INFO] 2017-09-25 17:22:38,784: +PARAM [/image/marked/theora/keyframe_frequency] by /view
[rosmaster.master][INFO] 2017-09-25 17:22:38,813: +SUB [/image] /view http://ubuntu:39328/
[rosmaster.master][INFO] 2017-09-25 17:22:38,816: +SUB [/camera_info] /view http://ubuntu:39328/
[rosmaster.master][INFO] 2017-09-25 17:22:38,819: +SUB [/image_marker] /view http://ubuntu:39328/
[rosmaster.master][INFO] 2017-09-25 17:22:38,822: +SUB [/image/event] /view http://ubuntu:39328/
[rosmaster.master][INFO] 2017-09-25 17:22:38,823: +SERVICE [/view/change_mode] /view http://ubuntu:39328/
[rosmaster.master][INFO] 2017-09-25 17:22:38,824: +SERVICE [/view/rectangle_mode] /view http://ubuntu:39328/
[rosmaster.master][INFO] 2017-09-25 17:22:38,825: +SERVICE [/view/grabcut_mode] /view http://ubuntu:39328/
[rosmaster.master][INFO] 2017-09-25 17:22:38,825: +SERVICE [/view/grabcut_rect_mode] /view http://ubuntu:39328/
[rosmaster.master][INFO] 2017-09-25 17:22:38,826: +SERVICE [/view/line_mode] /view http://ubuntu:39328/
[rosmaster.master][INFO] 2017-09-25 17:22:38,827: +SERVICE [/view/poly_mode] /view http://ubuntu:39328/
[rosmaster.master][INFO] 2017-09-25 17:22:38,828: +SERVICE [/view/none_mode] /view http://ubuntu:39328/
[rosmaster.master][INFO] 2017-09-25 17:22:38,828: +SERVICE [/view/set_parameters] /view http://ubuntu:39328/
[rosmaster.master][INFO] 2017-09-25 17:22:38,829: +PUB [/view/parameter_descriptions] /view http://ubuntu:39328/
[rosmaster.master][INFO] 2017-09-25 17:22:38,830: +PUB [/view/parameter_updates] /view http://ubuntu:39328/
[rosmaster.master][INFO] 2017-09-25 17:22:38,835: +PARAM [/view/grid] by /view
[rosmaster.master][INFO] 2017-09-25 17:22:38,836: +PARAM [/view/fisheye_mode] by /view
[rosmaster.master][INFO] 2017-09-25 17:22:38,837: +PARAM [/view/div_u] by /view
[rosmaster.master][INFO] 2017-09-25 17:22:38,837: +PARAM [/view/div_v] by /view
[rosmaster.master][INFO] 2017-09-25 17:22:38,838: +PARAM [/view/grid_red] by /view
[rosmaster.master][INFO] 2017-09-25 17:22:38,838: +PARAM [/view/grid_green] by /view
[rosmaster.master][INFO] 2017-09-25 17:22:38,839: +PARAM [/view/grid_blue] by /view
[rosmaster.master][INFO] 2017-09-25 17:22:38,840: +PARAM [/view/grid_thickness] by /view
[rosmaster.master][INFO] 2017-09-25 17:22:38,840: +PARAM [/view/grid_space] by /view
[rosmaster.master][INFO] 2017-09-25 17:22:38,841: +PARAM [/view/grid] by /view
[rosmaster.master][INFO] 2017-09-25 17:22:38,842: +PARAM [/view/fisheye_mode] by /view
[rosmaster.master][INFO] 2017-09-25 17:22:38,842: +PARAM [/view/div_u] by /view
[rosmaster.master][INFO] 2017-09-25 17:22:38,843: +PARAM [/view/div_v] by /view
[rosmaster.master][INFO] 2017-09-25 17:22:38,844: +PARAM [/view/grid_red] by /view
[rosmaster.master][INFO] 2017-09-25 17:22:38,844: +PARAM [/view/grid_green] by /view
[rosmaster.master][INFO] 2017-09-25 17:22:38,845: +PARAM [/view/grid_blue] by /view
[rosmaster.master][INFO] 2017-09-25 17:22:38,846: +PARAM [/view/grid_thickness] by /view
[rosmaster.master][INFO] 2017-09-25 17:22:38,846: +PARAM [/view/grid_space] by /view
[rosmaster.master][INFO] 2017-09-25 17:22:45,737: -PUB [/rosout] /mask_orange http://ubuntu:42209/
[rosmaster.master][INFO] 2017-09-25 17:22:45,738: publisherUpdate[/rosout] -> http://ubuntu:46054/ ['http://ubuntu:39328/']
[rosmaster.master][INFO] 2017-09-25 17:22:45,738: publisherUpdate[/rosout] -> http://ubuntu:46054/ ['http://ubuntu:39328/']: sec=0.00, result=[1, '', 0]
[rosmaster.master][INFO] 2017-09-25 17:22:45,739: -PUB [/image/compressedDepth] /mask_orange http://ubuntu:42209/
[rosmaster.master][INFO] 2017-09-25 17:22:45,739: -PUB [/image/compressedDepth/parameter_descriptions] /mask_orange http://ubuntu:42209/
[rosmaster.master][INFO] 2017-09-25 17:22:45,740: -PUB [/image/compressedDepth/parameter_updates] /mask_orange http://ubuntu:42209/
[rosmaster.master][INFO] 2017-09-25 17:22:45,744: -PUB [/image/compressed] /mask_orange http://ubuntu:42209/
[rosmaster.master][INFO] 2017-09-25 17:22:45,746: -PUB [/rosout] /view http://ubuntu:39328/
[rosmaster.master][INFO] 2017-09-25 17:22:45,747: -PUB [/image/screenpoint] /view http://ubuntu:39328/
[rosmaster.master][INFO] 2017-09-25 17:22:45,748: -PUB [/image/screenpoint_array] /view http://ubuntu:39328/
[rosmaster.master][INFO] 2017-09-25 17:22:45,750: -PUB [/image/screenrectangle] /view http://ubuntu:39328/
[rosmaster.master][INFO] 2017-09-25 17:22:45,751: -PUB [/image/compressed/parameter_descriptions] /mask_orange http://ubuntu:42209/
[rosmaster.master][INFO] 2017-09-25 17:22:45,752: -PUB [/image/compressed/parameter_updates] /mask_orange http://ubuntu:42209/
[rosmaster.master][INFO] 2017-09-25 17:22:45,755: -PUB [/image/screenrectangle_image] /view http://ubuntu:39328/
[rosmaster.master][INFO] 2017-09-25 17:22:45,756: -PUB [/image] /mask_orange http://ubuntu:42209/
[rosmaster.master][INFO] 2017-09-25 17:22:45,757: -PUB [/image/theora] /mask_orange http://ubuntu:42209/
[rosmaster.master][INFO] 2017-09-25 17:22:45,760: -PUB [/image/theora/parameter_descriptions] /mask_orange http://ubuntu:42209/
[rosmaster.master][INFO] 2017-09-25 17:22:45,761: -PUB [/image/movepoint] /view http://ubuntu:39328/
[rosmaster.master][INFO] 2017-09-25 17:22:45,763: -PUB [/image/foreground] /view http://ubuntu:39328/
[rosmaster.master][INFO] 2017-09-25 17:22:45,764: -PUB [/image/theora/parameter_updates] /mask_orange http://ubuntu:42209/
[rosmaster.master][INFO] 2017-09-25 17:22:45,768: -SUB [/camera/image_raw] /mask_orange http://ubuntu:42209/
[rosmaster.master][INFO] 2017-09-25 17:22:45,770: -PUB [/image/background] /view http://ubuntu:39328/
[rosmaster.master][INFO] 2017-09-25 17:22:45,771: -PUB [/image/foreground_rect] /view http://ubuntu:39328/
[rosmaster.master][INFO] 2017-09-25 17:22:45,772: -PUB [/image/background_rect] /view http://ubuntu:39328/
[rosmaster.master][INFO] 2017-09-25 17:22:45,773: -PUB [/image/line] /view http://ubuntu:39328/
[rosmaster.master][INFO] 2017-09-25 17:22:45,777: -SERVICE [/mask_orange/get_loggers] /mask_orange rosrpc://ubuntu:45120
[rosmaster.master][INFO] 2017-09-25 17:22:45,779: -PUB [/image/poly] /view http://ubuntu:39328/
[rosmaster.master][INFO] 2017-09-25 17:22:45,781: -PUB [/image_marked/compressedDepth] /view http://ubuntu:39328/
[rosmaster.master][INFO] 2017-09-25 17:22:45,781: -PUB [/image_marked/compressedDepth/parameter_descriptions] /view http://ubuntu:39328/
[rosmaster.master][INFO] 2017-09-25 17:22:45,782: -PUB [/image_marked/compressedDepth/parameter_updates] /view http://ubuntu:39328/
[rosmaster.master][INFO] 2017-09-25 17:22:45,784: -PUB [/image_marked/compressed] /view http://ubuntu:39328/
[rosmaster.master][INFO] 2017-09-25 17:22:45,788: -SERVICE [/mask_orange/set_logger_level] /mask_orange rosrpc://ubuntu:45120
[rosmaster.master][INFO] 2017-09-25 17:22:45,789: -PUB [/image_marked/compressed/parameter_descriptions] /view http://ubuntu:39328/
[rosmaster.master][INFO] 2017-09-25 17:22:45,790: -PUB [/image_marked/compressed/parameter_updates] /view http://ubuntu:39328/
[rosmaster.master][INFO] 2017-09-25 17:22:45,791: -PUB [/image_marked] /view http://ubuntu:39328/
[rosmaster.master][INFO] 2017-09-25 17:22:45,792: -PUB [/image_marked/theora] /view http://ubuntu:39328/
[rosmaster.master][INFO] 2017-09-25 17:22:45,794: -PUB [/image_marked/theora/parameter_descriptions] /view http://ubuntu:39328/
[rosmaster.master][INFO] 2017-09-25 17:22:45,796: -SERVICE [/image/compressedDepth/set_parameters] /mask_orange rosrpc://ubuntu:45120
[rosmaster.master][INFO] 2017-09-25 17:22:45,797: -PUB [/image_marked/theora/parameter_updates] /view http://ubuntu:39328/
[rosmaster.master][INFO] 2017-09-25 17:22:45,798: -PUB [/image/marked/compressedDepth] /view http://ubuntu:39328/
[rosmaster.master][INFO] 2017-09-25 17:22:45,801: -SERVICE [/image/compressed/set_parameters] /mask_orange rosrpc://ubuntu:45120
[rosmaster.master][INFO] 2017-09-25 17:22:45,804: -PUB [/image/marked/compressedDepth/parameter_descriptions] /view http://ubuntu:39328/
[rosmaster.master][INFO] 2017-09-25 17:22:45,805: -PUB [/image/marked/compressedDepth/parameter_updates] /view http://ubuntu:39328/
[rosmaster.master][INFO] 2017-09-25 17:22:45,808: -PUB [/image/marked/compressed] /view http://ubuntu:39328/
[rosmaster.master][INFO] 2017-09-25 17:22:45,809: -SERVICE [/image/theora/set_parameters] /mask_orange rosrpc://ubuntu:45120
[rosmaster.master][INFO] 2017-09-25 17:22:45,813: -PUB [/image/marked/compressed/parameter_descriptions] /view http://ubuntu:39328/
[rosmaster.master][INFO] 2017-09-25 17:22:45,814: -PUB [/image/marked/compressed/parameter_updates] /view http://ubuntu:39328/
[rosmaster.master][INFO] 2017-09-25 17:22:45,815: -PUB [/image/marked] /view http://ubuntu:39328/
[rosmaster.master][INFO] 2017-09-25 17:22:45,816: -PUB [/image/marked/theora] /view http://ubuntu:39328/
[rosmaster.master][INFO] 2017-09-25 17:22:45,818: -PUB [/image/marked/theora/parameter_descriptions] /view http://ubuntu:39328/
[rosmaster.master][INFO] 2017-09-25 17:22:45,820: -PUB [/image/marked/theora/parameter_updates] /view http://ubuntu:39328/
[rosmaster.master][INFO] 2017-09-25 17:22:45,821: -PUB [/view/parameter_descriptions] /view http://ubuntu:39328/
[rosmaster.master][INFO] 2017-09-25 17:22:45,822: -PUB [/view/parameter_updates] /view http://ubuntu:39328/
[rosmaster.master][INFO] 2017-09-25 17:22:45,826: -SUB [/tf] /view http://ubuntu:39328/
[rosmaster.master][INFO] 2017-09-25 17:22:45,828: publisherUpdate[/rosout] -> http://ubuntu:46054/ []
[rosmaster.master][INFO] 2017-09-25 17:22:45,828: publisherUpdate[/image] -> http://ubuntu:39328/ []
[rosmaster.master][INFO] 2017-09-25 17:22:45,828: publisherUpdate[/rosout] -> http://ubuntu:46054/ []: sec=0.00, result=[1, '', 0]
[rosmaster.master][INFO] 2017-09-25 17:22:45,829: publisherUpdate[/image] -> http://ubuntu:39328/ []: sec=0.00, exception=<Fault -1: 'publisherUpdate: unknown method name'>
[rosmaster.threadpool][ERROR] 2017-09-25 17:22:45,829: Traceback (most recent call last):
  File "/opt/ros/kinetic/lib/python2.7/dist-packages/rosmaster/threadpool.py", line 218, in run
    result = cmd(*args)
  File "/opt/ros/kinetic/lib/python2.7/dist-packages/rosmaster/master_api.py", line 210, in publisher_update_task
    ret = xmlrpcapi(api).publisherUpdate('/master', topic, pub_uris)
  File "/usr/lib/python2.7/xmlrpclib.py", line 1243, in __call__
    return self.__send(self.__name, args)
  File "/usr/lib/python2.7/xmlrpclib.py", line 1602, in __request
    verbose=self.__verbose
  File "/usr/lib/python2.7/xmlrpclib.py", line 1283, in request
    return self.single_request(host, handler, request_body, verbose)
  File "/usr/lib/python2.7/xmlrpclib.py", line 1316, in single_request
    return self.parse_response(response)
  File "/usr/lib/python2.7/xmlrpclib.py", line 1493, in parse_response
    return u.close()
  File "/usr/lib/python2.7/xmlrpclib.py", line 800, in close
    raise Fault(**self._stack[0])
Fault: <Fault -1: 'publisherUpdate: unknown method name'>

[rosmaster.master][INFO] 2017-09-25 17:22:45,832: -SUB [/tf_static] /view http://ubuntu:39328/
[rosmaster.master][INFO] 2017-09-25 17:22:45,837: -SUB [/image] /view http://ubuntu:39328/
[rosmaster.master][INFO] 2017-09-25 17:22:45,838: -SUB [/camera_info] /view http://ubuntu:39328/
[rosmaster.master][INFO] 2017-09-25 17:22:45,840: -SUB [/image_marker] /view http://ubuntu:39328/
[rosmaster.master][INFO] 2017-09-25 17:22:45,841: -SUB [/image/event] /view http://ubuntu:39328/
[rosmaster.master][INFO] 2017-09-25 17:22:45,842: -SERVICE [/view/get_loggers] /view rosrpc://ubuntu:34526
[rosmaster.master][INFO] 2017-09-25 17:22:45,844: -SERVICE [/view/set_logger_level] /view rosrpc://ubuntu:34526
[rosmaster.master][INFO] 2017-09-25 17:22:45,846: -SERVICE [/image_marked/compressedDepth/set_parameters] /view rosrpc://ubuntu:34526
[rosmaster.master][INFO] 2017-09-25 17:22:45,847: -SERVICE [/image_marked/compressed/set_parameters] /view rosrpc://ubuntu:34526
[rosmaster.master][INFO] 2017-09-25 17:22:45,848: -SERVICE [/image_marked/theora/set_parameters] /view rosrpc://ubuntu:34526
[rosmaster.master][INFO] 2017-09-25 17:22:45,851: -SERVICE [/image/marked/compressedDepth/set_parameters] /view rosrpc://ubuntu:34526
[rosmaster.master][INFO] 2017-09-25 17:22:45,852: -SERVICE [/image/marked/compressed/set_parameters] /view rosrpc://ubuntu:34526
[rosmaster.master][INFO] 2017-09-25 17:22:45,854: -SERVICE [/image/marked/theora/set_parameters] /view rosrpc://ubuntu:34526
[rosmaster.master][INFO] 2017-09-25 17:22:45,855: -SERVICE [/view/change_mode] /view rosrpc://ubuntu:34526
[rosmaster.master][INFO] 2017-09-25 17:22:45,858: -SERVICE [/view/rectangle_mode] /view rosrpc://ubuntu:34526
[rosmaster.master][INFO] 2017-09-25 17:22:45,861: -SERVICE [/view/grabcut_mode] /view rosrpc://ubuntu:34526
[rosmaster.master][INFO] 2017-09-25 17:22:45,862: -SERVICE [/view/grabcut_rect_mode] /view rosrpc://ubuntu:34526
[rosmaster.master][INFO] 2017-09-25 17:22:45,864: -SERVICE [/view/line_mode] /view rosrpc://ubuntu:34526
[rosmaster.master][INFO] 2017-09-25 17:22:45,864: -SERVICE [/view/poly_mode] /view rosrpc://ubuntu:34526
[rosmaster.master][INFO] 2017-09-25 17:22:45,865: -SERVICE [/view/none_mode] /view rosrpc://ubuntu:34526
[rosmaster.master][INFO] 2017-09-25 17:22:45,867: -SERVICE [/view/set_parameters] /view rosrpc://ubuntu:34526
[rosmaster.master][INFO] 2017-09-25 17:22:46,230: -PUB [/rosout_agg] /rosout http://ubuntu:46054/
[rosmaster.master][INFO] 2017-09-25 17:22:46,230: -SUB [/rosout] /rosout http://ubuntu:46054/
[rosmaster.master][INFO] 2017-09-25 17:22:46,231: -SERVICE [/rosout/get_loggers] /rosout rosrpc://ubuntu:45712
[rosmaster.master][INFO] 2017-09-25 17:22:46,232: -SERVICE [/rosout/set_logger_level] /rosout rosrpc://ubuntu:45712
[rosmaster.main][INFO] 2017-09-25 17:22:46,255: keyboard interrupt, will exit
[rosmaster.main][INFO] 2017-09-25 17:22:46,255: stopping master...
[rospy.core][INFO] 2017-09-25 17:22:46,255: signal_shutdown [atexit]
