[rosmaster.main][INFO] 2017-10-10 18:43:31,029: initialization complete, waiting for shutdown
[rosmaster.main][INFO] 2017-10-10 18:43:31,029: Starting ROS Master Node
[xmlrpc][INFO] 2017-10-10 18:43:31,030: XML-RPC server binding to 0.0.0.0:11311
[xmlrpc][INFO] 2017-10-10 18:43:31,030: Started XML-RPC server [http://ubuntu:11311/]
[xmlrpc][INFO] 2017-10-10 18:43:31,030: xml rpc node: starting XML-RPC server
[rosmaster.master][INFO] 2017-10-10 18:43:31,030: Master initialized: port[11311], uri[http://ubuntu:11311/]
[rosmaster.master][INFO] 2017-10-10 18:43:31,084: +PARAM [/run_id] by /roslaunch
[rosmaster.master][INFO] 2017-10-10 18:43:31,085: +PARAM [/roslaunch/uris/host_ubuntu__42529] by /roslaunch
[rosmaster.master][INFO] 2017-10-10 18:43:31,170: +PARAM [/rosversion] by /roslaunch
[rosmaster.master][INFO] 2017-10-10 18:43:31,170: +PARAM [/rosdistro] by /roslaunch
[rosmaster.master][INFO] 2017-10-10 18:43:31,170: +PARAM [/camera/device_id] by /roslaunch
[rosmaster.master][INFO] 2017-10-10 18:43:31,180: +SERVICE [/rosout/get_loggers] /rosout http://ubuntu:42375/
[rosmaster.master][INFO] 2017-10-10 18:43:31,180: +SERVICE [/rosout/set_logger_level] /rosout http://ubuntu:42375/
[rosmaster.master][INFO] 2017-10-10 18:43:31,191: +PUB [/rosout_agg] /rosout http://ubuntu:42375/
[rosmaster.master][INFO] 2017-10-10 18:43:31,207: +SUB [/rosout] /rosout http://ubuntu:42375/
[rosmaster.master][INFO] 2017-10-10 18:43:31,310: +PUB [/rosout] /mask_orange http://ubuntu:40770/
[rosmaster.master][INFO] 2017-10-10 18:43:31,319: +SERVICE [/mask_orange/get_loggers] /mask_orange http://ubuntu:40770/
[rosmaster.master][INFO] 2017-10-10 18:43:31,326: +SERVICE [/mask_orange/set_logger_level] /mask_orange http://ubuntu:40770/
[rosmaster.master][INFO] 2017-10-10 18:43:31,331: publisherUpdate[/rosout] -> http://ubuntu:42375/ ['http://ubuntu:40770/']
[rosmaster.master][INFO] 2017-10-10 18:43:31,333: publisherUpdate[/rosout] -> http://ubuntu:42375/ ['http://ubuntu:40770/']: sec=0.00, result=[1, '', 0]
[rosmaster.master][INFO] 2017-10-10 18:43:31,347: +PUB [/rosout] /orange_col_sender http://ubuntu:33663/
[rosmaster.master][INFO] 2017-10-10 18:43:31,354: +SERVICE [/orange_col_sender/get_loggers] /orange_col_sender http://ubuntu:33663/
[rosmaster.master][INFO] 2017-10-10 18:43:31,358: +SERVICE [/orange_col_sender/set_logger_level] /orange_col_sender http://ubuntu:33663/
[rosmaster.master][INFO] 2017-10-10 18:43:31,373: +PUB [/rosout] /camera http://ubuntu:35868/
[rosmaster.master][INFO] 2017-10-10 18:43:31,379: +SERVICE [/camera/get_loggers] /camera http://ubuntu:35868/
[rosmaster.master][INFO] 2017-10-10 18:43:31,382: +SERVICE [/camera/set_logger_level] /camera http://ubuntu:35868/
[rosmaster.master][INFO] 2017-10-10 18:43:31,426: +PUB [/rosout] /view http://ubuntu:43566/
[rosmaster.master][INFO] 2017-10-10 18:43:31,427: +SERVICE [/view/get_loggers] /view http://ubuntu:43566/
[rosmaster.master][INFO] 2017-10-10 18:43:31,428: +SERVICE [/view/set_logger_level] /view http://ubuntu:43566/
[rosmaster.master][INFO] 2017-10-10 18:43:31,433: publisherUpdate[/rosout] -> http://ubuntu:42375/ ['http://ubuntu:40770/', 'http://ubuntu:33663/']
[rosmaster.master][INFO] 2017-10-10 18:43:31,434: publisherUpdate[/rosout] -> http://ubuntu:42375/ ['http://ubuntu:40770/', 'http://ubuntu:33663/']: sec=0.00, result=[1, '', 0]
[rosmaster.master][INFO] 2017-10-10 18:43:31,434: publisherUpdate[/rosout] -> http://ubuntu:42375/ ['http://ubuntu:40770/', 'http://ubuntu:33663/', 'http://ubuntu:35868/']
[rosmaster.master][INFO] 2017-10-10 18:43:31,435: publisherUpdate[/rosout] -> http://ubuntu:42375/ ['http://ubuntu:40770/', 'http://ubuntu:33663/', 'http://ubuntu:35868/']: sec=0.00, result=[1, '', 0]
[rosmaster.master][INFO] 2017-10-10 18:43:31,435: publisherUpdate[/rosout] -> http://ubuntu:42375/ ['http://ubuntu:40770/', 'http://ubuntu:33663/', 'http://ubuntu:35868/', 'http://ubuntu:43566/']
[rosmaster.master][INFO] 2017-10-10 18:43:31,435: publisherUpdate[/rosout] -> http://ubuntu:42375/ ['http://ubuntu:40770/', 'http://ubuntu:33663/', 'http://ubuntu:35868/', 'http://ubuntu:43566/']: sec=0.00, result=[1, '', 0]
[rosmaster.master][INFO] 2017-10-10 18:43:31,448: +SUB [/tf] /view http://ubuntu:43566/
[rosmaster.master][INFO] 2017-10-10 18:43:31,464: +SUB [/tf_static] /view http://ubuntu:43566/
[rosmaster.master][INFO] 2017-10-10 18:43:31,499: +SERVICE [/camera/set_camera_info] /camera http://ubuntu:35868/
[rosmaster.master][INFO] 2017-10-10 18:43:31,557: +PUB [/image/screenpoint] /view http://ubuntu:43566/
[rosmaster.master][INFO] 2017-10-10 18:43:31,558: +PUB [/image/screenpoint_array] /view http://ubuntu:43566/
[rosmaster.master][INFO] 2017-10-10 18:43:31,558: +PUB [/image/screenrectangle] /view http://ubuntu:43566/
[rosmaster.master][INFO] 2017-10-10 18:43:31,559: +PUB [/image/screenrectangle_image] /view http://ubuntu:43566/
[rosmaster.master][INFO] 2017-10-10 18:43:31,560: +PUB [/image/movepoint] /view http://ubuntu:43566/
[rosmaster.master][INFO] 2017-10-10 18:43:31,560: +PUB [/image/foreground] /view http://ubuntu:43566/
[rosmaster.master][INFO] 2017-10-10 18:43:31,561: +PUB [/image/background] /view http://ubuntu:43566/
[rosmaster.master][INFO] 2017-10-10 18:43:31,562: +PUB [/image/foreground_rect] /view http://ubuntu:43566/
[rosmaster.master][INFO] 2017-10-10 18:43:31,565: +PUB [/image/background_rect] /view http://ubuntu:43566/
[rosmaster.master][INFO] 2017-10-10 18:43:31,566: +PUB [/image/line] /view http://ubuntu:43566/
[rosmaster.master][INFO] 2017-10-10 18:43:31,568: +PUB [/image/poly] /view http://ubuntu:43566/
[rosmaster.master][INFO] 2017-10-10 18:43:31,621: +SUB [/input_image] /mask_orange http://ubuntu:40770/
[rosmaster.master][INFO] 2017-10-10 18:43:31,635: +SUB [/image] /orange_col_sender http://ubuntu:33663/
[rosmaster.master][INFO] 2017-10-10 18:43:31,638: +PUB [/orange_col] /orange_col_sender http://ubuntu:33663/
[rosmaster.master][INFO] 2017-10-10 18:43:31,642: +SERVICE [/orange_col_sender/set_parameters] /orange_col_sender http://ubuntu:33663/
[rosmaster.master][INFO] 2017-10-10 18:43:31,646: +PUB [/orange_col_sender/parameter_descriptions] /orange_col_sender http://ubuntu:33663/
[rosmaster.master][INFO] 2017-10-10 18:43:31,651: +PUB [/orange_col_sender/parameter_updates] /orange_col_sender http://ubuntu:33663/
[rosmaster.master][INFO] 2017-10-10 18:43:31,675: +PARAM [/orange_col_sender/begin] by /orange_col_sender
[rosmaster.master][INFO] 2017-10-10 18:43:31,683: +PARAM [/orange_col_sender/end] by /orange_col_sender
[rosmaster.master][INFO] 2017-10-10 18:43:31,690: +PARAM [/orange_col_sender/size] by /orange_col_sender
[rosmaster.master][INFO] 2017-10-10 18:43:31,691: +PARAM [/orange_col_sender/threshold] by /orange_col_sender
[rosmaster.master][INFO] 2017-10-10 18:43:31,692: +PARAM [/orange_col_sender/row_stride] by /orange_col_sender
[rosmaster.master][INFO] 2017-10-10 18:43:31,694: +PARAM [/orange_col_sender/col_stride] by /orange_col_sender
[rosmaster.master][INFO] 2017-10-10 18:43:31,698: +PARAM [/orange_col_sender/begin] by /orange_col_sender
[rosmaster.master][INFO] 2017-10-10 18:43:31,706: +PARAM [/orange_col_sender/end] by /orange_col_sender
[rosmaster.master][INFO] 2017-10-10 18:43:31,710: +PARAM [/orange_col_sender/size] by /orange_col_sender
[rosmaster.master][INFO] 2017-10-10 18:43:31,711: +PARAM [/orange_col_sender/threshold] by /orange_col_sender
[rosmaster.master][INFO] 2017-10-10 18:43:31,714: +PARAM [/orange_col_sender/row_stride] by /orange_col_sender
[rosmaster.master][INFO] 2017-10-10 18:43:31,718: +PARAM [/orange_col_sender/col_stride] by /orange_col_sender
[rosmaster.master][INFO] 2017-10-10 18:43:31,754: +PUB [/image/compressedDepth] /mask_orange http://ubuntu:40770/
[rosmaster.master][INFO] 2017-10-10 18:43:31,755: +SERVICE [/image/compressedDepth/set_parameters] /mask_orange http://ubuntu:40770/
[rosmaster.master][INFO] 2017-10-10 18:43:31,756: +PUB [/image/compressedDepth/parameter_descriptions] /mask_orange http://ubuntu:40770/
[rosmaster.master][INFO] 2017-10-10 18:43:31,758: +PUB [/image/compressedDepth/parameter_updates] /mask_orange http://ubuntu:40770/
[rosmaster.master][INFO] 2017-10-10 18:43:31,764: +PARAM [/image/compressedDepth/depth_max] by /mask_orange
[rosmaster.master][INFO] 2017-10-10 18:43:31,764: +PUB [/image_marked/compressedDepth] /view http://ubuntu:43566/
[rosmaster.master][INFO] 2017-10-10 18:43:31,765: +PARAM [/image/compressedDepth/depth_quantization] by /mask_orange
[rosmaster.master][INFO] 2017-10-10 18:43:31,767: +PUB [/input_image/compressedDepth] /camera http://ubuntu:35868/
[rosmaster.master][INFO] 2017-10-10 18:43:31,771: +SERVICE [/image_marked/compressedDepth/set_parameters] /view http://ubuntu:43566/
[rosmaster.master][INFO] 2017-10-10 18:43:31,771: +PARAM [/image/compressedDepth/png_level] by /mask_orange
[rosmaster.master][INFO] 2017-10-10 18:43:31,772: +SERVICE [/input_image/compressedDepth/set_parameters] /camera http://ubuntu:35868/
[rosmaster.master][INFO] 2017-10-10 18:43:31,773: +PUB [/image_marked/compressedDepth/parameter_descriptions] /view http://ubuntu:43566/
[rosmaster.master][INFO] 2017-10-10 18:43:31,774: +PARAM [/image/compressedDepth/depth_max] by /mask_orange
[rosmaster.master][INFO] 2017-10-10 18:43:31,776: +PUB [/input_image/compressedDepth/parameter_descriptions] /camera http://ubuntu:35868/
[rosmaster.master][INFO] 2017-10-10 18:43:31,779: +PUB [/image_marked/compressedDepth/parameter_updates] /view http://ubuntu:43566/
[rosmaster.master][INFO] 2017-10-10 18:43:31,779: +PARAM [/image/compressedDepth/depth_quantization] by /mask_orange
[rosmaster.master][INFO] 2017-10-10 18:43:31,780: +PUB [/input_image/compressedDepth/parameter_updates] /camera http://ubuntu:35868/
[rosmaster.master][INFO] 2017-10-10 18:43:31,783: +PARAM [/image/compressedDepth/png_level] by /mask_orange
[rosmaster.master][INFO] 2017-10-10 18:43:31,799: +PARAM [/image_marked/compressedDepth/depth_max] by /view
[rosmaster.master][INFO] 2017-10-10 18:43:31,799: +PARAM [/input_image/compressedDepth/depth_max] by /camera
[rosmaster.master][INFO] 2017-10-10 18:43:31,803: +PARAM [/image_marked/compressedDepth/depth_quantization] by /view
[rosmaster.master][INFO] 2017-10-10 18:43:31,803: +PARAM [/input_image/compressedDepth/depth_quantization] by /camera
[rosmaster.master][INFO] 2017-10-10 18:43:31,804: +PARAM [/image_marked/compressedDepth/png_level] by /view
[rosmaster.master][INFO] 2017-10-10 18:43:31,807: +PARAM [/input_image/compressedDepth/png_level] by /camera
[rosmaster.master][INFO] 2017-10-10 18:43:31,808: +PARAM [/image_marked/compressedDepth/depth_max] by /view
[rosmaster.master][INFO] 2017-10-10 18:43:31,815: +PARAM [/input_image/compressedDepth/depth_max] by /camera
[rosmaster.master][INFO] 2017-10-10 18:43:31,816: +PARAM [/image_marked/compressedDepth/depth_quantization] by /view
[rosmaster.master][INFO] 2017-10-10 18:43:31,818: +PARAM [/input_image/compressedDepth/depth_quantization] by /camera
[rosmaster.master][INFO] 2017-10-10 18:43:31,818: +PARAM [/image_marked/compressedDepth/png_level] by /view
[rosmaster.master][INFO] 2017-10-10 18:43:31,826: +PARAM [/input_image/compressedDepth/png_level] by /camera
[rosmaster.master][INFO] 2017-10-10 18:43:31,890: +PUB [/image/compressed] /mask_orange http://ubuntu:40770/
[rosmaster.master][INFO] 2017-10-10 18:43:31,891: +SERVICE [/image/compressed/set_parameters] /mask_orange http://ubuntu:40770/
[rosmaster.master][INFO] 2017-10-10 18:43:31,891: +PUB [/image/compressed/parameter_descriptions] /mask_orange http://ubuntu:40770/
[rosmaster.master][INFO] 2017-10-10 18:43:31,892: +PUB [/image/compressed/parameter_updates] /mask_orange http://ubuntu:40770/
[rosmaster.master][INFO] 2017-10-10 18:43:31,894: +PARAM [/image/compressed/format] by /mask_orange
[rosmaster.master][INFO] 2017-10-10 18:43:31,896: +PARAM [/image/compressed/jpeg_quality] by /mask_orange
[rosmaster.master][INFO] 2017-10-10 18:43:31,898: +PARAM [/image/compressed/png_level] by /mask_orange
[rosmaster.master][INFO] 2017-10-10 18:43:31,902: +PARAM [/image/compressed/format] by /mask_orange
[rosmaster.master][INFO] 2017-10-10 18:43:31,906: +PARAM [/image/compressed/jpeg_quality] by /mask_orange
[rosmaster.master][INFO] 2017-10-10 18:43:31,908: +PARAM [/image/compressed/png_level] by /mask_orange
[rosmaster.master][INFO] 2017-10-10 18:43:31,933: +PUB [/image_marked/compressed] /view http://ubuntu:43566/
[rosmaster.master][INFO] 2017-10-10 18:43:31,934: +SERVICE [/image_marked/compressed/set_parameters] /view http://ubuntu:43566/
[rosmaster.master][INFO] 2017-10-10 18:43:31,935: +PUB [/input_image/compressed] /camera http://ubuntu:35868/
[rosmaster.master][INFO] 2017-10-10 18:43:31,936: +PUB [/image_marked/compressed/parameter_descriptions] /view http://ubuntu:43566/
[rosmaster.master][INFO] 2017-10-10 18:43:31,936: +PUB [/image_marked/compressed/parameter_updates] /view http://ubuntu:43566/
[rosmaster.master][INFO] 2017-10-10 18:43:31,937: +SERVICE [/input_image/compressed/set_parameters] /camera http://ubuntu:35868/
[rosmaster.master][INFO] 2017-10-10 18:43:31,938: +PUB [/input_image/compressed/parameter_descriptions] /camera http://ubuntu:35868/
[rosmaster.master][INFO] 2017-10-10 18:43:31,946: +PUB [/input_image/compressed/parameter_updates] /camera http://ubuntu:35868/
[rosmaster.master][INFO] 2017-10-10 18:43:31,950: +PARAM [/image_marked/compressed/format] by /view
[rosmaster.master][INFO] 2017-10-10 18:43:31,954: +PARAM [/image_marked/compressed/jpeg_quality] by /view
[rosmaster.master][INFO] 2017-10-10 18:43:31,959: +PARAM [/image_marked/compressed/png_level] by /view
[rosmaster.master][INFO] 2017-10-10 18:43:31,960: +PARAM [/input_image/compressed/format] by /camera
[rosmaster.master][INFO] 2017-10-10 18:43:31,961: +PARAM [/image_marked/compressed/format] by /view
[rosmaster.master][INFO] 2017-10-10 18:43:31,964: +PARAM [/input_image/compressed/jpeg_quality] by /camera
[rosmaster.master][INFO] 2017-10-10 18:43:31,966: +PARAM [/image_marked/compressed/jpeg_quality] by /view
[rosmaster.master][INFO] 2017-10-10 18:43:31,967: +PARAM [/input_image/compressed/png_level] by /camera
[rosmaster.master][INFO] 2017-10-10 18:43:31,972: +PARAM [/image_marked/compressed/png_level] by /view
[rosmaster.master][INFO] 2017-10-10 18:43:31,976: +PARAM [/input_image/compressed/format] by /camera
[rosmaster.master][INFO] 2017-10-10 18:43:31,978: +PARAM [/input_image/compressed/jpeg_quality] by /camera
[rosmaster.master][INFO] 2017-10-10 18:43:31,990: +PARAM [/input_image/compressed/png_level] by /camera
[rosmaster.master][INFO] 2017-10-10 18:43:32,011: +PUB [/image] /mask_orange http://ubuntu:40770/
[rosmaster.master][INFO] 2017-10-10 18:43:32,039: publisherUpdate[/image] -> http://ubuntu:33663/ ['http://ubuntu:40770/']
[rosmaster.master][INFO] 2017-10-10 18:43:32,040: publisherUpdate[/image] -> http://ubuntu:33663/ ['http://ubuntu:40770/']: sec=0.00, result=[1, '', 0]
[rosmaster.master][INFO] 2017-10-10 18:43:32,078: +PUB [/image_marked] /view http://ubuntu:43566/
[rosmaster.master][INFO] 2017-10-10 18:43:32,094: +PUB [/input_image] /camera http://ubuntu:35868/
[rosmaster.master][INFO] 2017-10-10 18:43:32,126: +PUB [/image/theora] /mask_orange http://ubuntu:40770/
[rosmaster.master][INFO] 2017-10-10 18:43:32,127: +SERVICE [/image/theora/set_parameters] /mask_orange http://ubuntu:40770/
[rosmaster.master][INFO] 2017-10-10 18:43:32,128: +PUB [/image/theora/parameter_descriptions] /mask_orange http://ubuntu:40770/
[rosmaster.master][INFO] 2017-10-10 18:43:32,131: +PUB [/image/theora/parameter_updates] /mask_orange http://ubuntu:40770/
[rosmaster.master][INFO] 2017-10-10 18:43:32,133: +PARAM [/image/theora/optimize_for] by /mask_orange
[rosmaster.master][INFO] 2017-10-10 18:43:32,134: +PARAM [/image/theora/target_bitrate] by /mask_orange
[rosmaster.master][INFO] 2017-10-10 18:43:32,140: publisherUpdate[/input_image] -> http://ubuntu:40770/ ['http://ubuntu:35868/']
[rosmaster.master][INFO] 2017-10-10 18:43:32,141: publisherUpdate[/input_image] -> http://ubuntu:40770/ ['http://ubuntu:35868/']: sec=0.00, result=[1, '', 0]
[rosmaster.master][INFO] 2017-10-10 18:43:32,142: +PARAM [/image/theora/quality] by /mask_orange
[rosmaster.master][INFO] 2017-10-10 18:43:32,146: +PARAM [/image/theora/keyframe_frequency] by /mask_orange
[rosmaster.master][INFO] 2017-10-10 18:43:32,150: +PARAM [/image/theora/optimize_for] by /mask_orange
[rosmaster.master][INFO] 2017-10-10 18:43:32,150: +PARAM [/image/theora/target_bitrate] by /mask_orange
[rosmaster.master][INFO] 2017-10-10 18:43:32,155: +PARAM [/image/theora/quality] by /mask_orange
[rosmaster.master][INFO] 2017-10-10 18:43:32,159: +PARAM [/image/theora/keyframe_frequency] by /mask_orange
[rosmaster.master][INFO] 2017-10-10 18:43:32,160: +SERVICE [/mask_orange/set_parameters] /mask_orange http://ubuntu:40770/
[rosmaster.master][INFO] 2017-10-10 18:43:32,163: +PUB [/mask_orange/parameter_descriptions] /mask_orange http://ubuntu:40770/
[rosmaster.master][INFO] 2017-10-10 18:43:32,163: +PUB [/mask_orange/parameter_updates] /mask_orange http://ubuntu:40770/
[rosmaster.master][INFO] 2017-10-10 18:43:32,183: +PARAM [/mask_orange/center_h] by /mask_orange
[rosmaster.master][INFO] 2017-10-10 18:43:32,190: +PARAM [/mask_orange/center_s] by /mask_orange
[rosmaster.master][INFO] 2017-10-10 18:43:32,191: +PARAM [/mask_orange/center_v] by /mask_orange
[rosmaster.master][INFO] 2017-10-10 18:43:32,192: +PARAM [/mask_orange/range_h] by /mask_orange
[rosmaster.master][INFO] 2017-10-10 18:43:32,193: +PARAM [/mask_orange/range_s] by /mask_orange
[rosmaster.master][INFO] 2017-10-10 18:43:32,197: +PARAM [/mask_orange/range_v] by /mask_orange
[rosmaster.master][INFO] 2017-10-10 18:43:32,198: +PARAM [/mask_orange/center_h] by /mask_orange
[rosmaster.master][INFO] 2017-10-10 18:43:32,199: +PUB [/image_marked/theora] /view http://ubuntu:43566/
[rosmaster.master][INFO] 2017-10-10 18:43:32,200: +PARAM [/mask_orange/center_s] by /mask_orange
[rosmaster.master][INFO] 2017-10-10 18:43:32,205: +SERVICE [/image_marked/theora/set_parameters] /view http://ubuntu:43566/
[rosmaster.master][INFO] 2017-10-10 18:43:32,205: +PUB [/input_image/theora] /camera http://ubuntu:35868/
[rosmaster.master][INFO] 2017-10-10 18:43:32,206: +PARAM [/mask_orange/center_v] by /mask_orange
[rosmaster.master][INFO] 2017-10-10 18:43:32,211: +PUB [/image_marked/theora/parameter_descriptions] /view http://ubuntu:43566/
[rosmaster.master][INFO] 2017-10-10 18:43:32,212: +SERVICE [/input_image/theora/set_parameters] /camera http://ubuntu:35868/
[rosmaster.master][INFO] 2017-10-10 18:43:32,212: +PARAM [/mask_orange/range_h] by /mask_orange
[rosmaster.master][INFO] 2017-10-10 18:43:32,213: +PUB [/image_marked/theora/parameter_updates] /view http://ubuntu:43566/
[rosmaster.master][INFO] 2017-10-10 18:43:32,214: +PUB [/input_image/theora/parameter_descriptions] /camera http://ubuntu:35868/
[rosmaster.master][INFO] 2017-10-10 18:43:32,215: +PARAM [/mask_orange/range_s] by /mask_orange
[rosmaster.master][INFO] 2017-10-10 18:43:32,219: +PUB [/input_image/theora/parameter_updates] /camera http://ubuntu:35868/
[rosmaster.master][INFO] 2017-10-10 18:43:32,220: +PARAM [/mask_orange/range_v] by /mask_orange
[rosmaster.master][INFO] 2017-10-10 18:43:32,227: +PARAM [/image_marked/theora/optimize_for] by /view
[rosmaster.master][INFO] 2017-10-10 18:43:32,228: +PARAM [/image_marked/theora/target_bitrate] by /view
[rosmaster.master][INFO] 2017-10-10 18:43:32,230: +PARAM [/input_image/theora/optimize_for] by /camera
[rosmaster.master][INFO] 2017-10-10 18:43:32,234: +PARAM [/image_marked/theora/quality] by /view
[rosmaster.master][INFO] 2017-10-10 18:43:32,235: +PARAM [/input_image/theora/target_bitrate] by /camera
[rosmaster.master][INFO] 2017-10-10 18:43:32,235: +PARAM [/image_marked/theora/keyframe_frequency] by /view
[rosmaster.master][INFO] 2017-10-10 18:43:32,236: +PARAM [/input_image/theora/quality] by /camera
[rosmaster.master][INFO] 2017-10-10 18:43:32,237: +PARAM [/image_marked/theora/optimize_for] by /view
[rosmaster.master][INFO] 2017-10-10 18:43:32,238: +PARAM [/input_image/theora/keyframe_frequency] by /camera
[rosmaster.master][INFO] 2017-10-10 18:43:32,243: +PARAM [/image_marked/theora/target_bitrate] by /view
[rosmaster.master][INFO] 2017-10-10 18:43:32,244: +PARAM [/input_image/theora/optimize_for] by /camera
[rosmaster.master][INFO] 2017-10-10 18:43:32,244: +PARAM [/image_marked/theora/quality] by /view
[rosmaster.master][INFO] 2017-10-10 18:43:32,245: +PARAM [/input_image/theora/target_bitrate] by /camera
[rosmaster.master][INFO] 2017-10-10 18:43:32,246: +PARAM [/image_marked/theora/keyframe_frequency] by /view
[rosmaster.master][INFO] 2017-10-10 18:43:32,254: +PARAM [/input_image/theora/quality] by /camera
[rosmaster.master][INFO] 2017-10-10 18:43:32,258: +PARAM [/input_image/theora/keyframe_frequency] by /camera
[rosmaster.master][INFO] 2017-10-10 18:43:32,259: +PUB [/camera_info] /camera http://ubuntu:35868/
[rosmaster.master][INFO] 2017-10-10 18:43:32,315: +PUB [/image/marked/compressedDepth] /view http://ubuntu:43566/
[rosmaster.master][INFO] 2017-10-10 18:43:32,316: +SERVICE [/image/marked/compressedDepth/set_parameters] /view http://ubuntu:43566/
[rosmaster.master][INFO] 2017-10-10 18:43:32,316: +PUB [/image/marked/compressedDepth/parameter_descriptions] /view http://ubuntu:43566/
[rosmaster.master][INFO] 2017-10-10 18:43:32,317: +PUB [/image/marked/compressedDepth/parameter_updates] /view http://ubuntu:43566/
[rosmaster.master][INFO] 2017-10-10 18:43:32,319: +PARAM [/image/marked/compressedDepth/depth_max] by /view
[rosmaster.master][INFO] 2017-10-10 18:43:32,320: +PARAM [/image/marked/compressedDepth/depth_quantization] by /view
[rosmaster.master][INFO] 2017-10-10 18:43:32,321: +PARAM [/image/marked/compressedDepth/png_level] by /view
[rosmaster.master][INFO] 2017-10-10 18:43:32,321: +PARAM [/image/marked/compressedDepth/depth_max] by /view
[rosmaster.master][INFO] 2017-10-10 18:43:32,326: +PARAM [/image/marked/compressedDepth/depth_quantization] by /view
[rosmaster.master][INFO] 2017-10-10 18:43:32,735: +PARAM [/image/marked/compressedDepth/png_level] by /view
[rosmaster.master][INFO] 2017-10-10 18:43:32,792: +PUB [/image/marked/compressed] /view http://ubuntu:43566/
[rosmaster.master][INFO] 2017-10-10 18:43:32,793: +SERVICE [/image/marked/compressed/set_parameters] /view http://ubuntu:43566/
[rosmaster.master][INFO] 2017-10-10 18:43:32,798: +PUB [/image/marked/compressed/parameter_descriptions] /view http://ubuntu:43566/
[rosmaster.master][INFO] 2017-10-10 18:43:32,798: +PUB [/image/marked/compressed/parameter_updates] /view http://ubuntu:43566/
[rosmaster.master][INFO] 2017-10-10 18:43:32,801: +PARAM [/image/marked/compressed/format] by /view
[rosmaster.master][INFO] 2017-10-10 18:43:32,801: +PARAM [/image/marked/compressed/jpeg_quality] by /view
[rosmaster.master][INFO] 2017-10-10 18:43:32,802: +PARAM [/image/marked/compressed/png_level] by /view
[rosmaster.master][INFO] 2017-10-10 18:43:32,803: +PARAM [/image/marked/compressed/format] by /view
[rosmaster.master][INFO] 2017-10-10 18:43:32,803: +PARAM [/image/marked/compressed/jpeg_quality] by /view
[rosmaster.master][INFO] 2017-10-10 18:43:32,806: +PARAM [/image/marked/compressed/png_level] by /view
[rosmaster.master][INFO] 2017-10-10 18:43:32,856: +PUB [/image/marked] /view http://ubuntu:43566/
[rosmaster.master][INFO] 2017-10-10 18:43:32,958: +PUB [/image/marked/theora] /view http://ubuntu:43566/
[rosmaster.master][INFO] 2017-10-10 18:43:32,959: +SERVICE [/image/marked/theora/set_parameters] /view http://ubuntu:43566/
[rosmaster.master][INFO] 2017-10-10 18:43:32,960: +PUB [/image/marked/theora/parameter_descriptions] /view http://ubuntu:43566/
[rosmaster.master][INFO] 2017-10-10 18:43:32,962: +PUB [/image/marked/theora/parameter_updates] /view http://ubuntu:43566/
[rosmaster.master][INFO] 2017-10-10 18:43:32,969: +PARAM [/image/marked/theora/optimize_for] by /view
[rosmaster.master][INFO] 2017-10-10 18:43:32,974: +PARAM [/image/marked/theora/target_bitrate] by /view
[rosmaster.master][INFO] 2017-10-10 18:43:32,975: +PARAM [/image/marked/theora/quality] by /view
[rosmaster.master][INFO] 2017-10-10 18:43:32,978: +PARAM [/image/marked/theora/keyframe_frequency] by /view
[rosmaster.master][INFO] 2017-10-10 18:43:32,979: +PARAM [/image/marked/theora/optimize_for] by /view
[rosmaster.master][INFO] 2017-10-10 18:43:32,980: +PARAM [/image/marked/theora/target_bitrate] by /view
[rosmaster.master][INFO] 2017-10-10 18:43:32,981: +PARAM [/image/marked/theora/quality] by /view
[rosmaster.master][INFO] 2017-10-10 18:43:32,981: +PARAM [/image/marked/theora/keyframe_frequency] by /view
[rosmaster.master][INFO] 2017-10-10 18:43:33,073: +SUB [/image] /view http://ubuntu:43566/
[rosmaster.master][INFO] 2017-10-10 18:43:33,080: +SUB [/camera_info] /view http://ubuntu:43566/
[rosmaster.master][INFO] 2017-10-10 18:43:33,095: +SUB [/image_marker] /view http://ubuntu:43566/
[rosmaster.master][INFO] 2017-10-10 18:43:33,110: +SUB [/image/event] /view http://ubuntu:43566/
[rosmaster.master][INFO] 2017-10-10 18:43:33,110: +SERVICE [/view/change_mode] /view http://ubuntu:43566/
[rosmaster.master][INFO] 2017-10-10 18:43:33,111: +SERVICE [/view/rectangle_mode] /view http://ubuntu:43566/
[rosmaster.master][INFO] 2017-10-10 18:43:33,115: +SERVICE [/view/grabcut_mode] /view http://ubuntu:43566/
[rosmaster.master][INFO] 2017-10-10 18:43:33,115: +SERVICE [/view/grabcut_rect_mode] /view http://ubuntu:43566/
[rosmaster.master][INFO] 2017-10-10 18:43:33,119: +SERVICE [/view/line_mode] /view http://ubuntu:43566/
[rosmaster.master][INFO] 2017-10-10 18:43:33,120: +SERVICE [/view/poly_mode] /view http://ubuntu:43566/
[rosmaster.master][INFO] 2017-10-10 18:43:33,122: +SERVICE [/view/none_mode] /view http://ubuntu:43566/
[rosmaster.master][INFO] 2017-10-10 18:43:33,122: +SERVICE [/view/set_parameters] /view http://ubuntu:43566/
[rosmaster.master][INFO] 2017-10-10 18:43:33,131: +PUB [/view/parameter_descriptions] /view http://ubuntu:43566/
[rosmaster.master][INFO] 2017-10-10 18:43:33,132: +PUB [/view/parameter_updates] /view http://ubuntu:43566/
[rosmaster.master][INFO] 2017-10-10 18:43:33,153: +PARAM [/view/grid] by /view
[rosmaster.master][INFO] 2017-10-10 18:43:33,158: +PARAM [/view/fisheye_mode] by /view
[rosmaster.master][INFO] 2017-10-10 18:43:33,159: +PARAM [/view/div_u] by /view
[rosmaster.master][INFO] 2017-10-10 18:43:33,162: +PARAM [/view/div_v] by /view
[rosmaster.master][INFO] 2017-10-10 18:43:33,162: +PARAM [/view/grid_red] by /view
[rosmaster.master][INFO] 2017-10-10 18:43:33,163: +PARAM [/view/grid_green] by /view
[rosmaster.master][INFO] 2017-10-10 18:43:33,164: +PARAM [/view/grid_blue] by /view
[rosmaster.master][INFO] 2017-10-10 18:43:33,166: +PARAM [/view/grid_thickness] by /view
[rosmaster.master][INFO] 2017-10-10 18:43:33,170: +PARAM [/view/grid_space] by /view
[rosmaster.master][INFO] 2017-10-10 18:43:33,174: +PARAM [/view/grid] by /view
[rosmaster.master][INFO] 2017-10-10 18:43:33,174: +PARAM [/view/fisheye_mode] by /view
[rosmaster.master][INFO] 2017-10-10 18:43:33,175: +PARAM [/view/div_u] by /view
[rosmaster.master][INFO] 2017-10-10 18:43:33,176: +PARAM [/view/div_v] by /view
[rosmaster.master][INFO] 2017-10-10 18:43:33,178: +PARAM [/view/grid_red] by /view
[rosmaster.master][INFO] 2017-10-10 18:43:33,182: +PARAM [/view/grid_green] by /view
[rosmaster.master][INFO] 2017-10-10 18:43:33,186: +PARAM [/view/grid_blue] by /view
[rosmaster.master][INFO] 2017-10-10 18:43:33,187: +PARAM [/view/grid_thickness] by /view
[rosmaster.master][INFO] 2017-10-10 18:43:33,187: +PARAM [/view/grid_space] by /view
[rosmaster.master][INFO] 2017-10-10 18:43:34,999: +PUB [/rosout] /threshold_sender http://ubuntu:35044/
[rosmaster.master][INFO] 2017-10-10 18:43:35,009: +SERVICE [/threshold_sender/get_loggers] /threshold_sender http://ubuntu:35044/
[rosmaster.master][INFO] 2017-10-10 18:43:35,010: +SERVICE [/threshold_sender/set_logger_level] /threshold_sender http://ubuntu:35044/
[rosmaster.master][INFO] 2017-10-10 18:43:35,042: publisherUpdate[/rosout] -> http://ubuntu:42375/ ['http://ubuntu:40770/', 'http://ubuntu:33663/', 'http://ubuntu:35868/', 'http://ubuntu:43566/', 'http://ubuntu:35044/']
[rosmaster.master][INFO] 2017-10-10 18:43:35,044: publisherUpdate[/rosout] -> http://ubuntu:42375/ ['http://ubuntu:40770/', 'http://ubuntu:33663/', 'http://ubuntu:35868/', 'http://ubuntu:43566/', 'http://ubuntu:35044/']: sec=0.00, result=[1, '', 0]
[rosmaster.master][INFO] 2017-10-10 18:43:35,147: +SUB [/image/compressed/parameter_descriptions] /threshold_sender http://ubuntu:35044/
[rosmaster.master][INFO] 2017-10-10 18:43:35,157: +SUB [/image/compressed/parameter_updates] /threshold_sender http://ubuntu:35044/
[rosmaster.master][INFO] 2017-10-10 18:43:35,160: +SUB [/image/compressedDepth/parameter_descriptions] /threshold_sender http://ubuntu:35044/
[rosmaster.master][INFO] 2017-10-10 18:43:35,176: +SUB [/image/compressedDepth/parameter_updates] /threshold_sender http://ubuntu:35044/
[rosmaster.master][INFO] 2017-10-10 18:43:35,187: +SUB [/image/marked/compressed/parameter_descriptions] /threshold_sender http://ubuntu:35044/
[rosmaster.master][INFO] 2017-10-10 18:43:35,198: +SUB [/image/marked/compressed/parameter_updates] /threshold_sender http://ubuntu:35044/
[rosmaster.master][INFO] 2017-10-10 18:43:35,209: +SUB [/image/marked/compressedDepth/parameter_descriptions] /threshold_sender http://ubuntu:35044/
[rosmaster.master][INFO] 2017-10-10 18:43:35,220: +SUB [/image/marked/theora/parameter_descriptions] /threshold_sender http://ubuntu:35044/
[rosmaster.master][INFO] 2017-10-10 18:43:35,234: +SUB [/image/marked/theora/parameter_updates] /threshold_sender http://ubuntu:35044/
[rosmaster.master][INFO] 2017-10-10 18:43:35,238: +SUB [/image/marked/compressedDepth/parameter_updates] /threshold_sender http://ubuntu:35044/
[rosmaster.master][INFO] 2017-10-10 18:43:35,242: +SUB [/image/theora/parameter_descriptions] /threshold_sender http://ubuntu:35044/
[rosmaster.master][INFO] 2017-10-10 18:43:35,262: +SUB [/image/theora/parameter_updates] /threshold_sender http://ubuntu:35044/
[rosmaster.master][INFO] 2017-10-10 18:43:35,275: +SUB [/image_marked/compressedDepth/parameter_descriptions] /threshold_sender http://ubuntu:35044/
[rosmaster.master][INFO] 2017-10-10 18:43:35,301: +SUB [/image_marked/compressedDepth/parameter_updates] /threshold_sender http://ubuntu:35044/
[rosmaster.master][INFO] 2017-10-10 18:43:35,303: +SUB [/image_marked/compressed/parameter_descriptions] /threshold_sender http://ubuntu:35044/
[rosmaster.master][INFO] 2017-10-10 18:43:35,320: +SUB [/image_marked/compressed/parameter_updates] /threshold_sender http://ubuntu:35044/
[rosmaster.master][INFO] 2017-10-10 18:43:35,328: +SUB [/input_image/compressed/parameter_descriptions] /threshold_sender http://ubuntu:35044/
[rosmaster.master][INFO] 2017-10-10 18:43:35,359: +SUB [/input_image/compressedDepth/parameter_descriptions] /threshold_sender http://ubuntu:35044/
[rosmaster.master][INFO] 2017-10-10 18:43:35,372: +SUB [/image_marked/theora/parameter_descriptions] /threshold_sender http://ubuntu:35044/
[rosmaster.master][INFO] 2017-10-10 18:43:35,396: +SUB [/image_marked/theora/parameter_updates] /threshold_sender http://ubuntu:35044/
[rosmaster.master][INFO] 2017-10-10 18:43:35,416: +SUB [/mask_orange/parameter_descriptions] /threshold_sender http://ubuntu:35044/
[rosmaster.master][INFO] 2017-10-10 18:43:35,426: +SUB [/input_image/theora/parameter_descriptions] /threshold_sender http://ubuntu:35044/
[rosmaster.master][INFO] 2017-10-10 18:43:35,436: +SUB [/input_image/theora/parameter_updates] /threshold_sender http://ubuntu:35044/
[rosmaster.master][INFO] 2017-10-10 18:43:35,461: +SUB [/view/parameter_descriptions] /threshold_sender http://ubuntu:35044/
[rosmaster.master][INFO] 2017-10-10 18:43:35,471: +SUB [/input_image/compressedDepth/parameter_updates] /threshold_sender http://ubuntu:35044/
[rosmaster.master][INFO] 2017-10-10 18:43:35,483: +SUB [/input_image/compressed/parameter_updates] /threshold_sender http://ubuntu:35044/
[rosmaster.master][INFO] 2017-10-10 18:43:35,516: +SUB [/orange_col_sender/parameter_descriptions] /threshold_sender http://ubuntu:35044/
[rosmaster.master][INFO] 2017-10-10 18:43:35,526: +SUB [/mask_orange/parameter_updates] /threshold_sender http://ubuntu:35044/
[rosmaster.master][INFO] 2017-10-10 18:43:35,554: +SUB [/view/parameter_updates] /threshold_sender http://ubuntu:35044/
[rosmaster.master][INFO] 2017-10-10 18:43:35,557: +SUB [/orange_col_sender/parameter_updates] /threshold_sender http://ubuntu:35044/
[rosmaster.master][INFO] 2017-10-10 18:43:47,788: +PARAM [/mask_orange/center_h] by /mask_orange
[rosmaster.master][INFO] 2017-10-10 18:43:47,789: +PARAM [/mask_orange/center_s] by /mask_orange
[rosmaster.master][INFO] 2017-10-10 18:43:47,790: +PARAM [/mask_orange/center_v] by /mask_orange
[rosmaster.master][INFO] 2017-10-10 18:43:47,791: +PARAM [/mask_orange/range_h] by /mask_orange
[rosmaster.master][INFO] 2017-10-10 18:43:47,792: +PARAM [/mask_orange/range_s] by /mask_orange
[rosmaster.master][INFO] 2017-10-10 18:43:47,792: +PARAM [/mask_orange/range_v] by /mask_orange
[rosmaster.master][INFO] 2017-10-10 18:43:56,791: +PARAM [/mask_orange/center_h] by /mask_orange
[rosmaster.master][INFO] 2017-10-10 18:43:56,792: +PARAM [/mask_orange/center_s] by /mask_orange
[rosmaster.master][INFO] 2017-10-10 18:43:56,797: +PARAM [/mask_orange/center_v] by /mask_orange
[rosmaster.master][INFO] 2017-10-10 18:43:56,801: +PARAM [/mask_orange/range_h] by /mask_orange
[rosmaster.master][INFO] 2017-10-10 18:43:56,808: +PARAM [/mask_orange/range_s] by /mask_orange
[rosmaster.master][INFO] 2017-10-10 18:43:56,810: +PARAM [/mask_orange/range_v] by /mask_orange
[rosmaster.master][INFO] 2017-10-10 18:43:58,517: +PARAM [/mask_orange/center_h] by /mask_orange
[rosmaster.master][INFO] 2017-10-10 18:43:58,523: +PARAM [/mask_orange/center_s] by /mask_orange
[rosmaster.master][INFO] 2017-10-10 18:43:58,527: +PARAM [/mask_orange/center_v] by /mask_orange
[rosmaster.master][INFO] 2017-10-10 18:43:58,532: +PARAM [/mask_orange/range_h] by /mask_orange
[rosmaster.master][INFO] 2017-10-10 18:43:58,537: +PARAM [/mask_orange/range_s] by /mask_orange
[rosmaster.master][INFO] 2017-10-10 18:43:58,537: +PARAM [/mask_orange/range_v] by /mask_orange
[rosmaster.master][INFO] 2017-10-10 18:44:00,475: +PARAM [/mask_orange/center_h] by /mask_orange
[rosmaster.master][INFO] 2017-10-10 18:44:00,477: +PARAM [/mask_orange/center_s] by /mask_orange
[rosmaster.master][INFO] 2017-10-10 18:44:00,486: +PARAM [/mask_orange/center_v] by /mask_orange
[rosmaster.master][INFO] 2017-10-10 18:44:00,493: +PARAM [/mask_orange/range_h] by /mask_orange
[rosmaster.master][INFO] 2017-10-10 18:44:00,498: +PARAM [/mask_orange/range_s] by /mask_orange
[rosmaster.master][INFO] 2017-10-10 18:44:00,503: +PARAM [/mask_orange/range_v] by /mask_orange
[rosmaster.master][INFO] 2017-10-10 18:44:07,924: +PARAM [/mask_orange/center_h] by /mask_orange
[rosmaster.master][INFO] 2017-10-10 18:44:07,925: +PARAM [/mask_orange/center_s] by /mask_orange
[rosmaster.master][INFO] 2017-10-10 18:44:07,933: +PARAM [/mask_orange/center_v] by /mask_orange
[rosmaster.master][INFO] 2017-10-10 18:44:07,935: +PARAM [/mask_orange/range_h] by /mask_orange
[rosmaster.master][INFO] 2017-10-10 18:44:07,936: +PARAM [/mask_orange/range_s] by /mask_orange
[rosmaster.master][INFO] 2017-10-10 18:44:07,942: +PARAM [/mask_orange/range_v] by /mask_orange
[rosmaster.master][INFO] 2017-10-10 18:44:13,782: +PARAM [/mask_orange/center_h] by /mask_orange
[rosmaster.master][INFO] 2017-10-10 18:44:13,783: +PARAM [/mask_orange/center_s] by /mask_orange
[rosmaster.master][INFO] 2017-10-10 18:44:13,784: +PARAM [/mask_orange/center_v] by /mask_orange
[rosmaster.master][INFO] 2017-10-10 18:44:13,785: +PARAM [/mask_orange/range_h] by /mask_orange
[rosmaster.master][INFO] 2017-10-10 18:44:13,786: +PARAM [/mask_orange/range_s] by /mask_orange
[rosmaster.master][INFO] 2017-10-10 18:44:13,789: +PARAM [/mask_orange/range_v] by /mask_orange
[rosmaster.master][INFO] 2017-10-10 18:45:37,660: +PUB [/rosout] /rqt_gui_py_node_9685 http://ubuntu:33944/
[rosmaster.master][INFO] 2017-10-10 18:45:37,663: +SERVICE [/rqt_gui_py_node_9685/get_loggers] /rqt_gui_py_node_9685 http://ubuntu:33944/
[rosmaster.master][INFO] 2017-10-10 18:45:37,665: publisherUpdate[/rosout] -> http://ubuntu:42375/ ['http://ubuntu:40770/', 'http://ubuntu:33663/', 'http://ubuntu:35868/', 'http://ubuntu:43566/', 'http://ubuntu:35044/', 'http://ubuntu:33944/']
[rosmaster.master][INFO] 2017-10-10 18:45:37,665: publisherUpdate[/rosout] -> http://ubuntu:42375/ ['http://ubuntu:40770/', 'http://ubuntu:33663/', 'http://ubuntu:35868/', 'http://ubuntu:43566/', 'http://ubuntu:35044/', 'http://ubuntu:33944/']: sec=0.00, result=[1, '', 0]
[rosmaster.master][INFO] 2017-10-10 18:45:37,666: +SERVICE [/rqt_gui_py_node_9685/set_logger_level] /rqt_gui_py_node_9685 http://ubuntu:33944/
[rosmaster.master][INFO] 2017-10-10 18:45:37,804: +SUB [/statistics] /rqt_gui_py_node_9685 http://ubuntu:33944/
[rosmaster.master][INFO] 2017-10-10 18:46:00,153: -SUB [/statistics] /rqt_gui_py_node_9685 http://ubuntu:33944/
[rosmaster.master][INFO] 2017-10-10 18:46:00,153: -PUB [/rosout] /rqt_gui_py_node_9685 http://ubuntu:33944/
[rosmaster.master][INFO] 2017-10-10 18:46:00,154: -SERVICE [/rqt_gui_py_node_9685/set_logger_level] /rqt_gui_py_node_9685 rosrpc://ubuntu:36695
[rosmaster.master][INFO] 2017-10-10 18:46:00,154: -SERVICE [/rqt_gui_py_node_9685/get_loggers] /rqt_gui_py_node_9685 rosrpc://ubuntu:36695
[rosmaster.master][INFO] 2017-10-10 18:46:00,198: publisherUpdate[/rosout] -> http://ubuntu:42375/ ['http://ubuntu:40770/', 'http://ubuntu:33663/', 'http://ubuntu:35868/', 'http://ubuntu:43566/', 'http://ubuntu:35044/']
[rosmaster.master][INFO] 2017-10-10 18:46:00,199: publisherUpdate[/rosout] -> http://ubuntu:42375/ ['http://ubuntu:40770/', 'http://ubuntu:33663/', 'http://ubuntu:35868/', 'http://ubuntu:43566/', 'http://ubuntu:35044/']: sec=0.00, result=[1, '', 0]
[rosmaster.master][INFO] 2017-10-10 18:46:19,866: +PUB [/rosout] /rostopic_9755_1507628779651 http://ubuntu:40481/
[rosmaster.master][INFO] 2017-10-10 18:46:19,870: +SERVICE [/rostopic_9755_1507628779651/get_loggers] /rostopic_9755_1507628779651 http://ubuntu:40481/
[rosmaster.master][INFO] 2017-10-10 18:46:19,874: +SERVICE [/rostopic_9755_1507628779651/set_logger_level] /rostopic_9755_1507628779651 http://ubuntu:40481/
[rosmaster.master][INFO] 2017-10-10 18:46:19,902: +SUB [/orange_col] /rostopic_9755_1507628779651 http://ubuntu:40481/
[rosmaster.master][INFO] 2017-10-10 18:46:19,949: publisherUpdate[/rosout] -> http://ubuntu:42375/ ['http://ubuntu:40770/', 'http://ubuntu:33663/', 'http://ubuntu:35868/', 'http://ubuntu:43566/', 'http://ubuntu:35044/', 'http://ubuntu:40481/']
[rosmaster.master][INFO] 2017-10-10 18:46:19,953: publisherUpdate[/rosout] -> http://ubuntu:42375/ ['http://ubuntu:40770/', 'http://ubuntu:33663/', 'http://ubuntu:35868/', 'http://ubuntu:43566/', 'http://ubuntu:35044/', 'http://ubuntu:40481/']: sec=0.00, result=[1, '', 0]
[rosmaster.master][INFO] 2017-10-10 18:47:20,203: -SUB [/orange_col] /rostopic_9755_1507628779651 http://ubuntu:40481/
[rosmaster.master][INFO] 2017-10-10 18:47:20,203: -PUB [/rosout] /rostopic_9755_1507628779651 http://ubuntu:40481/
[rosmaster.master][INFO] 2017-10-10 18:47:20,203: -SERVICE [/rostopic_9755_1507628779651/set_logger_level] /rostopic_9755_1507628779651 rosrpc://ubuntu:44747
[rosmaster.master][INFO] 2017-10-10 18:47:20,203: -SERVICE [/rostopic_9755_1507628779651/get_loggers] /rostopic_9755_1507628779651 rosrpc://ubuntu:44747
[rosmaster.master][INFO] 2017-10-10 18:47:20,254: publisherUpdate[/rosout] -> http://ubuntu:42375/ ['http://ubuntu:40770/', 'http://ubuntu:33663/', 'http://ubuntu:35868/', 'http://ubuntu:43566/', 'http://ubuntu:35044/']
[rosmaster.master][INFO] 2017-10-10 18:47:20,255: publisherUpdate[/rosout] -> http://ubuntu:42375/ ['http://ubuntu:40770/', 'http://ubuntu:33663/', 'http://ubuntu:35868/', 'http://ubuntu:43566/', 'http://ubuntu:35044/']: sec=0.00, result=[1, '', 0]
[rosmaster.master][INFO] 2017-10-10 18:47:30,086: -PUB [/rosout] /view http://ubuntu:43566/
[rosmaster.master][INFO] 2017-10-10 18:47:30,087: -PUB [/image/screenpoint] /view http://ubuntu:43566/
[rosmaster.master][INFO] 2017-10-10 18:47:30,088: -PUB [/image/screenpoint_array] /view http://ubuntu:43566/
[rosmaster.master][INFO] 2017-10-10 18:47:30,089: -PUB [/image/screenrectangle] /view http://ubuntu:43566/
[rosmaster.master][INFO] 2017-10-10 18:47:30,089: -PUB [/image/screenrectangle_image] /view http://ubuntu:43566/
[rosmaster.master][INFO] 2017-10-10 18:47:30,090: -PUB [/image/movepoint] /view http://ubuntu:43566/
[rosmaster.master][INFO] 2017-10-10 18:47:30,096: -PUB [/image/foreground] /view http://ubuntu:43566/
[rosmaster.master][INFO] 2017-10-10 18:47:30,098: -PUB [/image/background] /view http://ubuntu:43566/
[rosmaster.master][INFO] 2017-10-10 18:47:30,102: -PUB [/image/foreground_rect] /view http://ubuntu:43566/
[rosmaster.master][INFO] 2017-10-10 18:47:30,106: -PUB [/image/background_rect] /view http://ubuntu:43566/
[rosmaster.master][INFO] 2017-10-10 18:47:30,114: -PUB [/image/line] /view http://ubuntu:43566/
[rosmaster.master][INFO] 2017-10-10 18:47:30,116: -PUB [/rosout] /camera http://ubuntu:35868/
[rosmaster.master][INFO] 2017-10-10 18:47:30,118: -PUB [/input_image/compressedDepth] /camera http://ubuntu:35868/
[rosmaster.master][INFO] 2017-10-10 18:47:30,121: -PUB [/rosout] /mask_orange http://ubuntu:40770/
[rosmaster.master][INFO] 2017-10-10 18:47:30,126: -PUB [/image/poly] /view http://ubuntu:43566/
[rosmaster.master][INFO] 2017-10-10 18:47:30,127: -PUB [/input_image/compressedDepth/parameter_descriptions] /camera http://ubuntu:35868/
[rosmaster.master][INFO] 2017-10-10 18:47:30,131: publisherUpdate[/rosout] -> http://ubuntu:42375/ ['http://ubuntu:40770/', 'http://ubuntu:33663/', 'http://ubuntu:35868/', 'http://ubuntu:35044/']
[rosmaster.master][INFO] 2017-10-10 18:47:30,132: publisherUpdate[/input_image/compressedDepth/parameter_descriptions] -> http://ubuntu:35044/ []
[rosmaster.master][INFO] 2017-10-10 18:47:30,136: publisherUpdate[/rosout] -> http://ubuntu:42375/ ['http://ubuntu:40770/', 'http://ubuntu:33663/', 'http://ubuntu:35868/', 'http://ubuntu:35044/']: sec=0.00, result=[1, '', 0]
[rosmaster.master][INFO] 2017-10-10 18:47:30,136: publisherUpdate[/rosout] -> http://ubuntu:42375/ ['http://ubuntu:40770/', 'http://ubuntu:33663/', 'http://ubuntu:35044/']
[rosmaster.master][INFO] 2017-10-10 18:47:30,138: publisherUpdate[/input_image/compressedDepth/parameter_descriptions] -> http://ubuntu:35044/ []: sec=0.01, result=[1, '', 0]
[rosmaster.master][INFO] 2017-10-10 18:47:30,144: publisherUpdate[/rosout] -> http://ubuntu:42375/ ['http://ubuntu:40770/', 'http://ubuntu:33663/', 'http://ubuntu:35044/']: sec=0.01, result=[1, '', 0]
[rosmaster.master][INFO] 2017-10-10 18:47:30,144: publisherUpdate[/rosout] -> http://ubuntu:42375/ ['http://ubuntu:33663/', 'http://ubuntu:35044/']
[rosmaster.master][INFO] 2017-10-10 18:47:30,145: publisherUpdate[/rosout] -> http://ubuntu:42375/ ['http://ubuntu:33663/', 'http://ubuntu:35044/']: sec=0.00, result=[1, '', 0]
[rosmaster.master][INFO] 2017-10-10 18:47:30,146: -PUB [/image/compressedDepth] /mask_orange http://ubuntu:40770/
[rosmaster.master][INFO] 2017-10-10 18:47:30,147: -PUB [/image_marked/compressedDepth] /view http://ubuntu:43566/
[rosmaster.master][INFO] 2017-10-10 18:47:30,147: -PUB [/input_image/compressedDepth/parameter_updates] /camera http://ubuntu:35868/
[rosmaster.master][INFO] 2017-10-10 18:47:30,153: -PUB [/image_marked/compressedDepth/parameter_descriptions] /view http://ubuntu:43566/
[rosmaster.master][INFO] 2017-10-10 18:47:30,157: -PUB [/image/compressedDepth/parameter_descriptions] /mask_orange http://ubuntu:40770/
[rosmaster.master][INFO] 2017-10-10 18:47:30,158: -PUB [/input_image/compressed] /camera http://ubuntu:35868/
[rosmaster.master][INFO] 2017-10-10 18:47:30,161: -PUB [/image_marked/compressedDepth/parameter_updates] /view http://ubuntu:43566/
[rosmaster.master][INFO] 2017-10-10 18:47:30,168: -PUB [/image/compressedDepth/parameter_updates] /mask_orange http://ubuntu:40770/
[rosmaster.master][INFO] 2017-10-10 18:47:30,169: -PUB [/input_image/compressed/parameter_descriptions] /camera http://ubuntu:35868/
[rosmaster.master][INFO] 2017-10-10 18:47:30,172: -PUB [/image_marked/compressed] /view http://ubuntu:43566/
[rosmaster.master][INFO] 2017-10-10 18:47:30,172: -PUB [/input_image/compressed/parameter_updates] /camera http://ubuntu:35868/
[rosmaster.master][INFO] 2017-10-10 18:47:30,178: -PUB [/image/compressed] /mask_orange http://ubuntu:40770/
[rosmaster.master][INFO] 2017-10-10 18:47:30,178: -PUB [/input_image] /camera http://ubuntu:35868/
[rosmaster.master][INFO] 2017-10-10 18:47:30,185: -PUB [/image_marked/compressed/parameter_descriptions] /view http://ubuntu:43566/
[rosmaster.master][INFO] 2017-10-10 18:47:30,188: -PUB [/image/compressed/parameter_descriptions] /mask_orange http://ubuntu:40770/
[rosmaster.master][INFO] 2017-10-10 18:47:30,189: -PUB [/input_image/theora] /camera http://ubuntu:35868/
[rosmaster.master][INFO] 2017-10-10 18:47:30,190: -PUB [/rosout] /orange_col_sender http://ubuntu:33663/
[rosmaster.master][INFO] 2017-10-10 18:47:30,191: -PUB [/input_image/theora/parameter_descriptions] /camera http://ubuntu:35868/
[rosmaster.master][INFO] 2017-10-10 18:47:30,203: -PUB [/image_marked/compressed/parameter_updates] /view http://ubuntu:43566/
[rosmaster.master][INFO] 2017-10-10 18:47:30,206: -PUB [/orange_col] /orange_col_sender http://ubuntu:33663/
[rosmaster.master][INFO] 2017-10-10 18:47:30,206: -PUB [/image/compressed/parameter_updates] /mask_orange http://ubuntu:40770/
[rosmaster.master][INFO] 2017-10-10 18:47:30,213: -PUB [/input_image/theora/parameter_updates] /camera http://ubuntu:35868/
[rosmaster.master][INFO] 2017-10-10 18:47:30,214: -PUB [/image_marked] /view http://ubuntu:43566/
[rosmaster.master][INFO] 2017-10-10 18:47:30,215: -PUB [/orange_col_sender/parameter_descriptions] /orange_col_sender http://ubuntu:33663/
[rosmaster.master][INFO] 2017-10-10 18:47:30,222: -PUB [/image] /mask_orange http://ubuntu:40770/
[rosmaster.master][INFO] 2017-10-10 18:47:30,222: -PUB [/camera_info] /camera http://ubuntu:35868/
[rosmaster.master][INFO] 2017-10-10 18:47:30,230: -PUB [/image_marked/theora] /view http://ubuntu:43566/
[rosmaster.master][INFO] 2017-10-10 18:47:30,233: -PUB [/orange_col_sender/parameter_updates] /orange_col_sender http://ubuntu:33663/
[rosmaster.master][INFO] 2017-10-10 18:47:30,233: publisherUpdate[/input_image/compressedDepth/parameter_updates] -> http://ubuntu:35044/ []
[rosmaster.master][INFO] 2017-10-10 18:47:30,242: publisherUpdate[/input_image/compressedDepth/parameter_updates] -> http://ubuntu:35044/ []: sec=0.01, result=[1, '', 0]
[rosmaster.master][INFO] 2017-10-10 18:47:30,242: publisherUpdate[/image_marked/compressedDepth/parameter_descriptions] -> http://ubuntu:35044/ []
[rosmaster.master][INFO] 2017-10-10 18:47:30,245: publisherUpdate[/input_image] -> http://ubuntu:40770/ []
[rosmaster.master][INFO] 2017-10-10 18:47:30,245: publisherUpdate[/rosout] -> http://ubuntu:42375/ ['http://ubuntu:35044/']
[rosmaster.master][INFO] 2017-10-10 18:47:30,246: publisherUpdate[/rosout] -> http://ubuntu:42375/ ['http://ubuntu:35044/']: sec=0.00, result=[1, '', 0]
[rosmaster.master][INFO] 2017-10-10 18:47:30,246: publisherUpdate[/image] -> http://ubuntu:33663/ []
[rosmaster.master][INFO] 2017-10-10 18:47:30,246: publisherUpdate[/image_marked/compressedDepth/parameter_descriptions] -> http://ubuntu:35044/ []: sec=0.00, result=[1, '', 0]
[rosmaster.master][INFO] 2017-10-10 18:47:30,247: publisherUpdate[/image/compressedDepth/parameter_descriptions] -> http://ubuntu:35044/ []
[rosmaster.master][INFO] 2017-10-10 18:47:30,250: publisherUpdate[/image] -> http://ubuntu:33663/ []: sec=0.00, exception=<Fault -1: 'publisherUpdate: unknown method name'>
[rosmaster.master][INFO] 2017-10-10 18:47:30,254: publisherUpdate[/image/compressedDepth/parameter_descriptions] -> http://ubuntu:35044/ []: sec=0.01, result=[1, '', 0]
[rosmaster.master][INFO] 2017-10-10 18:47:30,254: publisherUpdate[/image_marked/compressedDepth/parameter_updates] -> http://ubuntu:35044/ []
[rosmaster.master][INFO] 2017-10-10 18:47:30,256: publisherUpdate[/image_marked/compressedDepth/parameter_updates] -> http://ubuntu:35044/ []: sec=0.00, result=[1, '', 0]
[rosmaster.master][INFO] 2017-10-10 18:47:30,256: publisherUpdate[/image/compressedDepth/parameter_updates] -> http://ubuntu:35044/ []
[rosmaster.master][INFO] 2017-10-10 18:47:30,266: publisherUpdate[/input_image] -> http://ubuntu:40770/ []: sec=0.02, exception=<Fault -1: 'publisherUpdate: unknown method name'>
[rosmaster.threadpool][ERROR] 2017-10-10 18:47:30,270: Traceback (most recent call last):
  File "/opt/ros/kinetic/lib/python2.7/dist-packages/rosmaster/threadpool.py", line 218, in run
    result = cmd(*args)
  File "/opt/ros/kinetic/lib/python2.7/dist-packages/rosmaster/master_api.py", line 210, in publisher_update_task
    ret = xmlrpcapi(api).publisherUpdate('/master', topic, pub_uris)
  File "/usr/lib/python2.7/xmlrpclib.py", line 1243, in __call__
    return self.__send(self.__name, args)
  File "/usr/lib/python2.7/xmlrpclib.py", line 1602, in __request
    verbose=self.__verbose
  File "/usr/lib/python2.7/xmlrpclib.py", line 1283, in request
    return self.single_request(host, handler, request_body, verbose)
  File "/usr/lib/python2.7/xmlrpclib.py", line 1316, in single_request
    return self.parse_response(response)
  File "/usr/lib/python2.7/xmlrpclib.py", line 1493, in parse_response
    return u.close()
  File "/usr/lib/python2.7/xmlrpclib.py", line 800, in close
    raise Fault(**self._stack[0])
Fault: <Fault -1: 'publisherUpdate: unknown method name'>

[rosmaster.master][INFO] 2017-10-10 18:47:30,270: publisherUpdate[/image] -> http://ubuntu:43566/ []
[rosmaster.threadpool][ERROR] 2017-10-10 18:47:30,273: Traceback (most recent call last):
  File "/opt/ros/kinetic/lib/python2.7/dist-packages/rosmaster/threadpool.py", line 218, in run
    result = cmd(*args)
  File "/opt/ros/kinetic/lib/python2.7/dist-packages/rosmaster/master_api.py", line 210, in publisher_update_task
    ret = xmlrpcapi(api).publisherUpdate('/master', topic, pub_uris)
  File "/usr/lib/python2.7/xmlrpclib.py", line 1243, in __call__
    return self.__send(self.__name, args)
  File "/usr/lib/python2.7/xmlrpclib.py", line 1602, in __request
    verbose=self.__verbose
  File "/usr/lib/python2.7/xmlrpclib.py", line 1283, in request
    return self.single_request(host, handler, request_body, verbose)
  File "/usr/lib/python2.7/xmlrpclib.py", line 1316, in single_request
    return self.parse_response(response)
  File "/usr/lib/python2.7/xmlrpclib.py", line 1493, in parse_response
    return u.close()
  File "/usr/lib/python2.7/xmlrpclib.py", line 800, in close
    raise Fault(**self._stack[0])
Fault: <Fault -1: 'publisherUpdate: unknown method name'>

[rosmaster.master][INFO] 2017-10-10 18:47:30,274: -SERVICE [/camera/get_loggers] /camera rosrpc://ubuntu:34000
[rosmaster.master][INFO] 2017-10-10 18:47:30,278: publisherUpdate[/image] -> http://ubuntu:43566/ []: sec=0.01, exception=<Fault -1: 'publisherUpdate: unknown method name'>
[rosmaster.threadpool][ERROR] 2017-10-10 18:47:30,279: Traceback (most recent call last):
  File "/opt/ros/kinetic/lib/python2.7/dist-packages/rosmaster/threadpool.py", line 218, in run
    result = cmd(*args)
  File "/opt/ros/kinetic/lib/python2.7/dist-packages/rosmaster/master_api.py", line 210, in publisher_update_task
    ret = xmlrpcapi(api).publisherUpdate('/master', topic, pub_uris)
  File "/usr/lib/python2.7/xmlrpclib.py", line 1243, in __call__
    return self.__send(self.__name, args)
  File "/usr/lib/python2.7/xmlrpclib.py", line 1602, in __request
    verbose=self.__verbose
  File "/usr/lib/python2.7/xmlrpclib.py", line 1283, in request
    return self.single_request(host, handler, request_body, verbose)
  File "/usr/lib/python2.7/xmlrpclib.py", line 1316, in single_request
    return self.parse_response(response)
  File "/usr/lib/python2.7/xmlrpclib.py", line 1493, in parse_response
    return u.close()
  File "/usr/lib/python2.7/xmlrpclib.py", line 800, in close
    raise Fault(**self._stack[0])
Fault: <Fault -1: 'publisherUpdate: unknown method name'>

[rosmaster.master][INFO] 2017-10-10 18:47:30,279: publisherUpdate[/camera_info] -> http://ubuntu:43566/ []
[rosmaster.master][INFO] 2017-10-10 18:47:30,287: publisherUpdate[/camera_info] -> http://ubuntu:43566/ []: sec=0.01, exception=<Fault -1: 'publisherUpdate: unknown method name'>
[rosmaster.threadpool][ERROR] 2017-10-10 18:47:30,288: Traceback (most recent call last):
  File "/opt/ros/kinetic/lib/python2.7/dist-packages/rosmaster/threadpool.py", line 218, in run
    result = cmd(*args)
  File "/opt/ros/kinetic/lib/python2.7/dist-packages/rosmaster/master_api.py", line 210, in publisher_update_task
    ret = xmlrpcapi(api).publisherUpdate('/master', topic, pub_uris)
  File "/usr/lib/python2.7/xmlrpclib.py", line 1243, in __call__
    return self.__send(self.__name, args)
  File "/usr/lib/python2.7/xmlrpclib.py", line 1602, in __request
    verbose=self.__verbose
  File "/usr/lib/python2.7/xmlrpclib.py", line 1283, in request
    return self.single_request(host, handler, request_body, verbose)
  File "/usr/lib/python2.7/xmlrpclib.py", line 1316, in single_request
    return self.parse_response(response)
  File "/usr/lib/python2.7/xmlrpclib.py", line 1493, in parse_response
    return u.close()
  File "/usr/lib/python2.7/xmlrpclib.py", line 800, in close
    raise Fault(**self._stack[0])
Fault: <Fault -1: 'publisherUpdate: unknown method name'>

[rosmaster.master][INFO] 2017-10-10 18:47:30,290: publisherUpdate[/image/compressedDepth/parameter_updates] -> http://ubuntu:35044/ []: sec=0.03, result=[1, '', 0]
[rosmaster.master][INFO] 2017-10-10 18:47:30,290: publisherUpdate[/input_image/compressed/parameter_descriptions] -> http://ubuntu:35044/ []
[rosmaster.master][INFO] 2017-10-10 18:47:30,294: -PUB [/image/theora] /mask_orange http://ubuntu:40770/
[rosmaster.master][INFO] 2017-10-10 18:47:30,302: -PUB [/image_marked/theora/parameter_descriptions] /view http://ubuntu:43566/
[rosmaster.master][INFO] 2017-10-10 18:47:30,303: publisherUpdate[/input_image/compressed/parameter_descriptions] -> http://ubuntu:35044/ []: sec=0.01, result=[1, '', 0]
[rosmaster.master][INFO] 2017-10-10 18:47:30,303: publisherUpdate[/input_image/compressed/parameter_updates] -> http://ubuntu:35044/ []
[rosmaster.master][INFO] 2017-10-10 18:47:30,304: -SUB [/image] /orange_col_sender http://ubuntu:33663/
[rosmaster.master][INFO] 2017-10-10 18:47:30,310: publisherUpdate[/input_image/compressed/parameter_updates] -> http://ubuntu:35044/ []: sec=0.01, result=[1, '', 0]
[rosmaster.master][INFO] 2017-10-10 18:47:30,310: publisherUpdate[/image_marked/compressed/parameter_descriptions] -> http://ubuntu:35044/ []
[rosmaster.master][INFO] 2017-10-10 18:47:30,312: -SERVICE [/camera/set_logger_level] /camera rosrpc://ubuntu:34000
[rosmaster.master][INFO] 2017-10-10 18:47:30,316: -PUB [/image/theora/parameter_descriptions] /mask_orange http://ubuntu:40770/
[rosmaster.master][INFO] 2017-10-10 18:47:30,319: publisherUpdate[/image_marked/compressed/parameter_descriptions] -> http://ubuntu:35044/ []: sec=0.01, result=[1, '', 0]
[rosmaster.master][INFO] 2017-10-10 18:47:30,319: publisherUpdate[/image/compressed/parameter_descriptions] -> http://ubuntu:35044/ []
[rosmaster.master][INFO] 2017-10-10 18:47:30,321: -PUB [/image_marked/theora/parameter_updates] /view http://ubuntu:43566/
[rosmaster.master][INFO] 2017-10-10 18:47:30,322: publisherUpdate[/image/compressed/parameter_descriptions] -> http://ubuntu:35044/ []: sec=0.00, result=[1, '', 0]
[rosmaster.master][INFO] 2017-10-10 18:47:30,322: publisherUpdate[/input_image/theora/parameter_descriptions] -> http://ubuntu:35044/ []
[rosmaster.master][INFO] 2017-10-10 18:47:30,327: -SERVICE [/orange_col_sender/get_loggers] /orange_col_sender rosrpc://ubuntu:33893
[rosmaster.master][INFO] 2017-10-10 18:47:30,327: -SERVICE [/camera/set_camera_info] /camera rosrpc://ubuntu:34000
[rosmaster.master][INFO] 2017-10-10 18:47:30,338: -PUB [/image/theora/parameter_updates] /mask_orange http://ubuntu:40770/
[rosmaster.master][INFO] 2017-10-10 18:47:30,339: publisherUpdate[/input_image/theora/parameter_descriptions] -> http://ubuntu:35044/ []: sec=0.02, result=[1, '', 0]
[rosmaster.master][INFO] 2017-10-10 18:47:30,339: publisherUpdate[/image_marked/compressed/parameter_updates] -> http://ubuntu:35044/ []
[rosmaster.master][INFO] 2017-10-10 18:47:30,342: -PUB [/image/marked/compressedDepth] /view http://ubuntu:43566/
[rosmaster.master][INFO] 2017-10-10 18:47:30,346: publisherUpdate[/image_marked/compressed/parameter_updates] -> http://ubuntu:35044/ []: sec=0.01, result=[1, '', 0]
[rosmaster.master][INFO] 2017-10-10 18:47:30,346: publisherUpdate[/image/compressed/parameter_updates] -> http://ubuntu:35044/ []
[rosmaster.master][INFO] 2017-10-10 18:47:30,348: -SERVICE [/orange_col_sender/set_logger_level] /orange_col_sender rosrpc://ubuntu:33893
[rosmaster.master][INFO] 2017-10-10 18:47:30,349: -SERVICE [/input_image/compressedDepth/set_parameters] /camera rosrpc://ubuntu:34000
[rosmaster.master][INFO] 2017-10-10 18:47:30,356: publisherUpdate[/image/compressed/parameter_updates] -> http://ubuntu:35044/ []: sec=0.01, result=[1, '', 0]
[rosmaster.master][INFO] 2017-10-10 18:47:30,356: publisherUpdate[/input_image/theora/parameter_updates] -> http://ubuntu:35044/ []
[rosmaster.master][INFO] 2017-10-10 18:47:30,364: -PUB [/mask_orange/parameter_descriptions] /mask_orange http://ubuntu:40770/
[rosmaster.master][INFO] 2017-10-10 18:47:30,370: -PUB [/image/marked/compressedDepth/parameter_descriptions] /view http://ubuntu:43566/
[rosmaster.master][INFO] 2017-10-10 18:47:30,375: publisherUpdate[/input_image/theora/parameter_updates] -> http://ubuntu:35044/ []: sec=0.02, result=[1, '', 0]
[rosmaster.master][INFO] 2017-10-10 18:47:30,375: publisherUpdate[/orange_col_sender/parameter_descriptions] -> http://ubuntu:35044/ []
[rosmaster.master][INFO] 2017-10-10 18:47:30,381: publisherUpdate[/orange_col_sender/parameter_descriptions] -> http://ubuntu:35044/ []: sec=0.01, result=[1, '', 0]
[rosmaster.master][INFO] 2017-10-10 18:47:30,381: publisherUpdate[/orange_col_sender/parameter_updates] -> http://ubuntu:35044/ []
[rosmaster.master][INFO] 2017-10-10 18:47:30,384: -SERVICE [/orange_col_sender/set_parameters] /orange_col_sender rosrpc://ubuntu:33893
[rosmaster.master][INFO] 2017-10-10 18:47:30,385: publisherUpdate[/orange_col_sender/parameter_updates] -> http://ubuntu:35044/ []: sec=0.00, result=[1, '', 0]
[rosmaster.master][INFO] 2017-10-10 18:47:30,390: publisherUpdate[/image_marked/theora/parameter_descriptions] -> http://ubuntu:35044/ []
[rosmaster.master][INFO] 2017-10-10 18:47:30,391: -SERVICE [/input_image/compressed/set_parameters] /camera rosrpc://ubuntu:34000
[rosmaster.master][INFO] 2017-10-10 18:47:30,398: -PUB [/mask_orange/parameter_updates] /mask_orange http://ubuntu:40770/
[rosmaster.master][INFO] 2017-10-10 18:47:30,398: publisherUpdate[/image_marked/theora/parameter_descriptions] -> http://ubuntu:35044/ []: sec=0.01, result=[1, '', 0]
[rosmaster.master][INFO] 2017-10-10 18:47:30,398: publisherUpdate[/image/theora/parameter_descriptions] -> http://ubuntu:35044/ []
[rosmaster.master][INFO] 2017-10-10 18:47:30,402: -PUB [/image/marked/compressedDepth/parameter_updates] /view http://ubuntu:43566/
[rosmaster.master][INFO] 2017-10-10 18:47:30,410: publisherUpdate[/image/theora/parameter_descriptions] -> http://ubuntu:35044/ []: sec=0.01, result=[1, '', 0]
[rosmaster.master][INFO] 2017-10-10 18:47:30,410: publisherUpdate[/image_marked/theora/parameter_updates] -> http://ubuntu:35044/ []
[rosmaster.master][INFO] 2017-10-10 18:47:30,411: -SERVICE [/input_image/theora/set_parameters] /camera rosrpc://ubuntu:34000
[rosmaster.master][INFO] 2017-10-10 18:47:30,414: -SUB [/input_image] /mask_orange http://ubuntu:40770/
[rosmaster.master][INFO] 2017-10-10 18:47:30,420: publisherUpdate[/image_marked/theora/parameter_updates] -> http://ubuntu:35044/ []: sec=0.01, result=[1, '', 0]
[rosmaster.master][INFO] 2017-10-10 18:47:30,420: publisherUpdate[/image/theora/parameter_updates] -> http://ubuntu:35044/ []
[rosmaster.master][INFO] 2017-10-10 18:47:30,421: -PUB [/image/marked/compressed] /view http://ubuntu:43566/
[rosmaster.master][INFO] 2017-10-10 18:47:30,430: publisherUpdate[/image/theora/parameter_updates] -> http://ubuntu:35044/ []: sec=0.01, result=[1, '', 0]
[rosmaster.master][INFO] 2017-10-10 18:47:30,430: publisherUpdate[/mask_orange/parameter_descriptions] -> http://ubuntu:35044/ []
[rosmaster.master][INFO] 2017-10-10 18:47:30,439: -SERVICE [/mask_orange/get_loggers] /mask_orange rosrpc://ubuntu:47583
[rosmaster.master][INFO] 2017-10-10 18:47:30,442: -PUB [/image/marked/compressed/parameter_descriptions] /view http://ubuntu:43566/
[rosmaster.master][INFO] 2017-10-10 18:47:30,454: -SERVICE [/mask_orange/set_logger_level] /mask_orange rosrpc://ubuntu:47583
[rosmaster.master][INFO] 2017-10-10 18:47:30,455: -PUB [/image/marked/compressed/parameter_updates] /view http://ubuntu:43566/
[rosmaster.master][INFO] 2017-10-10 18:47:30,458: -SERVICE [/image/compressedDepth/set_parameters] /mask_orange rosrpc://ubuntu:47583
[rosmaster.master][INFO] 2017-10-10 18:47:30,462: -PUB [/image/marked] /view http://ubuntu:43566/
[rosmaster.master][INFO] 2017-10-10 18:47:30,465: -SERVICE [/image/compressed/set_parameters] /mask_orange rosrpc://ubuntu:47583
[rosmaster.master][INFO] 2017-10-10 18:47:30,469: -PUB [/image/marked/theora] /view http://ubuntu:43566/
[rosmaster.master][INFO] 2017-10-10 18:47:30,476: publisherUpdate[/mask_orange/parameter_descriptions] -> http://ubuntu:35044/ []: sec=0.05, result=[1, '', 0]
[rosmaster.master][INFO] 2017-10-10 18:47:30,476: publisherUpdate[/image/marked/compressedDepth/parameter_descriptions] -> http://ubuntu:35044/ []
[rosmaster.master][INFO] 2017-10-10 18:47:30,477: -SERVICE [/image/theora/set_parameters] /mask_orange rosrpc://ubuntu:47583
[rosmaster.master][INFO] 2017-10-10 18:47:30,481: -PUB [/image/marked/theora/parameter_descriptions] /view http://ubuntu:43566/
[rosmaster.master][INFO] 2017-10-10 18:47:30,482: -SERVICE [/mask_orange/set_parameters] /mask_orange rosrpc://ubuntu:47583
[rosmaster.master][INFO] 2017-10-10 18:47:30,488: -PUB [/image/marked/theora/parameter_updates] /view http://ubuntu:43566/
[rosmaster.master][INFO] 2017-10-10 18:47:30,490: -PUB [/view/parameter_descriptions] /view http://ubuntu:43566/
[rosmaster.master][INFO] 2017-10-10 18:47:30,496: -PUB [/view/parameter_updates] /view http://ubuntu:43566/
[rosmaster.master][INFO] 2017-10-10 18:47:30,498: -SUB [/tf] /view http://ubuntu:43566/
[rosmaster.master][INFO] 2017-10-10 18:47:30,503: -SUB [/tf_static] /view http://ubuntu:43566/
[rosmaster.master][INFO] 2017-10-10 18:47:30,505: -SUB [/image] /view http://ubuntu:43566/
[rosmaster.master][INFO] 2017-10-10 18:47:30,514: -SUB [/camera_info] /view http://ubuntu:43566/
[rosmaster.master][INFO] 2017-10-10 18:47:30,520: publisherUpdate[/image/marked/compressedDepth/parameter_descriptions] -> http://ubuntu:35044/ []: sec=0.04, result=[1, '', 0]
[rosmaster.master][INFO] 2017-10-10 18:47:30,520: publisherUpdate[/mask_orange/parameter_updates] -> http://ubuntu:35044/ []
[rosmaster.master][INFO] 2017-10-10 18:47:30,524: publisherUpdate[/mask_orange/parameter_updates] -> http://ubuntu:35044/ []: sec=0.00, result=[1, '', 0]
[rosmaster.master][INFO] 2017-10-10 18:47:30,525: publisherUpdate[/image/marked/compressedDepth/parameter_updates] -> http://ubuntu:35044/ []
[rosmaster.master][INFO] 2017-10-10 18:47:30,531: -SUB [/image_marker] /view http://ubuntu:43566/
[rosmaster.master][INFO] 2017-10-10 18:47:30,538: publisherUpdate[/image/marked/compressedDepth/parameter_updates] -> http://ubuntu:35044/ []: sec=0.01, result=[1, '', 0]
[rosmaster.master][INFO] 2017-10-10 18:47:30,538: publisherUpdate[/image/marked/compressed/parameter_descriptions] -> http://ubuntu:35044/ []
[rosmaster.master][INFO] 2017-10-10 18:47:30,540: -SUB [/image/event] /view http://ubuntu:43566/
[rosmaster.master][INFO] 2017-10-10 18:47:30,542: -SERVICE [/view/get_loggers] /view rosrpc://ubuntu:54114
[rosmaster.master][INFO] 2017-10-10 18:47:30,543: publisherUpdate[/image/marked/compressed/parameter_descriptions] -> http://ubuntu:35044/ []: sec=0.00, result=[1, '', 0]
[rosmaster.master][INFO] 2017-10-10 18:47:30,543: publisherUpdate[/image/marked/compressed/parameter_updates] -> http://ubuntu:35044/ []
[rosmaster.master][INFO] 2017-10-10 18:47:30,545: -SERVICE [/view/set_logger_level] /view rosrpc://ubuntu:54114
[rosmaster.master][INFO] 2017-10-10 18:47:30,547: publisherUpdate[/image/marked/compressed/parameter_updates] -> http://ubuntu:35044/ []: sec=0.00, result=[1, '', 0]
[rosmaster.master][INFO] 2017-10-10 18:47:30,550: publisherUpdate[/image/marked/theora/parameter_descriptions] -> http://ubuntu:35044/ []
[rosmaster.master][INFO] 2017-10-10 18:47:30,551: -SUB [/mask_orange/parameter_descriptions] /threshold_sender http://ubuntu:35044/
[rosmaster.master][INFO] 2017-10-10 18:47:30,554: publisherUpdate[/image/marked/theora/parameter_descriptions] -> http://ubuntu:35044/ []: sec=0.00, result=[1, '', 0]
[rosmaster.master][INFO] 2017-10-10 18:47:30,554: publisherUpdate[/image/marked/theora/parameter_updates] -> http://ubuntu:35044/ []
[rosmaster.master][INFO] 2017-10-10 18:47:30,555: -SUB [/mask_orange/parameter_updates] /threshold_sender http://ubuntu:35044/
[rosmaster.master][INFO] 2017-10-10 18:47:30,556: -SERVICE [/image_marked/compressedDepth/set_parameters] /view rosrpc://ubuntu:54114
[rosmaster.master][INFO] 2017-10-10 18:47:30,563: -SERVICE [/image_marked/compressed/set_parameters] /view rosrpc://ubuntu:54114
[rosmaster.master][INFO] 2017-10-10 18:47:30,568: publisherUpdate[/image/marked/theora/parameter_updates] -> http://ubuntu:35044/ []: sec=0.01, result=[1, '', 0]
[rosmaster.master][INFO] 2017-10-10 18:47:30,569: publisherUpdate[/view/parameter_descriptions] -> http://ubuntu:35044/ []
[rosmaster.master][INFO] 2017-10-10 18:47:30,576: -SERVICE [/image_marked/theora/set_parameters] /view rosrpc://ubuntu:54114
[rosmaster.master][INFO] 2017-10-10 18:47:30,584: publisherUpdate[/view/parameter_descriptions] -> http://ubuntu:35044/ []: sec=0.02, result=[1, '', 0]
[rosmaster.master][INFO] 2017-10-10 18:47:30,584: publisherUpdate[/view/parameter_updates] -> http://ubuntu:35044/ []
[rosmaster.master][INFO] 2017-10-10 18:47:30,590: -SERVICE [/image/marked/compressedDepth/set_parameters] /view rosrpc://ubuntu:54114
[rosmaster.master][INFO] 2017-10-10 18:47:30,598: publisherUpdate[/view/parameter_updates] -> http://ubuntu:35044/ []: sec=0.01, result=[1, '', 0]
[rosmaster.master][INFO] 2017-10-10 18:47:30,607: -SERVICE [/image/marked/compressed/set_parameters] /view rosrpc://ubuntu:54114
[rosmaster.master][INFO] 2017-10-10 18:47:30,714: -SERVICE [/image/marked/theora/set_parameters] /view rosrpc://ubuntu:54114
[rosmaster.master][INFO] 2017-10-10 18:47:30,720: -SERVICE [/view/change_mode] /view rosrpc://ubuntu:54114
[rosmaster.master][INFO] 2017-10-10 18:47:30,758: -SUB [/input_image/compressed/parameter_descriptions] /threshold_sender http://ubuntu:35044/
[rosmaster.master][INFO] 2017-10-10 18:47:30,763: -SERVICE [/view/rectangle_mode] /view rosrpc://ubuntu:54114
[rosmaster.master][INFO] 2017-10-10 18:47:30,763: -SUB [/input_image/compressedDepth/parameter_descriptions] /threshold_sender http://ubuntu:35044/
[rosmaster.master][INFO] 2017-10-10 18:47:30,763: -SUB [/orange_col_sender/parameter_descriptions] /threshold_sender http://ubuntu:35044/
[rosmaster.master][INFO] 2017-10-10 18:47:30,763: -SUB [/input_image/theora/parameter_updates] /threshold_sender http://ubuntu:35044/
[rosmaster.master][INFO] 2017-10-10 18:47:30,763: -SUB [/image/marked/compressed/parameter_descriptions] /threshold_sender http://ubuntu:35044/
[rosmaster.master][INFO] 2017-10-10 18:47:30,763: -SUB [/image/marked/theora/parameter_descriptions] /threshold_sender http://ubuntu:35044/
[rosmaster.master][INFO] 2017-10-10 18:47:30,764: -SUB [/image_marked/theora/parameter_descriptions] /threshold_sender http://ubuntu:35044/
[rosmaster.master][INFO] 2017-10-10 18:47:30,764: -SUB [/image_marked/compressed/parameter_updates] /threshold_sender http://ubuntu:35044/
[rosmaster.master][INFO] 2017-10-10 18:47:30,764: -SUB [/image/theora/parameter_descriptions] /threshold_sender http://ubuntu:35044/
[rosmaster.master][INFO] 2017-10-10 18:47:30,764: -SUB [/orange_col_sender/parameter_updates] /threshold_sender http://ubuntu:35044/
[rosmaster.master][INFO] 2017-10-10 18:47:30,764: -SUB [/image_marked/compressedDepth/parameter_descriptions] /threshold_sender http://ubuntu:35044/
[rosmaster.master][INFO] 2017-10-10 18:47:30,764: -SUB [/image/compressedDepth/parameter_updates] /threshold_sender http://ubuntu:35044/
[rosmaster.master][INFO] 2017-10-10 18:47:30,768: -SUB [/image/marked/theora/parameter_updates] /threshold_sender http://ubuntu:35044/
[rosmaster.master][INFO] 2017-10-10 18:47:30,768: -SUB [/image_marked/compressedDepth/parameter_updates] /threshold_sender http://ubuntu:35044/
[rosmaster.master][INFO] 2017-10-10 18:47:30,768: -SUB [/image/compressed/parameter_descriptions] /threshold_sender http://ubuntu:35044/
[rosmaster.master][INFO] 2017-10-10 18:47:30,768: -SUB [/input_image/theora/parameter_descriptions] /threshold_sender http://ubuntu:35044/
[rosmaster.master][INFO] 2017-10-10 18:47:30,768: -SUB [/image/compressedDepth/parameter_descriptions] /threshold_sender http://ubuntu:35044/
[rosmaster.master][INFO] 2017-10-10 18:47:30,768: -SUB [/image/marked/compressedDepth/parameter_descriptions] /threshold_sender http://ubuntu:35044/
[rosmaster.master][INFO] 2017-10-10 18:47:30,768: -SUB [/input_image/compressed/parameter_updates] /threshold_sender http://ubuntu:35044/
[rosmaster.master][INFO] 2017-10-10 18:47:30,768: -SUB [/view/parameter_updates] /threshold_sender http://ubuntu:35044/
[rosmaster.master][INFO] 2017-10-10 18:47:30,768: -SUB [/image_marked/theora/parameter_updates] /threshold_sender http://ubuntu:35044/
[rosmaster.master][INFO] 2017-10-10 18:47:30,768: -SUB [/input_image/compressedDepth/parameter_updates] /threshold_sender http://ubuntu:35044/
[rosmaster.master][INFO] 2017-10-10 18:47:30,769: -SUB [/image/marked/compressed/parameter_updates] /threshold_sender http://ubuntu:35044/
[rosmaster.master][INFO] 2017-10-10 18:47:30,769: -SUB [/image/marked/compressedDepth/parameter_updates] /threshold_sender http://ubuntu:35044/
[rosmaster.master][INFO] 2017-10-10 18:47:30,769: -SUB [/view/parameter_descriptions] /threshold_sender http://ubuntu:35044/
[rosmaster.master][INFO] 2017-10-10 18:47:30,769: -SUB [/image/compressed/parameter_updates] /threshold_sender http://ubuntu:35044/
[rosmaster.master][INFO] 2017-10-10 18:47:30,769: -SUB [/image_marked/compressed/parameter_descriptions] /threshold_sender http://ubuntu:35044/
[rosmaster.master][INFO] 2017-10-10 18:47:30,769: -SUB [/image/theora/parameter_updates] /threshold_sender http://ubuntu:35044/
[rosmaster.master][INFO] 2017-10-10 18:47:30,769: -PUB [/rosout] /threshold_sender http://ubuntu:35044/
[rosmaster.master][INFO] 2017-10-10 18:47:30,769: -SERVICE [/threshold_sender/set_logger_level] /threshold_sender rosrpc://ubuntu:42789
[rosmaster.master][INFO] 2017-10-10 18:47:30,769: -SERVICE [/threshold_sender/get_loggers] /threshold_sender rosrpc://ubuntu:42789
[rosmaster.master][INFO] 2017-10-10 18:47:30,782: -SERVICE [/view/grabcut_mode] /view rosrpc://ubuntu:54114
[rosmaster.master][INFO] 2017-10-10 18:47:30,786: -SERVICE [/view/grabcut_rect_mode] /view rosrpc://ubuntu:54114
[rosmaster.master][INFO] 2017-10-10 18:47:30,792: -SERVICE [/view/line_mode] /view rosrpc://ubuntu:54114
[rosmaster.master][INFO] 2017-10-10 18:47:30,797: -SERVICE [/view/poly_mode] /view rosrpc://ubuntu:54114
[rosmaster.master][INFO] 2017-10-10 18:47:30,802: publisherUpdate[/rosout] -> http://ubuntu:42375/ []
[rosmaster.master][INFO] 2017-10-10 18:47:30,803: publisherUpdate[/rosout] -> http://ubuntu:42375/ []: sec=0.00, result=[1, '', 0]
[rosmaster.master][INFO] 2017-10-10 18:47:30,807: -SERVICE [/view/none_mode] /view rosrpc://ubuntu:54114
[rosmaster.master][INFO] 2017-10-10 18:47:30,815: -SERVICE [/view/set_parameters] /view rosrpc://ubuntu:54114
[rosmaster.master][INFO] 2017-10-10 18:47:31,608: -PUB [/rosout_agg] /rosout http://ubuntu:42375/
[rosmaster.master][INFO] 2017-10-10 18:47:31,609: -SUB [/rosout] /rosout http://ubuntu:42375/
[rosmaster.master][INFO] 2017-10-10 18:47:31,610: -SERVICE [/rosout/get_loggers] /rosout rosrpc://ubuntu:59249
[rosmaster.master][INFO] 2017-10-10 18:47:31,612: -SERVICE [/rosout/set_logger_level] /rosout rosrpc://ubuntu:59249
[rosmaster.main][INFO] 2017-10-10 18:47:31,711: keyboard interrupt, will exit
[rosmaster.main][INFO] 2017-10-10 18:47:31,712: stopping master...
[rospy.core][INFO] 2017-10-10 18:47:31,712: signal_shutdown [atexit]
