[rosmaster.main][INFO] 2017-09-21 19:17:54,850: initialization complete, waiting for shutdown
[rosmaster.main][INFO] 2017-09-21 19:17:54,850: Starting ROS Master Node
[xmlrpc][INFO] 2017-09-21 19:17:54,851: XML-RPC server binding to 0.0.0.0:11311
[rosmaster.master][INFO] 2017-09-21 19:17:54,851: Master initialized: port[11311], uri[http://ubuntu:11311/]
[xmlrpc][INFO] 2017-09-21 19:17:54,851: Started XML-RPC server [http://ubuntu:11311/]
[xmlrpc][INFO] 2017-09-21 19:17:54,851: xml rpc node: starting XML-RPC server
[rosmaster.master][INFO] 2017-09-21 19:17:54,912: +PARAM [/run_id] by /roslaunch
[rosmaster.master][INFO] 2017-09-21 19:17:54,916: +PARAM [/roslaunch/uris/host_ubuntu__40604] by /roslaunch
[rosmaster.master][INFO] 2017-09-21 19:17:55,002: +PARAM [/rosversion] by /roslaunch
[rosmaster.master][INFO] 2017-09-21 19:17:55,002: +PARAM [/rosdistro] by /roslaunch
[rosmaster.master][INFO] 2017-09-21 19:17:55,003: +PARAM [/camera/device_id] by /roslaunch
[rosmaster.master][INFO] 2017-09-21 19:17:55,021: +SERVICE [/rosout/get_loggers] /rosout http://ubuntu:33386/
[rosmaster.master][INFO] 2017-09-21 19:17:55,022: +SERVICE [/rosout/set_logger_level] /rosout http://ubuntu:33386/
[rosmaster.master][INFO] 2017-09-21 19:17:55,024: +PUB [/rosout_agg] /rosout http://ubuntu:33386/
[rosmaster.master][INFO] 2017-09-21 19:17:55,039: +SUB [/rosout] /rosout http://ubuntu:33386/
[rosmaster.master][INFO] 2017-09-21 19:17:55,121: +PUB [/rosout] /image_converter http://ubuntu:36701/
[rosmaster.master][INFO] 2017-09-21 19:17:55,122: +SERVICE [/image_converter/get_loggers] /image_converter http://ubuntu:36701/
[rosmaster.master][INFO] 2017-09-21 19:17:55,123: +SERVICE [/image_converter/set_logger_level] /image_converter http://ubuntu:36701/
[rosmaster.master][INFO] 2017-09-21 19:17:55,152: publisherUpdate[/rosout] -> http://ubuntu:33386/ ['http://ubuntu:36701/']
[rosmaster.master][INFO] 2017-09-21 19:17:55,153: publisherUpdate[/rosout] -> http://ubuntu:33386/ ['http://ubuntu:36701/']: sec=0.00, result=[1, '', 0]
[rosmaster.master][INFO] 2017-09-21 19:17:55,164: +PUB [/rosout] /camera http://ubuntu:43000/
[rosmaster.master][INFO] 2017-09-21 19:17:55,164: +SERVICE [/camera/get_loggers] /camera http://ubuntu:43000/
[rosmaster.master][INFO] 2017-09-21 19:17:55,165: +SERVICE [/camera/set_logger_level] /camera http://ubuntu:43000/
[rosmaster.master][INFO] 2017-09-21 19:17:55,176: +PUB [/rosout] /view http://ubuntu:33497/
[rosmaster.master][INFO] 2017-09-21 19:17:55,176: +SERVICE [/view/get_loggers] /view http://ubuntu:33497/
[rosmaster.master][INFO] 2017-09-21 19:17:55,177: +SERVICE [/view/set_logger_level] /view http://ubuntu:33497/
[rosmaster.master][INFO] 2017-09-21 19:17:55,185: +SUB [/tf] /view http://ubuntu:33497/
[rosmaster.master][INFO] 2017-09-21 19:17:55,196: +SUB [/tf_static] /view http://ubuntu:33497/
[rosmaster.master][INFO] 2017-09-21 19:17:55,240: +SERVICE [/camera/set_camera_info] /camera http://ubuntu:43000/
[rosmaster.master][INFO] 2017-09-21 19:17:55,250: +PUB [/image/screenpoint] /view http://ubuntu:33497/
[rosmaster.master][INFO] 2017-09-21 19:17:55,250: +PUB [/image/screenpoint_array] /view http://ubuntu:33497/
[rosmaster.master][INFO] 2017-09-21 19:17:55,251: +PUB [/image/screenrectangle] /view http://ubuntu:33497/
[rosmaster.master][INFO] 2017-09-21 19:17:55,252: +PUB [/image/screenrectangle_image] /view http://ubuntu:33497/
[rosmaster.master][INFO] 2017-09-21 19:17:55,253: +PUB [/image/movepoint] /view http://ubuntu:33497/
[rosmaster.master][INFO] 2017-09-21 19:17:55,254: publisherUpdate[/rosout] -> http://ubuntu:33386/ ['http://ubuntu:36701/', 'http://ubuntu:43000/']
[rosmaster.master][INFO] 2017-09-21 19:17:55,255: publisherUpdate[/rosout] -> http://ubuntu:33386/ ['http://ubuntu:36701/', 'http://ubuntu:43000/']: sec=0.00, result=[1, '', 0]
[rosmaster.master][INFO] 2017-09-21 19:17:55,256: publisherUpdate[/rosout] -> http://ubuntu:33386/ ['http://ubuntu:36701/', 'http://ubuntu:43000/', 'http://ubuntu:33497/']
[rosmaster.master][INFO] 2017-09-21 19:17:55,256: publisherUpdate[/rosout] -> http://ubuntu:33386/ ['http://ubuntu:36701/', 'http://ubuntu:43000/', 'http://ubuntu:33497/']: sec=0.00, result=[1, '', 0]
[rosmaster.master][INFO] 2017-09-21 19:17:55,253: +PUB [/image/foreground] /view http://ubuntu:33497/
[rosmaster.master][INFO] 2017-09-21 19:17:55,258: +PUB [/image/background] /view http://ubuntu:33497/
[rosmaster.master][INFO] 2017-09-21 19:17:55,259: +PUB [/image/foreground_rect] /view http://ubuntu:33497/
[rosmaster.master][INFO] 2017-09-21 19:17:55,262: +PUB [/image/background_rect] /view http://ubuntu:33497/
[rosmaster.master][INFO] 2017-09-21 19:17:55,263: +PUB [/image/line] /view http://ubuntu:33497/
[rosmaster.master][INFO] 2017-09-21 19:17:55,263: +PUB [/image/poly] /view http://ubuntu:33497/
[rosmaster.master][INFO] 2017-09-21 19:17:55,289: +SUB [/camera/image_raw] /image_converter http://ubuntu:36701/
[rosmaster.master][INFO] 2017-09-21 19:17:55,333: +PUB [/image_marked/compressedDepth] /view http://ubuntu:33497/
[rosmaster.master][INFO] 2017-09-21 19:17:55,334: +SERVICE [/image_marked/compressedDepth/set_parameters] /view http://ubuntu:33497/
[rosmaster.master][INFO] 2017-09-21 19:17:55,335: +PUB [/image_marked/compressedDepth/parameter_descriptions] /view http://ubuntu:33497/
[rosmaster.master][INFO] 2017-09-21 19:17:55,335: +PUB [/image_marked/compressedDepth/parameter_updates] /view http://ubuntu:33497/
[rosmaster.master][INFO] 2017-09-21 19:17:55,338: +PARAM [/image_marked/compressedDepth/depth_max] by /view
[rosmaster.master][INFO] 2017-09-21 19:17:55,338: +PARAM [/image_marked/compressedDepth/depth_quantization] by /view
[rosmaster.master][INFO] 2017-09-21 19:17:55,339: +PARAM [/image_marked/compressedDepth/png_level] by /view
[rosmaster.master][INFO] 2017-09-21 19:17:55,340: +PARAM [/image_marked/compressedDepth/depth_max] by /view
[rosmaster.master][INFO] 2017-09-21 19:17:55,341: +PARAM [/image_marked/compressedDepth/depth_quantization] by /view
[rosmaster.master][INFO] 2017-09-21 19:17:55,344: +PARAM [/image_marked/compressedDepth/png_level] by /view
[rosmaster.master][INFO] 2017-09-21 19:17:55,351: +PUB [/image/compressedDepth] /image_converter http://ubuntu:36701/
[rosmaster.master][INFO] 2017-09-21 19:17:55,352: +SERVICE [/image/compressedDepth/set_parameters] /image_converter http://ubuntu:36701/
[rosmaster.master][INFO] 2017-09-21 19:17:55,352: +PUB [/image/compressedDepth/parameter_descriptions] /image_converter http://ubuntu:36701/
[rosmaster.master][INFO] 2017-09-21 19:17:55,353: +PUB [/image/compressedDepth/parameter_updates] /image_converter http://ubuntu:36701/
[rosmaster.master][INFO] 2017-09-21 19:17:55,358: +PARAM [/image/compressedDepth/depth_max] by /image_converter
[rosmaster.master][INFO] 2017-09-21 19:17:55,359: +PARAM [/image/compressedDepth/depth_quantization] by /image_converter
[rosmaster.master][INFO] 2017-09-21 19:17:55,360: +PARAM [/image/compressedDepth/png_level] by /image_converter
[rosmaster.master][INFO] 2017-09-21 19:17:55,362: +PARAM [/image/compressedDepth/depth_max] by /image_converter
[rosmaster.master][INFO] 2017-09-21 19:17:55,366: +PARAM [/image/compressedDepth/depth_quantization] by /image_converter
[rosmaster.master][INFO] 2017-09-21 19:17:55,367: +PARAM [/image/compressedDepth/png_level] by /image_converter
[rosmaster.master][INFO] 2017-09-21 19:17:55,410: +PUB [/image_marked/compressed] /view http://ubuntu:33497/
[rosmaster.master][INFO] 2017-09-21 19:17:55,411: +SERVICE [/image_marked/compressed/set_parameters] /view http://ubuntu:33497/
[rosmaster.master][INFO] 2017-09-21 19:17:55,412: +PUB [/image_marked/compressed/parameter_descriptions] /view http://ubuntu:33497/
[rosmaster.master][INFO] 2017-09-21 19:17:55,413: +PUB [/image_marked/compressed/parameter_updates] /view http://ubuntu:33497/
[rosmaster.master][INFO] 2017-09-21 19:17:55,415: +PARAM [/image_marked/compressed/format] by /view
[rosmaster.master][INFO] 2017-09-21 19:17:55,417: +PARAM [/image_marked/compressed/jpeg_quality] by /view
[rosmaster.master][INFO] 2017-09-21 19:17:55,418: +PARAM [/image_marked/compressed/png_level] by /view
[rosmaster.master][INFO] 2017-09-21 19:17:55,422: +PARAM [/image_marked/compressed/format] by /view
[rosmaster.master][INFO] 2017-09-21 19:17:55,423: +PARAM [/image_marked/compressed/jpeg_quality] by /view
[rosmaster.master][INFO] 2017-09-21 19:17:55,426: +PARAM [/image_marked/compressed/png_level] by /view
[rosmaster.master][INFO] 2017-09-21 19:17:55,433: +PUB [/image/compressed] /image_converter http://ubuntu:36701/
[rosmaster.master][INFO] 2017-09-21 19:17:55,435: +SERVICE [/image/compressed/set_parameters] /image_converter http://ubuntu:36701/
[rosmaster.master][INFO] 2017-09-21 19:17:55,436: +PUB [/image/compressed/parameter_descriptions] /image_converter http://ubuntu:36701/
[rosmaster.master][INFO] 2017-09-21 19:17:55,438: +PUB [/image/compressed/parameter_updates] /image_converter http://ubuntu:36701/
[rosmaster.master][INFO] 2017-09-21 19:17:55,447: +PARAM [/image/compressed/format] by /image_converter
[rosmaster.master][INFO] 2017-09-21 19:17:55,450: +PARAM [/image/compressed/jpeg_quality] by /image_converter
[rosmaster.master][INFO] 2017-09-21 19:17:55,451: +PARAM [/image/compressed/png_level] by /image_converter
[rosmaster.master][INFO] 2017-09-21 19:17:55,452: +PARAM [/image/compressed/format] by /image_converter
[rosmaster.master][INFO] 2017-09-21 19:17:55,455: +PARAM [/image/compressed/jpeg_quality] by /image_converter
[rosmaster.master][INFO] 2017-09-21 19:17:55,455: +PARAM [/image/compressed/png_level] by /image_converter
[rosmaster.master][INFO] 2017-09-21 19:17:55,492: +PUB [/camera/image_raw/compressedDepth] /camera http://ubuntu:43000/
[rosmaster.master][INFO] 2017-09-21 19:17:55,493: +SERVICE [/camera/image_raw/compressedDepth/set_parameters] /camera http://ubuntu:43000/
[rosmaster.master][INFO] 2017-09-21 19:17:55,493: +PUB [/camera/image_raw/compressedDepth/parameter_descriptions] /camera http://ubuntu:43000/
[rosmaster.master][INFO] 2017-09-21 19:17:55,494: +PUB [/camera/image_raw/compressedDepth/parameter_updates] /camera http://ubuntu:43000/
[rosmaster.master][INFO] 2017-09-21 19:17:55,499: +PARAM [/camera/image_raw/compressedDepth/depth_max] by /camera
[rosmaster.master][INFO] 2017-09-21 19:17:55,502: +PARAM [/camera/image_raw/compressedDepth/depth_quantization] by /camera
[rosmaster.master][INFO] 2017-09-21 19:17:55,503: +PARAM [/camera/image_raw/compressedDepth/png_level] by /camera
[rosmaster.master][INFO] 2017-09-21 19:17:55,503: +PARAM [/camera/image_raw/compressedDepth/depth_max] by /camera
[rosmaster.master][INFO] 2017-09-21 19:17:55,506: +PARAM [/camera/image_raw/compressedDepth/depth_quantization] by /camera
[rosmaster.master][INFO] 2017-09-21 19:17:55,508: +PARAM [/camera/image_raw/compressedDepth/png_level] by /camera
[rosmaster.master][INFO] 2017-09-21 19:17:55,518: +PUB [/image_marked] /view http://ubuntu:33497/
[rosmaster.master][INFO] 2017-09-21 19:17:55,538: +PUB [/image] /image_converter http://ubuntu:36701/
[rosmaster.master][INFO] 2017-09-21 19:17:55,592: +PUB [/camera/image_raw/compressed] /camera http://ubuntu:43000/
[rosmaster.master][INFO] 2017-09-21 19:17:55,593: +SERVICE [/camera/image_raw/compressed/set_parameters] /camera http://ubuntu:43000/
[rosmaster.master][INFO] 2017-09-21 19:17:55,594: +PUB [/camera/image_raw/compressed/parameter_descriptions] /camera http://ubuntu:43000/
[rosmaster.master][INFO] 2017-09-21 19:17:55,598: +PUB [/camera/image_raw/compressed/parameter_updates] /camera http://ubuntu:43000/
[rosmaster.master][INFO] 2017-09-21 19:17:55,600: +PARAM [/camera/image_raw/compressed/format] by /camera
[rosmaster.master][INFO] 2017-09-21 19:17:55,603: +PARAM [/camera/image_raw/compressed/jpeg_quality] by /camera
[rosmaster.master][INFO] 2017-09-21 19:17:55,603: +PARAM [/camera/image_raw/compressed/png_level] by /camera
[rosmaster.master][INFO] 2017-09-21 19:17:55,604: +PARAM [/camera/image_raw/compressed/format] by /camera
[rosmaster.master][INFO] 2017-09-21 19:17:55,610: +PARAM [/camera/image_raw/compressed/jpeg_quality] by /camera
[rosmaster.master][INFO] 2017-09-21 19:17:55,611: +PARAM [/camera/image_raw/compressed/png_level] by /camera
[rosmaster.master][INFO] 2017-09-21 19:17:55,618: +PUB [/image_marked/theora] /view http://ubuntu:33497/
[rosmaster.master][INFO] 2017-09-21 19:17:55,619: +SERVICE [/image_marked/theora/set_parameters] /view http://ubuntu:33497/
[rosmaster.master][INFO] 2017-09-21 19:17:55,620: +PUB [/image_marked/theora/parameter_descriptions] /view http://ubuntu:33497/
[rosmaster.master][INFO] 2017-09-21 19:17:55,621: +PUB [/image_marked/theora/parameter_updates] /view http://ubuntu:33497/
[rosmaster.master][INFO] 2017-09-21 19:17:55,629: +PARAM [/image_marked/theora/optimize_for] by /view
[rosmaster.master][INFO] 2017-09-21 19:17:55,630: +PARAM [/image_marked/theora/target_bitrate] by /view
[rosmaster.master][INFO] 2017-09-21 19:17:55,632: +PARAM [/image_marked/theora/quality] by /view
[rosmaster.master][INFO] 2017-09-21 19:17:55,634: +PUB [/image/theora] /image_converter http://ubuntu:36701/
[rosmaster.master][INFO] 2017-09-21 19:17:55,635: +PARAM [/image_marked/theora/keyframe_frequency] by /view
[rosmaster.master][INFO] 2017-09-21 19:17:55,638: +SERVICE [/image/theora/set_parameters] /image_converter http://ubuntu:36701/
[rosmaster.master][INFO] 2017-09-21 19:17:55,638: +PARAM [/image_marked/theora/optimize_for] by /view
[rosmaster.master][INFO] 2017-09-21 19:17:55,639: +PUB [/image/theora/parameter_descriptions] /image_converter http://ubuntu:36701/
[rosmaster.master][INFO] 2017-09-21 19:17:55,641: +PARAM [/image_marked/theora/target_bitrate] by /view
[rosmaster.master][INFO] 2017-09-21 19:17:55,643: +PUB [/image/theora/parameter_updates] /image_converter http://ubuntu:36701/
[rosmaster.master][INFO] 2017-09-21 19:17:55,646: +PARAM [/image_marked/theora/quality] by /view
[rosmaster.master][INFO] 2017-09-21 19:17:55,647: +PARAM [/image_marked/theora/keyframe_frequency] by /view
[rosmaster.master][INFO] 2017-09-21 19:17:55,659: +PARAM [/image/theora/optimize_for] by /image_converter
[rosmaster.master][INFO] 2017-09-21 19:17:55,660: +PARAM [/image/theora/target_bitrate] by /image_converter
[rosmaster.master][INFO] 2017-09-21 19:17:55,660: +PARAM [/image/theora/quality] by /image_converter
[rosmaster.master][INFO] 2017-09-21 19:17:55,661: +PARAM [/image/theora/keyframe_frequency] by /image_converter
[rosmaster.master][INFO] 2017-09-21 19:17:55,666: +PARAM [/image/theora/optimize_for] by /image_converter
[rosmaster.master][INFO] 2017-09-21 19:17:55,667: +PARAM [/image/theora/target_bitrate] by /image_converter
[rosmaster.master][INFO] 2017-09-21 19:17:55,670: +PARAM [/image/theora/quality] by /image_converter
[rosmaster.master][INFO] 2017-09-21 19:17:55,671: +PARAM [/image/theora/keyframe_frequency] by /image_converter
[rosmaster.master][INFO] 2017-09-21 19:17:55,682: +PUB [/camera/image_raw] /camera http://ubuntu:43000/
[rosmaster.master][INFO] 2017-09-21 19:17:55,705: +PUB [/image/marked/compressedDepth] /view http://ubuntu:33497/
[rosmaster.master][INFO] 2017-09-21 19:17:55,707: +SERVICE [/image/marked/compressedDepth/set_parameters] /view http://ubuntu:33497/
[rosmaster.master][INFO] 2017-09-21 19:17:55,707: +PUB [/image/marked/compressedDepth/parameter_descriptions] /view http://ubuntu:33497/
[rosmaster.master][INFO] 2017-09-21 19:17:55,710: +PUB [/image/marked/compressedDepth/parameter_updates] /view http://ubuntu:33497/
[rosmaster.master][INFO] 2017-09-21 19:17:55,712: +PARAM [/image/marked/compressedDepth/depth_max] by /view
[rosmaster.master][INFO] 2017-09-21 19:17:55,713: +PARAM [/image/marked/compressedDepth/depth_quantization] by /view
[rosmaster.master][INFO] 2017-09-21 19:17:55,714: +PARAM [/image/marked/compressedDepth/png_level] by /view
[rosmaster.master][INFO] 2017-09-21 19:17:55,718: +PARAM [/image/marked/compressedDepth/depth_max] by /view
[rosmaster.master][INFO] 2017-09-21 19:17:55,719: +PARAM [/image/marked/compressedDepth/depth_quantization] by /view
[rosmaster.master][INFO] 2017-09-21 19:17:55,720: +PARAM [/image/marked/compressedDepth/png_level] by /view
[rosmaster.master][INFO] 2017-09-21 19:17:55,742: +PUB [/camera/image_raw/theora] /camera http://ubuntu:43000/
[rosmaster.master][INFO] 2017-09-21 19:17:55,746: +SERVICE [/camera/image_raw/theora/set_parameters] /camera http://ubuntu:43000/
[rosmaster.master][INFO] 2017-09-21 19:17:55,747: +PUB [/camera/image_raw/theora/parameter_descriptions] /camera http://ubuntu:43000/
[rosmaster.master][INFO] 2017-09-21 19:17:55,748: +PUB [/camera/image_raw/theora/parameter_updates] /camera http://ubuntu:43000/
[rosmaster.master][INFO] 2017-09-21 19:17:55,751: +PARAM [/camera/image_raw/theora/optimize_for] by /camera
[rosmaster.master][INFO] 2017-09-21 19:17:55,751: +PARAM [/camera/image_raw/theora/target_bitrate] by /camera
[rosmaster.master][INFO] 2017-09-21 19:17:55,752: +PARAM [/camera/image_raw/theora/quality] by /camera
[rosmaster.master][INFO] 2017-09-21 19:17:55,753: +PARAM [/camera/image_raw/theora/keyframe_frequency] by /camera
[rosmaster.master][INFO] 2017-09-21 19:17:55,753: +PARAM [/camera/image_raw/theora/optimize_for] by /camera
[rosmaster.master][INFO] 2017-09-21 19:17:55,758: +PARAM [/camera/image_raw/theora/target_bitrate] by /camera
[rosmaster.master][INFO] 2017-09-21 19:17:55,759: +PARAM [/camera/image_raw/theora/quality] by /camera
[rosmaster.master][INFO] 2017-09-21 19:17:55,760: +PARAM [/camera/image_raw/theora/keyframe_frequency] by /camera
[rosmaster.master][INFO] 2017-09-21 19:17:55,760: +PUB [/camera/camera_info] /camera http://ubuntu:43000/
[rosmaster.master][INFO] 2017-09-21 19:17:55,764: publisherUpdate[/camera/image_raw] -> http://ubuntu:36701/ ['http://ubuntu:43000/']
[rosmaster.master][INFO] 2017-09-21 19:17:55,765: publisherUpdate[/camera/image_raw] -> http://ubuntu:36701/ ['http://ubuntu:43000/']: sec=0.00, result=[1, '', 0]
[rosmaster.master][INFO] 2017-09-21 19:17:55,775: +PUB [/image/marked/compressed] /view http://ubuntu:33497/
[rosmaster.master][INFO] 2017-09-21 19:17:55,777: +SERVICE [/image/marked/compressed/set_parameters] /view http://ubuntu:33497/
[rosmaster.master][INFO] 2017-09-21 19:17:55,778: +PUB [/image/marked/compressed/parameter_descriptions] /view http://ubuntu:33497/
[rosmaster.master][INFO] 2017-09-21 19:17:55,779: +PUB [/image/marked/compressed/parameter_updates] /view http://ubuntu:33497/
[rosmaster.master][INFO] 2017-09-21 19:17:55,783: +PARAM [/image/marked/compressed/format] by /view
[rosmaster.master][INFO] 2017-09-21 19:17:55,784: +PARAM [/image/marked/compressed/jpeg_quality] by /view
[rosmaster.master][INFO] 2017-09-21 19:17:55,785: +PARAM [/image/marked/compressed/png_level] by /view
[rosmaster.master][INFO] 2017-09-21 19:17:55,787: +PARAM [/image/marked/compressed/format] by /view
[rosmaster.master][INFO] 2017-09-21 19:17:55,787: +PARAM [/image/marked/compressed/jpeg_quality] by /view
[rosmaster.master][INFO] 2017-09-21 19:17:55,788: +PARAM [/image/marked/compressed/png_level] by /view
[rosmaster.master][INFO] 2017-09-21 19:17:55,814: +PUB [/image/marked] /view http://ubuntu:33497/
[rosmaster.master][INFO] 2017-09-21 19:17:55,840: +PUB [/image/marked/theora] /view http://ubuntu:33497/
[rosmaster.master][INFO] 2017-09-21 19:17:55,840: +SERVICE [/image/marked/theora/set_parameters] /view http://ubuntu:33497/
[rosmaster.master][INFO] 2017-09-21 19:17:55,841: +PUB [/image/marked/theora/parameter_descriptions] /view http://ubuntu:33497/
[rosmaster.master][INFO] 2017-09-21 19:17:55,842: +PUB [/image/marked/theora/parameter_updates] /view http://ubuntu:33497/
[rosmaster.master][INFO] 2017-09-21 19:17:55,844: +PARAM [/image/marked/theora/optimize_for] by /view
[rosmaster.master][INFO] 2017-09-21 19:17:55,845: +PARAM [/image/marked/theora/target_bitrate] by /view
[rosmaster.master][INFO] 2017-09-21 19:17:55,846: +PARAM [/image/marked/theora/quality] by /view
[rosmaster.master][INFO] 2017-09-21 19:17:55,846: +PARAM [/image/marked/theora/keyframe_frequency] by /view
[rosmaster.master][INFO] 2017-09-21 19:17:55,847: +PARAM [/image/marked/theora/optimize_for] by /view
[rosmaster.master][INFO] 2017-09-21 19:17:55,848: +PARAM [/image/marked/theora/target_bitrate] by /view
[rosmaster.master][INFO] 2017-09-21 19:17:55,848: +PARAM [/image/marked/theora/quality] by /view
[rosmaster.master][INFO] 2017-09-21 19:17:55,849: +PARAM [/image/marked/theora/keyframe_frequency] by /view
[rosmaster.master][INFO] 2017-09-21 19:17:55,878: +SUB [/image] /view http://ubuntu:33497/
[rosmaster.master][INFO] 2017-09-21 19:17:55,881: +SUB [/camera_info] /view http://ubuntu:33497/
[rosmaster.master][INFO] 2017-09-21 19:17:55,884: +SUB [/image_marker] /view http://ubuntu:33497/
[rosmaster.master][INFO] 2017-09-21 19:17:55,887: +SUB [/image/event] /view http://ubuntu:33497/
[rosmaster.master][INFO] 2017-09-21 19:17:55,888: +SERVICE [/view/change_mode] /view http://ubuntu:33497/
[rosmaster.master][INFO] 2017-09-21 19:17:55,888: +SERVICE [/view/rectangle_mode] /view http://ubuntu:33497/
[rosmaster.master][INFO] 2017-09-21 19:17:55,889: +SERVICE [/view/grabcut_mode] /view http://ubuntu:33497/
[rosmaster.master][INFO] 2017-09-21 19:17:55,890: +SERVICE [/view/grabcut_rect_mode] /view http://ubuntu:33497/
[rosmaster.master][INFO] 2017-09-21 19:17:55,891: +SERVICE [/view/line_mode] /view http://ubuntu:33497/
[rosmaster.master][INFO] 2017-09-21 19:17:55,891: +SERVICE [/view/poly_mode] /view http://ubuntu:33497/
[rosmaster.master][INFO] 2017-09-21 19:17:55,892: +SERVICE [/view/none_mode] /view http://ubuntu:33497/
[rosmaster.master][INFO] 2017-09-21 19:17:55,893: +SERVICE [/view/set_parameters] /view http://ubuntu:33497/
[rosmaster.master][INFO] 2017-09-21 19:17:55,893: +PUB [/view/parameter_descriptions] /view http://ubuntu:33497/
[rosmaster.master][INFO] 2017-09-21 19:17:55,894: +PUB [/view/parameter_updates] /view http://ubuntu:33497/
[rosmaster.master][INFO] 2017-09-21 19:17:55,899: +PARAM [/view/grid] by /view
[rosmaster.master][INFO] 2017-09-21 19:17:55,900: +PARAM [/view/fisheye_mode] by /view
[rosmaster.master][INFO] 2017-09-21 19:17:55,901: +PARAM [/view/div_u] by /view
[rosmaster.master][INFO] 2017-09-21 19:17:55,902: +PARAM [/view/div_v] by /view
[rosmaster.master][INFO] 2017-09-21 19:17:55,902: +PARAM [/view/grid_red] by /view
[rosmaster.master][INFO] 2017-09-21 19:17:55,903: +PARAM [/view/grid_green] by /view
[rosmaster.master][INFO] 2017-09-21 19:17:55,903: +PARAM [/view/grid_blue] by /view
[rosmaster.master][INFO] 2017-09-21 19:17:55,904: +PARAM [/view/grid_thickness] by /view
[rosmaster.master][INFO] 2017-09-21 19:17:55,905: +PARAM [/view/grid_space] by /view
[rosmaster.master][INFO] 2017-09-21 19:17:55,905: +PARAM [/view/grid] by /view
[rosmaster.master][INFO] 2017-09-21 19:17:55,906: +PARAM [/view/fisheye_mode] by /view
[rosmaster.master][INFO] 2017-09-21 19:17:55,907: +PARAM [/view/div_u] by /view
[rosmaster.master][INFO] 2017-09-21 19:17:55,907: +PARAM [/view/div_v] by /view
[rosmaster.master][INFO] 2017-09-21 19:17:55,908: +PARAM [/view/grid_red] by /view
[rosmaster.master][INFO] 2017-09-21 19:17:55,908: +PARAM [/view/grid_green] by /view
[rosmaster.master][INFO] 2017-09-21 19:17:55,909: +PARAM [/view/grid_blue] by /view
[rosmaster.master][INFO] 2017-09-21 19:17:55,910: +PARAM [/view/grid_thickness] by /view
[rosmaster.master][INFO] 2017-09-21 19:17:55,910: +PARAM [/view/grid_space] by /view
[rosmaster.master][INFO] 2017-09-21 19:18:06,746: -PUB [/rosout] /view http://ubuntu:33497/
[rosmaster.master][INFO] 2017-09-21 19:18:06,749: -PUB [/image/screenpoint] /view http://ubuntu:33497/
[rosmaster.master][INFO] 2017-09-21 19:18:06,753: -PUB [/image/screenpoint_array] /view http://ubuntu:33497/
[rosmaster.master][INFO] 2017-09-21 19:18:06,757: -PUB [/image/screenrectangle] /view http://ubuntu:33497/
[rosmaster.master][INFO] 2017-09-21 19:18:06,758: -PUB [/image/screenrectangle_image] /view http://ubuntu:33497/
[rosmaster.master][INFO] 2017-09-21 19:18:06,759: -PUB [/image/movepoint] /view http://ubuntu:33497/
[rosmaster.master][INFO] 2017-09-21 19:18:06,763: -PUB [/image/foreground] /view http://ubuntu:33497/
[rosmaster.master][INFO] 2017-09-21 19:18:06,767: -PUB [/image/background] /view http://ubuntu:33497/
[rosmaster.master][INFO] 2017-09-21 19:18:06,770: -PUB [/image/foreground_rect] /view http://ubuntu:33497/
[rosmaster.master][INFO] 2017-09-21 19:18:06,771: -PUB [/image/background_rect] /view http://ubuntu:33497/
[rosmaster.master][INFO] 2017-09-21 19:18:06,774: -PUB [/image/line] /view http://ubuntu:33497/
[rosmaster.master][INFO] 2017-09-21 19:18:06,776: -PUB [/image/poly] /view http://ubuntu:33497/
[rosmaster.master][INFO] 2017-09-21 19:18:06,780: -PUB [/image_marked/compressedDepth] /view http://ubuntu:33497/
[rosmaster.master][INFO] 2017-09-21 19:18:06,782: -PUB [/image_marked/compressedDepth/parameter_descriptions] /view http://ubuntu:33497/
[rosmaster.master][INFO] 2017-09-21 19:18:06,783: -PUB [/image_marked/compressedDepth/parameter_updates] /view http://ubuntu:33497/
[rosmaster.master][INFO] 2017-09-21 19:18:06,786: -PUB [/image_marked/compressed] /view http://ubuntu:33497/
[rosmaster.master][INFO] 2017-09-21 19:18:06,789: -PUB [/image_marked/compressed/parameter_descriptions] /view http://ubuntu:33497/
[rosmaster.master][INFO] 2017-09-21 19:18:06,792: -PUB [/image_marked/compressed/parameter_updates] /view http://ubuntu:33497/
[rosmaster.master][INFO] 2017-09-21 19:18:06,793: -PUB [/image_marked] /view http://ubuntu:33497/
[rosmaster.master][INFO] 2017-09-21 19:18:06,794: -PUB [/image_marked/theora] /view http://ubuntu:33497/
[rosmaster.master][INFO] 2017-09-21 19:18:06,797: -PUB [/image_marked/theora/parameter_descriptions] /view http://ubuntu:33497/
[rosmaster.master][INFO] 2017-09-21 19:18:06,798: -PUB [/image_marked/theora/parameter_updates] /view http://ubuntu:33497/
[rosmaster.master][INFO] 2017-09-21 19:18:06,799: -PUB [/image/marked/compressedDepth] /view http://ubuntu:33497/
[rosmaster.master][INFO] 2017-09-21 19:18:06,800: -PUB [/image/marked/compressedDepth/parameter_descriptions] /view http://ubuntu:33497/
[rosmaster.master][INFO] 2017-09-21 19:18:06,800: -PUB [/image/marked/compressedDepth/parameter_updates] /view http://ubuntu:33497/
[rosmaster.master][INFO] 2017-09-21 19:18:06,802: -PUB [/image/marked/compressed] /view http://ubuntu:33497/
[rosmaster.master][INFO] 2017-09-21 19:18:06,803: -PUB [/image/marked/compressed/parameter_descriptions] /view http://ubuntu:33497/
[rosmaster.master][INFO] 2017-09-21 19:18:06,805: -PUB [/image/marked/compressed/parameter_updates] /view http://ubuntu:33497/
[rosmaster.master][INFO] 2017-09-21 19:18:06,806: -PUB [/image/marked] /view http://ubuntu:33497/
[rosmaster.master][INFO] 2017-09-21 19:18:06,806: -PUB [/image/marked/theora] /view http://ubuntu:33497/
[rosmaster.master][INFO] 2017-09-21 19:18:06,808: -PUB [/image/marked/theora/parameter_descriptions] /view http://ubuntu:33497/
[rosmaster.master][INFO] 2017-09-21 19:18:06,809: -PUB [/image/marked/theora/parameter_updates] /view http://ubuntu:33497/
[rosmaster.master][INFO] 2017-09-21 19:18:06,810: -PUB [/view/parameter_descriptions] /view http://ubuntu:33497/
[rosmaster.master][INFO] 2017-09-21 19:18:06,813: -PUB [/view/parameter_updates] /view http://ubuntu:33497/
[rosmaster.master][INFO] 2017-09-21 19:18:06,814: -SUB [/tf] /view http://ubuntu:33497/
[rosmaster.master][INFO] 2017-09-21 19:18:06,815: -SUB [/tf_static] /view http://ubuntu:33497/
[rosmaster.master][INFO] 2017-09-21 19:18:06,817: -SUB [/image] /view http://ubuntu:33497/
[rosmaster.master][INFO] 2017-09-21 19:18:06,818: -SUB [/camera_info] /view http://ubuntu:33497/
[rosmaster.master][INFO] 2017-09-21 19:18:06,819: -SUB [/image_marker] /view http://ubuntu:33497/
[rosmaster.master][INFO] 2017-09-21 19:18:06,820: -SUB [/image/event] /view http://ubuntu:33497/
[rosmaster.master][INFO] 2017-09-21 19:18:06,821: -SERVICE [/view/get_loggers] /view rosrpc://ubuntu:45333
[rosmaster.master][INFO] 2017-09-21 19:18:06,822: -SERVICE [/view/set_logger_level] /view rosrpc://ubuntu:45333
[rosmaster.master][INFO] 2017-09-21 19:18:06,824: -SERVICE [/image_marked/compressedDepth/set_parameters] /view rosrpc://ubuntu:45333
[rosmaster.master][INFO] 2017-09-21 19:18:06,827: -SERVICE [/image_marked/compressed/set_parameters] /view rosrpc://ubuntu:45333
[rosmaster.master][INFO] 2017-09-21 19:18:06,830: -SERVICE [/image_marked/theora/set_parameters] /view rosrpc://ubuntu:45333
[rosmaster.master][INFO] 2017-09-21 19:18:06,833: publisherUpdate[/rosout] -> http://ubuntu:33386/ ['http://ubuntu:36701/', 'http://ubuntu:43000/']
[rosmaster.master][INFO] 2017-09-21 19:18:06,834: publisherUpdate[/rosout] -> http://ubuntu:33386/ ['http://ubuntu:36701/', 'http://ubuntu:43000/']: sec=0.00, result=[1, '', 0]
[rosmaster.master][INFO] 2017-09-21 19:18:06,834: -PUB [/rosout] /camera http://ubuntu:43000/
[rosmaster.master][INFO] 2017-09-21 19:18:06,836: -SERVICE [/image/marked/compressedDepth/set_parameters] /view rosrpc://ubuntu:45333
[rosmaster.master][INFO] 2017-09-21 19:18:06,837: -PUB [/camera/image_raw/compressedDepth] /camera http://ubuntu:43000/
[rosmaster.master][INFO] 2017-09-21 19:18:06,838: -SERVICE [/image/marked/compressed/set_parameters] /view rosrpc://ubuntu:45333
[rosmaster.master][INFO] 2017-09-21 19:18:06,846: -PUB [/camera/image_raw/compressedDepth/parameter_descriptions] /camera http://ubuntu:43000/
[rosmaster.master][INFO] 2017-09-21 19:18:06,850: -SERVICE [/image/marked/theora/set_parameters] /view rosrpc://ubuntu:45333
[rosmaster.master][INFO] 2017-09-21 19:18:06,851: -PUB [/camera/image_raw/compressedDepth/parameter_updates] /camera http://ubuntu:43000/
[rosmaster.master][INFO] 2017-09-21 19:18:06,852: -PUB [/camera/image_raw/compressed] /camera http://ubuntu:43000/
[rosmaster.master][INFO] 2017-09-21 19:18:06,857: -SERVICE [/view/change_mode] /view rosrpc://ubuntu:45333
[rosmaster.master][INFO] 2017-09-21 19:18:06,861: -PUB [/camera/image_raw/compressed/parameter_descriptions] /camera http://ubuntu:43000/
[rosmaster.master][INFO] 2017-09-21 19:18:06,863: -SERVICE [/view/rectangle_mode] /view rosrpc://ubuntu:45333
[rosmaster.master][INFO] 2017-09-21 19:18:06,866: -PUB [/camera/image_raw/compressed/parameter_updates] /camera http://ubuntu:43000/
[rosmaster.master][INFO] 2017-09-21 19:18:06,870: -SERVICE [/view/grabcut_mode] /view rosrpc://ubuntu:45333
[rosmaster.master][INFO] 2017-09-21 19:18:06,873: -PUB [/camera/image_raw] /camera http://ubuntu:43000/
[rosmaster.master][INFO] 2017-09-21 19:18:06,875: -SERVICE [/view/grabcut_rect_mode] /view rosrpc://ubuntu:45333
[rosmaster.master][INFO] 2017-09-21 19:18:06,875: -PUB [/camera/image_raw/theora] /camera http://ubuntu:43000/
[rosmaster.master][INFO] 2017-09-21 19:18:06,877: -SERVICE [/view/line_mode] /view rosrpc://ubuntu:45333
[rosmaster.master][INFO] 2017-09-21 19:18:06,878: -PUB [/camera/image_raw/theora/parameter_descriptions] /camera http://ubuntu:43000/
[rosmaster.master][INFO] 2017-09-21 19:18:06,880: -SERVICE [/view/poly_mode] /view rosrpc://ubuntu:45333
[rosmaster.master][INFO] 2017-09-21 19:18:06,880: -PUB [/camera/image_raw/theora/parameter_updates] /camera http://ubuntu:43000/
[rosmaster.master][INFO] 2017-09-21 19:18:06,881: -PUB [/camera/camera_info] /camera http://ubuntu:43000/
[rosmaster.master][INFO] 2017-09-21 19:18:06,891: -SERVICE [/view/none_mode] /view rosrpc://ubuntu:45333
[rosmaster.master][INFO] 2017-09-21 19:18:06,892: -SERVICE [/camera/get_loggers] /camera rosrpc://ubuntu:56297
[rosmaster.master][INFO] 2017-09-21 19:18:06,892: -SERVICE [/camera/set_logger_level] /camera rosrpc://ubuntu:56297
[rosmaster.master][INFO] 2017-09-21 19:18:06,893: -SERVICE [/camera/set_camera_info] /camera rosrpc://ubuntu:56297
[rosmaster.master][INFO] 2017-09-21 19:18:06,895: -SERVICE [/view/set_parameters] /view rosrpc://ubuntu:45333
[rosmaster.master][INFO] 2017-09-21 19:18:06,901: -SERVICE [/camera/image_raw/compressedDepth/set_parameters] /camera rosrpc://ubuntu:56297
[rosmaster.master][INFO] 2017-09-21 19:18:06,902: -SERVICE [/camera/image_raw/compressed/set_parameters] /camera rosrpc://ubuntu:56297
[rosmaster.master][INFO] 2017-09-21 19:18:06,903: -SERVICE [/camera/image_raw/theora/set_parameters] /camera rosrpc://ubuntu:56297
[rosmaster.master][INFO] 2017-09-21 19:18:06,934: publisherUpdate[/rosout] -> http://ubuntu:33386/ ['http://ubuntu:36701/']
[rosmaster.master][INFO] 2017-09-21 19:18:06,934: publisherUpdate[/camera/image_raw] -> http://ubuntu:36701/ []
[rosmaster.master][INFO] 2017-09-21 19:18:06,935: publisherUpdate[/camera/image_raw] -> http://ubuntu:36701/ []: sec=0.00, exception=[Errno 111] Connection refused
[rosmaster.master][INFO] 2017-09-21 19:18:06,936: publisherUpdate[/rosout] -> http://ubuntu:33386/ ['http://ubuntu:36701/']: sec=0.00, result=[1, '', 0]
[rosmaster.threadpool][ERROR] 2017-09-21 19:18:06,936: Traceback (most recent call last):
  File "/opt/ros/kinetic/lib/python2.7/dist-packages/rosmaster/threadpool.py", line 218, in run
    result = cmd(*args)
  File "/opt/ros/kinetic/lib/python2.7/dist-packages/rosmaster/master_api.py", line 210, in publisher_update_task
    ret = xmlrpcapi(api).publisherUpdate('/master', topic, pub_uris)
  File "/usr/lib/python2.7/xmlrpclib.py", line 1243, in __call__
    return self.__send(self.__name, args)
  File "/usr/lib/python2.7/xmlrpclib.py", line 1602, in __request
    verbose=self.__verbose
  File "/usr/lib/python2.7/xmlrpclib.py", line 1283, in request
    return self.single_request(host, handler, request_body, verbose)
  File "/usr/lib/python2.7/xmlrpclib.py", line 1311, in single_request
    self.send_content(h, request_body)
  File "/usr/lib/python2.7/xmlrpclib.py", line 1459, in send_content
    connection.endheaders(request_body)
  File "/usr/lib/python2.7/httplib.py", line 1053, in endheaders
    self._send_output(message_body)
  File "/usr/lib/python2.7/httplib.py", line 897, in _send_output
    self.send(msg)
  File "/usr/lib/python2.7/httplib.py", line 859, in send
    self.connect()
  File "/usr/lib/python2.7/httplib.py", line 836, in connect
    self.timeout, self.source_address)
  File "/usr/lib/python2.7/socket.py", line 575, in create_connection
    raise err
error: [Errno 111] Connection refused

[rosmaster.master][INFO] 2017-09-21 19:18:07,438: -PUB [/rosout_agg] /rosout http://ubuntu:33386/
[rosmaster.master][INFO] 2017-09-21 19:18:07,439: -SUB [/rosout] /rosout http://ubuntu:33386/
[rosmaster.master][INFO] 2017-09-21 19:18:07,440: -SERVICE [/rosout/get_loggers] /rosout rosrpc://ubuntu:53445
[rosmaster.master][INFO] 2017-09-21 19:18:07,441: -SERVICE [/rosout/set_logger_level] /rosout rosrpc://ubuntu:53445
[rosmaster.main][INFO] 2017-09-21 19:18:07,461: keyboard interrupt, will exit
[rosmaster.main][INFO] 2017-09-21 19:18:07,462: stopping master...
[rospy.core][INFO] 2017-09-21 19:18:07,462: signal_shutdown [atexit]
