[rosmaster.main][INFO] 2017-10-05 18:02:54,827: initialization complete, waiting for shutdown
[rosmaster.main][INFO] 2017-10-05 18:02:54,827: Starting ROS Master Node
[xmlrpc][INFO] 2017-10-05 18:02:54,828: XML-RPC server binding to 0.0.0.0:11311
[xmlrpc][INFO] 2017-10-05 18:02:54,829: Started XML-RPC server [http://ubuntu:11311/]
[xmlrpc][INFO] 2017-10-05 18:02:54,829: xml rpc node: starting XML-RPC server
[rosmaster.master][INFO] 2017-10-05 18:02:54,829: Master initialized: port[11311], uri[http://ubuntu:11311/]
[rosmaster.master][INFO] 2017-10-05 18:02:54,877: +PARAM [/run_id] by /roslaunch
[rosmaster.master][INFO] 2017-10-05 18:02:54,880: +PARAM [/roslaunch/uris/host_ubuntu__37844] by /roslaunch
[rosmaster.master][INFO] 2017-10-05 18:02:54,962: +PARAM [/rosversion] by /roslaunch
[rosmaster.master][INFO] 2017-10-05 18:02:54,963: +PARAM [/rosdistro] by /roslaunch
[rosmaster.master][INFO] 2017-10-05 18:02:54,963: +PARAM [/camera/device_id] by /roslaunch
[rosmaster.master][INFO] 2017-10-05 18:02:54,999: +SERVICE [/rosout/get_loggers] /rosout http://ubuntu:37347/
[rosmaster.master][INFO] 2017-10-05 18:02:55,003: +SERVICE [/rosout/set_logger_level] /rosout http://ubuntu:37347/
[rosmaster.master][INFO] 2017-10-05 18:02:55,015: +PUB [/rosout_agg] /rosout http://ubuntu:37347/
[rosmaster.master][INFO] 2017-10-05 18:02:55,024: +SUB [/rosout] /rosout http://ubuntu:37347/
[rosmaster.master][INFO] 2017-10-05 18:02:55,113: +PUB [/rosout] /mask_orange http://ubuntu:40920/
[rosmaster.master][INFO] 2017-10-05 18:02:55,114: +SERVICE [/mask_orange/get_loggers] /mask_orange http://ubuntu:40920/
[rosmaster.master][INFO] 2017-10-05 18:02:55,115: +SERVICE [/mask_orange/set_logger_level] /mask_orange http://ubuntu:40920/
[rosmaster.master][INFO] 2017-10-05 18:02:55,128: publisherUpdate[/rosout] -> http://ubuntu:37347/ ['http://ubuntu:40920/']
[rosmaster.master][INFO] 2017-10-05 18:02:55,130: publisherUpdate[/rosout] -> http://ubuntu:37347/ ['http://ubuntu:40920/']: sec=0.00, result=[1, '', 0]
[rosmaster.master][INFO] 2017-10-05 18:02:55,162: +PUB [/rosout] /camera http://ubuntu:43722/
[rosmaster.master][INFO] 2017-10-05 18:02:55,163: +SERVICE [/camera/get_loggers] /camera http://ubuntu:43722/
[rosmaster.master][INFO] 2017-10-05 18:02:55,163: +SERVICE [/camera/set_logger_level] /camera http://ubuntu:43722/
[rosmaster.master][INFO] 2017-10-05 18:02:55,172: +PUB [/rosout] /view http://ubuntu:34483/
[rosmaster.master][INFO] 2017-10-05 18:02:55,173: +SERVICE [/view/get_loggers] /view http://ubuntu:34483/
[rosmaster.master][INFO] 2017-10-05 18:02:55,177: +SERVICE [/view/set_logger_level] /view http://ubuntu:34483/
[rosmaster.master][INFO] 2017-10-05 18:02:55,190: +SUB [/tf] /view http://ubuntu:34483/
[rosmaster.master][INFO] 2017-10-05 18:02:55,201: +SUB [/tf_static] /view http://ubuntu:34483/
[rosmaster.master][INFO] 2017-10-05 18:02:55,231: publisherUpdate[/rosout] -> http://ubuntu:37347/ ['http://ubuntu:40920/', 'http://ubuntu:43722/']
[rosmaster.master][INFO] 2017-10-05 18:02:55,231: publisherUpdate[/rosout] -> http://ubuntu:37347/ ['http://ubuntu:40920/', 'http://ubuntu:43722/']: sec=0.00, result=[1, '', 0]
[rosmaster.master][INFO] 2017-10-05 18:02:55,231: publisherUpdate[/rosout] -> http://ubuntu:37347/ ['http://ubuntu:40920/', 'http://ubuntu:43722/', 'http://ubuntu:34483/']
[rosmaster.master][INFO] 2017-10-05 18:02:55,232: publisherUpdate[/rosout] -> http://ubuntu:37347/ ['http://ubuntu:40920/', 'http://ubuntu:43722/', 'http://ubuntu:34483/']: sec=0.00, result=[1, '', 0]
[rosmaster.master][INFO] 2017-10-05 18:02:55,237: +SERVICE [/camera/set_camera_info] /camera http://ubuntu:43722/
[rosmaster.master][INFO] 2017-10-05 18:02:55,257: +PUB [/image/screenpoint] /view http://ubuntu:34483/
[rosmaster.master][INFO] 2017-10-05 18:02:55,257: +PUB [/image/screenpoint_array] /view http://ubuntu:34483/
[rosmaster.master][INFO] 2017-10-05 18:02:55,259: +PUB [/image/screenrectangle] /view http://ubuntu:34483/
[rosmaster.master][INFO] 2017-10-05 18:02:55,260: +PUB [/image/screenrectangle_image] /view http://ubuntu:34483/
[rosmaster.master][INFO] 2017-10-05 18:02:55,261: +PUB [/image/movepoint] /view http://ubuntu:34483/
[rosmaster.master][INFO] 2017-10-05 18:02:55,262: +PUB [/image/foreground] /view http://ubuntu:34483/
[rosmaster.master][INFO] 2017-10-05 18:02:55,262: +PUB [/image/background] /view http://ubuntu:34483/
[rosmaster.master][INFO] 2017-10-05 18:02:55,264: +PUB [/image/foreground_rect] /view http://ubuntu:34483/
[rosmaster.master][INFO] 2017-10-05 18:02:55,266: +PUB [/image/background_rect] /view http://ubuntu:34483/
[rosmaster.master][INFO] 2017-10-05 18:02:55,267: +PUB [/image/line] /view http://ubuntu:34483/
[rosmaster.master][INFO] 2017-10-05 18:02:55,268: +PUB [/image/poly] /view http://ubuntu:34483/
[rosmaster.master][INFO] 2017-10-05 18:02:55,271: +SUB [/camera/image_raw] /mask_orange http://ubuntu:40920/
[rosmaster.master][INFO] 2017-10-05 18:02:55,336: +PUB [/image/compressedDepth] /mask_orange http://ubuntu:40920/
[rosmaster.master][INFO] 2017-10-05 18:02:55,337: +SERVICE [/image/compressedDepth/set_parameters] /mask_orange http://ubuntu:40920/
[rosmaster.master][INFO] 2017-10-05 18:02:55,339: +PUB [/image/compressedDepth/parameter_descriptions] /mask_orange http://ubuntu:40920/
[rosmaster.master][INFO] 2017-10-05 18:02:55,340: +PUB [/image/compressedDepth/parameter_updates] /mask_orange http://ubuntu:40920/
[rosmaster.master][INFO] 2017-10-05 18:02:55,351: +PARAM [/image/compressedDepth/depth_max] by /mask_orange
[rosmaster.master][INFO] 2017-10-05 18:02:55,353: +PARAM [/image/compressedDepth/depth_quantization] by /mask_orange
[rosmaster.master][INFO] 2017-10-05 18:02:55,358: +PARAM [/image/compressedDepth/png_level] by /mask_orange
[rosmaster.master][INFO] 2017-10-05 18:02:55,359: +PUB [/image_marked/compressedDepth] /view http://ubuntu:34483/
[rosmaster.master][INFO] 2017-10-05 18:02:55,360: +PARAM [/image/compressedDepth/depth_max] by /mask_orange
[rosmaster.master][INFO] 2017-10-05 18:02:55,361: +SERVICE [/image_marked/compressedDepth/set_parameters] /view http://ubuntu:34483/
[rosmaster.master][INFO] 2017-10-05 18:02:55,365: +PARAM [/image/compressedDepth/depth_quantization] by /mask_orange
[rosmaster.master][INFO] 2017-10-05 18:02:55,366: +PUB [/image_marked/compressedDepth/parameter_descriptions] /view http://ubuntu:34483/
[rosmaster.master][INFO] 2017-10-05 18:02:55,367: +PARAM [/image/compressedDepth/png_level] by /mask_orange
[rosmaster.master][INFO] 2017-10-05 18:02:55,373: +PUB [/image_marked/compressedDepth/parameter_updates] /view http://ubuntu:34483/
[rosmaster.master][INFO] 2017-10-05 18:02:55,380: +PARAM [/image_marked/compressedDepth/depth_max] by /view
[rosmaster.master][INFO] 2017-10-05 18:02:55,381: +PARAM [/image_marked/compressedDepth/depth_quantization] by /view
[rosmaster.master][INFO] 2017-10-05 18:02:55,389: +PARAM [/image_marked/compressedDepth/png_level] by /view
[rosmaster.master][INFO] 2017-10-05 18:02:55,390: +PARAM [/image_marked/compressedDepth/depth_max] by /view
[rosmaster.master][INFO] 2017-10-05 18:02:55,391: +PARAM [/image_marked/compressedDepth/depth_quantization] by /view
[rosmaster.master][INFO] 2017-10-05 18:02:55,392: +PARAM [/image_marked/compressedDepth/png_level] by /view
[rosmaster.master][INFO] 2017-10-05 18:02:55,436: +PUB [/camera/image_raw/compressedDepth] /camera http://ubuntu:43722/
[rosmaster.master][INFO] 2017-10-05 18:02:55,437: +SERVICE [/camera/image_raw/compressedDepth/set_parameters] /camera http://ubuntu:43722/
[rosmaster.master][INFO] 2017-10-05 18:02:55,438: +PUB [/camera/image_raw/compressedDepth/parameter_descriptions] /camera http://ubuntu:43722/
[rosmaster.master][INFO] 2017-10-05 18:02:55,439: +PUB [/camera/image_raw/compressedDepth/parameter_updates] /camera http://ubuntu:43722/
[rosmaster.master][INFO] 2017-10-05 18:02:55,449: +PARAM [/camera/image_raw/compressedDepth/depth_max] by /camera
[rosmaster.master][INFO] 2017-10-05 18:02:55,451: +PARAM [/camera/image_raw/compressedDepth/depth_quantization] by /camera
[rosmaster.master][INFO] 2017-10-05 18:02:55,459: +PARAM [/camera/image_raw/compressedDepth/png_level] by /camera
[rosmaster.master][INFO] 2017-10-05 18:02:55,460: +PARAM [/camera/image_raw/compressedDepth/depth_max] by /camera
[rosmaster.master][INFO] 2017-10-05 18:02:55,461: +PARAM [/camera/image_raw/compressedDepth/depth_quantization] by /camera
[rosmaster.master][INFO] 2017-10-05 18:02:55,462: +PARAM [/camera/image_raw/compressedDepth/png_level] by /camera
[rosmaster.master][INFO] 2017-10-05 18:02:55,468: +PUB [/image/compressed] /mask_orange http://ubuntu:40920/
[rosmaster.master][INFO] 2017-10-05 18:02:55,472: +SERVICE [/image/compressed/set_parameters] /mask_orange http://ubuntu:40920/
[rosmaster.master][INFO] 2017-10-05 18:02:55,477: +PUB [/image/compressed/parameter_descriptions] /mask_orange http://ubuntu:40920/
[rosmaster.master][INFO] 2017-10-05 18:02:55,481: +PUB [/image/compressed/parameter_updates] /mask_orange http://ubuntu:40920/
[rosmaster.master][INFO] 2017-10-05 18:02:55,495: +PARAM [/image/compressed/format] by /mask_orange
[rosmaster.master][INFO] 2017-10-05 18:02:55,495: +PARAM [/image/compressed/jpeg_quality] by /mask_orange
[rosmaster.master][INFO] 2017-10-05 18:02:55,496: +PARAM [/image/compressed/png_level] by /mask_orange
[rosmaster.master][INFO] 2017-10-05 18:02:55,498: +PUB [/image_marked/compressed] /view http://ubuntu:34483/
[rosmaster.master][INFO] 2017-10-05 18:02:55,499: +PARAM [/image/compressed/format] by /mask_orange
[rosmaster.master][INFO] 2017-10-05 18:02:55,501: +SERVICE [/image_marked/compressed/set_parameters] /view http://ubuntu:34483/
[rosmaster.master][INFO] 2017-10-05 18:02:55,503: +PARAM [/image/compressed/jpeg_quality] by /mask_orange
[rosmaster.master][INFO] 2017-10-05 18:02:55,504: +PUB [/image_marked/compressed/parameter_descriptions] /view http://ubuntu:34483/
[rosmaster.master][INFO] 2017-10-05 18:02:55,509: +PARAM [/image/compressed/png_level] by /mask_orange
[rosmaster.master][INFO] 2017-10-05 18:02:55,514: +PUB [/image_marked/compressed/parameter_updates] /view http://ubuntu:34483/
[rosmaster.master][INFO] 2017-10-05 18:02:55,520: +PARAM [/image_marked/compressed/format] by /view
[rosmaster.master][INFO] 2017-10-05 18:02:55,524: +PARAM [/image_marked/compressed/jpeg_quality] by /view
[rosmaster.master][INFO] 2017-10-05 18:02:55,529: +PARAM [/image_marked/compressed/png_level] by /view
[rosmaster.master][INFO] 2017-10-05 18:02:55,530: +PARAM [/image_marked/compressed/format] by /view
[rosmaster.master][INFO] 2017-10-05 18:02:55,531: +PARAM [/image_marked/compressed/jpeg_quality] by /view
[rosmaster.master][INFO] 2017-10-05 18:02:55,533: +PARAM [/image_marked/compressed/png_level] by /view
[rosmaster.master][INFO] 2017-10-05 18:02:55,562: +PUB [/camera/image_raw/compressed] /camera http://ubuntu:43722/
[rosmaster.master][INFO] 2017-10-05 18:02:55,563: +SERVICE [/camera/image_raw/compressed/set_parameters] /camera http://ubuntu:43722/
[rosmaster.master][INFO] 2017-10-05 18:02:55,565: +PUB [/camera/image_raw/compressed/parameter_descriptions] /camera http://ubuntu:43722/
[rosmaster.master][INFO] 2017-10-05 18:02:55,566: +PUB [/camera/image_raw/compressed/parameter_updates] /camera http://ubuntu:43722/
[rosmaster.master][INFO] 2017-10-05 18:02:55,573: +PARAM [/camera/image_raw/compressed/format] by /camera
[rosmaster.master][INFO] 2017-10-05 18:02:55,574: +PARAM [/camera/image_raw/compressed/jpeg_quality] by /camera
[rosmaster.master][INFO] 2017-10-05 18:02:55,581: +PARAM [/camera/image_raw/compressed/png_level] by /camera
[rosmaster.master][INFO] 2017-10-05 18:02:55,582: +PARAM [/camera/image_raw/compressed/format] by /camera
[rosmaster.master][INFO] 2017-10-05 18:02:55,582: +PARAM [/camera/image_raw/compressed/jpeg_quality] by /camera
[rosmaster.master][INFO] 2017-10-05 18:02:55,583: +PARAM [/camera/image_raw/compressed/png_level] by /camera
[rosmaster.master][INFO] 2017-10-05 18:02:55,602: +PUB [/image] /mask_orange http://ubuntu:40920/
[rosmaster.master][INFO] 2017-10-05 18:02:55,627: +PUB [/image_marked] /view http://ubuntu:34483/
[rosmaster.master][INFO] 2017-10-05 18:02:55,669: +PUB [/camera/image_raw] /camera http://ubuntu:43722/
[rosmaster.master][INFO] 2017-10-05 18:02:55,690: +PUB [/image/theora] /mask_orange http://ubuntu:40920/
[rosmaster.master][INFO] 2017-10-05 18:02:55,691: +SERVICE [/image/theora/set_parameters] /mask_orange http://ubuntu:40920/
[rosmaster.master][INFO] 2017-10-05 18:02:55,693: +PUB [/image/theora/parameter_descriptions] /mask_orange http://ubuntu:40920/
[rosmaster.master][INFO] 2017-10-05 18:02:55,694: +PUB [/image/theora/parameter_updates] /mask_orange http://ubuntu:40920/
[rosmaster.master][INFO] 2017-10-05 18:02:55,703: +PARAM [/image/theora/optimize_for] by /mask_orange
[rosmaster.master][INFO] 2017-10-05 18:02:55,705: +PARAM [/image/theora/target_bitrate] by /mask_orange
[rosmaster.master][INFO] 2017-10-05 18:02:55,706: +PARAM [/image/theora/quality] by /mask_orange
[rosmaster.master][INFO] 2017-10-05 18:02:55,711: +PARAM [/image/theora/keyframe_frequency] by /mask_orange
[rosmaster.master][INFO] 2017-10-05 18:02:55,711: +PARAM [/image/theora/optimize_for] by /mask_orange
[rosmaster.master][INFO] 2017-10-05 18:02:55,713: +PARAM [/image/theora/target_bitrate] by /mask_orange
[rosmaster.master][INFO] 2017-10-05 18:02:55,718: +PUB [/image_marked/theora] /view http://ubuntu:34483/
[rosmaster.master][INFO] 2017-10-05 18:02:55,719: +PARAM [/image/theora/quality] by /mask_orange
[rosmaster.master][INFO] 2017-10-05 18:02:55,720: +SERVICE [/image_marked/theora/set_parameters] /view http://ubuntu:34483/
[rosmaster.master][INFO] 2017-10-05 18:02:55,721: +PARAM [/image/theora/keyframe_frequency] by /mask_orange
[rosmaster.master][INFO] 2017-10-05 18:02:55,725: +PUB [/image_marked/theora/parameter_descriptions] /view http://ubuntu:34483/
[rosmaster.master][INFO] 2017-10-05 18:02:55,726: +PUB [/image_marked/theora/parameter_updates] /view http://ubuntu:34483/
[rosmaster.master][INFO] 2017-10-05 18:02:55,729: +PARAM [/image_marked/theora/optimize_for] by /view
[rosmaster.master][INFO] 2017-10-05 18:02:55,733: +PARAM [/image_marked/theora/target_bitrate] by /view
[rosmaster.master][INFO] 2017-10-05 18:02:55,733: publisherUpdate[/camera/image_raw] -> http://ubuntu:40920/ ['http://ubuntu:43722/']
[rosmaster.master][INFO] 2017-10-05 18:02:55,734: publisherUpdate[/camera/image_raw] -> http://ubuntu:40920/ ['http://ubuntu:43722/']: sec=0.00, result=[1, '', 0]
[rosmaster.master][INFO] 2017-10-05 18:02:55,735: +PARAM [/image_marked/theora/quality] by /view
[rosmaster.master][INFO] 2017-10-05 18:02:55,736: +PARAM [/image_marked/theora/keyframe_frequency] by /view
[rosmaster.master][INFO] 2017-10-05 18:02:55,737: +PARAM [/image_marked/theora/optimize_for] by /view
[rosmaster.master][INFO] 2017-10-05 18:02:55,740: +PARAM [/image_marked/theora/target_bitrate] by /view
[rosmaster.master][INFO] 2017-10-05 18:02:55,741: +PARAM [/image_marked/theora/quality] by /view
[rosmaster.master][INFO] 2017-10-05 18:02:55,742: +PARAM [/image_marked/theora/keyframe_frequency] by /view
[rosmaster.master][INFO] 2017-10-05 18:02:55,753: +PUB [/camera/image_raw/theora] /camera http://ubuntu:43722/
[rosmaster.master][INFO] 2017-10-05 18:02:55,754: +SERVICE [/camera/image_raw/theora/set_parameters] /camera http://ubuntu:43722/
[rosmaster.master][INFO] 2017-10-05 18:02:55,755: +PUB [/camera/image_raw/theora/parameter_descriptions] /camera http://ubuntu:43722/
[rosmaster.master][INFO] 2017-10-05 18:02:55,756: +PUB [/camera/image_raw/theora/parameter_updates] /camera http://ubuntu:43722/
[rosmaster.master][INFO] 2017-10-05 18:02:55,765: +PARAM [/camera/image_raw/theora/optimize_for] by /camera
[rosmaster.master][INFO] 2017-10-05 18:02:55,766: +PARAM [/camera/image_raw/theora/target_bitrate] by /camera
[rosmaster.master][INFO] 2017-10-05 18:02:55,767: +PARAM [/camera/image_raw/theora/quality] by /camera
[rosmaster.master][INFO] 2017-10-05 18:02:55,769: +PARAM [/camera/image_raw/theora/keyframe_frequency] by /camera
[rosmaster.master][INFO] 2017-10-05 18:02:55,770: +PARAM [/camera/image_raw/theora/optimize_for] by /camera
[rosmaster.master][INFO] 2017-10-05 18:02:55,771: +PARAM [/camera/image_raw/theora/target_bitrate] by /camera
[rosmaster.master][INFO] 2017-10-05 18:02:55,773: +PARAM [/camera/image_raw/theora/quality] by /camera
[rosmaster.master][INFO] 2017-10-05 18:02:55,777: +PARAM [/camera/image_raw/theora/keyframe_frequency] by /camera
[rosmaster.master][INFO] 2017-10-05 18:02:55,778: +PUB [/camera/camera_info] /camera http://ubuntu:43722/
[rosmaster.master][INFO] 2017-10-05 18:02:55,803: +PUB [/image/marked/compressedDepth] /view http://ubuntu:34483/
[rosmaster.master][INFO] 2017-10-05 18:02:55,804: +SERVICE [/image/marked/compressedDepth/set_parameters] /view http://ubuntu:34483/
[rosmaster.master][INFO] 2017-10-05 18:02:55,805: +PUB [/image/marked/compressedDepth/parameter_descriptions] /view http://ubuntu:34483/
[rosmaster.master][INFO] 2017-10-05 18:02:55,806: +PUB [/image/marked/compressedDepth/parameter_updates] /view http://ubuntu:34483/
[rosmaster.master][INFO] 2017-10-05 18:02:55,808: +PARAM [/image/marked/compressedDepth/depth_max] by /view
[rosmaster.master][INFO] 2017-10-05 18:02:55,809: +PARAM [/image/marked/compressedDepth/depth_quantization] by /view
[rosmaster.master][INFO] 2017-10-05 18:02:55,809: +PARAM [/image/marked/compressedDepth/png_level] by /view
[rosmaster.master][INFO] 2017-10-05 18:02:56,763: +PARAM [/image/marked/compressedDepth/depth_max] by /view
[rosmaster.master][INFO] 2017-10-05 18:02:56,770: +PARAM [/image/marked/compressedDepth/depth_quantization] by /view
[rosmaster.master][INFO] 2017-10-05 18:02:56,774: +PARAM [/image/marked/compressedDepth/png_level] by /view
[rosmaster.master][INFO] 2017-10-05 18:02:56,827: +PUB [/image/marked/compressed] /view http://ubuntu:34483/
[rosmaster.master][INFO] 2017-10-05 18:02:56,828: +SERVICE [/image/marked/compressed/set_parameters] /view http://ubuntu:34483/
[rosmaster.master][INFO] 2017-10-05 18:02:56,829: +PUB [/image/marked/compressed/parameter_descriptions] /view http://ubuntu:34483/
[rosmaster.master][INFO] 2017-10-05 18:02:56,830: +PUB [/image/marked/compressed/parameter_updates] /view http://ubuntu:34483/
[rosmaster.master][INFO] 2017-10-05 18:02:56,832: +PARAM [/image/marked/compressed/format] by /view
[rosmaster.master][INFO] 2017-10-05 18:02:56,833: +PARAM [/image/marked/compressed/jpeg_quality] by /view
[rosmaster.master][INFO] 2017-10-05 18:02:56,834: +PARAM [/image/marked/compressed/png_level] by /view
[rosmaster.master][INFO] 2017-10-05 18:02:56,834: +PARAM [/image/marked/compressed/format] by /view
[rosmaster.master][INFO] 2017-10-05 18:02:56,835: +PARAM [/image/marked/compressed/jpeg_quality] by /view
[rosmaster.master][INFO] 2017-10-05 18:02:56,836: +PARAM [/image/marked/compressed/png_level] by /view
[rosmaster.master][INFO] 2017-10-05 18:02:56,865: +PUB [/image/marked] /view http://ubuntu:34483/
[rosmaster.master][INFO] 2017-10-05 18:02:56,893: +PUB [/image/marked/theora] /view http://ubuntu:34483/
[rosmaster.master][INFO] 2017-10-05 18:02:56,894: +SERVICE [/image/marked/theora/set_parameters] /view http://ubuntu:34483/
[rosmaster.master][INFO] 2017-10-05 18:02:56,895: +PUB [/image/marked/theora/parameter_descriptions] /view http://ubuntu:34483/
[rosmaster.master][INFO] 2017-10-05 18:02:56,896: +PUB [/image/marked/theora/parameter_updates] /view http://ubuntu:34483/
[rosmaster.master][INFO] 2017-10-05 18:02:56,898: +PARAM [/image/marked/theora/optimize_for] by /view
[rosmaster.master][INFO] 2017-10-05 18:02:56,899: +PARAM [/image/marked/theora/target_bitrate] by /view
[rosmaster.master][INFO] 2017-10-05 18:02:56,900: +PARAM [/image/marked/theora/quality] by /view
[rosmaster.master][INFO] 2017-10-05 18:02:56,901: +PARAM [/image/marked/theora/keyframe_frequency] by /view
[rosmaster.master][INFO] 2017-10-05 18:02:56,902: +PARAM [/image/marked/theora/optimize_for] by /view
[rosmaster.master][INFO] 2017-10-05 18:02:56,902: +PARAM [/image/marked/theora/target_bitrate] by /view
[rosmaster.master][INFO] 2017-10-05 18:02:56,903: +PARAM [/image/marked/theora/quality] by /view
[rosmaster.master][INFO] 2017-10-05 18:02:56,904: +PARAM [/image/marked/theora/keyframe_frequency] by /view
[rosmaster.master][INFO] 2017-10-05 18:02:56,943: +SUB [/image] /view http://ubuntu:34483/
[rosmaster.master][INFO] 2017-10-05 18:02:56,949: +SUB [/camera_info] /view http://ubuntu:34483/
[rosmaster.master][INFO] 2017-10-05 18:02:56,958: +SUB [/image_marker] /view http://ubuntu:34483/
[rosmaster.master][INFO] 2017-10-05 18:02:56,965: +SUB [/image/event] /view http://ubuntu:34483/
[rosmaster.master][INFO] 2017-10-05 18:02:56,966: +SERVICE [/view/change_mode] /view http://ubuntu:34483/
[rosmaster.master][INFO] 2017-10-05 18:02:56,968: +SERVICE [/view/rectangle_mode] /view http://ubuntu:34483/
[rosmaster.master][INFO] 2017-10-05 18:02:56,970: +SERVICE [/view/grabcut_mode] /view http://ubuntu:34483/
[rosmaster.master][INFO] 2017-10-05 18:02:56,972: +SERVICE [/view/grabcut_rect_mode] /view http://ubuntu:34483/
[rosmaster.master][INFO] 2017-10-05 18:02:56,974: +SERVICE [/view/line_mode] /view http://ubuntu:34483/
[rosmaster.master][INFO] 2017-10-05 18:02:56,975: +SERVICE [/view/poly_mode] /view http://ubuntu:34483/
[rosmaster.master][INFO] 2017-10-05 18:02:56,976: +SERVICE [/view/none_mode] /view http://ubuntu:34483/
[rosmaster.master][INFO] 2017-10-05 18:02:56,978: +SERVICE [/view/set_parameters] /view http://ubuntu:34483/
[rosmaster.master][INFO] 2017-10-05 18:02:56,980: +PUB [/view/parameter_descriptions] /view http://ubuntu:34483/
[rosmaster.master][INFO] 2017-10-05 18:02:56,982: +PUB [/view/parameter_updates] /view http://ubuntu:34483/
[rosmaster.master][INFO] 2017-10-05 18:02:56,996: +PARAM [/view/grid] by /view
[rosmaster.master][INFO] 2017-10-05 18:02:56,997: +PARAM [/view/fisheye_mode] by /view
[rosmaster.master][INFO] 2017-10-05 18:02:57,000: +PARAM [/view/div_u] by /view
[rosmaster.master][INFO] 2017-10-05 18:02:57,001: +PARAM [/view/div_v] by /view
[rosmaster.master][INFO] 2017-10-05 18:02:57,002: +PARAM [/view/grid_red] by /view
[rosmaster.master][INFO] 2017-10-05 18:02:57,007: +PARAM [/view/grid_green] by /view
[rosmaster.master][INFO] 2017-10-05 18:02:57,008: +PARAM [/view/grid_blue] by /view
[rosmaster.master][INFO] 2017-10-05 18:02:57,010: +PARAM [/view/grid_thickness] by /view
[rosmaster.master][INFO] 2017-10-05 18:02:57,012: +PARAM [/view/grid_space] by /view
[rosmaster.master][INFO] 2017-10-05 18:02:57,015: +PARAM [/view/grid] by /view
[rosmaster.master][INFO] 2017-10-05 18:02:57,016: +PARAM [/view/fisheye_mode] by /view
[rosmaster.master][INFO] 2017-10-05 18:02:57,019: +PARAM [/view/div_u] by /view
[rosmaster.master][INFO] 2017-10-05 18:02:57,021: +PARAM [/view/div_v] by /view
[rosmaster.master][INFO] 2017-10-05 18:02:57,022: +PARAM [/view/grid_red] by /view
[rosmaster.master][INFO] 2017-10-05 18:02:57,025: +PARAM [/view/grid_green] by /view
[rosmaster.master][INFO] 2017-10-05 18:02:57,029: +PARAM [/view/grid_blue] by /view
[rosmaster.master][INFO] 2017-10-05 18:02:57,032: +PARAM [/view/grid_thickness] by /view
[rosmaster.master][INFO] 2017-10-05 18:02:57,033: +PARAM [/view/grid_space] by /view
[rosmaster.master][INFO] 2017-10-05 18:03:22,321: -PUB [/rosout] /view http://ubuntu:34483/
[rosmaster.master][INFO] 2017-10-05 18:03:22,322: -PUB [/image/screenpoint] /view http://ubuntu:34483/
[rosmaster.master][INFO] 2017-10-05 18:03:22,323: -PUB [/image/screenpoint_array] /view http://ubuntu:34483/
[rosmaster.master][INFO] 2017-10-05 18:03:22,324: -PUB [/image/screenrectangle] /view http://ubuntu:34483/
[rosmaster.master][INFO] 2017-10-05 18:03:22,326: -PUB [/image/screenrectangle_image] /view http://ubuntu:34483/
[rosmaster.master][INFO] 2017-10-05 18:03:22,327: -PUB [/image/movepoint] /view http://ubuntu:34483/
[rosmaster.master][INFO] 2017-10-05 18:03:22,328: -PUB [/image/foreground] /view http://ubuntu:34483/
[rosmaster.master][INFO] 2017-10-05 18:03:22,329: -PUB [/image/background] /view http://ubuntu:34483/
[rosmaster.master][INFO] 2017-10-05 18:03:22,331: -PUB [/image/foreground_rect] /view http://ubuntu:34483/
[rosmaster.master][INFO] 2017-10-05 18:03:22,332: -PUB [/image/background_rect] /view http://ubuntu:34483/
[rosmaster.master][INFO] 2017-10-05 18:03:22,333: -PUB [/image/line] /view http://ubuntu:34483/
[rosmaster.master][INFO] 2017-10-05 18:03:22,335: -PUB [/image/poly] /view http://ubuntu:34483/
[rosmaster.master][INFO] 2017-10-05 18:03:22,335: -PUB [/image_marked/compressedDepth] /view http://ubuntu:34483/
[rosmaster.master][INFO] 2017-10-05 18:03:22,337: -PUB [/image_marked/compressedDepth/parameter_descriptions] /view http://ubuntu:34483/
[rosmaster.master][INFO] 2017-10-05 18:03:22,339: -PUB [/image_marked/compressedDepth/parameter_updates] /view http://ubuntu:34483/
[rosmaster.master][INFO] 2017-10-05 18:03:22,339: -PUB [/image_marked/compressed] /view http://ubuntu:34483/
[rosmaster.master][INFO] 2017-10-05 18:03:22,341: -PUB [/image_marked/compressed/parameter_descriptions] /view http://ubuntu:34483/
[rosmaster.master][INFO] 2017-10-05 18:03:22,342: -PUB [/image_marked/compressed/parameter_updates] /view http://ubuntu:34483/
[rosmaster.master][INFO] 2017-10-05 18:03:22,343: -PUB [/image_marked] /view http://ubuntu:34483/
[rosmaster.master][INFO] 2017-10-05 18:03:22,344: -PUB [/image_marked/theora] /view http://ubuntu:34483/
[rosmaster.master][INFO] 2017-10-05 18:03:22,346: -PUB [/image_marked/theora/parameter_descriptions] /view http://ubuntu:34483/
[rosmaster.master][INFO] 2017-10-05 18:03:22,347: -PUB [/image_marked/theora/parameter_updates] /view http://ubuntu:34483/
[rosmaster.master][INFO] 2017-10-05 18:03:22,348: -PUB [/image/marked/compressedDepth] /view http://ubuntu:34483/
[rosmaster.master][INFO] 2017-10-05 18:03:22,352: -PUB [/image/marked/compressedDepth/parameter_descriptions] /view http://ubuntu:34483/
[rosmaster.master][INFO] 2017-10-05 18:03:22,354: -PUB [/image/marked/compressedDepth/parameter_updates] /view http://ubuntu:34483/
[rosmaster.master][INFO] 2017-10-05 18:03:22,356: -PUB [/image/marked/compressed] /view http://ubuntu:34483/
[rosmaster.master][INFO] 2017-10-05 18:03:22,357: -PUB [/image/marked/compressed/parameter_descriptions] /view http://ubuntu:34483/
[rosmaster.master][INFO] 2017-10-05 18:03:22,358: -PUB [/image/marked/compressed/parameter_updates] /view http://ubuntu:34483/
[rosmaster.master][INFO] 2017-10-05 18:03:22,360: -PUB [/image/marked] /view http://ubuntu:34483/
[rosmaster.master][INFO] 2017-10-05 18:03:22,360: -PUB [/image/marked/theora] /view http://ubuntu:34483/
[rosmaster.master][INFO] 2017-10-05 18:03:22,362: -PUB [/image/marked/theora/parameter_descriptions] /view http://ubuntu:34483/
[rosmaster.master][INFO] 2017-10-05 18:03:22,364: -PUB [/image/marked/theora/parameter_updates] /view http://ubuntu:34483/
[rosmaster.master][INFO] 2017-10-05 18:03:22,365: -PUB [/view/parameter_descriptions] /view http://ubuntu:34483/
[rosmaster.master][INFO] 2017-10-05 18:03:22,366: -PUB [/view/parameter_updates] /view http://ubuntu:34483/
[rosmaster.master][INFO] 2017-10-05 18:03:22,368: -SUB [/tf] /view http://ubuntu:34483/
[rosmaster.master][INFO] 2017-10-05 18:03:22,369: -SUB [/tf_static] /view http://ubuntu:34483/
[rosmaster.master][INFO] 2017-10-05 18:03:22,369: -SUB [/image] /view http://ubuntu:34483/
[rosmaster.master][INFO] 2017-10-05 18:03:22,371: -SUB [/camera_info] /view http://ubuntu:34483/
[rosmaster.master][INFO] 2017-10-05 18:03:22,372: -SUB [/image_marker] /view http://ubuntu:34483/
[rosmaster.master][INFO] 2017-10-05 18:03:22,373: -SUB [/image/event] /view http://ubuntu:34483/
[rosmaster.master][INFO] 2017-10-05 18:03:22,375: publisherUpdate[/rosout] -> http://ubuntu:37347/ ['http://ubuntu:40920/', 'http://ubuntu:43722/']
[rosmaster.master][INFO] 2017-10-05 18:03:22,375: publisherUpdate[/rosout] -> http://ubuntu:37347/ ['http://ubuntu:40920/', 'http://ubuntu:43722/']: sec=0.00, result=[1, '', 0]
[rosmaster.master][INFO] 2017-10-05 18:03:22,375: -SERVICE [/view/get_loggers] /view rosrpc://ubuntu:50593
[rosmaster.master][INFO] 2017-10-05 18:03:22,377: -SERVICE [/view/set_logger_level] /view rosrpc://ubuntu:50593
[rosmaster.master][INFO] 2017-10-05 18:03:22,379: -SERVICE [/image_marked/compressedDepth/set_parameters] /view rosrpc://ubuntu:50593
[rosmaster.master][INFO] 2017-10-05 18:03:22,380: -SERVICE [/image_marked/compressed/set_parameters] /view rosrpc://ubuntu:50593
[rosmaster.master][INFO] 2017-10-05 18:03:22,380: -SERVICE [/image_marked/theora/set_parameters] /view rosrpc://ubuntu:50593
[rosmaster.master][INFO] 2017-10-05 18:03:22,382: -SERVICE [/image/marked/compressedDepth/set_parameters] /view rosrpc://ubuntu:50593
[rosmaster.master][INFO] 2017-10-05 18:03:22,383: -SERVICE [/image/marked/compressed/set_parameters] /view rosrpc://ubuntu:50593
[rosmaster.master][INFO] 2017-10-05 18:03:22,384: -SERVICE [/image/marked/theora/set_parameters] /view rosrpc://ubuntu:50593
[rosmaster.master][INFO] 2017-10-05 18:03:22,385: -SERVICE [/view/change_mode] /view rosrpc://ubuntu:50593
[rosmaster.master][INFO] 2017-10-05 18:03:22,386: -SERVICE [/view/rectangle_mode] /view rosrpc://ubuntu:50593
[rosmaster.master][INFO] 2017-10-05 18:03:22,388: -SERVICE [/view/grabcut_mode] /view rosrpc://ubuntu:50593
[rosmaster.master][INFO] 2017-10-05 18:03:22,392: -PUB [/rosout] /camera http://ubuntu:43722/
[rosmaster.master][INFO] 2017-10-05 18:03:22,396: -SERVICE [/view/grabcut_rect_mode] /view rosrpc://ubuntu:50593
[rosmaster.master][INFO] 2017-10-05 18:03:22,396: -PUB [/camera/image_raw/compressedDepth] /camera http://ubuntu:43722/
[rosmaster.master][INFO] 2017-10-05 18:03:22,397: -PUB [/camera/image_raw/compressedDepth/parameter_descriptions] /camera http://ubuntu:43722/
[rosmaster.master][INFO] 2017-10-05 18:03:22,398: -PUB [/camera/image_raw/compressedDepth/parameter_updates] /camera http://ubuntu:43722/
[rosmaster.master][INFO] 2017-10-05 18:03:22,401: -SERVICE [/view/line_mode] /view rosrpc://ubuntu:50593
[rosmaster.master][INFO] 2017-10-05 18:03:22,401: -PUB [/camera/image_raw/compressed] /camera http://ubuntu:43722/
[rosmaster.master][INFO] 2017-10-05 18:03:22,402: -PUB [/camera/image_raw/compressed/parameter_descriptions] /camera http://ubuntu:43722/
[rosmaster.master][INFO] 2017-10-05 18:03:22,402: -PUB [/camera/image_raw/compressed/parameter_updates] /camera http://ubuntu:43722/
[rosmaster.master][INFO] 2017-10-05 18:03:22,405: -SERVICE [/view/poly_mode] /view rosrpc://ubuntu:50593
[rosmaster.master][INFO] 2017-10-05 18:03:22,406: -PUB [/camera/image_raw] /camera http://ubuntu:43722/
[rosmaster.master][INFO] 2017-10-05 18:03:22,406: -PUB [/camera/image_raw/theora] /camera http://ubuntu:43722/
[rosmaster.master][INFO] 2017-10-05 18:03:22,409: -SERVICE [/view/none_mode] /view rosrpc://ubuntu:50593
[rosmaster.master][INFO] 2017-10-05 18:03:22,409: -PUB [/camera/image_raw/theora/parameter_descriptions] /camera http://ubuntu:43722/
[rosmaster.master][INFO] 2017-10-05 18:03:22,412: -SERVICE [/view/set_parameters] /view rosrpc://ubuntu:50593
[rosmaster.master][INFO] 2017-10-05 18:03:22,412: -PUB [/camera/image_raw/theora/parameter_updates] /camera http://ubuntu:43722/
[rosmaster.master][INFO] 2017-10-05 18:03:22,415: -PUB [/camera/camera_info] /camera http://ubuntu:43722/
[rosmaster.master][INFO] 2017-10-05 18:03:22,416: -SERVICE [/camera/get_loggers] /camera rosrpc://ubuntu:35955
[rosmaster.master][INFO] 2017-10-05 18:03:22,418: -SERVICE [/camera/set_logger_level] /camera rosrpc://ubuntu:35955
[rosmaster.master][INFO] 2017-10-05 18:03:22,419: -SERVICE [/camera/set_camera_info] /camera rosrpc://ubuntu:35955
[rosmaster.master][INFO] 2017-10-05 18:03:22,419: -SERVICE [/camera/image_raw/compressedDepth/set_parameters] /camera rosrpc://ubuntu:35955
[rosmaster.master][INFO] 2017-10-05 18:03:22,420: -SERVICE [/camera/image_raw/compressed/set_parameters] /camera rosrpc://ubuntu:35955
[rosmaster.master][INFO] 2017-10-05 18:03:22,424: -SERVICE [/camera/image_raw/theora/set_parameters] /camera rosrpc://ubuntu:35955
[rosmaster.master][INFO] 2017-10-05 18:03:22,478: publisherUpdate[/rosout] -> http://ubuntu:37347/ ['http://ubuntu:40920/']
[rosmaster.master][INFO] 2017-10-05 18:03:22,480: publisherUpdate[/camera/image_raw] -> http://ubuntu:40920/ []
[rosmaster.master][INFO] 2017-10-05 18:03:22,481: publisherUpdate[/rosout] -> http://ubuntu:37347/ ['http://ubuntu:40920/']: sec=0.00, result=[1, '', 0]
[rosmaster.master][INFO] 2017-10-05 18:03:22,488: publisherUpdate[/camera/image_raw] -> http://ubuntu:40920/ []: sec=0.01, exception=[Errno 111] Connection refused
[rosmaster.threadpool][ERROR] 2017-10-05 18:03:22,502: Traceback (most recent call last):
  File "/opt/ros/kinetic/lib/python2.7/dist-packages/rosmaster/threadpool.py", line 218, in run
    result = cmd(*args)
  File "/opt/ros/kinetic/lib/python2.7/dist-packages/rosmaster/master_api.py", line 210, in publisher_update_task
    ret = xmlrpcapi(api).publisherUpdate('/master', topic, pub_uris)
  File "/usr/lib/python2.7/xmlrpclib.py", line 1243, in __call__
    return self.__send(self.__name, args)
  File "/usr/lib/python2.7/xmlrpclib.py", line 1602, in __request
    verbose=self.__verbose
  File "/usr/lib/python2.7/xmlrpclib.py", line 1283, in request
    return self.single_request(host, handler, request_body, verbose)
  File "/usr/lib/python2.7/xmlrpclib.py", line 1311, in single_request
    self.send_content(h, request_body)
  File "/usr/lib/python2.7/xmlrpclib.py", line 1459, in send_content
    connection.endheaders(request_body)
  File "/usr/lib/python2.7/httplib.py", line 1053, in endheaders
    self._send_output(message_body)
  File "/usr/lib/python2.7/httplib.py", line 897, in _send_output
    self.send(msg)
  File "/usr/lib/python2.7/httplib.py", line 859, in send
    self.connect()
  File "/usr/lib/python2.7/httplib.py", line 836, in connect
    self.timeout, self.source_address)
  File "/usr/lib/python2.7/socket.py", line 575, in create_connection
    raise err
error: [Errno 111] Connection refused

[rosmaster.master][INFO] 2017-10-05 18:03:23,189: -PUB [/rosout_agg] /rosout http://ubuntu:37347/
[rosmaster.master][INFO] 2017-10-05 18:03:23,190: -SUB [/rosout] /rosout http://ubuntu:37347/
[rosmaster.master][INFO] 2017-10-05 18:03:23,191: -SERVICE [/rosout/get_loggers] /rosout rosrpc://ubuntu:56266
[rosmaster.master][INFO] 2017-10-05 18:03:23,193: -SERVICE [/rosout/set_logger_level] /rosout rosrpc://ubuntu:56266
[rosmaster.main][INFO] 2017-10-05 18:03:23,202: keyboard interrupt, will exit
[rosmaster.main][INFO] 2017-10-05 18:03:23,203: stopping master...
[rospy.core][INFO] 2017-10-05 18:03:23,203: signal_shutdown [atexit]
