[rosmaster.main][INFO] 2017-09-28 17:25:20,543: initialization complete, waiting for shutdown
[rosmaster.main][INFO] 2017-09-28 17:25:20,543: Starting ROS Master Node
[xmlrpc][INFO] 2017-09-28 17:25:20,544: XML-RPC server binding to 0.0.0.0:11311
[xmlrpc][INFO] 2017-09-28 17:25:20,544: Started XML-RPC server [http://ubuntu:11311/]
[xmlrpc][INFO] 2017-09-28 17:25:20,544: xml rpc node: starting XML-RPC server
[rosmaster.master][INFO] 2017-09-28 17:25:20,544: Master initialized: port[11311], uri[http://ubuntu:11311/]
[rosmaster.master][INFO] 2017-09-28 17:25:20,599: +PARAM [/run_id] by /roslaunch
[rosmaster.master][INFO] 2017-09-28 17:25:20,600: +PARAM [/roslaunch/uris/host_ubuntu__46548] by /roslaunch
[rosmaster.master][INFO] 2017-09-28 17:25:20,662: +PARAM [/rosversion] by /roslaunch
[rosmaster.master][INFO] 2017-09-28 17:25:20,662: +PARAM [/rosdistro] by /roslaunch
[rosmaster.master][INFO] 2017-09-28 17:25:20,662: +PARAM [/camera/device_id] by /roslaunch
[rosmaster.master][INFO] 2017-09-28 17:25:20,697: +SERVICE [/rosout/get_loggers] /rosout http://ubuntu:41443/
[rosmaster.master][INFO] 2017-09-28 17:25:20,699: +SERVICE [/rosout/set_logger_level] /rosout http://ubuntu:41443/
[rosmaster.master][INFO] 2017-09-28 17:25:20,702: +PUB [/rosout_agg] /rosout http://ubuntu:41443/
[rosmaster.master][INFO] 2017-09-28 17:25:20,721: +SUB [/rosout] /rosout http://ubuntu:41443/
[rosmaster.master][INFO] 2017-09-28 17:25:20,814: +PUB [/rosout] /mask http://ubuntu:33385/
[rosmaster.master][INFO] 2017-09-28 17:25:20,815: +SERVICE [/mask/get_loggers] /mask http://ubuntu:33385/
[rosmaster.master][INFO] 2017-09-28 17:25:20,816: +SERVICE [/mask/set_logger_level] /mask http://ubuntu:33385/
[rosmaster.master][INFO] 2017-09-28 17:25:20,831: +PUB [/rosout] /camera http://ubuntu:44224/
[rosmaster.master][INFO] 2017-09-28 17:25:20,832: +SERVICE [/camera/get_loggers] /camera http://ubuntu:44224/
[rosmaster.master][INFO] 2017-09-28 17:25:20,832: +SERVICE [/camera/set_logger_level] /camera http://ubuntu:44224/
[rosmaster.master][INFO] 2017-09-28 17:25:20,839: +PUB [/rosout] /view http://ubuntu:36948/
[rosmaster.master][INFO] 2017-09-28 17:25:20,839: +SERVICE [/view/get_loggers] /view http://ubuntu:36948/
[rosmaster.master][INFO] 2017-09-28 17:25:20,840: +SERVICE [/view/set_logger_level] /view http://ubuntu:36948/
[rosmaster.master][INFO] 2017-09-28 17:25:20,845: publisherUpdate[/rosout] -> http://ubuntu:41443/ ['http://ubuntu:33385/']
[rosmaster.master][INFO] 2017-09-28 17:25:20,848: publisherUpdate[/rosout] -> http://ubuntu:41443/ ['http://ubuntu:33385/']: sec=0.00, result=[1, '', 0]
[rosmaster.master][INFO] 2017-09-28 17:25:20,848: publisherUpdate[/rosout] -> http://ubuntu:41443/ ['http://ubuntu:33385/', 'http://ubuntu:44224/']
[rosmaster.master][INFO] 2017-09-28 17:25:20,849: publisherUpdate[/rosout] -> http://ubuntu:41443/ ['http://ubuntu:33385/', 'http://ubuntu:44224/']: sec=0.00, result=[1, '', 0]
[rosmaster.master][INFO] 2017-09-28 17:25:20,849: publisherUpdate[/rosout] -> http://ubuntu:41443/ ['http://ubuntu:33385/', 'http://ubuntu:44224/', 'http://ubuntu:36948/']
[rosmaster.master][INFO] 2017-09-28 17:25:20,849: publisherUpdate[/rosout] -> http://ubuntu:41443/ ['http://ubuntu:33385/', 'http://ubuntu:44224/', 'http://ubuntu:36948/']: sec=0.00, result=[1, '', 0]
[rosmaster.master][INFO] 2017-09-28 17:25:20,859: +SUB [/tf] /view http://ubuntu:36948/
[rosmaster.master][INFO] 2017-09-28 17:25:20,870: +SUB [/tf_static] /view http://ubuntu:36948/
[rosmaster.master][INFO] 2017-09-28 17:25:20,886: +SERVICE [/camera/set_camera_info] /camera http://ubuntu:44224/
[rosmaster.master][INFO] 2017-09-28 17:25:20,917: +PUB [/image/screenpoint] /view http://ubuntu:36948/
[rosmaster.master][INFO] 2017-09-28 17:25:20,918: +PUB [/image/screenpoint_array] /view http://ubuntu:36948/
[rosmaster.master][INFO] 2017-09-28 17:25:20,919: +PUB [/image/screenrectangle] /view http://ubuntu:36948/
[rosmaster.master][INFO] 2017-09-28 17:25:20,919: +PUB [/image/screenrectangle_image] /view http://ubuntu:36948/
[rosmaster.master][INFO] 2017-09-28 17:25:20,920: +PUB [/image/movepoint] /view http://ubuntu:36948/
[rosmaster.master][INFO] 2017-09-28 17:25:20,921: +PUB [/image/foreground] /view http://ubuntu:36948/
[rosmaster.master][INFO] 2017-09-28 17:25:20,923: +PUB [/image/background] /view http://ubuntu:36948/
[rosmaster.master][INFO] 2017-09-28 17:25:20,924: +PUB [/image/foreground_rect] /view http://ubuntu:36948/
[rosmaster.master][INFO] 2017-09-28 17:25:20,928: +PUB [/image/background_rect] /view http://ubuntu:36948/
[rosmaster.master][INFO] 2017-09-28 17:25:20,928: +PUB [/image/line] /view http://ubuntu:36948/
[rosmaster.master][INFO] 2017-09-28 17:25:20,929: +PUB [/image/poly] /view http://ubuntu:36948/
[rosmaster.master][INFO] 2017-09-28 17:25:20,943: +SUB [/camera/image_raw] /mask http://ubuntu:33385/
[rosmaster.master][INFO] 2017-09-28 17:25:21,000: +PUB [/image/compressedDepth] /mask http://ubuntu:33385/
[rosmaster.master][INFO] 2017-09-28 17:25:21,001: +PUB [/image_marked/compressedDepth] /view http://ubuntu:36948/
[rosmaster.master][INFO] 2017-09-28 17:25:21,001: +SERVICE [/image/compressedDepth/set_parameters] /mask http://ubuntu:33385/
[rosmaster.master][INFO] 2017-09-28 17:25:21,002: +SERVICE [/image_marked/compressedDepth/set_parameters] /view http://ubuntu:36948/
[rosmaster.master][INFO] 2017-09-28 17:25:21,003: +PUB [/image_marked/compressedDepth/parameter_descriptions] /view http://ubuntu:36948/
[rosmaster.master][INFO] 2017-09-28 17:25:21,003: +PUB [/image/compressedDepth/parameter_descriptions] /mask http://ubuntu:33385/
[rosmaster.master][INFO] 2017-09-28 17:25:21,004: +PUB [/image/compressedDepth/parameter_updates] /mask http://ubuntu:33385/
[rosmaster.master][INFO] 2017-09-28 17:25:21,005: +PUB [/image_marked/compressedDepth/parameter_updates] /view http://ubuntu:36948/
[rosmaster.master][INFO] 2017-09-28 17:25:21,009: +PARAM [/image/compressedDepth/depth_max] by /mask
[rosmaster.master][INFO] 2017-09-28 17:25:21,010: +PARAM [/image_marked/compressedDepth/depth_max] by /view
[rosmaster.master][INFO] 2017-09-28 17:25:21,011: +PARAM [/image/compressedDepth/depth_quantization] by /mask
[rosmaster.master][INFO] 2017-09-28 17:25:21,011: +PARAM [/image_marked/compressedDepth/depth_quantization] by /view
[rosmaster.master][INFO] 2017-09-28 17:25:21,012: +PARAM [/image/compressedDepth/png_level] by /mask
[rosmaster.master][INFO] 2017-09-28 17:25:21,013: +PARAM [/image_marked/compressedDepth/png_level] by /view
[rosmaster.master][INFO] 2017-09-28 17:25:21,014: +PARAM [/image/compressedDepth/depth_max] by /mask
[rosmaster.master][INFO] 2017-09-28 17:25:21,014: +PARAM [/image_marked/compressedDepth/depth_max] by /view
[rosmaster.master][INFO] 2017-09-28 17:25:21,015: +PARAM [/image/compressedDepth/depth_quantization] by /mask
[rosmaster.master][INFO] 2017-09-28 17:25:21,016: +PARAM [/image_marked/compressedDepth/depth_quantization] by /view
[rosmaster.master][INFO] 2017-09-28 17:25:21,017: +PARAM [/image/compressedDepth/png_level] by /mask
[rosmaster.master][INFO] 2017-09-28 17:25:21,022: +PARAM [/image_marked/compressedDepth/png_level] by /view
[rosmaster.master][INFO] 2017-09-28 17:25:21,075: +PUB [/image/compressed] /mask http://ubuntu:33385/
[rosmaster.master][INFO] 2017-09-28 17:25:21,076: +SERVICE [/image/compressed/set_parameters] /mask http://ubuntu:33385/
[rosmaster.master][INFO] 2017-09-28 17:25:21,077: +PUB [/image/compressed/parameter_descriptions] /mask http://ubuntu:33385/
[rosmaster.master][INFO] 2017-09-28 17:25:21,077: +PUB [/image_marked/compressed] /view http://ubuntu:36948/
[rosmaster.master][INFO] 2017-09-28 17:25:21,078: +SERVICE [/image_marked/compressed/set_parameters] /view http://ubuntu:36948/
[rosmaster.master][INFO] 2017-09-28 17:25:21,079: +PUB [/image/compressed/parameter_updates] /mask http://ubuntu:33385/
[rosmaster.master][INFO] 2017-09-28 17:25:21,080: +PUB [/image_marked/compressed/parameter_descriptions] /view http://ubuntu:36948/
[rosmaster.master][INFO] 2017-09-28 17:25:21,081: +PUB [/image_marked/compressed/parameter_updates] /view http://ubuntu:36948/
[rosmaster.master][INFO] 2017-09-28 17:25:21,083: +PARAM [/image/compressed/format] by /mask
[rosmaster.master][INFO] 2017-09-28 17:25:21,084: +PARAM [/image/compressed/jpeg_quality] by /mask
[rosmaster.master][INFO] 2017-09-28 17:25:21,085: +PARAM [/image/compressed/png_level] by /mask
[rosmaster.master][INFO] 2017-09-28 17:25:21,086: +PARAM [/image_marked/compressed/format] by /view
[rosmaster.master][INFO] 2017-09-28 17:25:21,087: +PARAM [/image/compressed/format] by /mask
[rosmaster.master][INFO] 2017-09-28 17:25:21,088: +PARAM [/image_marked/compressed/jpeg_quality] by /view
[rosmaster.master][INFO] 2017-09-28 17:25:21,088: +PARAM [/image/compressed/jpeg_quality] by /mask
[rosmaster.master][INFO] 2017-09-28 17:25:21,089: +PARAM [/image_marked/compressed/png_level] by /view
[rosmaster.master][INFO] 2017-09-28 17:25:21,090: +PARAM [/image/compressed/png_level] by /mask
[rosmaster.master][INFO] 2017-09-28 17:25:21,096: +PARAM [/image_marked/compressed/format] by /view
[rosmaster.master][INFO] 2017-09-28 17:25:21,097: +PARAM [/image_marked/compressed/jpeg_quality] by /view
[rosmaster.master][INFO] 2017-09-28 17:25:21,098: +PARAM [/image_marked/compressed/png_level] by /view
[rosmaster.master][INFO] 2017-09-28 17:25:21,148: +PUB [/image] /mask http://ubuntu:33385/
[rosmaster.master][INFO] 2017-09-28 17:25:21,156: +PUB [/image_marked] /view http://ubuntu:36948/
[rosmaster.master][INFO] 2017-09-28 17:25:21,228: +PUB [/camera/image_raw/compressedDepth] /camera http://ubuntu:44224/
[rosmaster.master][INFO] 2017-09-28 17:25:21,229: +SERVICE [/camera/image_raw/compressedDepth/set_parameters] /camera http://ubuntu:44224/
[rosmaster.master][INFO] 2017-09-28 17:25:21,230: +PUB [/camera/image_raw/compressedDepth/parameter_descriptions] /camera http://ubuntu:44224/
[rosmaster.master][INFO] 2017-09-28 17:25:21,234: +PUB [/camera/image_raw/compressedDepth/parameter_updates] /camera http://ubuntu:44224/
[rosmaster.master][INFO] 2017-09-28 17:25:21,236: +PARAM [/camera/image_raw/compressedDepth/depth_max] by /camera
[rosmaster.master][INFO] 2017-09-28 17:25:21,237: +PARAM [/camera/image_raw/compressedDepth/depth_quantization] by /camera
[rosmaster.master][INFO] 2017-09-28 17:25:21,239: +PARAM [/camera/image_raw/compressedDepth/png_level] by /camera
[rosmaster.master][INFO] 2017-09-28 17:25:21,240: +PARAM [/camera/image_raw/compressedDepth/depth_max] by /camera
[rosmaster.master][INFO] 2017-09-28 17:25:21,244: +PARAM [/camera/image_raw/compressedDepth/depth_quantization] by /camera
[rosmaster.master][INFO] 2017-09-28 17:25:21,245: +PUB [/image/theora] /mask http://ubuntu:33385/
[rosmaster.master][INFO] 2017-09-28 17:25:21,245: +PARAM [/camera/image_raw/compressedDepth/png_level] by /camera
[rosmaster.master][INFO] 2017-09-28 17:25:21,251: +PUB [/image_marked/theora] /view http://ubuntu:36948/
[rosmaster.master][INFO] 2017-09-28 17:25:21,252: +SERVICE [/image/theora/set_parameters] /mask http://ubuntu:33385/
[rosmaster.master][INFO] 2017-09-28 17:25:21,253: +SERVICE [/image_marked/theora/set_parameters] /view http://ubuntu:36948/
[rosmaster.master][INFO] 2017-09-28 17:25:21,256: +PUB [/image/theora/parameter_descriptions] /mask http://ubuntu:33385/
[rosmaster.master][INFO] 2017-09-28 17:25:21,256: +PUB [/image_marked/theora/parameter_descriptions] /view http://ubuntu:36948/
[rosmaster.master][INFO] 2017-09-28 17:25:21,257: +PUB [/image/theora/parameter_updates] /mask http://ubuntu:33385/
[rosmaster.master][INFO] 2017-09-28 17:25:21,260: +PUB [/image_marked/theora/parameter_updates] /view http://ubuntu:36948/
[rosmaster.master][INFO] 2017-09-28 17:25:21,270: +PARAM [/image/theora/optimize_for] by /mask
[rosmaster.master][INFO] 2017-09-28 17:25:21,270: +PARAM [/image_marked/theora/optimize_for] by /view
[rosmaster.master][INFO] 2017-09-28 17:25:21,271: +PARAM [/image/theora/target_bitrate] by /mask
[rosmaster.master][INFO] 2017-09-28 17:25:21,273: +PARAM [/image_marked/theora/target_bitrate] by /view
[rosmaster.master][INFO] 2017-09-28 17:25:21,277: +PARAM [/image/theora/quality] by /mask
[rosmaster.master][INFO] 2017-09-28 17:25:21,277: +PARAM [/image_marked/theora/quality] by /view
[rosmaster.master][INFO] 2017-09-28 17:25:21,278: +PARAM [/image/theora/keyframe_frequency] by /mask
[rosmaster.master][INFO] 2017-09-28 17:25:21,279: +PARAM [/image_marked/theora/keyframe_frequency] by /view
[rosmaster.master][INFO] 2017-09-28 17:25:21,280: +PARAM [/image/theora/optimize_for] by /mask
[rosmaster.master][INFO] 2017-09-28 17:25:21,284: +PARAM [/image_marked/theora/optimize_for] by /view
[rosmaster.master][INFO] 2017-09-28 17:25:21,285: +PARAM [/image/theora/target_bitrate] by /mask
[rosmaster.master][INFO] 2017-09-28 17:25:21,286: +PARAM [/image_marked/theora/target_bitrate] by /view
[rosmaster.master][INFO] 2017-09-28 17:25:21,287: +PARAM [/image/theora/quality] by /mask
[rosmaster.master][INFO] 2017-09-28 17:25:21,287: +PARAM [/image_marked/theora/quality] by /view
[rosmaster.master][INFO] 2017-09-28 17:25:21,288: +PARAM [/image/theora/keyframe_frequency] by /mask
[rosmaster.master][INFO] 2017-09-28 17:25:21,289: +PARAM [/image_marked/theora/keyframe_frequency] by /view
[rosmaster.master][INFO] 2017-09-28 17:25:21,305: +PUB [/camera/image_raw/compressed] /camera http://ubuntu:44224/
[rosmaster.master][INFO] 2017-09-28 17:25:21,306: +SERVICE [/camera/image_raw/compressed/set_parameters] /camera http://ubuntu:44224/
[rosmaster.master][INFO] 2017-09-28 17:25:21,308: +PUB [/camera/image_raw/compressed/parameter_descriptions] /camera http://ubuntu:44224/
[rosmaster.master][INFO] 2017-09-28 17:25:21,309: +PUB [/camera/image_raw/compressed/parameter_updates] /camera http://ubuntu:44224/
[rosmaster.master][INFO] 2017-09-28 17:25:21,312: +PARAM [/camera/image_raw/compressed/format] by /camera
[rosmaster.master][INFO] 2017-09-28 17:25:21,312: +PARAM [/camera/image_raw/compressed/jpeg_quality] by /camera
[rosmaster.master][INFO] 2017-09-28 17:25:21,313: +PARAM [/camera/image_raw/compressed/png_level] by /camera
[rosmaster.master][INFO] 2017-09-28 17:25:21,317: +PARAM [/camera/image_raw/compressed/format] by /camera
[rosmaster.master][INFO] 2017-09-28 17:25:21,318: +PARAM [/camera/image_raw/compressed/jpeg_quality] by /camera
[rosmaster.master][INFO] 2017-09-28 17:25:21,318: +PARAM [/camera/image_raw/compressed/png_level] by /camera
[rosmaster.master][INFO] 2017-09-28 17:25:21,348: +PUB [/image/marked/compressedDepth] /view http://ubuntu:36948/
[rosmaster.master][INFO] 2017-09-28 17:25:21,349: +SERVICE [/image/marked/compressedDepth/set_parameters] /view http://ubuntu:36948/
[rosmaster.master][INFO] 2017-09-28 17:25:21,350: +PUB [/image/marked/compressedDepth/parameter_descriptions] /view http://ubuntu:36948/
[rosmaster.master][INFO] 2017-09-28 17:25:21,350: +PUB [/image/marked/compressedDepth/parameter_updates] /view http://ubuntu:36948/
[rosmaster.master][INFO] 2017-09-28 17:25:21,353: +PARAM [/image/marked/compressedDepth/depth_max] by /view
[rosmaster.master][INFO] 2017-09-28 17:25:21,354: +PARAM [/image/marked/compressedDepth/depth_quantization] by /view
[rosmaster.master][INFO] 2017-09-28 17:25:21,354: +PARAM [/image/marked/compressedDepth/png_level] by /view
[rosmaster.master][INFO] 2017-09-28 17:25:21,355: +PARAM [/image/marked/compressedDepth/depth_max] by /view
[rosmaster.master][INFO] 2017-09-28 17:25:21,356: +PARAM [/image/marked/compressedDepth/depth_quantization] by /view
[rosmaster.master][INFO] 2017-09-28 17:25:21,358: +PARAM [/image/marked/compressedDepth/png_level] by /view
[rosmaster.master][INFO] 2017-09-28 17:25:21,379: +PUB [/camera/image_raw] /camera http://ubuntu:44224/
[rosmaster.master][INFO] 2017-09-28 17:25:21,409: +PUB [/image/marked/compressed] /view http://ubuntu:36948/
[rosmaster.master][INFO] 2017-09-28 17:25:21,410: +SERVICE [/image/marked/compressed/set_parameters] /view http://ubuntu:36948/
[rosmaster.master][INFO] 2017-09-28 17:25:21,410: +PUB [/image/marked/compressed/parameter_descriptions] /view http://ubuntu:36948/
[rosmaster.master][INFO] 2017-09-28 17:25:21,411: +PUB [/image/marked/compressed/parameter_updates] /view http://ubuntu:36948/
[rosmaster.master][INFO] 2017-09-28 17:25:21,413: +PARAM [/image/marked/compressed/format] by /view
[rosmaster.master][INFO] 2017-09-28 17:25:21,414: +PARAM [/image/marked/compressed/jpeg_quality] by /view
[rosmaster.master][INFO] 2017-09-28 17:25:21,415: +PARAM [/image/marked/compressed/png_level] by /view
[rosmaster.master][INFO] 2017-09-28 17:25:21,416: +PARAM [/image/marked/compressed/format] by /view
[rosmaster.master][INFO] 2017-09-28 17:25:21,420: +PARAM [/image/marked/compressed/jpeg_quality] by /view
[rosmaster.master][INFO] 2017-09-28 17:25:21,421: +PARAM [/image/marked/compressed/png_level] by /view
[rosmaster.master][INFO] 2017-09-28 17:25:21,438: +PUB [/camera/image_raw/theora] /camera http://ubuntu:44224/
[rosmaster.master][INFO] 2017-09-28 17:25:21,439: +SERVICE [/camera/image_raw/theora/set_parameters] /camera http://ubuntu:44224/
[rosmaster.master][INFO] 2017-09-28 17:25:21,440: +PUB [/camera/image_raw/theora/parameter_descriptions] /camera http://ubuntu:44224/
[rosmaster.master][INFO] 2017-09-28 17:25:21,443: +PUB [/camera/image_raw/theora/parameter_updates] /camera http://ubuntu:44224/
[rosmaster.master][INFO] 2017-09-28 17:25:21,446: +PARAM [/camera/image_raw/theora/optimize_for] by /camera
[rosmaster.master][INFO] 2017-09-28 17:25:21,446: +PARAM [/camera/image_raw/theora/target_bitrate] by /camera
[rosmaster.master][INFO] 2017-09-28 17:25:21,447: +PARAM [/camera/image_raw/theora/quality] by /camera
[rosmaster.master][INFO] 2017-09-28 17:25:21,448: +PARAM [/camera/image_raw/theora/keyframe_frequency] by /camera
[rosmaster.master][INFO] 2017-09-28 17:25:21,452: +PARAM [/camera/image_raw/theora/optimize_for] by /camera
[rosmaster.master][INFO] 2017-09-28 17:25:21,453: +PARAM [/camera/image_raw/theora/target_bitrate] by /camera
[rosmaster.master][INFO] 2017-09-28 17:25:21,454: publisherUpdate[/camera/image_raw] -> http://ubuntu:33385/ ['http://ubuntu:44224/']
[rosmaster.master][INFO] 2017-09-28 17:25:21,455: publisherUpdate[/camera/image_raw] -> http://ubuntu:33385/ ['http://ubuntu:44224/']: sec=0.00, result=[1, '', 0]
[rosmaster.master][INFO] 2017-09-28 17:25:21,455: +PARAM [/camera/image_raw/theora/quality] by /camera
[rosmaster.master][INFO] 2017-09-28 17:25:21,455: +PARAM [/camera/image_raw/theora/keyframe_frequency] by /camera
[rosmaster.master][INFO] 2017-09-28 17:25:21,459: +PUB [/camera/camera_info] /camera http://ubuntu:44224/
[rosmaster.master][INFO] 2017-09-28 17:25:21,477: +PUB [/image/marked] /view http://ubuntu:36948/
[rosmaster.master][INFO] 2017-09-28 17:25:21,506: +PUB [/image/marked/theora] /view http://ubuntu:36948/
[rosmaster.master][INFO] 2017-09-28 17:25:21,507: +SERVICE [/image/marked/theora/set_parameters] /view http://ubuntu:36948/
[rosmaster.master][INFO] 2017-09-28 17:25:21,507: +PUB [/image/marked/theora/parameter_descriptions] /view http://ubuntu:36948/
[rosmaster.master][INFO] 2017-09-28 17:25:21,508: +PUB [/image/marked/theora/parameter_updates] /view http://ubuntu:36948/
[rosmaster.master][INFO] 2017-09-28 17:25:21,511: +PARAM [/image/marked/theora/optimize_for] by /view
[rosmaster.master][INFO] 2017-09-28 17:25:21,511: +PARAM [/image/marked/theora/target_bitrate] by /view
[rosmaster.master][INFO] 2017-09-28 17:25:21,512: +PARAM [/image/marked/theora/quality] by /view
[rosmaster.master][INFO] 2017-09-28 17:25:21,513: +PARAM [/image/marked/theora/keyframe_frequency] by /view
[rosmaster.master][INFO] 2017-09-28 17:25:21,513: +PARAM [/image/marked/theora/optimize_for] by /view
[rosmaster.master][INFO] 2017-09-28 17:25:21,514: +PARAM [/image/marked/theora/target_bitrate] by /view
[rosmaster.master][INFO] 2017-09-28 17:25:21,515: +PARAM [/image/marked/theora/quality] by /view
[rosmaster.master][INFO] 2017-09-28 17:25:21,515: +PARAM [/image/marked/theora/keyframe_frequency] by /view
[rosmaster.master][INFO] 2017-09-28 17:25:21,551: +SUB [/image] /view http://ubuntu:36948/
[rosmaster.master][INFO] 2017-09-28 17:25:21,554: +SUB [/camera_info] /view http://ubuntu:36948/
[rosmaster.master][INFO] 2017-09-28 17:25:21,557: +SUB [/image_marker] /view http://ubuntu:36948/
[rosmaster.master][INFO] 2017-09-28 17:25:21,561: +SUB [/image/event] /view http://ubuntu:36948/
[rosmaster.master][INFO] 2017-09-28 17:25:21,562: +SERVICE [/view/change_mode] /view http://ubuntu:36948/
[rosmaster.master][INFO] 2017-09-28 17:25:21,562: +SERVICE [/view/rectangle_mode] /view http://ubuntu:36948/
[rosmaster.master][INFO] 2017-09-28 17:25:21,563: +SERVICE [/view/grabcut_mode] /view http://ubuntu:36948/
[rosmaster.master][INFO] 2017-09-28 17:25:21,564: +SERVICE [/view/grabcut_rect_mode] /view http://ubuntu:36948/
[rosmaster.master][INFO] 2017-09-28 17:25:21,564: +SERVICE [/view/line_mode] /view http://ubuntu:36948/
[rosmaster.master][INFO] 2017-09-28 17:25:21,565: +SERVICE [/view/poly_mode] /view http://ubuntu:36948/
[rosmaster.master][INFO] 2017-09-28 17:25:21,566: +SERVICE [/view/none_mode] /view http://ubuntu:36948/
[rosmaster.master][INFO] 2017-09-28 17:25:21,566: +SERVICE [/view/set_parameters] /view http://ubuntu:36948/
[rosmaster.master][INFO] 2017-09-28 17:25:21,567: +PUB [/view/parameter_descriptions] /view http://ubuntu:36948/
[rosmaster.master][INFO] 2017-09-28 17:25:21,568: +PUB [/view/parameter_updates] /view http://ubuntu:36948/
[rosmaster.master][INFO] 2017-09-28 17:25:21,573: +PARAM [/view/grid] by /view
[rosmaster.master][INFO] 2017-09-28 17:25:21,574: +PARAM [/view/fisheye_mode] by /view
[rosmaster.master][INFO] 2017-09-28 17:25:21,574: +PARAM [/view/div_u] by /view
[rosmaster.master][INFO] 2017-09-28 17:25:21,575: +PARAM [/view/div_v] by /view
[rosmaster.master][INFO] 2017-09-28 17:25:21,576: +PARAM [/view/grid_red] by /view
[rosmaster.master][INFO] 2017-09-28 17:25:21,576: +PARAM [/view/grid_green] by /view
[rosmaster.master][INFO] 2017-09-28 17:25:21,577: +PARAM [/view/grid_blue] by /view
[rosmaster.master][INFO] 2017-09-28 17:25:21,578: +PARAM [/view/grid_thickness] by /view
[rosmaster.master][INFO] 2017-09-28 17:25:21,579: +PARAM [/view/grid_space] by /view
[rosmaster.master][INFO] 2017-09-28 17:25:21,579: +PARAM [/view/grid] by /view
[rosmaster.master][INFO] 2017-09-28 17:25:21,580: +PARAM [/view/fisheye_mode] by /view
[rosmaster.master][INFO] 2017-09-28 17:25:21,581: +PARAM [/view/div_u] by /view
[rosmaster.master][INFO] 2017-09-28 17:25:21,581: +PARAM [/view/div_v] by /view
[rosmaster.master][INFO] 2017-09-28 17:25:21,582: +PARAM [/view/grid_red] by /view
[rosmaster.master][INFO] 2017-09-28 17:25:21,583: +PARAM [/view/grid_green] by /view
[rosmaster.master][INFO] 2017-09-28 17:25:21,583: +PARAM [/view/grid_blue] by /view
[rosmaster.master][INFO] 2017-09-28 17:25:21,584: +PARAM [/view/grid_thickness] by /view
[rosmaster.master][INFO] 2017-09-28 17:25:21,585: +PARAM [/view/grid_space] by /view
[rosmaster.master][INFO] 2017-09-28 17:25:42,848: -PUB [/rosout] /mask http://ubuntu:33385/
[rosmaster.master][INFO] 2017-09-28 17:25:42,850: -PUB [/image/compressedDepth] /mask http://ubuntu:33385/
[rosmaster.master][INFO] 2017-09-28 17:25:42,852: -PUB [/image/compressedDepth/parameter_descriptions] /mask http://ubuntu:33385/
[rosmaster.master][INFO] 2017-09-28 17:25:42,857: -PUB [/image/compressedDepth/parameter_updates] /mask http://ubuntu:33385/
[rosmaster.master][INFO] 2017-09-28 17:25:42,864: -PUB [/image/compressed] /mask http://ubuntu:33385/
[rosmaster.master][INFO] 2017-09-28 17:25:42,872: -PUB [/image/compressed/parameter_descriptions] /mask http://ubuntu:33385/
[rosmaster.master][INFO] 2017-09-28 17:25:42,876: -PUB [/image/compressed/parameter_updates] /mask http://ubuntu:33385/
[rosmaster.master][INFO] 2017-09-28 17:25:42,880: publisherUpdate[/rosout] -> http://ubuntu:41443/ ['http://ubuntu:44224/', 'http://ubuntu:36948/']
[rosmaster.master][INFO] 2017-09-28 17:25:42,880: publisherUpdate[/rosout] -> http://ubuntu:41443/ ['http://ubuntu:44224/', 'http://ubuntu:36948/']: sec=0.00, result=[1, '', 0]
[rosmaster.master][INFO] 2017-09-28 17:25:42,881: -PUB [/image] /mask http://ubuntu:33385/
[rosmaster.master][INFO] 2017-09-28 17:25:42,886: -PUB [/image/theora] /mask http://ubuntu:33385/
[rosmaster.master][INFO] 2017-09-28 17:25:42,887: -PUB [/image/theora/parameter_descriptions] /mask http://ubuntu:33385/
[rosmaster.master][INFO] 2017-09-28 17:25:42,892: -PUB [/image/theora/parameter_updates] /mask http://ubuntu:33385/
[rosmaster.master][INFO] 2017-09-28 17:25:42,894: -PUB [/rosout] /camera http://ubuntu:44224/
[rosmaster.master][INFO] 2017-09-28 17:25:42,894: -PUB [/camera/image_raw/compressedDepth] /camera http://ubuntu:44224/
[rosmaster.master][INFO] 2017-09-28 17:25:42,895: -PUB [/camera/image_raw/compressedDepth/parameter_descriptions] /camera http://ubuntu:44224/
[rosmaster.master][INFO] 2017-09-28 17:25:42,896: -PUB [/camera/image_raw/compressedDepth/parameter_updates] /camera http://ubuntu:44224/
[rosmaster.master][INFO] 2017-09-28 17:25:42,898: -PUB [/rosout] /view http://ubuntu:36948/
[rosmaster.master][INFO] 2017-09-28 17:25:42,899: -PUB [/camera/image_raw/compressed] /camera http://ubuntu:44224/
[rosmaster.master][INFO] 2017-09-28 17:25:42,900: -PUB [/camera/image_raw/compressed/parameter_descriptions] /camera http://ubuntu:44224/
[rosmaster.master][INFO] 2017-09-28 17:25:42,900: -PUB [/camera/image_raw/compressed/parameter_updates] /camera http://ubuntu:44224/
[rosmaster.master][INFO] 2017-09-28 17:25:42,904: -PUB [/image/screenpoint] /view http://ubuntu:36948/
[rosmaster.master][INFO] 2017-09-28 17:25:42,905: -SUB [/camera/image_raw] /mask http://ubuntu:33385/
[rosmaster.master][INFO] 2017-09-28 17:25:42,905: -PUB [/camera/image_raw] /camera http://ubuntu:44224/
[rosmaster.master][INFO] 2017-09-28 17:25:42,910: -SERVICE [/mask/get_loggers] /mask rosrpc://ubuntu:38898
[rosmaster.master][INFO] 2017-09-28 17:25:42,910: -PUB [/image/screenpoint_array] /view http://ubuntu:36948/
[rosmaster.master][INFO] 2017-09-28 17:25:42,911: -PUB [/camera/image_raw/theora] /camera http://ubuntu:44224/
[rosmaster.master][INFO] 2017-09-28 17:25:42,912: -PUB [/camera/image_raw/theora/parameter_descriptions] /camera http://ubuntu:44224/
[rosmaster.master][INFO] 2017-09-28 17:25:42,918: -PUB [/image/screenrectangle] /view http://ubuntu:36948/
[rosmaster.master][INFO] 2017-09-28 17:25:42,919: -SERVICE [/mask/set_logger_level] /mask rosrpc://ubuntu:38898
[rosmaster.master][INFO] 2017-09-28 17:25:42,924: -PUB [/camera/image_raw/theora/parameter_updates] /camera http://ubuntu:44224/
[rosmaster.master][INFO] 2017-09-28 17:25:42,934: -PUB [/image/screenrectangle_image] /view http://ubuntu:36948/
[rosmaster.master][INFO] 2017-09-28 17:25:42,934: -SERVICE [/image/compressedDepth/set_parameters] /mask rosrpc://ubuntu:38898
[rosmaster.master][INFO] 2017-09-28 17:25:42,935: -PUB [/camera/camera_info] /camera http://ubuntu:44224/
[rosmaster.master][INFO] 2017-09-28 17:25:42,938: -SERVICE [/camera/get_loggers] /camera rosrpc://ubuntu:52540
[rosmaster.master][INFO] 2017-09-28 17:25:42,947: -SERVICE [/image/compressed/set_parameters] /mask rosrpc://ubuntu:38898
[rosmaster.master][INFO] 2017-09-28 17:25:42,956: -PUB [/image/movepoint] /view http://ubuntu:36948/
[rosmaster.master][INFO] 2017-09-28 17:25:42,960: -SERVICE [/camera/set_logger_level] /camera rosrpc://ubuntu:52540
[rosmaster.master][INFO] 2017-09-28 17:25:42,962: -SERVICE [/image/theora/set_parameters] /mask rosrpc://ubuntu:38898
[rosmaster.master][INFO] 2017-09-28 17:25:42,963: -PUB [/image/foreground] /view http://ubuntu:36948/
[rosmaster.master][INFO] 2017-09-28 17:25:42,963: -SERVICE [/camera/set_camera_info] /camera rosrpc://ubuntu:52540
[rosmaster.master][INFO] 2017-09-28 17:25:42,966: -PUB [/image/background] /view http://ubuntu:36948/
[rosmaster.master][INFO] 2017-09-28 17:25:42,974: -SERVICE [/camera/image_raw/compressedDepth/set_parameters] /camera rosrpc://ubuntu:52540
[rosmaster.master][INFO] 2017-09-28 17:25:42,977: -PUB [/image/foreground_rect] /view http://ubuntu:36948/
[rosmaster.master][INFO] 2017-09-28 17:25:42,978: -SERVICE [/camera/image_raw/compressed/set_parameters] /camera rosrpc://ubuntu:52540
[rosmaster.master][INFO] 2017-09-28 17:25:42,988: publisherUpdate[/image] -> http://ubuntu:36948/ []
[rosmaster.master][INFO] 2017-09-28 17:25:42,988: publisherUpdate[/rosout] -> http://ubuntu:41443/ ['http://ubuntu:36948/']
[rosmaster.master][INFO] 2017-09-28 17:25:43,005: publisherUpdate[/rosout] -> http://ubuntu:41443/ ['http://ubuntu:36948/']: sec=0.02, result=[1, '', 0]
[rosmaster.master][INFO] 2017-09-28 17:25:43,005: publisherUpdate[/rosout] -> http://ubuntu:41443/ []
[rosmaster.master][INFO] 2017-09-28 17:25:43,010: publisherUpdate[/rosout] -> http://ubuntu:41443/ []: sec=0.01, result=[1, '', 0]
[rosmaster.master][INFO] 2017-09-28 17:25:43,011: -PUB [/image/background_rect] /view http://ubuntu:36948/
[rosmaster.master][INFO] 2017-09-28 17:25:43,011: -SERVICE [/camera/image_raw/theora/set_parameters] /camera rosrpc://ubuntu:52540
[rosmaster.master][INFO] 2017-09-28 17:25:43,017: publisherUpdate[/image] -> http://ubuntu:36948/ []: sec=0.03, exception=<Fault -1: 'publisherUpdate: unknown method name'>
[rosmaster.threadpool][ERROR] 2017-09-28 17:25:43,018: Traceback (most recent call last):
  File "/opt/ros/kinetic/lib/python2.7/dist-packages/rosmaster/threadpool.py", line 218, in run
    result = cmd(*args)
  File "/opt/ros/kinetic/lib/python2.7/dist-packages/rosmaster/master_api.py", line 210, in publisher_update_task
    ret = xmlrpcapi(api).publisherUpdate('/master', topic, pub_uris)
  File "/usr/lib/python2.7/xmlrpclib.py", line 1243, in __call__
    return self.__send(self.__name, args)
  File "/usr/lib/python2.7/xmlrpclib.py", line 1602, in __request
    verbose=self.__verbose
  File "/usr/lib/python2.7/xmlrpclib.py", line 1283, in request
    return self.single_request(host, handler, request_body, verbose)
  File "/usr/lib/python2.7/xmlrpclib.py", line 1316, in single_request
    return self.parse_response(response)
  File "/usr/lib/python2.7/xmlrpclib.py", line 1493, in parse_response
    return u.close()
  File "/usr/lib/python2.7/xmlrpclib.py", line 800, in close
    raise Fault(**self._stack[0])
Fault: <Fault -1: 'publisherUpdate: unknown method name'>

[rosmaster.master][INFO] 2017-09-28 17:25:43,023: -PUB [/image/line] /view http://ubuntu:36948/
[rosmaster.master][INFO] 2017-09-28 17:25:43,028: -PUB [/image/poly] /view http://ubuntu:36948/
[rosmaster.master][INFO] 2017-09-28 17:25:43,030: -PUB [/image_marked/compressedDepth] /view http://ubuntu:36948/
[rosmaster.master][INFO] 2017-09-28 17:25:43,040: -PUB [/image_marked/compressedDepth/parameter_descriptions] /view http://ubuntu:36948/
[rosmaster.master][INFO] 2017-09-28 17:25:43,042: -PUB [/image_marked/compressedDepth/parameter_updates] /view http://ubuntu:36948/
[rosmaster.master][INFO] 2017-09-28 17:25:43,046: -PUB [/image_marked/compressed] /view http://ubuntu:36948/
[rosmaster.master][INFO] 2017-09-28 17:25:43,064: -PUB [/image_marked/compressed/parameter_descriptions] /view http://ubuntu:36948/
[rosmaster.master][INFO] 2017-09-28 17:25:43,066: -PUB [/image_marked/compressed/parameter_updates] /view http://ubuntu:36948/
[rosmaster.master][INFO] 2017-09-28 17:25:43,067: -PUB [/image_marked] /view http://ubuntu:36948/
[rosmaster.master][INFO] 2017-09-28 17:25:43,069: -PUB [/image_marked/theora] /view http://ubuntu:36948/
[rosmaster.master][INFO] 2017-09-28 17:25:43,077: -PUB [/image_marked/theora/parameter_descriptions] /view http://ubuntu:36948/
[rosmaster.master][INFO] 2017-09-28 17:25:43,083: -PUB [/image_marked/theora/parameter_updates] /view http://ubuntu:36948/
[rosmaster.master][INFO] 2017-09-28 17:25:43,092: -PUB [/image/marked/compressedDepth] /view http://ubuntu:36948/
[rosmaster.master][INFO] 2017-09-28 17:25:43,096: -PUB [/image/marked/compressedDepth/parameter_descriptions] /view http://ubuntu:36948/
[rosmaster.master][INFO] 2017-09-28 17:25:43,108: -PUB [/image/marked/compressedDepth/parameter_updates] /view http://ubuntu:36948/
[rosmaster.master][INFO] 2017-09-28 17:25:43,116: -PUB [/image/marked/compressed] /view http://ubuntu:36948/
[rosmaster.master][INFO] 2017-09-28 17:25:43,123: -PUB [/image/marked/compressed/parameter_descriptions] /view http://ubuntu:36948/
[rosmaster.master][INFO] 2017-09-28 17:25:43,130: -PUB [/image/marked/compressed/parameter_updates] /view http://ubuntu:36948/
[rosmaster.master][INFO] 2017-09-28 17:25:43,131: -PUB [/image/marked] /view http://ubuntu:36948/
[rosmaster.master][INFO] 2017-09-28 17:25:43,134: -PUB [/image/marked/theora] /view http://ubuntu:36948/
[rosmaster.master][INFO] 2017-09-28 17:25:43,139: -PUB [/image/marked/theora/parameter_descriptions] /view http://ubuntu:36948/
[rosmaster.master][INFO] 2017-09-28 17:25:43,143: -PUB [/image/marked/theora/parameter_updates] /view http://ubuntu:36948/
[rosmaster.master][INFO] 2017-09-28 17:25:43,144: -PUB [/view/parameter_descriptions] /view http://ubuntu:36948/
[rosmaster.master][INFO] 2017-09-28 17:25:43,145: -PUB [/view/parameter_updates] /view http://ubuntu:36948/
[rosmaster.master][INFO] 2017-09-28 17:25:43,148: -SUB [/tf] /view http://ubuntu:36948/
[rosmaster.master][INFO] 2017-09-28 17:25:43,151: -SUB [/tf_static] /view http://ubuntu:36948/
[rosmaster.master][INFO] 2017-09-28 17:25:43,156: -SUB [/image] /view http://ubuntu:36948/
[rosmaster.master][INFO] 2017-09-28 17:25:43,159: -SUB [/camera_info] /view http://ubuntu:36948/
[rosmaster.master][INFO] 2017-09-28 17:25:43,163: -SUB [/image_marker] /view http://ubuntu:36948/
[rosmaster.master][INFO] 2017-09-28 17:25:43,164: -SUB [/image/event] /view http://ubuntu:36948/
[rosmaster.master][INFO] 2017-09-28 17:25:43,172: -SERVICE [/view/get_loggers] /view rosrpc://ubuntu:51308
[rosmaster.master][INFO] 2017-09-28 17:25:43,175: -SERVICE [/view/set_logger_level] /view rosrpc://ubuntu:51308
[rosmaster.master][INFO] 2017-09-28 17:25:43,177: -SERVICE [/image_marked/compressedDepth/set_parameters] /view rosrpc://ubuntu:51308
[rosmaster.master][INFO] 2017-09-28 17:25:43,178: -SERVICE [/image_marked/compressed/set_parameters] /view rosrpc://ubuntu:51308
[rosmaster.master][INFO] 2017-09-28 17:25:43,180: -SERVICE [/image_marked/theora/set_parameters] /view rosrpc://ubuntu:51308
[rosmaster.master][INFO] 2017-09-28 17:25:43,181: -SERVICE [/image/marked/compressedDepth/set_parameters] /view rosrpc://ubuntu:51308
[rosmaster.master][INFO] 2017-09-28 17:25:43,185: -SERVICE [/image/marked/compressed/set_parameters] /view rosrpc://ubuntu:51308
[rosmaster.master][INFO] 2017-09-28 17:25:43,188: -SERVICE [/image/marked/theora/set_parameters] /view rosrpc://ubuntu:51308
[rosmaster.master][INFO] 2017-09-28 17:25:43,189: -SERVICE [/view/change_mode] /view rosrpc://ubuntu:51308
[rosmaster.master][INFO] 2017-09-28 17:25:43,191: -SERVICE [/view/rectangle_mode] /view rosrpc://ubuntu:51308
[rosmaster.master][INFO] 2017-09-28 17:25:43,193: -SERVICE [/view/grabcut_mode] /view rosrpc://ubuntu:51308
[rosmaster.master][INFO] 2017-09-28 17:25:43,197: -SERVICE [/view/grabcut_rect_mode] /view rosrpc://ubuntu:51308
[rosmaster.master][INFO] 2017-09-28 17:25:43,204: -SERVICE [/view/line_mode] /view rosrpc://ubuntu:51308
[rosmaster.master][INFO] 2017-09-28 17:25:43,207: -SERVICE [/view/poly_mode] /view rosrpc://ubuntu:51308
[rosmaster.master][INFO] 2017-09-28 17:25:43,211: -SERVICE [/view/none_mode] /view rosrpc://ubuntu:51308
[rosmaster.master][INFO] 2017-09-28 17:25:43,213: -SERVICE [/view/set_parameters] /view rosrpc://ubuntu:51308
[rosmaster.master][INFO] 2017-09-28 17:25:43,508: -PUB [/rosout_agg] /rosout http://ubuntu:41443/
[rosmaster.master][INFO] 2017-09-28 17:25:43,509: -SUB [/rosout] /rosout http://ubuntu:41443/
[rosmaster.master][INFO] 2017-09-28 17:25:43,510: -SERVICE [/rosout/get_loggers] /rosout rosrpc://ubuntu:59654
[rosmaster.master][INFO] 2017-09-28 17:25:43,511: -SERVICE [/rosout/set_logger_level] /rosout rosrpc://ubuntu:59654
[rosmaster.main][INFO] 2017-09-28 17:25:43,552: keyboard interrupt, will exit
[rosmaster.main][INFO] 2017-09-28 17:25:43,552: stopping master...
[rospy.core][INFO] 2017-09-28 17:25:43,552: signal_shutdown [atexit]
