[rosmaster.main][INFO] 2017-09-21 19:17:36,614: initialization complete, waiting for shutdown
[rosmaster.main][INFO] 2017-09-21 19:17:36,614: Starting ROS Master Node
[xmlrpc][INFO] 2017-09-21 19:17:36,615: XML-RPC server binding to 0.0.0.0:11311
[xmlrpc][INFO] 2017-09-21 19:17:36,615: Started XML-RPC server [http://ubuntu:11311/]
[xmlrpc][INFO] 2017-09-21 19:17:36,615: xml rpc node: starting XML-RPC server
[rosmaster.master][INFO] 2017-09-21 19:17:36,615: Master initialized: port[11311], uri[http://ubuntu:11311/]
[rosmaster.master][INFO] 2017-09-21 19:17:36,672: +PARAM [/run_id] by /roslaunch
[rosmaster.master][INFO] 2017-09-21 19:17:36,674: +PARAM [/roslaunch/uris/host_ubuntu__40912] by /roslaunch
[rosmaster.master][INFO] 2017-09-21 19:17:36,763: +PARAM [/rosversion] by /roslaunch
[rosmaster.master][INFO] 2017-09-21 19:17:36,763: +PARAM [/rosdistro] by /roslaunch
[rosmaster.master][INFO] 2017-09-21 19:17:36,764: +PARAM [/camera/device_id] by /roslaunch
[rosmaster.master][INFO] 2017-09-21 19:17:36,767: +SERVICE [/rosout/get_loggers] /rosout http://ubuntu:41964/
[rosmaster.master][INFO] 2017-09-21 19:17:36,768: +SERVICE [/rosout/set_logger_level] /rosout http://ubuntu:41964/
[rosmaster.master][INFO] 2017-09-21 19:17:36,770: +PUB [/rosout_agg] /rosout http://ubuntu:41964/
[rosmaster.master][INFO] 2017-09-21 19:17:36,787: +SUB [/rosout] /rosout http://ubuntu:41964/
[rosmaster.master][INFO] 2017-09-21 19:17:36,862: +PUB [/rosout] /image_converter http://ubuntu:36223/
[rosmaster.master][INFO] 2017-09-21 19:17:36,863: +SERVICE [/image_converter/get_loggers] /image_converter http://ubuntu:36223/
[rosmaster.master][INFO] 2017-09-21 19:17:36,864: +SERVICE [/image_converter/set_logger_level] /image_converter http://ubuntu:36223/
[rosmaster.master][INFO] 2017-09-21 19:17:36,914: +PUB [/rosout] /camera http://ubuntu:41073/
[rosmaster.master][INFO] 2017-09-21 19:17:36,915: +SERVICE [/camera/get_loggers] /camera http://ubuntu:41073/
[rosmaster.master][INFO] 2017-09-21 19:17:36,915: publisherUpdate[/rosout] -> http://ubuntu:41964/ ['http://ubuntu:36223/']
[rosmaster.master][INFO] 2017-09-21 19:17:36,917: publisherUpdate[/rosout] -> http://ubuntu:41964/ ['http://ubuntu:36223/']: sec=0.00, result=[1, '', 0]
[rosmaster.master][INFO] 2017-09-21 19:17:36,917: publisherUpdate[/rosout] -> http://ubuntu:41964/ ['http://ubuntu:36223/', 'http://ubuntu:41073/']
[rosmaster.master][INFO] 2017-09-21 19:17:36,917: publisherUpdate[/rosout] -> http://ubuntu:41964/ ['http://ubuntu:36223/', 'http://ubuntu:41073/']: sec=0.00, result=[1, '', 0]
[rosmaster.master][INFO] 2017-09-21 19:17:36,918: +SERVICE [/camera/set_logger_level] /camera http://ubuntu:41073/
[rosmaster.master][INFO] 2017-09-21 19:17:36,924: +PUB [/rosout] /view http://ubuntu:35770/
[rosmaster.master][INFO] 2017-09-21 19:17:36,932: +SERVICE [/view/get_loggers] /view http://ubuntu:35770/
[rosmaster.master][INFO] 2017-09-21 19:17:36,932: +SERVICE [/view/set_logger_level] /view http://ubuntu:35770/
[rosmaster.master][INFO] 2017-09-21 19:17:36,943: +SUB [/tf] /view http://ubuntu:35770/
[rosmaster.master][INFO] 2017-09-21 19:17:36,954: +SUB [/tf_static] /view http://ubuntu:35770/
[rosmaster.master][INFO] 2017-09-21 19:17:36,991: +SERVICE [/camera/set_camera_info] /camera http://ubuntu:41073/
[rosmaster.master][INFO] 2017-09-21 19:17:37,007: +PUB [/image/screenpoint] /view http://ubuntu:35770/
[rosmaster.master][INFO] 2017-09-21 19:17:37,008: +PUB [/image/screenpoint_array] /view http://ubuntu:35770/
[rosmaster.master][INFO] 2017-09-21 19:17:37,009: +PUB [/image/screenrectangle] /view http://ubuntu:35770/
[rosmaster.master][INFO] 2017-09-21 19:17:37,009: +PUB [/image/screenrectangle_image] /view http://ubuntu:35770/
[rosmaster.master][INFO] 2017-09-21 19:17:37,010: +PUB [/image/movepoint] /view http://ubuntu:35770/
[rosmaster.master][INFO] 2017-09-21 19:17:37,011: +PUB [/image/foreground] /view http://ubuntu:35770/
[rosmaster.master][INFO] 2017-09-21 19:17:37,011: +PUB [/image/background] /view http://ubuntu:35770/
[rosmaster.master][INFO] 2017-09-21 19:17:37,014: +PUB [/image/foreground_rect] /view http://ubuntu:35770/
[rosmaster.master][INFO] 2017-09-21 19:17:37,015: +PUB [/image/background_rect] /view http://ubuntu:35770/
[rosmaster.master][INFO] 2017-09-21 19:17:37,016: +PUB [/image/line] /view http://ubuntu:35770/
[rosmaster.master][INFO] 2017-09-21 19:17:37,017: publisherUpdate[/rosout] -> http://ubuntu:41964/ ['http://ubuntu:36223/', 'http://ubuntu:41073/', 'http://ubuntu:35770/']
[rosmaster.master][INFO] 2017-09-21 19:17:37,018: publisherUpdate[/rosout] -> http://ubuntu:41964/ ['http://ubuntu:36223/', 'http://ubuntu:41073/', 'http://ubuntu:35770/']: sec=0.00, result=[1, '', 0]
[rosmaster.master][INFO] 2017-09-21 19:17:37,018: +PUB [/image/poly] /view http://ubuntu:35770/
[rosmaster.master][INFO] 2017-09-21 19:17:37,027: +SUB [/camera/image_raw] /image_converter http://ubuntu:36223/
[rosmaster.master][INFO] 2017-09-21 19:17:37,082: +PUB [/image/compressedDepth] /image_converter http://ubuntu:36223/
[rosmaster.master][INFO] 2017-09-21 19:17:37,083: +SERVICE [/image/compressedDepth/set_parameters] /image_converter http://ubuntu:36223/
[rosmaster.master][INFO] 2017-09-21 19:17:37,083: +PUB [/image/compressedDepth/parameter_descriptions] /image_converter http://ubuntu:36223/
[rosmaster.master][INFO] 2017-09-21 19:17:37,084: +PUB [/image/compressedDepth/parameter_updates] /image_converter http://ubuntu:36223/
[rosmaster.master][INFO] 2017-09-21 19:17:37,086: +PARAM [/image/compressedDepth/depth_max] by /image_converter
[rosmaster.master][INFO] 2017-09-21 19:17:37,087: +PARAM [/image/compressedDepth/depth_quantization] by /image_converter
[rosmaster.master][INFO] 2017-09-21 19:17:37,089: +PARAM [/image/compressedDepth/png_level] by /image_converter
[rosmaster.master][INFO] 2017-09-21 19:17:37,090: +PARAM [/image/compressedDepth/depth_max] by /image_converter
[rosmaster.master][INFO] 2017-09-21 19:17:37,092: +PARAM [/image/compressedDepth/depth_quantization] by /image_converter
[rosmaster.master][INFO] 2017-09-21 19:17:37,094: +PUB [/image_marked/compressedDepth] /view http://ubuntu:35770/
[rosmaster.master][INFO] 2017-09-21 19:17:37,094: +PARAM [/image/compressedDepth/png_level] by /image_converter
[rosmaster.master][INFO] 2017-09-21 19:17:37,098: +SERVICE [/image_marked/compressedDepth/set_parameters] /view http://ubuntu:35770/
[rosmaster.master][INFO] 2017-09-21 19:17:37,103: +PUB [/image_marked/compressedDepth/parameter_descriptions] /view http://ubuntu:35770/
[rosmaster.master][INFO] 2017-09-21 19:17:37,104: +PUB [/image_marked/compressedDepth/parameter_updates] /view http://ubuntu:35770/
[rosmaster.master][INFO] 2017-09-21 19:17:37,106: +PARAM [/image_marked/compressedDepth/depth_max] by /view
[rosmaster.master][INFO] 2017-09-21 19:17:37,109: +PARAM [/image_marked/compressedDepth/depth_quantization] by /view
[rosmaster.master][INFO] 2017-09-21 19:17:37,110: +PARAM [/image_marked/compressedDepth/png_level] by /view
[rosmaster.master][INFO] 2017-09-21 19:17:37,110: +PARAM [/image_marked/compressedDepth/depth_max] by /view
[rosmaster.master][INFO] 2017-09-21 19:17:37,114: +PARAM [/image_marked/compressedDepth/depth_quantization] by /view
[rosmaster.master][INFO] 2017-09-21 19:17:37,115: +PARAM [/image_marked/compressedDepth/png_level] by /view
[rosmaster.master][INFO] 2017-09-21 19:17:37,158: +PUB [/image/compressed] /image_converter http://ubuntu:36223/
[rosmaster.master][INFO] 2017-09-21 19:17:37,159: +SERVICE [/image/compressed/set_parameters] /image_converter http://ubuntu:36223/
[rosmaster.master][INFO] 2017-09-21 19:17:37,160: +PUB [/image/compressed/parameter_descriptions] /image_converter http://ubuntu:36223/
[rosmaster.master][INFO] 2017-09-21 19:17:37,161: +PUB [/image/compressed/parameter_updates] /image_converter http://ubuntu:36223/
[rosmaster.master][INFO] 2017-09-21 19:17:37,167: +PARAM [/image/compressed/format] by /image_converter
[rosmaster.master][INFO] 2017-09-21 19:17:37,167: +PARAM [/image/compressed/jpeg_quality] by /image_converter
[rosmaster.master][INFO] 2017-09-21 19:17:37,168: +PARAM [/image/compressed/png_level] by /image_converter
[rosmaster.master][INFO] 2017-09-21 19:17:37,170: +PARAM [/image/compressed/format] by /image_converter
[rosmaster.master][INFO] 2017-09-21 19:17:37,171: +PARAM [/image/compressed/jpeg_quality] by /image_converter
[rosmaster.master][INFO] 2017-09-21 19:17:37,173: +PARAM [/image/compressed/png_level] by /image_converter
[rosmaster.master][INFO] 2017-09-21 19:17:37,190: +PUB [/image_marked/compressed] /view http://ubuntu:35770/
[rosmaster.master][INFO] 2017-09-21 19:17:37,191: +SERVICE [/image_marked/compressed/set_parameters] /view http://ubuntu:35770/
[rosmaster.master][INFO] 2017-09-21 19:17:37,191: +PUB [/image_marked/compressed/parameter_descriptions] /view http://ubuntu:35770/
[rosmaster.master][INFO] 2017-09-21 19:17:37,192: +PUB [/image_marked/compressed/parameter_updates] /view http://ubuntu:35770/
[rosmaster.master][INFO] 2017-09-21 19:17:37,195: +PARAM [/image_marked/compressed/format] by /view
[rosmaster.master][INFO] 2017-09-21 19:17:37,195: +PARAM [/image_marked/compressed/jpeg_quality] by /view
[rosmaster.master][INFO] 2017-09-21 19:17:37,197: +PARAM [/image_marked/compressed/png_level] by /view
[rosmaster.master][INFO] 2017-09-21 19:17:37,199: +PARAM [/image_marked/compressed/format] by /view
[rosmaster.master][INFO] 2017-09-21 19:17:37,202: +PARAM [/image_marked/compressed/jpeg_quality] by /view
[rosmaster.master][INFO] 2017-09-21 19:17:37,206: +PARAM [/image_marked/compressed/png_level] by /view
[rosmaster.master][INFO] 2017-09-21 19:17:37,246: +PUB [/camera/image_raw/compressedDepth] /camera http://ubuntu:41073/
[rosmaster.master][INFO] 2017-09-21 19:17:37,247: +SERVICE [/camera/image_raw/compressedDepth/set_parameters] /camera http://ubuntu:41073/
[rosmaster.master][INFO] 2017-09-21 19:17:37,247: +PUB [/camera/image_raw/compressedDepth/parameter_descriptions] /camera http://ubuntu:41073/
[rosmaster.master][INFO] 2017-09-21 19:17:37,248: +PUB [/camera/image_raw/compressedDepth/parameter_updates] /camera http://ubuntu:41073/
[rosmaster.master][INFO] 2017-09-21 19:17:37,250: +PARAM [/camera/image_raw/compressedDepth/depth_max] by /camera
[rosmaster.master][INFO] 2017-09-21 19:17:37,251: +PARAM [/camera/image_raw/compressedDepth/depth_quantization] by /camera
[rosmaster.master][INFO] 2017-09-21 19:17:37,254: +PARAM [/camera/image_raw/compressedDepth/png_level] by /camera
[rosmaster.master][INFO] 2017-09-21 19:17:37,256: +PARAM [/camera/image_raw/compressedDepth/depth_max] by /camera
[rosmaster.master][INFO] 2017-09-21 19:17:37,256: +PUB [/image] /image_converter http://ubuntu:36223/
[rosmaster.master][INFO] 2017-09-21 19:17:37,257: +PARAM [/camera/image_raw/compressedDepth/depth_quantization] by /camera
[rosmaster.master][INFO] 2017-09-21 19:17:37,266: +PARAM [/camera/image_raw/compressedDepth/png_level] by /camera
[rosmaster.master][INFO] 2017-09-21 19:17:37,288: +PUB [/image_marked] /view http://ubuntu:35770/
[rosmaster.master][INFO] 2017-09-21 19:17:37,343: +PUB [/camera/image_raw/compressed] /camera http://ubuntu:41073/
[rosmaster.master][INFO] 2017-09-21 19:17:37,344: +SERVICE [/camera/image_raw/compressed/set_parameters] /camera http://ubuntu:41073/
[rosmaster.master][INFO] 2017-09-21 19:17:37,344: +PUB [/camera/image_raw/compressed/parameter_descriptions] /camera http://ubuntu:41073/
[rosmaster.master][INFO] 2017-09-21 19:17:37,345: +PUB [/camera/image_raw/compressed/parameter_updates] /camera http://ubuntu:41073/
[rosmaster.master][INFO] 2017-09-21 19:17:37,349: +PARAM [/camera/image_raw/compressed/format] by /camera
[rosmaster.master][INFO] 2017-09-21 19:17:37,350: +PARAM [/camera/image_raw/compressed/jpeg_quality] by /camera
[rosmaster.master][INFO] 2017-09-21 19:17:37,350: +PARAM [/camera/image_raw/compressed/png_level] by /camera
[rosmaster.master][INFO] 2017-09-21 19:17:37,351: +PUB [/image/theora] /image_converter http://ubuntu:36223/
[rosmaster.master][INFO] 2017-09-21 19:17:37,352: +PARAM [/camera/image_raw/compressed/format] by /camera
[rosmaster.master][INFO] 2017-09-21 19:17:37,354: +SERVICE [/image/theora/set_parameters] /image_converter http://ubuntu:36223/
[rosmaster.master][INFO] 2017-09-21 19:17:37,355: +PARAM [/camera/image_raw/compressed/jpeg_quality] by /camera
[rosmaster.master][INFO] 2017-09-21 19:17:37,356: +PUB [/image/theora/parameter_descriptions] /image_converter http://ubuntu:36223/
[rosmaster.master][INFO] 2017-09-21 19:17:37,358: +PARAM [/camera/image_raw/compressed/png_level] by /camera
[rosmaster.master][INFO] 2017-09-21 19:17:37,366: +PUB [/image/theora/parameter_updates] /image_converter http://ubuntu:36223/
[rosmaster.master][INFO] 2017-09-21 19:17:37,373: +PARAM [/image/theora/optimize_for] by /image_converter
[rosmaster.master][INFO] 2017-09-21 19:17:37,373: +PARAM [/image/theora/target_bitrate] by /image_converter
[rosmaster.master][INFO] 2017-09-21 19:17:37,374: +PARAM [/image/theora/quality] by /image_converter
[rosmaster.master][INFO] 2017-09-21 19:17:37,378: +PARAM [/image/theora/keyframe_frequency] by /image_converter
[rosmaster.master][INFO] 2017-09-21 19:17:37,379: +PARAM [/image/theora/optimize_for] by /image_converter
[rosmaster.master][INFO] 2017-09-21 19:17:37,382: +PARAM [/image/theora/target_bitrate] by /image_converter
[rosmaster.master][INFO] 2017-09-21 19:17:37,382: +PARAM [/image/theora/quality] by /image_converter
[rosmaster.master][INFO] 2017-09-21 19:17:37,387: +PARAM [/image/theora/keyframe_frequency] by /image_converter
[rosmaster.master][INFO] 2017-09-21 19:17:37,388: +PUB [/image_marked/theora] /view http://ubuntu:35770/
[rosmaster.master][INFO] 2017-09-21 19:17:37,389: +SERVICE [/image_marked/theora/set_parameters] /view http://ubuntu:35770/
[rosmaster.master][INFO] 2017-09-21 19:17:37,389: +PUB [/image_marked/theora/parameter_descriptions] /view http://ubuntu:35770/
[rosmaster.master][INFO] 2017-09-21 19:17:37,390: +PUB [/image_marked/theora/parameter_updates] /view http://ubuntu:35770/
[rosmaster.master][INFO] 2017-09-21 19:17:37,397: +PARAM [/image_marked/theora/optimize_for] by /view
[rosmaster.master][INFO] 2017-09-21 19:17:37,397: +PARAM [/image_marked/theora/target_bitrate] by /view
[rosmaster.master][INFO] 2017-09-21 19:17:37,398: +PARAM [/image_marked/theora/quality] by /view
[rosmaster.master][INFO] 2017-09-21 19:17:37,399: +PARAM [/image_marked/theora/keyframe_frequency] by /view
[rosmaster.master][INFO] 2017-09-21 19:17:37,403: +PARAM [/image_marked/theora/optimize_for] by /view
[rosmaster.master][INFO] 2017-09-21 19:17:37,403: +PARAM [/image_marked/theora/target_bitrate] by /view
[rosmaster.master][INFO] 2017-09-21 19:17:37,404: +PARAM [/image_marked/theora/quality] by /view
[rosmaster.master][INFO] 2017-09-21 19:17:37,404: +PARAM [/image_marked/theora/keyframe_frequency] by /view
[rosmaster.master][INFO] 2017-09-21 19:17:37,424: +PUB [/camera/image_raw] /camera http://ubuntu:41073/
[rosmaster.master][INFO] 2017-09-21 19:17:37,456: +PUB [/image/marked/compressedDepth] /view http://ubuntu:35770/
[rosmaster.master][INFO] 2017-09-21 19:17:37,456: +SERVICE [/image/marked/compressedDepth/set_parameters] /view http://ubuntu:35770/
[rosmaster.master][INFO] 2017-09-21 19:17:37,458: +PUB [/image/marked/compressedDepth/parameter_descriptions] /view http://ubuntu:35770/
[rosmaster.master][INFO] 2017-09-21 19:17:37,459: +PUB [/image/marked/compressedDepth/parameter_updates] /view http://ubuntu:35770/
[rosmaster.master][INFO] 2017-09-21 19:17:37,461: +PARAM [/image/marked/compressedDepth/depth_max] by /view
[rosmaster.master][INFO] 2017-09-21 19:17:37,462: +PARAM [/image/marked/compressedDepth/depth_quantization] by /view
[rosmaster.master][INFO] 2017-09-21 19:17:37,466: +PARAM [/image/marked/compressedDepth/png_level] by /view
[rosmaster.master][INFO] 2017-09-21 19:17:37,467: +PARAM [/image/marked/compressedDepth/depth_max] by /view
[rosmaster.master][INFO] 2017-09-21 19:17:37,468: +PARAM [/image/marked/compressedDepth/depth_quantization] by /view
[rosmaster.master][INFO] 2017-09-21 19:17:37,469: +PARAM [/image/marked/compressedDepth/png_level] by /view
[rosmaster.master][INFO] 2017-09-21 19:17:37,486: +PUB [/camera/image_raw/theora] /camera http://ubuntu:41073/
[rosmaster.master][INFO] 2017-09-21 19:17:37,487: +SERVICE [/camera/image_raw/theora/set_parameters] /camera http://ubuntu:41073/
[rosmaster.master][INFO] 2017-09-21 19:17:37,488: +PUB [/camera/image_raw/theora/parameter_descriptions] /camera http://ubuntu:41073/
[rosmaster.master][INFO] 2017-09-21 19:17:37,489: +PUB [/camera/image_raw/theora/parameter_updates] /camera http://ubuntu:41073/
[rosmaster.master][INFO] 2017-09-21 19:17:37,492: +PARAM [/camera/image_raw/theora/optimize_for] by /camera
[rosmaster.master][INFO] 2017-09-21 19:17:37,494: +PARAM [/camera/image_raw/theora/target_bitrate] by /camera
[rosmaster.master][INFO] 2017-09-21 19:17:37,495: +PARAM [/camera/image_raw/theora/quality] by /camera
[rosmaster.master][INFO] 2017-09-21 19:17:37,498: +PARAM [/camera/image_raw/theora/keyframe_frequency] by /camera
[rosmaster.master][INFO] 2017-09-21 19:17:37,499: +PARAM [/camera/image_raw/theora/optimize_for] by /camera
[rosmaster.master][INFO] 2017-09-21 19:17:37,500: +PARAM [/camera/image_raw/theora/target_bitrate] by /camera
[rosmaster.master][INFO] 2017-09-21 19:17:37,501: +PARAM [/camera/image_raw/theora/quality] by /camera
[rosmaster.master][INFO] 2017-09-21 19:17:37,501: +PARAM [/camera/image_raw/theora/keyframe_frequency] by /camera
[rosmaster.master][INFO] 2017-09-21 19:17:37,503: +PUB [/camera/camera_info] /camera http://ubuntu:41073/
[rosmaster.master][INFO] 2017-09-21 19:17:37,521: publisherUpdate[/camera/image_raw] -> http://ubuntu:36223/ ['http://ubuntu:41073/']
[rosmaster.master][INFO] 2017-09-21 19:17:37,524: publisherUpdate[/camera/image_raw] -> http://ubuntu:36223/ ['http://ubuntu:41073/']: sec=0.00, result=[1, '', 0]
[rosmaster.master][INFO] 2017-09-21 19:17:37,528: +PUB [/image/marked/compressed] /view http://ubuntu:35770/
[rosmaster.master][INFO] 2017-09-21 19:17:37,529: +SERVICE [/image/marked/compressed/set_parameters] /view http://ubuntu:35770/
[rosmaster.master][INFO] 2017-09-21 19:17:37,530: +PUB [/image/marked/compressed/parameter_descriptions] /view http://ubuntu:35770/
[rosmaster.master][INFO] 2017-09-21 19:17:37,531: +PUB [/image/marked/compressed/parameter_updates] /view http://ubuntu:35770/
[rosmaster.master][INFO] 2017-09-21 19:17:37,533: +PARAM [/image/marked/compressed/format] by /view
[rosmaster.master][INFO] 2017-09-21 19:17:37,534: +PARAM [/image/marked/compressed/jpeg_quality] by /view
[rosmaster.master][INFO] 2017-09-21 19:17:37,534: +PARAM [/image/marked/compressed/png_level] by /view
[rosmaster.master][INFO] 2017-09-21 19:17:37,535: +PARAM [/image/marked/compressed/format] by /view
[rosmaster.master][INFO] 2017-09-21 19:17:37,535: +PARAM [/image/marked/compressed/jpeg_quality] by /view
[rosmaster.master][INFO] 2017-09-21 19:17:37,536: +PARAM [/image/marked/compressed/png_level] by /view
[rosmaster.master][INFO] 2017-09-21 19:17:37,562: +PUB [/image/marked] /view http://ubuntu:35770/
[rosmaster.master][INFO] 2017-09-21 19:17:37,588: +PUB [/image/marked/theora] /view http://ubuntu:35770/
[rosmaster.master][INFO] 2017-09-21 19:17:37,588: +SERVICE [/image/marked/theora/set_parameters] /view http://ubuntu:35770/
[rosmaster.master][INFO] 2017-09-21 19:17:37,589: +PUB [/image/marked/theora/parameter_descriptions] /view http://ubuntu:35770/
[rosmaster.master][INFO] 2017-09-21 19:17:37,590: +PUB [/image/marked/theora/parameter_updates] /view http://ubuntu:35770/
[rosmaster.master][INFO] 2017-09-21 19:17:37,592: +PARAM [/image/marked/theora/optimize_for] by /view
[rosmaster.master][INFO] 2017-09-21 19:17:37,593: +PARAM [/image/marked/theora/target_bitrate] by /view
[rosmaster.master][INFO] 2017-09-21 19:17:37,594: +PARAM [/image/marked/theora/quality] by /view
[rosmaster.master][INFO] 2017-09-21 19:17:37,594: +PARAM [/image/marked/theora/keyframe_frequency] by /view
[rosmaster.master][INFO] 2017-09-21 19:17:37,595: +PARAM [/image/marked/theora/optimize_for] by /view
[rosmaster.master][INFO] 2017-09-21 19:17:37,596: +PARAM [/image/marked/theora/target_bitrate] by /view
[rosmaster.master][INFO] 2017-09-21 19:17:37,596: +PARAM [/image/marked/theora/quality] by /view
[rosmaster.master][INFO] 2017-09-21 19:17:37,597: +PARAM [/image/marked/theora/keyframe_frequency] by /view
[rosmaster.master][INFO] 2017-09-21 19:17:37,626: +SUB [/image] /view http://ubuntu:35770/
[rosmaster.master][INFO] 2017-09-21 19:17:37,630: +SUB [/camera_info] /view http://ubuntu:35770/
[rosmaster.master][INFO] 2017-09-21 19:17:37,633: +SUB [/image_marker] /view http://ubuntu:35770/
[rosmaster.master][INFO] 2017-09-21 19:17:37,636: +SUB [/image/event] /view http://ubuntu:35770/
[rosmaster.master][INFO] 2017-09-21 19:17:37,637: +SERVICE [/view/change_mode] /view http://ubuntu:35770/
[rosmaster.master][INFO] 2017-09-21 19:17:37,637: +SERVICE [/view/rectangle_mode] /view http://ubuntu:35770/
[rosmaster.master][INFO] 2017-09-21 19:17:37,638: +SERVICE [/view/grabcut_mode] /view http://ubuntu:35770/
[rosmaster.master][INFO] 2017-09-21 19:17:37,639: +SERVICE [/view/grabcut_rect_mode] /view http://ubuntu:35770/
[rosmaster.master][INFO] 2017-09-21 19:17:37,640: +SERVICE [/view/line_mode] /view http://ubuntu:35770/
[rosmaster.master][INFO] 2017-09-21 19:17:37,641: +SERVICE [/view/poly_mode] /view http://ubuntu:35770/
[rosmaster.master][INFO] 2017-09-21 19:17:37,641: +SERVICE [/view/none_mode] /view http://ubuntu:35770/
[rosmaster.master][INFO] 2017-09-21 19:17:37,642: +SERVICE [/view/set_parameters] /view http://ubuntu:35770/
[rosmaster.master][INFO] 2017-09-21 19:17:37,643: +PUB [/view/parameter_descriptions] /view http://ubuntu:35770/
[rosmaster.master][INFO] 2017-09-21 19:17:37,644: +PUB [/view/parameter_updates] /view http://ubuntu:35770/
[rosmaster.master][INFO] 2017-09-21 19:17:37,649: +PARAM [/view/grid] by /view
[rosmaster.master][INFO] 2017-09-21 19:17:37,649: +PARAM [/view/fisheye_mode] by /view
[rosmaster.master][INFO] 2017-09-21 19:17:37,650: +PARAM [/view/div_u] by /view
[rosmaster.master][INFO] 2017-09-21 19:17:37,650: +PARAM [/view/div_v] by /view
[rosmaster.master][INFO] 2017-09-21 19:17:37,651: +PARAM [/view/grid_red] by /view
[rosmaster.master][INFO] 2017-09-21 19:17:37,652: +PARAM [/view/grid_green] by /view
[rosmaster.master][INFO] 2017-09-21 19:17:37,652: +PARAM [/view/grid_blue] by /view
[rosmaster.master][INFO] 2017-09-21 19:17:37,653: +PARAM [/view/grid_thickness] by /view
[rosmaster.master][INFO] 2017-09-21 19:17:37,654: +PARAM [/view/grid_space] by /view
[rosmaster.master][INFO] 2017-09-21 19:17:37,655: +PARAM [/view/grid] by /view
[rosmaster.master][INFO] 2017-09-21 19:17:37,655: +PARAM [/view/fisheye_mode] by /view
[rosmaster.master][INFO] 2017-09-21 19:17:37,656: +PARAM [/view/div_u] by /view
[rosmaster.master][INFO] 2017-09-21 19:17:37,656: +PARAM [/view/div_v] by /view
[rosmaster.master][INFO] 2017-09-21 19:17:37,657: +PARAM [/view/grid_red] by /view
[rosmaster.master][INFO] 2017-09-21 19:17:37,658: +PARAM [/view/grid_green] by /view
[rosmaster.master][INFO] 2017-09-21 19:17:37,659: +PARAM [/view/grid_blue] by /view
[rosmaster.master][INFO] 2017-09-21 19:17:37,659: +PARAM [/view/grid_thickness] by /view
[rosmaster.master][INFO] 2017-09-21 19:17:37,660: +PARAM [/view/grid_space] by /view
[rosmaster.master][INFO] 2017-09-21 19:17:52,615: -PUB [/rosout] /camera http://ubuntu:41073/
[rosmaster.master][INFO] 2017-09-21 19:17:52,617: -PUB [/camera/image_raw/compressedDepth] /camera http://ubuntu:41073/
[rosmaster.master][INFO] 2017-09-21 19:17:52,617: -PUB [/camera/image_raw/compressedDepth/parameter_descriptions] /camera http://ubuntu:41073/
[rosmaster.master][INFO] 2017-09-21 19:17:52,618: -PUB [/camera/image_raw/compressedDepth/parameter_updates] /camera http://ubuntu:41073/
[rosmaster.master][INFO] 2017-09-21 19:17:52,619: -PUB [/camera/image_raw/compressed] /camera http://ubuntu:41073/
[rosmaster.master][INFO] 2017-09-21 19:17:52,622: -PUB [/camera/image_raw/compressed/parameter_descriptions] /camera http://ubuntu:41073/
[rosmaster.master][INFO] 2017-09-21 19:17:52,622: -PUB [/camera/image_raw/compressed/parameter_updates] /camera http://ubuntu:41073/
[rosmaster.master][INFO] 2017-09-21 19:17:52,623: -PUB [/camera/image_raw] /camera http://ubuntu:41073/
[rosmaster.master][INFO] 2017-09-21 19:17:52,626: -PUB [/rosout] /view http://ubuntu:35770/
[rosmaster.master][INFO] 2017-09-21 19:17:52,626: -PUB [/camera/image_raw/theora] /camera http://ubuntu:41073/
[rosmaster.master][INFO] 2017-09-21 19:17:52,627: -PUB [/camera/image_raw/theora/parameter_descriptions] /camera http://ubuntu:41073/
[rosmaster.master][INFO] 2017-09-21 19:17:52,628: -PUB [/camera/image_raw/theora/parameter_updates] /camera http://ubuntu:41073/
[rosmaster.master][INFO] 2017-09-21 19:17:52,633: -PUB [/image/screenpoint] /view http://ubuntu:35770/
[rosmaster.master][INFO] 2017-09-21 19:17:52,633: -PUB [/camera/camera_info] /camera http://ubuntu:41073/
[rosmaster.master][INFO] 2017-09-21 19:17:52,634: -SERVICE [/camera/get_loggers] /camera rosrpc://ubuntu:50383
[rosmaster.master][INFO] 2017-09-21 19:17:52,637: -PUB [/image/screenpoint_array] /view http://ubuntu:35770/
[rosmaster.master][INFO] 2017-09-21 19:17:52,637: -SERVICE [/camera/set_logger_level] /camera rosrpc://ubuntu:50383
[rosmaster.master][INFO] 2017-09-21 19:17:52,640: -SERVICE [/camera/set_camera_info] /camera rosrpc://ubuntu:50383
[rosmaster.master][INFO] 2017-09-21 19:17:52,641: -PUB [/image/screenrectangle] /view http://ubuntu:35770/
[rosmaster.master][INFO] 2017-09-21 19:17:52,642: -SERVICE [/camera/image_raw/compressedDepth/set_parameters] /camera rosrpc://ubuntu:50383
[rosmaster.master][INFO] 2017-09-21 19:17:52,647: -PUB [/image/screenrectangle_image] /view http://ubuntu:35770/
[rosmaster.master][INFO] 2017-09-21 19:17:52,652: -SERVICE [/camera/image_raw/compressed/set_parameters] /camera rosrpc://ubuntu:50383
[rosmaster.master][INFO] 2017-09-21 19:17:52,652: -PUB [/image/movepoint] /view http://ubuntu:35770/
[rosmaster.master][INFO] 2017-09-21 19:17:52,653: -SERVICE [/camera/image_raw/theora/set_parameters] /camera rosrpc://ubuntu:50383
[rosmaster.master][INFO] 2017-09-21 19:17:52,654: -PUB [/image/foreground] /view http://ubuntu:35770/
[rosmaster.master][INFO] 2017-09-21 19:17:52,662: -PUB [/image/background] /view http://ubuntu:35770/
[rosmaster.master][INFO] 2017-09-21 19:17:52,663: -PUB [/image/foreground_rect] /view http://ubuntu:35770/
[rosmaster.master][INFO] 2017-09-21 19:17:52,664: -PUB [/image/background_rect] /view http://ubuntu:35770/
[rosmaster.master][INFO] 2017-09-21 19:17:52,666: -PUB [/image/line] /view http://ubuntu:35770/
[rosmaster.master][INFO] 2017-09-21 19:17:52,674: -PUB [/image/poly] /view http://ubuntu:35770/
[rosmaster.master][INFO] 2017-09-21 19:17:52,676: -PUB [/image_marked/compressedDepth] /view http://ubuntu:35770/
[rosmaster.master][INFO] 2017-09-21 19:17:52,677: -PUB [/image_marked/compressedDepth/parameter_descriptions] /view http://ubuntu:35770/
[rosmaster.master][INFO] 2017-09-21 19:17:52,680: -PUB [/image_marked/compressedDepth/parameter_updates] /view http://ubuntu:35770/
[rosmaster.master][INFO] 2017-09-21 19:17:52,683: -PUB [/image_marked/compressed] /view http://ubuntu:35770/
[rosmaster.master][INFO] 2017-09-21 19:17:52,687: -PUB [/image_marked/compressed/parameter_descriptions] /view http://ubuntu:35770/
[rosmaster.master][INFO] 2017-09-21 19:17:52,687: -PUB [/image_marked/compressed/parameter_updates] /view http://ubuntu:35770/
[rosmaster.master][INFO] 2017-09-21 19:17:52,691: -PUB [/image_marked] /view http://ubuntu:35770/
[rosmaster.master][INFO] 2017-09-21 19:17:52,693: -PUB [/image_marked/theora] /view http://ubuntu:35770/
[rosmaster.master][INFO] 2017-09-21 19:17:52,694: -PUB [/image_marked/theora/parameter_descriptions] /view http://ubuntu:35770/
[rosmaster.master][INFO] 2017-09-21 19:17:52,695: -PUB [/image_marked/theora/parameter_updates] /view http://ubuntu:35770/
[rosmaster.master][INFO] 2017-09-21 19:17:52,696: -PUB [/image/marked/compressedDepth] /view http://ubuntu:35770/
[rosmaster.master][INFO] 2017-09-21 19:17:52,697: -PUB [/image/marked/compressedDepth/parameter_descriptions] /view http://ubuntu:35770/
[rosmaster.master][INFO] 2017-09-21 19:17:52,698: -PUB [/image/marked/compressedDepth/parameter_updates] /view http://ubuntu:35770/
[rosmaster.master][INFO] 2017-09-21 19:17:52,706: -PUB [/image/marked/compressed] /view http://ubuntu:35770/
[rosmaster.master][INFO] 2017-09-21 19:17:52,706: publisherUpdate[/rosout] -> http://ubuntu:41964/ ['http://ubuntu:36223/', 'http://ubuntu:35770/']
[rosmaster.master][INFO] 2017-09-21 19:17:52,706: publisherUpdate[/camera/image_raw] -> http://ubuntu:36223/ []
[rosmaster.master][INFO] 2017-09-21 19:17:52,710: publisherUpdate[/rosout] -> http://ubuntu:41964/ ['http://ubuntu:36223/', 'http://ubuntu:35770/']: sec=0.00, result=[1, '', 0]
[rosmaster.master][INFO] 2017-09-21 19:17:52,710: publisherUpdate[/rosout] -> http://ubuntu:41964/ ['http://ubuntu:36223/']
[rosmaster.master][INFO] 2017-09-21 19:17:52,710: publisherUpdate[/camera/image_raw] -> http://ubuntu:36223/ []: sec=0.00, exception=[Errno 111] Connection refused
[rosmaster.threadpool][ERROR] 2017-09-21 19:17:52,711: Traceback (most recent call last):
  File "/opt/ros/kinetic/lib/python2.7/dist-packages/rosmaster/threadpool.py", line 218, in run
    result = cmd(*args)
  File "/opt/ros/kinetic/lib/python2.7/dist-packages/rosmaster/master_api.py", line 210, in publisher_update_task
    ret = xmlrpcapi(api).publisherUpdate('/master', topic, pub_uris)
  File "/usr/lib/python2.7/xmlrpclib.py", line 1243, in __call__
    return self.__send(self.__name, args)
  File "/usr/lib/python2.7/xmlrpclib.py", line 1602, in __request
    verbose=self.__verbose
  File "/usr/lib/python2.7/xmlrpclib.py", line 1283, in request
    return self.single_request(host, handler, request_body, verbose)
  File "/usr/lib/python2.7/xmlrpclib.py", line 1311, in single_request
    self.send_content(h, request_body)
  File "/usr/lib/python2.7/xmlrpclib.py", line 1459, in send_content
    connection.endheaders(request_body)
  File "/usr/lib/python2.7/httplib.py", line 1053, in endheaders
    self._send_output(message_body)
  File "/usr/lib/python2.7/httplib.py", line 897, in _send_output
    self.send(msg)
  File "/usr/lib/python2.7/httplib.py", line 859, in send
    self.connect()
  File "/usr/lib/python2.7/httplib.py", line 836, in connect
    self.timeout, self.source_address)
  File "/usr/lib/python2.7/socket.py", line 575, in create_connection
    raise err
error: [Errno 111] Connection refused

[rosmaster.master][INFO] 2017-09-21 19:17:52,711: publisherUpdate[/rosout] -> http://ubuntu:41964/ ['http://ubuntu:36223/']: sec=0.00, result=[1, '', 0]
[rosmaster.master][INFO] 2017-09-21 19:17:52,715: -PUB [/image/marked/compressed/parameter_descriptions] /view http://ubuntu:35770/
[rosmaster.master][INFO] 2017-09-21 19:17:52,717: -PUB [/image/marked/compressed/parameter_updates] /view http://ubuntu:35770/
[rosmaster.master][INFO] 2017-09-21 19:17:52,722: -PUB [/image/marked] /view http://ubuntu:35770/
[rosmaster.master][INFO] 2017-09-21 19:17:52,725: -PUB [/image/marked/theora] /view http://ubuntu:35770/
[rosmaster.master][INFO] 2017-09-21 19:17:52,728: -PUB [/image/marked/theora/parameter_descriptions] /view http://ubuntu:35770/
[rosmaster.master][INFO] 2017-09-21 19:17:52,734: -PUB [/image/marked/theora/parameter_updates] /view http://ubuntu:35770/
[rosmaster.master][INFO] 2017-09-21 19:17:52,735: -PUB [/view/parameter_descriptions] /view http://ubuntu:35770/
[rosmaster.master][INFO] 2017-09-21 19:17:52,736: -PUB [/view/parameter_updates] /view http://ubuntu:35770/
[rosmaster.master][INFO] 2017-09-21 19:17:52,738: -SUB [/tf] /view http://ubuntu:35770/
[rosmaster.master][INFO] 2017-09-21 19:17:52,739: -SUB [/tf_static] /view http://ubuntu:35770/
[rosmaster.master][INFO] 2017-09-21 19:17:52,740: -SUB [/image] /view http://ubuntu:35770/
[rosmaster.master][INFO] 2017-09-21 19:17:52,741: -SUB [/camera_info] /view http://ubuntu:35770/
[rosmaster.master][INFO] 2017-09-21 19:17:52,750: -SUB [/image_marker] /view http://ubuntu:35770/
[rosmaster.master][INFO] 2017-09-21 19:17:52,753: -SUB [/image/event] /view http://ubuntu:35770/
[rosmaster.master][INFO] 2017-09-21 19:17:52,754: -SERVICE [/view/get_loggers] /view rosrpc://ubuntu:41575
[rosmaster.master][INFO] 2017-09-21 19:17:52,757: -SERVICE [/view/set_logger_level] /view rosrpc://ubuntu:41575
[rosmaster.master][INFO] 2017-09-21 19:17:52,761: -SERVICE [/image_marked/compressedDepth/set_parameters] /view rosrpc://ubuntu:41575
[rosmaster.master][INFO] 2017-09-21 19:17:52,764: -SERVICE [/image_marked/compressed/set_parameters] /view rosrpc://ubuntu:41575
[rosmaster.master][INFO] 2017-09-21 19:17:52,766: -SERVICE [/image_marked/theora/set_parameters] /view rosrpc://ubuntu:41575
[rosmaster.master][INFO] 2017-09-21 19:17:52,770: -SERVICE [/image/marked/compressedDepth/set_parameters] /view rosrpc://ubuntu:41575
[rosmaster.master][INFO] 2017-09-21 19:17:52,774: -SERVICE [/image/marked/compressed/set_parameters] /view rosrpc://ubuntu:41575
[rosmaster.master][INFO] 2017-09-21 19:17:52,776: -SERVICE [/image/marked/theora/set_parameters] /view rosrpc://ubuntu:41575
[rosmaster.master][INFO] 2017-09-21 19:17:52,777: -SERVICE [/view/change_mode] /view rosrpc://ubuntu:41575
[rosmaster.master][INFO] 2017-09-21 19:17:52,779: -SERVICE [/view/rectangle_mode] /view rosrpc://ubuntu:41575
[rosmaster.master][INFO] 2017-09-21 19:17:52,779: -SERVICE [/view/grabcut_mode] /view rosrpc://ubuntu:41575
[rosmaster.master][INFO] 2017-09-21 19:17:52,780: -SERVICE [/view/grabcut_rect_mode] /view rosrpc://ubuntu:41575
[rosmaster.master][INFO] 2017-09-21 19:17:52,782: -SERVICE [/view/line_mode] /view rosrpc://ubuntu:41575
[rosmaster.master][INFO] 2017-09-21 19:17:52,783: -SERVICE [/view/poly_mode] /view rosrpc://ubuntu:41575
[rosmaster.master][INFO] 2017-09-21 19:17:52,784: -SERVICE [/view/none_mode] /view rosrpc://ubuntu:41575
[rosmaster.master][INFO] 2017-09-21 19:17:52,785: -SERVICE [/view/set_parameters] /view rosrpc://ubuntu:41575
[rosmaster.master][INFO] 2017-09-21 19:17:53,112: -PUB [/rosout_agg] /rosout http://ubuntu:41964/
[rosmaster.master][INFO] 2017-09-21 19:17:53,113: -SUB [/rosout] /rosout http://ubuntu:41964/
[rosmaster.master][INFO] 2017-09-21 19:17:53,114: -SERVICE [/rosout/get_loggers] /rosout rosrpc://ubuntu:36723
[rosmaster.master][INFO] 2017-09-21 19:17:53,115: -SERVICE [/rosout/set_logger_level] /rosout rosrpc://ubuntu:36723
[rosmaster.main][INFO] 2017-09-21 19:17:53,148: keyboard interrupt, will exit
[rosmaster.main][INFO] 2017-09-21 19:17:53,148: stopping master...
[rospy.core][INFO] 2017-09-21 19:17:53,148: signal_shutdown [atexit]
