[rosmaster.main][INFO] 2017-10-04 16:38:49,232: initialization complete, waiting for shutdown
[rosmaster.main][INFO] 2017-10-04 16:38:49,232: Starting ROS Master Node
[xmlrpc][INFO] 2017-10-04 16:38:49,233: XML-RPC server binding to 0.0.0.0:11311
[xmlrpc][INFO] 2017-10-04 16:38:49,233: Started XML-RPC server [http://ubuntu:11311/]
[rosmaster.master][INFO] 2017-10-04 16:38:49,233: Master initialized: port[11311], uri[http://ubuntu:11311/]
[xmlrpc][INFO] 2017-10-04 16:38:49,234: xml rpc node: starting XML-RPC server
[rosmaster.master][INFO] 2017-10-04 16:38:49,288: +PARAM [/run_id] by /roslaunch
[rosmaster.master][INFO] 2017-10-04 16:38:49,289: +PARAM [/roslaunch/uris/host_ubuntu__45424] by /roslaunch
[rosmaster.master][INFO] 2017-10-04 16:38:49,352: +PARAM [/rosversion] by /roslaunch
[rosmaster.master][INFO] 2017-10-04 16:38:49,352: +PARAM [/rosdistro] by /roslaunch
[rosmaster.master][INFO] 2017-10-04 16:38:49,352: +PARAM [/camera/device_id] by /roslaunch
[rosmaster.master][INFO] 2017-10-04 16:38:49,367: +SERVICE [/rosout/get_loggers] /rosout http://ubuntu:34789/
[rosmaster.master][INFO] 2017-10-04 16:38:49,368: +SERVICE [/rosout/set_logger_level] /rosout http://ubuntu:34789/
[rosmaster.master][INFO] 2017-10-04 16:38:49,377: +PUB [/rosout_agg] /rosout http://ubuntu:34789/
[rosmaster.master][INFO] 2017-10-04 16:38:49,389: +SUB [/rosout] /rosout http://ubuntu:34789/
[rosmaster.master][INFO] 2017-10-04 16:38:49,463: +PUB [/rosout] /mask_orange http://ubuntu:33253/
[rosmaster.master][INFO] 2017-10-04 16:38:49,465: +SERVICE [/mask_orange/get_loggers] /mask_orange http://ubuntu:33253/
[rosmaster.master][INFO] 2017-10-04 16:38:49,465: +SERVICE [/mask_orange/set_logger_level] /mask_orange http://ubuntu:33253/
[rosmaster.master][INFO] 2017-10-04 16:38:49,502: +PUB [/rosout] /camera http://ubuntu:39609/
[rosmaster.master][INFO] 2017-10-04 16:38:49,503: +SERVICE [/camera/get_loggers] /camera http://ubuntu:39609/
[rosmaster.master][INFO] 2017-10-04 16:38:49,505: +SERVICE [/camera/set_logger_level] /camera http://ubuntu:39609/
[rosmaster.master][INFO] 2017-10-04 16:38:49,509: +PUB [/rosout] /view http://ubuntu:37650/
[rosmaster.master][INFO] 2017-10-04 16:38:49,509: +SERVICE [/view/get_loggers] /view http://ubuntu:37650/
[rosmaster.master][INFO] 2017-10-04 16:38:49,513: +SERVICE [/view/set_logger_level] /view http://ubuntu:37650/
[rosmaster.master][INFO] 2017-10-04 16:38:49,526: +SUB [/tf] /view http://ubuntu:37650/
[rosmaster.master][INFO] 2017-10-04 16:38:49,533: +SUB [/tf_static] /view http://ubuntu:37650/
[rosmaster.master][INFO] 2017-10-04 16:38:49,544: publisherUpdate[/rosout] -> http://ubuntu:34789/ ['http://ubuntu:33253/']
[rosmaster.master][INFO] 2017-10-04 16:38:49,546: publisherUpdate[/rosout] -> http://ubuntu:34789/ ['http://ubuntu:33253/']: sec=0.00, result=[1, '', 0]
[rosmaster.master][INFO] 2017-10-04 16:38:49,546: publisherUpdate[/rosout] -> http://ubuntu:34789/ ['http://ubuntu:33253/', 'http://ubuntu:39609/']
[rosmaster.master][INFO] 2017-10-04 16:38:49,549: publisherUpdate[/rosout] -> http://ubuntu:34789/ ['http://ubuntu:33253/', 'http://ubuntu:39609/']: sec=0.00, result=[1, '', 0]
[rosmaster.master][INFO] 2017-10-04 16:38:49,549: publisherUpdate[/rosout] -> http://ubuntu:34789/ ['http://ubuntu:33253/', 'http://ubuntu:39609/', 'http://ubuntu:37650/']
[rosmaster.master][INFO] 2017-10-04 16:38:49,549: publisherUpdate[/rosout] -> http://ubuntu:34789/ ['http://ubuntu:33253/', 'http://ubuntu:39609/', 'http://ubuntu:37650/']: sec=0.00, result=[1, '', 0]
[rosmaster.master][INFO] 2017-10-04 16:38:49,579: +SERVICE [/camera/set_camera_info] /camera http://ubuntu:39609/
[rosmaster.master][INFO] 2017-10-04 16:38:49,589: +PUB [/image/screenpoint] /view http://ubuntu:37650/
[rosmaster.master][INFO] 2017-10-04 16:38:49,589: +PUB [/image/screenpoint_array] /view http://ubuntu:37650/
[rosmaster.master][INFO] 2017-10-04 16:38:49,590: +PUB [/image/screenrectangle] /view http://ubuntu:37650/
[rosmaster.master][INFO] 2017-10-04 16:38:49,591: +PUB [/image/screenrectangle_image] /view http://ubuntu:37650/
[rosmaster.master][INFO] 2017-10-04 16:38:49,592: +PUB [/image/movepoint] /view http://ubuntu:37650/
[rosmaster.master][INFO] 2017-10-04 16:38:49,592: +PUB [/image/foreground] /view http://ubuntu:37650/
[rosmaster.master][INFO] 2017-10-04 16:38:49,593: +PUB [/image/background] /view http://ubuntu:37650/
[rosmaster.master][INFO] 2017-10-04 16:38:49,596: +PUB [/image/foreground_rect] /view http://ubuntu:37650/
[rosmaster.master][INFO] 2017-10-04 16:38:49,597: +PUB [/image/background_rect] /view http://ubuntu:37650/
[rosmaster.master][INFO] 2017-10-04 16:38:49,598: +PUB [/image/line] /view http://ubuntu:37650/
[rosmaster.master][INFO] 2017-10-04 16:38:49,599: +PUB [/image/poly] /view http://ubuntu:37650/
[rosmaster.master][INFO] 2017-10-04 16:38:49,602: +SUB [/camera/image_raw] /mask_orange http://ubuntu:33253/
[rosmaster.master][INFO] 2017-10-04 16:38:49,864: +PUB [/image/compressedDepth] /mask_orange http://ubuntu:33253/
[rosmaster.master][INFO] 2017-10-04 16:38:49,865: +SERVICE [/image/compressedDepth/set_parameters] /mask_orange http://ubuntu:33253/
[rosmaster.master][INFO] 2017-10-04 16:38:49,868: +PUB [/image/compressedDepth/parameter_descriptions] /mask_orange http://ubuntu:33253/
[rosmaster.master][INFO] 2017-10-04 16:38:49,869: +PUB [/image/compressedDepth/parameter_updates] /mask_orange http://ubuntu:33253/
[rosmaster.master][INFO] 2017-10-04 16:38:49,872: +PARAM [/image/compressedDepth/depth_max] by /mask_orange
[rosmaster.master][INFO] 2017-10-04 16:38:49,872: +PARAM [/image/compressedDepth/depth_quantization] by /mask_orange
[rosmaster.master][INFO] 2017-10-04 16:38:49,873: +PARAM [/image/compressedDepth/png_level] by /mask_orange
[rosmaster.master][INFO] 2017-10-04 16:38:49,877: +PARAM [/image/compressedDepth/depth_max] by /mask_orange
[rosmaster.master][INFO] 2017-10-04 16:38:49,877: +PARAM [/image/compressedDepth/depth_quantization] by /mask_orange
[rosmaster.master][INFO] 2017-10-04 16:38:49,878: +PARAM [/image/compressedDepth/png_level] by /mask_orange
[rosmaster.master][INFO] 2017-10-04 16:38:49,887: +PUB [/image_marked/compressedDepth] /view http://ubuntu:37650/
[rosmaster.master][INFO] 2017-10-04 16:38:49,888: +SERVICE [/image_marked/compressedDepth/set_parameters] /view http://ubuntu:37650/
[rosmaster.master][INFO] 2017-10-04 16:38:49,888: +PUB [/image_marked/compressedDepth/parameter_descriptions] /view http://ubuntu:37650/
[rosmaster.master][INFO] 2017-10-04 16:38:49,892: +PUB [/image_marked/compressedDepth/parameter_updates] /view http://ubuntu:37650/
[rosmaster.master][INFO] 2017-10-04 16:38:49,895: +PARAM [/image_marked/compressedDepth/depth_max] by /view
[rosmaster.master][INFO] 2017-10-04 16:38:49,895: +PARAM [/image_marked/compressedDepth/depth_quantization] by /view
[rosmaster.master][INFO] 2017-10-04 16:38:49,896: +PARAM [/image_marked/compressedDepth/png_level] by /view
[rosmaster.master][INFO] 2017-10-04 16:38:49,897: +PARAM [/image_marked/compressedDepth/depth_max] by /view
[rosmaster.master][INFO] 2017-10-04 16:38:49,897: +PARAM [/image_marked/compressedDepth/depth_quantization] by /view
[rosmaster.master][INFO] 2017-10-04 16:38:49,898: +PARAM [/image_marked/compressedDepth/png_level] by /view
[rosmaster.master][INFO] 2017-10-04 16:38:49,932: +PUB [/image/compressed] /mask_orange http://ubuntu:33253/
[rosmaster.master][INFO] 2017-10-04 16:38:49,936: +SERVICE [/image/compressed/set_parameters] /mask_orange http://ubuntu:33253/
[rosmaster.master][INFO] 2017-10-04 16:38:49,937: +PUB [/image/compressed/parameter_descriptions] /mask_orange http://ubuntu:33253/
[rosmaster.master][INFO] 2017-10-04 16:38:49,938: +PUB [/image/compressed/parameter_updates] /mask_orange http://ubuntu:33253/
[rosmaster.master][INFO] 2017-10-04 16:38:49,945: +PARAM [/image/compressed/format] by /mask_orange
[rosmaster.master][INFO] 2017-10-04 16:38:49,950: +PARAM [/image/compressed/jpeg_quality] by /mask_orange
[rosmaster.master][INFO] 2017-10-04 16:38:49,953: +PARAM [/image/compressed/png_level] by /mask_orange
[rosmaster.master][INFO] 2017-10-04 16:38:49,954: +PARAM [/image/compressed/format] by /mask_orange
[rosmaster.master][INFO] 2017-10-04 16:38:49,957: +PARAM [/image/compressed/jpeg_quality] by /mask_orange
[rosmaster.master][INFO] 2017-10-04 16:38:49,958: +PARAM [/image/compressed/png_level] by /mask_orange
[rosmaster.master][INFO] 2017-10-04 16:38:49,967: +PUB [/image_marked/compressed] /view http://ubuntu:37650/
[rosmaster.master][INFO] 2017-10-04 16:38:49,967: +SERVICE [/image_marked/compressed/set_parameters] /view http://ubuntu:37650/
[rosmaster.master][INFO] 2017-10-04 16:38:49,968: +PUB [/image_marked/compressed/parameter_descriptions] /view http://ubuntu:37650/
[rosmaster.master][INFO] 2017-10-04 16:38:49,969: +PUB [/image_marked/compressed/parameter_updates] /view http://ubuntu:37650/
[rosmaster.master][INFO] 2017-10-04 16:38:49,973: +PARAM [/image_marked/compressed/format] by /view
[rosmaster.master][INFO] 2017-10-04 16:38:49,974: +PARAM [/image_marked/compressed/jpeg_quality] by /view
[rosmaster.master][INFO] 2017-10-04 16:38:49,974: +PARAM [/image_marked/compressed/png_level] by /view
[rosmaster.master][INFO] 2017-10-04 16:38:49,975: +PARAM [/image_marked/compressed/format] by /view
[rosmaster.master][INFO] 2017-10-04 16:38:49,977: +PARAM [/image_marked/compressed/jpeg_quality] by /view
[rosmaster.master][INFO] 2017-10-04 16:38:49,981: +PARAM [/image_marked/compressed/png_level] by /view
[rosmaster.master][INFO] 2017-10-04 16:38:50,012: +PUB [/image] /mask_orange http://ubuntu:33253/
[rosmaster.master][INFO] 2017-10-04 16:38:50,029: +PUB [/image_marked] /view http://ubuntu:37650/
[rosmaster.master][INFO] 2017-10-04 16:38:50,066: +PUB [/image/theora] /mask_orange http://ubuntu:33253/
[rosmaster.master][INFO] 2017-10-04 16:38:50,067: +SERVICE [/image/theora/set_parameters] /mask_orange http://ubuntu:33253/
[rosmaster.master][INFO] 2017-10-04 16:38:50,067: +PUB [/image/theora/parameter_descriptions] /mask_orange http://ubuntu:33253/
[rosmaster.master][INFO] 2017-10-04 16:38:50,069: +PUB [/image/theora/parameter_updates] /mask_orange http://ubuntu:33253/
[rosmaster.master][INFO] 2017-10-04 16:38:50,071: +PARAM [/image/theora/optimize_for] by /mask_orange
[rosmaster.master][INFO] 2017-10-04 16:38:50,073: +PARAM [/image/theora/target_bitrate] by /mask_orange
[rosmaster.master][INFO] 2017-10-04 16:38:50,074: +PARAM [/image/theora/quality] by /mask_orange
[rosmaster.master][INFO] 2017-10-04 16:38:50,077: +PARAM [/image/theora/keyframe_frequency] by /mask_orange
[rosmaster.master][INFO] 2017-10-04 16:38:50,078: +PARAM [/image/theora/optimize_for] by /mask_orange
[rosmaster.master][INFO] 2017-10-04 16:38:50,079: +PARAM [/image/theora/target_bitrate] by /mask_orange
[rosmaster.master][INFO] 2017-10-04 16:38:50,079: +PARAM [/image/theora/quality] by /mask_orange
[rosmaster.master][INFO] 2017-10-04 16:38:50,080: +PARAM [/image/theora/keyframe_frequency] by /mask_orange
[rosmaster.master][INFO] 2017-10-04 16:38:50,085: +PUB [/image_marked/theora] /view http://ubuntu:37650/
[rosmaster.master][INFO] 2017-10-04 16:38:50,086: +SERVICE [/image_marked/theora/set_parameters] /view http://ubuntu:37650/
[rosmaster.master][INFO] 2017-10-04 16:38:50,087: +PUB [/image_marked/theora/parameter_descriptions] /view http://ubuntu:37650/
[rosmaster.master][INFO] 2017-10-04 16:38:50,087: +PUB [/image_marked/theora/parameter_updates] /view http://ubuntu:37650/
[rosmaster.master][INFO] 2017-10-04 16:38:50,091: +PARAM [/image_marked/theora/optimize_for] by /view
[rosmaster.master][INFO] 2017-10-04 16:38:50,092: +PARAM [/image_marked/theora/target_bitrate] by /view
[rosmaster.master][INFO] 2017-10-04 16:38:50,092: +PARAM [/image_marked/theora/quality] by /view
[rosmaster.master][INFO] 2017-10-04 16:38:50,093: +PARAM [/image_marked/theora/keyframe_frequency] by /view
[rosmaster.master][INFO] 2017-10-04 16:38:50,094: +PARAM [/image_marked/theora/optimize_for] by /view
[rosmaster.master][INFO] 2017-10-04 16:38:50,095: +PARAM [/image_marked/theora/target_bitrate] by /view
[rosmaster.master][INFO] 2017-10-04 16:38:50,096: +PARAM [/image_marked/theora/quality] by /view
[rosmaster.master][INFO] 2017-10-04 16:38:50,097: +PARAM [/image_marked/theora/keyframe_frequency] by /view
[rosmaster.master][INFO] 2017-10-04 16:38:50,122: +PUB [/image/marked/compressedDepth] /view http://ubuntu:37650/
[rosmaster.master][INFO] 2017-10-04 16:38:50,122: +SERVICE [/image/marked/compressedDepth/set_parameters] /view http://ubuntu:37650/
[rosmaster.master][INFO] 2017-10-04 16:38:50,123: +PUB [/image/marked/compressedDepth/parameter_descriptions] /view http://ubuntu:37650/
[rosmaster.master][INFO] 2017-10-04 16:38:50,124: +PUB [/image/marked/compressedDepth/parameter_updates] /view http://ubuntu:37650/
[rosmaster.master][INFO] 2017-10-04 16:38:50,126: +PARAM [/image/marked/compressedDepth/depth_max] by /view
[rosmaster.master][INFO] 2017-10-04 16:38:50,126: +PARAM [/image/marked/compressedDepth/depth_quantization] by /view
[rosmaster.master][INFO] 2017-10-04 16:38:50,127: +PARAM [/image/marked/compressedDepth/png_level] by /view
[rosmaster.master][INFO] 2017-10-04 16:38:50,127: +PARAM [/image/marked/compressedDepth/depth_max] by /view
[rosmaster.master][INFO] 2017-10-04 16:38:50,128: +PARAM [/image/marked/compressedDepth/depth_quantization] by /view
[rosmaster.master][INFO] 2017-10-04 16:38:50,129: +PARAM [/image/marked/compressedDepth/png_level] by /view
[rosmaster.master][INFO] 2017-10-04 16:38:50,154: +PUB [/image/marked/compressed] /view http://ubuntu:37650/
[rosmaster.master][INFO] 2017-10-04 16:38:50,154: +SERVICE [/image/marked/compressed/set_parameters] /view http://ubuntu:37650/
[rosmaster.master][INFO] 2017-10-04 16:38:50,155: +PUB [/image/marked/compressed/parameter_descriptions] /view http://ubuntu:37650/
[rosmaster.master][INFO] 2017-10-04 16:38:50,156: +PUB [/image/marked/compressed/parameter_updates] /view http://ubuntu:37650/
[rosmaster.master][INFO] 2017-10-04 16:38:50,158: +PARAM [/image/marked/compressed/format] by /view
[rosmaster.master][INFO] 2017-10-04 16:38:50,158: +PARAM [/image/marked/compressed/jpeg_quality] by /view
[rosmaster.master][INFO] 2017-10-04 16:38:50,159: +PARAM [/image/marked/compressed/png_level] by /view
[rosmaster.master][INFO] 2017-10-04 16:38:50,160: +PARAM [/image/marked/compressed/format] by /view
[rosmaster.master][INFO] 2017-10-04 16:38:50,160: +PARAM [/image/marked/compressed/jpeg_quality] by /view
[rosmaster.master][INFO] 2017-10-04 16:38:50,161: +PARAM [/image/marked/compressed/png_level] by /view
[rosmaster.master][INFO] 2017-10-04 16:38:50,186: +PUB [/image/marked] /view http://ubuntu:37650/
[rosmaster.master][INFO] 2017-10-04 16:38:50,211: +PUB [/image/marked/theora] /view http://ubuntu:37650/
[rosmaster.master][INFO] 2017-10-04 16:38:50,211: +SERVICE [/image/marked/theora/set_parameters] /view http://ubuntu:37650/
[rosmaster.master][INFO] 2017-10-04 16:38:50,212: +PUB [/image/marked/theora/parameter_descriptions] /view http://ubuntu:37650/
[rosmaster.master][INFO] 2017-10-04 16:38:50,213: +PUB [/image/marked/theora/parameter_updates] /view http://ubuntu:37650/
[rosmaster.master][INFO] 2017-10-04 16:38:50,215: +PARAM [/image/marked/theora/optimize_for] by /view
[rosmaster.master][INFO] 2017-10-04 16:38:50,216: +PARAM [/image/marked/theora/target_bitrate] by /view
[rosmaster.master][INFO] 2017-10-04 16:38:50,216: +PARAM [/image/marked/theora/quality] by /view
[rosmaster.master][INFO] 2017-10-04 16:38:50,217: +PARAM [/image/marked/theora/keyframe_frequency] by /view
[rosmaster.master][INFO] 2017-10-04 16:38:50,217: +PARAM [/image/marked/theora/optimize_for] by /view
[rosmaster.master][INFO] 2017-10-04 16:38:50,218: +PARAM [/image/marked/theora/target_bitrate] by /view
[rosmaster.master][INFO] 2017-10-04 16:38:50,219: +PARAM [/image/marked/theora/quality] by /view
[rosmaster.master][INFO] 2017-10-04 16:38:50,219: +PARAM [/image/marked/theora/keyframe_frequency] by /view
[rosmaster.master][INFO] 2017-10-04 16:38:50,247: +SUB [/image] /view http://ubuntu:37650/
[rosmaster.master][INFO] 2017-10-04 16:38:50,251: +SUB [/camera_info] /view http://ubuntu:37650/
[rosmaster.master][INFO] 2017-10-04 16:38:50,254: +SUB [/image_marker] /view http://ubuntu:37650/
[rosmaster.master][INFO] 2017-10-04 16:38:50,257: +SUB [/image/event] /view http://ubuntu:37650/
[rosmaster.master][INFO] 2017-10-04 16:38:50,258: +SERVICE [/view/change_mode] /view http://ubuntu:37650/
[rosmaster.master][INFO] 2017-10-04 16:38:50,258: +SERVICE [/view/rectangle_mode] /view http://ubuntu:37650/
[rosmaster.master][INFO] 2017-10-04 16:38:50,259: +SERVICE [/view/grabcut_mode] /view http://ubuntu:37650/
[rosmaster.master][INFO] 2017-10-04 16:38:50,259: +SERVICE [/view/grabcut_rect_mode] /view http://ubuntu:37650/
[rosmaster.master][INFO] 2017-10-04 16:38:50,260: +SERVICE [/view/line_mode] /view http://ubuntu:37650/
[rosmaster.master][INFO] 2017-10-04 16:38:50,261: +SERVICE [/view/poly_mode] /view http://ubuntu:37650/
[rosmaster.master][INFO] 2017-10-04 16:38:50,261: +SERVICE [/view/none_mode] /view http://ubuntu:37650/
[rosmaster.master][INFO] 2017-10-04 16:38:50,262: +SERVICE [/view/set_parameters] /view http://ubuntu:37650/
[rosmaster.master][INFO] 2017-10-04 16:38:50,263: +PUB [/view/parameter_descriptions] /view http://ubuntu:37650/
[rosmaster.master][INFO] 2017-10-04 16:38:50,263: +PUB [/view/parameter_updates] /view http://ubuntu:37650/
[rosmaster.master][INFO] 2017-10-04 16:38:50,268: +PARAM [/view/grid] by /view
[rosmaster.master][INFO] 2017-10-04 16:38:50,269: +PARAM [/view/fisheye_mode] by /view
[rosmaster.master][INFO] 2017-10-04 16:38:50,270: +PARAM [/view/div_u] by /view
[rosmaster.master][INFO] 2017-10-04 16:38:50,270: +PARAM [/view/div_v] by /view
[rosmaster.master][INFO] 2017-10-04 16:38:50,271: +PARAM [/view/grid_red] by /view
[rosmaster.master][INFO] 2017-10-04 16:38:50,271: +PARAM [/view/grid_green] by /view
[rosmaster.master][INFO] 2017-10-04 16:38:50,272: +PARAM [/view/grid_blue] by /view
[rosmaster.master][INFO] 2017-10-04 16:38:50,273: +PARAM [/view/grid_thickness] by /view
[rosmaster.master][INFO] 2017-10-04 16:38:50,273: +PARAM [/view/grid_space] by /view
[rosmaster.master][INFO] 2017-10-04 16:38:50,274: +PARAM [/view/grid] by /view
[rosmaster.master][INFO] 2017-10-04 16:38:50,274: +PARAM [/view/fisheye_mode] by /view
[rosmaster.master][INFO] 2017-10-04 16:38:50,275: +PARAM [/view/div_u] by /view
[rosmaster.master][INFO] 2017-10-04 16:38:50,276: +PARAM [/view/div_v] by /view
[rosmaster.master][INFO] 2017-10-04 16:38:50,276: +PARAM [/view/grid_red] by /view
[rosmaster.master][INFO] 2017-10-04 16:38:50,277: +PARAM [/view/grid_green] by /view
[rosmaster.master][INFO] 2017-10-04 16:38:50,277: +PARAM [/view/grid_blue] by /view
[rosmaster.master][INFO] 2017-10-04 16:38:50,278: +PARAM [/view/grid_thickness] by /view
[rosmaster.master][INFO] 2017-10-04 16:38:50,279: +PARAM [/view/grid_space] by /view
[rosmaster.master][INFO] 2017-10-04 16:38:50,974: +PUB [/camera/image_raw/compressedDepth] /camera http://ubuntu:39609/
[rosmaster.master][INFO] 2017-10-04 16:38:50,975: +SERVICE [/camera/image_raw/compressedDepth/set_parameters] /camera http://ubuntu:39609/
[rosmaster.master][INFO] 2017-10-04 16:38:50,976: +PUB [/camera/image_raw/compressedDepth/parameter_descriptions] /camera http://ubuntu:39609/
[rosmaster.master][INFO] 2017-10-04 16:38:50,976: +PUB [/camera/image_raw/compressedDepth/parameter_updates] /camera http://ubuntu:39609/
[rosmaster.master][INFO] 2017-10-04 16:38:50,979: +PARAM [/camera/image_raw/compressedDepth/depth_max] by /camera
[rosmaster.master][INFO] 2017-10-04 16:38:50,980: +PARAM [/camera/image_raw/compressedDepth/depth_quantization] by /camera
[rosmaster.master][INFO] 2017-10-04 16:38:50,980: +PARAM [/camera/image_raw/compressedDepth/png_level] by /camera
[rosmaster.master][INFO] 2017-10-04 16:38:50,981: +PARAM [/camera/image_raw/compressedDepth/depth_max] by /camera
[rosmaster.master][INFO] 2017-10-04 16:38:50,982: +PARAM [/camera/image_raw/compressedDepth/depth_quantization] by /camera
[rosmaster.master][INFO] 2017-10-04 16:38:50,982: +PARAM [/camera/image_raw/compressedDepth/png_level] by /camera
[rosmaster.master][INFO] 2017-10-04 16:38:51,009: +PUB [/camera/image_raw/compressed] /camera http://ubuntu:39609/
[rosmaster.master][INFO] 2017-10-04 16:38:51,010: +SERVICE [/camera/image_raw/compressed/set_parameters] /camera http://ubuntu:39609/
[rosmaster.master][INFO] 2017-10-04 16:38:51,011: +PUB [/camera/image_raw/compressed/parameter_descriptions] /camera http://ubuntu:39609/
[rosmaster.master][INFO] 2017-10-04 16:38:51,012: +PUB [/camera/image_raw/compressed/parameter_updates] /camera http://ubuntu:39609/
[rosmaster.master][INFO] 2017-10-04 16:38:51,014: +PARAM [/camera/image_raw/compressed/format] by /camera
[rosmaster.master][INFO] 2017-10-04 16:38:51,014: +PARAM [/camera/image_raw/compressed/jpeg_quality] by /camera
[rosmaster.master][INFO] 2017-10-04 16:38:51,015: +PARAM [/camera/image_raw/compressed/png_level] by /camera
[rosmaster.master][INFO] 2017-10-04 16:38:51,016: +PARAM [/camera/image_raw/compressed/format] by /camera
[rosmaster.master][INFO] 2017-10-04 16:38:51,016: +PARAM [/camera/image_raw/compressed/jpeg_quality] by /camera
[rosmaster.master][INFO] 2017-10-04 16:38:51,017: +PARAM [/camera/image_raw/compressed/png_level] by /camera
[rosmaster.master][INFO] 2017-10-04 16:38:51,045: +PUB [/camera/image_raw] /camera http://ubuntu:39609/
[rosmaster.master][INFO] 2017-10-04 16:38:51,071: +PUB [/camera/image_raw/theora] /camera http://ubuntu:39609/
[rosmaster.master][INFO] 2017-10-04 16:38:51,072: +SERVICE [/camera/image_raw/theora/set_parameters] /camera http://ubuntu:39609/
[rosmaster.master][INFO] 2017-10-04 16:38:51,073: +PUB [/camera/image_raw/theora/parameter_descriptions] /camera http://ubuntu:39609/
[rosmaster.master][INFO] 2017-10-04 16:38:51,074: +PUB [/camera/image_raw/theora/parameter_updates] /camera http://ubuntu:39609/
[rosmaster.master][INFO] 2017-10-04 16:38:51,076: +PARAM [/camera/image_raw/theora/optimize_for] by /camera
[rosmaster.master][INFO] 2017-10-04 16:38:51,077: +PARAM [/camera/image_raw/theora/target_bitrate] by /camera
[rosmaster.master][INFO] 2017-10-04 16:38:51,078: +PARAM [/camera/image_raw/theora/quality] by /camera
[rosmaster.master][INFO] 2017-10-04 16:38:51,078: +PARAM [/camera/image_raw/theora/keyframe_frequency] by /camera
[rosmaster.master][INFO] 2017-10-04 16:38:51,079: +PARAM [/camera/image_raw/theora/optimize_for] by /camera
[rosmaster.master][INFO] 2017-10-04 16:38:51,080: +PARAM [/camera/image_raw/theora/target_bitrate] by /camera
[rosmaster.master][INFO] 2017-10-04 16:38:51,080: +PARAM [/camera/image_raw/theora/quality] by /camera
[rosmaster.master][INFO] 2017-10-04 16:38:51,081: +PARAM [/camera/image_raw/theora/keyframe_frequency] by /camera
[rosmaster.master][INFO] 2017-10-04 16:38:51,082: +PUB [/camera/camera_info] /camera http://ubuntu:39609/
[rosmaster.master][INFO] 2017-10-04 16:38:51,521: publisherUpdate[/camera/image_raw] -> http://ubuntu:33253/ ['http://ubuntu:39609/']
[rosmaster.master][INFO] 2017-10-04 16:38:51,522: publisherUpdate[/camera/image_raw] -> http://ubuntu:33253/ ['http://ubuntu:39609/']: sec=0.00, result=[1, '', 0]
[rosmaster.master][INFO] 2017-10-04 16:39:12,143: -PUB [/rosout] /camera http://ubuntu:39609/
[rosmaster.master][INFO] 2017-10-04 16:39:12,144: -PUB [/camera/image_raw/compressedDepth] /camera http://ubuntu:39609/
[rosmaster.master][INFO] 2017-10-04 16:39:12,145: -PUB [/camera/image_raw/compressedDepth/parameter_descriptions] /camera http://ubuntu:39609/
[rosmaster.master][INFO] 2017-10-04 16:39:12,145: -PUB [/camera/image_raw/compressedDepth/parameter_updates] /camera http://ubuntu:39609/
[rosmaster.master][INFO] 2017-10-04 16:39:12,146: -PUB [/camera/image_raw/compressed] /camera http://ubuntu:39609/
[rosmaster.master][INFO] 2017-10-04 16:39:12,149: -PUB [/camera/image_raw/compressed/parameter_descriptions] /camera http://ubuntu:39609/
[rosmaster.master][INFO] 2017-10-04 16:39:12,149: -PUB [/camera/image_raw/compressed/parameter_updates] /camera http://ubuntu:39609/
[rosmaster.master][INFO] 2017-10-04 16:39:12,152: -PUB [/camera/image_raw] /camera http://ubuntu:39609/
[rosmaster.master][INFO] 2017-10-04 16:39:12,152: -PUB [/camera/image_raw/theora] /camera http://ubuntu:39609/
[rosmaster.master][INFO] 2017-10-04 16:39:12,157: -PUB [/camera/image_raw/theora/parameter_descriptions] /camera http://ubuntu:39609/
[rosmaster.master][INFO] 2017-10-04 16:39:12,161: -PUB [/camera/image_raw/theora/parameter_updates] /camera http://ubuntu:39609/
[rosmaster.master][INFO] 2017-10-04 16:39:12,165: -PUB [/camera/camera_info] /camera http://ubuntu:39609/
[rosmaster.master][INFO] 2017-10-04 16:39:12,166: -SERVICE [/camera/get_loggers] /camera rosrpc://ubuntu:47331
[rosmaster.master][INFO] 2017-10-04 16:39:12,166: -SERVICE [/camera/set_logger_level] /camera rosrpc://ubuntu:47331
[rosmaster.master][INFO] 2017-10-04 16:39:12,169: -SERVICE [/camera/set_camera_info] /camera rosrpc://ubuntu:47331
[rosmaster.master][INFO] 2017-10-04 16:39:12,169: -SERVICE [/camera/image_raw/compressedDepth/set_parameters] /camera rosrpc://ubuntu:47331
[rosmaster.master][INFO] 2017-10-04 16:39:12,171: -SERVICE [/camera/image_raw/compressed/set_parameters] /camera rosrpc://ubuntu:47331
[rosmaster.master][INFO] 2017-10-04 16:39:12,173: -SERVICE [/camera/image_raw/theora/set_parameters] /camera rosrpc://ubuntu:47331
[rosmaster.master][INFO] 2017-10-04 16:39:12,189: -PUB [/rosout] /view http://ubuntu:37650/
[rosmaster.master][INFO] 2017-10-04 16:39:12,190: -PUB [/image/screenpoint] /view http://ubuntu:37650/
[rosmaster.master][INFO] 2017-10-04 16:39:12,190: -PUB [/image/screenpoint_array] /view http://ubuntu:37650/
[rosmaster.master][INFO] 2017-10-04 16:39:12,191: -PUB [/image/screenrectangle] /view http://ubuntu:37650/
[rosmaster.master][INFO] 2017-10-04 16:39:12,192: -PUB [/image/screenrectangle_image] /view http://ubuntu:37650/
[rosmaster.master][INFO] 2017-10-04 16:39:12,193: -PUB [/image/movepoint] /view http://ubuntu:37650/
[rosmaster.master][INFO] 2017-10-04 16:39:12,195: -PUB [/image/foreground] /view http://ubuntu:37650/
[rosmaster.master][INFO] 2017-10-04 16:39:12,203: -PUB [/image/background] /view http://ubuntu:37650/
[rosmaster.master][INFO] 2017-10-04 16:39:12,205: -PUB [/image/foreground_rect] /view http://ubuntu:37650/
[rosmaster.master][INFO] 2017-10-04 16:39:12,207: -PUB [/image/background_rect] /view http://ubuntu:37650/
[rosmaster.master][INFO] 2017-10-04 16:39:12,209: -PUB [/image/line] /view http://ubuntu:37650/
[rosmaster.master][INFO] 2017-10-04 16:39:12,209: -PUB [/image/poly] /view http://ubuntu:37650/
[rosmaster.master][INFO] 2017-10-04 16:39:12,211: -PUB [/image_marked/compressedDepth] /view http://ubuntu:37650/
[rosmaster.master][INFO] 2017-10-04 16:39:12,213: -PUB [/image_marked/compressedDepth/parameter_descriptions] /view http://ubuntu:37650/
[rosmaster.master][INFO] 2017-10-04 16:39:12,213: publisherUpdate[/rosout] -> http://ubuntu:34789/ ['http://ubuntu:33253/', 'http://ubuntu:37650/']
[rosmaster.master][INFO] 2017-10-04 16:39:12,214: publisherUpdate[/camera/image_raw] -> http://ubuntu:33253/ []
[rosmaster.master][INFO] 2017-10-04 16:39:12,214: publisherUpdate[/rosout] -> http://ubuntu:34789/ ['http://ubuntu:33253/', 'http://ubuntu:37650/']: sec=0.00, result=[1, '', 0]
[rosmaster.master][INFO] 2017-10-04 16:39:12,214: publisherUpdate[/rosout] -> http://ubuntu:34789/ ['http://ubuntu:33253/']
[rosmaster.master][INFO] 2017-10-04 16:39:12,215: publisherUpdate[/rosout] -> http://ubuntu:34789/ ['http://ubuntu:33253/']: sec=0.00, result=[1, '', 0]
[rosmaster.master][INFO] 2017-10-04 16:39:12,217: publisherUpdate[/camera/image_raw] -> http://ubuntu:33253/ []: sec=0.00, result=[0, 'Unknown Error', 0]
[rosmaster.master][INFO] 2017-10-04 16:39:12,218: -PUB [/image_marked/compressedDepth/parameter_updates] /view http://ubuntu:37650/
[rosmaster.master][INFO] 2017-10-04 16:39:12,219: -PUB [/image_marked/compressed] /view http://ubuntu:37650/
[rosmaster.master][INFO] 2017-10-04 16:39:12,225: -PUB [/image_marked/compressed/parameter_descriptions] /view http://ubuntu:37650/
[rosmaster.master][INFO] 2017-10-04 16:39:12,234: -PUB [/image_marked/compressed/parameter_updates] /view http://ubuntu:37650/
[rosmaster.master][INFO] 2017-10-04 16:39:12,235: -PUB [/image_marked] /view http://ubuntu:37650/
[rosmaster.master][INFO] 2017-10-04 16:39:12,236: -PUB [/image_marked/theora] /view http://ubuntu:37650/
[rosmaster.master][INFO] 2017-10-04 16:39:12,237: -PUB [/image_marked/theora/parameter_descriptions] /view http://ubuntu:37650/
[rosmaster.master][INFO] 2017-10-04 16:39:12,239: -PUB [/image_marked/theora/parameter_updates] /view http://ubuntu:37650/
[rosmaster.master][INFO] 2017-10-04 16:39:12,241: -PUB [/image/marked/compressedDepth] /view http://ubuntu:37650/
[rosmaster.master][INFO] 2017-10-04 16:39:12,241: -PUB [/image/marked/compressedDepth/parameter_descriptions] /view http://ubuntu:37650/
[rosmaster.master][INFO] 2017-10-04 16:39:12,243: -PUB [/image/marked/compressedDepth/parameter_updates] /view http://ubuntu:37650/
[rosmaster.master][INFO] 2017-10-04 16:39:12,244: -PUB [/image/marked/compressed] /view http://ubuntu:37650/
[rosmaster.master][INFO] 2017-10-04 16:39:12,250: -PUB [/image/marked/compressed/parameter_descriptions] /view http://ubuntu:37650/
[rosmaster.master][INFO] 2017-10-04 16:39:12,253: -PUB [/image/marked/compressed/parameter_updates] /view http://ubuntu:37650/
[rosmaster.master][INFO] 2017-10-04 16:39:12,255: -PUB [/image/marked] /view http://ubuntu:37650/
[rosmaster.master][INFO] 2017-10-04 16:39:12,261: -PUB [/image/marked/theora] /view http://ubuntu:37650/
[rosmaster.master][INFO] 2017-10-04 16:39:12,263: -PUB [/image/marked/theora/parameter_descriptions] /view http://ubuntu:37650/
[rosmaster.master][INFO] 2017-10-04 16:39:12,264: -PUB [/image/marked/theora/parameter_updates] /view http://ubuntu:37650/
[rosmaster.master][INFO] 2017-10-04 16:39:12,265: -PUB [/view/parameter_descriptions] /view http://ubuntu:37650/
[rosmaster.master][INFO] 2017-10-04 16:39:12,270: -PUB [/view/parameter_updates] /view http://ubuntu:37650/
[rosmaster.master][INFO] 2017-10-04 16:39:12,272: -SUB [/tf] /view http://ubuntu:37650/
[rosmaster.master][INFO] 2017-10-04 16:39:12,273: -SUB [/tf_static] /view http://ubuntu:37650/
[rosmaster.master][INFO] 2017-10-04 16:39:12,275: -SUB [/image] /view http://ubuntu:37650/
[rosmaster.master][INFO] 2017-10-04 16:39:12,277: -SUB [/camera_info] /view http://ubuntu:37650/
[rosmaster.master][INFO] 2017-10-04 16:39:12,279: -SUB [/image_marker] /view http://ubuntu:37650/
[rosmaster.master][INFO] 2017-10-04 16:39:12,281: -SUB [/image/event] /view http://ubuntu:37650/
[rosmaster.master][INFO] 2017-10-04 16:39:12,283: -SERVICE [/view/get_loggers] /view rosrpc://ubuntu:33654
[rosmaster.master][INFO] 2017-10-04 16:39:12,285: -SERVICE [/view/set_logger_level] /view rosrpc://ubuntu:33654
[rosmaster.master][INFO] 2017-10-04 16:39:12,286: -SERVICE [/image_marked/compressedDepth/set_parameters] /view rosrpc://ubuntu:33654
[rosmaster.master][INFO] 2017-10-04 16:39:12,289: -SERVICE [/image_marked/compressed/set_parameters] /view rosrpc://ubuntu:33654
[rosmaster.master][INFO] 2017-10-04 16:39:12,293: -SERVICE [/image_marked/theora/set_parameters] /view rosrpc://ubuntu:33654
[rosmaster.master][INFO] 2017-10-04 16:39:12,294: -SERVICE [/image/marked/compressedDepth/set_parameters] /view rosrpc://ubuntu:33654
[rosmaster.master][INFO] 2017-10-04 16:39:12,294: -SERVICE [/image/marked/compressed/set_parameters] /view rosrpc://ubuntu:33654
[rosmaster.master][INFO] 2017-10-04 16:39:12,295: -SERVICE [/image/marked/theora/set_parameters] /view rosrpc://ubuntu:33654
[rosmaster.master][INFO] 2017-10-04 16:39:12,296: -SERVICE [/view/change_mode] /view rosrpc://ubuntu:33654
[rosmaster.master][INFO] 2017-10-04 16:39:12,298: -SERVICE [/view/rectangle_mode] /view rosrpc://ubuntu:33654
[rosmaster.master][INFO] 2017-10-04 16:39:12,301: -SERVICE [/view/grabcut_mode] /view rosrpc://ubuntu:33654
[rosmaster.master][INFO] 2017-10-04 16:39:12,307: -SERVICE [/view/grabcut_rect_mode] /view rosrpc://ubuntu:33654
[rosmaster.master][INFO] 2017-10-04 16:39:12,309: -SERVICE [/view/line_mode] /view rosrpc://ubuntu:33654
[rosmaster.master][INFO] 2017-10-04 16:39:12,313: -SERVICE [/view/poly_mode] /view rosrpc://ubuntu:33654
[rosmaster.master][INFO] 2017-10-04 16:39:12,315: -SERVICE [/view/none_mode] /view rosrpc://ubuntu:33654
[rosmaster.master][INFO] 2017-10-04 16:39:12,316: -SERVICE [/view/set_parameters] /view rosrpc://ubuntu:33654
[rosmaster.master][INFO] 2017-10-04 16:39:12,320: -PUB [/rosout] /mask_orange http://ubuntu:33253/
[rosmaster.master][INFO] 2017-10-04 16:39:12,321: -PUB [/image/compressedDepth] /mask_orange http://ubuntu:33253/
[rosmaster.master][INFO] 2017-10-04 16:39:12,322: -PUB [/image/compressedDepth/parameter_descriptions] /mask_orange http://ubuntu:33253/
[rosmaster.master][INFO] 2017-10-04 16:39:12,325: -PUB [/image/compressedDepth/parameter_updates] /mask_orange http://ubuntu:33253/
[rosmaster.master][INFO] 2017-10-04 16:39:12,329: -PUB [/image/compressed] /mask_orange http://ubuntu:33253/
[rosmaster.master][INFO] 2017-10-04 16:39:12,330: -PUB [/image/compressed/parameter_descriptions] /mask_orange http://ubuntu:33253/
[rosmaster.master][INFO] 2017-10-04 16:39:12,331: -PUB [/image/compressed/parameter_updates] /mask_orange http://ubuntu:33253/
[rosmaster.master][INFO] 2017-10-04 16:39:12,331: -PUB [/image] /mask_orange http://ubuntu:33253/
[rosmaster.master][INFO] 2017-10-04 16:39:12,332: -PUB [/image/theora] /mask_orange http://ubuntu:33253/
[rosmaster.master][INFO] 2017-10-04 16:39:12,333: -PUB [/image/theora/parameter_descriptions] /mask_orange http://ubuntu:33253/
[rosmaster.master][INFO] 2017-10-04 16:39:12,335: -PUB [/image/theora/parameter_updates] /mask_orange http://ubuntu:33253/
[rosmaster.master][INFO] 2017-10-04 16:39:12,336: publisherUpdate[/rosout] -> http://ubuntu:34789/ []
[rosmaster.master][INFO] 2017-10-04 16:39:12,336: publisherUpdate[/rosout] -> http://ubuntu:34789/ []: sec=0.00, result=[1, '', 0]
[rosmaster.master][INFO] 2017-10-04 16:39:12,337: -SUB [/camera/image_raw] /mask_orange http://ubuntu:33253/
[rosmaster.master][INFO] 2017-10-04 16:39:12,341: -SERVICE [/mask_orange/get_loggers] /mask_orange rosrpc://ubuntu:54867
[rosmaster.master][INFO] 2017-10-04 16:39:12,347: -SERVICE [/mask_orange/set_logger_level] /mask_orange rosrpc://ubuntu:54867
[rosmaster.master][INFO] 2017-10-04 16:39:12,348: -SERVICE [/image/compressedDepth/set_parameters] /mask_orange rosrpc://ubuntu:54867
[rosmaster.master][INFO] 2017-10-04 16:39:12,348: -SERVICE [/image/compressed/set_parameters] /mask_orange rosrpc://ubuntu:54867
[rosmaster.master][INFO] 2017-10-04 16:39:12,349: -SERVICE [/image/theora/set_parameters] /mask_orange rosrpc://ubuntu:54867
[rosmaster.master][INFO] 2017-10-04 16:39:12,858: -PUB [/rosout_agg] /rosout http://ubuntu:34789/
[rosmaster.master][INFO] 2017-10-04 16:39:12,859: -SUB [/rosout] /rosout http://ubuntu:34789/
[rosmaster.master][INFO] 2017-10-04 16:39:12,860: -SERVICE [/rosout/get_loggers] /rosout rosrpc://ubuntu:49914
[rosmaster.master][INFO] 2017-10-04 16:39:12,860: -SERVICE [/rosout/set_logger_level] /rosout rosrpc://ubuntu:49914
[rosmaster.main][INFO] 2017-10-04 16:39:12,965: keyboard interrupt, will exit
[rosmaster.main][INFO] 2017-10-04 16:39:12,965: stopping master...
[rospy.core][INFO] 2017-10-04 16:39:12,966: signal_shutdown [atexit]
