[rosmaster.main][INFO] 2017-10-05 17:00:39,437: initialization complete, waiting for shutdown
[rosmaster.main][INFO] 2017-10-05 17:00:39,438: Starting ROS Master Node
[xmlrpc][INFO] 2017-10-05 17:00:39,439: XML-RPC server binding to 0.0.0.0:11311
[xmlrpc][INFO] 2017-10-05 17:00:39,439: Started XML-RPC server [http://ubuntu:11311/]
[xmlrpc][INFO] 2017-10-05 17:00:39,439: xml rpc node: starting XML-RPC server
[rosmaster.master][INFO] 2017-10-05 17:00:39,439: Master initialized: port[11311], uri[http://ubuntu:11311/]
[rosmaster.master][INFO] 2017-10-05 17:00:39,475: +PARAM [/run_id] by /roslaunch
[rosmaster.master][INFO] 2017-10-05 17:00:39,476: +PARAM [/roslaunch/uris/host_ubuntu__35573] by /roslaunch
[rosmaster.master][INFO] 2017-10-05 17:00:39,551: +PARAM [/rosversion] by /roslaunch
[rosmaster.master][INFO] 2017-10-05 17:00:39,551: +PARAM [/rosdistro] by /roslaunch
[rosmaster.master][INFO] 2017-10-05 17:00:39,551: +PARAM [/camera/device_id] by /roslaunch
[rosmaster.master][INFO] 2017-10-05 17:00:39,599: +SERVICE [/rosout/get_loggers] /rosout http://ubuntu:38762/
[rosmaster.master][INFO] 2017-10-05 17:00:39,600: +SERVICE [/rosout/set_logger_level] /rosout http://ubuntu:38762/
[rosmaster.master][INFO] 2017-10-05 17:00:39,609: +PUB [/rosout_agg] /rosout http://ubuntu:38762/
[rosmaster.master][INFO] 2017-10-05 17:00:39,633: +SUB [/rosout] /rosout http://ubuntu:38762/
[rosmaster.master][INFO] 2017-10-05 17:00:39,749: +PUB [/rosout] /mask_orange http://ubuntu:44103/
[rosmaster.master][INFO] 2017-10-05 17:00:39,750: +SERVICE [/mask_orange/get_loggers] /mask_orange http://ubuntu:44103/
[rosmaster.master][INFO] 2017-10-05 17:00:39,751: +SERVICE [/mask_orange/set_logger_level] /mask_orange http://ubuntu:44103/
[rosmaster.master][INFO] 2017-10-05 17:00:39,820: +PUB [/rosout] /camera http://ubuntu:33408/
[rosmaster.master][INFO] 2017-10-05 17:00:39,821: +SERVICE [/camera/get_loggers] /camera http://ubuntu:33408/
[rosmaster.master][INFO] 2017-10-05 17:00:39,822: +SERVICE [/camera/set_logger_level] /camera http://ubuntu:33408/
[rosmaster.master][INFO] 2017-10-05 17:00:39,839: publisherUpdate[/rosout] -> http://ubuntu:38762/ ['http://ubuntu:44103/']
[rosmaster.master][INFO] 2017-10-05 17:00:39,845: publisherUpdate[/rosout] -> http://ubuntu:38762/ ['http://ubuntu:44103/']: sec=0.01, result=[1, '', 0]
[rosmaster.master][INFO] 2017-10-05 17:00:39,845: publisherUpdate[/rosout] -> http://ubuntu:38762/ ['http://ubuntu:44103/', 'http://ubuntu:33408/']
[rosmaster.master][INFO] 2017-10-05 17:00:39,849: publisherUpdate[/rosout] -> http://ubuntu:38762/ ['http://ubuntu:44103/', 'http://ubuntu:33408/']: sec=0.00, result=[1, '', 0]
[rosmaster.master][INFO] 2017-10-05 17:00:39,849: +PUB [/rosout] /view http://ubuntu:43638/
[rosmaster.master][INFO] 2017-10-05 17:00:39,850: +SERVICE [/view/get_loggers] /view http://ubuntu:43638/
[rosmaster.master][INFO] 2017-10-05 17:00:39,851: +SERVICE [/view/set_logger_level] /view http://ubuntu:43638/
[rosmaster.master][INFO] 2017-10-05 17:00:39,865: +SUB [/tf] /view http://ubuntu:43638/
[rosmaster.master][INFO] 2017-10-05 17:00:39,878: +SUB [/tf_static] /view http://ubuntu:43638/
[rosmaster.master][INFO] 2017-10-05 17:00:39,909: +SERVICE [/camera/set_camera_info] /camera http://ubuntu:33408/
[rosmaster.master][INFO] 2017-10-05 17:00:39,933: +SUB [/camera/image_raw] /mask_orange http://ubuntu:44103/
[rosmaster.master][INFO] 2017-10-05 17:00:39,941: publisherUpdate[/rosout] -> http://ubuntu:38762/ ['http://ubuntu:44103/', 'http://ubuntu:33408/', 'http://ubuntu:43638/']
[rosmaster.master][INFO] 2017-10-05 17:00:39,942: publisherUpdate[/rosout] -> http://ubuntu:38762/ ['http://ubuntu:44103/', 'http://ubuntu:33408/', 'http://ubuntu:43638/']: sec=0.00, result=[1, '', 0]
[rosmaster.master][INFO] 2017-10-05 17:00:39,950: +PUB [/image/screenpoint] /view http://ubuntu:43638/
[rosmaster.master][INFO] 2017-10-05 17:00:39,952: +PUB [/image/screenpoint_array] /view http://ubuntu:43638/
[rosmaster.master][INFO] 2017-10-05 17:00:39,953: +PUB [/image/screenrectangle] /view http://ubuntu:43638/
[rosmaster.master][INFO] 2017-10-05 17:00:39,954: +PUB [/image/screenrectangle_image] /view http://ubuntu:43638/
[rosmaster.master][INFO] 2017-10-05 17:00:39,955: +PUB [/image/movepoint] /view http://ubuntu:43638/
[rosmaster.master][INFO] 2017-10-05 17:00:39,955: +PUB [/image/foreground] /view http://ubuntu:43638/
[rosmaster.master][INFO] 2017-10-05 17:00:39,957: +PUB [/image/background] /view http://ubuntu:43638/
[rosmaster.master][INFO] 2017-10-05 17:00:39,959: +PUB [/image/foreground_rect] /view http://ubuntu:43638/
[rosmaster.master][INFO] 2017-10-05 17:00:39,961: +PUB [/image/background_rect] /view http://ubuntu:43638/
[rosmaster.master][INFO] 2017-10-05 17:00:39,962: +PUB [/image/line] /view http://ubuntu:43638/
[rosmaster.master][INFO] 2017-10-05 17:00:39,964: +PUB [/image/poly] /view http://ubuntu:43638/
[rosmaster.master][INFO] 2017-10-05 17:00:40,012: +PUB [/image/compressedDepth] /mask_orange http://ubuntu:44103/
[rosmaster.master][INFO] 2017-10-05 17:00:40,013: +SERVICE [/image/compressedDepth/set_parameters] /mask_orange http://ubuntu:44103/
[rosmaster.master][INFO] 2017-10-05 17:00:40,014: +PUB [/image/compressedDepth/parameter_descriptions] /mask_orange http://ubuntu:44103/
[rosmaster.master][INFO] 2017-10-05 17:00:40,015: +PUB [/image/compressedDepth/parameter_updates] /mask_orange http://ubuntu:44103/
[rosmaster.master][INFO] 2017-10-05 17:00:40,029: +PARAM [/image/compressedDepth/depth_max] by /mask_orange
[rosmaster.master][INFO] 2017-10-05 17:00:40,032: +PARAM [/image/compressedDepth/depth_quantization] by /mask_orange
[rosmaster.master][INFO] 2017-10-05 17:00:40,033: +PARAM [/image/compressedDepth/png_level] by /mask_orange
[rosmaster.master][INFO] 2017-10-05 17:00:40,034: +PARAM [/image/compressedDepth/depth_max] by /mask_orange
[rosmaster.master][INFO] 2017-10-05 17:00:40,035: +PARAM [/image/compressedDepth/depth_quantization] by /mask_orange
[rosmaster.master][INFO] 2017-10-05 17:00:40,039: +PARAM [/image/compressedDepth/png_level] by /mask_orange
[rosmaster.master][INFO] 2017-10-05 17:00:40,073: +PUB [/image_marked/compressedDepth] /view http://ubuntu:43638/
[rosmaster.master][INFO] 2017-10-05 17:00:40,074: +SERVICE [/image_marked/compressedDepth/set_parameters] /view http://ubuntu:43638/
[rosmaster.master][INFO] 2017-10-05 17:00:40,075: +PUB [/image_marked/compressedDepth/parameter_descriptions] /view http://ubuntu:43638/
[rosmaster.master][INFO] 2017-10-05 17:00:40,075: +PUB [/image_marked/compressedDepth/parameter_updates] /view http://ubuntu:43638/
[rosmaster.master][INFO] 2017-10-05 17:00:40,078: +PARAM [/image_marked/compressedDepth/depth_max] by /view
[rosmaster.master][INFO] 2017-10-05 17:00:40,078: +PARAM [/image_marked/compressedDepth/depth_quantization] by /view
[rosmaster.master][INFO] 2017-10-05 17:00:40,079: +PARAM [/image_marked/compressedDepth/png_level] by /view
[rosmaster.master][INFO] 2017-10-05 17:00:40,080: +PARAM [/image_marked/compressedDepth/depth_max] by /view
[rosmaster.master][INFO] 2017-10-05 17:00:40,081: +PARAM [/image_marked/compressedDepth/depth_quantization] by /view
[rosmaster.master][INFO] 2017-10-05 17:00:40,085: +PARAM [/image_marked/compressedDepth/png_level] by /view
[rosmaster.master][INFO] 2017-10-05 17:00:40,121: +PUB [/camera/image_raw/compressedDepth] /camera http://ubuntu:33408/
[rosmaster.master][INFO] 2017-10-05 17:00:40,122: +SERVICE [/camera/image_raw/compressedDepth/set_parameters] /camera http://ubuntu:33408/
[rosmaster.master][INFO] 2017-10-05 17:00:40,123: +PUB [/camera/image_raw/compressedDepth/parameter_descriptions] /camera http://ubuntu:33408/
[rosmaster.master][INFO] 2017-10-05 17:00:40,123: +PUB [/camera/image_raw/compressedDepth/parameter_updates] /camera http://ubuntu:33408/
[rosmaster.master][INFO] 2017-10-05 17:00:40,128: +PARAM [/camera/image_raw/compressedDepth/depth_max] by /camera
[rosmaster.master][INFO] 2017-10-05 17:00:40,129: +PARAM [/camera/image_raw/compressedDepth/depth_quantization] by /camera
[rosmaster.master][INFO] 2017-10-05 17:00:40,132: +PARAM [/camera/image_raw/compressedDepth/png_level] by /camera
[rosmaster.master][INFO] 2017-10-05 17:00:40,133: +PARAM [/camera/image_raw/compressedDepth/depth_max] by /camera
[rosmaster.master][INFO] 2017-10-05 17:00:40,136: +PARAM [/camera/image_raw/compressedDepth/depth_quantization] by /camera
[rosmaster.master][INFO] 2017-10-05 17:00:40,139: +PUB [/image/compressed] /mask_orange http://ubuntu:44103/
[rosmaster.master][INFO] 2017-10-05 17:00:40,140: +PARAM [/camera/image_raw/compressedDepth/png_level] by /camera
[rosmaster.master][INFO] 2017-10-05 17:00:40,149: +SERVICE [/image/compressed/set_parameters] /mask_orange http://ubuntu:44103/
[rosmaster.master][INFO] 2017-10-05 17:00:40,151: +PUB [/image/compressed/parameter_descriptions] /mask_orange http://ubuntu:44103/
[rosmaster.master][INFO] 2017-10-05 17:00:40,153: +PUB [/image/compressed/parameter_updates] /mask_orange http://ubuntu:44103/
[rosmaster.master][INFO] 2017-10-05 17:00:40,161: +PARAM [/image/compressed/format] by /mask_orange
[rosmaster.master][INFO] 2017-10-05 17:00:40,162: +PARAM [/image/compressed/jpeg_quality] by /mask_orange
[rosmaster.master][INFO] 2017-10-05 17:00:40,163: +PARAM [/image/compressed/png_level] by /mask_orange
[rosmaster.master][INFO] 2017-10-05 17:00:40,166: +PARAM [/image/compressed/format] by /mask_orange
[rosmaster.master][INFO] 2017-10-05 17:00:40,167: +PARAM [/image/compressed/jpeg_quality] by /mask_orange
[rosmaster.master][INFO] 2017-10-05 17:00:40,173: +PARAM [/image/compressed/png_level] by /mask_orange
[rosmaster.master][INFO] 2017-10-05 17:00:40,181: +PUB [/image_marked/compressed] /view http://ubuntu:43638/
[rosmaster.master][INFO] 2017-10-05 17:00:40,181: +SERVICE [/image_marked/compressed/set_parameters] /view http://ubuntu:43638/
[rosmaster.master][INFO] 2017-10-05 17:00:40,182: +PUB [/image_marked/compressed/parameter_descriptions] /view http://ubuntu:43638/
[rosmaster.master][INFO] 2017-10-05 17:00:40,183: +PUB [/image_marked/compressed/parameter_updates] /view http://ubuntu:43638/
[rosmaster.master][INFO] 2017-10-05 17:00:40,193: +PARAM [/image_marked/compressed/format] by /view
[rosmaster.master][INFO] 2017-10-05 17:00:40,193: +PARAM [/image_marked/compressed/jpeg_quality] by /view
[rosmaster.master][INFO] 2017-10-05 17:00:40,197: +PARAM [/image_marked/compressed/png_level] by /view
[rosmaster.master][INFO] 2017-10-05 17:00:40,201: +PARAM [/image_marked/compressed/format] by /view
[rosmaster.master][INFO] 2017-10-05 17:00:40,202: +PARAM [/image_marked/compressed/jpeg_quality] by /view
[rosmaster.master][INFO] 2017-10-05 17:00:40,202: +PARAM [/image_marked/compressed/png_level] by /view
[rosmaster.master][INFO] 2017-10-05 17:00:40,237: +PUB [/camera/image_raw/compressed] /camera http://ubuntu:33408/
[rosmaster.master][INFO] 2017-10-05 17:00:40,238: +SERVICE [/camera/image_raw/compressed/set_parameters] /camera http://ubuntu:33408/
[rosmaster.master][INFO] 2017-10-05 17:00:40,238: +PUB [/camera/image_raw/compressed/parameter_descriptions] /camera http://ubuntu:33408/
[rosmaster.master][INFO] 2017-10-05 17:00:40,241: +PUB [/camera/image_raw/compressed/parameter_updates] /camera http://ubuntu:33408/
[rosmaster.master][INFO] 2017-10-05 17:00:40,243: +PARAM [/camera/image_raw/compressed/format] by /camera
[rosmaster.master][INFO] 2017-10-05 17:00:40,245: +PARAM [/camera/image_raw/compressed/jpeg_quality] by /camera
[rosmaster.master][INFO] 2017-10-05 17:00:40,246: +PARAM [/camera/image_raw/compressed/png_level] by /camera
[rosmaster.master][INFO] 2017-10-05 17:00:40,250: +PARAM [/camera/image_raw/compressed/format] by /camera
[rosmaster.master][INFO] 2017-10-05 17:00:40,253: +PARAM [/camera/image_raw/compressed/jpeg_quality] by /camera
[rosmaster.master][INFO] 2017-10-05 17:00:40,255: +PARAM [/camera/image_raw/compressed/png_level] by /camera
[rosmaster.master][INFO] 2017-10-05 17:00:40,273: +PUB [/image] /mask_orange http://ubuntu:44103/
[rosmaster.master][INFO] 2017-10-05 17:00:40,293: +PUB [/image_marked] /view http://ubuntu:43638/
[rosmaster.master][INFO] 2017-10-05 17:00:40,341: +PUB [/camera/image_raw] /camera http://ubuntu:33408/
[rosmaster.master][INFO] 2017-10-05 17:00:40,350: publisherUpdate[/camera/image_raw] -> http://ubuntu:44103/ ['http://ubuntu:33408/']
[rosmaster.master][INFO] 2017-10-05 17:00:40,351: publisherUpdate[/camera/image_raw] -> http://ubuntu:44103/ ['http://ubuntu:33408/']: sec=0.00, result=[1, '', 0]
[rosmaster.master][INFO] 2017-10-05 17:00:40,359: +PUB [/image/theora] /mask_orange http://ubuntu:44103/
[rosmaster.master][INFO] 2017-10-05 17:00:40,361: +SERVICE [/image/theora/set_parameters] /mask_orange http://ubuntu:44103/
[rosmaster.master][INFO] 2017-10-05 17:00:40,362: +PUB [/image/theora/parameter_descriptions] /mask_orange http://ubuntu:44103/
[rosmaster.master][INFO] 2017-10-05 17:00:40,365: +PUB [/image/theora/parameter_updates] /mask_orange http://ubuntu:44103/
[rosmaster.master][INFO] 2017-10-05 17:00:40,369: +PARAM [/image/theora/optimize_for] by /mask_orange
[rosmaster.master][INFO] 2017-10-05 17:00:40,370: +PARAM [/image/theora/target_bitrate] by /mask_orange
[rosmaster.master][INFO] 2017-10-05 17:00:40,377: +PARAM [/image/theora/quality] by /mask_orange
[rosmaster.master][INFO] 2017-10-05 17:00:40,378: +PARAM [/image/theora/keyframe_frequency] by /mask_orange
[rosmaster.master][INFO] 2017-10-05 17:00:40,378: +PARAM [/image/theora/optimize_for] by /mask_orange
[rosmaster.master][INFO] 2017-10-05 17:00:40,381: +PARAM [/image/theora/target_bitrate] by /mask_orange
[rosmaster.master][INFO] 2017-10-05 17:00:40,382: +PARAM [/image/theora/quality] by /mask_orange
[rosmaster.master][INFO] 2017-10-05 17:00:40,385: +PARAM [/image/theora/keyframe_frequency] by /mask_orange
[rosmaster.master][INFO] 2017-10-05 17:00:40,392: +PUB [/image_marked/theora] /view http://ubuntu:43638/
[rosmaster.master][INFO] 2017-10-05 17:00:40,393: +SERVICE [/image_marked/theora/set_parameters] /view http://ubuntu:43638/
[rosmaster.master][INFO] 2017-10-05 17:00:40,393: +PUB [/image_marked/theora/parameter_descriptions] /view http://ubuntu:43638/
[rosmaster.master][INFO] 2017-10-05 17:00:40,394: +PUB [/image_marked/theora/parameter_updates] /view http://ubuntu:43638/
[rosmaster.master][INFO] 2017-10-05 17:00:40,401: +PARAM [/image_marked/theora/optimize_for] by /view
[rosmaster.master][INFO] 2017-10-05 17:00:40,402: +PARAM [/image_marked/theora/target_bitrate] by /view
[rosmaster.master][INFO] 2017-10-05 17:00:40,403: +PARAM [/image_marked/theora/quality] by /view
[rosmaster.master][INFO] 2017-10-05 17:00:40,403: +PARAM [/image_marked/theora/keyframe_frequency] by /view
[rosmaster.master][INFO] 2017-10-05 17:00:40,404: +PARAM [/image_marked/theora/optimize_for] by /view
[rosmaster.master][INFO] 2017-10-05 17:00:40,405: +PARAM [/image_marked/theora/target_bitrate] by /view
[rosmaster.master][INFO] 2017-10-05 17:00:40,406: +PARAM [/image_marked/theora/quality] by /view
[rosmaster.master][INFO] 2017-10-05 17:00:40,409: +PARAM [/image_marked/theora/keyframe_frequency] by /view
[rosmaster.master][INFO] 2017-10-05 17:00:40,430: +PUB [/camera/image_raw/theora] /camera http://ubuntu:33408/
[rosmaster.master][INFO] 2017-10-05 17:00:40,430: +SERVICE [/camera/image_raw/theora/set_parameters] /camera http://ubuntu:33408/
[rosmaster.master][INFO] 2017-10-05 17:00:40,431: +PUB [/camera/image_raw/theora/parameter_descriptions] /camera http://ubuntu:33408/
[rosmaster.master][INFO] 2017-10-05 17:00:40,432: +PUB [/camera/image_raw/theora/parameter_updates] /camera http://ubuntu:33408/
[rosmaster.master][INFO] 2017-10-05 17:00:40,435: +PARAM [/camera/image_raw/theora/optimize_for] by /camera
[rosmaster.master][INFO] 2017-10-05 17:00:40,436: +PARAM [/camera/image_raw/theora/target_bitrate] by /camera
[rosmaster.master][INFO] 2017-10-05 17:00:40,437: +PARAM [/camera/image_raw/theora/quality] by /camera
[rosmaster.master][INFO] 2017-10-05 17:00:40,440: +PARAM [/camera/image_raw/theora/keyframe_frequency] by /camera
[rosmaster.master][INFO] 2017-10-05 17:00:40,441: +PARAM [/camera/image_raw/theora/optimize_for] by /camera
[rosmaster.master][INFO] 2017-10-05 17:00:40,442: +PARAM [/camera/image_raw/theora/target_bitrate] by /camera
[rosmaster.master][INFO] 2017-10-05 17:00:40,445: +PARAM [/camera/image_raw/theora/quality] by /camera
[rosmaster.master][INFO] 2017-10-05 17:00:40,446: +PARAM [/camera/image_raw/theora/keyframe_frequency] by /camera
[rosmaster.master][INFO] 2017-10-05 17:00:40,447: +PUB [/camera/camera_info] /camera http://ubuntu:33408/
[rosmaster.master][INFO] 2017-10-05 17:00:40,474: +PUB [/image/marked/compressedDepth] /view http://ubuntu:43638/
[rosmaster.master][INFO] 2017-10-05 17:00:40,474: +SERVICE [/image/marked/compressedDepth/set_parameters] /view http://ubuntu:43638/
[rosmaster.master][INFO] 2017-10-05 17:00:40,475: +PUB [/image/marked/compressedDepth/parameter_descriptions] /view http://ubuntu:43638/
[rosmaster.master][INFO] 2017-10-05 17:00:40,476: +PUB [/image/marked/compressedDepth/parameter_updates] /view http://ubuntu:43638/
[rosmaster.master][INFO] 2017-10-05 17:00:40,478: +PARAM [/image/marked/compressedDepth/depth_max] by /view
[rosmaster.master][INFO] 2017-10-05 17:00:40,479: +PARAM [/image/marked/compressedDepth/depth_quantization] by /view
[rosmaster.master][INFO] 2017-10-05 17:00:40,480: +PARAM [/image/marked/compressedDepth/png_level] by /view
[rosmaster.master][INFO] 2017-10-05 17:00:40,480: +PARAM [/image/marked/compressedDepth/depth_max] by /view
[rosmaster.master][INFO] 2017-10-05 17:00:40,481: +PARAM [/image/marked/compressedDepth/depth_quantization] by /view
[rosmaster.master][INFO] 2017-10-05 17:00:40,482: +PARAM [/image/marked/compressedDepth/png_level] by /view
[rosmaster.master][INFO] 2017-10-05 17:00:40,983: +PUB [/image/marked/compressed] /view http://ubuntu:43638/
[rosmaster.master][INFO] 2017-10-05 17:00:40,984: +SERVICE [/image/marked/compressed/set_parameters] /view http://ubuntu:43638/
[rosmaster.master][INFO] 2017-10-05 17:00:40,984: +PUB [/image/marked/compressed/parameter_descriptions] /view http://ubuntu:43638/
[rosmaster.master][INFO] 2017-10-05 17:00:40,985: +PUB [/image/marked/compressed/parameter_updates] /view http://ubuntu:43638/
[rosmaster.master][INFO] 2017-10-05 17:00:40,987: +PARAM [/image/marked/compressed/format] by /view
[rosmaster.master][INFO] 2017-10-05 17:00:40,988: +PARAM [/image/marked/compressed/jpeg_quality] by /view
[rosmaster.master][INFO] 2017-10-05 17:00:40,989: +PARAM [/image/marked/compressed/png_level] by /view
[rosmaster.master][INFO] 2017-10-05 17:00:40,990: +PARAM [/image/marked/compressed/format] by /view
[rosmaster.master][INFO] 2017-10-05 17:00:40,991: +PARAM [/image/marked/compressed/jpeg_quality] by /view
[rosmaster.master][INFO] 2017-10-05 17:00:40,992: +PARAM [/image/marked/compressed/png_level] by /view
[rosmaster.master][INFO] 2017-10-05 17:00:41,020: +PUB [/image/marked] /view http://ubuntu:43638/
[rosmaster.master][INFO] 2017-10-05 17:00:41,049: +PUB [/image/marked/theora] /view http://ubuntu:43638/
[rosmaster.master][INFO] 2017-10-05 17:00:41,050: +SERVICE [/image/marked/theora/set_parameters] /view http://ubuntu:43638/
[rosmaster.master][INFO] 2017-10-05 17:00:41,051: +PUB [/image/marked/theora/parameter_descriptions] /view http://ubuntu:43638/
[rosmaster.master][INFO] 2017-10-05 17:00:41,052: +PUB [/image/marked/theora/parameter_updates] /view http://ubuntu:43638/
[rosmaster.master][INFO] 2017-10-05 17:00:41,064: +PARAM [/image/marked/theora/optimize_for] by /view
[rosmaster.master][INFO] 2017-10-05 17:00:41,066: +PARAM [/image/marked/theora/target_bitrate] by /view
[rosmaster.master][INFO] 2017-10-05 17:00:41,071: +PARAM [/image/marked/theora/quality] by /view
[rosmaster.master][INFO] 2017-10-05 17:00:41,073: +PARAM [/image/marked/theora/keyframe_frequency] by /view
[rosmaster.master][INFO] 2017-10-05 17:00:41,075: +PARAM [/image/marked/theora/optimize_for] by /view
[rosmaster.master][INFO] 2017-10-05 17:00:41,076: +PARAM [/image/marked/theora/target_bitrate] by /view
[rosmaster.master][INFO] 2017-10-05 17:00:41,077: +PARAM [/image/marked/theora/quality] by /view
[rosmaster.master][INFO] 2017-10-05 17:00:41,080: +PARAM [/image/marked/theora/keyframe_frequency] by /view
[rosmaster.master][INFO] 2017-10-05 17:00:41,146: +SUB [/image] /view http://ubuntu:43638/
[rosmaster.master][INFO] 2017-10-05 17:00:41,155: +SUB [/camera_info] /view http://ubuntu:43638/
[rosmaster.master][INFO] 2017-10-05 17:00:41,163: +SUB [/image_marker] /view http://ubuntu:43638/
[rosmaster.master][INFO] 2017-10-05 17:00:41,171: +SUB [/image/event] /view http://ubuntu:43638/
[rosmaster.master][INFO] 2017-10-05 17:00:41,171: +SERVICE [/view/change_mode] /view http://ubuntu:43638/
[rosmaster.master][INFO] 2017-10-05 17:00:41,173: +SERVICE [/view/rectangle_mode] /view http://ubuntu:43638/
[rosmaster.master][INFO] 2017-10-05 17:00:41,176: +SERVICE [/view/grabcut_mode] /view http://ubuntu:43638/
[rosmaster.master][INFO] 2017-10-05 17:00:41,177: +SERVICE [/view/grabcut_rect_mode] /view http://ubuntu:43638/
[rosmaster.master][INFO] 2017-10-05 17:00:41,177: +SERVICE [/view/line_mode] /view http://ubuntu:43638/
[rosmaster.master][INFO] 2017-10-05 17:00:41,181: +SERVICE [/view/poly_mode] /view http://ubuntu:43638/
[rosmaster.master][INFO] 2017-10-05 17:00:41,182: +SERVICE [/view/none_mode] /view http://ubuntu:43638/
[rosmaster.master][INFO] 2017-10-05 17:00:41,183: +SERVICE [/view/set_parameters] /view http://ubuntu:43638/
[rosmaster.master][INFO] 2017-10-05 17:00:41,183: +PUB [/view/parameter_descriptions] /view http://ubuntu:43638/
[rosmaster.master][INFO] 2017-10-05 17:00:41,184: +PUB [/view/parameter_updates] /view http://ubuntu:43638/
[rosmaster.master][INFO] 2017-10-05 17:00:41,201: +PARAM [/view/grid] by /view
[rosmaster.master][INFO] 2017-10-05 17:00:41,202: +PARAM [/view/fisheye_mode] by /view
[rosmaster.master][INFO] 2017-10-05 17:00:41,202: +PARAM [/view/div_u] by /view
[rosmaster.master][INFO] 2017-10-05 17:00:41,203: +PARAM [/view/div_v] by /view
[rosmaster.master][INFO] 2017-10-05 17:00:41,204: +PARAM [/view/grid_red] by /view
[rosmaster.master][INFO] 2017-10-05 17:00:41,205: +PARAM [/view/grid_green] by /view
[rosmaster.master][INFO] 2017-10-05 17:00:41,207: +PARAM [/view/grid_blue] by /view
[rosmaster.master][INFO] 2017-10-05 17:00:41,209: +PARAM [/view/grid_thickness] by /view
[rosmaster.master][INFO] 2017-10-05 17:00:41,211: +PARAM [/view/grid_space] by /view
[rosmaster.master][INFO] 2017-10-05 17:00:41,213: +PARAM [/view/grid] by /view
[rosmaster.master][INFO] 2017-10-05 17:00:41,217: +PARAM [/view/fisheye_mode] by /view
[rosmaster.master][INFO] 2017-10-05 17:00:41,218: +PARAM [/view/div_u] by /view
[rosmaster.master][INFO] 2017-10-05 17:00:41,219: +PARAM [/view/div_v] by /view
[rosmaster.master][INFO] 2017-10-05 17:00:41,219: +PARAM [/view/grid_red] by /view
[rosmaster.master][INFO] 2017-10-05 17:00:41,220: +PARAM [/view/grid_green] by /view
[rosmaster.master][INFO] 2017-10-05 17:00:41,221: +PARAM [/view/grid_blue] by /view
[rosmaster.master][INFO] 2017-10-05 17:00:41,224: +PARAM [/view/grid_thickness] by /view
[rosmaster.master][INFO] 2017-10-05 17:00:41,225: +PARAM [/view/grid_space] by /view
[rosmaster.master][INFO] 2017-10-05 17:02:30,369: -PUB [/rosout] /mask_orange http://ubuntu:44103/
[rosmaster.master][INFO] 2017-10-05 17:02:30,371: -PUB [/image/compressedDepth] /mask_orange http://ubuntu:44103/
[rosmaster.master][INFO] 2017-10-05 17:02:30,371: -PUB [/image/compressedDepth/parameter_descriptions] /mask_orange http://ubuntu:44103/
[rosmaster.master][INFO] 2017-10-05 17:02:30,373: -PUB [/image/compressedDepth/parameter_updates] /mask_orange http://ubuntu:44103/
[rosmaster.master][INFO] 2017-10-05 17:02:30,377: -PUB [/image/compressed] /mask_orange http://ubuntu:44103/
[rosmaster.master][INFO] 2017-10-05 17:02:30,381: -PUB [/image/compressed/parameter_descriptions] /mask_orange http://ubuntu:44103/
[rosmaster.master][INFO] 2017-10-05 17:02:30,385: -PUB [/image/compressed/parameter_updates] /mask_orange http://ubuntu:44103/
[rosmaster.master][INFO] 2017-10-05 17:02:30,392: -PUB [/image] /mask_orange http://ubuntu:44103/
[rosmaster.master][INFO] 2017-10-05 17:02:30,397: -PUB [/image/theora] /mask_orange http://ubuntu:44103/
[rosmaster.master][INFO] 2017-10-05 17:02:30,399: -PUB [/image/theora/parameter_descriptions] /mask_orange http://ubuntu:44103/
[rosmaster.master][INFO] 2017-10-05 17:02:30,407: -PUB [/image/theora/parameter_updates] /mask_orange http://ubuntu:44103/
[rosmaster.master][INFO] 2017-10-05 17:02:30,409: -SUB [/camera/image_raw] /mask_orange http://ubuntu:44103/
[rosmaster.master][INFO] 2017-10-05 17:02:30,413: -SERVICE [/mask_orange/get_loggers] /mask_orange rosrpc://ubuntu:35100
[rosmaster.master][INFO] 2017-10-05 17:02:30,417: -SERVICE [/mask_orange/set_logger_level] /mask_orange rosrpc://ubuntu:35100
[rosmaster.master][INFO] 2017-10-05 17:02:30,421: -SERVICE [/image/compressedDepth/set_parameters] /mask_orange rosrpc://ubuntu:35100
[rosmaster.master][INFO] 2017-10-05 17:02:30,422: -SERVICE [/image/compressed/set_parameters] /mask_orange rosrpc://ubuntu:35100
[rosmaster.master][INFO] 2017-10-05 17:02:30,423: -SERVICE [/image/theora/set_parameters] /mask_orange rosrpc://ubuntu:35100
[rosmaster.master][INFO] 2017-10-05 17:02:30,465: publisherUpdate[/rosout] -> http://ubuntu:38762/ ['http://ubuntu:33408/', 'http://ubuntu:43638/']
[rosmaster.master][INFO] 2017-10-05 17:02:30,465: publisherUpdate[/image] -> http://ubuntu:43638/ []
[rosmaster.master][INFO] 2017-10-05 17:02:30,466: publisherUpdate[/rosout] -> http://ubuntu:38762/ ['http://ubuntu:33408/', 'http://ubuntu:43638/']: sec=0.00, result=[1, '', 0]
[rosmaster.master][INFO] 2017-10-05 17:02:30,469: publisherUpdate[/image] -> http://ubuntu:43638/ []: sec=0.00, result=[0, 'Unknown Error', 0]
[rosmaster.master][INFO] 2017-10-05 17:02:30,497: -PUB [/rosout] /camera http://ubuntu:33408/
[rosmaster.master][INFO] 2017-10-05 17:02:30,499: -PUB [/camera/image_raw/compressedDepth] /camera http://ubuntu:33408/
[rosmaster.master][INFO] 2017-10-05 17:02:30,499: -PUB [/camera/image_raw/compressedDepth/parameter_descriptions] /camera http://ubuntu:33408/
[rosmaster.master][INFO] 2017-10-05 17:02:30,500: -PUB [/camera/image_raw/compressedDepth/parameter_updates] /camera http://ubuntu:33408/
[rosmaster.master][INFO] 2017-10-05 17:02:30,505: -PUB [/camera/image_raw/compressed] /camera http://ubuntu:33408/
[rosmaster.master][INFO] 2017-10-05 17:02:30,510: -PUB [/camera/image_raw/compressed/parameter_descriptions] /camera http://ubuntu:33408/
[rosmaster.master][INFO] 2017-10-05 17:02:30,515: -PUB [/camera/image_raw/compressed/parameter_updates] /camera http://ubuntu:33408/
[rosmaster.master][INFO] 2017-10-05 17:02:30,516: -PUB [/camera/image_raw] /camera http://ubuntu:33408/
[rosmaster.master][INFO] 2017-10-05 17:02:30,517: -PUB [/camera/image_raw/theora] /camera http://ubuntu:33408/
[rosmaster.master][INFO] 2017-10-05 17:02:30,519: -PUB [/camera/image_raw/theora/parameter_descriptions] /camera http://ubuntu:33408/
[rosmaster.master][INFO] 2017-10-05 17:02:30,520: -PUB [/camera/image_raw/theora/parameter_updates] /camera http://ubuntu:33408/
[rosmaster.master][INFO] 2017-10-05 17:02:30,521: -PUB [/camera/camera_info] /camera http://ubuntu:33408/
[rosmaster.master][INFO] 2017-10-05 17:02:30,524: -SERVICE [/camera/get_loggers] /camera rosrpc://ubuntu:37200
[rosmaster.master][INFO] 2017-10-05 17:02:30,524: -SERVICE [/camera/set_logger_level] /camera rosrpc://ubuntu:37200
[rosmaster.master][INFO] 2017-10-05 17:02:30,527: -SERVICE [/camera/set_camera_info] /camera rosrpc://ubuntu:37200
[rosmaster.master][INFO] 2017-10-05 17:02:30,527: -SERVICE [/camera/image_raw/compressedDepth/set_parameters] /camera rosrpc://ubuntu:37200
[rosmaster.master][INFO] 2017-10-05 17:02:30,528: -SERVICE [/camera/image_raw/compressed/set_parameters] /camera rosrpc://ubuntu:37200
[rosmaster.master][INFO] 2017-10-05 17:02:30,532: -SERVICE [/camera/image_raw/theora/set_parameters] /camera rosrpc://ubuntu:37200
[rosmaster.master][INFO] 2017-10-05 17:02:30,566: publisherUpdate[/rosout] -> http://ubuntu:38762/ ['http://ubuntu:43638/']
[rosmaster.master][INFO] 2017-10-05 17:02:30,567: publisherUpdate[/rosout] -> http://ubuntu:38762/ ['http://ubuntu:43638/']: sec=0.00, result=[1, '', 0]
[rosmaster.master][INFO] 2017-10-05 17:02:30,570: -PUB [/rosout] /view http://ubuntu:43638/
[rosmaster.master][INFO] 2017-10-05 17:02:30,571: -PUB [/image/screenpoint] /view http://ubuntu:43638/
[rosmaster.master][INFO] 2017-10-05 17:02:30,572: -PUB [/image/screenpoint_array] /view http://ubuntu:43638/
[rosmaster.master][INFO] 2017-10-05 17:02:30,574: -PUB [/image/screenrectangle] /view http://ubuntu:43638/
[rosmaster.master][INFO] 2017-10-05 17:02:30,575: -PUB [/image/screenrectangle_image] /view http://ubuntu:43638/
[rosmaster.master][INFO] 2017-10-05 17:02:30,577: -PUB [/image/movepoint] /view http://ubuntu:43638/
[rosmaster.master][INFO] 2017-10-05 17:02:30,578: -PUB [/image/foreground] /view http://ubuntu:43638/
[rosmaster.master][INFO] 2017-10-05 17:02:30,579: -PUB [/image/background] /view http://ubuntu:43638/
[rosmaster.master][INFO] 2017-10-05 17:02:30,580: -PUB [/image/foreground_rect] /view http://ubuntu:43638/
[rosmaster.master][INFO] 2017-10-05 17:02:30,582: -PUB [/image/background_rect] /view http://ubuntu:43638/
[rosmaster.master][INFO] 2017-10-05 17:02:30,583: -PUB [/image/line] /view http://ubuntu:43638/
[rosmaster.master][INFO] 2017-10-05 17:02:30,584: -PUB [/image/poly] /view http://ubuntu:43638/
[rosmaster.master][INFO] 2017-10-05 17:02:30,585: -PUB [/image_marked/compressedDepth] /view http://ubuntu:43638/
[rosmaster.master][INFO] 2017-10-05 17:02:30,586: -PUB [/image_marked/compressedDepth/parameter_descriptions] /view http://ubuntu:43638/
[rosmaster.master][INFO] 2017-10-05 17:02:30,588: -PUB [/image_marked/compressedDepth/parameter_updates] /view http://ubuntu:43638/
[rosmaster.master][INFO] 2017-10-05 17:02:30,589: -PUB [/image_marked/compressed] /view http://ubuntu:43638/
[rosmaster.master][INFO] 2017-10-05 17:02:30,590: -PUB [/image_marked/compressed/parameter_descriptions] /view http://ubuntu:43638/
[rosmaster.master][INFO] 2017-10-05 17:02:30,592: -PUB [/image_marked/compressed/parameter_updates] /view http://ubuntu:43638/
[rosmaster.master][INFO] 2017-10-05 17:02:30,593: -PUB [/image_marked] /view http://ubuntu:43638/
[rosmaster.master][INFO] 2017-10-05 17:02:30,594: -PUB [/image_marked/theora] /view http://ubuntu:43638/
[rosmaster.master][INFO] 2017-10-05 17:02:30,596: -PUB [/image_marked/theora/parameter_descriptions] /view http://ubuntu:43638/
[rosmaster.master][INFO] 2017-10-05 17:02:30,598: -PUB [/image_marked/theora/parameter_updates] /view http://ubuntu:43638/
[rosmaster.master][INFO] 2017-10-05 17:02:30,598: -PUB [/image/marked/compressedDepth] /view http://ubuntu:43638/
[rosmaster.master][INFO] 2017-10-05 17:02:30,600: -PUB [/image/marked/compressedDepth/parameter_descriptions] /view http://ubuntu:43638/
[rosmaster.master][INFO] 2017-10-05 17:02:30,605: -PUB [/image/marked/compressedDepth/parameter_updates] /view http://ubuntu:43638/
[rosmaster.master][INFO] 2017-10-05 17:02:30,609: -PUB [/image/marked/compressed] /view http://ubuntu:43638/
[rosmaster.master][INFO] 2017-10-05 17:02:30,615: -PUB [/image/marked/compressed/parameter_descriptions] /view http://ubuntu:43638/
[rosmaster.master][INFO] 2017-10-05 17:02:30,617: -PUB [/image/marked/compressed/parameter_updates] /view http://ubuntu:43638/
[rosmaster.master][INFO] 2017-10-05 17:02:30,619: -PUB [/image/marked] /view http://ubuntu:43638/
[rosmaster.master][INFO] 2017-10-05 17:02:30,620: -PUB [/image/marked/theora] /view http://ubuntu:43638/
[rosmaster.master][INFO] 2017-10-05 17:02:30,624: -PUB [/image/marked/theora/parameter_descriptions] /view http://ubuntu:43638/
[rosmaster.master][INFO] 2017-10-05 17:02:30,625: -PUB [/image/marked/theora/parameter_updates] /view http://ubuntu:43638/
[rosmaster.master][INFO] 2017-10-05 17:02:30,626: -PUB [/view/parameter_descriptions] /view http://ubuntu:43638/
[rosmaster.master][INFO] 2017-10-05 17:02:30,627: -PUB [/view/parameter_updates] /view http://ubuntu:43638/
[rosmaster.master][INFO] 2017-10-05 17:02:30,629: -SUB [/tf] /view http://ubuntu:43638/
[rosmaster.master][INFO] 2017-10-05 17:02:30,630: -SUB [/tf_static] /view http://ubuntu:43638/
[rosmaster.master][INFO] 2017-10-05 17:02:30,631: -SUB [/image] /view http://ubuntu:43638/
[rosmaster.master][INFO] 2017-10-05 17:02:30,633: -SUB [/camera_info] /view http://ubuntu:43638/
[rosmaster.master][INFO] 2017-10-05 17:02:30,633: -SUB [/image_marker] /view http://ubuntu:43638/
[rosmaster.master][INFO] 2017-10-05 17:02:30,635: -SUB [/image/event] /view http://ubuntu:43638/
[rosmaster.master][INFO] 2017-10-05 17:02:30,637: -SERVICE [/view/get_loggers] /view rosrpc://ubuntu:51798
[rosmaster.master][INFO] 2017-10-05 17:02:30,637: -SERVICE [/view/set_logger_level] /view rosrpc://ubuntu:51798
[rosmaster.master][INFO] 2017-10-05 17:02:30,638: -SERVICE [/image_marked/compressedDepth/set_parameters] /view rosrpc://ubuntu:51798
[rosmaster.master][INFO] 2017-10-05 17:02:30,641: -SERVICE [/image_marked/compressed/set_parameters] /view rosrpc://ubuntu:51798
[rosmaster.master][INFO] 2017-10-05 17:02:30,642: -SERVICE [/image_marked/theora/set_parameters] /view rosrpc://ubuntu:51798
[rosmaster.master][INFO] 2017-10-05 17:02:30,642: -SERVICE [/image/marked/compressedDepth/set_parameters] /view rosrpc://ubuntu:51798
[rosmaster.master][INFO] 2017-10-05 17:02:30,644: -SERVICE [/image/marked/compressed/set_parameters] /view rosrpc://ubuntu:51798
[rosmaster.master][INFO] 2017-10-05 17:02:30,646: -SERVICE [/image/marked/theora/set_parameters] /view rosrpc://ubuntu:51798
[rosmaster.master][INFO] 2017-10-05 17:02:30,647: -SERVICE [/view/change_mode] /view rosrpc://ubuntu:51798
[rosmaster.master][INFO] 2017-10-05 17:02:30,648: -SERVICE [/view/rectangle_mode] /view rosrpc://ubuntu:51798
[rosmaster.master][INFO] 2017-10-05 17:02:30,649: -SERVICE [/view/grabcut_mode] /view rosrpc://ubuntu:51798
[rosmaster.master][INFO] 2017-10-05 17:02:30,651: -SERVICE [/view/grabcut_rect_mode] /view rosrpc://ubuntu:51798
[rosmaster.master][INFO] 2017-10-05 17:02:30,652: -SERVICE [/view/line_mode] /view rosrpc://ubuntu:51798
[rosmaster.master][INFO] 2017-10-05 17:02:30,653: -SERVICE [/view/poly_mode] /view rosrpc://ubuntu:51798
[rosmaster.master][INFO] 2017-10-05 17:02:30,655: -SERVICE [/view/none_mode] /view rosrpc://ubuntu:51798
[rosmaster.master][INFO] 2017-10-05 17:02:30,655: -SERVICE [/view/set_parameters] /view rosrpc://ubuntu:51798
[rosmaster.master][INFO] 2017-10-05 17:02:30,667: publisherUpdate[/rosout] -> http://ubuntu:38762/ []
[rosmaster.master][INFO] 2017-10-05 17:02:30,668: publisherUpdate[/rosout] -> http://ubuntu:38762/ []: sec=0.00, result=[1, '', 0]
[rosmaster.master][INFO] 2017-10-05 17:02:31,234: -PUB [/rosout_agg] /rosout http://ubuntu:38762/
[rosmaster.master][INFO] 2017-10-05 17:02:31,235: -SUB [/rosout] /rosout http://ubuntu:38762/
[rosmaster.master][INFO] 2017-10-05 17:02:31,235: -SERVICE [/rosout/get_loggers] /rosout rosrpc://ubuntu:39645
[rosmaster.master][INFO] 2017-10-05 17:02:31,236: -SERVICE [/rosout/set_logger_level] /rosout rosrpc://ubuntu:39645
[rosmaster.main][INFO] 2017-10-05 17:02:31,340: keyboard interrupt, will exit
[rosmaster.main][INFO] 2017-10-05 17:02:31,340: stopping master...
[rospy.core][INFO] 2017-10-05 17:02:31,341: signal_shutdown [atexit]
