[rosmaster.main][INFO] 2017-09-22 14:49:37,144: initialization complete, waiting for shutdown
[rosmaster.main][INFO] 2017-09-22 14:49:37,144: Starting ROS Master Node
[xmlrpc][INFO] 2017-09-22 14:49:37,145: XML-RPC server binding to 0.0.0.0:11311
[xmlrpc][INFO] 2017-09-22 14:49:37,145: Started XML-RPC server [http://ubuntu:11311/]
[xmlrpc][INFO] 2017-09-22 14:49:37,145: xml rpc node: starting XML-RPC server
[rosmaster.master][INFO] 2017-09-22 14:49:37,145: Master initialized: port[11311], uri[http://ubuntu:11311/]
[rosmaster.master][INFO] 2017-09-22 14:49:37,207: +PARAM [/run_id] by /roslaunch
[rosmaster.master][INFO] 2017-09-22 14:49:37,208: +PARAM [/roslaunch/uris/host_ubuntu__41111] by /roslaunch
[rosmaster.master][INFO] 2017-09-22 14:49:37,268: +PARAM [/rosversion] by /roslaunch
[rosmaster.master][INFO] 2017-09-22 14:49:37,268: +PARAM [/rosdistro] by /roslaunch
[rosmaster.master][INFO] 2017-09-22 14:49:37,268: +PARAM [/camera/device_id] by /roslaunch
[rosmaster.master][INFO] 2017-09-22 14:49:37,280: +SERVICE [/rosout/get_loggers] /rosout http://ubuntu:40517/
[rosmaster.master][INFO] 2017-09-22 14:49:37,280: +SERVICE [/rosout/set_logger_level] /rosout http://ubuntu:40517/
[rosmaster.master][INFO] 2017-09-22 14:49:37,282: +PUB [/rosout_agg] /rosout http://ubuntu:40517/
[rosmaster.master][INFO] 2017-09-22 14:49:37,306: +SUB [/rosout] /rosout http://ubuntu:40517/
[rosmaster.master][INFO] 2017-09-22 14:49:37,375: +PUB [/rosout] /image_converter http://ubuntu:44418/
[rosmaster.master][INFO] 2017-09-22 14:49:37,379: +SERVICE [/image_converter/get_loggers] /image_converter http://ubuntu:44418/
[rosmaster.master][INFO] 2017-09-22 14:49:37,381: +SERVICE [/image_converter/set_logger_level] /image_converter http://ubuntu:44418/
[rosmaster.master][INFO] 2017-09-22 14:49:37,421: +PUB [/rosout] /camera http://ubuntu:37889/
[rosmaster.master][INFO] 2017-09-22 14:49:37,422: +SERVICE [/camera/get_loggers] /camera http://ubuntu:37889/
[rosmaster.master][INFO] 2017-09-22 14:49:37,423: +SERVICE [/camera/set_logger_level] /camera http://ubuntu:37889/
[rosmaster.master][INFO] 2017-09-22 14:49:37,424: +PUB [/rosout] /view http://ubuntu:40095/
[rosmaster.master][INFO] 2017-09-22 14:49:37,425: +SERVICE [/view/get_loggers] /view http://ubuntu:40095/
[rosmaster.master][INFO] 2017-09-22 14:49:37,426: +SERVICE [/view/set_logger_level] /view http://ubuntu:40095/
[rosmaster.master][INFO] 2017-09-22 14:49:37,444: +SUB [/tf] /view http://ubuntu:40095/
[rosmaster.master][INFO] 2017-09-22 14:49:37,446: publisherUpdate[/rosout] -> http://ubuntu:40517/ ['http://ubuntu:44418/']
[rosmaster.master][INFO] 2017-09-22 14:49:37,454: publisherUpdate[/rosout] -> http://ubuntu:40517/ ['http://ubuntu:44418/']: sec=0.01, result=[1, '', 0]
[rosmaster.master][INFO] 2017-09-22 14:49:37,454: publisherUpdate[/rosout] -> http://ubuntu:40517/ ['http://ubuntu:44418/', 'http://ubuntu:37889/']
[rosmaster.master][INFO] 2017-09-22 14:49:37,455: publisherUpdate[/rosout] -> http://ubuntu:40517/ ['http://ubuntu:44418/', 'http://ubuntu:37889/']: sec=0.00, result=[1, '', 0]
[rosmaster.master][INFO] 2017-09-22 14:49:37,455: publisherUpdate[/rosout] -> http://ubuntu:40517/ ['http://ubuntu:44418/', 'http://ubuntu:37889/', 'http://ubuntu:40095/']
[rosmaster.master][INFO] 2017-09-22 14:49:37,455: publisherUpdate[/rosout] -> http://ubuntu:40517/ ['http://ubuntu:44418/', 'http://ubuntu:37889/', 'http://ubuntu:40095/']: sec=0.00, result=[1, '', 0]
[rosmaster.master][INFO] 2017-09-22 14:49:37,458: +SUB [/tf_static] /view http://ubuntu:40095/
[rosmaster.master][INFO] 2017-09-22 14:49:37,492: +SERVICE [/camera/set_camera_info] /camera http://ubuntu:37889/
[rosmaster.master][INFO] 2017-09-22 14:49:37,507: +SUB [/camera/image_raw] /image_converter http://ubuntu:44418/
[rosmaster.master][INFO] 2017-09-22 14:49:37,514: +PUB [/image/screenpoint] /view http://ubuntu:40095/
[rosmaster.master][INFO] 2017-09-22 14:49:37,515: +PUB [/image/screenpoint_array] /view http://ubuntu:40095/
[rosmaster.master][INFO] 2017-09-22 14:49:37,516: +PUB [/image/screenrectangle] /view http://ubuntu:40095/
[rosmaster.master][INFO] 2017-09-22 14:49:37,516: +PUB [/image/screenrectangle_image] /view http://ubuntu:40095/
[rosmaster.master][INFO] 2017-09-22 14:49:37,517: +PUB [/image/movepoint] /view http://ubuntu:40095/
[rosmaster.master][INFO] 2017-09-22 14:49:37,518: +PUB [/image/foreground] /view http://ubuntu:40095/
[rosmaster.master][INFO] 2017-09-22 14:49:37,518: +PUB [/image/background] /view http://ubuntu:40095/
[rosmaster.master][INFO] 2017-09-22 14:49:37,519: +PUB [/image/foreground_rect] /view http://ubuntu:40095/
[rosmaster.master][INFO] 2017-09-22 14:49:37,520: +PUB [/image/background_rect] /view http://ubuntu:40095/
[rosmaster.master][INFO] 2017-09-22 14:49:37,521: +PUB [/image/line] /view http://ubuntu:40095/
[rosmaster.master][INFO] 2017-09-22 14:49:37,524: +PUB [/image/poly] /view http://ubuntu:40095/
[rosmaster.master][INFO] 2017-09-22 14:49:37,574: +PUB [/image/compressedDepth] /image_converter http://ubuntu:44418/
[rosmaster.master][INFO] 2017-09-22 14:49:37,575: +SERVICE [/image/compressedDepth/set_parameters] /image_converter http://ubuntu:44418/
[rosmaster.master][INFO] 2017-09-22 14:49:37,576: +PUB [/image/compressedDepth/parameter_descriptions] /image_converter http://ubuntu:44418/
[rosmaster.master][INFO] 2017-09-22 14:49:37,577: +PUB [/image/compressedDepth/parameter_updates] /image_converter http://ubuntu:44418/
[rosmaster.master][INFO] 2017-09-22 14:49:37,579: +PARAM [/image/compressedDepth/depth_max] by /image_converter
[rosmaster.master][INFO] 2017-09-22 14:49:37,580: +PARAM [/image/compressedDepth/depth_quantization] by /image_converter
[rosmaster.master][INFO] 2017-09-22 14:49:37,580: +PARAM [/image/compressedDepth/png_level] by /image_converter
[rosmaster.master][INFO] 2017-09-22 14:49:37,581: +PARAM [/image/compressedDepth/depth_max] by /image_converter
[rosmaster.master][INFO] 2017-09-22 14:49:37,583: +PARAM [/image/compressedDepth/depth_quantization] by /image_converter
[rosmaster.master][INFO] 2017-09-22 14:49:37,586: +PARAM [/image/compressedDepth/png_level] by /image_converter
[rosmaster.master][INFO] 2017-09-22 14:49:37,599: +PUB [/image_marked/compressedDepth] /view http://ubuntu:40095/
[rosmaster.master][INFO] 2017-09-22 14:49:37,600: +SERVICE [/image_marked/compressedDepth/set_parameters] /view http://ubuntu:40095/
[rosmaster.master][INFO] 2017-09-22 14:49:37,601: +PUB [/image_marked/compressedDepth/parameter_descriptions] /view http://ubuntu:40095/
[rosmaster.master][INFO] 2017-09-22 14:49:37,602: +PUB [/image_marked/compressedDepth/parameter_updates] /view http://ubuntu:40095/
[rosmaster.master][INFO] 2017-09-22 14:49:37,604: +PARAM [/image_marked/compressedDepth/depth_max] by /view
[rosmaster.master][INFO] 2017-09-22 14:49:37,606: +PARAM [/image_marked/compressedDepth/depth_quantization] by /view
[rosmaster.master][INFO] 2017-09-22 14:49:37,606: +PARAM [/image_marked/compressedDepth/png_level] by /view
[rosmaster.master][INFO] 2017-09-22 14:49:37,610: +PARAM [/image_marked/compressedDepth/depth_max] by /view
[rosmaster.master][INFO] 2017-09-22 14:49:37,611: +PARAM [/image_marked/compressedDepth/depth_quantization] by /view
[rosmaster.master][INFO] 2017-09-22 14:49:37,612: +PARAM [/image_marked/compressedDepth/png_level] by /view
[rosmaster.master][INFO] 2017-09-22 14:49:37,643: +PUB [/image/compressed] /image_converter http://ubuntu:44418/
[rosmaster.master][INFO] 2017-09-22 14:49:37,646: +SERVICE [/image/compressed/set_parameters] /image_converter http://ubuntu:44418/
[rosmaster.master][INFO] 2017-09-22 14:49:37,647: +PUB [/image/compressed/parameter_descriptions] /image_converter http://ubuntu:44418/
[rosmaster.master][INFO] 2017-09-22 14:49:37,648: +PUB [/image/compressed/parameter_updates] /image_converter http://ubuntu:44418/
[rosmaster.master][INFO] 2017-09-22 14:49:37,650: +PARAM [/image/compressed/format] by /image_converter
[rosmaster.master][INFO] 2017-09-22 14:49:37,650: +PARAM [/image/compressed/jpeg_quality] by /image_converter
[rosmaster.master][INFO] 2017-09-22 14:49:37,654: +PARAM [/image/compressed/png_level] by /image_converter
[rosmaster.master][INFO] 2017-09-22 14:49:37,655: +PARAM [/image/compressed/format] by /image_converter
[rosmaster.master][INFO] 2017-09-22 14:49:37,655: +PARAM [/image/compressed/jpeg_quality] by /image_converter
[rosmaster.master][INFO] 2017-09-22 14:49:37,656: +PARAM [/image/compressed/png_level] by /image_converter
[rosmaster.master][INFO] 2017-09-22 14:49:37,674: +PUB [/image_marked/compressed] /view http://ubuntu:40095/
[rosmaster.master][INFO] 2017-09-22 14:49:37,675: +SERVICE [/image_marked/compressed/set_parameters] /view http://ubuntu:40095/
[rosmaster.master][INFO] 2017-09-22 14:49:37,675: +PUB [/image_marked/compressed/parameter_descriptions] /view http://ubuntu:40095/
[rosmaster.master][INFO] 2017-09-22 14:49:37,676: +PUB [/image_marked/compressed/parameter_updates] /view http://ubuntu:40095/
[rosmaster.master][INFO] 2017-09-22 14:49:37,682: +PARAM [/image_marked/compressed/format] by /view
[rosmaster.master][INFO] 2017-09-22 14:49:37,683: +PARAM [/image_marked/compressed/jpeg_quality] by /view
[rosmaster.master][INFO] 2017-09-22 14:49:37,684: +PARAM [/image_marked/compressed/png_level] by /view
[rosmaster.master][INFO] 2017-09-22 14:49:37,684: +PARAM [/image_marked/compressed/format] by /view
[rosmaster.master][INFO] 2017-09-22 14:49:37,686: +PARAM [/image_marked/compressed/jpeg_quality] by /view
[rosmaster.master][INFO] 2017-09-22 14:49:37,687: +PARAM [/image_marked/compressed/png_level] by /view
[rosmaster.master][INFO] 2017-09-22 14:49:37,722: +PUB [/image] /image_converter http://ubuntu:44418/
[rosmaster.master][INFO] 2017-09-22 14:49:37,745: +PUB [/image_marked] /view http://ubuntu:40095/
[rosmaster.master][INFO] 2017-09-22 14:49:37,802: +PUB [/image/theora] /image_converter http://ubuntu:44418/
[rosmaster.master][INFO] 2017-09-22 14:49:37,803: +SERVICE [/image/theora/set_parameters] /image_converter http://ubuntu:44418/
[rosmaster.master][INFO] 2017-09-22 14:49:37,806: +PUB [/image/theora/parameter_descriptions] /image_converter http://ubuntu:44418/
[rosmaster.master][INFO] 2017-09-22 14:49:37,807: +PUB [/image/theora/parameter_updates] /image_converter http://ubuntu:44418/
[rosmaster.master][INFO] 2017-09-22 14:49:37,810: +PARAM [/image/theora/optimize_for] by /image_converter
[rosmaster.master][INFO] 2017-09-22 14:49:37,818: +PARAM [/image/theora/target_bitrate] by /image_converter
[rosmaster.master][INFO] 2017-09-22 14:49:37,819: +PARAM [/image/theora/quality] by /image_converter
[rosmaster.master][INFO] 2017-09-22 14:49:37,822: +PARAM [/image/theora/keyframe_frequency] by /image_converter
[rosmaster.master][INFO] 2017-09-22 14:49:37,823: +PARAM [/image/theora/optimize_for] by /image_converter
[rosmaster.master][INFO] 2017-09-22 14:49:37,826: +PARAM [/image/theora/target_bitrate] by /image_converter
[rosmaster.master][INFO] 2017-09-22 14:49:37,826: +PARAM [/image/theora/quality] by /image_converter
[rosmaster.master][INFO] 2017-09-22 14:49:37,830: +PARAM [/image/theora/keyframe_frequency] by /image_converter
[rosmaster.master][INFO] 2017-09-22 14:49:37,841: +PUB [/image_marked/theora] /view http://ubuntu:40095/
[rosmaster.master][INFO] 2017-09-22 14:49:37,842: +SERVICE [/image_marked/theora/set_parameters] /view http://ubuntu:40095/
[rosmaster.master][INFO] 2017-09-22 14:49:37,843: +PUB [/image_marked/theora/parameter_descriptions] /view http://ubuntu:40095/
[rosmaster.master][INFO] 2017-09-22 14:49:37,844: +PUB [/image_marked/theora/parameter_updates] /view http://ubuntu:40095/
[rosmaster.master][INFO] 2017-09-22 14:49:37,848: +PARAM [/image_marked/theora/optimize_for] by /view
[rosmaster.master][INFO] 2017-09-22 14:49:37,848: +PUB [/camera/image_raw/compressedDepth] /camera http://ubuntu:37889/
[rosmaster.master][INFO] 2017-09-22 14:49:37,849: +PARAM [/image_marked/theora/target_bitrate] by /view
[rosmaster.master][INFO] 2017-09-22 14:49:37,850: +SERVICE [/camera/image_raw/compressedDepth/set_parameters] /camera http://ubuntu:37889/
[rosmaster.master][INFO] 2017-09-22 14:49:37,851: +PARAM [/image_marked/theora/quality] by /view
[rosmaster.master][INFO] 2017-09-22 14:49:37,851: +PUB [/camera/image_raw/compressedDepth/parameter_descriptions] /camera http://ubuntu:37889/
[rosmaster.master][INFO] 2017-09-22 14:49:37,852: +PARAM [/image_marked/theora/keyframe_frequency] by /view
[rosmaster.master][INFO] 2017-09-22 14:49:37,853: +PUB [/camera/image_raw/compressedDepth/parameter_updates] /camera http://ubuntu:37889/
[rosmaster.master][INFO] 2017-09-22 14:49:37,853: +PARAM [/image_marked/theora/optimize_for] by /view
[rosmaster.master][INFO] 2017-09-22 14:49:37,855: +PARAM [/image_marked/theora/target_bitrate] by /view
[rosmaster.master][INFO] 2017-09-22 14:49:37,856: +PARAM [/image_marked/theora/quality] by /view
[rosmaster.master][INFO] 2017-09-22 14:49:37,857: +PARAM [/image_marked/theora/keyframe_frequency] by /view
[rosmaster.master][INFO] 2017-09-22 14:49:37,866: +PARAM [/camera/image_raw/compressedDepth/depth_max] by /camera
[rosmaster.master][INFO] 2017-09-22 14:49:37,868: +PARAM [/camera/image_raw/compressedDepth/depth_quantization] by /camera
[rosmaster.master][INFO] 2017-09-22 14:49:37,874: +PARAM [/camera/image_raw/compressedDepth/png_level] by /camera
[rosmaster.master][INFO] 2017-09-22 14:49:37,875: +PARAM [/camera/image_raw/compressedDepth/depth_max] by /camera
[rosmaster.master][INFO] 2017-09-22 14:49:37,876: +PARAM [/camera/image_raw/compressedDepth/depth_quantization] by /camera
[rosmaster.master][INFO] 2017-09-22 14:49:37,876: +PARAM [/camera/image_raw/compressedDepth/png_level] by /camera
[rosmaster.master][INFO] 2017-09-22 14:49:37,924: +PUB [/image/marked/compressedDepth] /view http://ubuntu:40095/
[rosmaster.master][INFO] 2017-09-22 14:49:37,925: +SERVICE [/image/marked/compressedDepth/set_parameters] /view http://ubuntu:40095/
[rosmaster.master][INFO] 2017-09-22 14:49:37,926: +PUB [/image/marked/compressedDepth/parameter_descriptions] /view http://ubuntu:40095/
[rosmaster.master][INFO] 2017-09-22 14:49:37,927: +PUB [/image/marked/compressedDepth/parameter_updates] /view http://ubuntu:40095/
[rosmaster.master][INFO] 2017-09-22 14:49:37,931: +PARAM [/image/marked/compressedDepth/depth_max] by /view
[rosmaster.master][INFO] 2017-09-22 14:49:37,932: +PARAM [/image/marked/compressedDepth/depth_quantization] by /view
[rosmaster.master][INFO] 2017-09-22 14:49:37,932: +PARAM [/image/marked/compressedDepth/png_level] by /view
[rosmaster.master][INFO] 2017-09-22 14:49:37,933: +PARAM [/image/marked/compressedDepth/depth_max] by /view
[rosmaster.master][INFO] 2017-09-22 14:49:37,935: +PARAM [/image/marked/compressedDepth/depth_quantization] by /view
[rosmaster.master][INFO] 2017-09-22 14:49:37,938: +PARAM [/image/marked/compressedDepth/png_level] by /view
[rosmaster.master][INFO] 2017-09-22 14:49:37,946: +PUB [/camera/image_raw/compressed] /camera http://ubuntu:37889/
[rosmaster.master][INFO] 2017-09-22 14:49:37,947: +SERVICE [/camera/image_raw/compressed/set_parameters] /camera http://ubuntu:37889/
[rosmaster.master][INFO] 2017-09-22 14:49:37,949: +PUB [/camera/image_raw/compressed/parameter_descriptions] /camera http://ubuntu:37889/
[rosmaster.master][INFO] 2017-09-22 14:49:37,950: +PUB [/camera/image_raw/compressed/parameter_updates] /camera http://ubuntu:37889/
[rosmaster.master][INFO] 2017-09-22 14:49:37,952: +PARAM [/camera/image_raw/compressed/format] by /camera
[rosmaster.master][INFO] 2017-09-22 14:49:37,954: +PARAM [/camera/image_raw/compressed/jpeg_quality] by /camera
[rosmaster.master][INFO] 2017-09-22 14:49:37,955: +PARAM [/camera/image_raw/compressed/png_level] by /camera
[rosmaster.master][INFO] 2017-09-22 14:49:37,958: +PARAM [/camera/image_raw/compressed/format] by /camera
[rosmaster.master][INFO] 2017-09-22 14:49:37,958: +PARAM [/camera/image_raw/compressed/jpeg_quality] by /camera
[rosmaster.master][INFO] 2017-09-22 14:49:37,960: +PARAM [/camera/image_raw/compressed/png_level] by /camera
[rosmaster.master][INFO] 2017-09-22 14:49:37,997: +PUB [/image/marked/compressed] /view http://ubuntu:40095/
[rosmaster.master][INFO] 2017-09-22 14:49:37,998: +SERVICE [/image/marked/compressed/set_parameters] /view http://ubuntu:40095/
[rosmaster.master][INFO] 2017-09-22 14:49:37,999: +PUB [/image/marked/compressed/parameter_descriptions] /view http://ubuntu:40095/
[rosmaster.master][INFO] 2017-09-22 14:49:38,000: +PUB [/image/marked/compressed/parameter_updates] /view http://ubuntu:40095/
[rosmaster.master][INFO] 2017-09-22 14:49:38,002: +PARAM [/image/marked/compressed/format] by /view
[rosmaster.master][INFO] 2017-09-22 14:49:38,003: +PARAM [/image/marked/compressed/jpeg_quality] by /view
[rosmaster.master][INFO] 2017-09-22 14:49:38,006: +PARAM [/image/marked/compressed/png_level] by /view
[rosmaster.master][INFO] 2017-09-22 14:49:38,006: +PARAM [/image/marked/compressed/format] by /view
[rosmaster.master][INFO] 2017-09-22 14:49:38,007: +PARAM [/image/marked/compressed/jpeg_quality] by /view
[rosmaster.master][INFO] 2017-09-22 14:49:38,008: +PARAM [/image/marked/compressed/png_level] by /view
[rosmaster.master][INFO] 2017-09-22 14:49:38,020: +PUB [/camera/image_raw] /camera http://ubuntu:37889/
[rosmaster.master][INFO] 2017-09-22 14:49:38,055: publisherUpdate[/camera/image_raw] -> http://ubuntu:44418/ ['http://ubuntu:37889/']
[rosmaster.master][INFO] 2017-09-22 14:49:38,056: publisherUpdate[/camera/image_raw] -> http://ubuntu:44418/ ['http://ubuntu:37889/']: sec=0.00, result=[1, '', 0]
[rosmaster.master][INFO] 2017-09-22 14:49:38,064: +PUB [/image/marked] /view http://ubuntu:40095/
[rosmaster.master][INFO] 2017-09-22 14:49:38,078: +PUB [/camera/image_raw/theora] /camera http://ubuntu:37889/
[rosmaster.master][INFO] 2017-09-22 14:49:38,079: +SERVICE [/camera/image_raw/theora/set_parameters] /camera http://ubuntu:37889/
[rosmaster.master][INFO] 2017-09-22 14:49:38,080: +PUB [/camera/image_raw/theora/parameter_descriptions] /camera http://ubuntu:37889/
[rosmaster.master][INFO] 2017-09-22 14:49:38,081: +PUB [/camera/image_raw/theora/parameter_updates] /camera http://ubuntu:37889/
[rosmaster.master][INFO] 2017-09-22 14:49:38,083: +PARAM [/camera/image_raw/theora/optimize_for] by /camera
[rosmaster.master][INFO] 2017-09-22 14:49:38,084: +PARAM [/camera/image_raw/theora/target_bitrate] by /camera
[rosmaster.master][INFO] 2017-09-22 14:49:38,085: +PARAM [/camera/image_raw/theora/quality] by /camera
[rosmaster.master][INFO] 2017-09-22 14:49:38,090: +PARAM [/camera/image_raw/theora/keyframe_frequency] by /camera
[rosmaster.master][INFO] 2017-09-22 14:49:38,091: +PARAM [/camera/image_raw/theora/optimize_for] by /camera
[rosmaster.master][INFO] 2017-09-22 14:49:38,092: +PARAM [/camera/image_raw/theora/target_bitrate] by /camera
[rosmaster.master][INFO] 2017-09-22 14:49:38,092: +PARAM [/camera/image_raw/theora/quality] by /camera
[rosmaster.master][INFO] 2017-09-22 14:49:38,093: +PARAM [/camera/image_raw/theora/keyframe_frequency] by /camera
[rosmaster.master][INFO] 2017-09-22 14:49:38,094: +PUB [/camera/camera_info] /camera http://ubuntu:37889/
[rosmaster.master][INFO] 2017-09-22 14:49:38,120: +PUB [/image/marked/theora] /view http://ubuntu:40095/
[rosmaster.master][INFO] 2017-09-22 14:49:38,120: +SERVICE [/image/marked/theora/set_parameters] /view http://ubuntu:40095/
[rosmaster.master][INFO] 2017-09-22 14:49:38,121: +PUB [/image/marked/theora/parameter_descriptions] /view http://ubuntu:40095/
[rosmaster.master][INFO] 2017-09-22 14:49:38,122: +PUB [/image/marked/theora/parameter_updates] /view http://ubuntu:40095/
[rosmaster.master][INFO] 2017-09-22 14:49:38,124: +PARAM [/image/marked/theora/optimize_for] by /view
[rosmaster.master][INFO] 2017-09-22 14:49:38,125: +PARAM [/image/marked/theora/target_bitrate] by /view
[rosmaster.master][INFO] 2017-09-22 14:49:38,126: +PARAM [/image/marked/theora/quality] by /view
[rosmaster.master][INFO] 2017-09-22 14:49:38,127: +PARAM [/image/marked/theora/keyframe_frequency] by /view
[rosmaster.master][INFO] 2017-09-22 14:49:38,127: +PARAM [/image/marked/theora/optimize_for] by /view
[rosmaster.master][INFO] 2017-09-22 14:49:38,128: +PARAM [/image/marked/theora/target_bitrate] by /view
[rosmaster.master][INFO] 2017-09-22 14:49:38,129: +PARAM [/image/marked/theora/quality] by /view
[rosmaster.master][INFO] 2017-09-22 14:49:38,130: +PARAM [/image/marked/theora/keyframe_frequency] by /view
[rosmaster.master][INFO] 2017-09-22 14:49:38,159: +SUB [/image] /view http://ubuntu:40095/
[rosmaster.master][INFO] 2017-09-22 14:49:38,163: +SUB [/camera_info] /view http://ubuntu:40095/
[rosmaster.master][INFO] 2017-09-22 14:49:38,166: +SUB [/image_marker] /view http://ubuntu:40095/
[rosmaster.master][INFO] 2017-09-22 14:49:38,169: +SUB [/image/event] /view http://ubuntu:40095/
[rosmaster.master][INFO] 2017-09-22 14:49:38,170: +SERVICE [/view/change_mode] /view http://ubuntu:40095/
[rosmaster.master][INFO] 2017-09-22 14:49:38,171: +SERVICE [/view/rectangle_mode] /view http://ubuntu:40095/
[rosmaster.master][INFO] 2017-09-22 14:49:38,171: +SERVICE [/view/grabcut_mode] /view http://ubuntu:40095/
[rosmaster.master][INFO] 2017-09-22 14:49:38,172: +SERVICE [/view/grabcut_rect_mode] /view http://ubuntu:40095/
[rosmaster.master][INFO] 2017-09-22 14:49:38,173: +SERVICE [/view/line_mode] /view http://ubuntu:40095/
[rosmaster.master][INFO] 2017-09-22 14:49:38,173: +SERVICE [/view/poly_mode] /view http://ubuntu:40095/
[rosmaster.master][INFO] 2017-09-22 14:49:38,174: +SERVICE [/view/none_mode] /view http://ubuntu:40095/
[rosmaster.master][INFO] 2017-09-22 14:49:38,175: +SERVICE [/view/set_parameters] /view http://ubuntu:40095/
[rosmaster.master][INFO] 2017-09-22 14:49:38,175: +PUB [/view/parameter_descriptions] /view http://ubuntu:40095/
[rosmaster.master][INFO] 2017-09-22 14:49:38,176: +PUB [/view/parameter_updates] /view http://ubuntu:40095/
[rosmaster.master][INFO] 2017-09-22 14:49:38,181: +PARAM [/view/grid] by /view
[rosmaster.master][INFO] 2017-09-22 14:49:38,181: +PARAM [/view/fisheye_mode] by /view
[rosmaster.master][INFO] 2017-09-22 14:49:38,182: +PARAM [/view/div_u] by /view
[rosmaster.master][INFO] 2017-09-22 14:49:38,183: +PARAM [/view/div_v] by /view
[rosmaster.master][INFO] 2017-09-22 14:49:38,183: +PARAM [/view/grid_red] by /view
[rosmaster.master][INFO] 2017-09-22 14:49:38,184: +PARAM [/view/grid_green] by /view
[rosmaster.master][INFO] 2017-09-22 14:49:38,185: +PARAM [/view/grid_blue] by /view
[rosmaster.master][INFO] 2017-09-22 14:49:38,185: +PARAM [/view/grid_thickness] by /view
[rosmaster.master][INFO] 2017-09-22 14:49:38,186: +PARAM [/view/grid_space] by /view
[rosmaster.master][INFO] 2017-09-22 14:49:38,187: +PARAM [/view/grid] by /view
[rosmaster.master][INFO] 2017-09-22 14:49:38,187: +PARAM [/view/fisheye_mode] by /view
[rosmaster.master][INFO] 2017-09-22 14:49:38,188: +PARAM [/view/div_u] by /view
[rosmaster.master][INFO] 2017-09-22 14:49:38,188: +PARAM [/view/div_v] by /view
[rosmaster.master][INFO] 2017-09-22 14:49:38,189: +PARAM [/view/grid_red] by /view
[rosmaster.master][INFO] 2017-09-22 14:49:38,190: +PARAM [/view/grid_green] by /view
[rosmaster.master][INFO] 2017-09-22 14:49:38,190: +PARAM [/view/grid_blue] by /view
[rosmaster.master][INFO] 2017-09-22 14:49:38,191: +PARAM [/view/grid_thickness] by /view
[rosmaster.master][INFO] 2017-09-22 14:49:38,192: +PARAM [/view/grid_space] by /view
[rosmaster.master][INFO] 2017-09-22 14:49:43,804: -PUB [/rosout] /camera http://ubuntu:37889/
[rosmaster.master][INFO] 2017-09-22 14:49:43,806: -PUB [/camera/image_raw/compressedDepth] /camera http://ubuntu:37889/
[rosmaster.master][INFO] 2017-09-22 14:49:43,807: -PUB [/camera/image_raw/compressedDepth/parameter_descriptions] /camera http://ubuntu:37889/
[rosmaster.master][INFO] 2017-09-22 14:49:43,808: -PUB [/camera/image_raw/compressedDepth/parameter_updates] /camera http://ubuntu:37889/
[rosmaster.master][INFO] 2017-09-22 14:49:43,808: -PUB [/camera/image_raw/compressed] /camera http://ubuntu:37889/
[rosmaster.master][INFO] 2017-09-22 14:49:43,810: -PUB [/camera/image_raw/compressed/parameter_descriptions] /camera http://ubuntu:37889/
[rosmaster.master][INFO] 2017-09-22 14:49:43,811: -PUB [/camera/image_raw/compressed/parameter_updates] /camera http://ubuntu:37889/
[rosmaster.master][INFO] 2017-09-22 14:49:43,812: -PUB [/camera/image_raw] /camera http://ubuntu:37889/
[rosmaster.master][INFO] 2017-09-22 14:49:43,813: -PUB [/camera/image_raw/theora] /camera http://ubuntu:37889/
[rosmaster.master][INFO] 2017-09-22 14:49:43,821: -PUB [/camera/image_raw/theora/parameter_descriptions] /camera http://ubuntu:37889/
[rosmaster.master][INFO] 2017-09-22 14:49:43,824: -PUB [/camera/image_raw/theora/parameter_updates] /camera http://ubuntu:37889/
[rosmaster.master][INFO] 2017-09-22 14:49:43,824: -PUB [/camera/camera_info] /camera http://ubuntu:37889/
[rosmaster.master][INFO] 2017-09-22 14:49:43,825: -SERVICE [/camera/get_loggers] /camera rosrpc://ubuntu:46851
[rosmaster.master][INFO] 2017-09-22 14:49:43,829: -SERVICE [/camera/set_logger_level] /camera rosrpc://ubuntu:46851
[rosmaster.master][INFO] 2017-09-22 14:49:43,832: -SERVICE [/camera/set_camera_info] /camera rosrpc://ubuntu:46851
[rosmaster.master][INFO] 2017-09-22 14:49:43,834: -SERVICE [/camera/image_raw/compressedDepth/set_parameters] /camera rosrpc://ubuntu:46851
[rosmaster.master][INFO] 2017-09-22 14:49:43,840: -SERVICE [/camera/image_raw/compressed/set_parameters] /camera rosrpc://ubuntu:46851
[rosmaster.master][INFO] 2017-09-22 14:49:43,845: -SERVICE [/camera/image_raw/theora/set_parameters] /camera rosrpc://ubuntu:46851
[rosmaster.master][INFO] 2017-09-22 14:49:43,888: publisherUpdate[/rosout] -> http://ubuntu:40517/ ['http://ubuntu:44418/', 'http://ubuntu:40095/']
[rosmaster.master][INFO] 2017-09-22 14:49:43,889: publisherUpdate[/camera/image_raw] -> http://ubuntu:44418/ []
[rosmaster.master][INFO] 2017-09-22 14:49:43,890: publisherUpdate[/camera/image_raw] -> http://ubuntu:44418/ []: sec=0.00, exception=[Errno 111] Connection refused
[rosmaster.master][INFO] 2017-09-22 14:49:43,890: publisherUpdate[/rosout] -> http://ubuntu:40517/ ['http://ubuntu:44418/', 'http://ubuntu:40095/']: sec=0.00, result=[1, '', 0]
[rosmaster.master][INFO] 2017-09-22 14:49:43,901: -PUB [/rosout] /view http://ubuntu:40095/
[rosmaster.master][INFO] 2017-09-22 14:49:43,902: -PUB [/image/screenpoint] /view http://ubuntu:40095/
[rosmaster.master][INFO] 2017-09-22 14:49:43,903: -PUB [/image/screenpoint_array] /view http://ubuntu:40095/
[rosmaster.master][INFO] 2017-09-22 14:49:43,906: -PUB [/image/screenrectangle] /view http://ubuntu:40095/
[rosmaster.master][INFO] 2017-09-22 14:49:43,907: -PUB [/image/screenrectangle_image] /view http://ubuntu:40095/
[rosmaster.master][INFO] 2017-09-22 14:49:43,908: -PUB [/image/movepoint] /view http://ubuntu:40095/
[rosmaster.threadpool][ERROR] 2017-09-22 14:49:43,913: Traceback (most recent call last):
  File "/opt/ros/kinetic/lib/python2.7/dist-packages/rosmaster/threadpool.py", line 218, in run
    result = cmd(*args)
  File "/opt/ros/kinetic/lib/python2.7/dist-packages/rosmaster/master_api.py", line 210, in publisher_update_task
    ret = xmlrpcapi(api).publisherUpdate('/master', topic, pub_uris)
  File "/usr/lib/python2.7/xmlrpclib.py", line 1243, in __call__
    return self.__send(self.__name, args)
  File "/usr/lib/python2.7/xmlrpclib.py", line 1602, in __request
    verbose=self.__verbose
  File "/usr/lib/python2.7/xmlrpclib.py", line 1283, in request
    return self.single_request(host, handler, request_body, verbose)
  File "/usr/lib/python2.7/xmlrpclib.py", line 1311, in single_request
    self.send_content(h, request_body)
  File "/usr/lib/python2.7/xmlrpclib.py", line 1459, in send_content
    connection.endheaders(request_body)
  File "/usr/lib/python2.7/httplib.py", line 1053, in endheaders
    self._send_output(message_body)
  File "/usr/lib/python2.7/httplib.py", line 897, in _send_output
    self.send(msg)
  File "/usr/lib/python2.7/httplib.py", line 859, in send
    self.connect()
  File "/usr/lib/python2.7/httplib.py", line 836, in connect
    self.timeout, self.source_address)
  File "/usr/lib/python2.7/socket.py", line 575, in create_connection
    raise err
error: [Errno 111] Connection refused

[rosmaster.master][INFO] 2017-09-22 14:49:43,913: publisherUpdate[/rosout] -> http://ubuntu:40517/ ['http://ubuntu:44418/']
[rosmaster.master][INFO] 2017-09-22 14:49:43,913: publisherUpdate[/rosout] -> http://ubuntu:40517/ ['http://ubuntu:44418/']: sec=0.00, result=[1, '', 0]
[rosmaster.master][INFO] 2017-09-22 14:49:43,914: -PUB [/image/foreground] /view http://ubuntu:40095/
[rosmaster.master][INFO] 2017-09-22 14:49:43,915: -PUB [/image/background] /view http://ubuntu:40095/
[rosmaster.master][INFO] 2017-09-22 14:49:43,917: -PUB [/image/foreground_rect] /view http://ubuntu:40095/
[rosmaster.master][INFO] 2017-09-22 14:49:43,918: -PUB [/image/background_rect] /view http://ubuntu:40095/
[rosmaster.master][INFO] 2017-09-22 14:49:43,919: -PUB [/image/line] /view http://ubuntu:40095/
[rosmaster.master][INFO] 2017-09-22 14:49:43,920: -PUB [/image/poly] /view http://ubuntu:40095/
[rosmaster.master][INFO] 2017-09-22 14:49:43,922: -PUB [/image_marked/compressedDepth] /view http://ubuntu:40095/
[rosmaster.master][INFO] 2017-09-22 14:49:43,922: -PUB [/image_marked/compressedDepth/parameter_descriptions] /view http://ubuntu:40095/
[rosmaster.master][INFO] 2017-09-22 14:49:43,923: -PUB [/image_marked/compressedDepth/parameter_updates] /view http://ubuntu:40095/
[rosmaster.master][INFO] 2017-09-22 14:49:43,925: -PUB [/image_marked/compressed] /view http://ubuntu:40095/
[rosmaster.master][INFO] 2017-09-22 14:49:43,926: -PUB [/image_marked/compressed/parameter_descriptions] /view http://ubuntu:40095/
[rosmaster.master][INFO] 2017-09-22 14:49:43,927: -PUB [/image_marked/compressed/parameter_updates] /view http://ubuntu:40095/
[rosmaster.master][INFO] 2017-09-22 14:49:43,928: -PUB [/image_marked] /view http://ubuntu:40095/
[rosmaster.master][INFO] 2017-09-22 14:49:43,929: -PUB [/image_marked/theora] /view http://ubuntu:40095/
[rosmaster.master][INFO] 2017-09-22 14:49:43,930: -PUB [/image_marked/theora/parameter_descriptions] /view http://ubuntu:40095/
[rosmaster.master][INFO] 2017-09-22 14:49:43,931: -PUB [/image_marked/theora/parameter_updates] /view http://ubuntu:40095/
[rosmaster.master][INFO] 2017-09-22 14:49:43,933: -PUB [/image/marked/compressedDepth] /view http://ubuntu:40095/
[rosmaster.master][INFO] 2017-09-22 14:49:43,934: -PUB [/image/marked/compressedDepth/parameter_descriptions] /view http://ubuntu:40095/
[rosmaster.master][INFO] 2017-09-22 14:49:43,934: -PUB [/image/marked/compressedDepth/parameter_updates] /view http://ubuntu:40095/
[rosmaster.master][INFO] 2017-09-22 14:49:43,937: -PUB [/image/marked/compressed] /view http://ubuntu:40095/
[rosmaster.master][INFO] 2017-09-22 14:49:43,938: -PUB [/image/marked/compressed/parameter_descriptions] /view http://ubuntu:40095/
[rosmaster.master][INFO] 2017-09-22 14:49:43,939: -PUB [/image/marked/compressed/parameter_updates] /view http://ubuntu:40095/
[rosmaster.master][INFO] 2017-09-22 14:49:43,939: -PUB [/image/marked] /view http://ubuntu:40095/
[rosmaster.master][INFO] 2017-09-22 14:49:43,942: -PUB [/image/marked/theora] /view http://ubuntu:40095/
[rosmaster.master][INFO] 2017-09-22 14:49:43,943: -PUB [/image/marked/theora/parameter_descriptions] /view http://ubuntu:40095/
[rosmaster.master][INFO] 2017-09-22 14:49:43,943: -PUB [/image/marked/theora/parameter_updates] /view http://ubuntu:40095/
[rosmaster.master][INFO] 2017-09-22 14:49:43,944: -PUB [/view/parameter_descriptions] /view http://ubuntu:40095/
[rosmaster.master][INFO] 2017-09-22 14:49:43,945: -PUB [/view/parameter_updates] /view http://ubuntu:40095/
[rosmaster.master][INFO] 2017-09-22 14:49:43,948: -SUB [/tf] /view http://ubuntu:40095/
[rosmaster.master][INFO] 2017-09-22 14:49:43,949: -SUB [/tf_static] /view http://ubuntu:40095/
[rosmaster.master][INFO] 2017-09-22 14:49:43,949: -SUB [/image] /view http://ubuntu:40095/
[rosmaster.master][INFO] 2017-09-22 14:49:43,950: -SUB [/camera_info] /view http://ubuntu:40095/
[rosmaster.master][INFO] 2017-09-22 14:49:43,951: -SUB [/image_marker] /view http://ubuntu:40095/
[rosmaster.master][INFO] 2017-09-22 14:49:43,953: -SUB [/image/event] /view http://ubuntu:40095/
[rosmaster.master][INFO] 2017-09-22 14:49:43,954: -SERVICE [/view/get_loggers] /view rosrpc://ubuntu:39154
[rosmaster.master][INFO] 2017-09-22 14:49:43,955: -SERVICE [/view/set_logger_level] /view rosrpc://ubuntu:39154
[rosmaster.master][INFO] 2017-09-22 14:49:43,957: -SERVICE [/image_marked/compressedDepth/set_parameters] /view rosrpc://ubuntu:39154
[rosmaster.master][INFO] 2017-09-22 14:49:43,960: -SERVICE [/image_marked/compressed/set_parameters] /view rosrpc://ubuntu:39154
[rosmaster.master][INFO] 2017-09-22 14:49:43,961: -SERVICE [/image_marked/theora/set_parameters] /view rosrpc://ubuntu:39154
[rosmaster.master][INFO] 2017-09-22 14:49:43,962: -SERVICE [/image/marked/compressedDepth/set_parameters] /view rosrpc://ubuntu:39154
[rosmaster.master][INFO] 2017-09-22 14:49:43,963: -SERVICE [/image/marked/compressed/set_parameters] /view rosrpc://ubuntu:39154
[rosmaster.master][INFO] 2017-09-22 14:49:43,964: -SERVICE [/image/marked/theora/set_parameters] /view rosrpc://ubuntu:39154
[rosmaster.master][INFO] 2017-09-22 14:49:43,965: -SERVICE [/view/change_mode] /view rosrpc://ubuntu:39154
[rosmaster.master][INFO] 2017-09-22 14:49:43,966: -SERVICE [/view/rectangle_mode] /view rosrpc://ubuntu:39154
[rosmaster.master][INFO] 2017-09-22 14:49:43,967: -SERVICE [/view/grabcut_mode] /view rosrpc://ubuntu:39154
[rosmaster.master][INFO] 2017-09-22 14:49:43,969: -SERVICE [/view/grabcut_rect_mode] /view rosrpc://ubuntu:39154
[rosmaster.master][INFO] 2017-09-22 14:49:43,971: -SERVICE [/view/line_mode] /view rosrpc://ubuntu:39154
[rosmaster.master][INFO] 2017-09-22 14:49:43,974: -SERVICE [/view/poly_mode] /view rosrpc://ubuntu:39154
[rosmaster.master][INFO] 2017-09-22 14:49:43,979: -SERVICE [/view/none_mode] /view rosrpc://ubuntu:39154
[rosmaster.master][INFO] 2017-09-22 14:49:43,982: -SERVICE [/view/set_parameters] /view rosrpc://ubuntu:39154
[rosmaster.master][INFO] 2017-09-22 14:49:44,316: -PUB [/rosout_agg] /rosout http://ubuntu:40517/
[rosmaster.master][INFO] 2017-09-22 14:49:44,317: -SUB [/rosout] /rosout http://ubuntu:40517/
[rosmaster.master][INFO] 2017-09-22 14:49:44,318: -SERVICE [/rosout/get_loggers] /rosout rosrpc://ubuntu:32784
[rosmaster.master][INFO] 2017-09-22 14:49:44,319: -SERVICE [/rosout/set_logger_level] /rosout rosrpc://ubuntu:32784
[rosmaster.main][INFO] 2017-09-22 14:49:44,332: keyboard interrupt, will exit
[rosmaster.main][INFO] 2017-09-22 14:49:44,332: stopping master...
[rospy.core][INFO] 2017-09-22 14:49:44,332: signal_shutdown [atexit]
