[rosmaster.main][INFO] 2017-09-13 16:40:15,038: initialization complete, waiting for shutdown
[rosmaster.main][INFO] 2017-09-13 16:40:15,038: Starting ROS Master Node
[xmlrpc][INFO] 2017-09-13 16:40:15,039: XML-RPC server binding to 0.0.0.0:11311
[xmlrpc][INFO] 2017-09-13 16:40:15,039: Started XML-RPC server [http://ubuntu:11311/]
[xmlrpc][INFO] 2017-09-13 16:40:15,039: xml rpc node: starting XML-RPC server
[rosmaster.master][INFO] 2017-09-13 16:40:15,042: Master initialized: port[11311], uri[http://ubuntu:11311/]
[rosmaster.master][INFO] 2017-09-13 16:40:15,069: +PARAM [/run_id] by /roslaunch
[rosmaster.master][INFO] 2017-09-13 16:40:15,071: +PARAM [/roslaunch/uris/host_ubuntu__34882] by /roslaunch
[rosmaster.master][INFO] 2017-09-13 16:40:15,210: +PARAM [/rosversion] by /roslaunch
[rosmaster.master][INFO] 2017-09-13 16:40:15,211: +PARAM [/rosdistro] by /roslaunch
[rosmaster.master][INFO] 2017-09-13 16:40:15,384: +SERVICE [/rosout/get_loggers] /rosout http://ubuntu:42349/
[rosmaster.master][INFO] 2017-09-13 16:40:15,386: +SERVICE [/rosout/set_logger_level] /rosout http://ubuntu:42349/
[rosmaster.master][INFO] 2017-09-13 16:40:15,392: +PUB [/rosout_agg] /rosout http://ubuntu:42349/
[rosmaster.master][INFO] 2017-09-13 16:40:15,420: +SUB [/rosout] /rosout http://ubuntu:42349/
[rosmaster.master][INFO] 2017-09-13 16:40:15,491: +PUB [/rosout] /image_converter http://ubuntu:43577/
[rosmaster.master][INFO] 2017-09-13 16:40:15,497: +SERVICE [/image_converter/get_loggers] /image_converter http://ubuntu:43577/
[rosmaster.master][INFO] 2017-09-13 16:40:15,499: +SERVICE [/image_converter/set_logger_level] /image_converter http://ubuntu:43577/
[rosmaster.master][INFO] 2017-09-13 16:40:15,540: publisherUpdate[/rosout] -> http://ubuntu:42349/ ['http://ubuntu:43577/']
[rosmaster.master][INFO] 2017-09-13 16:40:15,541: publisherUpdate[/rosout] -> http://ubuntu:42349/ ['http://ubuntu:43577/']: sec=0.00, result=[1, '', 0]
[rosmaster.master][INFO] 2017-09-13 16:40:15,657: +PUB [/rosout] /view http://ubuntu:37941/
[rosmaster.master][INFO] 2017-09-13 16:40:15,658: +SERVICE [/view/get_loggers] /view http://ubuntu:37941/
[rosmaster.master][INFO] 2017-09-13 16:40:15,660: +SERVICE [/view/set_logger_level] /view http://ubuntu:37941/
[rosmaster.master][INFO] 2017-09-13 16:40:15,683: +SUB [/tf] /view http://ubuntu:37941/
[rosmaster.master][INFO] 2017-09-13 16:40:15,709: +SUB [/tf_static] /view http://ubuntu:37941/
[rosmaster.master][INFO] 2017-09-13 16:40:15,719: +PUB [/rosout] /camera http://ubuntu:43221/
[rosmaster.master][INFO] 2017-09-13 16:40:15,727: +SERVICE [/camera/get_loggers] /camera http://ubuntu:43221/
[rosmaster.master][INFO] 2017-09-13 16:40:15,731: +SERVICE [/camera/set_logger_level] /camera http://ubuntu:43221/
[rosmaster.master][INFO] 2017-09-13 16:40:15,741: publisherUpdate[/rosout] -> http://ubuntu:42349/ ['http://ubuntu:43577/', 'http://ubuntu:37941/']
[rosmaster.master][INFO] 2017-09-13 16:40:15,744: publisherUpdate[/rosout] -> http://ubuntu:42349/ ['http://ubuntu:43577/', 'http://ubuntu:37941/']: sec=0.00, result=[1, '', 0]
[rosmaster.master][INFO] 2017-09-13 16:40:15,744: publisherUpdate[/rosout] -> http://ubuntu:42349/ ['http://ubuntu:43577/', 'http://ubuntu:37941/', 'http://ubuntu:43221/']
[rosmaster.master][INFO] 2017-09-13 16:40:15,752: publisherUpdate[/rosout] -> http://ubuntu:42349/ ['http://ubuntu:43577/', 'http://ubuntu:37941/', 'http://ubuntu:43221/']: sec=0.01, result=[1, '', 0]
[rosmaster.master][INFO] 2017-09-13 16:40:15,811: +PUB [/image/screenpoint] /view http://ubuntu:37941/
[rosmaster.master][INFO] 2017-09-13 16:40:15,814: +PUB [/image/screenpoint_array] /view http://ubuntu:37941/
[rosmaster.master][INFO] 2017-09-13 16:40:15,815: +PUB [/image/screenrectangle] /view http://ubuntu:37941/
[rosmaster.master][INFO] 2017-09-13 16:40:15,815: +PUB [/image/screenrectangle_image] /view http://ubuntu:37941/
[rosmaster.master][INFO] 2017-09-13 16:40:15,816: +PUB [/image/movepoint] /view http://ubuntu:37941/
[rosmaster.master][INFO] 2017-09-13 16:40:15,817: +PUB [/image/foreground] /view http://ubuntu:37941/
[rosmaster.master][INFO] 2017-09-13 16:40:15,817: +PUB [/image/background] /view http://ubuntu:37941/
[rosmaster.master][INFO] 2017-09-13 16:40:15,818: +PUB [/image/foreground_rect] /view http://ubuntu:37941/
[rosmaster.master][INFO] 2017-09-13 16:40:15,820: +PUB [/image/background_rect] /view http://ubuntu:37941/
[rosmaster.master][INFO] 2017-09-13 16:40:15,826: +PUB [/image/line] /view http://ubuntu:37941/
[rosmaster.master][INFO] 2017-09-13 16:40:15,830: +PUB [/image/poly] /view http://ubuntu:37941/
[rosmaster.master][INFO] 2017-09-13 16:40:15,838: +SERVICE [/camera/set_camera_info] /camera http://ubuntu:43221/
[rosmaster.master][INFO] 2017-09-13 16:40:15,906: +SUB [/camera/image_raw] /image_converter http://ubuntu:43577/
[rosmaster.master][INFO] 2017-09-13 16:40:15,976: +PUB [/image_marked/compressedDepth] /view http://ubuntu:37941/
[rosmaster.master][INFO] 2017-09-13 16:40:15,977: +SERVICE [/image_marked/compressedDepth/set_parameters] /view http://ubuntu:37941/
[rosmaster.master][INFO] 2017-09-13 16:40:15,978: +PUB [/image_marked/compressedDepth/parameter_descriptions] /view http://ubuntu:37941/
[rosmaster.master][INFO] 2017-09-13 16:40:15,979: +PUB [/image_marked/compressedDepth/parameter_updates] /view http://ubuntu:37941/
[rosmaster.master][INFO] 2017-09-13 16:40:15,990: +PARAM [/image_marked/compressedDepth/depth_max] by /view
[rosmaster.master][INFO] 2017-09-13 16:40:15,997: +PARAM [/image_marked/compressedDepth/depth_quantization] by /view
[rosmaster.master][INFO] 2017-09-13 16:40:15,998: +PARAM [/image_marked/compressedDepth/png_level] by /view
[rosmaster.master][INFO] 2017-09-13 16:40:15,999: +PARAM [/image_marked/compressedDepth/depth_max] by /view
[rosmaster.master][INFO] 2017-09-13 16:40:16,001: +PARAM [/image_marked/compressedDepth/depth_quantization] by /view
[rosmaster.master][INFO] 2017-09-13 16:40:16,002: +PARAM [/image_marked/compressedDepth/png_level] by /view
[rosmaster.master][INFO] 2017-09-13 16:40:16,011: +PUB [/image/compressedDepth] /image_converter http://ubuntu:43577/
[rosmaster.master][INFO] 2017-09-13 16:40:16,013: +SERVICE [/image/compressedDepth/set_parameters] /image_converter http://ubuntu:43577/
[rosmaster.master][INFO] 2017-09-13 16:40:16,014: +PUB [/image/compressedDepth/parameter_descriptions] /image_converter http://ubuntu:43577/
[rosmaster.master][INFO] 2017-09-13 16:40:16,019: +PUB [/image/compressedDepth/parameter_updates] /image_converter http://ubuntu:43577/
[rosmaster.master][INFO] 2017-09-13 16:40:16,024: +PARAM [/image/compressedDepth/depth_max] by /image_converter
[rosmaster.master][INFO] 2017-09-13 16:40:16,028: +PARAM [/image/compressedDepth/depth_quantization] by /image_converter
[rosmaster.master][INFO] 2017-09-13 16:40:16,028: +PARAM [/image/compressedDepth/png_level] by /image_converter
[rosmaster.master][INFO] 2017-09-13 16:40:16,029: +PARAM [/image/compressedDepth/depth_max] by /image_converter
[rosmaster.master][INFO] 2017-09-13 16:40:16,034: +PARAM [/image/compressedDepth/depth_quantization] by /image_converter
[rosmaster.master][INFO] 2017-09-13 16:40:16,038: +PARAM [/image/compressedDepth/png_level] by /image_converter
[rosmaster.master][INFO] 2017-09-13 16:40:16,110: +PUB [/image_marked/compressed] /view http://ubuntu:37941/
[rosmaster.master][INFO] 2017-09-13 16:40:16,111: +SERVICE [/image_marked/compressed/set_parameters] /view http://ubuntu:37941/
[rosmaster.master][INFO] 2017-09-13 16:40:16,112: +PUB [/image_marked/compressed/parameter_descriptions] /view http://ubuntu:37941/
[rosmaster.master][INFO] 2017-09-13 16:40:16,115: +PUB [/image_marked/compressed/parameter_updates] /view http://ubuntu:37941/
[rosmaster.master][INFO] 2017-09-13 16:40:16,121: +PARAM [/image_marked/compressed/format] by /view
[rosmaster.master][INFO] 2017-09-13 16:40:16,122: +PARAM [/image_marked/compressed/jpeg_quality] by /view
[rosmaster.master][INFO] 2017-09-13 16:40:16,130: +PARAM [/image_marked/compressed/png_level] by /view
[rosmaster.master][INFO] 2017-09-13 16:40:16,131: +PARAM [/image_marked/compressed/format] by /view
[rosmaster.master][INFO] 2017-09-13 16:40:16,133: +PARAM [/image_marked/compressed/jpeg_quality] by /view
[rosmaster.master][INFO] 2017-09-13 16:40:16,138: +PARAM [/image_marked/compressed/png_level] by /view
[rosmaster.master][INFO] 2017-09-13 16:40:16,150: +PUB [/image/compressed] /image_converter http://ubuntu:43577/
[rosmaster.master][INFO] 2017-09-13 16:40:16,151: +SERVICE [/image/compressed/set_parameters] /image_converter http://ubuntu:43577/
[rosmaster.master][INFO] 2017-09-13 16:40:16,152: +PUB [/image/compressed/parameter_descriptions] /image_converter http://ubuntu:43577/
[rosmaster.master][INFO] 2017-09-13 16:40:16,154: +PUB [/image/compressed/parameter_updates] /image_converter http://ubuntu:43577/
[rosmaster.master][INFO] 2017-09-13 16:40:16,167: +PARAM [/image/compressed/format] by /image_converter
[rosmaster.master][INFO] 2017-09-13 16:40:16,168: +PARAM [/image/compressed/jpeg_quality] by /image_converter
[rosmaster.master][INFO] 2017-09-13 16:40:16,168: +PARAM [/image/compressed/png_level] by /image_converter
[rosmaster.master][INFO] 2017-09-13 16:40:16,170: +PARAM [/image/compressed/format] by /image_converter
[rosmaster.master][INFO] 2017-09-13 16:40:16,171: +PARAM [/image/compressed/jpeg_quality] by /image_converter
[rosmaster.master][INFO] 2017-09-13 16:40:16,182: +PARAM [/image/compressed/png_level] by /image_converter
[rosmaster.master][INFO] 2017-09-13 16:40:16,218: +PUB [/camera/image_raw/compressedDepth] /camera http://ubuntu:43221/
[rosmaster.master][INFO] 2017-09-13 16:40:16,219: +SERVICE [/camera/image_raw/compressedDepth/set_parameters] /camera http://ubuntu:43221/
[rosmaster.master][INFO] 2017-09-13 16:40:16,220: +PUB [/camera/image_raw/compressedDepth/parameter_descriptions] /camera http://ubuntu:43221/
[rosmaster.master][INFO] 2017-09-13 16:40:16,221: +PUB [/camera/image_raw/compressedDepth/parameter_updates] /camera http://ubuntu:43221/
[rosmaster.master][INFO] 2017-09-13 16:40:16,223: +PARAM [/camera/image_raw/compressedDepth/depth_max] by /camera
[rosmaster.master][INFO] 2017-09-13 16:40:16,224: +PARAM [/camera/image_raw/compressedDepth/depth_quantization] by /camera
[rosmaster.master][INFO] 2017-09-13 16:40:16,224: +PARAM [/camera/image_raw/compressedDepth/png_level] by /camera
[rosmaster.master][INFO] 2017-09-13 16:40:16,226: +PARAM [/camera/image_raw/compressedDepth/depth_max] by /camera
[rosmaster.master][INFO] 2017-09-13 16:40:16,232: +PARAM [/camera/image_raw/compressedDepth/depth_quantization] by /camera
[rosmaster.master][INFO] 2017-09-13 16:40:16,235: +PARAM [/camera/image_raw/compressedDepth/png_level] by /camera
[rosmaster.master][INFO] 2017-09-13 16:40:16,258: +PUB [/image_marked] /view http://ubuntu:37941/
[rosmaster.master][INFO] 2017-09-13 16:40:16,284: +PUB [/image] /image_converter http://ubuntu:43577/
[rosmaster.master][INFO] 2017-09-13 16:40:16,342: +PUB [/camera/image_raw/compressed] /camera http://ubuntu:43221/
[rosmaster.master][INFO] 2017-09-13 16:40:16,343: +SERVICE [/camera/image_raw/compressed/set_parameters] /camera http://ubuntu:43221/
[rosmaster.master][INFO] 2017-09-13 16:40:16,344: +PUB [/camera/image_raw/compressed/parameter_descriptions] /camera http://ubuntu:43221/
[rosmaster.master][INFO] 2017-09-13 16:40:16,345: +PUB [/camera/image_raw/compressed/parameter_updates] /camera http://ubuntu:43221/
[rosmaster.master][INFO] 2017-09-13 16:40:16,349: +PARAM [/camera/image_raw/compressed/format] by /camera
[rosmaster.master][INFO] 2017-09-13 16:40:16,354: +PARAM [/camera/image_raw/compressed/jpeg_quality] by /camera
[rosmaster.master][INFO] 2017-09-13 16:40:16,357: +PARAM [/camera/image_raw/compressed/png_level] by /camera
[rosmaster.master][INFO] 2017-09-13 16:40:16,360: +PARAM [/camera/image_raw/compressed/format] by /camera
[rosmaster.master][INFO] 2017-09-13 16:40:16,363: +PARAM [/camera/image_raw/compressed/jpeg_quality] by /camera
[rosmaster.master][INFO] 2017-09-13 16:40:16,367: +PARAM [/camera/image_raw/compressed/png_level] by /camera
[rosmaster.master][INFO] 2017-09-13 16:40:16,382: +PUB [/image_marked/theora] /view http://ubuntu:37941/
[rosmaster.master][INFO] 2017-09-13 16:40:16,383: +SERVICE [/image_marked/theora/set_parameters] /view http://ubuntu:37941/
[rosmaster.master][INFO] 2017-09-13 16:40:16,384: +PUB [/image_marked/theora/parameter_descriptions] /view http://ubuntu:37941/
[rosmaster.master][INFO] 2017-09-13 16:40:16,384: +PUB [/image_marked/theora/parameter_updates] /view http://ubuntu:37941/
[rosmaster.master][INFO] 2017-09-13 16:40:16,399: +PARAM [/image_marked/theora/optimize_for] by /view
[rosmaster.master][INFO] 2017-09-13 16:40:16,400: +PARAM [/image_marked/theora/target_bitrate] by /view
[rosmaster.master][INFO] 2017-09-13 16:40:16,401: +PUB [/image/theora] /image_converter http://ubuntu:43577/
[rosmaster.master][INFO] 2017-09-13 16:40:16,402: +PARAM [/image_marked/theora/quality] by /view
[rosmaster.master][INFO] 2017-09-13 16:40:16,405: +SERVICE [/image/theora/set_parameters] /image_converter http://ubuntu:43577/
[rosmaster.master][INFO] 2017-09-13 16:40:16,407: +PARAM [/image_marked/theora/keyframe_frequency] by /view
[rosmaster.master][INFO] 2017-09-13 16:40:16,412: +PUB [/image/theora/parameter_descriptions] /image_converter http://ubuntu:43577/
[rosmaster.master][INFO] 2017-09-13 16:40:16,414: +PARAM [/image_marked/theora/optimize_for] by /view
[rosmaster.master][INFO] 2017-09-13 16:40:16,415: +PUB [/image/theora/parameter_updates] /image_converter http://ubuntu:43577/
[rosmaster.master][INFO] 2017-09-13 16:40:16,419: +PARAM [/image_marked/theora/target_bitrate] by /view
[rosmaster.master][INFO] 2017-09-13 16:40:16,423: +PARAM [/image_marked/theora/quality] by /view
[rosmaster.master][INFO] 2017-09-13 16:40:16,427: +PARAM [/image_marked/theora/keyframe_frequency] by /view
[rosmaster.master][INFO] 2017-09-13 16:40:16,436: +PARAM [/image/theora/optimize_for] by /image_converter
[rosmaster.master][INFO] 2017-09-13 16:40:16,439: +PARAM [/image/theora/target_bitrate] by /image_converter
[rosmaster.master][INFO] 2017-09-13 16:40:16,447: +PARAM [/image/theora/quality] by /image_converter
[rosmaster.master][INFO] 2017-09-13 16:40:16,448: +PARAM [/image/theora/keyframe_frequency] by /image_converter
[rosmaster.master][INFO] 2017-09-13 16:40:16,449: +PARAM [/image/theora/optimize_for] by /image_converter
[rosmaster.master][INFO] 2017-09-13 16:40:16,451: +PARAM [/image/theora/target_bitrate] by /image_converter
[rosmaster.master][INFO] 2017-09-13 16:40:16,452: +PARAM [/image/theora/quality] by /image_converter
[rosmaster.master][INFO] 2017-09-13 16:40:16,458: +PARAM [/image/theora/keyframe_frequency] by /image_converter
[rosmaster.master][INFO] 2017-09-13 16:40:16,471: +PUB [/camera/image_raw] /camera http://ubuntu:43221/
[rosmaster.master][INFO] 2017-09-13 16:40:16,511: +PUB [/image/marked/compressedDepth] /view http://ubuntu:37941/
[rosmaster.master][INFO] 2017-09-13 16:40:16,511: +SERVICE [/image/marked/compressedDepth/set_parameters] /view http://ubuntu:37941/
[rosmaster.master][INFO] 2017-09-13 16:40:16,512: +PUB [/image/marked/compressedDepth/parameter_descriptions] /view http://ubuntu:37941/
[rosmaster.master][INFO] 2017-09-13 16:40:16,513: +PUB [/image/marked/compressedDepth/parameter_updates] /view http://ubuntu:37941/
[rosmaster.master][INFO] 2017-09-13 16:40:16,515: +PARAM [/image/marked/compressedDepth/depth_max] by /view
[rosmaster.master][INFO] 2017-09-13 16:40:16,521: +PARAM [/image/marked/compressedDepth/depth_quantization] by /view
[rosmaster.master][INFO] 2017-09-13 16:40:16,522: +PARAM [/image/marked/compressedDepth/png_level] by /view
[rosmaster.master][INFO] 2017-09-13 16:40:16,523: +PARAM [/image/marked/compressedDepth/depth_max] by /view
[rosmaster.master][INFO] 2017-09-13 16:40:16,523: +PARAM [/image/marked/compressedDepth/depth_quantization] by /view
[rosmaster.master][INFO] 2017-09-13 16:40:16,526: +PARAM [/image/marked/compressedDepth/png_level] by /view
[rosmaster.master][INFO] 2017-09-13 16:40:16,547: publisherUpdate[/camera/image_raw] -> http://ubuntu:43577/ ['http://ubuntu:43221/']
[rosmaster.master][INFO] 2017-09-13 16:40:16,548: publisherUpdate[/camera/image_raw] -> http://ubuntu:43577/ ['http://ubuntu:43221/']: sec=0.00, result=[1, '', 0]
[rosmaster.master][INFO] 2017-09-13 16:40:16,583: +PUB [/camera/image_raw/theora] /camera http://ubuntu:43221/
[rosmaster.master][INFO] 2017-09-13 16:40:16,588: +SERVICE [/camera/image_raw/theora/set_parameters] /camera http://ubuntu:43221/
[rosmaster.master][INFO] 2017-09-13 16:40:16,589: +PUB [/camera/image_raw/theora/parameter_descriptions] /camera http://ubuntu:43221/
[rosmaster.master][INFO] 2017-09-13 16:40:16,592: +PUB [/camera/image_raw/theora/parameter_updates] /camera http://ubuntu:43221/
[rosmaster.master][INFO] 2017-09-13 16:40:16,612: +PARAM [/camera/image_raw/theora/optimize_for] by /camera
[rosmaster.master][INFO] 2017-09-13 16:40:16,620: +PARAM [/camera/image_raw/theora/target_bitrate] by /camera
[rosmaster.master][INFO] 2017-09-13 16:40:16,623: +PARAM [/camera/image_raw/theora/quality] by /camera
[rosmaster.master][INFO] 2017-09-13 16:40:16,625: +PARAM [/camera/image_raw/theora/keyframe_frequency] by /camera
[rosmaster.master][INFO] 2017-09-13 16:40:16,629: +PARAM [/camera/image_raw/theora/optimize_for] by /camera
[rosmaster.master][INFO] 2017-09-13 16:40:16,634: +PARAM [/camera/image_raw/theora/target_bitrate] by /camera
[rosmaster.master][INFO] 2017-09-13 16:40:16,637: +PARAM [/camera/image_raw/theora/quality] by /camera
[rosmaster.master][INFO] 2017-09-13 16:40:16,638: +PARAM [/camera/image_raw/theora/keyframe_frequency] by /camera
[rosmaster.master][INFO] 2017-09-13 16:40:16,644: +PUB [/image/marked/compressed] /view http://ubuntu:37941/
[rosmaster.master][INFO] 2017-09-13 16:40:16,644: +PUB [/camera/camera_info] /camera http://ubuntu:43221/
[rosmaster.master][INFO] 2017-09-13 16:40:16,652: +SERVICE [/image/marked/compressed/set_parameters] /view http://ubuntu:37941/
[rosmaster.master][INFO] 2017-09-13 16:40:16,654: +PUB [/image/marked/compressed/parameter_descriptions] /view http://ubuntu:37941/
[rosmaster.master][INFO] 2017-09-13 16:40:16,659: +PUB [/image/marked/compressed/parameter_updates] /view http://ubuntu:37941/
[rosmaster.master][INFO] 2017-09-13 16:40:16,680: +PARAM [/image/marked/compressed/format] by /view
[rosmaster.master][INFO] 2017-09-13 16:40:16,687: +PARAM [/image/marked/compressed/jpeg_quality] by /view
[rosmaster.master][INFO] 2017-09-13 16:40:16,692: +PARAM [/image/marked/compressed/png_level] by /view
[rosmaster.master][INFO] 2017-09-13 16:40:16,696: +PARAM [/image/marked/compressed/format] by /view
[rosmaster.master][INFO] 2017-09-13 16:40:16,700: +PARAM [/image/marked/compressed/jpeg_quality] by /view
[rosmaster.master][INFO] 2017-09-13 16:40:16,705: +PARAM [/image/marked/compressed/png_level] by /view
[rosmaster.master][INFO] 2017-09-13 16:40:16,807: +PUB [/image/marked] /view http://ubuntu:37941/
[rosmaster.master][INFO] 2017-09-13 16:40:16,898: +PUB [/image/marked/theora] /view http://ubuntu:37941/
[rosmaster.master][INFO] 2017-09-13 16:40:16,900: +SERVICE [/image/marked/theora/set_parameters] /view http://ubuntu:37941/
[rosmaster.master][INFO] 2017-09-13 16:40:16,901: +PUB [/image/marked/theora/parameter_descriptions] /view http://ubuntu:37941/
[rosmaster.master][INFO] 2017-09-13 16:40:16,902: +PUB [/image/marked/theora/parameter_updates] /view http://ubuntu:37941/
[rosmaster.master][INFO] 2017-09-13 16:40:16,905: +PARAM [/image/marked/theora/optimize_for] by /view
[rosmaster.master][INFO] 2017-09-13 16:40:16,910: +PARAM [/image/marked/theora/target_bitrate] by /view
[rosmaster.master][INFO] 2017-09-13 16:40:16,913: +PARAM [/image/marked/theora/quality] by /view
[rosmaster.master][INFO] 2017-09-13 16:40:16,913: +PARAM [/image/marked/theora/keyframe_frequency] by /view
[rosmaster.master][INFO] 2017-09-13 16:40:16,915: +PARAM [/image/marked/theora/optimize_for] by /view
[rosmaster.master][INFO] 2017-09-13 16:40:16,920: +PARAM [/image/marked/theora/target_bitrate] by /view
[rosmaster.master][INFO] 2017-09-13 16:40:16,921: +PARAM [/image/marked/theora/quality] by /view
[rosmaster.master][INFO] 2017-09-13 16:40:16,926: +PARAM [/image/marked/theora/keyframe_frequency] by /view
[rosmaster.master][INFO] 2017-09-13 16:40:17,013: +SUB [/image] /view http://ubuntu:37941/
[rosmaster.master][INFO] 2017-09-13 16:40:17,023: +SUB [/camera_info] /view http://ubuntu:37941/
[rosmaster.master][INFO] 2017-09-13 16:40:17,036: +SUB [/image_marker] /view http://ubuntu:37941/
[rosmaster.master][INFO] 2017-09-13 16:40:17,050: +SUB [/image/event] /view http://ubuntu:37941/
[rosmaster.master][INFO] 2017-09-13 16:40:17,051: +SERVICE [/view/change_mode] /view http://ubuntu:37941/
[rosmaster.master][INFO] 2017-09-13 16:40:17,052: +SERVICE [/view/rectangle_mode] /view http://ubuntu:37941/
[rosmaster.master][INFO] 2017-09-13 16:40:17,055: +SERVICE [/view/grabcut_mode] /view http://ubuntu:37941/
[rosmaster.master][INFO] 2017-09-13 16:40:17,059: +SERVICE [/view/grabcut_rect_mode] /view http://ubuntu:37941/
[rosmaster.master][INFO] 2017-09-13 16:40:17,060: +SERVICE [/view/line_mode] /view http://ubuntu:37941/
[rosmaster.master][INFO] 2017-09-13 16:40:17,062: +SERVICE [/view/poly_mode] /view http://ubuntu:37941/
[rosmaster.master][INFO] 2017-09-13 16:40:17,065: +SERVICE [/view/none_mode] /view http://ubuntu:37941/
[rosmaster.master][INFO] 2017-09-13 16:40:17,069: +SERVICE [/view/set_parameters] /view http://ubuntu:37941/
[rosmaster.master][INFO] 2017-09-13 16:40:17,071: +PUB [/view/parameter_descriptions] /view http://ubuntu:37941/
[rosmaster.master][INFO] 2017-09-13 16:40:17,075: +PUB [/view/parameter_updates] /view http://ubuntu:37941/
[rosmaster.master][INFO] 2017-09-13 16:40:17,095: +PARAM [/view/grid] by /view
[rosmaster.master][INFO] 2017-09-13 16:40:17,097: +PARAM [/view/fisheye_mode] by /view
[rosmaster.master][INFO] 2017-09-13 16:40:17,099: +PARAM [/view/div_u] by /view
[rosmaster.master][INFO] 2017-09-13 16:40:17,103: +PARAM [/view/div_v] by /view
[rosmaster.master][INFO] 2017-09-13 16:40:17,104: +PARAM [/view/grid_red] by /view
[rosmaster.master][INFO] 2017-09-13 16:40:17,111: +PARAM [/view/grid_green] by /view
[rosmaster.master][INFO] 2017-09-13 16:40:17,115: +PARAM [/view/grid_blue] by /view
[rosmaster.master][INFO] 2017-09-13 16:40:17,117: +PARAM [/view/grid_thickness] by /view
[rosmaster.master][INFO] 2017-09-13 16:40:17,120: +PARAM [/view/grid_space] by /view
[rosmaster.master][INFO] 2017-09-13 16:40:17,123: +PARAM [/view/grid] by /view
[rosmaster.master][INFO] 2017-09-13 16:40:17,125: +PARAM [/view/fisheye_mode] by /view
[rosmaster.master][INFO] 2017-09-13 16:40:17,129: +PARAM [/view/div_u] by /view
[rosmaster.master][INFO] 2017-09-13 16:40:17,131: +PARAM [/view/div_v] by /view
[rosmaster.master][INFO] 2017-09-13 16:40:17,134: +PARAM [/view/grid_red] by /view
[rosmaster.master][INFO] 2017-09-13 16:40:17,139: +PARAM [/view/grid_green] by /view
[rosmaster.master][INFO] 2017-09-13 16:40:17,142: +PARAM [/view/grid_blue] by /view
[rosmaster.master][INFO] 2017-09-13 16:40:17,143: +PARAM [/view/grid_thickness] by /view
[rosmaster.master][INFO] 2017-09-13 16:40:17,143: +PARAM [/view/grid_space] by /view
[rosmaster.master][INFO] 2017-09-13 16:41:15,890: -PUB [/rosout] /image_converter http://ubuntu:43577/
[rosmaster.master][INFO] 2017-09-13 16:41:15,900: -PUB [/image/compressedDepth] /image_converter http://ubuntu:43577/
[rosmaster.master][INFO] 2017-09-13 16:41:15,900: -PUB [/image/compressedDepth/parameter_descriptions] /image_converter http://ubuntu:43577/
[rosmaster.master][INFO] 2017-09-13 16:41:15,902: publisherUpdate[/rosout] -> http://ubuntu:42349/ ['http://ubuntu:37941/', 'http://ubuntu:43221/']
[rosmaster.master][INFO] 2017-09-13 16:41:15,906: publisherUpdate[/rosout] -> http://ubuntu:42349/ ['http://ubuntu:37941/', 'http://ubuntu:43221/']: sec=0.00, result=[1, '', 0]
[rosmaster.master][INFO] 2017-09-13 16:41:15,913: -PUB [/image/compressedDepth/parameter_updates] /image_converter http://ubuntu:43577/
[rosmaster.master][INFO] 2017-09-13 16:41:15,916: -PUB [/image/compressed] /image_converter http://ubuntu:43577/
[rosmaster.master][INFO] 2017-09-13 16:41:15,921: -PUB [/image/compressed/parameter_descriptions] /image_converter http://ubuntu:43577/
[rosmaster.master][INFO] 2017-09-13 16:41:15,926: -PUB [/image/compressed/parameter_updates] /image_converter http://ubuntu:43577/
[rosmaster.master][INFO] 2017-09-13 16:41:15,932: -PUB [/image] /image_converter http://ubuntu:43577/
[rosmaster.master][INFO] 2017-09-13 16:41:15,934: -PUB [/image/theora] /image_converter http://ubuntu:43577/
[rosmaster.master][INFO] 2017-09-13 16:41:15,943: -PUB [/image/theora/parameter_descriptions] /image_converter http://ubuntu:43577/
[rosmaster.master][INFO] 2017-09-13 16:41:15,952: -PUB [/image/theora/parameter_updates] /image_converter http://ubuntu:43577/
[rosmaster.master][INFO] 2017-09-13 16:41:15,967: -SUB [/camera/image_raw] /image_converter http://ubuntu:43577/
[rosmaster.master][INFO] 2017-09-13 16:41:15,975: -PUB [/rosout] /camera http://ubuntu:43221/
[rosmaster.master][INFO] 2017-09-13 16:41:15,976: -PUB [/camera/image_raw/compressedDepth] /camera http://ubuntu:43221/
[rosmaster.master][INFO] 2017-09-13 16:41:15,982: -PUB [/rosout] /view http://ubuntu:37941/
[rosmaster.master][INFO] 2017-09-13 16:41:15,983: -PUB [/camera/image_raw/compressedDepth/parameter_descriptions] /camera http://ubuntu:43221/
[rosmaster.master][INFO] 2017-09-13 16:41:15,989: -SERVICE [/image_converter/get_loggers] /image_converter rosrpc://ubuntu:54730
[rosmaster.master][INFO] 2017-09-13 16:41:15,993: -PUB [/camera/image_raw/compressedDepth/parameter_updates] /camera http://ubuntu:43221/
[rosmaster.master][INFO] 2017-09-13 16:41:16,011: publisherUpdate[/image] -> http://ubuntu:37941/ []
[rosmaster.master][INFO] 2017-09-13 16:41:16,012: publisherUpdate[/rosout] -> http://ubuntu:42349/ ['http://ubuntu:37941/']
[rosmaster.master][INFO] 2017-09-13 16:41:16,012: publisherUpdate[/rosout] -> http://ubuntu:42349/ ['http://ubuntu:37941/']: sec=0.00, result=[1, '', 0]
[rosmaster.master][INFO] 2017-09-13 16:41:16,013: publisherUpdate[/rosout] -> http://ubuntu:42349/ []
[rosmaster.master][INFO] 2017-09-13 16:41:16,013: publisherUpdate[/rosout] -> http://ubuntu:42349/ []: sec=0.00, result=[1, '', 0]
[rosmaster.master][INFO] 2017-09-13 16:41:16,015: -SERVICE [/image_converter/set_logger_level] /image_converter rosrpc://ubuntu:54730
[rosmaster.master][INFO] 2017-09-13 16:41:16,015: -PUB [/image/screenpoint] /view http://ubuntu:37941/
[rosmaster.master][INFO] 2017-09-13 16:41:16,018: publisherUpdate[/image] -> http://ubuntu:37941/ []: sec=0.01, exception=<Fault -1: 'publisherUpdate: unknown method name'>
[rosmaster.master][INFO] 2017-09-13 16:41:16,030: -PUB [/camera/image_raw/compressed] /camera http://ubuntu:43221/
[rosmaster.threadpool][ERROR] 2017-09-13 16:41:16,037: Traceback (most recent call last):
  File "/opt/ros/kinetic/lib/python2.7/dist-packages/rosmaster/threadpool.py", line 218, in run
    result = cmd(*args)
  File "/opt/ros/kinetic/lib/python2.7/dist-packages/rosmaster/master_api.py", line 210, in publisher_update_task
    ret = xmlrpcapi(api).publisherUpdate('/master', topic, pub_uris)
  File "/usr/lib/python2.7/xmlrpclib.py", line 1243, in __call__
    return self.__send(self.__name, args)
  File "/usr/lib/python2.7/xmlrpclib.py", line 1602, in __request
    verbose=self.__verbose
  File "/usr/lib/python2.7/xmlrpclib.py", line 1283, in request
    return self.single_request(host, handler, request_body, verbose)
  File "/usr/lib/python2.7/xmlrpclib.py", line 1316, in single_request
    return self.parse_response(response)
  File "/usr/lib/python2.7/xmlrpclib.py", line 1493, in parse_response
    return u.close()
  File "/usr/lib/python2.7/xmlrpclib.py", line 800, in close
    raise Fault(**self._stack[0])
Fault: <Fault -1: 'publisherUpdate: unknown method name'>

[rosmaster.master][INFO] 2017-09-13 16:41:16,042: -SERVICE [/image/compressedDepth/set_parameters] /image_converter rosrpc://ubuntu:54730
[rosmaster.master][INFO] 2017-09-13 16:41:16,046: -PUB [/image/screenpoint_array] /view http://ubuntu:37941/
[rosmaster.master][INFO] 2017-09-13 16:41:16,046: -PUB [/camera/image_raw/compressed/parameter_descriptions] /camera http://ubuntu:43221/
[rosmaster.master][INFO] 2017-09-13 16:41:16,047: -SERVICE [/image/compressed/set_parameters] /image_converter rosrpc://ubuntu:54730
[rosmaster.master][INFO] 2017-09-13 16:41:16,048: -PUB [/camera/image_raw/compressed/parameter_updates] /camera http://ubuntu:43221/
[rosmaster.master][INFO] 2017-09-13 16:41:16,050: -PUB [/image/screenrectangle] /view http://ubuntu:37941/
[rosmaster.master][INFO] 2017-09-13 16:41:16,054: -PUB [/camera/image_raw] /camera http://ubuntu:43221/
[rosmaster.master][INFO] 2017-09-13 16:41:16,055: -SERVICE [/image/theora/set_parameters] /image_converter rosrpc://ubuntu:54730
[rosmaster.master][INFO] 2017-09-13 16:41:16,056: -PUB [/camera/image_raw/theora] /camera http://ubuntu:43221/
[rosmaster.master][INFO] 2017-09-13 16:41:16,061: -PUB [/image/screenrectangle_image] /view http://ubuntu:37941/
[rosmaster.master][INFO] 2017-09-13 16:41:16,067: -PUB [/camera/image_raw/theora/parameter_descriptions] /camera http://ubuntu:43221/
[rosmaster.master][INFO] 2017-09-13 16:41:16,070: -PUB [/camera/image_raw/theora/parameter_updates] /camera http://ubuntu:43221/
[rosmaster.master][INFO] 2017-09-13 16:41:16,073: -PUB [/camera/camera_info] /camera http://ubuntu:43221/
[rosmaster.master][INFO] 2017-09-13 16:41:16,079: -PUB [/image/movepoint] /view http://ubuntu:37941/
[rosmaster.master][INFO] 2017-09-13 16:41:16,079: -SERVICE [/camera/get_loggers] /camera rosrpc://ubuntu:33436
[rosmaster.master][INFO] 2017-09-13 16:41:16,080: -SERVICE [/camera/set_logger_level] /camera rosrpc://ubuntu:33436
[rosmaster.master][INFO] 2017-09-13 16:41:16,084: -PUB [/image/foreground] /view http://ubuntu:37941/
[rosmaster.master][INFO] 2017-09-13 16:41:16,084: -SERVICE [/camera/set_camera_info] /camera rosrpc://ubuntu:33436
[rosmaster.master][INFO] 2017-09-13 16:41:16,088: -SERVICE [/camera/image_raw/compressedDepth/set_parameters] /camera rosrpc://ubuntu:33436
[rosmaster.master][INFO] 2017-09-13 16:41:16,092: -PUB [/image/background] /view http://ubuntu:37941/
[rosmaster.master][INFO] 2017-09-13 16:41:16,097: -SERVICE [/camera/image_raw/compressed/set_parameters] /camera rosrpc://ubuntu:33436
[rosmaster.master][INFO] 2017-09-13 16:41:16,100: -SERVICE [/camera/image_raw/theora/set_parameters] /camera rosrpc://ubuntu:33436
[rosmaster.master][INFO] 2017-09-13 16:41:16,102: -PUB [/image/foreground_rect] /view http://ubuntu:37941/
[rosmaster.master][INFO] 2017-09-13 16:41:16,112: -PUB [/image/background_rect] /view http://ubuntu:37941/
[rosmaster.master][INFO] 2017-09-13 16:41:16,120: -PUB [/image/line] /view http://ubuntu:37941/
[rosmaster.master][INFO] 2017-09-13 16:41:16,127: -PUB [/image/poly] /view http://ubuntu:37941/
[rosmaster.master][INFO] 2017-09-13 16:41:16,145: -PUB [/image_marked/compressedDepth] /view http://ubuntu:37941/
[rosmaster.master][INFO] 2017-09-13 16:41:16,149: -PUB [/image_marked/compressedDepth/parameter_descriptions] /view http://ubuntu:37941/
[rosmaster.master][INFO] 2017-09-13 16:41:16,151: -PUB [/image_marked/compressedDepth/parameter_updates] /view http://ubuntu:37941/
[rosmaster.master][INFO] 2017-09-13 16:41:16,153: -PUB [/image_marked/compressed] /view http://ubuntu:37941/
[rosmaster.master][INFO] 2017-09-13 16:41:16,162: -PUB [/image_marked/compressed/parameter_descriptions] /view http://ubuntu:37941/
[rosmaster.master][INFO] 2017-09-13 16:41:16,171: -PUB [/image_marked/compressed/parameter_updates] /view http://ubuntu:37941/
[rosmaster.master][INFO] 2017-09-13 16:41:16,182: -PUB [/image_marked] /view http://ubuntu:37941/
[rosmaster.master][INFO] 2017-09-13 16:41:16,189: -PUB [/image_marked/theora] /view http://ubuntu:37941/
[rosmaster.master][INFO] 2017-09-13 16:41:16,207: -PUB [/image_marked/theora/parameter_descriptions] /view http://ubuntu:37941/
[rosmaster.master][INFO] 2017-09-13 16:41:16,213: -PUB [/image_marked/theora/parameter_updates] /view http://ubuntu:37941/
[rosmaster.master][INFO] 2017-09-13 16:41:16,218: -PUB [/image/marked/compressedDepth] /view http://ubuntu:37941/
[rosmaster.master][INFO] 2017-09-13 16:41:16,220: -PUB [/image/marked/compressedDepth/parameter_descriptions] /view http://ubuntu:37941/
[rosmaster.master][INFO] 2017-09-13 16:41:16,224: -PUB [/image/marked/compressedDepth/parameter_updates] /view http://ubuntu:37941/
[rosmaster.master][INFO] 2017-09-13 16:41:16,227: -PUB [/image/marked/compressed] /view http://ubuntu:37941/
[rosmaster.master][INFO] 2017-09-13 16:41:16,235: -PUB [/image/marked/compressed/parameter_descriptions] /view http://ubuntu:37941/
[rosmaster.master][INFO] 2017-09-13 16:41:16,239: -PUB [/image/marked/compressed/parameter_updates] /view http://ubuntu:37941/
[rosmaster.master][INFO] 2017-09-13 16:41:16,243: -PUB [/image/marked] /view http://ubuntu:37941/
[rosmaster.master][INFO] 2017-09-13 16:41:16,246: -PUB [/image/marked/theora] /view http://ubuntu:37941/
[rosmaster.master][INFO] 2017-09-13 16:41:16,247: -PUB [/image/marked/theora/parameter_descriptions] /view http://ubuntu:37941/
[rosmaster.master][INFO] 2017-09-13 16:41:16,248: -PUB [/image/marked/theora/parameter_updates] /view http://ubuntu:37941/
[rosmaster.master][INFO] 2017-09-13 16:41:16,250: -PUB [/view/parameter_descriptions] /view http://ubuntu:37941/
[rosmaster.master][INFO] 2017-09-13 16:41:16,250: -PUB [/view/parameter_updates] /view http://ubuntu:37941/
[rosmaster.master][INFO] 2017-09-13 16:41:16,251: -SUB [/tf] /view http://ubuntu:37941/
[rosmaster.master][INFO] 2017-09-13 16:41:16,253: -SUB [/tf_static] /view http://ubuntu:37941/
[rosmaster.master][INFO] 2017-09-13 16:41:16,254: -SUB [/image] /view http://ubuntu:37941/
[rosmaster.master][INFO] 2017-09-13 16:41:16,256: -SUB [/camera_info] /view http://ubuntu:37941/
[rosmaster.master][INFO] 2017-09-13 16:41:16,259: -SUB [/image_marker] /view http://ubuntu:37941/
[rosmaster.master][INFO] 2017-09-13 16:41:16,259: -SUB [/image/event] /view http://ubuntu:37941/
[rosmaster.master][INFO] 2017-09-13 16:41:16,260: -SERVICE [/view/get_loggers] /view rosrpc://ubuntu:37642
[rosmaster.master][INFO] 2017-09-13 16:41:16,261: -SERVICE [/view/set_logger_level] /view rosrpc://ubuntu:37642
[rosmaster.master][INFO] 2017-09-13 16:41:16,262: -SERVICE [/image_marked/compressedDepth/set_parameters] /view rosrpc://ubuntu:37642
[rosmaster.master][INFO] 2017-09-13 16:41:16,264: -SERVICE [/image_marked/compressed/set_parameters] /view rosrpc://ubuntu:37642
[rosmaster.master][INFO] 2017-09-13 16:41:16,265: -SERVICE [/image_marked/theora/set_parameters] /view rosrpc://ubuntu:37642
[rosmaster.master][INFO] 2017-09-13 16:41:16,266: -SERVICE [/image/marked/compressedDepth/set_parameters] /view rosrpc://ubuntu:37642
[rosmaster.master][INFO] 2017-09-13 16:41:16,267: -SERVICE [/image/marked/compressed/set_parameters] /view rosrpc://ubuntu:37642
[rosmaster.master][INFO] 2017-09-13 16:41:16,269: -SERVICE [/image/marked/theora/set_parameters] /view rosrpc://ubuntu:37642
[rosmaster.master][INFO] 2017-09-13 16:41:16,272: -SERVICE [/view/change_mode] /view rosrpc://ubuntu:37642
[rosmaster.master][INFO] 2017-09-13 16:41:16,275: -SERVICE [/view/rectangle_mode] /view rosrpc://ubuntu:37642
[rosmaster.master][INFO] 2017-09-13 16:41:16,279: -SERVICE [/view/grabcut_mode] /view rosrpc://ubuntu:37642
[rosmaster.master][INFO] 2017-09-13 16:41:16,281: -SERVICE [/view/grabcut_rect_mode] /view rosrpc://ubuntu:37642
[rosmaster.master][INFO] 2017-09-13 16:41:16,282: -SERVICE [/view/line_mode] /view rosrpc://ubuntu:37642
[rosmaster.master][INFO] 2017-09-13 16:41:16,283: -SERVICE [/view/poly_mode] /view rosrpc://ubuntu:37642
[rosmaster.master][INFO] 2017-09-13 16:41:16,285: -SERVICE [/view/none_mode] /view rosrpc://ubuntu:37642
[rosmaster.master][INFO] 2017-09-13 16:41:16,285: -SERVICE [/view/set_parameters] /view rosrpc://ubuntu:37642
[rosmaster.master][INFO] 2017-09-13 16:41:16,919: -PUB [/rosout_agg] /rosout http://ubuntu:42349/
[rosmaster.master][INFO] 2017-09-13 16:41:16,920: -SUB [/rosout] /rosout http://ubuntu:42349/
[rosmaster.master][INFO] 2017-09-13 16:41:16,921: -SERVICE [/rosout/get_loggers] /rosout rosrpc://ubuntu:40559
[rosmaster.master][INFO] 2017-09-13 16:41:16,921: -SERVICE [/rosout/set_logger_level] /rosout rosrpc://ubuntu:40559
[rosmaster.main][INFO] 2017-09-13 16:41:16,961: keyboard interrupt, will exit
[rosmaster.main][INFO] 2017-09-13 16:41:16,961: stopping master...
[rospy.core][INFO] 2017-09-13 16:41:16,961: signal_shutdown [atexit]
