[rosmaster.main][INFO] 2017-10-10 16:11:04,482: initialization complete, waiting for shutdown
[rosmaster.main][INFO] 2017-10-10 16:11:04,482: Starting ROS Master Node
[xmlrpc][INFO] 2017-10-10 16:11:04,483: XML-RPC server binding to 0.0.0.0:11311
[xmlrpc][INFO] 2017-10-10 16:11:04,483: Started XML-RPC server [http://ubuntu:11311/]
[xmlrpc][INFO] 2017-10-10 16:11:04,484: xml rpc node: starting XML-RPC server
[rosmaster.master][INFO] 2017-10-10 16:11:04,484: Master initialized: port[11311], uri[http://ubuntu:11311/]
[rosmaster.master][INFO] 2017-10-10 16:11:04,584: +PARAM [/run_id] by /roslaunch
[rosmaster.master][INFO] 2017-10-10 16:11:04,596: +PARAM [/roslaunch/uris/host_ubuntu__39380] by /roslaunch
[rosmaster.master][INFO] 2017-10-10 16:11:04,680: +PARAM [/rosversion] by /roslaunch
[rosmaster.master][INFO] 2017-10-10 16:11:04,680: +PARAM [/rosdistro] by /roslaunch
[rosmaster.master][INFO] 2017-10-10 16:11:04,754: +SERVICE [/rosout/get_loggers] /rosout http://ubuntu:44840/
[rosmaster.master][INFO] 2017-10-10 16:11:04,756: +SERVICE [/rosout/set_logger_level] /rosout http://ubuntu:44840/
[rosmaster.master][INFO] 2017-10-10 16:11:04,757: +PUB [/rosout_agg] /rosout http://ubuntu:44840/
[rosmaster.master][INFO] 2017-10-10 16:11:04,762: +SUB [/rosout] /rosout http://ubuntu:44840/
[rosmaster.master][INFO] 2017-10-10 16:11:21,413: +PUB [/rosout] /janken_out_node http://ubuntu:46060/
[rosmaster.master][INFO] 2017-10-10 16:11:21,414: +SERVICE [/janken_out_node/get_loggers] /janken_out_node http://ubuntu:46060/
[rosmaster.master][INFO] 2017-10-10 16:11:21,415: +SERVICE [/janken_out_node/set_logger_level] /janken_out_node http://ubuntu:46060/
[rosmaster.master][INFO] 2017-10-10 16:11:21,416: +PUB [/janken_topic] /janken_out_node http://ubuntu:46060/
[rosmaster.master][INFO] 2017-10-10 16:11:21,418: publisherUpdate[/rosout] -> http://ubuntu:44840/ ['http://ubuntu:46060/']
[rosmaster.master][INFO] 2017-10-10 16:11:21,420: publisherUpdate[/rosout] -> http://ubuntu:44840/ ['http://ubuntu:46060/']: sec=0.00, result=[1, '', 0]
[rosmaster.master][INFO] 2017-10-10 16:11:34,395: +PUB [/rosout] /janken_get_node http://ubuntu:35073/
[rosmaster.master][INFO] 2017-10-10 16:11:34,396: +SERVICE [/janken_get_node/get_loggers] /janken_get_node http://ubuntu:35073/
[rosmaster.master][INFO] 2017-10-10 16:11:34,397: +SERVICE [/janken_get_node/set_logger_level] /janken_get_node http://ubuntu:35073/
[rosmaster.master][INFO] 2017-10-10 16:11:34,402: +SUB [/janken_topic] /janken_get_node http://ubuntu:35073/
[rosmaster.master][INFO] 2017-10-10 16:11:34,435: publisherUpdate[/rosout] -> http://ubuntu:44840/ ['http://ubuntu:46060/', 'http://ubuntu:35073/']
[rosmaster.master][INFO] 2017-10-10 16:11:34,436: publisherUpdate[/rosout] -> http://ubuntu:44840/ ['http://ubuntu:46060/', 'http://ubuntu:35073/']: sec=0.00, result=[1, '', 0]
[rosmaster.master][INFO] 2017-10-10 16:12:01,113: +PUB [/rosout] /rqt_gui_py_node_4902 http://ubuntu:42221/
[rosmaster.master][INFO] 2017-10-10 16:12:01,116: +SERVICE [/rqt_gui_py_node_4902/get_loggers] /rqt_gui_py_node_4902 http://ubuntu:42221/
[rosmaster.master][INFO] 2017-10-10 16:12:01,118: +SERVICE [/rqt_gui_py_node_4902/set_logger_level] /rqt_gui_py_node_4902 http://ubuntu:42221/
[rosmaster.master][INFO] 2017-10-10 16:12:01,148: publisherUpdate[/rosout] -> http://ubuntu:44840/ ['http://ubuntu:46060/', 'http://ubuntu:35073/', 'http://ubuntu:42221/']
[rosmaster.master][INFO] 2017-10-10 16:12:01,149: publisherUpdate[/rosout] -> http://ubuntu:44840/ ['http://ubuntu:46060/', 'http://ubuntu:35073/', 'http://ubuntu:42221/']: sec=0.00, result=[1, '', 0]
[rosmaster.master][INFO] 2017-10-10 16:12:01,176: +SUB [/statistics] /rqt_gui_py_node_4902 http://ubuntu:42221/
[rosmaster.master][INFO] 2017-10-10 16:12:37,647: -SUB [/statistics] /rqt_gui_py_node_4902 http://ubuntu:42221/
[rosmaster.master][INFO] 2017-10-10 16:12:37,647: -PUB [/rosout] /rqt_gui_py_node_4902 http://ubuntu:42221/
[rosmaster.master][INFO] 2017-10-10 16:12:37,648: -SERVICE [/rqt_gui_py_node_4902/set_logger_level] /rqt_gui_py_node_4902 rosrpc://ubuntu:35249
[rosmaster.master][INFO] 2017-10-10 16:12:37,648: -SERVICE [/rqt_gui_py_node_4902/get_loggers] /rqt_gui_py_node_4902 rosrpc://ubuntu:35249
[rosmaster.master][INFO] 2017-10-10 16:12:37,653: publisherUpdate[/rosout] -> http://ubuntu:44840/ ['http://ubuntu:46060/', 'http://ubuntu:35073/']
[rosmaster.master][INFO] 2017-10-10 16:12:37,653: publisherUpdate[/rosout] -> http://ubuntu:44840/ ['http://ubuntu:46060/', 'http://ubuntu:35073/']: sec=0.00, result=[1, '', 0]
[rosmaster.master][INFO] 2017-10-10 16:13:31,728: -PUB [/rosout] /janken_out_node http://ubuntu:46060/
[rosmaster.master][INFO] 2017-10-10 16:13:31,730: -PUB [/janken_topic] /janken_out_node http://ubuntu:46060/
[rosmaster.master][INFO] 2017-10-10 16:13:31,734: -SERVICE [/janken_out_node/get_loggers] /janken_out_node rosrpc://ubuntu:39630
[rosmaster.master][INFO] 2017-10-10 16:13:31,736: -SERVICE [/janken_out_node/set_logger_level] /janken_out_node rosrpc://ubuntu:39630
[rosmaster.master][INFO] 2017-10-10 16:13:31,811: publisherUpdate[/rosout] -> http://ubuntu:44840/ ['http://ubuntu:35073/']
[rosmaster.master][INFO] 2017-10-10 16:13:31,813: publisherUpdate[/janken_topic] -> http://ubuntu:35073/ []
[rosmaster.master][INFO] 2017-10-10 16:13:31,815: publisherUpdate[/rosout] -> http://ubuntu:44840/ ['http://ubuntu:35073/']: sec=0.00, result=[1, '', 0]
[rosmaster.master][INFO] 2017-10-10 16:13:31,816: publisherUpdate[/janken_topic] -> http://ubuntu:35073/ []: sec=0.00, result=[1, '', 0]
[rosmaster.master][INFO] 2017-10-10 16:13:41,393: publisherUpdate[/rosout] -> http://ubuntu:44840/ []
[rosmaster.master][INFO] 2017-10-10 16:13:41,393: publisherUpdate[/rosout] -> http://ubuntu:44840/ []: sec=0.00, result=[1, '', 0]
[rosmaster.master][INFO] 2017-10-10 16:13:41,392: -PUB [/rosout] /janken_get_node http://ubuntu:35073/
[rosmaster.master][INFO] 2017-10-10 16:13:41,394: -SUB [/janken_topic] /janken_get_node http://ubuntu:35073/
[rosmaster.master][INFO] 2017-10-10 16:13:41,395: -SERVICE [/janken_get_node/get_loggers] /janken_get_node rosrpc://ubuntu:37770
[rosmaster.master][INFO] 2017-10-10 16:13:41,396: -SERVICE [/janken_get_node/set_logger_level] /janken_get_node rosrpc://ubuntu:37770
[rosmaster.master][INFO] 2017-10-10 16:13:44,723: -PUB [/rosout_agg] /rosout http://ubuntu:44840/
[rosmaster.master][INFO] 2017-10-10 16:13:44,724: -SUB [/rosout] /rosout http://ubuntu:44840/
[rosmaster.master][INFO] 2017-10-10 16:13:44,725: -SERVICE [/rosout/get_loggers] /rosout rosrpc://ubuntu:51016
[rosmaster.master][INFO] 2017-10-10 16:13:44,725: -SERVICE [/rosout/set_logger_level] /rosout rosrpc://ubuntu:51016
[rosmaster.main][INFO] 2017-10-10 16:13:44,833: keyboard interrupt, will exit
[rosmaster.main][INFO] 2017-10-10 16:13:44,833: stopping master...
[rospy.core][INFO] 2017-10-10 16:13:44,834: signal_shutdown [atexit]
