[rosmaster.main][INFO] 2017-09-21 19:44:37,735: initialization complete, waiting for shutdown
[rosmaster.main][INFO] 2017-09-21 19:44:37,736: Starting ROS Master Node
[xmlrpc][INFO] 2017-09-21 19:44:37,737: XML-RPC server binding to 0.0.0.0:11311
[rosmaster.master][INFO] 2017-09-21 19:44:37,737: Master initialized: port[11311], uri[http://ubuntu:11311/]
[xmlrpc][INFO] 2017-09-21 19:44:37,737: Started XML-RPC server [http://ubuntu:11311/]
[xmlrpc][INFO] 2017-09-21 19:44:37,738: xml rpc node: starting XML-RPC server
[rosmaster.master][INFO] 2017-09-21 19:44:37,874: +PARAM [/run_id] by /roslaunch
[rosmaster.master][INFO] 2017-09-21 19:44:37,876: +PARAM [/roslaunch/uris/host_ubuntu__34043] by /roslaunch
[rosmaster.master][INFO] 2017-09-21 19:44:37,954: +PARAM [/rosversion] by /roslaunch
[rosmaster.master][INFO] 2017-09-21 19:44:37,954: +PARAM [/rosdistro] by /roslaunch
[rosmaster.master][INFO] 2017-09-21 19:44:37,954: +PARAM [/camera/device_id] by /roslaunch
[rosmaster.master][INFO] 2017-09-21 19:44:38,040: +SERVICE [/rosout/get_loggers] /rosout http://ubuntu:45238/
[rosmaster.master][INFO] 2017-09-21 19:44:38,042: +SERVICE [/rosout/set_logger_level] /rosout http://ubuntu:45238/
[rosmaster.master][INFO] 2017-09-21 19:44:38,050: +PUB [/rosout_agg] /rosout http://ubuntu:45238/
[rosmaster.master][INFO] 2017-09-21 19:44:38,062: +SUB [/rosout] /rosout http://ubuntu:45238/
[rosmaster.master][INFO] 2017-09-21 19:44:38,223: +PUB [/rosout] /image_converter http://ubuntu:39177/
[rosmaster.master][INFO] 2017-09-21 19:44:38,225: +SERVICE [/image_converter/get_loggers] /image_converter http://ubuntu:39177/
[rosmaster.master][INFO] 2017-09-21 19:44:38,226: +SERVICE [/image_converter/set_logger_level] /image_converter http://ubuntu:39177/
[rosmaster.master][INFO] 2017-09-21 19:44:38,240: publisherUpdate[/rosout] -> http://ubuntu:45238/ ['http://ubuntu:39177/']
[rosmaster.master][INFO] 2017-09-21 19:44:38,242: publisherUpdate[/rosout] -> http://ubuntu:45238/ ['http://ubuntu:39177/']: sec=0.00, result=[1, '', 0]
[rosmaster.master][INFO] 2017-09-21 19:44:38,285: +PUB [/rosout] /view http://ubuntu:44019/
[rosmaster.master][INFO] 2017-09-21 19:44:38,287: +SERVICE [/view/get_loggers] /view http://ubuntu:44019/
[rosmaster.master][INFO] 2017-09-21 19:44:38,288: +SERVICE [/view/set_logger_level] /view http://ubuntu:44019/
[rosmaster.master][INFO] 2017-09-21 19:44:38,301: +SUB [/tf] /view http://ubuntu:44019/
[rosmaster.master][INFO] 2017-09-21 19:44:38,314: +SUB [/tf_static] /view http://ubuntu:44019/
[rosmaster.master][INFO] 2017-09-21 19:44:38,341: publisherUpdate[/rosout] -> http://ubuntu:45238/ ['http://ubuntu:39177/', 'http://ubuntu:44019/']
[rosmaster.master][INFO] 2017-09-21 19:44:38,342: publisherUpdate[/rosout] -> http://ubuntu:45238/ ['http://ubuntu:39177/', 'http://ubuntu:44019/']: sec=0.00, result=[1, '', 0]
[rosmaster.master][INFO] 2017-09-21 19:44:38,411: +PUB [/image/screenpoint] /view http://ubuntu:44019/
[rosmaster.master][INFO] 2017-09-21 19:44:38,413: +PUB [/image/screenpoint_array] /view http://ubuntu:44019/
[rosmaster.master][INFO] 2017-09-21 19:44:38,414: +PUB [/image/screenrectangle] /view http://ubuntu:44019/
[rosmaster.master][INFO] 2017-09-21 19:44:38,415: +PUB [/image/screenrectangle_image] /view http://ubuntu:44019/
[rosmaster.master][INFO] 2017-09-21 19:44:38,415: +PUB [/image/movepoint] /view http://ubuntu:44019/
[rosmaster.master][INFO] 2017-09-21 19:44:38,416: +PUB [/image/foreground] /view http://ubuntu:44019/
[rosmaster.master][INFO] 2017-09-21 19:44:38,417: +PUB [/image/background] /view http://ubuntu:44019/
[rosmaster.master][INFO] 2017-09-21 19:44:38,418: +PUB [/image/foreground_rect] /view http://ubuntu:44019/
[rosmaster.master][INFO] 2017-09-21 19:44:38,421: +PUB [/image/background_rect] /view http://ubuntu:44019/
[rosmaster.master][INFO] 2017-09-21 19:44:38,422: +PUB [/rosout] /camera http://ubuntu:36998/
[rosmaster.master][INFO] 2017-09-21 19:44:38,425: +PUB [/image/line] /view http://ubuntu:44019/
[rosmaster.master][INFO] 2017-09-21 19:44:38,426: +SERVICE [/camera/get_loggers] /camera http://ubuntu:36998/
[rosmaster.master][INFO] 2017-09-21 19:44:38,427: +PUB [/image/poly] /view http://ubuntu:44019/
[rosmaster.master][INFO] 2017-09-21 19:44:38,427: +SERVICE [/camera/set_logger_level] /camera http://ubuntu:36998/
[rosmaster.master][INFO] 2017-09-21 19:44:38,442: publisherUpdate[/rosout] -> http://ubuntu:45238/ ['http://ubuntu:39177/', 'http://ubuntu:44019/', 'http://ubuntu:36998/']
[rosmaster.master][INFO] 2017-09-21 19:44:38,445: publisherUpdate[/rosout] -> http://ubuntu:45238/ ['http://ubuntu:39177/', 'http://ubuntu:44019/', 'http://ubuntu:36998/']: sec=0.00, result=[1, '', 0]
[rosmaster.master][INFO] 2017-09-21 19:44:38,520: +SUB [/camera/image_raw] /image_converter http://ubuntu:39177/
[rosmaster.master][INFO] 2017-09-21 19:44:38,565: +SERVICE [/camera/set_camera_info] /camera http://ubuntu:36998/
[rosmaster.master][INFO] 2017-09-21 19:44:38,584: +PUB [/image_marked/compressedDepth] /view http://ubuntu:44019/
[rosmaster.master][INFO] 2017-09-21 19:44:38,585: +SERVICE [/image_marked/compressedDepth/set_parameters] /view http://ubuntu:44019/
[rosmaster.master][INFO] 2017-09-21 19:44:38,585: +PUB [/image_marked/compressedDepth/parameter_descriptions] /view http://ubuntu:44019/
[rosmaster.master][INFO] 2017-09-21 19:44:38,586: +PUB [/image_marked/compressedDepth/parameter_updates] /view http://ubuntu:44019/
[rosmaster.master][INFO] 2017-09-21 19:44:38,590: +PARAM [/image_marked/compressedDepth/depth_max] by /view
[rosmaster.master][INFO] 2017-09-21 19:44:38,591: +PARAM [/image_marked/compressedDepth/depth_quantization] by /view
[rosmaster.master][INFO] 2017-09-21 19:44:38,591: +PARAM [/image_marked/compressedDepth/png_level] by /view
[rosmaster.master][INFO] 2017-09-21 19:44:38,594: +PARAM [/image_marked/compressedDepth/depth_max] by /view
[rosmaster.master][INFO] 2017-09-21 19:44:38,594: +PARAM [/image_marked/compressedDepth/depth_quantization] by /view
[rosmaster.master][INFO] 2017-09-21 19:44:38,597: +PARAM [/image_marked/compressedDepth/png_level] by /view
[rosmaster.master][INFO] 2017-09-21 19:44:38,605: +PUB [/image/compressedDepth] /image_converter http://ubuntu:39177/
[rosmaster.master][INFO] 2017-09-21 19:44:38,606: +SERVICE [/image/compressedDepth/set_parameters] /image_converter http://ubuntu:39177/
[rosmaster.master][INFO] 2017-09-21 19:44:38,607: +PUB [/image/compressedDepth/parameter_descriptions] /image_converter http://ubuntu:39177/
[rosmaster.master][INFO] 2017-09-21 19:44:38,607: +PUB [/image/compressedDepth/parameter_updates] /image_converter http://ubuntu:39177/
[rosmaster.master][INFO] 2017-09-21 19:44:38,610: +PARAM [/image/compressedDepth/depth_max] by /image_converter
[rosmaster.master][INFO] 2017-09-21 19:44:38,614: +PARAM [/image/compressedDepth/depth_quantization] by /image_converter
[rosmaster.master][INFO] 2017-09-21 19:44:38,614: +PARAM [/image/compressedDepth/png_level] by /image_converter
[rosmaster.master][INFO] 2017-09-21 19:44:38,615: +PARAM [/image/compressedDepth/depth_max] by /image_converter
[rosmaster.master][INFO] 2017-09-21 19:44:38,616: +PARAM [/image/compressedDepth/depth_quantization] by /image_converter
[rosmaster.master][INFO] 2017-09-21 19:44:38,616: +PARAM [/image/compressedDepth/png_level] by /image_converter
[rosmaster.master][INFO] 2017-09-21 19:44:38,896: +PUB [/image_marked/compressed] /view http://ubuntu:44019/
[rosmaster.master][INFO] 2017-09-21 19:44:38,897: +SERVICE [/image_marked/compressed/set_parameters] /view http://ubuntu:44019/
[rosmaster.master][INFO] 2017-09-21 19:44:38,897: +PUB [/image_marked/compressed/parameter_descriptions] /view http://ubuntu:44019/
[rosmaster.master][INFO] 2017-09-21 19:44:38,898: +PUB [/image_marked/compressed/parameter_updates] /view http://ubuntu:44019/
[rosmaster.master][INFO] 2017-09-21 19:44:38,902: +PARAM [/image_marked/compressed/format] by /view
[rosmaster.master][INFO] 2017-09-21 19:44:38,903: +PARAM [/image_marked/compressed/jpeg_quality] by /view
[rosmaster.master][INFO] 2017-09-21 19:44:38,903: +PARAM [/image_marked/compressed/png_level] by /view
[rosmaster.master][INFO] 2017-09-21 19:44:38,906: +PARAM [/image_marked/compressed/format] by /view
[rosmaster.master][INFO] 2017-09-21 19:44:38,906: +PARAM [/image_marked/compressed/jpeg_quality] by /view
[rosmaster.master][INFO] 2017-09-21 19:44:38,907: +PARAM [/image_marked/compressed/png_level] by /view
[rosmaster.master][INFO] 2017-09-21 19:44:38,915: +PUB [/image/compressed] /image_converter http://ubuntu:39177/
[rosmaster.master][INFO] 2017-09-21 19:44:38,916: +SERVICE [/image/compressed/set_parameters] /image_converter http://ubuntu:39177/
[rosmaster.master][INFO] 2017-09-21 19:44:38,917: +PUB [/image/compressed/parameter_descriptions] /image_converter http://ubuntu:39177/
[rosmaster.master][INFO] 2017-09-21 19:44:38,918: +PUB [/image/compressed/parameter_updates] /image_converter http://ubuntu:39177/
[rosmaster.master][INFO] 2017-09-21 19:44:38,923: +PARAM [/image/compressed/format] by /image_converter
[rosmaster.master][INFO] 2017-09-21 19:44:38,923: +PARAM [/image/compressed/jpeg_quality] by /image_converter
[rosmaster.master][INFO] 2017-09-21 19:44:38,924: +PARAM [/image/compressed/png_level] by /image_converter
[rosmaster.master][INFO] 2017-09-21 19:44:38,924: +PARAM [/image/compressed/format] by /image_converter
[rosmaster.master][INFO] 2017-09-21 19:44:38,926: +PARAM [/image/compressed/jpeg_quality] by /image_converter
[rosmaster.master][INFO] 2017-09-21 19:44:38,930: +PARAM [/image/compressed/png_level] by /image_converter
[rosmaster.master][INFO] 2017-09-21 19:44:38,963: +PUB [/image_marked] /view http://ubuntu:44019/
[rosmaster.master][INFO] 2017-09-21 19:44:38,983: +PUB [/image] /image_converter http://ubuntu:39177/
[rosmaster.master][INFO] 2017-09-21 19:44:39,021: +PUB [/image_marked/theora] /view http://ubuntu:44019/
[rosmaster.master][INFO] 2017-09-21 19:44:39,022: +SERVICE [/image_marked/theora/set_parameters] /view http://ubuntu:44019/
[rosmaster.master][INFO] 2017-09-21 19:44:39,022: +PUB [/image_marked/theora/parameter_descriptions] /view http://ubuntu:44019/
[rosmaster.master][INFO] 2017-09-21 19:44:39,023: +PUB [/image_marked/theora/parameter_updates] /view http://ubuntu:44019/
[rosmaster.master][INFO] 2017-09-21 19:44:39,027: +PARAM [/image_marked/theora/optimize_for] by /view
[rosmaster.master][INFO] 2017-09-21 19:44:39,030: +PARAM [/image_marked/theora/target_bitrate] by /view
[rosmaster.master][INFO] 2017-09-21 19:44:39,030: +PARAM [/image_marked/theora/quality] by /view
[rosmaster.master][INFO] 2017-09-21 19:44:39,031: +PARAM [/image_marked/theora/keyframe_frequency] by /view
[rosmaster.master][INFO] 2017-09-21 19:44:39,033: +PUB [/image/theora] /image_converter http://ubuntu:39177/
[rosmaster.master][INFO] 2017-09-21 19:44:39,033: +PARAM [/image_marked/theora/optimize_for] by /view
[rosmaster.master][INFO] 2017-09-21 19:44:39,034: +SERVICE [/image/theora/set_parameters] /image_converter http://ubuntu:39177/
[rosmaster.master][INFO] 2017-09-21 19:44:39,035: +PARAM [/image_marked/theora/target_bitrate] by /view
[rosmaster.master][INFO] 2017-09-21 19:44:39,036: +PUB [/image/theora/parameter_descriptions] /image_converter http://ubuntu:39177/
[rosmaster.master][INFO] 2017-09-21 19:44:39,036: +PARAM [/image_marked/theora/quality] by /view
[rosmaster.master][INFO] 2017-09-21 19:44:39,037: +PUB [/image/theora/parameter_updates] /image_converter http://ubuntu:39177/
[rosmaster.master][INFO] 2017-09-21 19:44:39,038: +PARAM [/image_marked/theora/keyframe_frequency] by /view
[rosmaster.master][INFO] 2017-09-21 19:44:39,047: +PARAM [/image/theora/optimize_for] by /image_converter
[rosmaster.master][INFO] 2017-09-21 19:44:39,048: +PARAM [/image/theora/target_bitrate] by /image_converter
[rosmaster.master][INFO] 2017-09-21 19:44:39,048: +PARAM [/image/theora/quality] by /image_converter
[rosmaster.master][INFO] 2017-09-21 19:44:39,049: +PARAM [/image/theora/keyframe_frequency] by /image_converter
[rosmaster.master][INFO] 2017-09-21 19:44:39,050: +PARAM [/image/theora/optimize_for] by /image_converter
[rosmaster.master][INFO] 2017-09-21 19:44:39,054: +PARAM [/image/theora/target_bitrate] by /image_converter
[rosmaster.master][INFO] 2017-09-21 19:44:39,055: +PARAM [/image/theora/quality] by /image_converter
[rosmaster.master][INFO] 2017-09-21 19:44:39,055: +PARAM [/image/theora/keyframe_frequency] by /image_converter
[rosmaster.master][INFO] 2017-09-21 19:44:39,071: +PUB [/image/marked/compressedDepth] /view http://ubuntu:44019/
[rosmaster.master][INFO] 2017-09-21 19:44:39,072: +SERVICE [/image/marked/compressedDepth/set_parameters] /view http://ubuntu:44019/
[rosmaster.master][INFO] 2017-09-21 19:44:39,073: +PUB [/image/marked/compressedDepth/parameter_descriptions] /view http://ubuntu:44019/
[rosmaster.master][INFO] 2017-09-21 19:44:39,074: +PUB [/image/marked/compressedDepth/parameter_updates] /view http://ubuntu:44019/
[rosmaster.master][INFO] 2017-09-21 19:44:39,076: +PARAM [/image/marked/compressedDepth/depth_max] by /view
[rosmaster.master][INFO] 2017-09-21 19:44:39,077: +PARAM [/image/marked/compressedDepth/depth_quantization] by /view
[rosmaster.master][INFO] 2017-09-21 19:44:39,078: +PARAM [/image/marked/compressedDepth/png_level] by /view
[rosmaster.master][INFO] 2017-09-21 19:44:39,078: +PARAM [/image/marked/compressedDepth/depth_max] by /view
[rosmaster.master][INFO] 2017-09-21 19:44:39,079: +PARAM [/image/marked/compressedDepth/depth_quantization] by /view
[rosmaster.master][INFO] 2017-09-21 19:44:39,080: +PARAM [/image/marked/compressedDepth/png_level] by /view
[rosmaster.master][INFO] 2017-09-21 19:44:39,104: +PUB [/image/marked/compressed] /view http://ubuntu:44019/
[rosmaster.master][INFO] 2017-09-21 19:44:39,105: +SERVICE [/image/marked/compressed/set_parameters] /view http://ubuntu:44019/
[rosmaster.master][INFO] 2017-09-21 19:44:39,106: +PUB [/image/marked/compressed/parameter_descriptions] /view http://ubuntu:44019/
[rosmaster.master][INFO] 2017-09-21 19:44:39,106: +PUB [/image/marked/compressed/parameter_updates] /view http://ubuntu:44019/
[rosmaster.master][INFO] 2017-09-21 19:44:39,108: +PARAM [/image/marked/compressed/format] by /view
[rosmaster.master][INFO] 2017-09-21 19:44:39,109: +PARAM [/image/marked/compressed/jpeg_quality] by /view
[rosmaster.master][INFO] 2017-09-21 19:44:39,109: +PARAM [/image/marked/compressed/png_level] by /view
[rosmaster.master][INFO] 2017-09-21 19:44:39,110: +PARAM [/image/marked/compressed/format] by /view
[rosmaster.master][INFO] 2017-09-21 19:44:39,111: +PARAM [/image/marked/compressed/jpeg_quality] by /view
[rosmaster.master][INFO] 2017-09-21 19:44:39,111: +PARAM [/image/marked/compressed/png_level] by /view
[rosmaster.master][INFO] 2017-09-21 19:44:39,136: +PUB [/image/marked] /view http://ubuntu:44019/
[rosmaster.master][INFO] 2017-09-21 19:44:39,160: +PUB [/image/marked/theora] /view http://ubuntu:44019/
[rosmaster.master][INFO] 2017-09-21 19:44:39,161: +SERVICE [/image/marked/theora/set_parameters] /view http://ubuntu:44019/
[rosmaster.master][INFO] 2017-09-21 19:44:39,161: +PUB [/image/marked/theora/parameter_descriptions] /view http://ubuntu:44019/
[rosmaster.master][INFO] 2017-09-21 19:44:39,162: +PUB [/image/marked/theora/parameter_updates] /view http://ubuntu:44019/
[rosmaster.master][INFO] 2017-09-21 19:44:39,164: +PARAM [/image/marked/theora/optimize_for] by /view
[rosmaster.master][INFO] 2017-09-21 19:44:39,165: +PARAM [/image/marked/theora/target_bitrate] by /view
[rosmaster.master][INFO] 2017-09-21 19:44:39,166: +PARAM [/image/marked/theora/quality] by /view
[rosmaster.master][INFO] 2017-09-21 19:44:39,166: +PARAM [/image/marked/theora/keyframe_frequency] by /view
[rosmaster.master][INFO] 2017-09-21 19:44:39,167: +PARAM [/image/marked/theora/optimize_for] by /view
[rosmaster.master][INFO] 2017-09-21 19:44:39,168: +PARAM [/image/marked/theora/target_bitrate] by /view
[rosmaster.master][INFO] 2017-09-21 19:44:39,168: +PARAM [/image/marked/theora/quality] by /view
[rosmaster.master][INFO] 2017-09-21 19:44:39,169: +PARAM [/image/marked/theora/keyframe_frequency] by /view
[rosmaster.master][INFO] 2017-09-21 19:44:39,196: +SUB [/image] /view http://ubuntu:44019/
[rosmaster.master][INFO] 2017-09-21 19:44:39,199: +SUB [/camera_info] /view http://ubuntu:44019/
[rosmaster.master][INFO] 2017-09-21 19:44:39,202: +SUB [/image_marker] /view http://ubuntu:44019/
[rosmaster.master][INFO] 2017-09-21 19:44:39,205: +SUB [/image/event] /view http://ubuntu:44019/
[rosmaster.master][INFO] 2017-09-21 19:44:39,206: +SERVICE [/view/change_mode] /view http://ubuntu:44019/
[rosmaster.master][INFO] 2017-09-21 19:44:39,206: +SERVICE [/view/rectangle_mode] /view http://ubuntu:44019/
[rosmaster.master][INFO] 2017-09-21 19:44:39,207: +SERVICE [/view/grabcut_mode] /view http://ubuntu:44019/
[rosmaster.master][INFO] 2017-09-21 19:44:39,208: +SERVICE [/view/grabcut_rect_mode] /view http://ubuntu:44019/
[rosmaster.master][INFO] 2017-09-21 19:44:39,208: +SERVICE [/view/line_mode] /view http://ubuntu:44019/
[rosmaster.master][INFO] 2017-09-21 19:44:39,209: +SERVICE [/view/poly_mode] /view http://ubuntu:44019/
[rosmaster.master][INFO] 2017-09-21 19:44:39,209: +SERVICE [/view/none_mode] /view http://ubuntu:44019/
[rosmaster.master][INFO] 2017-09-21 19:44:39,210: +SERVICE [/view/set_parameters] /view http://ubuntu:44019/
[rosmaster.master][INFO] 2017-09-21 19:44:39,211: +PUB [/view/parameter_descriptions] /view http://ubuntu:44019/
[rosmaster.master][INFO] 2017-09-21 19:44:39,212: +PUB [/view/parameter_updates] /view http://ubuntu:44019/
[rosmaster.master][INFO] 2017-09-21 19:44:39,217: +PARAM [/view/grid] by /view
[rosmaster.master][INFO] 2017-09-21 19:44:39,217: +PARAM [/view/fisheye_mode] by /view
[rosmaster.master][INFO] 2017-09-21 19:44:39,218: +PARAM [/view/div_u] by /view
[rosmaster.master][INFO] 2017-09-21 19:44:39,219: +PARAM [/view/div_v] by /view
[rosmaster.master][INFO] 2017-09-21 19:44:39,219: +PARAM [/view/grid_red] by /view
[rosmaster.master][INFO] 2017-09-21 19:44:39,220: +PARAM [/view/grid_green] by /view
[rosmaster.master][INFO] 2017-09-21 19:44:39,220: +PARAM [/view/grid_blue] by /view
[rosmaster.master][INFO] 2017-09-21 19:44:39,221: +PARAM [/view/grid_thickness] by /view
[rosmaster.master][INFO] 2017-09-21 19:44:39,222: +PARAM [/view/grid_space] by /view
[rosmaster.master][INFO] 2017-09-21 19:44:39,223: +PARAM [/view/grid] by /view
[rosmaster.master][INFO] 2017-09-21 19:44:39,223: +PARAM [/view/fisheye_mode] by /view
[rosmaster.master][INFO] 2017-09-21 19:44:39,224: +PARAM [/view/div_u] by /view
[rosmaster.master][INFO] 2017-09-21 19:44:39,225: +PARAM [/view/div_v] by /view
[rosmaster.master][INFO] 2017-09-21 19:44:39,225: +PARAM [/view/grid_red] by /view
[rosmaster.master][INFO] 2017-09-21 19:44:39,226: +PARAM [/view/grid_green] by /view
[rosmaster.master][INFO] 2017-09-21 19:44:39,226: +PARAM [/view/grid_blue] by /view
[rosmaster.master][INFO] 2017-09-21 19:44:39,227: +PARAM [/view/grid_thickness] by /view
[rosmaster.master][INFO] 2017-09-21 19:44:39,227: +PARAM [/view/grid_space] by /view
[rosmaster.master][INFO] 2017-09-21 19:44:40,258: +PUB [/camera/image_raw/compressedDepth] /camera http://ubuntu:36998/
[rosmaster.master][INFO] 2017-09-21 19:44:40,259: +SERVICE [/camera/image_raw/compressedDepth/set_parameters] /camera http://ubuntu:36998/
[rosmaster.master][INFO] 2017-09-21 19:44:40,260: +PUB [/camera/image_raw/compressedDepth/parameter_descriptions] /camera http://ubuntu:36998/
[rosmaster.master][INFO] 2017-09-21 19:44:40,261: +PUB [/camera/image_raw/compressedDepth/parameter_updates] /camera http://ubuntu:36998/
[rosmaster.master][INFO] 2017-09-21 19:44:40,263: +PARAM [/camera/image_raw/compressedDepth/depth_max] by /camera
[rosmaster.master][INFO] 2017-09-21 19:44:40,263: +PARAM [/camera/image_raw/compressedDepth/depth_quantization] by /camera
[rosmaster.master][INFO] 2017-09-21 19:44:40,264: +PARAM [/camera/image_raw/compressedDepth/png_level] by /camera
[rosmaster.master][INFO] 2017-09-21 19:44:40,265: +PARAM [/camera/image_raw/compressedDepth/depth_max] by /camera
[rosmaster.master][INFO] 2017-09-21 19:44:40,266: +PARAM [/camera/image_raw/compressedDepth/depth_quantization] by /camera
[rosmaster.master][INFO] 2017-09-21 19:44:40,266: +PARAM [/camera/image_raw/compressedDepth/png_level] by /camera
[rosmaster.master][INFO] 2017-09-21 19:44:40,299: +PUB [/camera/image_raw/compressed] /camera http://ubuntu:36998/
[rosmaster.master][INFO] 2017-09-21 19:44:40,300: +SERVICE [/camera/image_raw/compressed/set_parameters] /camera http://ubuntu:36998/
[rosmaster.master][INFO] 2017-09-21 19:44:40,300: +PUB [/camera/image_raw/compressed/parameter_descriptions] /camera http://ubuntu:36998/
[rosmaster.master][INFO] 2017-09-21 19:44:40,301: +PUB [/camera/image_raw/compressed/parameter_updates] /camera http://ubuntu:36998/
[rosmaster.master][INFO] 2017-09-21 19:44:40,303: +PARAM [/camera/image_raw/compressed/format] by /camera
[rosmaster.master][INFO] 2017-09-21 19:44:40,304: +PARAM [/camera/image_raw/compressed/jpeg_quality] by /camera
[rosmaster.master][INFO] 2017-09-21 19:44:40,304: +PARAM [/camera/image_raw/compressed/png_level] by /camera
[rosmaster.master][INFO] 2017-09-21 19:44:40,305: +PARAM [/camera/image_raw/compressed/format] by /camera
[rosmaster.master][INFO] 2017-09-21 19:44:40,306: +PARAM [/camera/image_raw/compressed/jpeg_quality] by /camera
[rosmaster.master][INFO] 2017-09-21 19:44:40,307: +PARAM [/camera/image_raw/compressed/png_level] by /camera
[rosmaster.master][INFO] 2017-09-21 19:44:40,334: +PUB [/camera/image_raw] /camera http://ubuntu:36998/
[rosmaster.master][INFO] 2017-09-21 19:44:40,361: +PUB [/camera/image_raw/theora] /camera http://ubuntu:36998/
[rosmaster.master][INFO] 2017-09-21 19:44:40,362: +SERVICE [/camera/image_raw/theora/set_parameters] /camera http://ubuntu:36998/
[rosmaster.master][INFO] 2017-09-21 19:44:40,362: +PUB [/camera/image_raw/theora/parameter_descriptions] /camera http://ubuntu:36998/
[rosmaster.master][INFO] 2017-09-21 19:44:40,363: +PUB [/camera/image_raw/theora/parameter_updates] /camera http://ubuntu:36998/
[rosmaster.master][INFO] 2017-09-21 19:44:40,366: +PARAM [/camera/image_raw/theora/optimize_for] by /camera
[rosmaster.master][INFO] 2017-09-21 19:44:40,366: +PARAM [/camera/image_raw/theora/target_bitrate] by /camera
[rosmaster.master][INFO] 2017-09-21 19:44:40,367: +PARAM [/camera/image_raw/theora/quality] by /camera
[rosmaster.master][INFO] 2017-09-21 19:44:40,367: +PARAM [/camera/image_raw/theora/keyframe_frequency] by /camera
[rosmaster.master][INFO] 2017-09-21 19:44:40,368: +PARAM [/camera/image_raw/theora/optimize_for] by /camera
[rosmaster.master][INFO] 2017-09-21 19:44:40,369: +PARAM [/camera/image_raw/theora/target_bitrate] by /camera
[rosmaster.master][INFO] 2017-09-21 19:44:40,369: +PARAM [/camera/image_raw/theora/quality] by /camera
[rosmaster.master][INFO] 2017-09-21 19:44:40,370: +PARAM [/camera/image_raw/theora/keyframe_frequency] by /camera
[rosmaster.master][INFO] 2017-09-21 19:44:40,371: +PUB [/camera/camera_info] /camera http://ubuntu:36998/
[rosmaster.master][INFO] 2017-09-21 19:44:40,407: publisherUpdate[/camera/image_raw] -> http://ubuntu:39177/ ['http://ubuntu:36998/']
[rosmaster.master][INFO] 2017-09-21 19:44:40,409: publisherUpdate[/camera/image_raw] -> http://ubuntu:39177/ ['http://ubuntu:36998/']: sec=0.00, result=[1, '', 0]
[rosmaster.master][INFO] 2017-09-21 19:44:45,565: -PUB [/rosout] /view http://ubuntu:44019/
[rosmaster.master][INFO] 2017-09-21 19:44:45,566: -PUB [/image/screenpoint] /view http://ubuntu:44019/
[rosmaster.master][INFO] 2017-09-21 19:44:45,567: -PUB [/image/screenpoint_array] /view http://ubuntu:44019/
[rosmaster.master][INFO] 2017-09-21 19:44:45,568: -PUB [/image/screenrectangle] /view http://ubuntu:44019/
[rosmaster.master][INFO] 2017-09-21 19:44:45,570: -PUB [/image/screenrectangle_image] /view http://ubuntu:44019/
[rosmaster.master][INFO] 2017-09-21 19:44:45,573: -PUB [/image/movepoint] /view http://ubuntu:44019/
[rosmaster.master][INFO] 2017-09-21 19:44:45,578: -PUB [/image/foreground] /view http://ubuntu:44019/
[rosmaster.master][INFO] 2017-09-21 19:44:45,581: -PUB [/image/background] /view http://ubuntu:44019/
[rosmaster.master][INFO] 2017-09-21 19:44:45,582: -PUB [/image/foreground_rect] /view http://ubuntu:44019/
[rosmaster.master][INFO] 2017-09-21 19:44:45,583: -PUB [/image/background_rect] /view http://ubuntu:44019/
[rosmaster.master][INFO] 2017-09-21 19:44:45,585: -PUB [/image/line] /view http://ubuntu:44019/
[rosmaster.master][INFO] 2017-09-21 19:44:45,586: -PUB [/image/poly] /view http://ubuntu:44019/
[rosmaster.master][INFO] 2017-09-21 19:44:45,591: -PUB [/image_marked/compressedDepth] /view http://ubuntu:44019/
[rosmaster.master][INFO] 2017-09-21 19:44:45,599: -PUB [/image_marked/compressedDepth/parameter_descriptions] /view http://ubuntu:44019/
[rosmaster.master][INFO] 2017-09-21 19:44:45,602: -PUB [/image_marked/compressedDepth/parameter_updates] /view http://ubuntu:44019/
[rosmaster.master][INFO] 2017-09-21 19:44:45,604: -PUB [/image_marked/compressed] /view http://ubuntu:44019/
[rosmaster.master][INFO] 2017-09-21 19:44:45,605: -PUB [/image_marked/compressed/parameter_descriptions] /view http://ubuntu:44019/
[rosmaster.master][INFO] 2017-09-21 19:44:45,611: -PUB [/image_marked/compressed/parameter_updates] /view http://ubuntu:44019/
[rosmaster.master][INFO] 2017-09-21 19:44:45,614: -PUB [/image_marked] /view http://ubuntu:44019/
[rosmaster.master][INFO] 2017-09-21 19:44:45,614: -PUB [/image_marked/theora] /view http://ubuntu:44019/
[rosmaster.master][INFO] 2017-09-21 19:44:45,617: -PUB [/image_marked/theora/parameter_descriptions] /view http://ubuntu:44019/
[rosmaster.master][INFO] 2017-09-21 19:44:45,618: -PUB [/image_marked/theora/parameter_updates] /view http://ubuntu:44019/
[rosmaster.master][INFO] 2017-09-21 19:44:45,620: -PUB [/image/marked/compressedDepth] /view http://ubuntu:44019/
[rosmaster.master][INFO] 2017-09-21 19:44:45,624: -PUB [/image/marked/compressedDepth/parameter_descriptions] /view http://ubuntu:44019/
[rosmaster.master][INFO] 2017-09-21 19:44:45,626: -PUB [/image/marked/compressedDepth/parameter_updates] /view http://ubuntu:44019/
[rosmaster.master][INFO] 2017-09-21 19:44:45,630: -PUB [/image/marked/compressed] /view http://ubuntu:44019/
[rosmaster.master][INFO] 2017-09-21 19:44:45,633: -PUB [/image/marked/compressed/parameter_descriptions] /view http://ubuntu:44019/
[rosmaster.master][INFO] 2017-09-21 19:44:45,642: -PUB [/image/marked/compressed/parameter_updates] /view http://ubuntu:44019/
[rosmaster.master][INFO] 2017-09-21 19:44:45,642: -PUB [/image/marked] /view http://ubuntu:44019/
[rosmaster.master][INFO] 2017-09-21 19:44:45,643: -PUB [/image/marked/theora] /view http://ubuntu:44019/
[rosmaster.master][INFO] 2017-09-21 19:44:45,645: -PUB [/image/marked/theora/parameter_descriptions] /view http://ubuntu:44019/
[rosmaster.master][INFO] 2017-09-21 19:44:45,646: publisherUpdate[/rosout] -> http://ubuntu:45238/ ['http://ubuntu:39177/', 'http://ubuntu:36998/']
[rosmaster.master][INFO] 2017-09-21 19:44:45,646: publisherUpdate[/rosout] -> http://ubuntu:45238/ ['http://ubuntu:39177/', 'http://ubuntu:36998/']: sec=0.00, result=[1, '', 0]
[rosmaster.master][INFO] 2017-09-21 19:44:45,648: -PUB [/image/marked/theora/parameter_updates] /view http://ubuntu:44019/
[rosmaster.master][INFO] 2017-09-21 19:44:45,649: -PUB [/view/parameter_descriptions] /view http://ubuntu:44019/
[rosmaster.master][INFO] 2017-09-21 19:44:45,653: -PUB [/rosout] /camera http://ubuntu:36998/
[rosmaster.master][INFO] 2017-09-21 19:44:45,661: -PUB [/view/parameter_updates] /view http://ubuntu:44019/
[rosmaster.master][INFO] 2017-09-21 19:44:45,662: -PUB [/camera/image_raw/compressedDepth] /camera http://ubuntu:36998/
[rosmaster.master][INFO] 2017-09-21 19:44:45,664: -SUB [/tf] /view http://ubuntu:44019/
[rosmaster.master][INFO] 2017-09-21 19:44:45,664: -PUB [/camera/image_raw/compressedDepth/parameter_descriptions] /camera http://ubuntu:36998/
[rosmaster.master][INFO] 2017-09-21 19:44:45,665: -PUB [/camera/image_raw/compressedDepth/parameter_updates] /camera http://ubuntu:36998/
[rosmaster.master][INFO] 2017-09-21 19:44:45,674: -SUB [/tf_static] /view http://ubuntu:44019/
[rosmaster.master][INFO] 2017-09-21 19:44:45,674: -PUB [/camera/image_raw/compressed] /camera http://ubuntu:36998/
[rosmaster.master][INFO] 2017-09-21 19:44:45,675: -PUB [/camera/image_raw/compressed/parameter_descriptions] /camera http://ubuntu:36998/
[rosmaster.master][INFO] 2017-09-21 19:44:45,675: -PUB [/camera/image_raw/compressed/parameter_updates] /camera http://ubuntu:36998/
[rosmaster.master][INFO] 2017-09-21 19:44:45,678: -SUB [/image] /view http://ubuntu:44019/
[rosmaster.master][INFO] 2017-09-21 19:44:45,679: -PUB [/camera/image_raw] /camera http://ubuntu:36998/
[rosmaster.master][INFO] 2017-09-21 19:44:45,683: -SUB [/camera_info] /view http://ubuntu:44019/
[rosmaster.master][INFO] 2017-09-21 19:44:45,688: -PUB [/camera/image_raw/theora] /camera http://ubuntu:36998/
[rosmaster.master][INFO] 2017-09-21 19:44:45,691: -SUB [/image_marker] /view http://ubuntu:44019/
[rosmaster.master][INFO] 2017-09-21 19:44:45,692: -PUB [/camera/image_raw/theora/parameter_descriptions] /camera http://ubuntu:36998/
[rosmaster.master][INFO] 2017-09-21 19:44:45,696: -SUB [/image/event] /view http://ubuntu:44019/
[rosmaster.master][INFO] 2017-09-21 19:44:45,696: -PUB [/camera/image_raw/theora/parameter_updates] /camera http://ubuntu:36998/
[rosmaster.master][INFO] 2017-09-21 19:44:45,697: -PUB [/camera/camera_info] /camera http://ubuntu:36998/
[rosmaster.master][INFO] 2017-09-21 19:44:45,706: -SERVICE [/camera/get_loggers] /camera rosrpc://ubuntu:40165
[rosmaster.master][INFO] 2017-09-21 19:44:45,708: -SERVICE [/view/get_loggers] /view rosrpc://ubuntu:55360
[rosmaster.master][INFO] 2017-09-21 19:44:45,709: -SERVICE [/camera/set_logger_level] /camera rosrpc://ubuntu:40165
[rosmaster.master][INFO] 2017-09-21 19:44:45,709: -SERVICE [/camera/set_camera_info] /camera rosrpc://ubuntu:40165
[rosmaster.master][INFO] 2017-09-21 19:44:45,712: -SERVICE [/view/set_logger_level] /view rosrpc://ubuntu:55360
[rosmaster.master][INFO] 2017-09-21 19:44:45,715: -SERVICE [/camera/image_raw/compressedDepth/set_parameters] /camera rosrpc://ubuntu:40165
[rosmaster.master][INFO] 2017-09-21 19:44:45,718: -SERVICE [/image_marked/compressedDepth/set_parameters] /view rosrpc://ubuntu:55360
[rosmaster.master][INFO] 2017-09-21 19:44:45,723: -SERVICE [/camera/image_raw/compressed/set_parameters] /camera rosrpc://ubuntu:40165
[rosmaster.master][INFO] 2017-09-21 19:44:45,726: -SERVICE [/image_marked/compressed/set_parameters] /view rosrpc://ubuntu:55360
[rosmaster.master][INFO] 2017-09-21 19:44:45,726: -SERVICE [/camera/image_raw/theora/set_parameters] /camera rosrpc://ubuntu:40165
[rosmaster.master][INFO] 2017-09-21 19:44:45,729: -SERVICE [/image_marked/theora/set_parameters] /view rosrpc://ubuntu:55360
[rosmaster.master][INFO] 2017-09-21 19:44:45,729: -SERVICE [/image/marked/compressedDepth/set_parameters] /view rosrpc://ubuntu:55360
[rosmaster.master][INFO] 2017-09-21 19:44:45,730: -SERVICE [/image/marked/compressed/set_parameters] /view rosrpc://ubuntu:55360
[rosmaster.master][INFO] 2017-09-21 19:44:45,735: -SERVICE [/image/marked/theora/set_parameters] /view rosrpc://ubuntu:55360
[rosmaster.master][INFO] 2017-09-21 19:44:45,736: -SERVICE [/view/change_mode] /view rosrpc://ubuntu:55360
[rosmaster.master][INFO] 2017-09-21 19:44:45,737: -SERVICE [/view/rectangle_mode] /view rosrpc://ubuntu:55360
[rosmaster.master][INFO] 2017-09-21 19:44:45,739: -SERVICE [/view/grabcut_mode] /view rosrpc://ubuntu:55360
[rosmaster.master][INFO] 2017-09-21 19:44:45,740: -SERVICE [/view/grabcut_rect_mode] /view rosrpc://ubuntu:55360
[rosmaster.master][INFO] 2017-09-21 19:44:45,741: -SERVICE [/view/line_mode] /view rosrpc://ubuntu:55360
[rosmaster.master][INFO] 2017-09-21 19:44:45,742: -SERVICE [/view/poly_mode] /view rosrpc://ubuntu:55360
[rosmaster.master][INFO] 2017-09-21 19:44:45,743: -SERVICE [/view/none_mode] /view rosrpc://ubuntu:55360
[rosmaster.master][INFO] 2017-09-21 19:44:45,744: -SERVICE [/view/set_parameters] /view rosrpc://ubuntu:55360
[rosmaster.master][INFO] 2017-09-21 19:44:45,747: publisherUpdate[/rosout] -> http://ubuntu:45238/ ['http://ubuntu:39177/']
[rosmaster.master][INFO] 2017-09-21 19:44:45,747: publisherUpdate[/camera/image_raw] -> http://ubuntu:39177/ []
[rosmaster.master][INFO] 2017-09-21 19:44:45,750: publisherUpdate[/rosout] -> http://ubuntu:45238/ ['http://ubuntu:39177/']: sec=0.00, result=[1, '', 0]
[rosmaster.master][INFO] 2017-09-21 19:44:45,750: publisherUpdate[/camera/image_raw] -> http://ubuntu:39177/ []: sec=0.00, exception=[Errno 111] Connection refused
[rosmaster.threadpool][ERROR] 2017-09-21 19:44:45,759: Traceback (most recent call last):
  File "/opt/ros/kinetic/lib/python2.7/dist-packages/rosmaster/threadpool.py", line 218, in run
    result = cmd(*args)
  File "/opt/ros/kinetic/lib/python2.7/dist-packages/rosmaster/master_api.py", line 210, in publisher_update_task
    ret = xmlrpcapi(api).publisherUpdate('/master', topic, pub_uris)
  File "/usr/lib/python2.7/xmlrpclib.py", line 1243, in __call__
    return self.__send(self.__name, args)
  File "/usr/lib/python2.7/xmlrpclib.py", line 1602, in __request
    verbose=self.__verbose
  File "/usr/lib/python2.7/xmlrpclib.py", line 1283, in request
    return self.single_request(host, handler, request_body, verbose)
  File "/usr/lib/python2.7/xmlrpclib.py", line 1311, in single_request
    self.send_content(h, request_body)
  File "/usr/lib/python2.7/xmlrpclib.py", line 1459, in send_content
    connection.endheaders(request_body)
  File "/usr/lib/python2.7/httplib.py", line 1053, in endheaders
    self._send_output(message_body)
  File "/usr/lib/python2.7/httplib.py", line 897, in _send_output
    self.send(msg)
  File "/usr/lib/python2.7/httplib.py", line 859, in send
    self.connect()
  File "/usr/lib/python2.7/httplib.py", line 836, in connect
    self.timeout, self.source_address)
  File "/usr/lib/python2.7/socket.py", line 575, in create_connection
    raise err
error: [Errno 111] Connection refused

[rosmaster.master][INFO] 2017-09-21 19:44:46,250: -PUB [/rosout_agg] /rosout http://ubuntu:45238/
[rosmaster.master][INFO] 2017-09-21 19:44:46,251: -SUB [/rosout] /rosout http://ubuntu:45238/
[rosmaster.master][INFO] 2017-09-21 19:44:46,252: -SERVICE [/rosout/get_loggers] /rosout rosrpc://ubuntu:38988
[rosmaster.master][INFO] 2017-09-21 19:44:46,252: -SERVICE [/rosout/set_logger_level] /rosout rosrpc://ubuntu:38988
[rosmaster.main][INFO] 2017-09-21 19:44:46,273: keyboard interrupt, will exit
[rosmaster.main][INFO] 2017-09-21 19:44:46,273: stopping master...
[rospy.core][INFO] 2017-09-21 19:44:46,273: signal_shutdown [atexit]
