[rosmaster.main][INFO] 2017-10-03 18:47:42,611: initialization complete, waiting for shutdown
[rosmaster.main][INFO] 2017-10-03 18:47:42,611: Starting ROS Master Node
[xmlrpc][INFO] 2017-10-03 18:47:42,612: XML-RPC server binding to 0.0.0.0:11311
[xmlrpc][INFO] 2017-10-03 18:47:42,612: Started XML-RPC server [http://ubuntu:11311/]
[xmlrpc][INFO] 2017-10-03 18:47:42,612: xml rpc node: starting XML-RPC server
[rosmaster.master][INFO] 2017-10-03 18:47:42,612: Master initialized: port[11311], uri[http://ubuntu:11311/]
[rosmaster.master][INFO] 2017-10-03 18:47:42,657: +PARAM [/run_id] by /roslaunch
[rosmaster.master][INFO] 2017-10-03 18:47:42,659: +PARAM [/roslaunch/uris/host_ubuntu__41274] by /roslaunch
[rosmaster.master][INFO] 2017-10-03 18:47:42,732: +PARAM [/rosversion] by /roslaunch
[rosmaster.master][INFO] 2017-10-03 18:47:42,732: +PARAM [/rosdistro] by /roslaunch
[rosmaster.master][INFO] 2017-10-03 18:47:42,732: +PARAM [/camera/device_id] by /roslaunch
[rosmaster.master][INFO] 2017-10-03 18:47:42,743: +SERVICE [/rosout/get_loggers] /rosout http://ubuntu:42057/
[rosmaster.master][INFO] 2017-10-03 18:47:42,744: +SERVICE [/rosout/set_logger_level] /rosout http://ubuntu:42057/
[rosmaster.master][INFO] 2017-10-03 18:47:42,745: +PUB [/rosout_agg] /rosout http://ubuntu:42057/
[rosmaster.master][INFO] 2017-10-03 18:47:42,750: +SUB [/rosout] /rosout http://ubuntu:42057/
[rosmaster.master][INFO] 2017-10-03 18:47:42,864: +PUB [/rosout] /mask_orange http://ubuntu:37737/
[rosmaster.master][INFO] 2017-10-03 18:47:42,865: +SERVICE [/mask_orange/get_loggers] /mask_orange http://ubuntu:37737/
[rosmaster.master][INFO] 2017-10-03 18:47:42,866: +SERVICE [/mask_orange/set_logger_level] /mask_orange http://ubuntu:37737/
[rosmaster.master][INFO] 2017-10-03 18:47:42,914: publisherUpdate[/rosout] -> http://ubuntu:42057/ ['http://ubuntu:37737/']
[rosmaster.master][INFO] 2017-10-03 18:47:42,916: publisherUpdate[/rosout] -> http://ubuntu:42057/ ['http://ubuntu:37737/']: sec=0.00, result=[1, '', 0]
[rosmaster.master][INFO] 2017-10-03 18:47:42,918: +PUB [/rosout] /view http://ubuntu:34376/
[rosmaster.master][INFO] 2017-10-03 18:47:42,919: +SERVICE [/view/get_loggers] /view http://ubuntu:34376/
[rosmaster.master][INFO] 2017-10-03 18:47:42,920: +SERVICE [/view/set_logger_level] /view http://ubuntu:34376/
[rosmaster.master][INFO] 2017-10-03 18:47:42,930: +PUB [/rosout] /camera http://ubuntu:35679/
[rosmaster.master][INFO] 2017-10-03 18:47:42,935: +SERVICE [/camera/get_loggers] /camera http://ubuntu:35679/
[rosmaster.master][INFO] 2017-10-03 18:47:42,939: +SERVICE [/camera/set_logger_level] /camera http://ubuntu:35679/
[rosmaster.master][INFO] 2017-10-03 18:47:42,940: +SUB [/tf] /view http://ubuntu:34376/
[rosmaster.master][INFO] 2017-10-03 18:47:42,964: +SUB [/tf_static] /view http://ubuntu:34376/
[rosmaster.master][INFO] 2017-10-03 18:47:43,015: publisherUpdate[/rosout] -> http://ubuntu:42057/ ['http://ubuntu:37737/', 'http://ubuntu:34376/']
[rosmaster.master][INFO] 2017-10-03 18:47:43,016: publisherUpdate[/rosout] -> http://ubuntu:42057/ ['http://ubuntu:37737/', 'http://ubuntu:34376/']: sec=0.00, result=[1, '', 0]
[rosmaster.master][INFO] 2017-10-03 18:47:43,016: publisherUpdate[/rosout] -> http://ubuntu:42057/ ['http://ubuntu:37737/', 'http://ubuntu:34376/', 'http://ubuntu:35679/']
[rosmaster.master][INFO] 2017-10-03 18:47:43,017: publisherUpdate[/rosout] -> http://ubuntu:42057/ ['http://ubuntu:37737/', 'http://ubuntu:34376/', 'http://ubuntu:35679/']: sec=0.00, result=[1, '', 0]
[rosmaster.master][INFO] 2017-10-03 18:47:43,035: +SERVICE [/camera/set_camera_info] /camera http://ubuntu:35679/
[rosmaster.master][INFO] 2017-10-03 18:47:43,039: +PUB [/image/screenpoint] /view http://ubuntu:34376/
[rosmaster.master][INFO] 2017-10-03 18:47:43,040: +PUB [/image/screenpoint_array] /view http://ubuntu:34376/
[rosmaster.master][INFO] 2017-10-03 18:47:43,041: +PUB [/image/screenrectangle] /view http://ubuntu:34376/
[rosmaster.master][INFO] 2017-10-03 18:47:43,043: +PUB [/image/screenrectangle_image] /view http://ubuntu:34376/
[rosmaster.master][INFO] 2017-10-03 18:47:43,044: +PUB [/image/movepoint] /view http://ubuntu:34376/
[rosmaster.master][INFO] 2017-10-03 18:47:43,045: +PUB [/image/foreground] /view http://ubuntu:34376/
[rosmaster.master][INFO] 2017-10-03 18:47:43,046: +PUB [/image/background] /view http://ubuntu:34376/
[rosmaster.master][INFO] 2017-10-03 18:47:43,047: +PUB [/image/foreground_rect] /view http://ubuntu:34376/
[rosmaster.master][INFO] 2017-10-03 18:47:43,051: +PUB [/image/background_rect] /view http://ubuntu:34376/
[rosmaster.master][INFO] 2017-10-03 18:47:43,053: +PUB [/image/line] /view http://ubuntu:34376/
[rosmaster.master][INFO] 2017-10-03 18:47:43,056: +PUB [/image/poly] /view http://ubuntu:34376/
[rosmaster.master][INFO] 2017-10-03 18:47:43,061: +SUB [/camera/image_raw] /mask_orange http://ubuntu:37737/
[rosmaster.master][INFO] 2017-10-03 18:47:43,144: +PUB [/image/compressedDepth] /mask_orange http://ubuntu:37737/
[rosmaster.master][INFO] 2017-10-03 18:47:43,145: +SERVICE [/image/compressedDepth/set_parameters] /mask_orange http://ubuntu:37737/
[rosmaster.master][INFO] 2017-10-03 18:47:43,146: +PUB [/image/compressedDepth/parameter_descriptions] /mask_orange http://ubuntu:37737/
[rosmaster.master][INFO] 2017-10-03 18:47:43,147: +PUB [/image/compressedDepth/parameter_updates] /mask_orange http://ubuntu:37737/
[rosmaster.master][INFO] 2017-10-03 18:47:43,155: +PARAM [/image/compressedDepth/depth_max] by /mask_orange
[rosmaster.master][INFO] 2017-10-03 18:47:43,156: +PARAM [/image/compressedDepth/depth_quantization] by /mask_orange
[rosmaster.master][INFO] 2017-10-03 18:47:43,157: +PARAM [/image/compressedDepth/png_level] by /mask_orange
[rosmaster.master][INFO] 2017-10-03 18:47:43,159: +PARAM [/image/compressedDepth/depth_max] by /mask_orange
[rosmaster.master][INFO] 2017-10-03 18:47:43,160: +PARAM [/image/compressedDepth/depth_quantization] by /mask_orange
[rosmaster.master][INFO] 2017-10-03 18:47:43,165: +PARAM [/image/compressedDepth/png_level] by /mask_orange
[rosmaster.master][INFO] 2017-10-03 18:47:43,171: +PUB [/image_marked/compressedDepth] /view http://ubuntu:34376/
[rosmaster.master][INFO] 2017-10-03 18:47:43,172: +SERVICE [/image_marked/compressedDepth/set_parameters] /view http://ubuntu:34376/
[rosmaster.master][INFO] 2017-10-03 18:47:43,174: +PUB [/image_marked/compressedDepth/parameter_descriptions] /view http://ubuntu:34376/
[rosmaster.master][INFO] 2017-10-03 18:47:43,175: +PUB [/image_marked/compressedDepth/parameter_updates] /view http://ubuntu:34376/
[rosmaster.master][INFO] 2017-10-03 18:47:43,185: +PARAM [/image_marked/compressedDepth/depth_max] by /view
[rosmaster.master][INFO] 2017-10-03 18:47:43,186: +PARAM [/image_marked/compressedDepth/depth_quantization] by /view
[rosmaster.master][INFO] 2017-10-03 18:47:43,191: +PARAM [/image_marked/compressedDepth/png_level] by /view
[rosmaster.master][INFO] 2017-10-03 18:47:43,196: +PARAM [/image_marked/compressedDepth/depth_max] by /view
[rosmaster.master][INFO] 2017-10-03 18:47:43,197: +PARAM [/image_marked/compressedDepth/depth_quantization] by /view
[rosmaster.master][INFO] 2017-10-03 18:47:43,198: +PARAM [/image_marked/compressedDepth/png_level] by /view
[rosmaster.master][INFO] 2017-10-03 18:47:43,251: +PUB [/image/compressed] /mask_orange http://ubuntu:37737/
[rosmaster.master][INFO] 2017-10-03 18:47:43,259: +SERVICE [/image/compressed/set_parameters] /mask_orange http://ubuntu:37737/
[rosmaster.master][INFO] 2017-10-03 18:47:43,260: +PUB [/image/compressed/parameter_descriptions] /mask_orange http://ubuntu:37737/
[rosmaster.master][INFO] 2017-10-03 18:47:43,261: +PUB [/image/compressed/parameter_updates] /mask_orange http://ubuntu:37737/
[rosmaster.master][INFO] 2017-10-03 18:47:43,268: +PARAM [/image/compressed/format] by /mask_orange
[rosmaster.master][INFO] 2017-10-03 18:47:43,269: +PARAM [/image/compressed/jpeg_quality] by /mask_orange
[rosmaster.master][INFO] 2017-10-03 18:47:43,270: +PARAM [/image/compressed/png_level] by /mask_orange
[rosmaster.master][INFO] 2017-10-03 18:47:43,272: +PARAM [/image/compressed/format] by /mask_orange
[rosmaster.master][INFO] 2017-10-03 18:47:43,275: +PARAM [/image/compressed/jpeg_quality] by /mask_orange
[rosmaster.master][INFO] 2017-10-03 18:47:43,280: +PARAM [/image/compressed/png_level] by /mask_orange
[rosmaster.master][INFO] 2017-10-03 18:47:43,300: +PUB [/image_marked/compressed] /view http://ubuntu:34376/
[rosmaster.master][INFO] 2017-10-03 18:47:43,301: +SERVICE [/image_marked/compressed/set_parameters] /view http://ubuntu:34376/
[rosmaster.master][INFO] 2017-10-03 18:47:43,303: +PUB [/image_marked/compressed/parameter_descriptions] /view http://ubuntu:34376/
[rosmaster.master][INFO] 2017-10-03 18:47:43,304: +PUB [/image_marked/compressed/parameter_updates] /view http://ubuntu:34376/
[rosmaster.master][INFO] 2017-10-03 18:47:43,319: +PARAM [/image_marked/compressed/format] by /view
[rosmaster.master][INFO] 2017-10-03 18:47:43,319: +PARAM [/image_marked/compressed/jpeg_quality] by /view
[rosmaster.master][INFO] 2017-10-03 18:47:43,320: +PARAM [/image_marked/compressed/png_level] by /view
[rosmaster.master][INFO] 2017-10-03 18:47:43,321: +PARAM [/image_marked/compressed/format] by /view
[rosmaster.master][INFO] 2017-10-03 18:47:43,327: +PARAM [/image_marked/compressed/jpeg_quality] by /view
[rosmaster.master][INFO] 2017-10-03 18:47:43,333: +PARAM [/image_marked/compressed/png_level] by /view
[rosmaster.master][INFO] 2017-10-03 18:47:43,388: +PUB [/camera/image_raw/compressedDepth] /camera http://ubuntu:35679/
[rosmaster.master][INFO] 2017-10-03 18:47:43,389: +SERVICE [/camera/image_raw/compressedDepth/set_parameters] /camera http://ubuntu:35679/
[rosmaster.master][INFO] 2017-10-03 18:47:43,391: +PUB [/camera/image_raw/compressedDepth/parameter_descriptions] /camera http://ubuntu:35679/
[rosmaster.master][INFO] 2017-10-03 18:47:43,392: +PUB [/camera/image_raw/compressedDepth/parameter_updates] /camera http://ubuntu:35679/
[rosmaster.master][INFO] 2017-10-03 18:47:43,393: +PUB [/image] /mask_orange http://ubuntu:37737/
[rosmaster.master][INFO] 2017-10-03 18:47:43,399: +PARAM [/camera/image_raw/compressedDepth/depth_max] by /camera
[rosmaster.master][INFO] 2017-10-03 18:47:43,407: +PARAM [/camera/image_raw/compressedDepth/depth_quantization] by /camera
[rosmaster.master][INFO] 2017-10-03 18:47:43,411: +PARAM [/camera/image_raw/compressedDepth/png_level] by /camera
[rosmaster.master][INFO] 2017-10-03 18:47:43,412: +PARAM [/camera/image_raw/compressedDepth/depth_max] by /camera
[rosmaster.master][INFO] 2017-10-03 18:47:43,413: +PARAM [/camera/image_raw/compressedDepth/depth_quantization] by /camera
[rosmaster.master][INFO] 2017-10-03 18:47:43,413: +PARAM [/camera/image_raw/compressedDepth/png_level] by /camera
[rosmaster.master][INFO] 2017-10-03 18:47:43,443: +PUB [/image_marked] /view http://ubuntu:34376/
[rosmaster.master][INFO] 2017-10-03 18:47:43,512: +PUB [/image/theora] /mask_orange http://ubuntu:37737/
[rosmaster.master][INFO] 2017-10-03 18:47:43,513: +SERVICE [/image/theora/set_parameters] /mask_orange http://ubuntu:37737/
[rosmaster.master][INFO] 2017-10-03 18:47:43,513: +PUB [/image/theora/parameter_descriptions] /mask_orange http://ubuntu:37737/
[rosmaster.master][INFO] 2017-10-03 18:47:43,515: +PUB [/image/theora/parameter_updates] /mask_orange http://ubuntu:37737/
[rosmaster.master][INFO] 2017-10-03 18:47:43,519: +PARAM [/image/theora/optimize_for] by /mask_orange
[rosmaster.master][INFO] 2017-10-03 18:47:43,519: +PUB [/camera/image_raw/compressed] /camera http://ubuntu:35679/
[rosmaster.master][INFO] 2017-10-03 18:47:43,520: +PARAM [/image/theora/target_bitrate] by /mask_orange
[rosmaster.master][INFO] 2017-10-03 18:47:43,528: +SERVICE [/camera/image_raw/compressed/set_parameters] /camera http://ubuntu:35679/
[rosmaster.master][INFO] 2017-10-03 18:47:43,529: +PARAM [/image/theora/quality] by /mask_orange
[rosmaster.master][INFO] 2017-10-03 18:47:43,529: +PUB [/camera/image_raw/compressed/parameter_descriptions] /camera http://ubuntu:35679/
[rosmaster.master][INFO] 2017-10-03 18:47:43,531: +PARAM [/image/theora/keyframe_frequency] by /mask_orange
[rosmaster.master][INFO] 2017-10-03 18:47:43,532: +PUB [/camera/image_raw/compressed/parameter_updates] /camera http://ubuntu:35679/
[rosmaster.master][INFO] 2017-10-03 18:47:43,536: +PARAM [/image/theora/optimize_for] by /mask_orange
[rosmaster.master][INFO] 2017-10-03 18:47:43,544: +PARAM [/image/theora/target_bitrate] by /mask_orange
[rosmaster.master][INFO] 2017-10-03 18:47:43,548: +PARAM [/image/theora/quality] by /mask_orange
[rosmaster.master][INFO] 2017-10-03 18:47:43,549: +PUB [/image_marked/theora] /view http://ubuntu:34376/
[rosmaster.master][INFO] 2017-10-03 18:47:43,550: +PARAM [/image/theora/keyframe_frequency] by /mask_orange
[rosmaster.master][INFO] 2017-10-03 18:47:43,551: +PARAM [/camera/image_raw/compressed/format] by /camera
[rosmaster.master][INFO] 2017-10-03 18:47:43,556: +SERVICE [/image_marked/theora/set_parameters] /view http://ubuntu:34376/
[rosmaster.master][INFO] 2017-10-03 18:47:43,556: +PARAM [/camera/image_raw/compressed/jpeg_quality] by /camera
[rosmaster.master][INFO] 2017-10-03 18:47:43,557: +PUB [/image_marked/theora/parameter_descriptions] /view http://ubuntu:34376/
[rosmaster.master][INFO] 2017-10-03 18:47:43,558: +PARAM [/camera/image_raw/compressed/png_level] by /camera
[rosmaster.master][INFO] 2017-10-03 18:47:43,559: +PUB [/image_marked/theora/parameter_updates] /view http://ubuntu:34376/
[rosmaster.master][INFO] 2017-10-03 18:47:43,559: +PARAM [/camera/image_raw/compressed/format] by /camera
[rosmaster.master][INFO] 2017-10-03 18:47:43,564: +PARAM [/camera/image_raw/compressed/jpeg_quality] by /camera
[rosmaster.master][INFO] 2017-10-03 18:47:43,565: +PARAM [/camera/image_raw/compressed/png_level] by /camera
[rosmaster.master][INFO] 2017-10-03 18:47:43,576: +PARAM [/image_marked/theora/optimize_for] by /view
[rosmaster.master][INFO] 2017-10-03 18:47:43,580: +PARAM [/image_marked/theora/target_bitrate] by /view
[rosmaster.master][INFO] 2017-10-03 18:47:43,580: +PARAM [/image_marked/theora/quality] by /view
[rosmaster.master][INFO] 2017-10-03 18:47:43,581: +PARAM [/image_marked/theora/keyframe_frequency] by /view
[rosmaster.master][INFO] 2017-10-03 18:47:43,582: +PARAM [/image_marked/theora/optimize_for] by /view
[rosmaster.master][INFO] 2017-10-03 18:47:43,582: +PARAM [/image_marked/theora/target_bitrate] by /view
[rosmaster.master][INFO] 2017-10-03 18:47:43,592: +PARAM [/image_marked/theora/quality] by /view
[rosmaster.master][INFO] 2017-10-03 18:47:43,592: +PARAM [/image_marked/theora/keyframe_frequency] by /view
[rosmaster.master][INFO] 2017-10-03 18:47:43,648: +PUB [/camera/image_raw] /camera http://ubuntu:35679/
[rosmaster.master][INFO] 2017-10-03 18:47:43,670: +PUB [/image/marked/compressedDepth] /view http://ubuntu:34376/
[rosmaster.master][INFO] 2017-10-03 18:47:43,671: +SERVICE [/image/marked/compressedDepth/set_parameters] /view http://ubuntu:34376/
[rosmaster.master][INFO] 2017-10-03 18:47:43,671: +PUB [/image/marked/compressedDepth/parameter_descriptions] /view http://ubuntu:34376/
[rosmaster.master][INFO] 2017-10-03 18:47:43,672: +PUB [/image/marked/compressedDepth/parameter_updates] /view http://ubuntu:34376/
[rosmaster.master][INFO] 2017-10-03 18:47:43,674: +PARAM [/image/marked/compressedDepth/depth_max] by /view
[rosmaster.master][INFO] 2017-10-03 18:47:43,675: +PARAM [/image/marked/compressedDepth/depth_quantization] by /view
[rosmaster.master][INFO] 2017-10-03 18:47:43,675: +PARAM [/image/marked/compressedDepth/png_level] by /view
[rosmaster.master][INFO] 2017-10-03 18:47:43,676: +PARAM [/image/marked/compressedDepth/depth_max] by /view
[rosmaster.master][INFO] 2017-10-03 18:47:43,679: +PARAM [/image/marked/compressedDepth/depth_quantization] by /view
[rosmaster.master][INFO] 2017-10-03 18:47:43,679: +PARAM [/image/marked/compressedDepth/png_level] by /view
[rosmaster.master][INFO] 2017-10-03 18:47:43,719: publisherUpdate[/camera/image_raw] -> http://ubuntu:37737/ ['http://ubuntu:35679/']
[rosmaster.master][INFO] 2017-10-03 18:47:43,720: publisherUpdate[/camera/image_raw] -> http://ubuntu:37737/ ['http://ubuntu:35679/']: sec=0.00, result=[1, '', 0]
[rosmaster.master][INFO] 2017-10-03 18:47:43,739: +PUB [/camera/image_raw/theora] /camera http://ubuntu:35679/
[rosmaster.master][INFO] 2017-10-03 18:47:43,740: +SERVICE [/camera/image_raw/theora/set_parameters] /camera http://ubuntu:35679/
[rosmaster.master][INFO] 2017-10-03 18:47:43,740: +PUB [/camera/image_raw/theora/parameter_descriptions] /camera http://ubuntu:35679/
[rosmaster.master][INFO] 2017-10-03 18:47:43,743: +PUB [/camera/image_raw/theora/parameter_updates] /camera http://ubuntu:35679/
[rosmaster.master][INFO] 2017-10-03 18:47:43,748: +PARAM [/camera/image_raw/theora/optimize_for] by /camera
[rosmaster.master][INFO] 2017-10-03 18:47:43,748: +PARAM [/camera/image_raw/theora/target_bitrate] by /camera
[rosmaster.master][INFO] 2017-10-03 18:47:43,751: +PARAM [/camera/image_raw/theora/quality] by /camera
[rosmaster.master][INFO] 2017-10-03 18:47:43,755: +PARAM [/camera/image_raw/theora/keyframe_frequency] by /camera
[rosmaster.master][INFO] 2017-10-03 18:47:43,758: +PARAM [/camera/image_raw/theora/optimize_for] by /camera
[rosmaster.master][INFO] 2017-10-03 18:47:43,758: +PARAM [/camera/image_raw/theora/target_bitrate] by /camera
[rosmaster.master][INFO] 2017-10-03 18:47:43,763: +PUB [/image/marked/compressed] /view http://ubuntu:34376/
[rosmaster.master][INFO] 2017-10-03 18:47:43,764: +PARAM [/camera/image_raw/theora/quality] by /camera
[rosmaster.master][INFO] 2017-10-03 18:47:43,764: +SERVICE [/image/marked/compressed/set_parameters] /view http://ubuntu:34376/
[rosmaster.master][INFO] 2017-10-03 18:47:43,765: +PARAM [/camera/image_raw/theora/keyframe_frequency] by /camera
[rosmaster.master][INFO] 2017-10-03 18:47:43,767: +PUB [/image/marked/compressed/parameter_descriptions] /view http://ubuntu:34376/
[rosmaster.master][INFO] 2017-10-03 18:47:43,768: +PUB [/camera/camera_info] /camera http://ubuntu:35679/
[rosmaster.master][INFO] 2017-10-03 18:47:43,771: +PUB [/image/marked/compressed/parameter_updates] /view http://ubuntu:34376/
[rosmaster.master][INFO] 2017-10-03 18:47:43,780: +PARAM [/image/marked/compressed/format] by /view
[rosmaster.master][INFO] 2017-10-03 18:47:43,781: +PARAM [/image/marked/compressed/jpeg_quality] by /view
[rosmaster.master][INFO] 2017-10-03 18:47:43,782: +PARAM [/image/marked/compressed/png_level] by /view
[rosmaster.master][INFO] 2017-10-03 18:47:43,788: +PARAM [/image/marked/compressed/format] by /view
[rosmaster.master][INFO] 2017-10-03 18:47:43,789: +PARAM [/image/marked/compressed/jpeg_quality] by /view
[rosmaster.master][INFO] 2017-10-03 18:47:43,790: +PARAM [/image/marked/compressed/png_level] by /view
[rosmaster.master][INFO] 2017-10-03 18:47:43,849: +PUB [/image/marked] /view http://ubuntu:34376/
[rosmaster.master][INFO] 2017-10-03 18:47:43,907: +PUB [/image/marked/theora] /view http://ubuntu:34376/
[rosmaster.master][INFO] 2017-10-03 18:47:43,909: +SERVICE [/image/marked/theora/set_parameters] /view http://ubuntu:34376/
[rosmaster.master][INFO] 2017-10-03 18:47:43,915: +PUB [/image/marked/theora/parameter_descriptions] /view http://ubuntu:34376/
[rosmaster.master][INFO] 2017-10-03 18:47:43,916: +PUB [/image/marked/theora/parameter_updates] /view http://ubuntu:34376/
[rosmaster.master][INFO] 2017-10-03 18:47:43,920: +PARAM [/image/marked/theora/optimize_for] by /view
[rosmaster.master][INFO] 2017-10-03 18:47:43,922: +PARAM [/image/marked/theora/target_bitrate] by /view
[rosmaster.master][INFO] 2017-10-03 18:47:43,927: +PARAM [/image/marked/theora/quality] by /view
[rosmaster.master][INFO] 2017-10-03 18:47:43,928: +PARAM [/image/marked/theora/keyframe_frequency] by /view
[rosmaster.master][INFO] 2017-10-03 18:47:43,929: +PARAM [/image/marked/theora/optimize_for] by /view
[rosmaster.master][INFO] 2017-10-03 18:47:43,930: +PARAM [/image/marked/theora/target_bitrate] by /view
[rosmaster.master][INFO] 2017-10-03 18:47:43,930: +PARAM [/image/marked/theora/quality] by /view
[rosmaster.master][INFO] 2017-10-03 18:47:43,931: +PARAM [/image/marked/theora/keyframe_frequency] by /view
[rosmaster.master][INFO] 2017-10-03 18:47:43,990: +SUB [/image] /view http://ubuntu:34376/
[rosmaster.master][INFO] 2017-10-03 18:47:43,994: +SUB [/camera_info] /view http://ubuntu:34376/
[rosmaster.master][INFO] 2017-10-03 18:47:44,000: +SUB [/image_marker] /view http://ubuntu:34376/
[rosmaster.master][INFO] 2017-10-03 18:47:44,005: +SUB [/image/event] /view http://ubuntu:34376/
[rosmaster.master][INFO] 2017-10-03 18:47:44,008: +SERVICE [/view/change_mode] /view http://ubuntu:34376/
[rosmaster.master][INFO] 2017-10-03 18:47:44,009: +SERVICE [/view/rectangle_mode] /view http://ubuntu:34376/
[rosmaster.master][INFO] 2017-10-03 18:47:44,009: +SERVICE [/view/grabcut_mode] /view http://ubuntu:34376/
[rosmaster.master][INFO] 2017-10-03 18:47:44,012: +SERVICE [/view/grabcut_rect_mode] /view http://ubuntu:34376/
[rosmaster.master][INFO] 2017-10-03 18:47:44,012: +SERVICE [/view/line_mode] /view http://ubuntu:34376/
[rosmaster.master][INFO] 2017-10-03 18:47:44,016: +SERVICE [/view/poly_mode] /view http://ubuntu:34376/
[rosmaster.master][INFO] 2017-10-03 18:47:44,016: +SERVICE [/view/none_mode] /view http://ubuntu:34376/
[rosmaster.master][INFO] 2017-10-03 18:47:44,017: +SERVICE [/view/set_parameters] /view http://ubuntu:34376/
[rosmaster.master][INFO] 2017-10-03 18:47:44,018: +PUB [/view/parameter_descriptions] /view http://ubuntu:34376/
[rosmaster.master][INFO] 2017-10-03 18:47:44,020: +PUB [/view/parameter_updates] /view http://ubuntu:34376/
[rosmaster.master][INFO] 2017-10-03 18:47:44,031: +PARAM [/view/grid] by /view
[rosmaster.master][INFO] 2017-10-03 18:47:44,032: +PARAM [/view/fisheye_mode] by /view
[rosmaster.master][INFO] 2017-10-03 18:47:44,035: +PARAM [/view/div_u] by /view
[rosmaster.master][INFO] 2017-10-03 18:47:44,036: +PARAM [/view/div_v] by /view
[rosmaster.master][INFO] 2017-10-03 18:47:44,036: +PARAM [/view/grid_red] by /view
[rosmaster.master][INFO] 2017-10-03 18:47:44,037: +PARAM [/view/grid_green] by /view
[rosmaster.master][INFO] 2017-10-03 18:47:44,039: +PARAM [/view/grid_blue] by /view
[rosmaster.master][INFO] 2017-10-03 18:47:44,040: +PARAM [/view/grid_thickness] by /view
[rosmaster.master][INFO] 2017-10-03 18:47:44,042: +PARAM [/view/grid_space] by /view
[rosmaster.master][INFO] 2017-10-03 18:47:44,043: +PARAM [/view/grid] by /view
[rosmaster.master][INFO] 2017-10-03 18:47:44,047: +PARAM [/view/fisheye_mode] by /view
[rosmaster.master][INFO] 2017-10-03 18:47:44,048: +PARAM [/view/div_u] by /view
[rosmaster.master][INFO] 2017-10-03 18:47:44,048: +PARAM [/view/div_v] by /view
[rosmaster.master][INFO] 2017-10-03 18:47:44,049: +PARAM [/view/grid_red] by /view
[rosmaster.master][INFO] 2017-10-03 18:47:44,050: +PARAM [/view/grid_green] by /view
[rosmaster.master][INFO] 2017-10-03 18:47:44,053: +PARAM [/view/grid_blue] by /view
[rosmaster.master][INFO] 2017-10-03 18:47:44,054: +PARAM [/view/grid_thickness] by /view
[rosmaster.master][INFO] 2017-10-03 18:47:44,054: +PARAM [/view/grid_space] by /view
[rosmaster.master][INFO] 2017-10-03 18:47:45,074: +PUB [/rosout] /threshold_sender http://ubuntu:37611/
[rosmaster.master][INFO] 2017-10-03 18:47:45,079: +SERVICE [/threshold_sender/get_loggers] /threshold_sender http://ubuntu:37611/
[rosmaster.master][INFO] 2017-10-03 18:47:45,081: +SERVICE [/threshold_sender/set_logger_level] /threshold_sender http://ubuntu:37611/
[rosmaster.master][INFO] 2017-10-03 18:47:45,126: publisherUpdate[/rosout] -> http://ubuntu:42057/ ['http://ubuntu:37737/', 'http://ubuntu:34376/', 'http://ubuntu:35679/', 'http://ubuntu:37611/']
[rosmaster.master][INFO] 2017-10-03 18:47:45,127: publisherUpdate[/rosout] -> http://ubuntu:42057/ ['http://ubuntu:37737/', 'http://ubuntu:34376/', 'http://ubuntu:35679/', 'http://ubuntu:37611/']: sec=0.00, result=[1, '', 0]
[rosmaster.master][INFO] 2017-10-03 18:47:45,181: +SUB [/camera/image_raw/compressed/parameter_descriptions] /threshold_sender http://ubuntu:37611/
[rosmaster.master][INFO] 2017-10-03 18:47:45,191: +SUB [/camera/image_raw/compressed/parameter_updates] /threshold_sender http://ubuntu:37611/
[rosmaster.master][INFO] 2017-10-03 18:47:45,217: +SUB [/camera/image_raw/compressedDepth/parameter_descriptions] /threshold_sender http://ubuntu:37611/
[rosmaster.master][INFO] 2017-10-03 18:47:45,231: +SUB [/camera/image_raw/compressedDepth/parameter_updates] /threshold_sender http://ubuntu:37611/
[rosmaster.master][INFO] 2017-10-03 18:47:45,239: +SUB [/camera/image_raw/theora/parameter_descriptions] /threshold_sender http://ubuntu:37611/
[rosmaster.master][INFO] 2017-10-03 18:47:45,253: +SUB [/image/compressed/parameter_descriptions] /threshold_sender http://ubuntu:37611/
[rosmaster.master][INFO] 2017-10-03 18:47:45,256: +SUB [/camera/image_raw/theora/parameter_updates] /threshold_sender http://ubuntu:37611/
[rosmaster.master][INFO] 2017-10-03 18:47:45,268: +SUB [/image/compressedDepth/parameter_descriptions] /threshold_sender http://ubuntu:37611/
[rosmaster.master][INFO] 2017-10-03 18:47:45,285: +SUB [/image/marked/compressed/parameter_descriptions] /threshold_sender http://ubuntu:37611/
[rosmaster.master][INFO] 2017-10-03 18:47:45,294: +SUB [/image/compressed/parameter_updates] /threshold_sender http://ubuntu:37611/
[rosmaster.master][INFO] 2017-10-03 18:47:45,303: +SUB [/image/marked/compressedDepth/parameter_descriptions] /threshold_sender http://ubuntu:37611/
[rosmaster.master][INFO] 2017-10-03 18:47:45,305: +SUB [/image/marked/compressed/parameter_updates] /threshold_sender http://ubuntu:37611/
[rosmaster.master][INFO] 2017-10-03 18:47:45,317: +SUB [/image/marked/theora/parameter_descriptions] /threshold_sender http://ubuntu:37611/
[rosmaster.master][INFO] 2017-10-03 18:47:45,323: +SUB [/image/compressedDepth/parameter_updates] /threshold_sender http://ubuntu:37611/
[rosmaster.master][INFO] 2017-10-03 18:47:45,358: +SUB [/image/theora/parameter_descriptions] /threshold_sender http://ubuntu:37611/
[rosmaster.master][INFO] 2017-10-03 18:47:45,364: +SUB [/image/marked/compressedDepth/parameter_updates] /threshold_sender http://ubuntu:37611/
[rosmaster.master][INFO] 2017-10-03 18:47:45,372: +SUB [/image/marked/theora/parameter_updates] /threshold_sender http://ubuntu:37611/
[rosmaster.master][INFO] 2017-10-03 18:47:45,384: +SUB [/image_marked/compressed/parameter_descriptions] /threshold_sender http://ubuntu:37611/
[rosmaster.master][INFO] 2017-10-03 18:47:45,403: +SUB [/image/theora/parameter_updates] /threshold_sender http://ubuntu:37611/
[rosmaster.master][INFO] 2017-10-03 18:47:45,408: +SUB [/image_marked/compressedDepth/parameter_descriptions] /threshold_sender http://ubuntu:37611/
[rosmaster.master][INFO] 2017-10-03 18:47:45,411: +SUB [/image_marked/theora/parameter_descriptions] /threshold_sender http://ubuntu:37611/
[rosmaster.master][INFO] 2017-10-03 18:47:45,423: +SUB [/image_marked/compressed/parameter_updates] /threshold_sender http://ubuntu:37611/
[rosmaster.master][INFO] 2017-10-03 18:47:45,437: +SUB [/image_marked/compressedDepth/parameter_updates] /threshold_sender http://ubuntu:37611/
[rosmaster.master][INFO] 2017-10-03 18:47:45,440: +SUB [/image_marked/theora/parameter_updates] /threshold_sender http://ubuntu:37611/
[rosmaster.master][INFO] 2017-10-03 18:47:45,447: +SUB [/view/parameter_descriptions] /threshold_sender http://ubuntu:37611/
[rosmaster.master][INFO] 2017-10-03 18:47:45,461: +SUB [/view/parameter_updates] /threshold_sender http://ubuntu:37611/
[rosmaster.master][INFO] 2017-10-03 18:47:59,289: -SUB [/view/parameter_descriptions] /threshold_sender http://ubuntu:37611/
[rosmaster.master][INFO] 2017-10-03 18:47:59,301: -SUB [/view/parameter_updates] /threshold_sender http://ubuntu:37611/
[rosmaster.master][INFO] 2017-10-03 18:47:59,361: -SUB [/image/marked/compressed/parameter_descriptions] /threshold_sender http://ubuntu:37611/
[rosmaster.master][INFO] 2017-10-03 18:47:59,361: -SUB [/camera/image_raw/theora/parameter_descriptions] /threshold_sender http://ubuntu:37611/
[rosmaster.master][INFO] 2017-10-03 18:47:59,361: -SUB [/image/marked/theora/parameter_descriptions] /threshold_sender http://ubuntu:37611/
[rosmaster.master][INFO] 2017-10-03 18:47:59,361: -SUB [/image_marked/theora/parameter_descriptions] /threshold_sender http://ubuntu:37611/
[rosmaster.master][INFO] 2017-10-03 18:47:59,361: -SUB [/image_marked/compressed/parameter_updates] /threshold_sender http://ubuntu:37611/
[rosmaster.master][INFO] 2017-10-03 18:47:59,361: -SUB [/image/theora/parameter_descriptions] /threshold_sender http://ubuntu:37611/
[rosmaster.master][INFO] 2017-10-03 18:47:59,361: -SUB [/image_marked/compressedDepth/parameter_descriptions] /threshold_sender http://ubuntu:37611/
[rosmaster.master][INFO] 2017-10-03 18:47:59,361: -SUB [/image/compressedDepth/parameter_updates] /threshold_sender http://ubuntu:37611/
[rosmaster.master][INFO] 2017-10-03 18:47:59,362: -SUB [/camera/image_raw/compressed/parameter_descriptions] /threshold_sender http://ubuntu:37611/
[rosmaster.master][INFO] 2017-10-03 18:47:59,362: -SUB [/image_marked/compressedDepth/parameter_updates] /threshold_sender http://ubuntu:37611/
[rosmaster.master][INFO] 2017-10-03 18:47:59,362: -SUB [/image/compressed/parameter_descriptions] /threshold_sender http://ubuntu:37611/
[rosmaster.master][INFO] 2017-10-03 18:47:59,362: -SUB [/image/marked/theora/parameter_updates] /threshold_sender http://ubuntu:37611/
[rosmaster.master][INFO] 2017-10-03 18:47:59,362: -SUB [/image/compressedDepth/parameter_descriptions] /threshold_sender http://ubuntu:37611/
[rosmaster.master][INFO] 2017-10-03 18:47:59,362: -SUB [/image/marked/compressedDepth/parameter_descriptions] /threshold_sender http://ubuntu:37611/
[rosmaster.master][INFO] 2017-10-03 18:47:59,363: -SUB [/camera/image_raw/compressedDepth/parameter_descriptions] /threshold_sender http://ubuntu:37611/
[rosmaster.master][INFO] 2017-10-03 18:47:59,367: -SUB [/camera/image_raw/compressedDepth/parameter_updates] /threshold_sender http://ubuntu:37611/
[rosmaster.master][INFO] 2017-10-03 18:47:59,367: -SUB [/camera/image_raw/theora/parameter_updates] /threshold_sender http://ubuntu:37611/
[rosmaster.master][INFO] 2017-10-03 18:47:59,367: -SUB [/camera/image_raw/compressed/parameter_updates] /threshold_sender http://ubuntu:37611/
[rosmaster.master][INFO] 2017-10-03 18:47:59,367: -SUB [/image_marked/theora/parameter_updates] /threshold_sender http://ubuntu:37611/
[rosmaster.master][INFO] 2017-10-03 18:47:59,367: -SUB [/image/marked/compressed/parameter_updates] /threshold_sender http://ubuntu:37611/
[rosmaster.master][INFO] 2017-10-03 18:47:59,368: -SUB [/image/marked/compressedDepth/parameter_updates] /threshold_sender http://ubuntu:37611/
[rosmaster.master][INFO] 2017-10-03 18:47:59,368: -SUB [/image/compressed/parameter_updates] /threshold_sender http://ubuntu:37611/
[rosmaster.master][INFO] 2017-10-03 18:47:59,368: -SUB [/image_marked/compressed/parameter_descriptions] /threshold_sender http://ubuntu:37611/
[rosmaster.master][INFO] 2017-10-03 18:47:59,368: -SUB [/image/theora/parameter_updates] /threshold_sender http://ubuntu:37611/
[rosmaster.master][INFO] 2017-10-03 18:47:59,368: -PUB [/rosout] /threshold_sender http://ubuntu:37611/
[rosmaster.master][INFO] 2017-10-03 18:47:59,368: -SERVICE [/threshold_sender/set_logger_level] /threshold_sender rosrpc://ubuntu:39480
[rosmaster.master][INFO] 2017-10-03 18:47:59,368: -SERVICE [/threshold_sender/get_loggers] /threshold_sender rosrpc://ubuntu:39480
[rosmaster.master][INFO] 2017-10-03 18:47:59,405: publisherUpdate[/rosout] -> http://ubuntu:42057/ ['http://ubuntu:37737/', 'http://ubuntu:34376/', 'http://ubuntu:35679/']
[rosmaster.master][INFO] 2017-10-03 18:47:59,406: publisherUpdate[/rosout] -> http://ubuntu:42057/ ['http://ubuntu:37737/', 'http://ubuntu:34376/', 'http://ubuntu:35679/']: sec=0.00, result=[1, '', 0]
[rosmaster.master][INFO] 2017-10-03 18:48:01,774: -PUB [/rosout] /camera http://ubuntu:35679/
[rosmaster.master][INFO] 2017-10-03 18:48:01,775: -PUB [/camera/image_raw/compressedDepth] /camera http://ubuntu:35679/
[rosmaster.master][INFO] 2017-10-03 18:48:01,776: -PUB [/camera/image_raw/compressedDepth/parameter_descriptions] /camera http://ubuntu:35679/
[rosmaster.master][INFO] 2017-10-03 18:48:01,777: -PUB [/camera/image_raw/compressedDepth/parameter_updates] /camera http://ubuntu:35679/
[rosmaster.master][INFO] 2017-10-03 18:48:01,778: -PUB [/camera/image_raw/compressed] /camera http://ubuntu:35679/
[rosmaster.master][INFO] 2017-10-03 18:48:01,783: -PUB [/camera/image_raw/compressed/parameter_descriptions] /camera http://ubuntu:35679/
[rosmaster.master][INFO] 2017-10-03 18:48:01,785: -PUB [/camera/image_raw/compressed/parameter_updates] /camera http://ubuntu:35679/
[rosmaster.master][INFO] 2017-10-03 18:48:01,789: -PUB [/camera/image_raw] /camera http://ubuntu:35679/
[rosmaster.master][INFO] 2017-10-03 18:48:01,792: -PUB [/camera/image_raw/theora] /camera http://ubuntu:35679/
[rosmaster.master][INFO] 2017-10-03 18:48:01,803: -PUB [/camera/image_raw/theora/parameter_descriptions] /camera http://ubuntu:35679/
[rosmaster.master][INFO] 2017-10-03 18:48:01,808: -PUB [/camera/image_raw/theora/parameter_updates] /camera http://ubuntu:35679/
[rosmaster.master][INFO] 2017-10-03 18:48:01,815: -PUB [/camera/camera_info] /camera http://ubuntu:35679/
[rosmaster.master][INFO] 2017-10-03 18:48:01,825: -SERVICE [/camera/get_loggers] /camera rosrpc://ubuntu:37787
[rosmaster.master][INFO] 2017-10-03 18:48:01,826: -SERVICE [/camera/set_logger_level] /camera rosrpc://ubuntu:37787
[rosmaster.master][INFO] 2017-10-03 18:48:01,826: publisherUpdate[/rosout] -> http://ubuntu:42057/ ['http://ubuntu:37737/', 'http://ubuntu:34376/']
[rosmaster.master][INFO] 2017-10-03 18:48:01,827: publisherUpdate[/rosout] -> http://ubuntu:42057/ ['http://ubuntu:37737/', 'http://ubuntu:34376/']: sec=0.00, result=[1, '', 0]
[rosmaster.master][INFO] 2017-10-03 18:48:01,827: publisherUpdate[/camera/image_raw] -> http://ubuntu:37737/ []
[rosmaster.master][INFO] 2017-10-03 18:48:01,828: -SERVICE [/camera/set_camera_info] /camera rosrpc://ubuntu:37787
[rosmaster.master][INFO] 2017-10-03 18:48:01,833: -SERVICE [/camera/image_raw/compressedDepth/set_parameters] /camera rosrpc://ubuntu:37787
[rosmaster.master][INFO] 2017-10-03 18:48:01,839: publisherUpdate[/camera/image_raw] -> http://ubuntu:37737/ []: sec=0.01, result=[0, 'Unknown Error', 0]
[rosmaster.master][INFO] 2017-10-03 18:48:01,841: -PUB [/rosout] /mask_orange http://ubuntu:37737/
[rosmaster.master][INFO] 2017-10-03 18:48:01,847: -SERVICE [/camera/image_raw/compressed/set_parameters] /camera rosrpc://ubuntu:37787
[rosmaster.master][INFO] 2017-10-03 18:48:01,848: -PUB [/rosout] /view http://ubuntu:34376/
[rosmaster.master][INFO] 2017-10-03 18:48:01,851: -SERVICE [/camera/image_raw/theora/set_parameters] /camera rosrpc://ubuntu:37787
[rosmaster.master][INFO] 2017-10-03 18:48:01,855: -PUB [/image/screenpoint] /view http://ubuntu:34376/
[rosmaster.master][INFO] 2017-10-03 18:48:01,855: -PUB [/image/compressedDepth] /mask_orange http://ubuntu:37737/
[rosmaster.master][INFO] 2017-10-03 18:48:01,857: -PUB [/image/screenpoint_array] /view http://ubuntu:34376/
[rosmaster.master][INFO] 2017-10-03 18:48:01,859: -PUB [/image/screenrectangle] /view http://ubuntu:34376/
[rosmaster.master][INFO] 2017-10-03 18:48:01,863: -PUB [/image/compressedDepth/parameter_descriptions] /mask_orange http://ubuntu:37737/
[rosmaster.master][INFO] 2017-10-03 18:48:01,865: -PUB [/image/screenrectangle_image] /view http://ubuntu:34376/
[rosmaster.master][INFO] 2017-10-03 18:48:01,867: -PUB [/image/movepoint] /view http://ubuntu:34376/
[rosmaster.master][INFO] 2017-10-03 18:48:01,868: -PUB [/image/compressedDepth/parameter_updates] /mask_orange http://ubuntu:37737/
[rosmaster.master][INFO] 2017-10-03 18:48:01,871: -PUB [/image/compressed] /mask_orange http://ubuntu:37737/
[rosmaster.master][INFO] 2017-10-03 18:48:01,872: -PUB [/image/foreground] /view http://ubuntu:34376/
[rosmaster.master][INFO] 2017-10-03 18:48:01,874: -PUB [/image/background] /view http://ubuntu:34376/
[rosmaster.master][INFO] 2017-10-03 18:48:01,875: -PUB [/image/foreground_rect] /view http://ubuntu:34376/
[rosmaster.master][INFO] 2017-10-03 18:48:01,882: -PUB [/image/background_rect] /view http://ubuntu:34376/
[rosmaster.master][INFO] 2017-10-03 18:48:01,886: -PUB [/image/compressed/parameter_descriptions] /mask_orange http://ubuntu:37737/
[rosmaster.master][INFO] 2017-10-03 18:48:01,895: -PUB [/image/line] /view http://ubuntu:34376/
[rosmaster.master][INFO] 2017-10-03 18:48:01,895: -PUB [/image/compressed/parameter_updates] /mask_orange http://ubuntu:37737/
[rosmaster.master][INFO] 2017-10-03 18:48:01,898: -PUB [/image/poly] /view http://ubuntu:34376/
[rosmaster.master][INFO] 2017-10-03 18:48:01,901: -PUB [/image_marked/compressedDepth] /view http://ubuntu:34376/
[rosmaster.master][INFO] 2017-10-03 18:48:01,912: -PUB [/image_marked/compressedDepth/parameter_descriptions] /view http://ubuntu:34376/
[rosmaster.master][INFO] 2017-10-03 18:48:01,912: -PUB [/image] /mask_orange http://ubuntu:37737/
[rosmaster.master][INFO] 2017-10-03 18:48:01,915: -PUB [/image/theora] /mask_orange http://ubuntu:37737/
[rosmaster.master][INFO] 2017-10-03 18:48:01,918: -PUB [/image_marked/compressedDepth/parameter_updates] /view http://ubuntu:34376/
[rosmaster.master][INFO] 2017-10-03 18:48:01,923: -PUB [/image_marked/compressed] /view http://ubuntu:34376/
[rosmaster.master][INFO] 2017-10-03 18:48:01,927: -PUB [/image/theora/parameter_descriptions] /mask_orange http://ubuntu:37737/
[rosmaster.master][INFO] 2017-10-03 18:48:01,931: -PUB [/image_marked/compressed/parameter_descriptions] /view http://ubuntu:34376/
[rosmaster.master][INFO] 2017-10-03 18:48:01,935: -PUB [/image/theora/parameter_updates] /mask_orange http://ubuntu:37737/
[rosmaster.master][INFO] 2017-10-03 18:48:01,940: publisherUpdate[/rosout] -> http://ubuntu:42057/ ['http://ubuntu:34376/']
[rosmaster.master][INFO] 2017-10-03 18:48:01,940: publisherUpdate[/image] -> http://ubuntu:34376/ []
[rosmaster.master][INFO] 2017-10-03 18:48:01,943: publisherUpdate[/rosout] -> http://ubuntu:42057/ ['http://ubuntu:34376/']: sec=0.00, result=[1, '', 0]
[rosmaster.master][INFO] 2017-10-03 18:48:01,943: publisherUpdate[/rosout] -> http://ubuntu:42057/ []
[rosmaster.master][INFO] 2017-10-03 18:48:01,944: publisherUpdate[/image] -> http://ubuntu:34376/ []: sec=0.00, exception=<Fault -1: 'publisherUpdate: unknown method name'>
[rosmaster.threadpool][ERROR] 2017-10-03 18:48:01,945: Traceback (most recent call last):
  File "/opt/ros/kinetic/lib/python2.7/dist-packages/rosmaster/threadpool.py", line 218, in run
    result = cmd(*args)
  File "/opt/ros/kinetic/lib/python2.7/dist-packages/rosmaster/master_api.py", line 210, in publisher_update_task
    ret = xmlrpcapi(api).publisherUpdate('/master', topic, pub_uris)
  File "/usr/lib/python2.7/xmlrpclib.py", line 1243, in __call__
    return self.__send(self.__name, args)
  File "/usr/lib/python2.7/xmlrpclib.py", line 1602, in __request
    verbose=self.__verbose
  File "/usr/lib/python2.7/xmlrpclib.py", line 1283, in request
    return self.single_request(host, handler, request_body, verbose)
  File "/usr/lib/python2.7/xmlrpclib.py", line 1316, in single_request
    return self.parse_response(response)
  File "/usr/lib/python2.7/xmlrpclib.py", line 1493, in parse_response
    return u.close()
  File "/usr/lib/python2.7/xmlrpclib.py", line 800, in close
    raise Fault(**self._stack[0])
Fault: <Fault -1: 'publisherUpdate: unknown method name'>

[rosmaster.master][INFO] 2017-10-03 18:48:01,945: publisherUpdate[/rosout] -> http://ubuntu:42057/ []: sec=0.00, result=[1, '', 0]
[rosmaster.master][INFO] 2017-10-03 18:48:01,955: -PUB [/image_marked/compressed/parameter_updates] /view http://ubuntu:34376/
[rosmaster.master][INFO] 2017-10-03 18:48:01,956: -SUB [/camera/image_raw] /mask_orange http://ubuntu:37737/
[rosmaster.master][INFO] 2017-10-03 18:48:01,958: -PUB [/image_marked] /view http://ubuntu:34376/
[rosmaster.master][INFO] 2017-10-03 18:48:01,963: -SERVICE [/mask_orange/get_loggers] /mask_orange rosrpc://ubuntu:36910
[rosmaster.master][INFO] 2017-10-03 18:48:01,969: -PUB [/image_marked/theora] /view http://ubuntu:34376/
[rosmaster.master][INFO] 2017-10-03 18:48:01,971: -SERVICE [/mask_orange/set_logger_level] /mask_orange rosrpc://ubuntu:36910
[rosmaster.master][INFO] 2017-10-03 18:48:01,973: -SERVICE [/image/compressedDepth/set_parameters] /mask_orange rosrpc://ubuntu:36910
[rosmaster.master][INFO] 2017-10-03 18:48:01,975: -PUB [/image_marked/theora/parameter_descriptions] /view http://ubuntu:34376/
[rosmaster.master][INFO] 2017-10-03 18:48:01,984: -SERVICE [/image/compressed/set_parameters] /mask_orange rosrpc://ubuntu:36910
[rosmaster.master][INFO] 2017-10-03 18:48:01,985: -PUB [/image_marked/theora/parameter_updates] /view http://ubuntu:34376/
[rosmaster.master][INFO] 2017-10-03 18:48:01,991: -SERVICE [/image/theora/set_parameters] /mask_orange rosrpc://ubuntu:36910
[rosmaster.master][INFO] 2017-10-03 18:48:01,997: -PUB [/image/marked/compressedDepth] /view http://ubuntu:34376/
[rosmaster.master][INFO] 2017-10-03 18:48:02,001: -PUB [/image/marked/compressedDepth/parameter_descriptions] /view http://ubuntu:34376/
[rosmaster.master][INFO] 2017-10-03 18:48:02,004: -PUB [/image/marked/compressedDepth/parameter_updates] /view http://ubuntu:34376/
[rosmaster.master][INFO] 2017-10-03 18:48:02,005: -PUB [/image/marked/compressed] /view http://ubuntu:34376/
[rosmaster.master][INFO] 2017-10-03 18:48:02,006: -PUB [/image/marked/compressed/parameter_descriptions] /view http://ubuntu:34376/
[rosmaster.master][INFO] 2017-10-03 18:48:02,007: -PUB [/image/marked/compressed/parameter_updates] /view http://ubuntu:34376/
[rosmaster.master][INFO] 2017-10-03 18:48:02,010: -PUB [/image/marked] /view http://ubuntu:34376/
[rosmaster.master][INFO] 2017-10-03 18:48:02,015: -PUB [/image/marked/theora] /view http://ubuntu:34376/
[rosmaster.master][INFO] 2017-10-03 18:48:02,016: -PUB [/image/marked/theora/parameter_descriptions] /view http://ubuntu:34376/
[rosmaster.master][INFO] 2017-10-03 18:48:02,017: -PUB [/image/marked/theora/parameter_updates] /view http://ubuntu:34376/
[rosmaster.master][INFO] 2017-10-03 18:48:02,019: -PUB [/view/parameter_descriptions] /view http://ubuntu:34376/
[rosmaster.master][INFO] 2017-10-03 18:48:02,023: -PUB [/view/parameter_updates] /view http://ubuntu:34376/
[rosmaster.master][INFO] 2017-10-03 18:48:02,032: -SUB [/tf] /view http://ubuntu:34376/
[rosmaster.master][INFO] 2017-10-03 18:48:02,033: -SUB [/tf_static] /view http://ubuntu:34376/
[rosmaster.master][INFO] 2017-10-03 18:48:02,035: -SUB [/image] /view http://ubuntu:34376/
[rosmaster.master][INFO] 2017-10-03 18:48:02,035: -SUB [/camera_info] /view http://ubuntu:34376/
[rosmaster.master][INFO] 2017-10-03 18:48:02,036: -SUB [/image_marker] /view http://ubuntu:34376/
[rosmaster.master][INFO] 2017-10-03 18:48:02,037: -SUB [/image/event] /view http://ubuntu:34376/
[rosmaster.master][INFO] 2017-10-03 18:48:02,039: -SERVICE [/view/get_loggers] /view rosrpc://ubuntu:40912
[rosmaster.master][INFO] 2017-10-03 18:48:02,040: -SERVICE [/view/set_logger_level] /view rosrpc://ubuntu:40912
[rosmaster.master][INFO] 2017-10-03 18:48:02,041: -SERVICE [/image_marked/compressedDepth/set_parameters] /view rosrpc://ubuntu:40912
[rosmaster.master][INFO] 2017-10-03 18:48:02,043: -SERVICE [/image_marked/compressed/set_parameters] /view rosrpc://ubuntu:40912
[rosmaster.master][INFO] 2017-10-03 18:48:02,045: -SERVICE [/image_marked/theora/set_parameters] /view rosrpc://ubuntu:40912
[rosmaster.master][INFO] 2017-10-03 18:48:02,048: -SERVICE [/image/marked/compressedDepth/set_parameters] /view rosrpc://ubuntu:40912
[rosmaster.master][INFO] 2017-10-03 18:48:02,050: -SERVICE [/image/marked/compressed/set_parameters] /view rosrpc://ubuntu:40912
[rosmaster.master][INFO] 2017-10-03 18:48:02,052: -SERVICE [/image/marked/theora/set_parameters] /view rosrpc://ubuntu:40912
[rosmaster.master][INFO] 2017-10-03 18:48:02,054: -SERVICE [/view/change_mode] /view rosrpc://ubuntu:40912
[rosmaster.master][INFO] 2017-10-03 18:48:02,058: -SERVICE [/view/rectangle_mode] /view rosrpc://ubuntu:40912
[rosmaster.master][INFO] 2017-10-03 18:48:02,061: -SERVICE [/view/grabcut_mode] /view rosrpc://ubuntu:40912
[rosmaster.master][INFO] 2017-10-03 18:48:02,062: -SERVICE [/view/grabcut_rect_mode] /view rosrpc://ubuntu:40912
[rosmaster.master][INFO] 2017-10-03 18:48:02,064: -SERVICE [/view/line_mode] /view rosrpc://ubuntu:40912
[rosmaster.master][INFO] 2017-10-03 18:48:02,066: -SERVICE [/view/poly_mode] /view rosrpc://ubuntu:40912
[rosmaster.master][INFO] 2017-10-03 18:48:02,068: -SERVICE [/view/none_mode] /view rosrpc://ubuntu:40912
[rosmaster.master][INFO] 2017-10-03 18:48:02,068: -SERVICE [/view/set_parameters] /view rosrpc://ubuntu:40912
[rosmaster.master][INFO] 2017-10-03 18:48:02,351: -PUB [/rosout_agg] /rosout http://ubuntu:42057/
[rosmaster.master][INFO] 2017-10-03 18:48:02,356: -SUB [/rosout] /rosout http://ubuntu:42057/
[rosmaster.master][INFO] 2017-10-03 18:48:02,359: -SERVICE [/rosout/get_loggers] /rosout rosrpc://ubuntu:39943
[rosmaster.master][INFO] 2017-10-03 18:48:02,364: -SERVICE [/rosout/set_logger_level] /rosout rosrpc://ubuntu:39943
[rosmaster.main][INFO] 2017-10-03 18:48:02,550: keyboard interrupt, will exit
[rosmaster.main][INFO] 2017-10-03 18:48:02,550: stopping master...
[rospy.core][INFO] 2017-10-03 18:48:02,550: signal_shutdown [atexit]
