[rosmaster.main][INFO] 2017-09-13 16:36:23,008: initialization complete, waiting for shutdown
[rosmaster.main][INFO] 2017-09-13 16:36:23,008: Starting ROS Master Node
[xmlrpc][INFO] 2017-09-13 16:36:23,011: XML-RPC server binding to 0.0.0.0:11311
[xmlrpc][INFO] 2017-09-13 16:36:23,012: Started XML-RPC server [http://ubuntu:11311/]
[xmlrpc][INFO] 2017-09-13 16:36:23,012: xml rpc node: starting XML-RPC server
[rosmaster.master][INFO] 2017-09-13 16:36:23,012: Master initialized: port[11311], uri[http://ubuntu:11311/]
[rosmaster.master][INFO] 2017-09-13 16:36:23,027: +PARAM [/run_id] by /roslaunch
[rosmaster.master][INFO] 2017-09-13 16:36:23,028: +PARAM [/roslaunch/uris/host_ubuntu__33498] by /roslaunch
[rosmaster.master][INFO] 2017-09-13 16:36:23,113: +PARAM [/rosversion] by /roslaunch
[rosmaster.master][INFO] 2017-09-13 16:36:23,113: +PARAM [/rosdistro] by /roslaunch
[rosmaster.master][INFO] 2017-09-13 16:36:23,185: +SERVICE [/rosout/get_loggers] /rosout http://ubuntu:42257/
[rosmaster.master][INFO] 2017-09-13 16:36:23,186: +SERVICE [/rosout/set_logger_level] /rosout http://ubuntu:42257/
[rosmaster.master][INFO] 2017-09-13 16:36:23,195: +PUB [/rosout_agg] /rosout http://ubuntu:42257/
[rosmaster.master][INFO] 2017-09-13 16:36:23,222: +SUB [/rosout] /rosout http://ubuntu:42257/
[rosmaster.master][INFO] 2017-09-13 16:36:23,511: +PUB [/rosout] /view http://ubuntu:40301/
[rosmaster.master][INFO] 2017-09-13 16:36:23,512: +SERVICE [/view/get_loggers] /view http://ubuntu:40301/
[rosmaster.master][INFO] 2017-09-13 16:36:23,512: +SERVICE [/view/set_logger_level] /view http://ubuntu:40301/
[rosmaster.master][INFO] 2017-09-13 16:36:23,514: publisherUpdate[/rosout] -> http://ubuntu:42257/ ['http://ubuntu:40301/']
[rosmaster.master][INFO] 2017-09-13 16:36:23,516: publisherUpdate[/rosout] -> http://ubuntu:42257/ ['http://ubuntu:40301/']: sec=0.00, result=[1, '', 0]
[rosmaster.master][INFO] 2017-09-13 16:36:23,525: +PUB [/rosout] /camera http://ubuntu:42081/
[rosmaster.master][INFO] 2017-09-13 16:36:23,527: +SERVICE [/camera/get_loggers] /camera http://ubuntu:42081/
[rosmaster.master][INFO] 2017-09-13 16:36:23,528: +SUB [/tf] /view http://ubuntu:40301/
[rosmaster.master][INFO] 2017-09-13 16:36:23,529: +SERVICE [/camera/set_logger_level] /camera http://ubuntu:42081/
[rosmaster.master][INFO] 2017-09-13 16:36:23,538: +SUB [/tf_static] /view http://ubuntu:40301/
[rosmaster.master][INFO] 2017-09-13 16:36:23,611: publisherUpdate[/rosout] -> http://ubuntu:42257/ ['http://ubuntu:40301/', 'http://ubuntu:42081/']
[rosmaster.master][INFO] 2017-09-13 16:36:23,612: publisherUpdate[/rosout] -> http://ubuntu:42257/ ['http://ubuntu:40301/', 'http://ubuntu:42081/']: sec=0.00, result=[1, '', 0]
[rosmaster.master][INFO] 2017-09-13 16:36:23,746: +PUB [/image/screenpoint] /view http://ubuntu:40301/
[rosmaster.master][INFO] 2017-09-13 16:36:23,747: +PUB [/image/screenpoint_array] /view http://ubuntu:40301/
[rosmaster.master][INFO] 2017-09-13 16:36:23,748: +PUB [/image/screenrectangle] /view http://ubuntu:40301/
[rosmaster.master][INFO] 2017-09-13 16:36:23,748: +SERVICE [/camera/set_camera_info] /camera http://ubuntu:42081/
[rosmaster.master][INFO] 2017-09-13 16:36:23,749: +PUB [/image/screenrectangle_image] /view http://ubuntu:40301/
[rosmaster.master][INFO] 2017-09-13 16:36:23,750: +PUB [/image/movepoint] /view http://ubuntu:40301/
[rosmaster.master][INFO] 2017-09-13 16:36:23,751: +PUB [/image/foreground] /view http://ubuntu:40301/
[rosmaster.master][INFO] 2017-09-13 16:36:23,752: +PUB [/image/background] /view http://ubuntu:40301/
[rosmaster.master][INFO] 2017-09-13 16:36:23,753: +PUB [/image/foreground_rect] /view http://ubuntu:40301/
[rosmaster.master][INFO] 2017-09-13 16:36:23,754: +PUB [/image/background_rect] /view http://ubuntu:40301/
[rosmaster.master][INFO] 2017-09-13 16:36:23,754: +PUB [/image/line] /view http://ubuntu:40301/
[rosmaster.master][INFO] 2017-09-13 16:36:23,755: +PUB [/image/poly] /view http://ubuntu:40301/
[rosmaster.master][INFO] 2017-09-13 16:36:23,939: +PUB [/image_marked/compressedDepth] /view http://ubuntu:40301/
[rosmaster.master][INFO] 2017-09-13 16:36:23,940: +SERVICE [/image_marked/compressedDepth/set_parameters] /view http://ubuntu:40301/
[rosmaster.master][INFO] 2017-09-13 16:36:23,941: +PUB [/image_marked/compressedDepth/parameter_descriptions] /view http://ubuntu:40301/
[rosmaster.master][INFO] 2017-09-13 16:36:23,941: +PUB [/image_marked/compressedDepth/parameter_updates] /view http://ubuntu:40301/
[rosmaster.master][INFO] 2017-09-13 16:36:23,944: +PARAM [/image_marked/compressedDepth/depth_max] by /view
[rosmaster.master][INFO] 2017-09-13 16:36:23,945: +PARAM [/image_marked/compressedDepth/depth_quantization] by /view
[rosmaster.master][INFO] 2017-09-13 16:36:23,946: +PARAM [/image_marked/compressedDepth/png_level] by /view
[rosmaster.master][INFO] 2017-09-13 16:36:23,947: +PARAM [/image_marked/compressedDepth/depth_max] by /view
[rosmaster.master][INFO] 2017-09-13 16:36:23,947: +PARAM [/image_marked/compressedDepth/depth_quantization] by /view
[rosmaster.master][INFO] 2017-09-13 16:36:23,948: +PARAM [/image_marked/compressedDepth/png_level] by /view
[rosmaster.master][INFO] 2017-09-13 16:36:24,007: +PUB [/image_marked/compressed] /view http://ubuntu:40301/
[rosmaster.master][INFO] 2017-09-13 16:36:24,008: +SERVICE [/image_marked/compressed/set_parameters] /view http://ubuntu:40301/
[rosmaster.master][INFO] 2017-09-13 16:36:24,009: +PUB [/image_marked/compressed/parameter_descriptions] /view http://ubuntu:40301/
[rosmaster.master][INFO] 2017-09-13 16:36:24,010: +PUB [/image_marked/compressed/parameter_updates] /view http://ubuntu:40301/
[rosmaster.master][INFO] 2017-09-13 16:36:24,013: +PARAM [/image_marked/compressed/format] by /view
[rosmaster.master][INFO] 2017-09-13 16:36:24,016: +PARAM [/image_marked/compressed/jpeg_quality] by /view
[rosmaster.master][INFO] 2017-09-13 16:36:24,016: +PARAM [/image_marked/compressed/png_level] by /view
[rosmaster.master][INFO] 2017-09-13 16:36:24,019: +PARAM [/image_marked/compressed/format] by /view
[rosmaster.master][INFO] 2017-09-13 16:36:24,020: +PUB [/camera/image_raw/compressedDepth] /camera http://ubuntu:42081/
[rosmaster.master][INFO] 2017-09-13 16:36:24,021: +PARAM [/image_marked/compressed/jpeg_quality] by /view
[rosmaster.master][INFO] 2017-09-13 16:36:24,022: +SERVICE [/camera/image_raw/compressedDepth/set_parameters] /camera http://ubuntu:42081/
[rosmaster.master][INFO] 2017-09-13 16:36:24,022: +PARAM [/image_marked/compressed/png_level] by /view
[rosmaster.master][INFO] 2017-09-13 16:36:24,028: +PUB [/camera/image_raw/compressedDepth/parameter_descriptions] /camera http://ubuntu:42081/
[rosmaster.master][INFO] 2017-09-13 16:36:24,029: +PUB [/camera/image_raw/compressedDepth/parameter_updates] /camera http://ubuntu:42081/
[rosmaster.master][INFO] 2017-09-13 16:36:24,033: +PARAM [/camera/image_raw/compressedDepth/depth_max] by /camera
[rosmaster.master][INFO] 2017-09-13 16:36:24,037: +PARAM [/camera/image_raw/compressedDepth/depth_quantization] by /camera
[rosmaster.master][INFO] 2017-09-13 16:36:24,037: +PARAM [/camera/image_raw/compressedDepth/png_level] by /camera
[rosmaster.master][INFO] 2017-09-13 16:36:24,038: +PARAM [/camera/image_raw/compressedDepth/depth_max] by /camera
[rosmaster.master][INFO] 2017-09-13 16:36:24,039: +PARAM [/camera/image_raw/compressedDepth/depth_quantization] by /camera
[rosmaster.master][INFO] 2017-09-13 16:36:24,040: +PARAM [/camera/image_raw/compressedDepth/png_level] by /camera
[rosmaster.master][INFO] 2017-09-13 16:36:24,085: +PUB [/image_marked] /view http://ubuntu:40301/
[rosmaster.master][INFO] 2017-09-13 16:36:24,097: +PUB [/camera/image_raw/compressed] /camera http://ubuntu:42081/
[rosmaster.master][INFO] 2017-09-13 16:36:24,097: +SERVICE [/camera/image_raw/compressed/set_parameters] /camera http://ubuntu:42081/
[rosmaster.master][INFO] 2017-09-13 16:36:24,098: +PUB [/camera/image_raw/compressed/parameter_descriptions] /camera http://ubuntu:42081/
[rosmaster.master][INFO] 2017-09-13 16:36:24,099: +PUB [/camera/image_raw/compressed/parameter_updates] /camera http://ubuntu:42081/
[rosmaster.master][INFO] 2017-09-13 16:36:24,101: +PARAM [/camera/image_raw/compressed/format] by /camera
[rosmaster.master][INFO] 2017-09-13 16:36:24,102: +PARAM [/camera/image_raw/compressed/jpeg_quality] by /camera
[rosmaster.master][INFO] 2017-09-13 16:36:24,102: +PARAM [/camera/image_raw/compressed/png_level] by /camera
[rosmaster.master][INFO] 2017-09-13 16:36:24,103: +PARAM [/camera/image_raw/compressed/format] by /camera
[rosmaster.master][INFO] 2017-09-13 16:36:24,104: +PARAM [/camera/image_raw/compressed/jpeg_quality] by /camera
[rosmaster.master][INFO] 2017-09-13 16:36:24,109: +PARAM [/camera/image_raw/compressed/png_level] by /camera
[rosmaster.master][INFO] 2017-09-13 16:36:24,155: +PUB [/camera/image_raw] /camera http://ubuntu:42081/
[rosmaster.master][INFO] 2017-09-13 16:36:24,159: +PUB [/image_marked/theora] /view http://ubuntu:40301/
[rosmaster.master][INFO] 2017-09-13 16:36:24,160: +SERVICE [/image_marked/theora/set_parameters] /view http://ubuntu:40301/
[rosmaster.master][INFO] 2017-09-13 16:36:24,161: +PUB [/image_marked/theora/parameter_descriptions] /view http://ubuntu:40301/
[rosmaster.master][INFO] 2017-09-13 16:36:24,161: +PUB [/image_marked/theora/parameter_updates] /view http://ubuntu:40301/
[rosmaster.master][INFO] 2017-09-13 16:36:24,169: +PARAM [/image_marked/theora/optimize_for] by /view
[rosmaster.master][INFO] 2017-09-13 16:36:24,169: +PARAM [/image_marked/theora/target_bitrate] by /view
[rosmaster.master][INFO] 2017-09-13 16:36:24,170: +PARAM [/image_marked/theora/quality] by /view
[rosmaster.master][INFO] 2017-09-13 16:36:24,171: +PARAM [/image_marked/theora/keyframe_frequency] by /view
[rosmaster.master][INFO] 2017-09-13 16:36:24,173: +PARAM [/image_marked/theora/optimize_for] by /view
[rosmaster.master][INFO] 2017-09-13 16:36:24,174: +PARAM [/image_marked/theora/target_bitrate] by /view
[rosmaster.master][INFO] 2017-09-13 16:36:24,175: +PARAM [/image_marked/theora/quality] by /view
[rosmaster.master][INFO] 2017-09-13 16:36:24,176: +PARAM [/image_marked/theora/keyframe_frequency] by /view
[rosmaster.master][INFO] 2017-09-13 16:36:24,221: +PUB [/camera/image_raw/theora] /camera http://ubuntu:42081/
[rosmaster.master][INFO] 2017-09-13 16:36:24,224: +SERVICE [/camera/image_raw/theora/set_parameters] /camera http://ubuntu:42081/
[rosmaster.master][INFO] 2017-09-13 16:36:24,225: +PUB [/camera/image_raw/theora/parameter_descriptions] /camera http://ubuntu:42081/
[rosmaster.master][INFO] 2017-09-13 16:36:24,226: +PUB [/camera/image_raw/theora/parameter_updates] /camera http://ubuntu:42081/
[rosmaster.master][INFO] 2017-09-13 16:36:24,228: +PARAM [/camera/image_raw/theora/optimize_for] by /camera
[rosmaster.master][INFO] 2017-09-13 16:36:24,229: +PARAM [/camera/image_raw/theora/target_bitrate] by /camera
[rosmaster.master][INFO] 2017-09-13 16:36:24,231: +PARAM [/camera/image_raw/theora/quality] by /camera
[rosmaster.master][INFO] 2017-09-13 16:36:24,232: +PUB [/image/marked/compressedDepth] /view http://ubuntu:40301/
[rosmaster.master][INFO] 2017-09-13 16:36:24,232: +PARAM [/camera/image_raw/theora/keyframe_frequency] by /camera
[rosmaster.master][INFO] 2017-09-13 16:36:24,233: +SERVICE [/image/marked/compressedDepth/set_parameters] /view http://ubuntu:40301/
[rosmaster.master][INFO] 2017-09-13 16:36:24,234: +PARAM [/camera/image_raw/theora/optimize_for] by /camera
[rosmaster.master][INFO] 2017-09-13 16:36:24,235: +PUB [/image/marked/compressedDepth/parameter_descriptions] /view http://ubuntu:40301/
[rosmaster.master][INFO] 2017-09-13 16:36:24,235: +PARAM [/camera/image_raw/theora/target_bitrate] by /camera
[rosmaster.master][INFO] 2017-09-13 16:36:24,236: +PUB [/image/marked/compressedDepth/parameter_updates] /view http://ubuntu:40301/
[rosmaster.master][INFO] 2017-09-13 16:36:24,237: +PARAM [/camera/image_raw/theora/quality] by /camera
[rosmaster.master][INFO] 2017-09-13 16:36:24,238: +PARAM [/camera/image_raw/theora/keyframe_frequency] by /camera
[rosmaster.master][INFO] 2017-09-13 16:36:24,239: +PUB [/camera/camera_info] /camera http://ubuntu:42081/
[rosmaster.master][INFO] 2017-09-13 16:36:24,241: +PARAM [/image/marked/compressedDepth/depth_max] by /view
[rosmaster.master][INFO] 2017-09-13 16:36:24,242: +PARAM [/image/marked/compressedDepth/depth_quantization] by /view
[rosmaster.master][INFO] 2017-09-13 16:36:24,244: +PARAM [/image/marked/compressedDepth/png_level] by /view
[rosmaster.master][INFO] 2017-09-13 16:36:24,245: +PARAM [/image/marked/compressedDepth/depth_max] by /view
[rosmaster.master][INFO] 2017-09-13 16:36:24,246: +PARAM [/image/marked/compressedDepth/depth_quantization] by /view
[rosmaster.master][INFO] 2017-09-13 16:36:24,247: +PARAM [/image/marked/compressedDepth/png_level] by /view
[rosmaster.master][INFO] 2017-09-13 16:36:24,286: +PUB [/image/marked/compressed] /view http://ubuntu:40301/
[rosmaster.master][INFO] 2017-09-13 16:36:24,287: +SERVICE [/image/marked/compressed/set_parameters] /view http://ubuntu:40301/
[rosmaster.master][INFO] 2017-09-13 16:36:24,287: +PUB [/image/marked/compressed/parameter_descriptions] /view http://ubuntu:40301/
[rosmaster.master][INFO] 2017-09-13 16:36:24,288: +PUB [/image/marked/compressed/parameter_updates] /view http://ubuntu:40301/
[rosmaster.master][INFO] 2017-09-13 16:36:24,290: +PARAM [/image/marked/compressed/format] by /view
[rosmaster.master][INFO] 2017-09-13 16:36:24,291: +PARAM [/image/marked/compressed/jpeg_quality] by /view
[rosmaster.master][INFO] 2017-09-13 16:36:24,292: +PARAM [/image/marked/compressed/png_level] by /view
[rosmaster.master][INFO] 2017-09-13 16:36:24,292: +PARAM [/image/marked/compressed/format] by /view
[rosmaster.master][INFO] 2017-09-13 16:36:24,293: +PARAM [/image/marked/compressed/jpeg_quality] by /view
[rosmaster.master][INFO] 2017-09-13 16:36:24,294: +PARAM [/image/marked/compressed/png_level] by /view
[rosmaster.master][INFO] 2017-09-13 16:36:24,320: +PUB [/image/marked] /view http://ubuntu:40301/
[rosmaster.master][INFO] 2017-09-13 16:36:24,347: +PUB [/image/marked/theora] /view http://ubuntu:40301/
[rosmaster.master][INFO] 2017-09-13 16:36:24,348: +SERVICE [/image/marked/theora/set_parameters] /view http://ubuntu:40301/
[rosmaster.master][INFO] 2017-09-13 16:36:24,349: +PUB [/image/marked/theora/parameter_descriptions] /view http://ubuntu:40301/
[rosmaster.master][INFO] 2017-09-13 16:36:24,350: +PUB [/image/marked/theora/parameter_updates] /view http://ubuntu:40301/
[rosmaster.master][INFO] 2017-09-13 16:36:24,352: +PARAM [/image/marked/theora/optimize_for] by /view
[rosmaster.master][INFO] 2017-09-13 16:36:24,353: +PARAM [/image/marked/theora/target_bitrate] by /view
[rosmaster.master][INFO] 2017-09-13 16:36:24,354: +PARAM [/image/marked/theora/quality] by /view
[rosmaster.master][INFO] 2017-09-13 16:36:24,354: +PARAM [/image/marked/theora/keyframe_frequency] by /view
[rosmaster.master][INFO] 2017-09-13 16:36:24,355: +PARAM [/image/marked/theora/optimize_for] by /view
[rosmaster.master][INFO] 2017-09-13 16:36:24,356: +PARAM [/image/marked/theora/target_bitrate] by /view
[rosmaster.master][INFO] 2017-09-13 16:36:24,357: +PARAM [/image/marked/theora/quality] by /view
[rosmaster.master][INFO] 2017-09-13 16:36:24,357: +PARAM [/image/marked/theora/keyframe_frequency] by /view
[rosmaster.master][INFO] 2017-09-13 16:36:24,394: +SUB [/image] /view http://ubuntu:40301/
[rosmaster.master][INFO] 2017-09-13 16:36:24,397: +SUB [/camera_info] /view http://ubuntu:40301/
[rosmaster.master][INFO] 2017-09-13 16:36:24,401: +SUB [/image_marker] /view http://ubuntu:40301/
[rosmaster.master][INFO] 2017-09-13 16:36:24,404: +SUB [/image/event] /view http://ubuntu:40301/
[rosmaster.master][INFO] 2017-09-13 16:36:24,405: +SERVICE [/view/change_mode] /view http://ubuntu:40301/
[rosmaster.master][INFO] 2017-09-13 16:36:24,405: +SERVICE [/view/rectangle_mode] /view http://ubuntu:40301/
[rosmaster.master][INFO] 2017-09-13 16:36:24,406: +SERVICE [/view/grabcut_mode] /view http://ubuntu:40301/
[rosmaster.master][INFO] 2017-09-13 16:36:24,407: +SERVICE [/view/grabcut_rect_mode] /view http://ubuntu:40301/
[rosmaster.master][INFO] 2017-09-13 16:36:24,407: +SERVICE [/view/line_mode] /view http://ubuntu:40301/
[rosmaster.master][INFO] 2017-09-13 16:36:24,408: +SERVICE [/view/poly_mode] /view http://ubuntu:40301/
[rosmaster.master][INFO] 2017-09-13 16:36:24,409: +SERVICE [/view/none_mode] /view http://ubuntu:40301/
[rosmaster.master][INFO] 2017-09-13 16:36:24,410: +SERVICE [/view/set_parameters] /view http://ubuntu:40301/
[rosmaster.master][INFO] 2017-09-13 16:36:24,410: +PUB [/view/parameter_descriptions] /view http://ubuntu:40301/
[rosmaster.master][INFO] 2017-09-13 16:36:24,411: +PUB [/view/parameter_updates] /view http://ubuntu:40301/
[rosmaster.master][INFO] 2017-09-13 16:36:24,417: +PARAM [/view/grid] by /view
[rosmaster.master][INFO] 2017-09-13 16:36:24,417: +PARAM [/view/fisheye_mode] by /view
[rosmaster.master][INFO] 2017-09-13 16:36:24,418: +PARAM [/view/div_u] by /view
[rosmaster.master][INFO] 2017-09-13 16:36:24,419: +PARAM [/view/div_v] by /view
[rosmaster.master][INFO] 2017-09-13 16:36:24,419: +PARAM [/view/grid_red] by /view
[rosmaster.master][INFO] 2017-09-13 16:36:24,420: +PARAM [/view/grid_green] by /view
[rosmaster.master][INFO] 2017-09-13 16:36:24,420: +PARAM [/view/grid_blue] by /view
[rosmaster.master][INFO] 2017-09-13 16:36:24,421: +PARAM [/view/grid_thickness] by /view
[rosmaster.master][INFO] 2017-09-13 16:36:24,422: +PARAM [/view/grid_space] by /view
[rosmaster.master][INFO] 2017-09-13 16:36:24,423: +PARAM [/view/grid] by /view
[rosmaster.master][INFO] 2017-09-13 16:36:24,424: +PARAM [/view/fisheye_mode] by /view
[rosmaster.master][INFO] 2017-09-13 16:36:24,424: +PARAM [/view/div_u] by /view
[rosmaster.master][INFO] 2017-09-13 16:36:24,425: +PARAM [/view/div_v] by /view
[rosmaster.master][INFO] 2017-09-13 16:36:24,426: +PARAM [/view/grid_red] by /view
[rosmaster.master][INFO] 2017-09-13 16:36:24,426: +PARAM [/view/grid_green] by /view
[rosmaster.master][INFO] 2017-09-13 16:36:24,427: +PARAM [/view/grid_blue] by /view
[rosmaster.master][INFO] 2017-09-13 16:36:24,428: +PARAM [/view/grid_thickness] by /view
[rosmaster.master][INFO] 2017-09-13 16:36:24,428: +PARAM [/view/grid_space] by /view
[rosmaster.master][INFO] 2017-09-13 16:36:32,483: -PUB [/rosout] /camera http://ubuntu:42081/
[rosmaster.master][INFO] 2017-09-13 16:36:32,486: -PUB [/rosout] /view http://ubuntu:40301/
[rosmaster.master][INFO] 2017-09-13 16:36:32,488: -PUB [/camera/image_raw/compressedDepth] /camera http://ubuntu:42081/
[rosmaster.master][INFO] 2017-09-13 16:36:32,491: -PUB [/image/screenpoint] /view http://ubuntu:40301/
[rosmaster.master][INFO] 2017-09-13 16:36:32,491: -PUB [/camera/image_raw/compressedDepth/parameter_descriptions] /camera http://ubuntu:42081/
[rosmaster.master][INFO] 2017-09-13 16:36:32,492: -PUB [/camera/image_raw/compressedDepth/parameter_updates] /camera http://ubuntu:42081/
[rosmaster.master][INFO] 2017-09-13 16:36:32,493: -PUB [/image/screenpoint_array] /view http://ubuntu:40301/
[rosmaster.master][INFO] 2017-09-13 16:36:32,494: -PUB [/camera/image_raw/compressed] /camera http://ubuntu:42081/
[rosmaster.master][INFO] 2017-09-13 16:36:32,498: -PUB [/image/screenrectangle] /view http://ubuntu:40301/
[rosmaster.master][INFO] 2017-09-13 16:36:32,499: -PUB [/camera/image_raw/compressed/parameter_descriptions] /camera http://ubuntu:42081/
[rosmaster.master][INFO] 2017-09-13 16:36:32,499: -PUB [/camera/image_raw/compressed/parameter_updates] /camera http://ubuntu:42081/
[rosmaster.master][INFO] 2017-09-13 16:36:32,500: -PUB [/camera/image_raw] /camera http://ubuntu:42081/
[rosmaster.master][INFO] 2017-09-13 16:36:32,501: -PUB [/camera/image_raw/theora] /camera http://ubuntu:42081/
[rosmaster.master][INFO] 2017-09-13 16:36:32,503: -PUB [/image/screenrectangle_image] /view http://ubuntu:40301/
[rosmaster.master][INFO] 2017-09-13 16:36:32,503: -PUB [/camera/image_raw/theora/parameter_descriptions] /camera http://ubuntu:42081/
[rosmaster.master][INFO] 2017-09-13 16:36:32,504: -PUB [/camera/image_raw/theora/parameter_updates] /camera http://ubuntu:42081/
[rosmaster.master][INFO] 2017-09-13 16:36:32,509: -PUB [/image/movepoint] /view http://ubuntu:40301/
[rosmaster.master][INFO] 2017-09-13 16:36:32,509: -PUB [/camera/camera_info] /camera http://ubuntu:42081/
[rosmaster.master][INFO] 2017-09-13 16:36:32,512: -PUB [/image/foreground] /view http://ubuntu:40301/
[rosmaster.master][INFO] 2017-09-13 16:36:32,512: -SERVICE [/camera/get_loggers] /camera rosrpc://ubuntu:37859
[rosmaster.master][INFO] 2017-09-13 16:36:32,516: -PUB [/image/background] /view http://ubuntu:40301/
[rosmaster.master][INFO] 2017-09-13 16:36:32,517: -SERVICE [/camera/set_logger_level] /camera rosrpc://ubuntu:37859
[rosmaster.master][INFO] 2017-09-13 16:36:32,518: -SERVICE [/camera/set_camera_info] /camera rosrpc://ubuntu:37859
[rosmaster.master][INFO] 2017-09-13 16:36:32,518: -SERVICE [/camera/image_raw/compressedDepth/set_parameters] /camera rosrpc://ubuntu:37859
[rosmaster.master][INFO] 2017-09-13 16:36:32,524: -PUB [/image/foreground_rect] /view http://ubuntu:40301/
[rosmaster.master][INFO] 2017-09-13 16:36:32,525: -SERVICE [/camera/image_raw/compressed/set_parameters] /camera rosrpc://ubuntu:37859
[rosmaster.master][INFO] 2017-09-13 16:36:32,530: -PUB [/image/background_rect] /view http://ubuntu:40301/
[rosmaster.master][INFO] 2017-09-13 16:36:32,530: -SERVICE [/camera/image_raw/theora/set_parameters] /camera rosrpc://ubuntu:37859
[rosmaster.master][INFO] 2017-09-13 16:36:32,542: -PUB [/image/line] /view http://ubuntu:40301/
[rosmaster.master][INFO] 2017-09-13 16:36:32,543: -PUB [/image/poly] /view http://ubuntu:40301/
[rosmaster.master][INFO] 2017-09-13 16:36:32,544: -PUB [/image_marked/compressedDepth] /view http://ubuntu:40301/
[rosmaster.master][INFO] 2017-09-13 16:36:32,546: -PUB [/image_marked/compressedDepth/parameter_descriptions] /view http://ubuntu:40301/
[rosmaster.master][INFO] 2017-09-13 16:36:32,548: -PUB [/image_marked/compressedDepth/parameter_updates] /view http://ubuntu:40301/
[rosmaster.master][INFO] 2017-09-13 16:36:32,551: -PUB [/image_marked/compressed] /view http://ubuntu:40301/
[rosmaster.master][INFO] 2017-09-13 16:36:32,556: publisherUpdate[/rosout] -> http://ubuntu:42257/ ['http://ubuntu:40301/']
[rosmaster.master][INFO] 2017-09-13 16:36:32,560: publisherUpdate[/rosout] -> http://ubuntu:42257/ ['http://ubuntu:40301/']: sec=0.00, result=[1, '', 0]
[rosmaster.master][INFO] 2017-09-13 16:36:32,560: publisherUpdate[/rosout] -> http://ubuntu:42257/ []
[rosmaster.master][INFO] 2017-09-13 16:36:32,564: publisherUpdate[/rosout] -> http://ubuntu:42257/ []: sec=0.00, result=[1, '', 0]
[rosmaster.master][INFO] 2017-09-13 16:36:32,564: -PUB [/image_marked/compressed/parameter_descriptions] /view http://ubuntu:40301/
[rosmaster.master][INFO] 2017-09-13 16:36:32,572: -PUB [/image_marked/compressed/parameter_updates] /view http://ubuntu:40301/
[rosmaster.master][INFO] 2017-09-13 16:36:32,577: -PUB [/image_marked] /view http://ubuntu:40301/
[rosmaster.master][INFO] 2017-09-13 16:36:32,579: -PUB [/image_marked/theora] /view http://ubuntu:40301/
[rosmaster.master][INFO] 2017-09-13 16:36:32,579: -PUB [/image_marked/theora/parameter_descriptions] /view http://ubuntu:40301/
[rosmaster.master][INFO] 2017-09-13 16:36:32,580: -PUB [/image_marked/theora/parameter_updates] /view http://ubuntu:40301/
[rosmaster.master][INFO] 2017-09-13 16:36:32,582: -PUB [/image/marked/compressedDepth] /view http://ubuntu:40301/
[rosmaster.master][INFO] 2017-09-13 16:36:32,583: -PUB [/image/marked/compressedDepth/parameter_descriptions] /view http://ubuntu:40301/
[rosmaster.master][INFO] 2017-09-13 16:36:32,586: -PUB [/image/marked/compressedDepth/parameter_updates] /view http://ubuntu:40301/
[rosmaster.master][INFO] 2017-09-13 16:36:32,588: -PUB [/image/marked/compressed] /view http://ubuntu:40301/
[rosmaster.master][INFO] 2017-09-13 16:36:32,589: -PUB [/image/marked/compressed/parameter_descriptions] /view http://ubuntu:40301/
[rosmaster.master][INFO] 2017-09-13 16:36:32,590: -PUB [/image/marked/compressed/parameter_updates] /view http://ubuntu:40301/
[rosmaster.master][INFO] 2017-09-13 16:36:32,592: -PUB [/image/marked] /view http://ubuntu:40301/
[rosmaster.master][INFO] 2017-09-13 16:36:32,593: -PUB [/image/marked/theora] /view http://ubuntu:40301/
[rosmaster.master][INFO] 2017-09-13 16:36:32,594: -PUB [/image/marked/theora/parameter_descriptions] /view http://ubuntu:40301/
[rosmaster.master][INFO] 2017-09-13 16:36:32,595: -PUB [/image/marked/theora/parameter_updates] /view http://ubuntu:40301/
[rosmaster.master][INFO] 2017-09-13 16:36:32,596: -PUB [/view/parameter_descriptions] /view http://ubuntu:40301/
[rosmaster.master][INFO] 2017-09-13 16:36:32,597: -PUB [/view/parameter_updates] /view http://ubuntu:40301/
[rosmaster.master][INFO] 2017-09-13 16:36:32,599: -SUB [/tf] /view http://ubuntu:40301/
[rosmaster.master][INFO] 2017-09-13 16:36:32,600: -SUB [/tf_static] /view http://ubuntu:40301/
[rosmaster.master][INFO] 2017-09-13 16:36:32,602: -SUB [/image] /view http://ubuntu:40301/
[rosmaster.master][INFO] 2017-09-13 16:36:32,603: -SUB [/camera_info] /view http://ubuntu:40301/
[rosmaster.master][INFO] 2017-09-13 16:36:32,604: -SUB [/image_marker] /view http://ubuntu:40301/
[rosmaster.master][INFO] 2017-09-13 16:36:32,605: -SUB [/image/event] /view http://ubuntu:40301/
[rosmaster.master][INFO] 2017-09-13 16:36:32,610: -SERVICE [/view/get_loggers] /view rosrpc://ubuntu:34982
[rosmaster.master][INFO] 2017-09-13 16:36:32,612: -SERVICE [/view/set_logger_level] /view rosrpc://ubuntu:34982
[rosmaster.master][INFO] 2017-09-13 16:36:32,614: -SERVICE [/image_marked/compressedDepth/set_parameters] /view rosrpc://ubuntu:34982
[rosmaster.master][INFO] 2017-09-13 16:36:32,616: -SERVICE [/image_marked/compressed/set_parameters] /view rosrpc://ubuntu:34982
[rosmaster.master][INFO] 2017-09-13 16:36:32,617: -SERVICE [/image_marked/theora/set_parameters] /view rosrpc://ubuntu:34982
[rosmaster.master][INFO] 2017-09-13 16:36:32,618: -SERVICE [/image/marked/compressedDepth/set_parameters] /view rosrpc://ubuntu:34982
[rosmaster.master][INFO] 2017-09-13 16:36:32,621: -SERVICE [/image/marked/compressed/set_parameters] /view rosrpc://ubuntu:34982
[rosmaster.master][INFO] 2017-09-13 16:36:32,623: -SERVICE [/image/marked/theora/set_parameters] /view rosrpc://ubuntu:34982
[rosmaster.master][INFO] 2017-09-13 16:36:32,630: -SERVICE [/view/change_mode] /view rosrpc://ubuntu:34982
[rosmaster.master][INFO] 2017-09-13 16:36:32,631: -SERVICE [/view/rectangle_mode] /view rosrpc://ubuntu:34982
[rosmaster.master][INFO] 2017-09-13 16:36:32,632: -SERVICE [/view/grabcut_mode] /view rosrpc://ubuntu:34982
[rosmaster.master][INFO] 2017-09-13 16:36:32,634: -SERVICE [/view/grabcut_rect_mode] /view rosrpc://ubuntu:34982
[rosmaster.master][INFO] 2017-09-13 16:36:32,640: -SERVICE [/view/line_mode] /view rosrpc://ubuntu:34982
[rosmaster.master][INFO] 2017-09-13 16:36:32,643: -SERVICE [/view/poly_mode] /view rosrpc://ubuntu:34982
[rosmaster.master][INFO] 2017-09-13 16:36:32,646: -SERVICE [/view/none_mode] /view rosrpc://ubuntu:34982
[rosmaster.master][INFO] 2017-09-13 16:36:32,647: -SERVICE [/view/set_parameters] /view rosrpc://ubuntu:34982
[rosmaster.master][INFO] 2017-09-13 16:36:33,169: -PUB [/rosout_agg] /rosout http://ubuntu:42257/
[rosmaster.master][INFO] 2017-09-13 16:36:33,170: -SUB [/rosout] /rosout http://ubuntu:42257/
[rosmaster.master][INFO] 2017-09-13 16:36:33,170: -SERVICE [/rosout/get_loggers] /rosout rosrpc://ubuntu:48482
[rosmaster.master][INFO] 2017-09-13 16:36:33,171: -SERVICE [/rosout/set_logger_level] /rosout rosrpc://ubuntu:48482
[rosmaster.main][INFO] 2017-09-13 16:36:33,284: keyboard interrupt, will exit
[rosmaster.main][INFO] 2017-09-13 16:36:33,284: stopping master...
[rospy.core][INFO] 2017-09-13 16:36:33,287: signal_shutdown [atexit]
