[rosmaster.main][INFO] 2017-10-04 13:10:54,216: initialization complete, waiting for shutdown
[rosmaster.main][INFO] 2017-10-04 13:10:54,216: Starting ROS Master Node
[xmlrpc][INFO] 2017-10-04 13:10:54,217: XML-RPC server binding to 0.0.0.0:11311
[xmlrpc][INFO] 2017-10-04 13:10:54,217: Started XML-RPC server [http://ubuntu:11311/]
[xmlrpc][INFO] 2017-10-04 13:10:54,217: xml rpc node: starting XML-RPC server
[rosmaster.master][INFO] 2017-10-04 13:10:54,217: Master initialized: port[11311], uri[http://ubuntu:11311/]
[rosmaster.master][INFO] 2017-10-04 13:10:54,278: +PARAM [/run_id] by /roslaunch
[rosmaster.master][INFO] 2017-10-04 13:10:54,289: +PARAM [/roslaunch/uris/host_ubuntu__41849] by /roslaunch
[rosmaster.master][INFO] 2017-10-04 13:10:54,354: +PARAM [/rosversion] by /roslaunch
[rosmaster.master][INFO] 2017-10-04 13:10:54,354: +PARAM [/rosdistro] by /roslaunch
[rosmaster.master][INFO] 2017-10-04 13:10:54,355: +PARAM [/camera/device_id] by /roslaunch
[rosmaster.master][INFO] 2017-10-04 13:10:54,365: +SERVICE [/rosout/get_loggers] /rosout http://ubuntu:34712/
[rosmaster.master][INFO] 2017-10-04 13:10:54,366: +SERVICE [/rosout/set_logger_level] /rosout http://ubuntu:34712/
[rosmaster.master][INFO] 2017-10-04 13:10:54,376: +PUB [/rosout_agg] /rosout http://ubuntu:34712/
[rosmaster.master][INFO] 2017-10-04 13:10:54,393: +SUB [/rosout] /rosout http://ubuntu:34712/
[rosmaster.master][INFO] 2017-10-04 13:10:54,480: +PUB [/rosout] /mask_orange http://ubuntu:46153/
[rosmaster.master][INFO] 2017-10-04 13:10:54,483: +SERVICE [/mask_orange/get_loggers] /mask_orange http://ubuntu:46153/
[rosmaster.master][INFO] 2017-10-04 13:10:54,485: +SERVICE [/mask_orange/set_logger_level] /mask_orange http://ubuntu:46153/
[rosmaster.master][INFO] 2017-10-04 13:10:54,518: publisherUpdate[/rosout] -> http://ubuntu:34712/ ['http://ubuntu:46153/']
[rosmaster.master][INFO] 2017-10-04 13:10:54,519: publisherUpdate[/rosout] -> http://ubuntu:34712/ ['http://ubuntu:46153/']: sec=0.00, result=[1, '', 0]
[rosmaster.master][INFO] 2017-10-04 13:10:54,526: +PUB [/rosout] /camera http://ubuntu:44705/
[rosmaster.master][INFO] 2017-10-04 13:10:54,527: +PUB [/rosout] /view http://ubuntu:44482/
[rosmaster.master][INFO] 2017-10-04 13:10:54,528: +SERVICE [/camera/get_loggers] /camera http://ubuntu:44705/
[rosmaster.master][INFO] 2017-10-04 13:10:54,529: +SERVICE [/view/get_loggers] /view http://ubuntu:44482/
[rosmaster.master][INFO] 2017-10-04 13:10:54,529: +SERVICE [/camera/set_logger_level] /camera http://ubuntu:44705/
[rosmaster.master][INFO] 2017-10-04 13:10:54,530: +SERVICE [/view/set_logger_level] /view http://ubuntu:44482/
[rosmaster.master][INFO] 2017-10-04 13:10:54,546: +SUB [/tf] /view http://ubuntu:44482/
[rosmaster.master][INFO] 2017-10-04 13:10:54,558: +SUB [/tf_static] /view http://ubuntu:44482/
[rosmaster.master][INFO] 2017-10-04 13:10:54,602: +SERVICE [/camera/set_camera_info] /camera http://ubuntu:44705/
[rosmaster.master][INFO] 2017-10-04 13:10:54,619: +PUB [/image/screenpoint] /view http://ubuntu:44482/
[rosmaster.master][INFO] 2017-10-04 13:10:54,619: publisherUpdate[/rosout] -> http://ubuntu:34712/ ['http://ubuntu:46153/', 'http://ubuntu:44705/']
[rosmaster.master][INFO] 2017-10-04 13:10:54,620: publisherUpdate[/rosout] -> http://ubuntu:34712/ ['http://ubuntu:46153/', 'http://ubuntu:44705/']: sec=0.00, result=[1, '', 0]
[rosmaster.master][INFO] 2017-10-04 13:10:54,620: publisherUpdate[/rosout] -> http://ubuntu:34712/ ['http://ubuntu:46153/', 'http://ubuntu:44705/', 'http://ubuntu:44482/']
[rosmaster.master][INFO] 2017-10-04 13:10:54,620: publisherUpdate[/rosout] -> http://ubuntu:34712/ ['http://ubuntu:46153/', 'http://ubuntu:44705/', 'http://ubuntu:44482/']: sec=0.00, result=[1, '', 0]
[rosmaster.master][INFO] 2017-10-04 13:10:54,621: +PUB [/image/screenpoint_array] /view http://ubuntu:44482/
[rosmaster.master][INFO] 2017-10-04 13:10:54,622: +PUB [/image/screenrectangle] /view http://ubuntu:44482/
[rosmaster.master][INFO] 2017-10-04 13:10:54,622: +PUB [/image/screenrectangle_image] /view http://ubuntu:44482/
[rosmaster.master][INFO] 2017-10-04 13:10:54,623: +PUB [/image/movepoint] /view http://ubuntu:44482/
[rosmaster.master][INFO] 2017-10-04 13:10:54,624: +PUB [/image/foreground] /view http://ubuntu:44482/
[rosmaster.master][INFO] 2017-10-04 13:10:54,624: +PUB [/image/background] /view http://ubuntu:44482/
[rosmaster.master][INFO] 2017-10-04 13:10:54,628: +PUB [/image/foreground_rect] /view http://ubuntu:44482/
[rosmaster.master][INFO] 2017-10-04 13:10:54,629: +PUB [/image/background_rect] /view http://ubuntu:44482/
[rosmaster.master][INFO] 2017-10-04 13:10:54,630: +PUB [/image/line] /view http://ubuntu:44482/
[rosmaster.master][INFO] 2017-10-04 13:10:54,632: +PUB [/image/poly] /view http://ubuntu:44482/
[rosmaster.master][INFO] 2017-10-04 13:10:54,637: +SUB [/camera/image_raw] /mask_orange http://ubuntu:46153/
[rosmaster.master][INFO] 2017-10-04 13:10:54,696: +PUB [/image/compressedDepth] /mask_orange http://ubuntu:46153/
[rosmaster.master][INFO] 2017-10-04 13:10:54,698: +SERVICE [/image/compressedDepth/set_parameters] /mask_orange http://ubuntu:46153/
[rosmaster.master][INFO] 2017-10-04 13:10:54,699: +PUB [/image/compressedDepth/parameter_descriptions] /mask_orange http://ubuntu:46153/
[rosmaster.master][INFO] 2017-10-04 13:10:54,700: +PUB [/image/compressedDepth/parameter_updates] /mask_orange http://ubuntu:46153/
[rosmaster.master][INFO] 2017-10-04 13:10:54,705: +PARAM [/image/compressedDepth/depth_max] by /mask_orange
[rosmaster.master][INFO] 2017-10-04 13:10:54,706: +PARAM [/image/compressedDepth/depth_quantization] by /mask_orange
[rosmaster.master][INFO] 2017-10-04 13:10:54,707: +PARAM [/image/compressedDepth/png_level] by /mask_orange
[rosmaster.master][INFO] 2017-10-04 13:10:54,707: +PARAM [/image/compressedDepth/depth_max] by /mask_orange
[rosmaster.master][INFO] 2017-10-04 13:10:54,709: +PARAM [/image/compressedDepth/depth_quantization] by /mask_orange
[rosmaster.master][INFO] 2017-10-04 13:10:54,712: +PARAM [/image/compressedDepth/png_level] by /mask_orange
[rosmaster.master][INFO] 2017-10-04 13:10:54,717: +PUB [/image_marked/compressedDepth] /view http://ubuntu:44482/
[rosmaster.master][INFO] 2017-10-04 13:10:54,720: +SERVICE [/image_marked/compressedDepth/set_parameters] /view http://ubuntu:44482/
[rosmaster.master][INFO] 2017-10-04 13:10:54,721: +PUB [/image_marked/compressedDepth/parameter_descriptions] /view http://ubuntu:44482/
[rosmaster.master][INFO] 2017-10-04 13:10:54,724: +PUB [/image_marked/compressedDepth/parameter_updates] /view http://ubuntu:44482/
[rosmaster.master][INFO] 2017-10-04 13:10:54,732: +PARAM [/image_marked/compressedDepth/depth_max] by /view
[rosmaster.master][INFO] 2017-10-04 13:10:54,733: +PARAM [/image_marked/compressedDepth/depth_quantization] by /view
[rosmaster.master][INFO] 2017-10-04 13:10:54,733: +PARAM [/image_marked/compressedDepth/png_level] by /view
[rosmaster.master][INFO] 2017-10-04 13:10:54,734: +PARAM [/image_marked/compressedDepth/depth_max] by /view
[rosmaster.master][INFO] 2017-10-04 13:10:54,736: +PARAM [/image_marked/compressedDepth/depth_quantization] by /view
[rosmaster.master][INFO] 2017-10-04 13:10:54,737: +PARAM [/image_marked/compressedDepth/png_level] by /view
[rosmaster.master][INFO] 2017-10-04 13:10:54,776: +PUB [/image/compressed] /mask_orange http://ubuntu:46153/
[rosmaster.master][INFO] 2017-10-04 13:10:54,777: +SERVICE [/image/compressed/set_parameters] /mask_orange http://ubuntu:46153/
[rosmaster.master][INFO] 2017-10-04 13:10:54,778: +PUB [/image/compressed/parameter_descriptions] /mask_orange http://ubuntu:46153/
[rosmaster.master][INFO] 2017-10-04 13:10:54,780: +PUB [/image/compressed/parameter_updates] /mask_orange http://ubuntu:46153/
[rosmaster.master][INFO] 2017-10-04 13:10:54,783: +PARAM [/image/compressed/format] by /mask_orange
[rosmaster.master][INFO] 2017-10-04 13:10:54,784: +PARAM [/image/compressed/jpeg_quality] by /mask_orange
[rosmaster.master][INFO] 2017-10-04 13:10:54,786: +PARAM [/image/compressed/png_level] by /mask_orange
[rosmaster.master][INFO] 2017-10-04 13:10:54,787: +PARAM [/image/compressed/format] by /mask_orange
[rosmaster.master][INFO] 2017-10-04 13:10:54,792: +PARAM [/image/compressed/jpeg_quality] by /mask_orange
[rosmaster.master][INFO] 2017-10-04 13:10:54,792: +PARAM [/image/compressed/png_level] by /mask_orange
[rosmaster.master][INFO] 2017-10-04 13:10:54,807: +PUB [/image_marked/compressed] /view http://ubuntu:44482/
[rosmaster.master][INFO] 2017-10-04 13:10:54,807: +SERVICE [/image_marked/compressed/set_parameters] /view http://ubuntu:44482/
[rosmaster.master][INFO] 2017-10-04 13:10:54,808: +PUB [/image_marked/compressed/parameter_descriptions] /view http://ubuntu:44482/
[rosmaster.master][INFO] 2017-10-04 13:10:54,809: +PUB [/image_marked/compressed/parameter_updates] /view http://ubuntu:44482/
[rosmaster.master][INFO] 2017-10-04 13:10:54,812: +PARAM [/image_marked/compressed/format] by /view
[rosmaster.master][INFO] 2017-10-04 13:10:54,812: +PARAM [/image_marked/compressed/jpeg_quality] by /view
[rosmaster.master][INFO] 2017-10-04 13:10:54,813: +PARAM [/image_marked/compressed/png_level] by /view
[rosmaster.master][INFO] 2017-10-04 13:10:54,816: +PARAM [/image_marked/compressed/format] by /view
[rosmaster.master][INFO] 2017-10-04 13:10:54,818: +PARAM [/image_marked/compressed/jpeg_quality] by /view
[rosmaster.master][INFO] 2017-10-04 13:10:54,818: +PARAM [/image_marked/compressed/png_level] by /view
[rosmaster.master][INFO] 2017-10-04 13:10:54,882: +PUB [/image] /mask_orange http://ubuntu:46153/
[rosmaster.master][INFO] 2017-10-04 13:10:54,915: +PUB [/image_marked] /view http://ubuntu:44482/
[rosmaster.master][INFO] 2017-10-04 13:10:54,916: +PUB [/camera/image_raw/compressedDepth] /camera http://ubuntu:44705/
[rosmaster.master][INFO] 2017-10-04 13:10:54,918: +SERVICE [/camera/image_raw/compressedDepth/set_parameters] /camera http://ubuntu:44705/
[rosmaster.master][INFO] 2017-10-04 13:10:54,918: +PUB [/camera/image_raw/compressedDepth/parameter_descriptions] /camera http://ubuntu:44705/
[rosmaster.master][INFO] 2017-10-04 13:10:54,919: +PUB [/camera/image_raw/compressedDepth/parameter_updates] /camera http://ubuntu:44705/
[rosmaster.master][INFO] 2017-10-04 13:10:54,927: +PARAM [/camera/image_raw/compressedDepth/depth_max] by /camera
[rosmaster.master][INFO] 2017-10-04 13:10:54,929: +PARAM [/camera/image_raw/compressedDepth/depth_quantization] by /camera
[rosmaster.master][INFO] 2017-10-04 13:10:54,929: +PARAM [/camera/image_raw/compressedDepth/png_level] by /camera
[rosmaster.master][INFO] 2017-10-04 13:10:54,933: +PARAM [/camera/image_raw/compressedDepth/depth_max] by /camera
[rosmaster.master][INFO] 2017-10-04 13:10:54,935: +PARAM [/camera/image_raw/compressedDepth/depth_quantization] by /camera
[rosmaster.master][INFO] 2017-10-04 13:10:54,937: +PARAM [/camera/image_raw/compressedDepth/png_level] by /camera
[rosmaster.master][INFO] 2017-10-04 13:10:54,983: +PUB [/image/theora] /mask_orange http://ubuntu:46153/
[rosmaster.master][INFO] 2017-10-04 13:10:54,984: +SERVICE [/image/theora/set_parameters] /mask_orange http://ubuntu:46153/
[rosmaster.master][INFO] 2017-10-04 13:10:54,985: +PUB [/image/theora/parameter_descriptions] /mask_orange http://ubuntu:46153/
[rosmaster.master][INFO] 2017-10-04 13:10:54,988: +PUB [/image/theora/parameter_updates] /mask_orange http://ubuntu:46153/
[rosmaster.master][INFO] 2017-10-04 13:10:54,991: +PARAM [/image/theora/optimize_for] by /mask_orange
[rosmaster.master][INFO] 2017-10-04 13:10:54,993: +PARAM [/image/theora/target_bitrate] by /mask_orange
[rosmaster.master][INFO] 2017-10-04 13:10:54,995: +PARAM [/image/theora/quality] by /mask_orange
[rosmaster.master][INFO] 2017-10-04 13:10:54,997: +PARAM [/image/theora/keyframe_frequency] by /mask_orange
[rosmaster.master][INFO] 2017-10-04 13:10:55,005: +PARAM [/image/theora/optimize_for] by /mask_orange
[rosmaster.master][INFO] 2017-10-04 13:10:55,009: +PARAM [/image/theora/target_bitrate] by /mask_orange
[rosmaster.master][INFO] 2017-10-04 13:10:55,010: +PARAM [/image/theora/quality] by /mask_orange
[rosmaster.master][INFO] 2017-10-04 13:10:55,010: +PARAM [/image/theora/keyframe_frequency] by /mask_orange
[rosmaster.master][INFO] 2017-10-04 13:10:55,016: +PUB [/image_marked/theora] /view http://ubuntu:44482/
[rosmaster.master][INFO] 2017-10-04 13:10:55,017: +SERVICE [/image_marked/theora/set_parameters] /view http://ubuntu:44482/
[rosmaster.master][INFO] 2017-10-04 13:10:55,017: +PUB [/image_marked/theora/parameter_descriptions] /view http://ubuntu:44482/
[rosmaster.master][INFO] 2017-10-04 13:10:55,018: +PUB [/image_marked/theora/parameter_updates] /view http://ubuntu:44482/
[rosmaster.master][INFO] 2017-10-04 13:10:55,023: +PUB [/camera/image_raw/compressed] /camera http://ubuntu:44705/
[rosmaster.master][INFO] 2017-10-04 13:10:55,024: +PARAM [/image_marked/theora/optimize_for] by /view
[rosmaster.master][INFO] 2017-10-04 13:10:55,024: +SERVICE [/camera/image_raw/compressed/set_parameters] /camera http://ubuntu:44705/
[rosmaster.master][INFO] 2017-10-04 13:10:55,025: +PARAM [/image_marked/theora/target_bitrate] by /view
[rosmaster.master][INFO] 2017-10-04 13:10:55,026: +PUB [/camera/image_raw/compressed/parameter_descriptions] /camera http://ubuntu:44705/
[rosmaster.master][INFO] 2017-10-04 13:10:55,026: +PARAM [/image_marked/theora/quality] by /view
[rosmaster.master][INFO] 2017-10-04 13:10:55,027: +PUB [/camera/image_raw/compressed/parameter_updates] /camera http://ubuntu:44705/
[rosmaster.master][INFO] 2017-10-04 13:10:55,028: +PARAM [/image_marked/theora/keyframe_frequency] by /view
[rosmaster.master][INFO] 2017-10-04 13:10:55,029: +PARAM [/image_marked/theora/optimize_for] by /view
[rosmaster.master][INFO] 2017-10-04 13:10:55,031: +PARAM [/image_marked/theora/target_bitrate] by /view
[rosmaster.master][INFO] 2017-10-04 13:10:55,032: +PARAM [/image_marked/theora/quality] by /view
[rosmaster.master][INFO] 2017-10-04 13:10:55,032: +PARAM [/camera/image_raw/compressed/format] by /camera
[rosmaster.master][INFO] 2017-10-04 13:10:55,033: +PARAM [/image_marked/theora/keyframe_frequency] by /view
[rosmaster.master][INFO] 2017-10-04 13:10:55,038: +PARAM [/camera/image_raw/compressed/jpeg_quality] by /camera
[rosmaster.master][INFO] 2017-10-04 13:10:55,039: +PARAM [/camera/image_raw/compressed/png_level] by /camera
[rosmaster.master][INFO] 2017-10-04 13:10:55,041: +PARAM [/camera/image_raw/compressed/format] by /camera
[rosmaster.master][INFO] 2017-10-04 13:10:55,042: +PARAM [/camera/image_raw/compressed/jpeg_quality] by /camera
[rosmaster.master][INFO] 2017-10-04 13:10:55,044: +PARAM [/camera/image_raw/compressed/png_level] by /camera
[rosmaster.master][INFO] 2017-10-04 13:10:55,091: +PUB [/image/marked/compressedDepth] /view http://ubuntu:44482/
[rosmaster.master][INFO] 2017-10-04 13:10:55,092: +SERVICE [/image/marked/compressedDepth/set_parameters] /view http://ubuntu:44482/
[rosmaster.master][INFO] 2017-10-04 13:10:55,092: +PUB [/image/marked/compressedDepth/parameter_descriptions] /view http://ubuntu:44482/
[rosmaster.master][INFO] 2017-10-04 13:10:55,093: +PUB [/image/marked/compressedDepth/parameter_updates] /view http://ubuntu:44482/
[rosmaster.master][INFO] 2017-10-04 13:10:55,097: +PARAM [/image/marked/compressedDepth/depth_max] by /view
[rosmaster.master][INFO] 2017-10-04 13:10:55,098: +PARAM [/image/marked/compressedDepth/depth_quantization] by /view
[rosmaster.master][INFO] 2017-10-04 13:10:55,100: +PUB [/camera/image_raw] /camera http://ubuntu:44705/
[rosmaster.master][INFO] 2017-10-04 13:10:55,100: +PARAM [/image/marked/compressedDepth/png_level] by /view
[rosmaster.master][INFO] 2017-10-04 13:10:55,103: +PARAM [/image/marked/compressedDepth/depth_max] by /view
[rosmaster.master][INFO] 2017-10-04 13:10:55,111: +PARAM [/image/marked/compressedDepth/depth_quantization] by /view
[rosmaster.master][INFO] 2017-10-04 13:10:55,113: +PARAM [/image/marked/compressedDepth/png_level] by /view
[rosmaster.master][INFO] 2017-10-04 13:10:55,133: publisherUpdate[/camera/image_raw] -> http://ubuntu:46153/ ['http://ubuntu:44705/']
[rosmaster.master][INFO] 2017-10-04 13:10:55,133: publisherUpdate[/camera/image_raw] -> http://ubuntu:46153/ ['http://ubuntu:44705/']: sec=0.00, result=[1, '', 0]
[rosmaster.master][INFO] 2017-10-04 13:10:55,166: +PUB [/image/marked/compressed] /view http://ubuntu:44482/
[rosmaster.master][INFO] 2017-10-04 13:10:55,167: +SERVICE [/image/marked/compressed/set_parameters] /view http://ubuntu:44482/
[rosmaster.master][INFO] 2017-10-04 13:10:55,167: +PUB [/image/marked/compressed/parameter_descriptions] /view http://ubuntu:44482/
[rosmaster.master][INFO] 2017-10-04 13:10:55,168: +PUB [/image/marked/compressed/parameter_updates] /view http://ubuntu:44482/
[rosmaster.master][INFO] 2017-10-04 13:10:55,169: +PUB [/camera/image_raw/theora] /camera http://ubuntu:44705/
[rosmaster.master][INFO] 2017-10-04 13:10:55,171: +SERVICE [/camera/image_raw/theora/set_parameters] /camera http://ubuntu:44705/
[rosmaster.master][INFO] 2017-10-04 13:10:55,171: +PARAM [/image/marked/compressed/format] by /view
[rosmaster.master][INFO] 2017-10-04 13:10:55,172: +PUB [/camera/image_raw/theora/parameter_descriptions] /camera http://ubuntu:44705/
[rosmaster.master][INFO] 2017-10-04 13:10:55,173: +PARAM [/image/marked/compressed/jpeg_quality] by /view
[rosmaster.master][INFO] 2017-10-04 13:10:55,174: +PUB [/camera/image_raw/theora/parameter_updates] /camera http://ubuntu:44705/
[rosmaster.master][INFO] 2017-10-04 13:10:55,174: +PARAM [/image/marked/compressed/png_level] by /view
[rosmaster.master][INFO] 2017-10-04 13:10:55,176: +PARAM [/image/marked/compressed/format] by /view
[rosmaster.master][INFO] 2017-10-04 13:10:55,177: +PARAM [/image/marked/compressed/jpeg_quality] by /view
[rosmaster.master][INFO] 2017-10-04 13:10:55,178: +PARAM [/image/marked/compressed/png_level] by /view
[rosmaster.master][INFO] 2017-10-04 13:10:55,185: +PARAM [/camera/image_raw/theora/optimize_for] by /camera
[rosmaster.master][INFO] 2017-10-04 13:10:55,185: +PARAM [/camera/image_raw/theora/target_bitrate] by /camera
[rosmaster.master][INFO] 2017-10-04 13:10:55,186: +PARAM [/camera/image_raw/theora/quality] by /camera
[rosmaster.master][INFO] 2017-10-04 13:10:55,187: +PARAM [/camera/image_raw/theora/keyframe_frequency] by /camera
[rosmaster.master][INFO] 2017-10-04 13:10:55,189: +PARAM [/camera/image_raw/theora/optimize_for] by /camera
[rosmaster.master][INFO] 2017-10-04 13:10:55,192: +PARAM [/camera/image_raw/theora/target_bitrate] by /camera
[rosmaster.master][INFO] 2017-10-04 13:10:55,193: +PARAM [/camera/image_raw/theora/quality] by /camera
[rosmaster.master][INFO] 2017-10-04 13:10:55,194: +PARAM [/camera/image_raw/theora/keyframe_frequency] by /camera
[rosmaster.master][INFO] 2017-10-04 13:10:55,195: +PUB [/camera/camera_info] /camera http://ubuntu:44705/
[rosmaster.master][INFO] 2017-10-04 13:10:55,232: +PUB [/image/marked] /view http://ubuntu:44482/
[rosmaster.master][INFO] 2017-10-04 13:10:55,260: +PUB [/image/marked/theora] /view http://ubuntu:44482/
[rosmaster.master][INFO] 2017-10-04 13:10:55,260: +SERVICE [/image/marked/theora/set_parameters] /view http://ubuntu:44482/
[rosmaster.master][INFO] 2017-10-04 13:10:55,261: +PUB [/image/marked/theora/parameter_descriptions] /view http://ubuntu:44482/
[rosmaster.master][INFO] 2017-10-04 13:10:55,262: +PUB [/image/marked/theora/parameter_updates] /view http://ubuntu:44482/
[rosmaster.master][INFO] 2017-10-04 13:10:55,265: +PARAM [/image/marked/theora/optimize_for] by /view
[rosmaster.master][INFO] 2017-10-04 13:10:55,265: +PARAM [/image/marked/theora/target_bitrate] by /view
[rosmaster.master][INFO] 2017-10-04 13:10:55,266: +PARAM [/image/marked/theora/quality] by /view
[rosmaster.master][INFO] 2017-10-04 13:10:55,267: +PARAM [/image/marked/theora/keyframe_frequency] by /view
[rosmaster.master][INFO] 2017-10-04 13:10:55,267: +PARAM [/image/marked/theora/optimize_for] by /view
[rosmaster.master][INFO] 2017-10-04 13:10:55,268: +PARAM [/image/marked/theora/target_bitrate] by /view
[rosmaster.master][INFO] 2017-10-04 13:10:55,269: +PARAM [/image/marked/theora/quality] by /view
[rosmaster.master][INFO] 2017-10-04 13:10:55,269: +PARAM [/image/marked/theora/keyframe_frequency] by /view
[rosmaster.master][INFO] 2017-10-04 13:10:55,300: +SUB [/image] /view http://ubuntu:44482/
[rosmaster.master][INFO] 2017-10-04 13:10:55,303: +SUB [/camera_info] /view http://ubuntu:44482/
[rosmaster.master][INFO] 2017-10-04 13:10:55,307: +SUB [/image_marker] /view http://ubuntu:44482/
[rosmaster.master][INFO] 2017-10-04 13:10:55,310: +SUB [/image/event] /view http://ubuntu:44482/
[rosmaster.master][INFO] 2017-10-04 13:10:55,314: +SERVICE [/view/change_mode] /view http://ubuntu:44482/
[rosmaster.master][INFO] 2017-10-04 13:10:55,314: +SERVICE [/view/rectangle_mode] /view http://ubuntu:44482/
[rosmaster.master][INFO] 2017-10-04 13:10:55,315: +SERVICE [/view/grabcut_mode] /view http://ubuntu:44482/
[rosmaster.master][INFO] 2017-10-04 13:10:55,316: +SERVICE [/view/grabcut_rect_mode] /view http://ubuntu:44482/
[rosmaster.master][INFO] 2017-10-04 13:10:55,316: +SERVICE [/view/line_mode] /view http://ubuntu:44482/
[rosmaster.master][INFO] 2017-10-04 13:10:55,317: +SERVICE [/view/poly_mode] /view http://ubuntu:44482/
[rosmaster.master][INFO] 2017-10-04 13:10:55,318: +SERVICE [/view/none_mode] /view http://ubuntu:44482/
[rosmaster.master][INFO] 2017-10-04 13:10:55,319: +SERVICE [/view/set_parameters] /view http://ubuntu:44482/
[rosmaster.master][INFO] 2017-10-04 13:10:55,319: +PUB [/view/parameter_descriptions] /view http://ubuntu:44482/
[rosmaster.master][INFO] 2017-10-04 13:10:55,320: +PUB [/view/parameter_updates] /view http://ubuntu:44482/
[rosmaster.master][INFO] 2017-10-04 13:10:55,325: +PARAM [/view/grid] by /view
[rosmaster.master][INFO] 2017-10-04 13:10:55,326: +PARAM [/view/fisheye_mode] by /view
[rosmaster.master][INFO] 2017-10-04 13:10:55,326: +PARAM [/view/div_u] by /view
[rosmaster.master][INFO] 2017-10-04 13:10:55,327: +PARAM [/view/div_v] by /view
[rosmaster.master][INFO] 2017-10-04 13:10:55,328: +PARAM [/view/grid_red] by /view
[rosmaster.master][INFO] 2017-10-04 13:10:55,329: +PARAM [/view/grid_green] by /view
[rosmaster.master][INFO] 2017-10-04 13:10:55,329: +PARAM [/view/grid_blue] by /view
[rosmaster.master][INFO] 2017-10-04 13:10:55,330: +PARAM [/view/grid_thickness] by /view
[rosmaster.master][INFO] 2017-10-04 13:10:55,331: +PARAM [/view/grid_space] by /view
[rosmaster.master][INFO] 2017-10-04 13:10:55,331: +PARAM [/view/grid] by /view
[rosmaster.master][INFO] 2017-10-04 13:10:55,332: +PARAM [/view/fisheye_mode] by /view
[rosmaster.master][INFO] 2017-10-04 13:10:55,332: +PARAM [/view/div_u] by /view
[rosmaster.master][INFO] 2017-10-04 13:10:55,333: +PARAM [/view/div_v] by /view
[rosmaster.master][INFO] 2017-10-04 13:10:55,334: +PARAM [/view/grid_red] by /view
[rosmaster.master][INFO] 2017-10-04 13:10:55,335: +PARAM [/view/grid_green] by /view
[rosmaster.master][INFO] 2017-10-04 13:10:55,336: +PARAM [/view/grid_blue] by /view
[rosmaster.master][INFO] 2017-10-04 13:10:55,336: +PARAM [/view/grid_thickness] by /view
[rosmaster.master][INFO] 2017-10-04 13:10:55,338: +PARAM [/view/grid_space] by /view
[rosmaster.master][INFO] 2017-10-04 13:12:48,743: -PUB [/rosout] /camera http://ubuntu:44705/
[rosmaster.master][INFO] 2017-10-04 13:12:48,745: -PUB [/camera/image_raw/compressedDepth] /camera http://ubuntu:44705/
[rosmaster.master][INFO] 2017-10-04 13:12:48,748: -PUB [/camera/image_raw/compressedDepth/parameter_descriptions] /camera http://ubuntu:44705/
[rosmaster.master][INFO] 2017-10-04 13:12:48,756: -PUB [/camera/image_raw/compressedDepth/parameter_updates] /camera http://ubuntu:44705/
[rosmaster.master][INFO] 2017-10-04 13:12:48,757: -PUB [/camera/image_raw/compressed] /camera http://ubuntu:44705/
[rosmaster.master][INFO] 2017-10-04 13:12:48,760: -PUB [/camera/image_raw/compressed/parameter_descriptions] /camera http://ubuntu:44705/
[rosmaster.master][INFO] 2017-10-04 13:12:48,762: -PUB [/camera/image_raw/compressed/parameter_updates] /camera http://ubuntu:44705/
[rosmaster.master][INFO] 2017-10-04 13:12:48,771: -PUB [/camera/image_raw] /camera http://ubuntu:44705/
[rosmaster.master][INFO] 2017-10-04 13:12:48,779: -PUB [/camera/image_raw/theora] /camera http://ubuntu:44705/
[rosmaster.master][INFO] 2017-10-04 13:12:48,806: publisherUpdate[/rosout] -> http://ubuntu:34712/ ['http://ubuntu:46153/', 'http://ubuntu:44482/']
[rosmaster.master][INFO] 2017-10-04 13:12:48,807: publisherUpdate[/camera/image_raw] -> http://ubuntu:46153/ []
[rosmaster.master][INFO] 2017-10-04 13:12:48,810: publisherUpdate[/camera/image_raw] -> http://ubuntu:46153/ []: sec=0.00, result=[0, 'Unknown Error', 0]
[rosmaster.master][INFO] 2017-10-04 13:12:48,811: publisherUpdate[/rosout] -> http://ubuntu:34712/ ['http://ubuntu:46153/', 'http://ubuntu:44482/']: sec=0.00, result=[1, '', 0]
[rosmaster.master][INFO] 2017-10-04 13:12:48,814: -PUB [/camera/image_raw/theora/parameter_descriptions] /camera http://ubuntu:44705/
[rosmaster.master][INFO] 2017-10-04 13:12:48,815: -PUB [/camera/image_raw/theora/parameter_updates] /camera http://ubuntu:44705/
[rosmaster.master][INFO] 2017-10-04 13:12:48,819: -PUB [/camera/camera_info] /camera http://ubuntu:44705/
[rosmaster.master][INFO] 2017-10-04 13:12:48,827: -SERVICE [/camera/get_loggers] /camera rosrpc://ubuntu:53727
[rosmaster.master][INFO] 2017-10-04 13:12:48,835: -SERVICE [/camera/set_logger_level] /camera rosrpc://ubuntu:53727
[rosmaster.master][INFO] 2017-10-04 13:12:48,843: -SERVICE [/camera/set_camera_info] /camera rosrpc://ubuntu:53727
[rosmaster.master][INFO] 2017-10-04 13:12:48,845: -SERVICE [/camera/image_raw/compressedDepth/set_parameters] /camera rosrpc://ubuntu:53727
[rosmaster.master][INFO] 2017-10-04 13:12:48,847: -SERVICE [/camera/image_raw/compressed/set_parameters] /camera rosrpc://ubuntu:53727
[rosmaster.master][INFO] 2017-10-04 13:12:48,861: -SERVICE [/camera/image_raw/theora/set_parameters] /camera rosrpc://ubuntu:53727
[rosmaster.master][INFO] 2017-10-04 13:12:48,864: -PUB [/rosout] /view http://ubuntu:44482/
[rosmaster.master][INFO] 2017-10-04 13:12:48,870: -PUB [/image/screenpoint] /view http://ubuntu:44482/
[rosmaster.master][INFO] 2017-10-04 13:12:48,876: -PUB [/image/screenpoint_array] /view http://ubuntu:44482/
[rosmaster.master][INFO] 2017-10-04 13:12:48,879: -PUB [/image/screenrectangle] /view http://ubuntu:44482/
[rosmaster.master][INFO] 2017-10-04 13:12:48,880: -PUB [/image/screenrectangle_image] /view http://ubuntu:44482/
[rosmaster.master][INFO] 2017-10-04 13:12:48,885: -PUB [/image/movepoint] /view http://ubuntu:44482/
[rosmaster.master][INFO] 2017-10-04 13:12:48,896: -PUB [/image/foreground] /view http://ubuntu:44482/
[rosmaster.master][INFO] 2017-10-04 13:12:48,898: -PUB [/image/background] /view http://ubuntu:44482/
[rosmaster.master][INFO] 2017-10-04 13:12:48,909: -PUB [/image/foreground_rect] /view http://ubuntu:44482/
[rosmaster.master][INFO] 2017-10-04 13:12:48,917: publisherUpdate[/rosout] -> http://ubuntu:34712/ ['http://ubuntu:46153/']
[rosmaster.master][INFO] 2017-10-04 13:12:48,918: publisherUpdate[/rosout] -> http://ubuntu:34712/ ['http://ubuntu:46153/']: sec=0.00, result=[1, '', 0]
[rosmaster.master][INFO] 2017-10-04 13:12:48,919: -PUB [/rosout] /mask_orange http://ubuntu:46153/
[rosmaster.master][INFO] 2017-10-04 13:12:48,932: -PUB [/image/background_rect] /view http://ubuntu:44482/
[rosmaster.master][INFO] 2017-10-04 13:12:48,933: -PUB [/image/compressedDepth] /mask_orange http://ubuntu:46153/
[rosmaster.master][INFO] 2017-10-04 13:12:48,937: -PUB [/image/line] /view http://ubuntu:44482/
[rosmaster.master][INFO] 2017-10-04 13:12:48,941: -PUB [/image/poly] /view http://ubuntu:44482/
[rosmaster.master][INFO] 2017-10-04 13:12:48,947: -PUB [/image/compressedDepth/parameter_descriptions] /mask_orange http://ubuntu:46153/
[rosmaster.master][INFO] 2017-10-04 13:12:48,957: -PUB [/image_marked/compressedDepth] /view http://ubuntu:44482/
[rosmaster.master][INFO] 2017-10-04 13:12:48,958: -PUB [/image/compressedDepth/parameter_updates] /mask_orange http://ubuntu:46153/
[rosmaster.master][INFO] 2017-10-04 13:12:48,960: -PUB [/image_marked/compressedDepth/parameter_descriptions] /view http://ubuntu:44482/
[rosmaster.master][INFO] 2017-10-04 13:12:48,973: -PUB [/image/compressed] /mask_orange http://ubuntu:46153/
[rosmaster.master][INFO] 2017-10-04 13:12:48,976: -PUB [/image_marked/compressedDepth/parameter_updates] /view http://ubuntu:44482/
[rosmaster.master][INFO] 2017-10-04 13:12:48,980: -PUB [/image/compressed/parameter_descriptions] /mask_orange http://ubuntu:46153/
[rosmaster.master][INFO] 2017-10-04 13:12:48,983: -PUB [/image_marked/compressed] /view http://ubuntu:44482/
[rosmaster.master][INFO] 2017-10-04 13:12:48,986: -PUB [/image_marked/compressed/parameter_descriptions] /view http://ubuntu:44482/
[rosmaster.master][INFO] 2017-10-04 13:12:48,990: -PUB [/image/compressed/parameter_updates] /mask_orange http://ubuntu:46153/
[rosmaster.master][INFO] 2017-10-04 13:12:48,992: -PUB [/image] /mask_orange http://ubuntu:46153/
[rosmaster.master][INFO] 2017-10-04 13:12:48,994: -PUB [/image_marked/compressed/parameter_updates] /view http://ubuntu:44482/
[rosmaster.master][INFO] 2017-10-04 13:12:49,002: -PUB [/image/theora] /mask_orange http://ubuntu:46153/
[rosmaster.master][INFO] 2017-10-04 13:12:49,009: -PUB [/image_marked] /view http://ubuntu:44482/
[rosmaster.master][INFO] 2017-10-04 13:12:49,011: -PUB [/image_marked/theora] /view http://ubuntu:44482/
[rosmaster.master][INFO] 2017-10-04 13:12:49,013: -PUB [/image_marked/theora/parameter_descriptions] /view http://ubuntu:44482/
[rosmaster.master][INFO] 2017-10-04 13:12:49,015: -PUB [/image/theora/parameter_descriptions] /mask_orange http://ubuntu:46153/
[rosmaster.master][INFO] 2017-10-04 13:12:49,018: publisherUpdate[/rosout] -> http://ubuntu:34712/ []
[rosmaster.master][INFO] 2017-10-04 13:12:49,032: publisherUpdate[/image] -> http://ubuntu:44482/ []
[rosmaster.master][INFO] 2017-10-04 13:12:49,033: publisherUpdate[/rosout] -> http://ubuntu:34712/ []: sec=0.01, result=[1, '', 0]
[rosmaster.master][INFO] 2017-10-04 13:12:49,033: -PUB [/image_marked/theora/parameter_updates] /view http://ubuntu:44482/
[rosmaster.master][INFO] 2017-10-04 13:12:49,034: -PUB [/image/theora/parameter_updates] /mask_orange http://ubuntu:46153/
[rosmaster.master][INFO] 2017-10-04 13:12:49,036: publisherUpdate[/image] -> http://ubuntu:44482/ []: sec=0.00, exception=<Fault -1: 'publisherUpdate: unknown method name'>
[rosmaster.threadpool][ERROR] 2017-10-04 13:12:49,037: Traceback (most recent call last):
  File "/opt/ros/kinetic/lib/python2.7/dist-packages/rosmaster/threadpool.py", line 218, in run
    result = cmd(*args)
  File "/opt/ros/kinetic/lib/python2.7/dist-packages/rosmaster/master_api.py", line 210, in publisher_update_task
    ret = xmlrpcapi(api).publisherUpdate('/master', topic, pub_uris)
  File "/usr/lib/python2.7/xmlrpclib.py", line 1243, in __call__
    return self.__send(self.__name, args)
  File "/usr/lib/python2.7/xmlrpclib.py", line 1602, in __request
    verbose=self.__verbose
  File "/usr/lib/python2.7/xmlrpclib.py", line 1283, in request
    return self.single_request(host, handler, request_body, verbose)
  File "/usr/lib/python2.7/xmlrpclib.py", line 1316, in single_request
    return self.parse_response(response)
  File "/usr/lib/python2.7/xmlrpclib.py", line 1493, in parse_response
    return u.close()
  File "/usr/lib/python2.7/xmlrpclib.py", line 800, in close
    raise Fault(**self._stack[0])
Fault: <Fault -1: 'publisherUpdate: unknown method name'>

[rosmaster.master][INFO] 2017-10-04 13:12:49,040: -PUB [/image/marked/compressedDepth] /view http://ubuntu:44482/
[rosmaster.master][INFO] 2017-10-04 13:12:49,043: -SUB [/camera/image_raw] /mask_orange http://ubuntu:46153/
[rosmaster.master][INFO] 2017-10-04 13:12:49,043: -PUB [/image/marked/compressedDepth/parameter_descriptions] /view http://ubuntu:44482/
[rosmaster.master][INFO] 2017-10-04 13:12:49,045: -SERVICE [/mask_orange/get_loggers] /mask_orange rosrpc://ubuntu:39484
[rosmaster.master][INFO] 2017-10-04 13:12:49,048: -PUB [/image/marked/compressedDepth/parameter_updates] /view http://ubuntu:44482/
[rosmaster.master][INFO] 2017-10-04 13:12:49,049: -SERVICE [/mask_orange/set_logger_level] /mask_orange rosrpc://ubuntu:39484
[rosmaster.master][INFO] 2017-10-04 13:12:49,052: -SERVICE [/image/compressedDepth/set_parameters] /mask_orange rosrpc://ubuntu:39484
[rosmaster.master][INFO] 2017-10-04 13:12:49,056: -PUB [/image/marked/compressed] /view http://ubuntu:44482/
[rosmaster.master][INFO] 2017-10-04 13:12:49,060: -SERVICE [/image/compressed/set_parameters] /mask_orange rosrpc://ubuntu:39484
[rosmaster.master][INFO] 2017-10-04 13:12:49,061: -PUB [/image/marked/compressed/parameter_descriptions] /view http://ubuntu:44482/
[rosmaster.master][INFO] 2017-10-04 13:12:49,064: -PUB [/image/marked/compressed/parameter_updates] /view http://ubuntu:44482/
[rosmaster.master][INFO] 2017-10-04 13:12:49,065: -PUB [/image/marked] /view http://ubuntu:44482/
[rosmaster.master][INFO] 2017-10-04 13:12:49,065: -PUB [/image/marked/theora] /view http://ubuntu:44482/
[rosmaster.master][INFO] 2017-10-04 13:12:49,068: -SERVICE [/image/theora/set_parameters] /mask_orange rosrpc://ubuntu:39484
[rosmaster.master][INFO] 2017-10-04 13:12:49,070: -PUB [/image/marked/theora/parameter_descriptions] /view http://ubuntu:44482/
[rosmaster.master][INFO] 2017-10-04 13:12:49,075: -PUB [/image/marked/theora/parameter_updates] /view http://ubuntu:44482/
[rosmaster.master][INFO] 2017-10-04 13:12:49,082: -PUB [/view/parameter_descriptions] /view http://ubuntu:44482/
[rosmaster.master][INFO] 2017-10-04 13:12:49,088: -PUB [/view/parameter_updates] /view http://ubuntu:44482/
[rosmaster.master][INFO] 2017-10-04 13:12:49,094: -SUB [/tf] /view http://ubuntu:44482/
[rosmaster.master][INFO] 2017-10-04 13:12:49,095: -SUB [/tf_static] /view http://ubuntu:44482/
[rosmaster.master][INFO] 2017-10-04 13:12:49,096: -SUB [/image] /view http://ubuntu:44482/
[rosmaster.master][INFO] 2017-10-04 13:12:49,100: -SUB [/camera_info] /view http://ubuntu:44482/
[rosmaster.master][INFO] 2017-10-04 13:12:49,102: -SUB [/image_marker] /view http://ubuntu:44482/
[rosmaster.master][INFO] 2017-10-04 13:12:49,102: -SUB [/image/event] /view http://ubuntu:44482/
[rosmaster.master][INFO] 2017-10-04 13:12:49,103: -SERVICE [/view/get_loggers] /view rosrpc://ubuntu:55297
[rosmaster.master][INFO] 2017-10-04 13:12:49,104: -SERVICE [/view/set_logger_level] /view rosrpc://ubuntu:55297
[rosmaster.master][INFO] 2017-10-04 13:12:49,107: -SERVICE [/image_marked/compressedDepth/set_parameters] /view rosrpc://ubuntu:55297
[rosmaster.master][INFO] 2017-10-04 13:12:49,111: -SERVICE [/image_marked/compressed/set_parameters] /view rosrpc://ubuntu:55297
[rosmaster.master][INFO] 2017-10-04 13:12:49,113: -SERVICE [/image_marked/theora/set_parameters] /view rosrpc://ubuntu:55297
[rosmaster.master][INFO] 2017-10-04 13:12:49,115: -SERVICE [/image/marked/compressedDepth/set_parameters] /view rosrpc://ubuntu:55297
[rosmaster.master][INFO] 2017-10-04 13:12:49,119: -SERVICE [/image/marked/compressed/set_parameters] /view rosrpc://ubuntu:55297
[rosmaster.master][INFO] 2017-10-04 13:12:49,120: -SERVICE [/image/marked/theora/set_parameters] /view rosrpc://ubuntu:55297
[rosmaster.master][INFO] 2017-10-04 13:12:49,121: -SERVICE [/view/change_mode] /view rosrpc://ubuntu:55297
[rosmaster.master][INFO] 2017-10-04 13:12:49,122: -SERVICE [/view/rectangle_mode] /view rosrpc://ubuntu:55297
[rosmaster.master][INFO] 2017-10-04 13:12:49,123: -SERVICE [/view/grabcut_mode] /view rosrpc://ubuntu:55297
[rosmaster.master][INFO] 2017-10-04 13:12:49,126: -SERVICE [/view/grabcut_rect_mode] /view rosrpc://ubuntu:55297
[rosmaster.master][INFO] 2017-10-04 13:12:49,135: -SERVICE [/view/line_mode] /view rosrpc://ubuntu:55297
[rosmaster.master][INFO] 2017-10-04 13:12:49,137: -SERVICE [/view/poly_mode] /view rosrpc://ubuntu:55297
[rosmaster.master][INFO] 2017-10-04 13:12:49,142: -SERVICE [/view/none_mode] /view rosrpc://ubuntu:55297
[rosmaster.master][INFO] 2017-10-04 13:12:49,147: -SERVICE [/view/set_parameters] /view rosrpc://ubuntu:55297
[rosmaster.master][INFO] 2017-10-04 13:12:49,428: -PUB [/rosout_agg] /rosout http://ubuntu:34712/
[rosmaster.master][INFO] 2017-10-04 13:12:49,430: -SUB [/rosout] /rosout http://ubuntu:34712/
[rosmaster.master][INFO] 2017-10-04 13:12:49,431: -SERVICE [/rosout/get_loggers] /rosout rosrpc://ubuntu:47797
[rosmaster.master][INFO] 2017-10-04 13:12:49,437: -SERVICE [/rosout/set_logger_level] /rosout rosrpc://ubuntu:47797
[rosmaster.main][INFO] 2017-10-04 13:12:49,516: keyboard interrupt, will exit
[rosmaster.main][INFO] 2017-10-04 13:12:49,516: stopping master...
[rospy.core][INFO] 2017-10-04 13:12:49,516: signal_shutdown [atexit]
