[rosmaster.main][INFO] 2017-09-21 17:58:21,088: initialization complete, waiting for shutdown
[rosmaster.main][INFO] 2017-09-21 17:58:21,088: Starting ROS Master Node
[xmlrpc][INFO] 2017-09-21 17:58:21,089: XML-RPC server binding to 0.0.0.0:11311
[xmlrpc][INFO] 2017-09-21 17:58:21,089: Started XML-RPC server [http://ubuntu:11311/]
[xmlrpc][INFO] 2017-09-21 17:58:21,089: xml rpc node: starting XML-RPC server
[rosmaster.master][INFO] 2017-09-21 17:58:21,089: Master initialized: port[11311], uri[http://ubuntu:11311/]
[rosmaster.master][INFO] 2017-09-21 17:58:21,141: +PARAM [/run_id] by /roslaunch
[rosmaster.master][INFO] 2017-09-21 17:58:21,142: +PARAM [/roslaunch/uris/host_ubuntu__36246] by /roslaunch
[rosmaster.master][INFO] 2017-09-21 17:58:21,215: +PARAM [/rosversion] by /roslaunch
[rosmaster.master][INFO] 2017-09-21 17:58:21,215: +PARAM [/rosdistro] by /roslaunch
[rosmaster.master][INFO] 2017-09-21 17:58:21,215: +PARAM [/camera/device_id] by /roslaunch
[rosmaster.master][INFO] 2017-09-21 17:58:21,271: +SERVICE [/rosout/get_loggers] /rosout http://ubuntu:45145/
[rosmaster.master][INFO] 2017-09-21 17:58:21,272: +SERVICE [/rosout/set_logger_level] /rosout http://ubuntu:45145/
[rosmaster.master][INFO] 2017-09-21 17:58:21,275: +PUB [/rosout_agg] /rosout http://ubuntu:45145/
[rosmaster.master][INFO] 2017-09-21 17:58:21,311: +SUB [/rosout] /rosout http://ubuntu:45145/
[rosmaster.master][INFO] 2017-09-21 17:58:21,373: +PUB [/rosout] /image_converter http://ubuntu:44157/
[rosmaster.master][INFO] 2017-09-21 17:58:21,374: +SERVICE [/image_converter/get_loggers] /image_converter http://ubuntu:44157/
[rosmaster.master][INFO] 2017-09-21 17:58:21,375: +SERVICE [/image_converter/set_logger_level] /image_converter http://ubuntu:44157/
[rosmaster.master][INFO] 2017-09-21 17:58:21,390: publisherUpdate[/rosout] -> http://ubuntu:45145/ ['http://ubuntu:44157/']
[rosmaster.master][INFO] 2017-09-21 17:58:21,392: publisherUpdate[/rosout] -> http://ubuntu:45145/ ['http://ubuntu:44157/']: sec=0.00, result=[1, '', 0]
[rosmaster.master][INFO] 2017-09-21 17:58:21,442: +PUB [/rosout] /view http://ubuntu:35292/
[rosmaster.master][INFO] 2017-09-21 17:58:21,442: +SERVICE [/view/get_loggers] /view http://ubuntu:35292/
[rosmaster.master][INFO] 2017-09-21 17:58:21,443: +SERVICE [/view/set_logger_level] /view http://ubuntu:35292/
[rosmaster.master][INFO] 2017-09-21 17:58:21,457: +SUB [/tf] /view http://ubuntu:35292/
[rosmaster.master][INFO] 2017-09-21 17:58:21,466: +SUB [/tf_static] /view http://ubuntu:35292/
[rosmaster.master][INFO] 2017-09-21 17:58:21,475: +PUB [/rosout] /camera http://ubuntu:40423/
[rosmaster.master][INFO] 2017-09-21 17:58:21,476: +SERVICE [/camera/get_loggers] /camera http://ubuntu:40423/
[rosmaster.master][INFO] 2017-09-21 17:58:21,483: +SERVICE [/camera/set_logger_level] /camera http://ubuntu:40423/
[rosmaster.master][INFO] 2017-09-21 17:58:21,492: publisherUpdate[/rosout] -> http://ubuntu:45145/ ['http://ubuntu:44157/', 'http://ubuntu:35292/']
[rosmaster.master][INFO] 2017-09-21 17:58:21,493: publisherUpdate[/rosout] -> http://ubuntu:45145/ ['http://ubuntu:44157/', 'http://ubuntu:35292/']: sec=0.00, result=[1, '', 0]
[rosmaster.master][INFO] 2017-09-21 17:58:21,493: publisherUpdate[/rosout] -> http://ubuntu:45145/ ['http://ubuntu:44157/', 'http://ubuntu:35292/', 'http://ubuntu:40423/']
[rosmaster.master][INFO] 2017-09-21 17:58:21,498: publisherUpdate[/rosout] -> http://ubuntu:45145/ ['http://ubuntu:44157/', 'http://ubuntu:35292/', 'http://ubuntu:40423/']: sec=0.01, result=[1, '', 0]
[rosmaster.master][INFO] 2017-09-21 17:58:21,535: +SUB [/camera/image_raw] /image_converter http://ubuntu:44157/
[rosmaster.master][INFO] 2017-09-21 17:58:21,539: +PUB [/image/screenpoint] /view http://ubuntu:35292/
[rosmaster.master][INFO] 2017-09-21 17:58:21,540: +PUB [/image/screenpoint_array] /view http://ubuntu:35292/
[rosmaster.master][INFO] 2017-09-21 17:58:21,541: +PUB [/image/screenrectangle] /view http://ubuntu:35292/
[rosmaster.master][INFO] 2017-09-21 17:58:21,542: +PUB [/image/screenrectangle_image] /view http://ubuntu:35292/
[rosmaster.master][INFO] 2017-09-21 17:58:21,546: +PUB [/image/movepoint] /view http://ubuntu:35292/
[rosmaster.master][INFO] 2017-09-21 17:58:21,548: +SERVICE [/camera/set_camera_info] /camera http://ubuntu:40423/
[rosmaster.master][INFO] 2017-09-21 17:58:21,548: +PUB [/image/foreground] /view http://ubuntu:35292/
[rosmaster.master][INFO] 2017-09-21 17:58:21,551: +PUB [/image/background] /view http://ubuntu:35292/
[rosmaster.master][INFO] 2017-09-21 17:58:21,552: -SERVICE [/camera/set_camera_info] /camera rosrpc://ubuntu:39858
[rosmaster.master][INFO] 2017-09-21 17:58:21,555: +PUB [/image/foreground_rect] /view http://ubuntu:35292/
[rosmaster.master][INFO] 2017-09-21 17:58:21,556: +PUB [/image/background_rect] /view http://ubuntu:35292/
[rosmaster.master][INFO] 2017-09-21 17:58:21,558: +PUB [/image/line] /view http://ubuntu:35292/
[rosmaster.master][INFO] 2017-09-21 17:58:21,559: +PUB [/image/poly] /view http://ubuntu:35292/
[rosmaster.master][INFO] 2017-09-21 17:58:21,633: +PUB [/image/compressedDepth] /image_converter http://ubuntu:44157/
[rosmaster.master][INFO] 2017-09-21 17:58:21,634: +SERVICE [/image/compressedDepth/set_parameters] /image_converter http://ubuntu:44157/
[rosmaster.master][INFO] 2017-09-21 17:58:21,635: +PUB [/image/compressedDepth/parameter_descriptions] /image_converter http://ubuntu:44157/
[rosmaster.master][INFO] 2017-09-21 17:58:21,636: +PUB [/image/compressedDepth/parameter_updates] /image_converter http://ubuntu:44157/
[rosmaster.master][INFO] 2017-09-21 17:58:21,642: +PARAM [/image/compressedDepth/depth_max] by /image_converter
[rosmaster.master][INFO] 2017-09-21 17:58:21,643: +PARAM [/image/compressedDepth/depth_quantization] by /image_converter
[rosmaster.master][INFO] 2017-09-21 17:58:21,643: +PARAM [/image/compressedDepth/png_level] by /image_converter
[rosmaster.master][INFO] 2017-09-21 17:58:21,644: +PARAM [/image/compressedDepth/depth_max] by /image_converter
[rosmaster.master][INFO] 2017-09-21 17:58:21,645: +PARAM [/image/compressedDepth/depth_quantization] by /image_converter
[rosmaster.master][INFO] 2017-09-21 17:58:21,645: +PARAM [/image/compressedDepth/png_level] by /image_converter
[rosmaster.master][INFO] 2017-09-21 17:58:21,662: +PUB [/image_marked/compressedDepth] /view http://ubuntu:35292/
[rosmaster.master][INFO] 2017-09-21 17:58:21,664: +SERVICE [/image_marked/compressedDepth/set_parameters] /view http://ubuntu:35292/
[rosmaster.master][INFO] 2017-09-21 17:58:21,666: +PUB [/image_marked/compressedDepth/parameter_descriptions] /view http://ubuntu:35292/
[rosmaster.master][INFO] 2017-09-21 17:58:21,670: +PUB [/image_marked/compressedDepth/parameter_updates] /view http://ubuntu:35292/
[rosmaster.master][INFO] 2017-09-21 17:58:21,672: +PARAM [/image_marked/compressedDepth/depth_max] by /view
[rosmaster.master][INFO] 2017-09-21 17:58:21,674: +PARAM [/image_marked/compressedDepth/depth_quantization] by /view
[rosmaster.master][INFO] 2017-09-21 17:58:21,677: +PARAM [/image_marked/compressedDepth/png_level] by /view
[rosmaster.master][INFO] 2017-09-21 17:58:21,678: +PARAM [/image_marked/compressedDepth/depth_max] by /view
[rosmaster.master][INFO] 2017-09-21 17:58:21,679: +PARAM [/image_marked/compressedDepth/depth_quantization] by /view
[rosmaster.master][INFO] 2017-09-21 17:58:21,682: +PARAM [/image_marked/compressedDepth/png_level] by /view
[rosmaster.master][INFO] 2017-09-21 17:58:21,706: -PUB [/rosout] /camera http://ubuntu:40423/
[rosmaster.master][INFO] 2017-09-21 17:58:21,707: -SERVICE [/camera/get_loggers] /camera rosrpc://ubuntu:39858
[rosmaster.master][INFO] 2017-09-21 17:58:21,708: -SERVICE [/camera/set_logger_level] /camera rosrpc://ubuntu:39858
[rosmaster.master][INFO] 2017-09-21 17:58:21,721: +PUB [/image/compressed] /image_converter http://ubuntu:44157/
[rosmaster.master][INFO] 2017-09-21 17:58:21,722: +SERVICE [/image/compressed/set_parameters] /image_converter http://ubuntu:44157/
[rosmaster.master][INFO] 2017-09-21 17:58:21,723: +PUB [/image/compressed/parameter_descriptions] /image_converter http://ubuntu:44157/
[rosmaster.master][INFO] 2017-09-21 17:58:21,725: +PUB [/image/compressed/parameter_updates] /image_converter http://ubuntu:44157/
[rosmaster.master][INFO] 2017-09-21 17:58:21,734: +PARAM [/image/compressed/format] by /image_converter
[rosmaster.master][INFO] 2017-09-21 17:58:21,735: +PARAM [/image/compressed/jpeg_quality] by /image_converter
[rosmaster.master][INFO] 2017-09-21 17:58:21,737: +PARAM [/image/compressed/png_level] by /image_converter
[rosmaster.master][INFO] 2017-09-21 17:58:21,738: +PARAM [/image/compressed/format] by /image_converter
[rosmaster.master][INFO] 2017-09-21 17:58:21,741: +PARAM [/image/compressed/jpeg_quality] by /image_converter
[rosmaster.master][INFO] 2017-09-21 17:58:21,741: +PARAM [/image/compressed/png_level] by /image_converter
[rosmaster.master][INFO] 2017-09-21 17:58:21,746: +PUB [/image_marked/compressed] /view http://ubuntu:35292/
[rosmaster.master][INFO] 2017-09-21 17:58:21,747: +SERVICE [/image_marked/compressed/set_parameters] /view http://ubuntu:35292/
[rosmaster.master][INFO] 2017-09-21 17:58:21,750: +PUB [/image_marked/compressed/parameter_descriptions] /view http://ubuntu:35292/
[rosmaster.master][INFO] 2017-09-21 17:58:21,751: +PUB [/image_marked/compressed/parameter_updates] /view http://ubuntu:35292/
[rosmaster.master][INFO] 2017-09-21 17:58:21,754: +PARAM [/image_marked/compressed/format] by /view
[rosmaster.master][INFO] 2017-09-21 17:58:21,755: +PARAM [/image_marked/compressed/jpeg_quality] by /view
[rosmaster.master][INFO] 2017-09-21 17:58:21,757: +PARAM [/image_marked/compressed/png_level] by /view
[rosmaster.master][INFO] 2017-09-21 17:58:21,758: +PARAM [/image_marked/compressed/format] by /view
[rosmaster.master][INFO] 2017-09-21 17:58:21,762: +PARAM [/image_marked/compressed/jpeg_quality] by /view
[rosmaster.master][INFO] 2017-09-21 17:58:21,763: +PARAM [/image_marked/compressed/png_level] by /view
[rosmaster.master][INFO] 2017-09-21 17:58:21,795: publisherUpdate[/rosout] -> http://ubuntu:45145/ ['http://ubuntu:44157/', 'http://ubuntu:35292/']
[rosmaster.master][INFO] 2017-09-21 17:58:21,795: publisherUpdate[/rosout] -> http://ubuntu:45145/ ['http://ubuntu:44157/', 'http://ubuntu:35292/']: sec=0.00, result=[1, '', 0]
[rosmaster.master][INFO] 2017-09-21 17:58:21,796: +PUB [/image] /image_converter http://ubuntu:44157/
[rosmaster.master][INFO] 2017-09-21 17:58:21,812: +PUB [/image_marked] /view http://ubuntu:35292/
[rosmaster.master][INFO] 2017-09-21 17:58:21,873: +PUB [/image/theora] /image_converter http://ubuntu:44157/
[rosmaster.master][INFO] 2017-09-21 17:58:21,874: +SERVICE [/image/theora/set_parameters] /image_converter http://ubuntu:44157/
[rosmaster.master][INFO] 2017-09-21 17:58:21,875: +PUB [/image/theora/parameter_descriptions] /image_converter http://ubuntu:44157/
[rosmaster.master][INFO] 2017-09-21 17:58:21,876: +PUB [/image/theora/parameter_updates] /image_converter http://ubuntu:44157/
[rosmaster.master][INFO] 2017-09-21 17:58:21,880: +PARAM [/image/theora/optimize_for] by /image_converter
[rosmaster.master][INFO] 2017-09-21 17:58:21,882: +PARAM [/image/theora/target_bitrate] by /image_converter
[rosmaster.master][INFO] 2017-09-21 17:58:21,882: +PARAM [/image/theora/quality] by /image_converter
[rosmaster.master][INFO] 2017-09-21 17:58:21,886: +PARAM [/image/theora/keyframe_frequency] by /image_converter
[rosmaster.master][INFO] 2017-09-21 17:58:21,886: +PARAM [/image/theora/optimize_for] by /image_converter
[rosmaster.master][INFO] 2017-09-21 17:58:21,887: +PARAM [/image/theora/target_bitrate] by /image_converter
[rosmaster.master][INFO] 2017-09-21 17:58:21,890: +PARAM [/image/theora/quality] by /image_converter
[rosmaster.master][INFO] 2017-09-21 17:58:21,891: +PARAM [/image/theora/keyframe_frequency] by /image_converter
[rosmaster.master][INFO] 2017-09-21 17:58:21,891: +PUB [/image_marked/theora] /view http://ubuntu:35292/
[rosmaster.master][INFO] 2017-09-21 17:58:21,892: +SERVICE [/image_marked/theora/set_parameters] /view http://ubuntu:35292/
[rosmaster.master][INFO] 2017-09-21 17:58:21,893: +PUB [/image_marked/theora/parameter_descriptions] /view http://ubuntu:35292/
[rosmaster.master][INFO] 2017-09-21 17:58:21,893: +PUB [/image_marked/theora/parameter_updates] /view http://ubuntu:35292/
[rosmaster.master][INFO] 2017-09-21 17:58:21,896: +PARAM [/image_marked/theora/optimize_for] by /view
[rosmaster.master][INFO] 2017-09-21 17:58:21,897: +PARAM [/image_marked/theora/target_bitrate] by /view
[rosmaster.master][INFO] 2017-09-21 17:58:21,897: +PARAM [/image_marked/theora/quality] by /view
[rosmaster.master][INFO] 2017-09-21 17:58:21,898: +PARAM [/image_marked/theora/keyframe_frequency] by /view
[rosmaster.master][INFO] 2017-09-21 17:58:21,899: +PARAM [/image_marked/theora/optimize_for] by /view
[rosmaster.master][INFO] 2017-09-21 17:58:21,899: +PARAM [/image_marked/theora/target_bitrate] by /view
[rosmaster.master][INFO] 2017-09-21 17:58:21,900: +PARAM [/image_marked/theora/quality] by /view
[rosmaster.master][INFO] 2017-09-21 17:58:21,900: +PARAM [/image_marked/theora/keyframe_frequency] by /view
[rosmaster.master][INFO] 2017-09-21 17:58:21,926: +PUB [/image/marked/compressedDepth] /view http://ubuntu:35292/
[rosmaster.master][INFO] 2017-09-21 17:58:21,927: +SERVICE [/image/marked/compressedDepth/set_parameters] /view http://ubuntu:35292/
[rosmaster.master][INFO] 2017-09-21 17:58:21,927: +PUB [/image/marked/compressedDepth/parameter_descriptions] /view http://ubuntu:35292/
[rosmaster.master][INFO] 2017-09-21 17:58:21,928: +PUB [/image/marked/compressedDepth/parameter_updates] /view http://ubuntu:35292/
[rosmaster.master][INFO] 2017-09-21 17:58:21,930: +PARAM [/image/marked/compressedDepth/depth_max] by /view
[rosmaster.master][INFO] 2017-09-21 17:58:21,931: +PARAM [/image/marked/compressedDepth/depth_quantization] by /view
[rosmaster.master][INFO] 2017-09-21 17:58:21,931: +PARAM [/image/marked/compressedDepth/png_level] by /view
[rosmaster.master][INFO] 2017-09-21 17:58:21,932: +PARAM [/image/marked/compressedDepth/depth_max] by /view
[rosmaster.master][INFO] 2017-09-21 17:58:21,933: +PARAM [/image/marked/compressedDepth/depth_quantization] by /view
[rosmaster.master][INFO] 2017-09-21 17:58:21,933: +PARAM [/image/marked/compressedDepth/png_level] by /view
[rosmaster.master][INFO] 2017-09-21 17:58:21,958: +PUB [/image/marked/compressed] /view http://ubuntu:35292/
[rosmaster.master][INFO] 2017-09-21 17:58:21,959: +SERVICE [/image/marked/compressed/set_parameters] /view http://ubuntu:35292/
[rosmaster.master][INFO] 2017-09-21 17:58:21,960: +PUB [/image/marked/compressed/parameter_descriptions] /view http://ubuntu:35292/
[rosmaster.master][INFO] 2017-09-21 17:58:21,961: +PUB [/image/marked/compressed/parameter_updates] /view http://ubuntu:35292/
[rosmaster.master][INFO] 2017-09-21 17:58:21,963: +PARAM [/image/marked/compressed/format] by /view
[rosmaster.master][INFO] 2017-09-21 17:58:21,963: +PARAM [/image/marked/compressed/jpeg_quality] by /view
[rosmaster.master][INFO] 2017-09-21 17:58:21,964: +PARAM [/image/marked/compressed/png_level] by /view
[rosmaster.master][INFO] 2017-09-21 17:58:21,965: +PARAM [/image/marked/compressed/format] by /view
[rosmaster.master][INFO] 2017-09-21 17:58:21,965: +PARAM [/image/marked/compressed/jpeg_quality] by /view
[rosmaster.master][INFO] 2017-09-21 17:58:21,966: +PARAM [/image/marked/compressed/png_level] by /view
[rosmaster.master][INFO] 2017-09-21 17:58:21,991: +PUB [/image/marked] /view http://ubuntu:35292/
[rosmaster.master][INFO] 2017-09-21 17:58:22,017: +PUB [/image/marked/theora] /view http://ubuntu:35292/
[rosmaster.master][INFO] 2017-09-21 17:58:22,018: +SERVICE [/image/marked/theora/set_parameters] /view http://ubuntu:35292/
[rosmaster.master][INFO] 2017-09-21 17:58:22,019: +PUB [/image/marked/theora/parameter_descriptions] /view http://ubuntu:35292/
[rosmaster.master][INFO] 2017-09-21 17:58:22,019: +PUB [/image/marked/theora/parameter_updates] /view http://ubuntu:35292/
[rosmaster.master][INFO] 2017-09-21 17:58:22,022: +PARAM [/image/marked/theora/optimize_for] by /view
[rosmaster.master][INFO] 2017-09-21 17:58:22,023: +PARAM [/image/marked/theora/target_bitrate] by /view
[rosmaster.master][INFO] 2017-09-21 17:58:22,023: +PARAM [/image/marked/theora/quality] by /view
[rosmaster.master][INFO] 2017-09-21 17:58:22,024: +PARAM [/image/marked/theora/keyframe_frequency] by /view
[rosmaster.master][INFO] 2017-09-21 17:58:22,024: +PARAM [/image/marked/theora/optimize_for] by /view
[rosmaster.master][INFO] 2017-09-21 17:58:22,025: +PARAM [/image/marked/theora/target_bitrate] by /view
[rosmaster.master][INFO] 2017-09-21 17:58:22,026: +PARAM [/image/marked/theora/quality] by /view
[rosmaster.master][INFO] 2017-09-21 17:58:22,026: +PARAM [/image/marked/theora/keyframe_frequency] by /view
[rosmaster.master][INFO] 2017-09-21 17:58:22,054: +SUB [/image] /view http://ubuntu:35292/
[rosmaster.master][INFO] 2017-09-21 17:58:22,057: +SUB [/camera_info] /view http://ubuntu:35292/
[rosmaster.master][INFO] 2017-09-21 17:58:22,060: +SUB [/image_marker] /view http://ubuntu:35292/
[rosmaster.master][INFO] 2017-09-21 17:58:22,064: +SUB [/image/event] /view http://ubuntu:35292/
[rosmaster.master][INFO] 2017-09-21 17:58:22,064: +SERVICE [/view/change_mode] /view http://ubuntu:35292/
[rosmaster.master][INFO] 2017-09-21 17:58:22,065: +SERVICE [/view/rectangle_mode] /view http://ubuntu:35292/
[rosmaster.master][INFO] 2017-09-21 17:58:22,066: +SERVICE [/view/grabcut_mode] /view http://ubuntu:35292/
[rosmaster.master][INFO] 2017-09-21 17:58:22,067: +SERVICE [/view/grabcut_rect_mode] /view http://ubuntu:35292/
[rosmaster.master][INFO] 2017-09-21 17:58:22,067: +SERVICE [/view/line_mode] /view http://ubuntu:35292/
[rosmaster.master][INFO] 2017-09-21 17:58:22,068: +SERVICE [/view/poly_mode] /view http://ubuntu:35292/
[rosmaster.master][INFO] 2017-09-21 17:58:22,069: +SERVICE [/view/none_mode] /view http://ubuntu:35292/
[rosmaster.master][INFO] 2017-09-21 17:58:22,070: +SERVICE [/view/set_parameters] /view http://ubuntu:35292/
[rosmaster.master][INFO] 2017-09-21 17:58:22,070: +PUB [/view/parameter_descriptions] /view http://ubuntu:35292/
[rosmaster.master][INFO] 2017-09-21 17:58:22,071: +PUB [/view/parameter_updates] /view http://ubuntu:35292/
[rosmaster.master][INFO] 2017-09-21 17:58:22,076: +PARAM [/view/grid] by /view
[rosmaster.master][INFO] 2017-09-21 17:58:22,077: +PARAM [/view/fisheye_mode] by /view
[rosmaster.master][INFO] 2017-09-21 17:58:22,077: +PARAM [/view/div_u] by /view
[rosmaster.master][INFO] 2017-09-21 17:58:22,078: +PARAM [/view/div_v] by /view
[rosmaster.master][INFO] 2017-09-21 17:58:22,078: +PARAM [/view/grid_red] by /view
[rosmaster.master][INFO] 2017-09-21 17:58:22,079: +PARAM [/view/grid_green] by /view
[rosmaster.master][INFO] 2017-09-21 17:58:22,080: +PARAM [/view/grid_blue] by /view
[rosmaster.master][INFO] 2017-09-21 17:58:22,080: +PARAM [/view/grid_thickness] by /view
[rosmaster.master][INFO] 2017-09-21 17:58:22,081: +PARAM [/view/grid_space] by /view
[rosmaster.master][INFO] 2017-09-21 17:58:22,082: +PARAM [/view/grid] by /view
[rosmaster.master][INFO] 2017-09-21 17:58:22,082: +PARAM [/view/fisheye_mode] by /view
[rosmaster.master][INFO] 2017-09-21 17:58:22,083: +PARAM [/view/div_u] by /view
[rosmaster.master][INFO] 2017-09-21 17:58:22,084: +PARAM [/view/div_v] by /view
[rosmaster.master][INFO] 2017-09-21 17:58:22,084: +PARAM [/view/grid_red] by /view
[rosmaster.master][INFO] 2017-09-21 17:58:22,085: +PARAM [/view/grid_green] by /view
[rosmaster.master][INFO] 2017-09-21 17:58:22,085: +PARAM [/view/grid_blue] by /view
[rosmaster.master][INFO] 2017-09-21 17:58:22,086: +PARAM [/view/grid_thickness] by /view
[rosmaster.master][INFO] 2017-09-21 17:58:22,087: +PARAM [/view/grid_space] by /view
[rosmaster.master][INFO] 2017-09-21 17:58:38,149: -PUB [/rosout] /image_converter http://ubuntu:44157/
[rosmaster.master][INFO] 2017-09-21 17:58:38,150: -PUB [/image/compressedDepth] /image_converter http://ubuntu:44157/
[rosmaster.master][INFO] 2017-09-21 17:58:38,151: -PUB [/image/compressedDepth/parameter_descriptions] /image_converter http://ubuntu:44157/
[rosmaster.master][INFO] 2017-09-21 17:58:38,152: -PUB [/image/compressedDepth/parameter_updates] /image_converter http://ubuntu:44157/
[rosmaster.master][INFO] 2017-09-21 17:58:38,154: -PUB [/image/compressed] /image_converter http://ubuntu:44157/
[rosmaster.master][INFO] 2017-09-21 17:58:38,156: -PUB [/rosout] /view http://ubuntu:35292/
[rosmaster.master][INFO] 2017-09-21 17:58:38,158: -PUB [/image/compressed/parameter_descriptions] /image_converter http://ubuntu:44157/
[rosmaster.master][INFO] 2017-09-21 17:58:38,160: -PUB [/image/screenpoint] /view http://ubuntu:35292/
[rosmaster.master][INFO] 2017-09-21 17:58:38,162: -PUB [/image/compressed/parameter_updates] /image_converter http://ubuntu:44157/
[rosmaster.master][INFO] 2017-09-21 17:58:38,163: -PUB [/image/screenpoint_array] /view http://ubuntu:35292/
[rosmaster.master][INFO] 2017-09-21 17:58:38,164: -PUB [/image/screenrectangle] /view http://ubuntu:35292/
[rosmaster.master][INFO] 2017-09-21 17:58:38,166: -PUB [/image] /image_converter http://ubuntu:44157/
[rosmaster.master][INFO] 2017-09-21 17:58:38,168: -PUB [/image/screenrectangle_image] /view http://ubuntu:35292/
[rosmaster.master][INFO] 2017-09-21 17:58:38,170: -PUB [/image/theora] /image_converter http://ubuntu:44157/
[rosmaster.master][INFO] 2017-09-21 17:58:38,171: -PUB [/image/movepoint] /view http://ubuntu:35292/
[rosmaster.master][INFO] 2017-09-21 17:58:38,174: -PUB [/image/foreground] /view http://ubuntu:35292/
[rosmaster.master][INFO] 2017-09-21 17:58:38,178: -PUB [/image/theora/parameter_descriptions] /image_converter http://ubuntu:44157/
[rosmaster.master][INFO] 2017-09-21 17:58:38,179: -PUB [/image/background] /view http://ubuntu:35292/
[rosmaster.master][INFO] 2017-09-21 17:58:38,181: -PUB [/image/foreground_rect] /view http://ubuntu:35292/
[rosmaster.master][INFO] 2017-09-21 17:58:38,186: -PUB [/image/theora/parameter_updates] /image_converter http://ubuntu:44157/
[rosmaster.master][INFO] 2017-09-21 17:58:38,188: -PUB [/image/background_rect] /view http://ubuntu:35292/
[rosmaster.master][INFO] 2017-09-21 17:58:38,188: -PUB [/image/line] /view http://ubuntu:35292/
[rosmaster.master][INFO] 2017-09-21 17:58:38,190: -PUB [/image/poly] /view http://ubuntu:35292/
[rosmaster.master][INFO] 2017-09-21 17:58:38,191: -PUB [/image_marked/compressedDepth] /view http://ubuntu:35292/
[rosmaster.master][INFO] 2017-09-21 17:58:38,192: -PUB [/image_marked/compressedDepth/parameter_descriptions] /view http://ubuntu:35292/
[rosmaster.master][INFO] 2017-09-21 17:58:38,194: -PUB [/image_marked/compressedDepth/parameter_updates] /view http://ubuntu:35292/
[rosmaster.master][INFO] 2017-09-21 17:58:38,198: -SUB [/camera/image_raw] /image_converter http://ubuntu:44157/
[rosmaster.master][INFO] 2017-09-21 17:58:38,200: -PUB [/image_marked/compressed] /view http://ubuntu:35292/
[rosmaster.master][INFO] 2017-09-21 17:58:38,201: -PUB [/image_marked/compressed/parameter_descriptions] /view http://ubuntu:35292/
[rosmaster.master][INFO] 2017-09-21 17:58:38,202: -PUB [/image_marked/compressed/parameter_updates] /view http://ubuntu:35292/
[rosmaster.master][INFO] 2017-09-21 17:58:38,203: -PUB [/image_marked] /view http://ubuntu:35292/
[rosmaster.master][INFO] 2017-09-21 17:58:38,204: -PUB [/image_marked/theora] /view http://ubuntu:35292/
[rosmaster.master][INFO] 2017-09-21 17:58:38,206: -SERVICE [/image_converter/get_loggers] /image_converter rosrpc://ubuntu:46560
[rosmaster.master][INFO] 2017-09-21 17:58:38,208: -PUB [/image_marked/theora/parameter_descriptions] /view http://ubuntu:35292/
[rosmaster.master][INFO] 2017-09-21 17:58:38,210: -PUB [/image_marked/theora/parameter_updates] /view http://ubuntu:35292/
[rosmaster.master][INFO] 2017-09-21 17:58:38,212: -SERVICE [/image_converter/set_logger_level] /image_converter rosrpc://ubuntu:46560
[rosmaster.master][INFO] 2017-09-21 17:58:38,213: -PUB [/image/marked/compressedDepth] /view http://ubuntu:35292/
[rosmaster.master][INFO] 2017-09-21 17:58:38,214: -SERVICE [/image/compressedDepth/set_parameters] /image_converter rosrpc://ubuntu:46560
[rosmaster.master][INFO] 2017-09-21 17:58:38,216: -PUB [/image/marked/compressedDepth/parameter_descriptions] /view http://ubuntu:35292/
[rosmaster.master][INFO] 2017-09-21 17:58:38,218: -SERVICE [/image/compressed/set_parameters] /image_converter rosrpc://ubuntu:46560
[rosmaster.master][INFO] 2017-09-21 17:58:38,220: -PUB [/image/marked/compressedDepth/parameter_updates] /view http://ubuntu:35292/
[rosmaster.master][INFO] 2017-09-21 17:58:38,222: -SERVICE [/image/theora/set_parameters] /image_converter rosrpc://ubuntu:46560
[rosmaster.master][INFO] 2017-09-21 17:58:38,224: -PUB [/image/marked/compressed] /view http://ubuntu:35292/
[rosmaster.master][INFO] 2017-09-21 17:58:38,226: -PUB [/image/marked/compressed/parameter_descriptions] /view http://ubuntu:35292/
[rosmaster.master][INFO] 2017-09-21 17:58:38,228: -PUB [/image/marked/compressed/parameter_updates] /view http://ubuntu:35292/
[rosmaster.master][INFO] 2017-09-21 17:58:38,230: -PUB [/image/marked] /view http://ubuntu:35292/
[rosmaster.master][INFO] 2017-09-21 17:58:38,232: -PUB [/image/marked/theora] /view http://ubuntu:35292/
[rosmaster.master][INFO] 2017-09-21 17:58:38,234: -PUB [/image/marked/theora/parameter_descriptions] /view http://ubuntu:35292/
[rosmaster.master][INFO] 2017-09-21 17:58:38,236: -PUB [/image/marked/theora/parameter_updates] /view http://ubuntu:35292/
[rosmaster.master][INFO] 2017-09-21 17:58:38,238: -PUB [/view/parameter_descriptions] /view http://ubuntu:35292/
[rosmaster.master][INFO] 2017-09-21 17:58:38,240: -PUB [/view/parameter_updates] /view http://ubuntu:35292/
[rosmaster.master][INFO] 2017-09-21 17:58:38,242: -SUB [/tf] /view http://ubuntu:35292/
[rosmaster.master][INFO] 2017-09-21 17:58:38,244: -SUB [/tf_static] /view http://ubuntu:35292/
[rosmaster.master][INFO] 2017-09-21 17:58:38,246: publisherUpdate[/rosout] -> http://ubuntu:45145/ ['http://ubuntu:35292/']
[rosmaster.master][INFO] 2017-09-21 17:58:38,246: publisherUpdate[/image] -> http://ubuntu:35292/ []
[rosmaster.master][INFO] 2017-09-21 17:58:38,247: publisherUpdate[/rosout] -> http://ubuntu:45145/ ['http://ubuntu:35292/']: sec=0.00, result=[1, '', 0]
[rosmaster.master][INFO] 2017-09-21 17:58:38,247: publisherUpdate[/rosout] -> http://ubuntu:45145/ []
[rosmaster.master][INFO] 2017-09-21 17:58:38,247: publisherUpdate[/rosout] -> http://ubuntu:45145/ []: sec=0.00, result=[1, '', 0]
[rosmaster.master][INFO] 2017-09-21 17:58:38,249: publisherUpdate[/image] -> http://ubuntu:35292/ []: sec=0.00, exception=<Fault -1: 'publisherUpdate: unknown method name'>
[rosmaster.master][INFO] 2017-09-21 17:58:38,251: -SUB [/image] /view http://ubuntu:35292/
[rosmaster.master][INFO] 2017-09-21 17:58:38,253: -SUB [/camera_info] /view http://ubuntu:35292/
[rosmaster.threadpool][ERROR] 2017-09-21 17:58:38,259: Traceback (most recent call last):
  File "/opt/ros/kinetic/lib/python2.7/dist-packages/rosmaster/threadpool.py", line 218, in run
    result = cmd(*args)
  File "/opt/ros/kinetic/lib/python2.7/dist-packages/rosmaster/master_api.py", line 210, in publisher_update_task
    ret = xmlrpcapi(api).publisherUpdate('/master', topic, pub_uris)
  File "/usr/lib/python2.7/xmlrpclib.py", line 1243, in __call__
    return self.__send(self.__name, args)
  File "/usr/lib/python2.7/xmlrpclib.py", line 1602, in __request
    verbose=self.__verbose
  File "/usr/lib/python2.7/xmlrpclib.py", line 1283, in request
    return self.single_request(host, handler, request_body, verbose)
  File "/usr/lib/python2.7/xmlrpclib.py", line 1316, in single_request
    return self.parse_response(response)
  File "/usr/lib/python2.7/xmlrpclib.py", line 1493, in parse_response
    return u.close()
  File "/usr/lib/python2.7/xmlrpclib.py", line 800, in close
    raise Fault(**self._stack[0])
Fault: <Fault -1: 'publisherUpdate: unknown method name'>

[rosmaster.master][INFO] 2017-09-21 17:58:38,259: -SUB [/image_marker] /view http://ubuntu:35292/
[rosmaster.master][INFO] 2017-09-21 17:58:38,263: -SUB [/image/event] /view http://ubuntu:35292/
[rosmaster.master][INFO] 2017-09-21 17:58:38,266: -SERVICE [/view/get_loggers] /view rosrpc://ubuntu:47303
[rosmaster.master][INFO] 2017-09-21 17:58:38,269: -SERVICE [/view/set_logger_level] /view rosrpc://ubuntu:47303
[rosmaster.master][INFO] 2017-09-21 17:58:38,270: -SERVICE [/image_marked/compressedDepth/set_parameters] /view rosrpc://ubuntu:47303
[rosmaster.master][INFO] 2017-09-21 17:58:38,272: -SERVICE [/image_marked/compressed/set_parameters] /view rosrpc://ubuntu:47303
[rosmaster.master][INFO] 2017-09-21 17:58:38,273: -SERVICE [/image_marked/theora/set_parameters] /view rosrpc://ubuntu:47303
[rosmaster.master][INFO] 2017-09-21 17:58:38,273: -SERVICE [/image/marked/compressedDepth/set_parameters] /view rosrpc://ubuntu:47303
[rosmaster.master][INFO] 2017-09-21 17:58:38,276: -SERVICE [/image/marked/compressed/set_parameters] /view rosrpc://ubuntu:47303
[rosmaster.master][INFO] 2017-09-21 17:58:38,277: -SERVICE [/image/marked/theora/set_parameters] /view rosrpc://ubuntu:47303
[rosmaster.master][INFO] 2017-09-21 17:58:38,277: -SERVICE [/view/change_mode] /view rosrpc://ubuntu:47303
[rosmaster.master][INFO] 2017-09-21 17:58:38,280: -SERVICE [/view/rectangle_mode] /view rosrpc://ubuntu:47303
[rosmaster.master][INFO] 2017-09-21 17:58:38,281: -SERVICE [/view/grabcut_mode] /view rosrpc://ubuntu:47303
[rosmaster.master][INFO] 2017-09-21 17:58:38,281: -SERVICE [/view/grabcut_rect_mode] /view rosrpc://ubuntu:47303
[rosmaster.master][INFO] 2017-09-21 17:58:38,282: -SERVICE [/view/line_mode] /view rosrpc://ubuntu:47303
[rosmaster.master][INFO] 2017-09-21 17:58:38,284: -SERVICE [/view/poly_mode] /view rosrpc://ubuntu:47303
[rosmaster.master][INFO] 2017-09-21 17:58:38,285: -SERVICE [/view/none_mode] /view rosrpc://ubuntu:47303
[rosmaster.master][INFO] 2017-09-21 17:58:38,285: -SERVICE [/view/set_parameters] /view rosrpc://ubuntu:47303
[rosmaster.master][INFO] 2017-09-21 17:58:38,750: -PUB [/rosout_agg] /rosout http://ubuntu:45145/
[rosmaster.master][INFO] 2017-09-21 17:58:38,751: -SUB [/rosout] /rosout http://ubuntu:45145/
[rosmaster.master][INFO] 2017-09-21 17:58:38,752: -SERVICE [/rosout/get_loggers] /rosout rosrpc://ubuntu:37402
[rosmaster.master][INFO] 2017-09-21 17:58:38,753: -SERVICE [/rosout/set_logger_level] /rosout rosrpc://ubuntu:37402
[rosmaster.main][INFO] 2017-09-21 17:58:38,865: keyboard interrupt, will exit
[rosmaster.main][INFO] 2017-09-21 17:58:38,865: stopping master...
[rospy.core][INFO] 2017-09-21 17:58:38,866: signal_shutdown [atexit]
