[rosmaster.main][INFO] 2017-10-05 18:12:40,372: initialization complete, waiting for shutdown
[rosmaster.main][INFO] 2017-10-05 18:12:40,373: Starting ROS Master Node
[xmlrpc][INFO] 2017-10-05 18:12:40,373: XML-RPC server binding to 0.0.0.0:11311
[xmlrpc][INFO] 2017-10-05 18:12:40,374: Started XML-RPC server [http://ubuntu:11311/]
[xmlrpc][INFO] 2017-10-05 18:12:40,374: xml rpc node: starting XML-RPC server
[rosmaster.master][INFO] 2017-10-05 18:12:40,374: Master initialized: port[11311], uri[http://ubuntu:11311/]
[rosmaster.master][INFO] 2017-10-05 18:12:40,416: +PARAM [/run_id] by /roslaunch
[rosmaster.master][INFO] 2017-10-05 18:12:40,418: +PARAM [/roslaunch/uris/host_ubuntu__40695] by /roslaunch
[rosmaster.master][INFO] 2017-10-05 18:12:40,492: +PARAM [/rosversion] by /roslaunch
[rosmaster.master][INFO] 2017-10-05 18:12:40,493: +PARAM [/rosdistro] by /roslaunch
[rosmaster.master][INFO] 2017-10-05 18:12:40,493: +PARAM [/camera/device_id] by /roslaunch
[rosmaster.master][INFO] 2017-10-05 18:12:40,498: +SERVICE [/rosout/get_loggers] /rosout http://ubuntu:36136/
[rosmaster.master][INFO] 2017-10-05 18:12:40,499: +SERVICE [/rosout/set_logger_level] /rosout http://ubuntu:36136/
[rosmaster.master][INFO] 2017-10-05 18:12:40,504: +PUB [/rosout_agg] /rosout http://ubuntu:36136/
[rosmaster.master][INFO] 2017-10-05 18:12:40,533: +SUB [/rosout] /rosout http://ubuntu:36136/
[rosmaster.master][INFO] 2017-10-05 18:12:40,622: +PUB [/rosout] /mask_orange http://ubuntu:41438/
[rosmaster.master][INFO] 2017-10-05 18:12:40,625: +SERVICE [/mask_orange/get_loggers] /mask_orange http://ubuntu:41438/
[rosmaster.master][INFO] 2017-10-05 18:12:40,629: +SERVICE [/mask_orange/set_logger_level] /mask_orange http://ubuntu:41438/
[rosmaster.master][INFO] 2017-10-05 18:12:40,653: +PUB [/rosout] /camera http://ubuntu:37480/
[rosmaster.master][INFO] 2017-10-05 18:12:40,654: +SERVICE [/camera/get_loggers] /camera http://ubuntu:37480/
[rosmaster.master][INFO] 2017-10-05 18:12:40,654: +SERVICE [/camera/set_logger_level] /camera http://ubuntu:37480/
[rosmaster.master][INFO] 2017-10-05 18:12:40,674: publisherUpdate[/rosout] -> http://ubuntu:36136/ ['http://ubuntu:41438/']
[rosmaster.master][INFO] 2017-10-05 18:12:40,676: publisherUpdate[/rosout] -> http://ubuntu:36136/ ['http://ubuntu:41438/']: sec=0.00, result=[1, '', 0]
[rosmaster.master][INFO] 2017-10-05 18:12:40,676: publisherUpdate[/rosout] -> http://ubuntu:36136/ ['http://ubuntu:41438/', 'http://ubuntu:37480/']
[rosmaster.master][INFO] 2017-10-05 18:12:40,676: publisherUpdate[/rosout] -> http://ubuntu:36136/ ['http://ubuntu:41438/', 'http://ubuntu:37480/']: sec=0.00, result=[1, '', 0]
[rosmaster.master][INFO] 2017-10-05 18:12:40,677: +PUB [/rosout] /view http://ubuntu:36779/
[rosmaster.master][INFO] 2017-10-05 18:12:40,678: +SERVICE [/view/get_loggers] /view http://ubuntu:36779/
[rosmaster.master][INFO] 2017-10-05 18:12:40,679: +SERVICE [/view/set_logger_level] /view http://ubuntu:36779/
[rosmaster.master][INFO] 2017-10-05 18:12:40,690: +SUB [/tf] /view http://ubuntu:36779/
[rosmaster.master][INFO] 2017-10-05 18:12:40,701: +SUB [/tf_static] /view http://ubuntu:36779/
[rosmaster.master][INFO] 2017-10-05 18:12:40,715: +SERVICE [/camera/set_camera_info] /camera http://ubuntu:37480/
[rosmaster.master][INFO] 2017-10-05 18:12:40,749: +PUB [/image/screenpoint] /view http://ubuntu:36779/
[rosmaster.master][INFO] 2017-10-05 18:12:40,750: +PUB [/image/screenpoint_array] /view http://ubuntu:36779/
[rosmaster.master][INFO] 2017-10-05 18:12:40,751: +PUB [/image/screenrectangle] /view http://ubuntu:36779/
[rosmaster.master][INFO] 2017-10-05 18:12:40,752: +PUB [/image/screenrectangle_image] /view http://ubuntu:36779/
[rosmaster.master][INFO] 2017-10-05 18:12:40,752: +PUB [/image/movepoint] /view http://ubuntu:36779/
[rosmaster.master][INFO] 2017-10-05 18:12:40,753: +PUB [/image/foreground] /view http://ubuntu:36779/
[rosmaster.master][INFO] 2017-10-05 18:12:40,754: +PUB [/image/background] /view http://ubuntu:36779/
[rosmaster.master][INFO] 2017-10-05 18:12:40,754: +PUB [/image/foreground_rect] /view http://ubuntu:36779/
[rosmaster.master][INFO] 2017-10-05 18:12:40,757: +PUB [/image/background_rect] /view http://ubuntu:36779/
[rosmaster.master][INFO] 2017-10-05 18:12:40,758: +PUB [/image/line] /view http://ubuntu:36779/
[rosmaster.master][INFO] 2017-10-05 18:12:40,759: +PUB [/image/poly] /view http://ubuntu:36779/
[rosmaster.master][INFO] 2017-10-05 18:12:40,764: +SUB [/camera/image_raw] /mask_orange http://ubuntu:41438/
[rosmaster.master][INFO] 2017-10-05 18:12:40,775: publisherUpdate[/rosout] -> http://ubuntu:36136/ ['http://ubuntu:41438/', 'http://ubuntu:37480/', 'http://ubuntu:36779/']
[rosmaster.master][INFO] 2017-10-05 18:12:40,779: publisherUpdate[/rosout] -> http://ubuntu:36136/ ['http://ubuntu:41438/', 'http://ubuntu:37480/', 'http://ubuntu:36779/']: sec=0.00, result=[1, '', 0]
[rosmaster.master][INFO] 2017-10-05 18:12:40,837: +PUB [/image/compressedDepth] /mask_orange http://ubuntu:41438/
[rosmaster.master][INFO] 2017-10-05 18:12:40,838: +SERVICE [/image/compressedDepth/set_parameters] /mask_orange http://ubuntu:41438/
[rosmaster.master][INFO] 2017-10-05 18:12:40,839: +PUB [/image/compressedDepth/parameter_descriptions] /mask_orange http://ubuntu:41438/
[rosmaster.master][INFO] 2017-10-05 18:12:40,840: +PUB [/image/compressedDepth/parameter_updates] /mask_orange http://ubuntu:41438/
[rosmaster.master][INFO] 2017-10-05 18:12:40,844: +PARAM [/image/compressedDepth/depth_max] by /mask_orange
[rosmaster.master][INFO] 2017-10-05 18:12:40,849: +PARAM [/image/compressedDepth/depth_quantization] by /mask_orange
[rosmaster.master][INFO] 2017-10-05 18:12:40,853: +PARAM [/image/compressedDepth/png_level] by /mask_orange
[rosmaster.master][INFO] 2017-10-05 18:12:40,854: +PARAM [/image/compressedDepth/depth_max] by /mask_orange
[rosmaster.master][INFO] 2017-10-05 18:12:40,855: +PARAM [/image/compressedDepth/depth_quantization] by /mask_orange
[rosmaster.master][INFO] 2017-10-05 18:12:40,855: +PARAM [/image/compressedDepth/png_level] by /mask_orange
[rosmaster.master][INFO] 2017-10-05 18:12:40,866: +PUB [/image_marked/compressedDepth] /view http://ubuntu:36779/
[rosmaster.master][INFO] 2017-10-05 18:12:40,867: +SERVICE [/image_marked/compressedDepth/set_parameters] /view http://ubuntu:36779/
[rosmaster.master][INFO] 2017-10-05 18:12:40,868: +PUB [/image_marked/compressedDepth/parameter_descriptions] /view http://ubuntu:36779/
[rosmaster.master][INFO] 2017-10-05 18:12:40,869: +PUB [/image_marked/compressedDepth/parameter_updates] /view http://ubuntu:36779/
[rosmaster.master][INFO] 2017-10-05 18:12:40,879: +PARAM [/image_marked/compressedDepth/depth_max] by /view
[rosmaster.master][INFO] 2017-10-05 18:12:40,880: +PARAM [/image_marked/compressedDepth/depth_quantization] by /view
[rosmaster.master][INFO] 2017-10-05 18:12:40,891: +PARAM [/image_marked/compressedDepth/png_level] by /view
[rosmaster.master][INFO] 2017-10-05 18:12:40,893: +PARAM [/image_marked/compressedDepth/depth_max] by /view
[rosmaster.master][INFO] 2017-10-05 18:12:40,894: +PARAM [/image_marked/compressedDepth/depth_quantization] by /view
[rosmaster.master][INFO] 2017-10-05 18:12:40,897: +PARAM [/image_marked/compressedDepth/png_level] by /view
[rosmaster.master][INFO] 2017-10-05 18:12:40,929: +PUB [/camera/image_raw/compressedDepth] /camera http://ubuntu:37480/
[rosmaster.master][INFO] 2017-10-05 18:12:40,930: +SERVICE [/camera/image_raw/compressedDepth/set_parameters] /camera http://ubuntu:37480/
[rosmaster.master][INFO] 2017-10-05 18:12:40,930: +PUB [/camera/image_raw/compressedDepth/parameter_descriptions] /camera http://ubuntu:37480/
[rosmaster.master][INFO] 2017-10-05 18:12:40,931: +PUB [/camera/image_raw/compressedDepth/parameter_updates] /camera http://ubuntu:37480/
[rosmaster.master][INFO] 2017-10-05 18:12:40,938: +PARAM [/camera/image_raw/compressedDepth/depth_max] by /camera
[rosmaster.master][INFO] 2017-10-05 18:12:40,938: +PARAM [/camera/image_raw/compressedDepth/depth_quantization] by /camera
[rosmaster.master][INFO] 2017-10-05 18:12:40,939: +PARAM [/camera/image_raw/compressedDepth/png_level] by /camera
[rosmaster.master][INFO] 2017-10-05 18:12:40,940: +PARAM [/camera/image_raw/compressedDepth/depth_max] by /camera
[rosmaster.master][INFO] 2017-10-05 18:12:40,941: +PARAM [/camera/image_raw/compressedDepth/depth_quantization] by /camera
[rosmaster.master][INFO] 2017-10-05 18:12:40,943: +PARAM [/camera/image_raw/compressedDepth/png_level] by /camera
[rosmaster.master][INFO] 2017-10-05 18:12:40,968: +PUB [/image/compressed] /mask_orange http://ubuntu:41438/
[rosmaster.master][INFO] 2017-10-05 18:12:40,969: +SERVICE [/image/compressed/set_parameters] /mask_orange http://ubuntu:41438/
[rosmaster.master][INFO] 2017-10-05 18:12:40,970: +PUB [/image/compressed/parameter_descriptions] /mask_orange http://ubuntu:41438/
[rosmaster.master][INFO] 2017-10-05 18:12:40,971: +PUB [/image/compressed/parameter_updates] /mask_orange http://ubuntu:41438/
[rosmaster.master][INFO] 2017-10-05 18:12:40,973: +PARAM [/image/compressed/format] by /mask_orange
[rosmaster.master][INFO] 2017-10-05 18:12:40,975: +PARAM [/image/compressed/jpeg_quality] by /mask_orange
[rosmaster.master][INFO] 2017-10-05 18:12:40,979: +PARAM [/image/compressed/png_level] by /mask_orange
[rosmaster.master][INFO] 2017-10-05 18:12:40,980: +PARAM [/image/compressed/format] by /mask_orange
[rosmaster.master][INFO] 2017-10-05 18:12:40,984: +PARAM [/image/compressed/jpeg_quality] by /mask_orange
[rosmaster.master][INFO] 2017-10-05 18:12:40,985: +PARAM [/image/compressed/png_level] by /mask_orange
[rosmaster.master][INFO] 2017-10-05 18:12:40,995: +PUB [/image_marked/compressed] /view http://ubuntu:36779/
[rosmaster.master][INFO] 2017-10-05 18:12:40,997: +SERVICE [/image_marked/compressed/set_parameters] /view http://ubuntu:36779/
[rosmaster.master][INFO] 2017-10-05 18:12:40,998: +PUB [/image_marked/compressed/parameter_descriptions] /view http://ubuntu:36779/
[rosmaster.master][INFO] 2017-10-05 18:12:41,001: +PUB [/image_marked/compressed/parameter_updates] /view http://ubuntu:36779/
[rosmaster.master][INFO] 2017-10-05 18:12:41,006: +PARAM [/image_marked/compressed/format] by /view
[rosmaster.master][INFO] 2017-10-05 18:12:41,009: +PARAM [/image_marked/compressed/jpeg_quality] by /view
[rosmaster.master][INFO] 2017-10-05 18:12:41,013: +PARAM [/image_marked/compressed/png_level] by /view
[rosmaster.master][INFO] 2017-10-05 18:12:41,017: +PARAM [/image_marked/compressed/format] by /view
[rosmaster.master][INFO] 2017-10-05 18:12:41,018: +PARAM [/image_marked/compressed/jpeg_quality] by /view
[rosmaster.master][INFO] 2017-10-05 18:12:41,018: +PARAM [/image_marked/compressed/png_level] by /view
[rosmaster.master][INFO] 2017-10-05 18:12:41,050: +PUB [/camera/image_raw/compressed] /camera http://ubuntu:37480/
[rosmaster.master][INFO] 2017-10-05 18:12:41,051: +SERVICE [/camera/image_raw/compressed/set_parameters] /camera http://ubuntu:37480/
[rosmaster.master][INFO] 2017-10-05 18:12:41,052: +PUB [/camera/image_raw/compressed/parameter_descriptions] /camera http://ubuntu:37480/
[rosmaster.master][INFO] 2017-10-05 18:12:41,053: +PUB [/camera/image_raw/compressed/parameter_updates] /camera http://ubuntu:37480/
[rosmaster.master][INFO] 2017-10-05 18:12:41,058: +PARAM [/camera/image_raw/compressed/format] by /camera
[rosmaster.master][INFO] 2017-10-05 18:12:41,063: +PARAM [/camera/image_raw/compressed/jpeg_quality] by /camera
[rosmaster.master][INFO] 2017-10-05 18:12:41,069: +PARAM [/camera/image_raw/compressed/png_level] by /camera
[rosmaster.master][INFO] 2017-10-05 18:12:41,072: +PARAM [/camera/image_raw/compressed/format] by /camera
[rosmaster.master][INFO] 2017-10-05 18:12:41,073: +PARAM [/camera/image_raw/compressed/jpeg_quality] by /camera
[rosmaster.master][INFO] 2017-10-05 18:12:41,074: +PARAM [/camera/image_raw/compressed/png_level] by /camera
[rosmaster.master][INFO] 2017-10-05 18:12:41,086: +PUB [/image] /mask_orange http://ubuntu:41438/
[rosmaster.master][INFO] 2017-10-05 18:12:41,125: +PUB [/image_marked] /view http://ubuntu:36779/
[rosmaster.master][INFO] 2017-10-05 18:12:41,161: +PUB [/camera/image_raw] /camera http://ubuntu:37480/
[rosmaster.master][INFO] 2017-10-05 18:12:41,173: +PUB [/image/theora] /mask_orange http://ubuntu:41438/
[rosmaster.master][INFO] 2017-10-05 18:12:41,174: +SERVICE [/image/theora/set_parameters] /mask_orange http://ubuntu:41438/
[rosmaster.master][INFO] 2017-10-05 18:12:41,177: +PUB [/image/theora/parameter_descriptions] /mask_orange http://ubuntu:41438/
[rosmaster.master][INFO] 2017-10-05 18:12:41,178: +PUB [/image/theora/parameter_updates] /mask_orange http://ubuntu:41438/
[rosmaster.master][INFO] 2017-10-05 18:12:41,179: publisherUpdate[/camera/image_raw] -> http://ubuntu:41438/ ['http://ubuntu:37480/']
[rosmaster.master][INFO] 2017-10-05 18:12:41,182: publisherUpdate[/camera/image_raw] -> http://ubuntu:41438/ ['http://ubuntu:37480/']: sec=0.00, result=[1, '', 0]
[rosmaster.master][INFO] 2017-10-05 18:12:41,189: +PARAM [/image/theora/optimize_for] by /mask_orange
[rosmaster.master][INFO] 2017-10-05 18:12:41,193: +PARAM [/image/theora/target_bitrate] by /mask_orange
[rosmaster.master][INFO] 2017-10-05 18:12:41,194: +PARAM [/image/theora/quality] by /mask_orange
[rosmaster.master][INFO] 2017-10-05 18:12:41,195: +PARAM [/image/theora/keyframe_frequency] by /mask_orange
[rosmaster.master][INFO] 2017-10-05 18:12:41,195: +PARAM [/image/theora/optimize_for] by /mask_orange
[rosmaster.master][INFO] 2017-10-05 18:12:41,197: +PARAM [/image/theora/target_bitrate] by /mask_orange
[rosmaster.master][INFO] 2017-10-05 18:12:41,201: +PARAM [/image/theora/quality] by /mask_orange
[rosmaster.master][INFO] 2017-10-05 18:12:41,205: +PARAM [/image/theora/keyframe_frequency] by /mask_orange
[rosmaster.master][INFO] 2017-10-05 18:12:41,214: +PUB [/image_marked/theora] /view http://ubuntu:36779/
[rosmaster.master][INFO] 2017-10-05 18:12:41,216: +SERVICE [/image_marked/theora/set_parameters] /view http://ubuntu:36779/
[rosmaster.master][INFO] 2017-10-05 18:12:41,217: +PUB [/image_marked/theora/parameter_descriptions] /view http://ubuntu:36779/
[rosmaster.master][INFO] 2017-10-05 18:12:41,217: +PUB [/image_marked/theora/parameter_updates] /view http://ubuntu:36779/
[rosmaster.master][INFO] 2017-10-05 18:12:41,222: +PARAM [/image_marked/theora/optimize_for] by /view
[rosmaster.master][INFO] 2017-10-05 18:12:41,225: +PARAM [/image_marked/theora/target_bitrate] by /view
[rosmaster.master][INFO] 2017-10-05 18:12:41,226: +PARAM [/image_marked/theora/quality] by /view
[rosmaster.master][INFO] 2017-10-05 18:12:41,228: +PARAM [/image_marked/theora/keyframe_frequency] by /view
[rosmaster.master][INFO] 2017-10-05 18:12:41,233: +PARAM [/image_marked/theora/optimize_for] by /view
[rosmaster.master][INFO] 2017-10-05 18:12:41,234: +PARAM [/image_marked/theora/target_bitrate] by /view
[rosmaster.master][INFO] 2017-10-05 18:12:41,235: +PARAM [/image_marked/theora/quality] by /view
[rosmaster.master][INFO] 2017-10-05 18:12:41,235: +PARAM [/image_marked/theora/keyframe_frequency] by /view
[rosmaster.master][INFO] 2017-10-05 18:12:41,250: +PUB [/camera/image_raw/theora] /camera http://ubuntu:37480/
[rosmaster.master][INFO] 2017-10-05 18:12:41,251: +SERVICE [/camera/image_raw/theora/set_parameters] /camera http://ubuntu:37480/
[rosmaster.master][INFO] 2017-10-05 18:12:41,252: +PUB [/camera/image_raw/theora/parameter_descriptions] /camera http://ubuntu:37480/
[rosmaster.master][INFO] 2017-10-05 18:12:41,252: +PUB [/camera/image_raw/theora/parameter_updates] /camera http://ubuntu:37480/
[rosmaster.master][INFO] 2017-10-05 18:12:41,255: +PARAM [/camera/image_raw/theora/optimize_for] by /camera
[rosmaster.master][INFO] 2017-10-05 18:12:41,257: +PARAM [/camera/image_raw/theora/target_bitrate] by /camera
[rosmaster.master][INFO] 2017-10-05 18:12:41,259: +PARAM [/camera/image_raw/theora/quality] by /camera
[rosmaster.master][INFO] 2017-10-05 18:12:41,260: +PARAM [/camera/image_raw/theora/keyframe_frequency] by /camera
[rosmaster.master][INFO] 2017-10-05 18:12:41,261: +PARAM [/camera/image_raw/theora/optimize_for] by /camera
[rosmaster.master][INFO] 2017-10-05 18:12:41,264: +PARAM [/camera/image_raw/theora/target_bitrate] by /camera
[rosmaster.master][INFO] 2017-10-05 18:12:41,265: +PARAM [/camera/image_raw/theora/quality] by /camera
[rosmaster.master][INFO] 2017-10-05 18:12:41,265: +PARAM [/camera/image_raw/theora/keyframe_frequency] by /camera
[rosmaster.master][INFO] 2017-10-05 18:12:41,269: +PUB [/camera/camera_info] /camera http://ubuntu:37480/
[rosmaster.master][INFO] 2017-10-05 18:12:41,297: +PUB [/image/marked/compressedDepth] /view http://ubuntu:36779/
[rosmaster.master][INFO] 2017-10-05 18:12:42,315: +SERVICE [/image/marked/compressedDepth/set_parameters] /view http://ubuntu:36779/
[rosmaster.master][INFO] 2017-10-05 18:12:42,319: +PUB [/image/marked/compressedDepth/parameter_descriptions] /view http://ubuntu:36779/
[rosmaster.master][INFO] 2017-10-05 18:12:42,324: +PUB [/image/marked/compressedDepth/parameter_updates] /view http://ubuntu:36779/
[rosmaster.master][INFO] 2017-10-05 18:12:42,335: +PARAM [/image/marked/compressedDepth/depth_max] by /view
[rosmaster.master][INFO] 2017-10-05 18:12:42,337: +PARAM [/image/marked/compressedDepth/depth_quantization] by /view
[rosmaster.master][INFO] 2017-10-05 18:12:42,338: +PARAM [/image/marked/compressedDepth/png_level] by /view
[rosmaster.master][INFO] 2017-10-05 18:12:42,341: +PARAM [/image/marked/compressedDepth/depth_max] by /view
[rosmaster.master][INFO] 2017-10-05 18:12:42,345: +PARAM [/image/marked/compressedDepth/depth_quantization] by /view
[rosmaster.master][INFO] 2017-10-05 18:12:42,346: +PARAM [/image/marked/compressedDepth/png_level] by /view
[rosmaster.master][INFO] 2017-10-05 18:12:42,375: +PUB [/image/marked/compressed] /view http://ubuntu:36779/
[rosmaster.master][INFO] 2017-10-05 18:12:42,376: +SERVICE [/image/marked/compressed/set_parameters] /view http://ubuntu:36779/
[rosmaster.master][INFO] 2017-10-05 18:12:42,377: +PUB [/image/marked/compressed/parameter_descriptions] /view http://ubuntu:36779/
[rosmaster.master][INFO] 2017-10-05 18:12:42,378: +PUB [/image/marked/compressed/parameter_updates] /view http://ubuntu:36779/
[rosmaster.master][INFO] 2017-10-05 18:12:42,380: +PARAM [/image/marked/compressed/format] by /view
[rosmaster.master][INFO] 2017-10-05 18:12:42,381: +PARAM [/image/marked/compressed/jpeg_quality] by /view
[rosmaster.master][INFO] 2017-10-05 18:12:42,382: +PARAM [/image/marked/compressed/png_level] by /view
[rosmaster.master][INFO] 2017-10-05 18:12:42,383: +PARAM [/image/marked/compressed/format] by /view
[rosmaster.master][INFO] 2017-10-05 18:12:42,387: +PARAM [/image/marked/compressed/jpeg_quality] by /view
[rosmaster.master][INFO] 2017-10-05 18:12:42,389: +PARAM [/image/marked/compressed/png_level] by /view
[rosmaster.master][INFO] 2017-10-05 18:12:42,450: +PUB [/image/marked] /view http://ubuntu:36779/
[rosmaster.master][INFO] 2017-10-05 18:12:42,510: +PUB [/image/marked/theora] /view http://ubuntu:36779/
[rosmaster.master][INFO] 2017-10-05 18:12:42,511: +SERVICE [/image/marked/theora/set_parameters] /view http://ubuntu:36779/
[rosmaster.master][INFO] 2017-10-05 18:12:42,512: +PUB [/image/marked/theora/parameter_descriptions] /view http://ubuntu:36779/
[rosmaster.master][INFO] 2017-10-05 18:12:42,513: +PUB [/image/marked/theora/parameter_updates] /view http://ubuntu:36779/
[rosmaster.master][INFO] 2017-10-05 18:12:42,518: +PARAM [/image/marked/theora/optimize_for] by /view
[rosmaster.master][INFO] 2017-10-05 18:12:42,519: +PARAM [/image/marked/theora/target_bitrate] by /view
[rosmaster.master][INFO] 2017-10-05 18:12:42,520: +PARAM [/image/marked/theora/quality] by /view
[rosmaster.master][INFO] 2017-10-05 18:12:42,525: +PARAM [/image/marked/theora/keyframe_frequency] by /view
[rosmaster.master][INFO] 2017-10-05 18:12:42,526: +PARAM [/image/marked/theora/optimize_for] by /view
[rosmaster.master][INFO] 2017-10-05 18:12:42,527: +PARAM [/image/marked/theora/target_bitrate] by /view
[rosmaster.master][INFO] 2017-10-05 18:12:42,528: +PARAM [/image/marked/theora/quality] by /view
[rosmaster.master][INFO] 2017-10-05 18:12:42,528: +PARAM [/image/marked/theora/keyframe_frequency] by /view
[rosmaster.master][INFO] 2017-10-05 18:12:42,589: +SUB [/image] /view http://ubuntu:36779/
[rosmaster.master][INFO] 2017-10-05 18:12:42,600: +SUB [/camera_info] /view http://ubuntu:36779/
[rosmaster.master][INFO] 2017-10-05 18:12:42,605: +SUB [/image_marker] /view http://ubuntu:36779/
[rosmaster.master][INFO] 2017-10-05 18:12:42,612: +SUB [/image/event] /view http://ubuntu:36779/
[rosmaster.master][INFO] 2017-10-05 18:12:42,613: +SERVICE [/view/change_mode] /view http://ubuntu:36779/
[rosmaster.master][INFO] 2017-10-05 18:12:42,617: +SERVICE [/view/rectangle_mode] /view http://ubuntu:36779/
[rosmaster.master][INFO] 2017-10-05 18:12:42,618: +SERVICE [/view/grabcut_mode] /view http://ubuntu:36779/
[rosmaster.master][INFO] 2017-10-05 18:12:42,619: +SERVICE [/view/grabcut_rect_mode] /view http://ubuntu:36779/
[rosmaster.master][INFO] 2017-10-05 18:12:42,619: +SERVICE [/view/line_mode] /view http://ubuntu:36779/
[rosmaster.master][INFO] 2017-10-05 18:12:42,620: +SERVICE [/view/poly_mode] /view http://ubuntu:36779/
[rosmaster.master][INFO] 2017-10-05 18:12:42,625: +SERVICE [/view/none_mode] /view http://ubuntu:36779/
[rosmaster.master][INFO] 2017-10-05 18:12:42,626: +SERVICE [/view/set_parameters] /view http://ubuntu:36779/
[rosmaster.master][INFO] 2017-10-05 18:12:42,627: +PUB [/view/parameter_descriptions] /view http://ubuntu:36779/
[rosmaster.master][INFO] 2017-10-05 18:12:42,629: +PUB [/view/parameter_updates] /view http://ubuntu:36779/
[rosmaster.master][INFO] 2017-10-05 18:12:42,640: +PARAM [/view/grid] by /view
[rosmaster.master][INFO] 2017-10-05 18:12:42,641: +PARAM [/view/fisheye_mode] by /view
[rosmaster.master][INFO] 2017-10-05 18:12:42,643: +PARAM [/view/div_u] by /view
[rosmaster.master][INFO] 2017-10-05 18:12:42,645: +PARAM [/view/div_v] by /view
[rosmaster.master][INFO] 2017-10-05 18:12:42,646: +PARAM [/view/grid_red] by /view
[rosmaster.master][INFO] 2017-10-05 18:12:42,648: +PARAM [/view/grid_green] by /view
[rosmaster.master][INFO] 2017-10-05 18:12:42,649: +PARAM [/view/grid_blue] by /view
[rosmaster.master][INFO] 2017-10-05 18:12:42,652: +PARAM [/view/grid_thickness] by /view
[rosmaster.master][INFO] 2017-10-05 18:12:42,653: +PARAM [/view/grid_space] by /view
[rosmaster.master][INFO] 2017-10-05 18:12:42,654: +PARAM [/view/grid] by /view
[rosmaster.master][INFO] 2017-10-05 18:12:42,657: +PARAM [/view/fisheye_mode] by /view
[rosmaster.master][INFO] 2017-10-05 18:12:42,658: +PARAM [/view/div_u] by /view
[rosmaster.master][INFO] 2017-10-05 18:12:42,661: +PARAM [/view/div_v] by /view
[rosmaster.master][INFO] 2017-10-05 18:12:42,662: +PARAM [/view/grid_red] by /view
[rosmaster.master][INFO] 2017-10-05 18:12:42,662: +PARAM [/view/grid_green] by /view
[rosmaster.master][INFO] 2017-10-05 18:12:42,664: +PARAM [/view/grid_blue] by /view
[rosmaster.master][INFO] 2017-10-05 18:12:42,669: +PARAM [/view/grid_thickness] by /view
[rosmaster.master][INFO] 2017-10-05 18:12:42,670: +PARAM [/view/grid_space] by /view
[rosmaster.master][INFO] 2017-10-05 18:12:47,437: -PUB [/rosout] /camera http://ubuntu:37480/
[rosmaster.master][INFO] 2017-10-05 18:12:47,438: -PUB [/camera/image_raw/compressedDepth] /camera http://ubuntu:37480/
[rosmaster.master][INFO] 2017-10-05 18:12:47,442: -PUB [/camera/image_raw/compressedDepth/parameter_descriptions] /camera http://ubuntu:37480/
[rosmaster.master][INFO] 2017-10-05 18:12:47,442: -PUB [/camera/image_raw/compressedDepth/parameter_updates] /camera http://ubuntu:37480/
[rosmaster.master][INFO] 2017-10-05 18:12:47,443: -PUB [/camera/image_raw/compressed] /camera http://ubuntu:37480/
[rosmaster.master][INFO] 2017-10-05 18:12:47,444: -PUB [/camera/image_raw/compressed/parameter_descriptions] /camera http://ubuntu:37480/
[rosmaster.master][INFO] 2017-10-05 18:12:47,444: -PUB [/camera/image_raw/compressed/parameter_updates] /camera http://ubuntu:37480/
[rosmaster.master][INFO] 2017-10-05 18:12:47,447: -PUB [/camera/image_raw] /camera http://ubuntu:37480/
[rosmaster.master][INFO] 2017-10-05 18:12:47,448: -PUB [/camera/image_raw/theora] /camera http://ubuntu:37480/
[rosmaster.master][INFO] 2017-10-05 18:12:47,449: -PUB [/camera/image_raw/theora/parameter_descriptions] /camera http://ubuntu:37480/
[rosmaster.master][INFO] 2017-10-05 18:12:47,449: -PUB [/camera/image_raw/theora/parameter_updates] /camera http://ubuntu:37480/
[rosmaster.master][INFO] 2017-10-05 18:12:47,452: -PUB [/rosout] /view http://ubuntu:36779/
[rosmaster.master][INFO] 2017-10-05 18:12:47,452: -PUB [/camera/camera_info] /camera http://ubuntu:37480/
[rosmaster.master][INFO] 2017-10-05 18:12:47,458: -PUB [/image/screenpoint] /view http://ubuntu:36779/
[rosmaster.master][INFO] 2017-10-05 18:12:47,459: -SERVICE [/camera/get_loggers] /camera rosrpc://ubuntu:44046
[rosmaster.master][INFO] 2017-10-05 18:12:47,460: -SERVICE [/camera/set_logger_level] /camera rosrpc://ubuntu:44046
[rosmaster.master][INFO] 2017-10-05 18:12:47,460: -SERVICE [/camera/set_camera_info] /camera rosrpc://ubuntu:44046
[rosmaster.master][INFO] 2017-10-05 18:12:47,463: -PUB [/image/screenpoint_array] /view http://ubuntu:36779/
[rosmaster.master][INFO] 2017-10-05 18:12:47,463: -SERVICE [/camera/image_raw/compressedDepth/set_parameters] /camera rosrpc://ubuntu:44046
[rosmaster.master][INFO] 2017-10-05 18:12:47,464: -SERVICE [/camera/image_raw/compressed/set_parameters] /camera rosrpc://ubuntu:44046
[rosmaster.master][INFO] 2017-10-05 18:12:47,467: -PUB [/image/screenrectangle] /view http://ubuntu:36779/
[rosmaster.master][INFO] 2017-10-05 18:12:47,467: -SERVICE [/camera/image_raw/theora/set_parameters] /camera rosrpc://ubuntu:44046
[rosmaster.master][INFO] 2017-10-05 18:12:47,469: -PUB [/image/screenrectangle_image] /view http://ubuntu:36779/
[rosmaster.master][INFO] 2017-10-05 18:12:47,472: -PUB [/image/movepoint] /view http://ubuntu:36779/
[rosmaster.master][INFO] 2017-10-05 18:12:47,473: -PUB [/image/foreground] /view http://ubuntu:36779/
[rosmaster.master][INFO] 2017-10-05 18:12:47,474: -PUB [/image/background] /view http://ubuntu:36779/
[rosmaster.master][INFO] 2017-10-05 18:12:47,476: -PUB [/image/foreground_rect] /view http://ubuntu:36779/
[rosmaster.master][INFO] 2017-10-05 18:12:47,477: -PUB [/image/background_rect] /view http://ubuntu:36779/
[rosmaster.master][INFO] 2017-10-05 18:12:47,478: -PUB [/image/line] /view http://ubuntu:36779/
[rosmaster.master][INFO] 2017-10-05 18:12:47,479: -PUB [/image/poly] /view http://ubuntu:36779/
[rosmaster.master][INFO] 2017-10-05 18:12:47,481: -PUB [/image_marked/compressedDepth] /view http://ubuntu:36779/
[rosmaster.master][INFO] 2017-10-05 18:12:47,483: -PUB [/image_marked/compressedDepth/parameter_descriptions] /view http://ubuntu:36779/
[rosmaster.master][INFO] 2017-10-05 18:12:47,483: -PUB [/image_marked/compressedDepth/parameter_updates] /view http://ubuntu:36779/
[rosmaster.master][INFO] 2017-10-05 18:12:47,485: -PUB [/image_marked/compressed] /view http://ubuntu:36779/
[rosmaster.master][INFO] 2017-10-05 18:12:47,487: -PUB [/image_marked/compressed/parameter_descriptions] /view http://ubuntu:36779/
[rosmaster.master][INFO] 2017-10-05 18:12:47,488: -PUB [/image_marked/compressed/parameter_updates] /view http://ubuntu:36779/
[rosmaster.master][INFO] 2017-10-05 18:12:47,489: -PUB [/image_marked] /view http://ubuntu:36779/
[rosmaster.master][INFO] 2017-10-05 18:12:47,491: -PUB [/image_marked/theora] /view http://ubuntu:36779/
[rosmaster.master][INFO] 2017-10-05 18:12:47,491: -PUB [/image_marked/theora/parameter_descriptions] /view http://ubuntu:36779/
[rosmaster.master][INFO] 2017-10-05 18:12:47,492: -PUB [/image_marked/theora/parameter_updates] /view http://ubuntu:36779/
[rosmaster.master][INFO] 2017-10-05 18:12:47,494: -PUB [/image/marked/compressedDepth] /view http://ubuntu:36779/
[rosmaster.master][INFO] 2017-10-05 18:12:47,495: -PUB [/image/marked/compressedDepth/parameter_descriptions] /view http://ubuntu:36779/
[rosmaster.master][INFO] 2017-10-05 18:12:47,496: -PUB [/image/marked/compressedDepth/parameter_updates] /view http://ubuntu:36779/
[rosmaster.master][INFO] 2017-10-05 18:12:47,498: -PUB [/image/marked/compressed] /view http://ubuntu:36779/
[rosmaster.master][INFO] 2017-10-05 18:12:47,499: -PUB [/image/marked/compressed/parameter_descriptions] /view http://ubuntu:36779/
[rosmaster.master][INFO] 2017-10-05 18:12:47,500: -PUB [/image/marked/compressed/parameter_updates] /view http://ubuntu:36779/
[rosmaster.master][INFO] 2017-10-05 18:12:47,501: -PUB [/image/marked] /view http://ubuntu:36779/
[rosmaster.master][INFO] 2017-10-05 18:12:47,504: -PUB [/image/marked/theora] /view http://ubuntu:36779/
[rosmaster.master][INFO] 2017-10-05 18:12:47,507: -PUB [/image/marked/theora/parameter_descriptions] /view http://ubuntu:36779/
[rosmaster.master][INFO] 2017-10-05 18:12:47,509: -PUB [/image/marked/theora/parameter_updates] /view http://ubuntu:36779/
[rosmaster.master][INFO] 2017-10-05 18:12:47,510: -PUB [/view/parameter_descriptions] /view http://ubuntu:36779/
[rosmaster.master][INFO] 2017-10-05 18:12:47,515: -PUB [/view/parameter_updates] /view http://ubuntu:36779/
[rosmaster.master][INFO] 2017-10-05 18:12:47,516: -SUB [/tf] /view http://ubuntu:36779/
[rosmaster.master][INFO] 2017-10-05 18:12:47,517: -SUB [/tf_static] /view http://ubuntu:36779/
[rosmaster.master][INFO] 2017-10-05 18:12:47,518: -SUB [/image] /view http://ubuntu:36779/
[rosmaster.master][INFO] 2017-10-05 18:12:47,520: -SUB [/camera_info] /view http://ubuntu:36779/
[rosmaster.master][INFO] 2017-10-05 18:12:47,521: -SUB [/image_marker] /view http://ubuntu:36779/
[rosmaster.master][INFO] 2017-10-05 18:12:47,522: -SUB [/image/event] /view http://ubuntu:36779/
[rosmaster.master][INFO] 2017-10-05 18:12:47,524: -SERVICE [/view/get_loggers] /view rosrpc://ubuntu:53064
[rosmaster.master][INFO] 2017-10-05 18:12:47,525: -SERVICE [/view/set_logger_level] /view rosrpc://ubuntu:53064
[rosmaster.master][INFO] 2017-10-05 18:12:47,526: -SERVICE [/image_marked/compressedDepth/set_parameters] /view rosrpc://ubuntu:53064
[rosmaster.master][INFO] 2017-10-05 18:12:47,528: -SERVICE [/image_marked/compressed/set_parameters] /view rosrpc://ubuntu:53064
[rosmaster.master][INFO] 2017-10-05 18:12:47,528: -SERVICE [/image_marked/theora/set_parameters] /view rosrpc://ubuntu:53064
[rosmaster.master][INFO] 2017-10-05 18:12:47,529: -SERVICE [/image/marked/compressedDepth/set_parameters] /view rosrpc://ubuntu:53064
[rosmaster.master][INFO] 2017-10-05 18:12:47,531: -SERVICE [/image/marked/compressed/set_parameters] /view rosrpc://ubuntu:53064
[rosmaster.master][INFO] 2017-10-05 18:12:47,532: -SERVICE [/image/marked/theora/set_parameters] /view rosrpc://ubuntu:53064
[rosmaster.master][INFO] 2017-10-05 18:12:47,533: publisherUpdate[/rosout] -> http://ubuntu:36136/ ['http://ubuntu:41438/', 'http://ubuntu:36779/']
[rosmaster.master][INFO] 2017-10-05 18:12:47,533: publisherUpdate[/camera/image_raw] -> http://ubuntu:41438/ []
[rosmaster.master][INFO] 2017-10-05 18:12:47,534: publisherUpdate[/rosout] -> http://ubuntu:36136/ ['http://ubuntu:41438/', 'http://ubuntu:36779/']: sec=0.00, result=[1, '', 0]
[rosmaster.master][INFO] 2017-10-05 18:12:47,534: publisherUpdate[/rosout] -> http://ubuntu:36136/ ['http://ubuntu:41438/']
[rosmaster.master][INFO] 2017-10-05 18:12:47,534: publisherUpdate[/camera/image_raw] -> http://ubuntu:41438/ []: sec=0.00, exception=[Errno 111] Connection refused
[rosmaster.threadpool][ERROR] 2017-10-05 18:12:47,535: Traceback (most recent call last):
  File "/opt/ros/kinetic/lib/python2.7/dist-packages/rosmaster/threadpool.py", line 218, in run
    result = cmd(*args)
  File "/opt/ros/kinetic/lib/python2.7/dist-packages/rosmaster/master_api.py", line 210, in publisher_update_task
    ret = xmlrpcapi(api).publisherUpdate('/master', topic, pub_uris)
  File "/usr/lib/python2.7/xmlrpclib.py", line 1243, in __call__
    return self.__send(self.__name, args)
  File "/usr/lib/python2.7/xmlrpclib.py", line 1602, in __request
    verbose=self.__verbose
  File "/usr/lib/python2.7/xmlrpclib.py", line 1283, in request
    return self.single_request(host, handler, request_body, verbose)
  File "/usr/lib/python2.7/xmlrpclib.py", line 1311, in single_request
    self.send_content(h, request_body)
  File "/usr/lib/python2.7/xmlrpclib.py", line 1459, in send_content
    connection.endheaders(request_body)
  File "/usr/lib/python2.7/httplib.py", line 1053, in endheaders
    self._send_output(message_body)
  File "/usr/lib/python2.7/httplib.py", line 897, in _send_output
    self.send(msg)
  File "/usr/lib/python2.7/httplib.py", line 859, in send
    self.connect()
  File "/usr/lib/python2.7/httplib.py", line 836, in connect
    self.timeout, self.source_address)
  File "/usr/lib/python2.7/socket.py", line 575, in create_connection
    raise err
error: [Errno 111] Connection refused

[rosmaster.master][INFO] 2017-10-05 18:12:47,536: publisherUpdate[/rosout] -> http://ubuntu:36136/ ['http://ubuntu:41438/']: sec=0.00, result=[1, '', 0]
[rosmaster.master][INFO] 2017-10-05 18:12:47,538: -SERVICE [/view/change_mode] /view rosrpc://ubuntu:53064
[rosmaster.master][INFO] 2017-10-05 18:12:47,539: -SERVICE [/view/rectangle_mode] /view rosrpc://ubuntu:53064
[rosmaster.master][INFO] 2017-10-05 18:12:47,541: -SERVICE [/view/grabcut_mode] /view rosrpc://ubuntu:53064
[rosmaster.master][INFO] 2017-10-05 18:12:47,542: -SERVICE [/view/grabcut_rect_mode] /view rosrpc://ubuntu:53064
[rosmaster.master][INFO] 2017-10-05 18:12:47,543: -SERVICE [/view/line_mode] /view rosrpc://ubuntu:53064
[rosmaster.master][INFO] 2017-10-05 18:12:47,545: -SERVICE [/view/poly_mode] /view rosrpc://ubuntu:53064
[rosmaster.master][INFO] 2017-10-05 18:12:47,547: -SERVICE [/view/none_mode] /view rosrpc://ubuntu:53064
[rosmaster.master][INFO] 2017-10-05 18:12:47,548: -SERVICE [/view/set_parameters] /view rosrpc://ubuntu:53064
[rosmaster.master][INFO] 2017-10-05 18:12:48,156: -PUB [/rosout_agg] /rosout http://ubuntu:36136/
[rosmaster.master][INFO] 2017-10-05 18:12:48,157: -SUB [/rosout] /rosout http://ubuntu:36136/
[rosmaster.master][INFO] 2017-10-05 18:12:48,158: -SERVICE [/rosout/get_loggers] /rosout rosrpc://ubuntu:38083
[rosmaster.master][INFO] 2017-10-05 18:12:48,159: -SERVICE [/rosout/set_logger_level] /rosout rosrpc://ubuntu:38083
[rosmaster.main][INFO] 2017-10-05 18:12:48,259: keyboard interrupt, will exit
[rosmaster.main][INFO] 2017-10-05 18:12:48,259: stopping master...
[rospy.core][INFO] 2017-10-05 18:12:48,260: signal_shutdown [atexit]
