[rosmaster.main][INFO] 2017-09-25 17:25:56,798: initialization complete, waiting for shutdown
[rosmaster.main][INFO] 2017-09-25 17:25:56,798: Starting ROS Master Node
[xmlrpc][INFO] 2017-09-25 17:25:56,800: XML-RPC server binding to 0.0.0.0:11311
[xmlrpc][INFO] 2017-09-25 17:25:56,801: Started XML-RPC server [http://ubuntu:11311/]
[xmlrpc][INFO] 2017-09-25 17:25:56,801: xml rpc node: starting XML-RPC server
[rosmaster.master][INFO] 2017-09-25 17:25:56,801: Master initialized: port[11311], uri[http://ubuntu:11311/]
[rosmaster.master][INFO] 2017-09-25 17:25:56,840: +PARAM [/run_id] by /roslaunch
[rosmaster.master][INFO] 2017-09-25 17:25:56,842: +PARAM [/roslaunch/uris/host_ubuntu__39629] by /roslaunch
[rosmaster.master][INFO] 2017-09-25 17:25:56,921: +PARAM [/rosversion] by /roslaunch
[rosmaster.master][INFO] 2017-09-25 17:25:56,922: +PARAM [/rosdistro] by /roslaunch
[rosmaster.master][INFO] 2017-09-25 17:25:56,922: +PARAM [/camera/device_id] by /roslaunch
[rosmaster.master][INFO] 2017-09-25 17:25:56,937: +SERVICE [/rosout/get_loggers] /rosout http://ubuntu:32794/
[rosmaster.master][INFO] 2017-09-25 17:25:56,939: +SERVICE [/rosout/set_logger_level] /rosout http://ubuntu:32794/
[rosmaster.master][INFO] 2017-09-25 17:25:56,942: +PUB [/rosout_agg] /rosout http://ubuntu:32794/
[rosmaster.master][INFO] 2017-09-25 17:25:56,958: +SUB [/rosout] /rosout http://ubuntu:32794/
[rosmaster.master][INFO] 2017-09-25 17:25:57,042: +PUB [/rosout] /mask_orange http://ubuntu:42527/
[rosmaster.master][INFO] 2017-09-25 17:25:57,043: +SERVICE [/mask_orange/get_loggers] /mask_orange http://ubuntu:42527/
[rosmaster.master][INFO] 2017-09-25 17:25:57,044: +SERVICE [/mask_orange/set_logger_level] /mask_orange http://ubuntu:42527/
[rosmaster.master][INFO] 2017-09-25 17:25:57,095: +PUB [/rosout] /camera http://ubuntu:36465/
[rosmaster.master][INFO] 2017-09-25 17:25:57,095: +SERVICE [/camera/get_loggers] /camera http://ubuntu:36465/
[rosmaster.master][INFO] 2017-09-25 17:25:57,098: +SERVICE [/camera/set_logger_level] /camera http://ubuntu:36465/
[rosmaster.master][INFO] 2017-09-25 17:25:57,101: publisherUpdate[/rosout] -> http://ubuntu:32794/ ['http://ubuntu:42527/']
[rosmaster.master][INFO] 2017-09-25 17:25:57,102: publisherUpdate[/rosout] -> http://ubuntu:32794/ ['http://ubuntu:42527/']: sec=0.00, result=[1, '', 0]
[rosmaster.master][INFO] 2017-09-25 17:25:57,102: publisherUpdate[/rosout] -> http://ubuntu:32794/ ['http://ubuntu:42527/', 'http://ubuntu:36465/']
[rosmaster.master][INFO] 2017-09-25 17:25:57,103: publisherUpdate[/rosout] -> http://ubuntu:32794/ ['http://ubuntu:42527/', 'http://ubuntu:36465/']: sec=0.00, result=[1, '', 0]
[rosmaster.master][INFO] 2017-09-25 17:25:57,109: +PUB [/rosout] /view http://ubuntu:33480/
[rosmaster.master][INFO] 2017-09-25 17:25:57,114: +SERVICE [/view/get_loggers] /view http://ubuntu:33480/
[rosmaster.master][INFO] 2017-09-25 17:25:57,116: +SERVICE [/view/set_logger_level] /view http://ubuntu:33480/
[rosmaster.master][INFO] 2017-09-25 17:25:57,131: +SUB [/tf] /view http://ubuntu:33480/
[rosmaster.master][INFO] 2017-09-25 17:25:57,142: +SUB [/tf_static] /view http://ubuntu:33480/
[rosmaster.master][INFO] 2017-09-25 17:25:57,181: +SERVICE [/camera/set_camera_info] /camera http://ubuntu:36465/
[rosmaster.master][INFO] 2017-09-25 17:25:57,184: -SERVICE [/camera/set_camera_info] /camera rosrpc://ubuntu:51098
[rosmaster.master][INFO] 2017-09-25 17:25:57,202: publisherUpdate[/rosout] -> http://ubuntu:32794/ ['http://ubuntu:42527/', 'http://ubuntu:36465/', 'http://ubuntu:33480/']
[rosmaster.master][INFO] 2017-09-25 17:25:57,205: publisherUpdate[/rosout] -> http://ubuntu:32794/ ['http://ubuntu:42527/', 'http://ubuntu:36465/', 'http://ubuntu:33480/']: sec=0.00, result=[1, '', 0]
[rosmaster.master][INFO] 2017-09-25 17:25:57,208: +PUB [/image/screenpoint] /view http://ubuntu:33480/
[rosmaster.master][INFO] 2017-09-25 17:25:57,209: +PUB [/image/screenpoint_array] /view http://ubuntu:33480/
[rosmaster.master][INFO] 2017-09-25 17:25:57,214: +SUB [/camera/image_raw] /mask_orange http://ubuntu:42527/
[rosmaster.master][INFO] 2017-09-25 17:25:57,221: +PUB [/image/screenrectangle] /view http://ubuntu:33480/
[rosmaster.master][INFO] 2017-09-25 17:25:57,224: +PUB [/image/screenrectangle_image] /view http://ubuntu:33480/
[rosmaster.master][INFO] 2017-09-25 17:25:57,227: +PUB [/image/movepoint] /view http://ubuntu:33480/
[rosmaster.master][INFO] 2017-09-25 17:25:57,231: +PUB [/image/foreground] /view http://ubuntu:33480/
[rosmaster.master][INFO] 2017-09-25 17:25:57,234: +PUB [/image/background] /view http://ubuntu:33480/
[rosmaster.master][INFO] 2017-09-25 17:25:57,241: +PUB [/image/foreground_rect] /view http://ubuntu:33480/
[rosmaster.master][INFO] 2017-09-25 17:25:57,242: +PUB [/image/background_rect] /view http://ubuntu:33480/
[rosmaster.master][INFO] 2017-09-25 17:25:57,242: +PUB [/image/line] /view http://ubuntu:33480/
[rosmaster.master][INFO] 2017-09-25 17:25:57,243: +PUB [/image/poly] /view http://ubuntu:33480/
[rosmaster.master][INFO] 2017-09-25 17:25:57,288: +PUB [/image/compressedDepth] /mask_orange http://ubuntu:42527/
[rosmaster.master][INFO] 2017-09-25 17:25:57,289: +SERVICE [/image/compressedDepth/set_parameters] /mask_orange http://ubuntu:42527/
[rosmaster.master][INFO] 2017-09-25 17:25:57,290: +PUB [/image/compressedDepth/parameter_descriptions] /mask_orange http://ubuntu:42527/
[rosmaster.master][INFO] 2017-09-25 17:25:57,290: +PUB [/image/compressedDepth/parameter_updates] /mask_orange http://ubuntu:42527/
[rosmaster.master][INFO] 2017-09-25 17:25:57,297: +PARAM [/image/compressedDepth/depth_max] by /mask_orange
[rosmaster.master][INFO] 2017-09-25 17:25:57,298: +PARAM [/image/compressedDepth/depth_quantization] by /mask_orange
[rosmaster.master][INFO] 2017-09-25 17:25:57,298: +PARAM [/image/compressedDepth/png_level] by /mask_orange
[rosmaster.master][INFO] 2017-09-25 17:25:57,299: +PARAM [/image/compressedDepth/depth_max] by /mask_orange
[rosmaster.master][INFO] 2017-09-25 17:25:57,300: +PARAM [/image/compressedDepth/depth_quantization] by /mask_orange
[rosmaster.master][INFO] 2017-09-25 17:25:57,303: +PARAM [/image/compressedDepth/png_level] by /mask_orange
[rosmaster.master][INFO] 2017-09-25 17:25:57,308: -PUB [/rosout] /camera http://ubuntu:36465/
[rosmaster.master][INFO] 2017-09-25 17:25:57,309: -SERVICE [/camera/get_loggers] /camera rosrpc://ubuntu:51098
[rosmaster.master][INFO] 2017-09-25 17:25:57,313: -SERVICE [/camera/set_logger_level] /camera rosrpc://ubuntu:51098
[rosmaster.master][INFO] 2017-09-25 17:25:57,332: +PUB [/image_marked/compressedDepth] /view http://ubuntu:33480/
[rosmaster.master][INFO] 2017-09-25 17:25:57,333: +SERVICE [/image_marked/compressedDepth/set_parameters] /view http://ubuntu:33480/
[rosmaster.master][INFO] 2017-09-25 17:25:57,334: +PUB [/image_marked/compressedDepth/parameter_descriptions] /view http://ubuntu:33480/
[rosmaster.master][INFO] 2017-09-25 17:25:57,335: +PUB [/image_marked/compressedDepth/parameter_updates] /view http://ubuntu:33480/
[rosmaster.master][INFO] 2017-09-25 17:25:57,338: +PARAM [/image_marked/compressedDepth/depth_max] by /view
[rosmaster.master][INFO] 2017-09-25 17:25:57,338: +PARAM [/image_marked/compressedDepth/depth_quantization] by /view
[rosmaster.master][INFO] 2017-09-25 17:25:57,339: +PARAM [/image_marked/compressedDepth/png_level] by /view
[rosmaster.master][INFO] 2017-09-25 17:25:57,340: +PARAM [/image_marked/compressedDepth/depth_max] by /view
[rosmaster.master][INFO] 2017-09-25 17:25:57,340: +PARAM [/image_marked/compressedDepth/depth_quantization] by /view
[rosmaster.master][INFO] 2017-09-25 17:25:57,343: +PARAM [/image_marked/compressedDepth/png_level] by /view
[rosmaster.master][INFO] 2017-09-25 17:25:57,374: +PUB [/image/compressed] /mask_orange http://ubuntu:42527/
[rosmaster.master][INFO] 2017-09-25 17:25:57,374: +SERVICE [/image/compressed/set_parameters] /mask_orange http://ubuntu:42527/
[rosmaster.master][INFO] 2017-09-25 17:25:57,375: +PUB [/image/compressed/parameter_descriptions] /mask_orange http://ubuntu:42527/
[rosmaster.master][INFO] 2017-09-25 17:25:57,376: +PUB [/image/compressed/parameter_updates] /mask_orange http://ubuntu:42527/
[rosmaster.master][INFO] 2017-09-25 17:25:57,381: +PARAM [/image/compressed/format] by /mask_orange
[rosmaster.master][INFO] 2017-09-25 17:25:57,382: +PARAM [/image/compressed/jpeg_quality] by /mask_orange
[rosmaster.master][INFO] 2017-09-25 17:25:57,383: +PARAM [/image/compressed/png_level] by /mask_orange
[rosmaster.master][INFO] 2017-09-25 17:25:57,384: +PARAM [/image/compressed/format] by /mask_orange
[rosmaster.master][INFO] 2017-09-25 17:25:57,387: +PARAM [/image/compressed/jpeg_quality] by /mask_orange
[rosmaster.master][INFO] 2017-09-25 17:25:57,388: +PARAM [/image/compressed/png_level] by /mask_orange
[rosmaster.master][INFO] 2017-09-25 17:25:57,404: +PUB [/image_marked/compressed] /view http://ubuntu:33480/
[rosmaster.master][INFO] 2017-09-25 17:25:57,405: +SERVICE [/image_marked/compressed/set_parameters] /view http://ubuntu:33480/
[rosmaster.master][INFO] 2017-09-25 17:25:57,406: +PUB [/image_marked/compressed/parameter_descriptions] /view http://ubuntu:33480/
[rosmaster.master][INFO] 2017-09-25 17:25:57,407: +PUB [/image_marked/compressed/parameter_updates] /view http://ubuntu:33480/
[rosmaster.master][INFO] 2017-09-25 17:25:57,408: publisherUpdate[/rosout] -> http://ubuntu:32794/ ['http://ubuntu:42527/', 'http://ubuntu:33480/']
[rosmaster.master][INFO] 2017-09-25 17:25:57,409: publisherUpdate[/rosout] -> http://ubuntu:32794/ ['http://ubuntu:42527/', 'http://ubuntu:33480/']: sec=0.00, result=[1, '', 0]
[rosmaster.master][INFO] 2017-09-25 17:25:57,414: +PARAM [/image_marked/compressed/format] by /view
[rosmaster.master][INFO] 2017-09-25 17:25:57,415: +PARAM [/image_marked/compressed/jpeg_quality] by /view
[rosmaster.master][INFO] 2017-09-25 17:25:57,415: +PARAM [/image_marked/compressed/png_level] by /view
[rosmaster.master][INFO] 2017-09-25 17:25:57,416: +PARAM [/image_marked/compressed/format] by /view
[rosmaster.master][INFO] 2017-09-25 17:25:57,420: +PARAM [/image_marked/compressed/jpeg_quality] by /view
[rosmaster.master][INFO] 2017-09-25 17:25:57,421: +PARAM [/image_marked/compressed/png_level] by /view
[rosmaster.master][INFO] 2017-09-25 17:25:57,481: +PUB [/image] /mask_orange http://ubuntu:42527/
[rosmaster.master][INFO] 2017-09-25 17:25:57,509: +PUB [/image_marked] /view http://ubuntu:33480/
[rosmaster.master][INFO] 2017-09-25 17:25:57,547: +PUB [/image/theora] /mask_orange http://ubuntu:42527/
[rosmaster.master][INFO] 2017-09-25 17:25:57,547: +SERVICE [/image/theora/set_parameters] /mask_orange http://ubuntu:42527/
[rosmaster.master][INFO] 2017-09-25 17:25:57,548: +PUB [/image/theora/parameter_descriptions] /mask_orange http://ubuntu:42527/
[rosmaster.master][INFO] 2017-09-25 17:25:57,549: +PUB [/image/theora/parameter_updates] /mask_orange http://ubuntu:42527/
[rosmaster.master][INFO] 2017-09-25 17:25:57,554: +PARAM [/image/theora/optimize_for] by /mask_orange
[rosmaster.master][INFO] 2017-09-25 17:25:57,557: +PARAM [/image/theora/target_bitrate] by /mask_orange
[rosmaster.master][INFO] 2017-09-25 17:25:57,558: +PARAM [/image/theora/quality] by /mask_orange
[rosmaster.master][INFO] 2017-09-25 17:25:57,559: +PARAM [/image/theora/keyframe_frequency] by /mask_orange
[rosmaster.master][INFO] 2017-09-25 17:25:57,561: +PARAM [/image/theora/optimize_for] by /mask_orange
[rosmaster.master][INFO] 2017-09-25 17:25:57,561: +PARAM [/image/theora/target_bitrate] by /mask_orange
[rosmaster.master][INFO] 2017-09-25 17:25:57,564: +PARAM [/image/theora/quality] by /mask_orange
[rosmaster.master][INFO] 2017-09-25 17:25:57,565: +PARAM [/image/theora/keyframe_frequency] by /mask_orange
[rosmaster.master][INFO] 2017-09-25 17:25:57,568: +PUB [/image_marked/theora] /view http://ubuntu:33480/
[rosmaster.master][INFO] 2017-09-25 17:25:57,569: +SERVICE [/image_marked/theora/set_parameters] /view http://ubuntu:33480/
[rosmaster.master][INFO] 2017-09-25 17:25:57,569: +PUB [/image_marked/theora/parameter_descriptions] /view http://ubuntu:33480/
[rosmaster.master][INFO] 2017-09-25 17:25:57,570: +PUB [/image_marked/theora/parameter_updates] /view http://ubuntu:33480/
[rosmaster.master][INFO] 2017-09-25 17:25:57,572: +PARAM [/image_marked/theora/optimize_for] by /view
[rosmaster.master][INFO] 2017-09-25 17:25:57,573: +PARAM [/image_marked/theora/target_bitrate] by /view
[rosmaster.master][INFO] 2017-09-25 17:25:57,574: +PARAM [/image_marked/theora/quality] by /view
[rosmaster.master][INFO] 2017-09-25 17:25:57,574: +PARAM [/image_marked/theora/keyframe_frequency] by /view
[rosmaster.master][INFO] 2017-09-25 17:25:57,575: +PARAM [/image_marked/theora/optimize_for] by /view
[rosmaster.master][INFO] 2017-09-25 17:25:57,576: +PARAM [/image_marked/theora/target_bitrate] by /view
[rosmaster.master][INFO] 2017-09-25 17:25:57,576: +PARAM [/image_marked/theora/quality] by /view
[rosmaster.master][INFO] 2017-09-25 17:25:57,577: +PARAM [/image_marked/theora/keyframe_frequency] by /view
[rosmaster.master][INFO] 2017-09-25 17:25:57,604: +PUB [/image/marked/compressedDepth] /view http://ubuntu:33480/
[rosmaster.master][INFO] 2017-09-25 17:25:57,605: +SERVICE [/image/marked/compressedDepth/set_parameters] /view http://ubuntu:33480/
[rosmaster.master][INFO] 2017-09-25 17:25:57,605: +PUB [/image/marked/compressedDepth/parameter_descriptions] /view http://ubuntu:33480/
[rosmaster.master][INFO] 2017-09-25 17:25:57,606: +PUB [/image/marked/compressedDepth/parameter_updates] /view http://ubuntu:33480/
[rosmaster.master][INFO] 2017-09-25 17:25:57,608: +PARAM [/image/marked/compressedDepth/depth_max] by /view
[rosmaster.master][INFO] 2017-09-25 17:25:57,609: +PARAM [/image/marked/compressedDepth/depth_quantization] by /view
[rosmaster.master][INFO] 2017-09-25 17:25:57,609: +PARAM [/image/marked/compressedDepth/png_level] by /view
[rosmaster.master][INFO] 2017-09-25 17:25:57,610: +PARAM [/image/marked/compressedDepth/depth_max] by /view
[rosmaster.master][INFO] 2017-09-25 17:25:57,611: +PARAM [/image/marked/compressedDepth/depth_quantization] by /view
[rosmaster.master][INFO] 2017-09-25 17:25:57,612: +PARAM [/image/marked/compressedDepth/png_level] by /view
[rosmaster.master][INFO] 2017-09-25 17:25:57,638: +PUB [/image/marked/compressed] /view http://ubuntu:33480/
[rosmaster.master][INFO] 2017-09-25 17:25:57,639: +SERVICE [/image/marked/compressed/set_parameters] /view http://ubuntu:33480/
[rosmaster.master][INFO] 2017-09-25 17:25:57,640: +PUB [/image/marked/compressed/parameter_descriptions] /view http://ubuntu:33480/
[rosmaster.master][INFO] 2017-09-25 17:25:57,641: +PUB [/image/marked/compressed/parameter_updates] /view http://ubuntu:33480/
[rosmaster.master][INFO] 2017-09-25 17:25:57,643: +PARAM [/image/marked/compressed/format] by /view
[rosmaster.master][INFO] 2017-09-25 17:25:57,643: +PARAM [/image/marked/compressed/jpeg_quality] by /view
[rosmaster.master][INFO] 2017-09-25 17:25:57,644: +PARAM [/image/marked/compressed/png_level] by /view
[rosmaster.master][INFO] 2017-09-25 17:25:57,645: +PARAM [/image/marked/compressed/format] by /view
[rosmaster.master][INFO] 2017-09-25 17:25:57,645: +PARAM [/image/marked/compressed/jpeg_quality] by /view
[rosmaster.master][INFO] 2017-09-25 17:25:57,646: +PARAM [/image/marked/compressed/png_level] by /view
[rosmaster.master][INFO] 2017-09-25 17:25:57,673: +PUB [/image/marked] /view http://ubuntu:33480/
[rosmaster.master][INFO] 2017-09-25 17:25:57,700: +PUB [/image/marked/theora] /view http://ubuntu:33480/
[rosmaster.master][INFO] 2017-09-25 17:25:57,701: +SERVICE [/image/marked/theora/set_parameters] /view http://ubuntu:33480/
[rosmaster.master][INFO] 2017-09-25 17:25:57,702: +PUB [/image/marked/theora/parameter_descriptions] /view http://ubuntu:33480/
[rosmaster.master][INFO] 2017-09-25 17:25:57,702: +PUB [/image/marked/theora/parameter_updates] /view http://ubuntu:33480/
[rosmaster.master][INFO] 2017-09-25 17:25:57,705: +PARAM [/image/marked/theora/optimize_for] by /view
[rosmaster.master][INFO] 2017-09-25 17:25:57,706: +PARAM [/image/marked/theora/target_bitrate] by /view
[rosmaster.master][INFO] 2017-09-25 17:25:57,706: +PARAM [/image/marked/theora/quality] by /view
[rosmaster.master][INFO] 2017-09-25 17:25:57,707: +PARAM [/image/marked/theora/keyframe_frequency] by /view
[rosmaster.master][INFO] 2017-09-25 17:25:57,708: +PARAM [/image/marked/theora/optimize_for] by /view
[rosmaster.master][INFO] 2017-09-25 17:25:57,708: +PARAM [/image/marked/theora/target_bitrate] by /view
[rosmaster.master][INFO] 2017-09-25 17:25:57,709: +PARAM [/image/marked/theora/quality] by /view
[rosmaster.master][INFO] 2017-09-25 17:25:57,710: +PARAM [/image/marked/theora/keyframe_frequency] by /view
[rosmaster.master][INFO] 2017-09-25 17:25:57,740: +SUB [/image] /view http://ubuntu:33480/
[rosmaster.master][INFO] 2017-09-25 17:25:57,744: +SUB [/camera_info] /view http://ubuntu:33480/
[rosmaster.master][INFO] 2017-09-25 17:25:57,747: +SUB [/image_marker] /view http://ubuntu:33480/
[rosmaster.master][INFO] 2017-09-25 17:25:57,750: +SUB [/image/event] /view http://ubuntu:33480/
[rosmaster.master][INFO] 2017-09-25 17:25:57,751: +SERVICE [/view/change_mode] /view http://ubuntu:33480/
[rosmaster.master][INFO] 2017-09-25 17:25:57,751: +SERVICE [/view/rectangle_mode] /view http://ubuntu:33480/
[rosmaster.master][INFO] 2017-09-25 17:25:57,753: +SERVICE [/view/grabcut_mode] /view http://ubuntu:33480/
[rosmaster.master][INFO] 2017-09-25 17:25:57,753: +SERVICE [/view/grabcut_rect_mode] /view http://ubuntu:33480/
[rosmaster.master][INFO] 2017-09-25 17:25:57,754: +SERVICE [/view/line_mode] /view http://ubuntu:33480/
[rosmaster.master][INFO] 2017-09-25 17:25:57,756: +SERVICE [/view/poly_mode] /view http://ubuntu:33480/
[rosmaster.master][INFO] 2017-09-25 17:25:57,756: +SERVICE [/view/none_mode] /view http://ubuntu:33480/
[rosmaster.master][INFO] 2017-09-25 17:25:57,757: +SERVICE [/view/set_parameters] /view http://ubuntu:33480/
[rosmaster.master][INFO] 2017-09-25 17:25:57,758: +PUB [/view/parameter_descriptions] /view http://ubuntu:33480/
[rosmaster.master][INFO] 2017-09-25 17:25:57,759: +PUB [/view/parameter_updates] /view http://ubuntu:33480/
[rosmaster.master][INFO] 2017-09-25 17:25:57,764: +PARAM [/view/grid] by /view
[rosmaster.master][INFO] 2017-09-25 17:25:57,764: +PARAM [/view/fisheye_mode] by /view
[rosmaster.master][INFO] 2017-09-25 17:25:57,765: +PARAM [/view/div_u] by /view
[rosmaster.master][INFO] 2017-09-25 17:25:57,766: +PARAM [/view/div_v] by /view
[rosmaster.master][INFO] 2017-09-25 17:25:57,767: +PARAM [/view/grid_red] by /view
[rosmaster.master][INFO] 2017-09-25 17:25:57,767: +PARAM [/view/grid_green] by /view
[rosmaster.master][INFO] 2017-09-25 17:25:57,768: +PARAM [/view/grid_blue] by /view
[rosmaster.master][INFO] 2017-09-25 17:25:57,769: +PARAM [/view/grid_thickness] by /view
[rosmaster.master][INFO] 2017-09-25 17:25:57,769: +PARAM [/view/grid_space] by /view
[rosmaster.master][INFO] 2017-09-25 17:25:57,770: +PARAM [/view/grid] by /view
[rosmaster.master][INFO] 2017-09-25 17:25:57,771: +PARAM [/view/fisheye_mode] by /view
[rosmaster.master][INFO] 2017-09-25 17:25:57,771: +PARAM [/view/div_u] by /view
[rosmaster.master][INFO] 2017-09-25 17:25:57,772: +PARAM [/view/div_v] by /view
[rosmaster.master][INFO] 2017-09-25 17:25:57,773: +PARAM [/view/grid_red] by /view
[rosmaster.master][INFO] 2017-09-25 17:25:57,773: +PARAM [/view/grid_green] by /view
[rosmaster.master][INFO] 2017-09-25 17:25:57,774: +PARAM [/view/grid_blue] by /view
[rosmaster.master][INFO] 2017-09-25 17:25:57,775: +PARAM [/view/grid_thickness] by /view
[rosmaster.master][INFO] 2017-09-25 17:25:57,775: +PARAM [/view/grid_space] by /view
[rosmaster.master][INFO] 2017-09-25 17:26:01,642: -PUB [/rosout] /mask_orange http://ubuntu:42527/
[rosmaster.master][INFO] 2017-09-25 17:26:01,643: -PUB [/image/compressedDepth] /mask_orange http://ubuntu:42527/
[rosmaster.master][INFO] 2017-09-25 17:26:01,643: -PUB [/image/compressedDepth/parameter_descriptions] /mask_orange http://ubuntu:42527/
[rosmaster.master][INFO] 2017-09-25 17:26:01,644: -PUB [/image/compressedDepth/parameter_updates] /mask_orange http://ubuntu:42527/
[rosmaster.master][INFO] 2017-09-25 17:26:01,645: -PUB [/image/compressed] /mask_orange http://ubuntu:42527/
[rosmaster.master][INFO] 2017-09-25 17:26:01,647: -PUB [/image/compressed/parameter_descriptions] /mask_orange http://ubuntu:42527/
[rosmaster.master][INFO] 2017-09-25 17:26:01,649: -PUB [/rosout] /view http://ubuntu:33480/
[rosmaster.master][INFO] 2017-09-25 17:26:01,651: -PUB [/image/screenpoint] /view http://ubuntu:33480/
[rosmaster.master][INFO] 2017-09-25 17:26:01,652: -PUB [/image/compressed/parameter_updates] /mask_orange http://ubuntu:42527/
[rosmaster.master][INFO] 2017-09-25 17:26:01,657: -PUB [/image] /mask_orange http://ubuntu:42527/
[rosmaster.master][INFO] 2017-09-25 17:26:01,658: -PUB [/image/screenpoint_array] /view http://ubuntu:33480/
[rosmaster.master][INFO] 2017-09-25 17:26:01,660: -PUB [/image/screenrectangle] /view http://ubuntu:33480/
[rosmaster.master][INFO] 2017-09-25 17:26:01,661: -PUB [/image/screenrectangle_image] /view http://ubuntu:33480/
[rosmaster.master][INFO] 2017-09-25 17:26:01,662: -PUB [/image/movepoint] /view http://ubuntu:33480/
[rosmaster.master][INFO] 2017-09-25 17:26:01,664: -PUB [/image/foreground] /view http://ubuntu:33480/
[rosmaster.master][INFO] 2017-09-25 17:26:01,670: -PUB [/image/theora] /mask_orange http://ubuntu:42527/
[rosmaster.master][INFO] 2017-09-25 17:26:01,670: -PUB [/image/background] /view http://ubuntu:33480/
[rosmaster.master][INFO] 2017-09-25 17:26:01,671: -PUB [/image/foreground_rect] /view http://ubuntu:33480/
[rosmaster.master][INFO] 2017-09-25 17:26:01,672: -PUB [/image/background_rect] /view http://ubuntu:33480/
[rosmaster.master][INFO] 2017-09-25 17:26:01,673: -PUB [/image/line] /view http://ubuntu:33480/
[rosmaster.master][INFO] 2017-09-25 17:26:01,675: -PUB [/image/poly] /view http://ubuntu:33480/
[rosmaster.master][INFO] 2017-09-25 17:26:01,676: -PUB [/image/theora/parameter_descriptions] /mask_orange http://ubuntu:42527/
[rosmaster.master][INFO] 2017-09-25 17:26:01,680: -PUB [/image/theora/parameter_updates] /mask_orange http://ubuntu:42527/
[rosmaster.master][INFO] 2017-09-25 17:26:01,683: -PUB [/image_marked/compressedDepth] /view http://ubuntu:33480/
[rosmaster.master][INFO] 2017-09-25 17:26:01,683: -PUB [/image_marked/compressedDepth/parameter_descriptions] /view http://ubuntu:33480/
[rosmaster.master][INFO] 2017-09-25 17:26:01,685: -PUB [/image_marked/compressedDepth/parameter_updates] /view http://ubuntu:33480/
[rosmaster.master][INFO] 2017-09-25 17:26:01,685: -PUB [/image_marked/compressed] /view http://ubuntu:33480/
[rosmaster.master][INFO] 2017-09-25 17:26:01,686: -PUB [/image_marked/compressed/parameter_descriptions] /view http://ubuntu:33480/
[rosmaster.master][INFO] 2017-09-25 17:26:01,688: -SUB [/camera/image_raw] /mask_orange http://ubuntu:42527/
[rosmaster.master][INFO] 2017-09-25 17:26:01,690: -PUB [/image_marked/compressed/parameter_updates] /view http://ubuntu:33480/
[rosmaster.master][INFO] 2017-09-25 17:26:01,692: -PUB [/image_marked] /view http://ubuntu:33480/
[rosmaster.master][INFO] 2017-09-25 17:26:01,693: -SERVICE [/mask_orange/get_loggers] /mask_orange rosrpc://ubuntu:51601
[rosmaster.master][INFO] 2017-09-25 17:26:01,695: -PUB [/image_marked/theora] /view http://ubuntu:33480/
[rosmaster.master][INFO] 2017-09-25 17:26:01,696: -SERVICE [/mask_orange/set_logger_level] /mask_orange rosrpc://ubuntu:51601
[rosmaster.master][INFO] 2017-09-25 17:26:01,698: -PUB [/image_marked/theora/parameter_descriptions] /view http://ubuntu:33480/
[rosmaster.master][INFO] 2017-09-25 17:26:01,700: -SERVICE [/image/compressedDepth/set_parameters] /mask_orange rosrpc://ubuntu:51601
[rosmaster.master][INFO] 2017-09-25 17:26:01,703: -PUB [/image_marked/theora/parameter_updates] /view http://ubuntu:33480/
[rosmaster.master][INFO] 2017-09-25 17:26:01,704: -SERVICE [/image/compressed/set_parameters] /mask_orange rosrpc://ubuntu:51601
[rosmaster.master][INFO] 2017-09-25 17:26:01,707: -SERVICE [/image/theora/set_parameters] /mask_orange rosrpc://ubuntu:51601
[rosmaster.master][INFO] 2017-09-25 17:26:01,708: -PUB [/image/marked/compressedDepth] /view http://ubuntu:33480/
[rosmaster.master][INFO] 2017-09-25 17:26:01,710: -PUB [/image/marked/compressedDepth/parameter_descriptions] /view http://ubuntu:33480/
[rosmaster.master][INFO] 2017-09-25 17:26:01,712: -PUB [/image/marked/compressedDepth/parameter_updates] /view http://ubuntu:33480/
[rosmaster.master][INFO] 2017-09-25 17:26:01,714: -PUB [/image/marked/compressed] /view http://ubuntu:33480/
[rosmaster.master][INFO] 2017-09-25 17:26:01,716: -PUB [/image/marked/compressed/parameter_descriptions] /view http://ubuntu:33480/
[rosmaster.master][INFO] 2017-09-25 17:26:01,721: -PUB [/image/marked/compressed/parameter_updates] /view http://ubuntu:33480/
[rosmaster.master][INFO] 2017-09-25 17:26:01,722: -PUB [/image/marked] /view http://ubuntu:33480/
[rosmaster.master][INFO] 2017-09-25 17:26:01,723: -PUB [/image/marked/theora] /view http://ubuntu:33480/
[rosmaster.master][INFO] 2017-09-25 17:26:01,724: -PUB [/image/marked/theora/parameter_descriptions] /view http://ubuntu:33480/
[rosmaster.master][INFO] 2017-09-25 17:26:01,727: -PUB [/image/marked/theora/parameter_updates] /view http://ubuntu:33480/
[rosmaster.master][INFO] 2017-09-25 17:26:01,729: -PUB [/view/parameter_descriptions] /view http://ubuntu:33480/
[rosmaster.master][INFO] 2017-09-25 17:26:01,729: -PUB [/view/parameter_updates] /view http://ubuntu:33480/
[rosmaster.master][INFO] 2017-09-25 17:26:01,732: -SUB [/tf] /view http://ubuntu:33480/
[rosmaster.master][INFO] 2017-09-25 17:26:01,733: publisherUpdate[/rosout] -> http://ubuntu:32794/ ['http://ubuntu:33480/']
[rosmaster.master][INFO] 2017-09-25 17:26:01,733: publisherUpdate[/image] -> http://ubuntu:33480/ []
[rosmaster.master][INFO] 2017-09-25 17:26:01,734: publisherUpdate[/rosout] -> http://ubuntu:32794/ ['http://ubuntu:33480/']: sec=0.00, result=[1, '', 0]
[rosmaster.master][INFO] 2017-09-25 17:26:01,734: publisherUpdate[/rosout] -> http://ubuntu:32794/ []
[rosmaster.master][INFO] 2017-09-25 17:26:01,736: publisherUpdate[/rosout] -> http://ubuntu:32794/ []: sec=0.00, result=[1, '', 0]
[rosmaster.master][INFO] 2017-09-25 17:26:01,736: -SUB [/tf_static] /view http://ubuntu:33480/
[rosmaster.master][INFO] 2017-09-25 17:26:01,742: publisherUpdate[/image] -> http://ubuntu:33480/ []: sec=0.01, exception=<Fault -1: 'publisherUpdate: unknown method name'>
[rosmaster.threadpool][ERROR] 2017-09-25 17:26:01,743: Traceback (most recent call last):
  File "/opt/ros/kinetic/lib/python2.7/dist-packages/rosmaster/threadpool.py", line 218, in run
    result = cmd(*args)
  File "/opt/ros/kinetic/lib/python2.7/dist-packages/rosmaster/master_api.py", line 210, in publisher_update_task
    ret = xmlrpcapi(api).publisherUpdate('/master', topic, pub_uris)
  File "/usr/lib/python2.7/xmlrpclib.py", line 1243, in __call__
    return self.__send(self.__name, args)
  File "/usr/lib/python2.7/xmlrpclib.py", line 1602, in __request
    verbose=self.__verbose
  File "/usr/lib/python2.7/xmlrpclib.py", line 1283, in request
    return self.single_request(host, handler, request_body, verbose)
  File "/usr/lib/python2.7/xmlrpclib.py", line 1316, in single_request
    return self.parse_response(response)
  File "/usr/lib/python2.7/xmlrpclib.py", line 1493, in parse_response
    return u.close()
  File "/usr/lib/python2.7/xmlrpclib.py", line 800, in close
    raise Fault(**self._stack[0])
Fault: <Fault -1: 'publisherUpdate: unknown method name'>

[rosmaster.master][INFO] 2017-09-25 17:26:01,743: -SUB [/image] /view http://ubuntu:33480/
[rosmaster.master][INFO] 2017-09-25 17:26:01,744: -SUB [/camera_info] /view http://ubuntu:33480/
[rosmaster.master][INFO] 2017-09-25 17:26:01,745: -SUB [/image_marker] /view http://ubuntu:33480/
[rosmaster.master][INFO] 2017-09-25 17:26:01,749: -SUB [/image/event] /view http://ubuntu:33480/
[rosmaster.master][INFO] 2017-09-25 17:26:01,752: -SERVICE [/view/get_loggers] /view rosrpc://ubuntu:48963
[rosmaster.master][INFO] 2017-09-25 17:26:01,753: -SERVICE [/view/set_logger_level] /view rosrpc://ubuntu:48963
[rosmaster.master][INFO] 2017-09-25 17:26:01,754: -SERVICE [/image_marked/compressedDepth/set_parameters] /view rosrpc://ubuntu:48963
[rosmaster.master][INFO] 2017-09-25 17:26:01,756: -SERVICE [/image_marked/compressed/set_parameters] /view rosrpc://ubuntu:48963
[rosmaster.master][INFO] 2017-09-25 17:26:01,760: -SERVICE [/image_marked/theora/set_parameters] /view rosrpc://ubuntu:48963
[rosmaster.master][INFO] 2017-09-25 17:26:01,762: -SERVICE [/image/marked/compressedDepth/set_parameters] /view rosrpc://ubuntu:48963
[rosmaster.master][INFO] 2017-09-25 17:26:01,763: -SERVICE [/image/marked/compressed/set_parameters] /view rosrpc://ubuntu:48963
[rosmaster.master][INFO] 2017-09-25 17:26:01,764: -SERVICE [/image/marked/theora/set_parameters] /view rosrpc://ubuntu:48963
[rosmaster.master][INFO] 2017-09-25 17:26:01,765: -SERVICE [/view/change_mode] /view rosrpc://ubuntu:48963
[rosmaster.master][INFO] 2017-09-25 17:26:01,766: -SERVICE [/view/rectangle_mode] /view rosrpc://ubuntu:48963
[rosmaster.master][INFO] 2017-09-25 17:26:01,768: -SERVICE [/view/grabcut_mode] /view rosrpc://ubuntu:48963
[rosmaster.master][INFO] 2017-09-25 17:26:01,769: -SERVICE [/view/grabcut_rect_mode] /view rosrpc://ubuntu:48963
[rosmaster.master][INFO] 2017-09-25 17:26:01,770: -SERVICE [/view/line_mode] /view rosrpc://ubuntu:48963
[rosmaster.master][INFO] 2017-09-25 17:26:01,771: -SERVICE [/view/poly_mode] /view rosrpc://ubuntu:48963
[rosmaster.master][INFO] 2017-09-25 17:26:01,772: -SERVICE [/view/none_mode] /view rosrpc://ubuntu:48963
[rosmaster.master][INFO] 2017-09-25 17:26:01,774: -SERVICE [/view/set_parameters] /view rosrpc://ubuntu:48963
[rosmaster.master][INFO] 2017-09-25 17:26:02,036: -PUB [/rosout_agg] /rosout http://ubuntu:32794/
[rosmaster.master][INFO] 2017-09-25 17:26:02,039: -SUB [/rosout] /rosout http://ubuntu:32794/
[rosmaster.master][INFO] 2017-09-25 17:26:02,041: -SERVICE [/rosout/get_loggers] /rosout rosrpc://ubuntu:37308
[rosmaster.master][INFO] 2017-09-25 17:26:02,045: -SERVICE [/rosout/set_logger_level] /rosout rosrpc://ubuntu:37308
[rosmaster.main][INFO] 2017-09-25 17:26:02,048: keyboard interrupt, will exit
[rosmaster.main][INFO] 2017-09-25 17:26:02,048: stopping master...
[rospy.core][INFO] 2017-09-25 17:26:02,049: signal_shutdown [atexit]
