[rosmaster.main][INFO] 2017-09-13 16:23:54,802: initialization complete, waiting for shutdown
[rosmaster.main][INFO] 2017-09-13 16:23:54,802: Starting ROS Master Node
[xmlrpc][INFO] 2017-09-13 16:23:54,803: XML-RPC server binding to 0.0.0.0:11311
[rosmaster.master][INFO] 2017-09-13 16:23:54,803: Master initialized: port[11311], uri[http://ubuntu:11311/]
[xmlrpc][INFO] 2017-09-13 16:23:54,803: Started XML-RPC server [http://ubuntu:11311/]
[xmlrpc][INFO] 2017-09-13 16:23:54,803: xml rpc node: starting XML-RPC server
[rosmaster.master][INFO] 2017-09-13 16:23:54,837: +PARAM [/run_id] by /roslaunch
[rosmaster.master][INFO] 2017-09-13 16:23:54,838: +PARAM [/roslaunch/uris/host_ubuntu__41620] by /roslaunch
[rosmaster.master][INFO] 2017-09-13 16:23:54,901: +PARAM [/rosversion] by /roslaunch
[rosmaster.master][INFO] 2017-09-13 16:23:54,901: +PARAM [/rosdistro] by /roslaunch
[rosmaster.master][INFO] 2017-09-13 16:23:54,994: +SERVICE [/rosout/get_loggers] /rosout http://ubuntu:42162/
[rosmaster.master][INFO] 2017-09-13 16:23:54,995: +SERVICE [/rosout/set_logger_level] /rosout http://ubuntu:42162/
[rosmaster.master][INFO] 2017-09-13 16:23:55,004: +PUB [/rosout_agg] /rosout http://ubuntu:42162/
[rosmaster.master][INFO] 2017-09-13 16:23:55,035: +SUB [/rosout] /rosout http://ubuntu:42162/
[rosmaster.master][INFO] 2017-09-13 16:23:55,138: +PUB [/rosout] /image_converter http://ubuntu:34798/
[rosmaster.master][INFO] 2017-09-13 16:23:55,141: +SERVICE [/image_converter/get_loggers] /image_converter http://ubuntu:34798/
[rosmaster.master][INFO] 2017-09-13 16:23:55,143: +SERVICE [/image_converter/set_logger_level] /image_converter http://ubuntu:34798/
[rosmaster.master][INFO] 2017-09-13 16:23:55,204: publisherUpdate[/rosout] -> http://ubuntu:42162/ ['http://ubuntu:34798/']
[rosmaster.master][INFO] 2017-09-13 16:23:55,205: publisherUpdate[/rosout] -> http://ubuntu:42162/ ['http://ubuntu:34798/']: sec=0.00, result=[1, '', 0]
[rosmaster.master][INFO] 2017-09-13 16:23:55,267: +PUB [/rosout] /view http://ubuntu:39695/
[rosmaster.master][INFO] 2017-09-13 16:23:55,268: +SERVICE [/view/get_loggers] /view http://ubuntu:39695/
[rosmaster.master][INFO] 2017-09-13 16:23:55,268: +SERVICE [/view/set_logger_level] /view http://ubuntu:39695/
[rosmaster.master][INFO] 2017-09-13 16:23:55,286: +SUB [/tf] /view http://ubuntu:39695/
[rosmaster.master][INFO] 2017-09-13 16:23:55,305: publisherUpdate[/rosout] -> http://ubuntu:42162/ ['http://ubuntu:34798/', 'http://ubuntu:39695/']
[rosmaster.master][INFO] 2017-09-13 16:23:55,307: publisherUpdate[/rosout] -> http://ubuntu:42162/ ['http://ubuntu:34798/', 'http://ubuntu:39695/']: sec=0.00, result=[1, '', 0]
[rosmaster.master][INFO] 2017-09-13 16:23:55,307: +SUB [/tf_static] /view http://ubuntu:39695/
[rosmaster.master][INFO] 2017-09-13 16:23:55,329: +PUB [/rosout] /camera http://ubuntu:38435/
[rosmaster.master][INFO] 2017-09-13 16:23:55,330: +SERVICE [/camera/get_loggers] /camera http://ubuntu:38435/
[rosmaster.master][INFO] 2017-09-13 16:23:55,331: +SERVICE [/camera/set_logger_level] /camera http://ubuntu:38435/
[rosmaster.master][INFO] 2017-09-13 16:23:55,406: +PUB [/image/screenpoint] /view http://ubuntu:39695/
[rosmaster.master][INFO] 2017-09-13 16:23:55,407: publisherUpdate[/rosout] -> http://ubuntu:42162/ ['http://ubuntu:34798/', 'http://ubuntu:39695/', 'http://ubuntu:38435/']
[rosmaster.master][INFO] 2017-09-13 16:23:55,408: publisherUpdate[/rosout] -> http://ubuntu:42162/ ['http://ubuntu:34798/', 'http://ubuntu:39695/', 'http://ubuntu:38435/']: sec=0.00, result=[1, '', 0]
[rosmaster.master][INFO] 2017-09-13 16:23:55,413: +PUB [/image/screenpoint_array] /view http://ubuntu:39695/
[rosmaster.master][INFO] 2017-09-13 16:23:55,414: +PUB [/image/screenrectangle] /view http://ubuntu:39695/
[rosmaster.master][INFO] 2017-09-13 16:23:55,415: +PUB [/image/screenrectangle_image] /view http://ubuntu:39695/
[rosmaster.master][INFO] 2017-09-13 16:23:55,416: +PUB [/image/movepoint] /view http://ubuntu:39695/
[rosmaster.master][INFO] 2017-09-13 16:23:55,420: +PUB [/image/foreground] /view http://ubuntu:39695/
[rosmaster.master][INFO] 2017-09-13 16:23:55,425: +PUB [/image/background] /view http://ubuntu:39695/
[rosmaster.master][INFO] 2017-09-13 16:23:55,426: +PUB [/image/foreground_rect] /view http://ubuntu:39695/
[rosmaster.master][INFO] 2017-09-13 16:23:55,434: +PUB [/image/background_rect] /view http://ubuntu:39695/
[rosmaster.master][INFO] 2017-09-13 16:23:55,436: +PUB [/image/line] /view http://ubuntu:39695/
[rosmaster.master][INFO] 2017-09-13 16:23:55,440: +PUB [/image/poly] /view http://ubuntu:39695/
[rosmaster.master][INFO] 2017-09-13 16:23:55,441: +SERVICE [/camera/set_camera_info] /camera http://ubuntu:38435/
[rosmaster.master][INFO] 2017-09-13 16:23:55,447: -SERVICE [/camera/set_camera_info] /camera rosrpc://ubuntu:46985
[rosmaster.master][INFO] 2017-09-13 16:23:55,491: +SUB [/camera/image_raw] /image_converter http://ubuntu:34798/
[rosmaster.master][INFO] 2017-09-13 16:23:55,554: +PUB [/image/compressedDepth] /image_converter http://ubuntu:34798/
[rosmaster.master][INFO] 2017-09-13 16:23:55,555: +SERVICE [/image/compressedDepth/set_parameters] /image_converter http://ubuntu:34798/
[rosmaster.master][INFO] 2017-09-13 16:23:55,556: +PUB [/image/compressedDepth/parameter_descriptions] /image_converter http://ubuntu:34798/
[rosmaster.master][INFO] 2017-09-13 16:23:55,557: +PUB [/image/compressedDepth/parameter_updates] /image_converter http://ubuntu:34798/
[rosmaster.master][INFO] 2017-09-13 16:23:55,559: +PUB [/image_marked/compressedDepth] /view http://ubuntu:39695/
[rosmaster.master][INFO] 2017-09-13 16:23:55,560: +SERVICE [/image_marked/compressedDepth/set_parameters] /view http://ubuntu:39695/
[rosmaster.master][INFO] 2017-09-13 16:23:55,561: +PARAM [/image/compressedDepth/depth_max] by /image_converter
[rosmaster.master][INFO] 2017-09-13 16:23:55,561: +PUB [/image_marked/compressedDepth/parameter_descriptions] /view http://ubuntu:39695/
[rosmaster.master][INFO] 2017-09-13 16:23:55,562: +PARAM [/image/compressedDepth/depth_quantization] by /image_converter
[rosmaster.master][INFO] 2017-09-13 16:23:55,563: +PUB [/image_marked/compressedDepth/parameter_updates] /view http://ubuntu:39695/
[rosmaster.master][INFO] 2017-09-13 16:23:55,564: +PARAM [/image/compressedDepth/png_level] by /image_converter
[rosmaster.master][INFO] 2017-09-13 16:23:55,565: +PARAM [/image/compressedDepth/depth_max] by /image_converter
[rosmaster.master][INFO] 2017-09-13 16:23:55,566: +PARAM [/image/compressedDepth/depth_quantization] by /image_converter
[rosmaster.master][INFO] 2017-09-13 16:23:55,567: +PARAM [/image/compressedDepth/png_level] by /image_converter
[rosmaster.master][INFO] 2017-09-13 16:23:55,572: +PARAM [/image_marked/compressedDepth/depth_max] by /view
[rosmaster.master][INFO] 2017-09-13 16:23:55,573: +PARAM [/image_marked/compressedDepth/depth_quantization] by /view
[rosmaster.master][INFO] 2017-09-13 16:23:55,576: +PARAM [/image_marked/compressedDepth/png_level] by /view
[rosmaster.master][INFO] 2017-09-13 16:23:55,577: +PARAM [/image_marked/compressedDepth/depth_max] by /view
[rosmaster.master][INFO] 2017-09-13 16:23:55,578: +PARAM [/image_marked/compressedDepth/depth_quantization] by /view
[rosmaster.master][INFO] 2017-09-13 16:23:55,578: +PARAM [/image_marked/compressedDepth/png_level] by /view
[rosmaster.master][INFO] 2017-09-13 16:23:55,612: -PUB [/rosout] /camera http://ubuntu:38435/
[rosmaster.master][INFO] 2017-09-13 16:23:55,613: -SERVICE [/camera/get_loggers] /camera rosrpc://ubuntu:46985
[rosmaster.master][INFO] 2017-09-13 16:23:55,614: -SERVICE [/camera/set_logger_level] /camera rosrpc://ubuntu:46985
[rosmaster.master][INFO] 2017-09-13 16:23:55,632: +PUB [/image/compressed] /image_converter http://ubuntu:34798/
[rosmaster.master][INFO] 2017-09-13 16:23:55,634: +SERVICE [/image/compressed/set_parameters] /image_converter http://ubuntu:34798/
[rosmaster.master][INFO] 2017-09-13 16:23:55,635: +PUB [/image/compressed/parameter_descriptions] /image_converter http://ubuntu:34798/
[rosmaster.master][INFO] 2017-09-13 16:23:55,636: +PUB [/image/compressed/parameter_updates] /image_converter http://ubuntu:34798/
[rosmaster.master][INFO] 2017-09-13 16:23:55,646: +PARAM [/image/compressed/format] by /image_converter
[rosmaster.master][INFO] 2017-09-13 16:23:55,649: +PARAM [/image/compressed/jpeg_quality] by /image_converter
[rosmaster.master][INFO] 2017-09-13 16:23:55,651: +PUB [/image_marked/compressed] /view http://ubuntu:39695/
[rosmaster.master][INFO] 2017-09-13 16:23:55,653: +PARAM [/image/compressed/png_level] by /image_converter
[rosmaster.master][INFO] 2017-09-13 16:23:55,654: +SERVICE [/image_marked/compressed/set_parameters] /view http://ubuntu:39695/
[rosmaster.master][INFO] 2017-09-13 16:23:55,656: +PARAM [/image/compressed/format] by /image_converter
[rosmaster.master][INFO] 2017-09-13 16:23:55,658: +PUB [/image_marked/compressed/parameter_descriptions] /view http://ubuntu:39695/
[rosmaster.master][INFO] 2017-09-13 16:23:55,659: +PARAM [/image/compressed/jpeg_quality] by /image_converter
[rosmaster.master][INFO] 2017-09-13 16:23:55,660: +PUB [/image_marked/compressed/parameter_updates] /view http://ubuntu:39695/
[rosmaster.master][INFO] 2017-09-13 16:23:55,660: +PARAM [/image/compressed/png_level] by /image_converter
[rosmaster.master][INFO] 2017-09-13 16:23:55,670: +PARAM [/image_marked/compressed/format] by /view
[rosmaster.master][INFO] 2017-09-13 16:23:55,670: +PARAM [/image_marked/compressed/jpeg_quality] by /view
[rosmaster.master][INFO] 2017-09-13 16:23:55,671: +PARAM [/image_marked/compressed/png_level] by /view
[rosmaster.master][INFO] 2017-09-13 16:23:55,671: +PARAM [/image_marked/compressed/format] by /view
[rosmaster.master][INFO] 2017-09-13 16:23:55,672: +PARAM [/image_marked/compressed/jpeg_quality] by /view
[rosmaster.master][INFO] 2017-09-13 16:23:55,677: +PARAM [/image_marked/compressed/png_level] by /view
[rosmaster.master][INFO] 2017-09-13 16:23:55,709: publisherUpdate[/rosout] -> http://ubuntu:42162/ ['http://ubuntu:34798/', 'http://ubuntu:39695/']
[rosmaster.master][INFO] 2017-09-13 16:23:55,710: publisherUpdate[/rosout] -> http://ubuntu:42162/ ['http://ubuntu:34798/', 'http://ubuntu:39695/']: sec=0.00, result=[1, '', 0]
[rosmaster.master][INFO] 2017-09-13 16:23:55,716: +PUB [/image] /image_converter http://ubuntu:34798/
[rosmaster.master][INFO] 2017-09-13 16:23:55,735: +PUB [/image_marked] /view http://ubuntu:39695/
[rosmaster.master][INFO] 2017-09-13 16:23:55,799: +PUB [/image/theora] /image_converter http://ubuntu:34798/
[rosmaster.master][INFO] 2017-09-13 16:23:55,800: +SERVICE [/image/theora/set_parameters] /image_converter http://ubuntu:34798/
[rosmaster.master][INFO] 2017-09-13 16:23:55,801: +PUB [/image/theora/parameter_descriptions] /image_converter http://ubuntu:34798/
[rosmaster.master][INFO] 2017-09-13 16:23:55,802: +PUB [/image/theora/parameter_updates] /image_converter http://ubuntu:34798/
[rosmaster.master][INFO] 2017-09-13 16:23:55,806: +PARAM [/image/theora/optimize_for] by /image_converter
[rosmaster.master][INFO] 2017-09-13 16:23:55,808: +PARAM [/image/theora/target_bitrate] by /image_converter
[rosmaster.master][INFO] 2017-09-13 16:23:55,809: +PARAM [/image/theora/quality] by /image_converter
[rosmaster.master][INFO] 2017-09-13 16:23:55,811: +PARAM [/image/theora/keyframe_frequency] by /image_converter
[rosmaster.master][INFO] 2017-09-13 16:23:55,812: +PARAM [/image/theora/optimize_for] by /image_converter
[rosmaster.master][INFO] 2017-09-13 16:23:55,814: +PUB [/image_marked/theora] /view http://ubuntu:39695/
[rosmaster.master][INFO] 2017-09-13 16:23:55,814: +PARAM [/image/theora/target_bitrate] by /image_converter
[rosmaster.master][INFO] 2017-09-13 16:23:55,815: +SERVICE [/image_marked/theora/set_parameters] /view http://ubuntu:39695/
[rosmaster.master][INFO] 2017-09-13 16:23:55,816: +PARAM [/image/theora/quality] by /image_converter
[rosmaster.master][INFO] 2017-09-13 16:23:55,817: +PUB [/image_marked/theora/parameter_descriptions] /view http://ubuntu:39695/
[rosmaster.master][INFO] 2017-09-13 16:23:55,818: +PARAM [/image/theora/keyframe_frequency] by /image_converter
[rosmaster.master][INFO] 2017-09-13 16:23:55,818: +PUB [/image_marked/theora/parameter_updates] /view http://ubuntu:39695/
[rosmaster.master][INFO] 2017-09-13 16:23:55,821: +PARAM [/image_marked/theora/optimize_for] by /view
[rosmaster.master][INFO] 2017-09-13 16:23:55,822: +PARAM [/image_marked/theora/target_bitrate] by /view
[rosmaster.master][INFO] 2017-09-13 16:23:55,822: +PARAM [/image_marked/theora/quality] by /view
[rosmaster.master][INFO] 2017-09-13 16:23:55,823: +PARAM [/image_marked/theora/keyframe_frequency] by /view
[rosmaster.master][INFO] 2017-09-13 16:23:55,824: +PARAM [/image_marked/theora/optimize_for] by /view
[rosmaster.master][INFO] 2017-09-13 16:23:55,824: +PARAM [/image_marked/theora/target_bitrate] by /view
[rosmaster.master][INFO] 2017-09-13 16:23:55,825: +PARAM [/image_marked/theora/quality] by /view
[rosmaster.master][INFO] 2017-09-13 16:23:55,826: +PARAM [/image_marked/theora/keyframe_frequency] by /view
[rosmaster.master][INFO] 2017-09-13 16:23:55,851: +PUB [/image/marked/compressedDepth] /view http://ubuntu:39695/
[rosmaster.master][INFO] 2017-09-13 16:23:55,852: +SERVICE [/image/marked/compressedDepth/set_parameters] /view http://ubuntu:39695/
[rosmaster.master][INFO] 2017-09-13 16:23:55,853: +PUB [/image/marked/compressedDepth/parameter_descriptions] /view http://ubuntu:39695/
[rosmaster.master][INFO] 2017-09-13 16:23:55,854: +PUB [/image/marked/compressedDepth/parameter_updates] /view http://ubuntu:39695/
[rosmaster.master][INFO] 2017-09-13 16:23:55,856: +PARAM [/image/marked/compressedDepth/depth_max] by /view
[rosmaster.master][INFO] 2017-09-13 16:23:55,856: +PARAM [/image/marked/compressedDepth/depth_quantization] by /view
[rosmaster.master][INFO] 2017-09-13 16:23:55,857: +PARAM [/image/marked/compressedDepth/png_level] by /view
[rosmaster.master][INFO] 2017-09-13 16:23:55,858: +PARAM [/image/marked/compressedDepth/depth_max] by /view
[rosmaster.master][INFO] 2017-09-13 16:23:55,858: +PARAM [/image/marked/compressedDepth/depth_quantization] by /view
[rosmaster.master][INFO] 2017-09-13 16:23:55,859: +PARAM [/image/marked/compressedDepth/png_level] by /view
[rosmaster.master][INFO] 2017-09-13 16:23:55,885: +PUB [/image/marked/compressed] /view http://ubuntu:39695/
[rosmaster.master][INFO] 2017-09-13 16:23:55,886: +SERVICE [/image/marked/compressed/set_parameters] /view http://ubuntu:39695/
[rosmaster.master][INFO] 2017-09-13 16:23:55,887: +PUB [/image/marked/compressed/parameter_descriptions] /view http://ubuntu:39695/
[rosmaster.master][INFO] 2017-09-13 16:23:55,887: +PUB [/image/marked/compressed/parameter_updates] /view http://ubuntu:39695/
[rosmaster.master][INFO] 2017-09-13 16:23:55,889: +PARAM [/image/marked/compressed/format] by /view
[rosmaster.master][INFO] 2017-09-13 16:23:55,890: +PARAM [/image/marked/compressed/jpeg_quality] by /view
[rosmaster.master][INFO] 2017-09-13 16:23:55,891: +PARAM [/image/marked/compressed/png_level] by /view
[rosmaster.master][INFO] 2017-09-13 16:23:55,891: +PARAM [/image/marked/compressed/format] by /view
[rosmaster.master][INFO] 2017-09-13 16:23:55,892: +PARAM [/image/marked/compressed/jpeg_quality] by /view
[rosmaster.master][INFO] 2017-09-13 16:23:55,893: +PARAM [/image/marked/compressed/png_level] by /view
[rosmaster.master][INFO] 2017-09-13 16:23:55,919: +PUB [/image/marked] /view http://ubuntu:39695/
[rosmaster.master][INFO] 2017-09-13 16:23:55,945: +PUB [/image/marked/theora] /view http://ubuntu:39695/
[rosmaster.master][INFO] 2017-09-13 16:23:55,946: +SERVICE [/image/marked/theora/set_parameters] /view http://ubuntu:39695/
[rosmaster.master][INFO] 2017-09-13 16:23:55,947: +PUB [/image/marked/theora/parameter_descriptions] /view http://ubuntu:39695/
[rosmaster.master][INFO] 2017-09-13 16:23:55,947: +PUB [/image/marked/theora/parameter_updates] /view http://ubuntu:39695/
[rosmaster.master][INFO] 2017-09-13 16:23:55,950: +PARAM [/image/marked/theora/optimize_for] by /view
[rosmaster.master][INFO] 2017-09-13 16:23:55,950: +PARAM [/image/marked/theora/target_bitrate] by /view
[rosmaster.master][INFO] 2017-09-13 16:23:55,951: +PARAM [/image/marked/theora/quality] by /view
[rosmaster.master][INFO] 2017-09-13 16:23:55,952: +PARAM [/image/marked/theora/keyframe_frequency] by /view
[rosmaster.master][INFO] 2017-09-13 16:23:55,952: +PARAM [/image/marked/theora/optimize_for] by /view
[rosmaster.master][INFO] 2017-09-13 16:23:55,953: +PARAM [/image/marked/theora/target_bitrate] by /view
[rosmaster.master][INFO] 2017-09-13 16:23:55,954: +PARAM [/image/marked/theora/quality] by /view
[rosmaster.master][INFO] 2017-09-13 16:23:55,954: +PARAM [/image/marked/theora/keyframe_frequency] by /view
[rosmaster.master][INFO] 2017-09-13 16:23:55,991: +SUB [/image] /view http://ubuntu:39695/
[rosmaster.master][INFO] 2017-09-13 16:23:55,994: +SUB [/camera_info] /view http://ubuntu:39695/
[rosmaster.master][INFO] 2017-09-13 16:23:55,997: +SUB [/image_marker] /view http://ubuntu:39695/
[rosmaster.master][INFO] 2017-09-13 16:23:56,001: +SUB [/image/event] /view http://ubuntu:39695/
[rosmaster.master][INFO] 2017-09-13 16:23:56,001: +SERVICE [/view/change_mode] /view http://ubuntu:39695/
[rosmaster.master][INFO] 2017-09-13 16:23:56,002: +SERVICE [/view/rectangle_mode] /view http://ubuntu:39695/
[rosmaster.master][INFO] 2017-09-13 16:23:56,003: +SERVICE [/view/grabcut_mode] /view http://ubuntu:39695/
[rosmaster.master][INFO] 2017-09-13 16:23:56,003: +SERVICE [/view/grabcut_rect_mode] /view http://ubuntu:39695/
[rosmaster.master][INFO] 2017-09-13 16:23:56,004: +SERVICE [/view/line_mode] /view http://ubuntu:39695/
[rosmaster.master][INFO] 2017-09-13 16:23:56,005: +SERVICE [/view/poly_mode] /view http://ubuntu:39695/
[rosmaster.master][INFO] 2017-09-13 16:23:56,006: +SERVICE [/view/none_mode] /view http://ubuntu:39695/
[rosmaster.master][INFO] 2017-09-13 16:23:56,006: +SERVICE [/view/set_parameters] /view http://ubuntu:39695/
[rosmaster.master][INFO] 2017-09-13 16:23:56,007: +PUB [/view/parameter_descriptions] /view http://ubuntu:39695/
[rosmaster.master][INFO] 2017-09-13 16:23:56,008: +PUB [/view/parameter_updates] /view http://ubuntu:39695/
[rosmaster.master][INFO] 2017-09-13 16:23:56,013: +PARAM [/view/grid] by /view
[rosmaster.master][INFO] 2017-09-13 16:23:56,014: +PARAM [/view/fisheye_mode] by /view
[rosmaster.master][INFO] 2017-09-13 16:23:56,014: +PARAM [/view/div_u] by /view
[rosmaster.master][INFO] 2017-09-13 16:23:56,015: +PARAM [/view/div_v] by /view
[rosmaster.master][INFO] 2017-09-13 16:23:56,015: +PARAM [/view/grid_red] by /view
[rosmaster.master][INFO] 2017-09-13 16:23:56,016: +PARAM [/view/grid_green] by /view
[rosmaster.master][INFO] 2017-09-13 16:23:56,017: +PARAM [/view/grid_blue] by /view
[rosmaster.master][INFO] 2017-09-13 16:23:56,017: +PARAM [/view/grid_thickness] by /view
[rosmaster.master][INFO] 2017-09-13 16:23:56,018: +PARAM [/view/grid_space] by /view
[rosmaster.master][INFO] 2017-09-13 16:23:56,019: +PARAM [/view/grid] by /view
[rosmaster.master][INFO] 2017-09-13 16:23:56,020: +PARAM [/view/fisheye_mode] by /view
[rosmaster.master][INFO] 2017-09-13 16:23:56,021: +PARAM [/view/div_u] by /view
[rosmaster.master][INFO] 2017-09-13 16:23:56,021: +PARAM [/view/div_v] by /view
[rosmaster.master][INFO] 2017-09-13 16:23:56,022: +PARAM [/view/grid_red] by /view
[rosmaster.master][INFO] 2017-09-13 16:23:56,023: +PARAM [/view/grid_green] by /view
[rosmaster.master][INFO] 2017-09-13 16:23:56,023: +PARAM [/view/grid_blue] by /view
[rosmaster.master][INFO] 2017-09-13 16:23:56,024: +PARAM [/view/grid_thickness] by /view
[rosmaster.master][INFO] 2017-09-13 16:23:56,025: +PARAM [/view/grid_space] by /view
[rosmaster.master][INFO] 2017-09-13 16:24:00,559: -PUB [/rosout] /image_converter http://ubuntu:34798/
[rosmaster.master][INFO] 2017-09-13 16:24:00,561: -PUB [/rosout] /view http://ubuntu:39695/
[rosmaster.master][INFO] 2017-09-13 16:24:00,563: -PUB [/image/compressedDepth] /image_converter http://ubuntu:34798/
[rosmaster.master][INFO] 2017-09-13 16:24:00,564: -PUB [/image/compressedDepth/parameter_descriptions] /image_converter http://ubuntu:34798/
[rosmaster.master][INFO] 2017-09-13 16:24:00,565: -PUB [/image/screenpoint] /view http://ubuntu:39695/
[rosmaster.master][INFO] 2017-09-13 16:24:00,570: -PUB [/image/compressedDepth/parameter_updates] /image_converter http://ubuntu:34798/
[rosmaster.master][INFO] 2017-09-13 16:24:00,571: -PUB [/image/screenpoint_array] /view http://ubuntu:39695/
[rosmaster.master][INFO] 2017-09-13 16:24:00,572: -PUB [/image/screenrectangle] /view http://ubuntu:39695/
[rosmaster.master][INFO] 2017-09-13 16:24:00,576: -PUB [/image/compressed] /image_converter http://ubuntu:34798/
[rosmaster.master][INFO] 2017-09-13 16:24:00,578: -PUB [/image/screenrectangle_image] /view http://ubuntu:39695/
[rosmaster.master][INFO] 2017-09-13 16:24:00,579: -PUB [/image/movepoint] /view http://ubuntu:39695/
[rosmaster.master][INFO] 2017-09-13 16:24:00,580: -PUB [/image/foreground] /view http://ubuntu:39695/
[rosmaster.master][INFO] 2017-09-13 16:24:00,582: -PUB [/image/background] /view http://ubuntu:39695/
[rosmaster.master][INFO] 2017-09-13 16:24:00,584: -PUB [/image/compressed/parameter_descriptions] /image_converter http://ubuntu:34798/
[rosmaster.master][INFO] 2017-09-13 16:24:00,588: -PUB [/image/compressed/parameter_updates] /image_converter http://ubuntu:34798/
[rosmaster.master][INFO] 2017-09-13 16:24:00,591: -PUB [/image] /image_converter http://ubuntu:34798/
[rosmaster.master][INFO] 2017-09-13 16:24:00,592: -PUB [/image/theora] /image_converter http://ubuntu:34798/
[rosmaster.master][INFO] 2017-09-13 16:24:00,596: -PUB [/image/theora/parameter_descriptions] /image_converter http://ubuntu:34798/
[rosmaster.master][INFO] 2017-09-13 16:24:00,598: -PUB [/image/foreground_rect] /view http://ubuntu:39695/
[rosmaster.master][INFO] 2017-09-13 16:24:00,599: -PUB [/image/background_rect] /view http://ubuntu:39695/
[rosmaster.master][INFO] 2017-09-13 16:24:00,600: -PUB [/image/line] /view http://ubuntu:39695/
[rosmaster.master][INFO] 2017-09-13 16:24:00,602: -PUB [/image/poly] /view http://ubuntu:39695/
[rosmaster.master][INFO] 2017-09-13 16:24:00,604: -PUB [/image/theora/parameter_updates] /image_converter http://ubuntu:34798/
[rosmaster.master][INFO] 2017-09-13 16:24:00,606: -PUB [/image_marked/compressedDepth] /view http://ubuntu:39695/
[rosmaster.master][INFO] 2017-09-13 16:24:00,608: -PUB [/image_marked/compressedDepth/parameter_descriptions] /view http://ubuntu:39695/
[rosmaster.master][INFO] 2017-09-13 16:24:00,609: -PUB [/image_marked/compressedDepth/parameter_updates] /view http://ubuntu:39695/
[rosmaster.master][INFO] 2017-09-13 16:24:00,610: -PUB [/image_marked/compressed] /view http://ubuntu:39695/
[rosmaster.master][INFO] 2017-09-13 16:24:00,612: -PUB [/image_marked/compressed/parameter_descriptions] /view http://ubuntu:39695/
[rosmaster.master][INFO] 2017-09-13 16:24:00,616: -SUB [/camera/image_raw] /image_converter http://ubuntu:34798/
[rosmaster.master][INFO] 2017-09-13 16:24:00,618: -PUB [/image_marked/compressed/parameter_updates] /view http://ubuntu:39695/
[rosmaster.master][INFO] 2017-09-13 16:24:00,619: -PUB [/image_marked] /view http://ubuntu:39695/
[rosmaster.master][INFO] 2017-09-13 16:24:00,619: -PUB [/image_marked/theora] /view http://ubuntu:39695/
[rosmaster.master][INFO] 2017-09-13 16:24:00,621: -PUB [/image_marked/theora/parameter_descriptions] /view http://ubuntu:39695/
[rosmaster.master][INFO] 2017-09-13 16:24:00,623: -SERVICE [/image_converter/get_loggers] /image_converter rosrpc://ubuntu:52151
[rosmaster.master][INFO] 2017-09-13 16:24:00,624: -PUB [/image_marked/theora/parameter_updates] /view http://ubuntu:39695/
[rosmaster.master][INFO] 2017-09-13 16:24:00,627: -PUB [/image/marked/compressedDepth] /view http://ubuntu:39695/
[rosmaster.master][INFO] 2017-09-13 16:24:00,630: -SERVICE [/image_converter/set_logger_level] /image_converter rosrpc://ubuntu:52151
[rosmaster.master][INFO] 2017-09-13 16:24:00,631: -PUB [/image/marked/compressedDepth/parameter_descriptions] /view http://ubuntu:39695/
[rosmaster.master][INFO] 2017-09-13 16:24:00,632: -PUB [/image/marked/compressedDepth/parameter_updates] /view http://ubuntu:39695/
[rosmaster.master][INFO] 2017-09-13 16:24:00,636: publisherUpdate[/rosout] -> http://ubuntu:42162/ ['http://ubuntu:39695/']
[rosmaster.master][INFO] 2017-09-13 16:24:00,637: publisherUpdate[/image] -> http://ubuntu:39695/ []
[rosmaster.master][INFO] 2017-09-13 16:24:00,638: publisherUpdate[/rosout] -> http://ubuntu:42162/ ['http://ubuntu:39695/']: sec=0.00, result=[1, '', 0]
[rosmaster.master][INFO] 2017-09-13 16:24:00,639: publisherUpdate[/rosout] -> http://ubuntu:42162/ []
[rosmaster.master][INFO] 2017-09-13 16:24:00,641: publisherUpdate[/rosout] -> http://ubuntu:42162/ []: sec=0.00, result=[1, '', 0]
[rosmaster.master][INFO] 2017-09-13 16:24:00,641: -SERVICE [/image/compressedDepth/set_parameters] /image_converter rosrpc://ubuntu:52151
[rosmaster.master][INFO] 2017-09-13 16:24:00,641: -PUB [/image/marked/compressed] /view http://ubuntu:39695/
[rosmaster.master][INFO] 2017-09-13 16:24:00,643: publisherUpdate[/image] -> http://ubuntu:39695/ []: sec=0.01, exception=<Fault -1: 'publisherUpdate: unknown method name'>
[rosmaster.master][INFO] 2017-09-13 16:24:00,649: -PUB [/image/marked/compressed/parameter_descriptions] /view http://ubuntu:39695/
[rosmaster.master][INFO] 2017-09-13 16:24:00,658: -SERVICE [/image/compressed/set_parameters] /image_converter rosrpc://ubuntu:52151
[rosmaster.master][INFO] 2017-09-13 16:24:00,661: -PUB [/image/marked/compressed/parameter_updates] /view http://ubuntu:39695/
[rosmaster.threadpool][ERROR] 2017-09-13 16:24:00,673: Traceback (most recent call last):
  File "/opt/ros/kinetic/lib/python2.7/dist-packages/rosmaster/threadpool.py", line 218, in run
    result = cmd(*args)
  File "/opt/ros/kinetic/lib/python2.7/dist-packages/rosmaster/master_api.py", line 210, in publisher_update_task
    ret = xmlrpcapi(api).publisherUpdate('/master', topic, pub_uris)
  File "/usr/lib/python2.7/xmlrpclib.py", line 1243, in __call__
    return self.__send(self.__name, args)
  File "/usr/lib/python2.7/xmlrpclib.py", line 1602, in __request
    verbose=self.__verbose
  File "/usr/lib/python2.7/xmlrpclib.py", line 1283, in request
    return self.single_request(host, handler, request_body, verbose)
  File "/usr/lib/python2.7/xmlrpclib.py", line 1316, in single_request
    return self.parse_response(response)
  File "/usr/lib/python2.7/xmlrpclib.py", line 1493, in parse_response
    return u.close()
  File "/usr/lib/python2.7/xmlrpclib.py", line 800, in close
    raise Fault(**self._stack[0])
Fault: <Fault -1: 'publisherUpdate: unknown method name'>

[rosmaster.master][INFO] 2017-09-13 16:24:00,674: -SERVICE [/image/theora/set_parameters] /image_converter rosrpc://ubuntu:52151
[rosmaster.master][INFO] 2017-09-13 16:24:00,676: -PUB [/image/marked] /view http://ubuntu:39695/
[rosmaster.master][INFO] 2017-09-13 16:24:00,677: -PUB [/image/marked/theora] /view http://ubuntu:39695/
[rosmaster.master][INFO] 2017-09-13 16:24:00,681: -PUB [/image/marked/theora/parameter_descriptions] /view http://ubuntu:39695/
[rosmaster.master][INFO] 2017-09-13 16:24:00,683: -PUB [/image/marked/theora/parameter_updates] /view http://ubuntu:39695/
[rosmaster.master][INFO] 2017-09-13 16:24:00,688: -PUB [/view/parameter_descriptions] /view http://ubuntu:39695/
[rosmaster.master][INFO] 2017-09-13 16:24:00,689: -PUB [/view/parameter_updates] /view http://ubuntu:39695/
[rosmaster.master][INFO] 2017-09-13 16:24:00,691: -SUB [/tf] /view http://ubuntu:39695/
[rosmaster.master][INFO] 2017-09-13 16:24:00,692: -SUB [/tf_static] /view http://ubuntu:39695/
[rosmaster.master][INFO] 2017-09-13 16:24:00,693: -SUB [/image] /view http://ubuntu:39695/
[rosmaster.master][INFO] 2017-09-13 16:24:00,695: -SUB [/camera_info] /view http://ubuntu:39695/
[rosmaster.master][INFO] 2017-09-13 16:24:00,696: -SUB [/image_marker] /view http://ubuntu:39695/
[rosmaster.master][INFO] 2017-09-13 16:24:00,697: -SUB [/image/event] /view http://ubuntu:39695/
[rosmaster.master][INFO] 2017-09-13 16:24:00,699: -SERVICE [/view/get_loggers] /view rosrpc://ubuntu:39928
[rosmaster.master][INFO] 2017-09-13 16:24:00,705: -SERVICE [/view/set_logger_level] /view rosrpc://ubuntu:39928
[rosmaster.master][INFO] 2017-09-13 16:24:00,705: -SERVICE [/image_marked/compressedDepth/set_parameters] /view rosrpc://ubuntu:39928
[rosmaster.master][INFO] 2017-09-13 16:24:00,708: -SERVICE [/image_marked/compressed/set_parameters] /view rosrpc://ubuntu:39928
[rosmaster.master][INFO] 2017-09-13 16:24:00,709: -SERVICE [/image_marked/theora/set_parameters] /view rosrpc://ubuntu:39928
[rosmaster.master][INFO] 2017-09-13 16:24:00,709: -SERVICE [/image/marked/compressedDepth/set_parameters] /view rosrpc://ubuntu:39928
[rosmaster.master][INFO] 2017-09-13 16:24:00,712: -SERVICE [/image/marked/compressed/set_parameters] /view rosrpc://ubuntu:39928
[rosmaster.master][INFO] 2017-09-13 16:24:00,714: -SERVICE [/image/marked/theora/set_parameters] /view rosrpc://ubuntu:39928
[rosmaster.master][INFO] 2017-09-13 16:24:00,715: -SERVICE [/view/change_mode] /view rosrpc://ubuntu:39928
[rosmaster.master][INFO] 2017-09-13 16:24:00,715: -SERVICE [/view/rectangle_mode] /view rosrpc://ubuntu:39928
[rosmaster.master][INFO] 2017-09-13 16:24:00,722: -SERVICE [/view/grabcut_mode] /view rosrpc://ubuntu:39928
[rosmaster.master][INFO] 2017-09-13 16:24:00,723: -SERVICE [/view/grabcut_rect_mode] /view rosrpc://ubuntu:39928
[rosmaster.master][INFO] 2017-09-13 16:24:00,723: -SERVICE [/view/line_mode] /view rosrpc://ubuntu:39928
[rosmaster.master][INFO] 2017-09-13 16:24:00,724: -SERVICE [/view/poly_mode] /view rosrpc://ubuntu:39928
[rosmaster.master][INFO] 2017-09-13 16:24:00,726: -SERVICE [/view/none_mode] /view rosrpc://ubuntu:39928
[rosmaster.master][INFO] 2017-09-13 16:24:00,726: -SERVICE [/view/set_parameters] /view rosrpc://ubuntu:39928
[rosmaster.master][INFO] 2017-09-13 16:24:05,656: -PUB [/rosout_agg] /rosout http://ubuntu:42162/
[rosmaster.master][INFO] 2017-09-13 16:24:05,660: -SUB [/rosout] /rosout http://ubuntu:42162/
[rosmaster.master][INFO] 2017-09-13 16:24:05,661: -SERVICE [/rosout/get_loggers] /rosout rosrpc://ubuntu:59533
[rosmaster.master][INFO] 2017-09-13 16:24:05,662: -SERVICE [/rosout/set_logger_level] /rosout rosrpc://ubuntu:59533
[rosmaster.main][INFO] 2017-09-13 16:24:05,673: keyboard interrupt, will exit
[rosmaster.main][INFO] 2017-09-13 16:24:05,673: stopping master...
[rospy.core][INFO] 2017-09-13 16:24:05,673: signal_shutdown [atexit]
