[rosmaster.main][INFO] 2017-09-26 18:50:13,153: initialization complete, waiting for shutdown
[rosmaster.main][INFO] 2017-09-26 18:50:13,153: Starting ROS Master Node
[xmlrpc][INFO] 2017-09-26 18:50:13,154: XML-RPC server binding to 0.0.0.0:11311
[xmlrpc][INFO] 2017-09-26 18:50:13,154: Started XML-RPC server [http://ubuntu:11311/]
[xmlrpc][INFO] 2017-09-26 18:50:13,154: xml rpc node: starting XML-RPC server
[rosmaster.master][INFO] 2017-09-26 18:50:13,155: Master initialized: port[11311], uri[http://ubuntu:11311/]
[rosmaster.master][INFO] 2017-09-26 18:50:13,194: +PARAM [/run_id] by /roslaunch
[rosmaster.master][INFO] 2017-09-26 18:50:13,195: +PARAM [/roslaunch/uris/host_ubuntu__45707] by /roslaunch
[rosmaster.master][INFO] 2017-09-26 18:50:13,266: +PARAM [/rosversion] by /roslaunch
[rosmaster.master][INFO] 2017-09-26 18:50:13,266: +PARAM [/rosdistro] by /roslaunch
[rosmaster.master][INFO] 2017-09-26 18:50:13,266: +PARAM [/camera/device_id] by /roslaunch
[rosmaster.master][INFO] 2017-09-26 18:50:13,280: +SERVICE [/rosout/get_loggers] /rosout http://ubuntu:35768/
[rosmaster.master][INFO] 2017-09-26 18:50:13,281: +SERVICE [/rosout/set_logger_level] /rosout http://ubuntu:35768/
[rosmaster.master][INFO] 2017-09-26 18:50:13,283: +PUB [/rosout_agg] /rosout http://ubuntu:35768/
[rosmaster.master][INFO] 2017-09-26 18:50:13,297: +SUB [/rosout] /rosout http://ubuntu:35768/
[rosmaster.master][INFO] 2017-09-26 18:50:13,395: +PUB [/rosout] /mask_orange http://ubuntu:33075/
[rosmaster.master][INFO] 2017-09-26 18:50:13,399: +SERVICE [/mask_orange/get_loggers] /mask_orange http://ubuntu:33075/
[rosmaster.master][INFO] 2017-09-26 18:50:13,403: +SERVICE [/mask_orange/set_logger_level] /mask_orange http://ubuntu:33075/
[rosmaster.master][INFO] 2017-09-26 18:50:13,455: publisherUpdate[/rosout] -> http://ubuntu:35768/ ['http://ubuntu:33075/']
[rosmaster.master][INFO] 2017-09-26 18:50:13,456: publisherUpdate[/rosout] -> http://ubuntu:35768/ ['http://ubuntu:33075/']: sec=0.00, result=[1, '', 0]
[rosmaster.master][INFO] 2017-09-26 18:50:13,457: +PUB [/rosout] /camera http://ubuntu:42595/
[rosmaster.master][INFO] 2017-09-26 18:50:13,458: +SERVICE [/camera/get_loggers] /camera http://ubuntu:42595/
[rosmaster.master][INFO] 2017-09-26 18:50:13,459: +SERVICE [/camera/set_logger_level] /camera http://ubuntu:42595/
[rosmaster.master][INFO] 2017-09-26 18:50:13,479: +PUB [/rosout] /view http://ubuntu:39447/
[rosmaster.master][INFO] 2017-09-26 18:50:13,480: +SERVICE [/view/get_loggers] /view http://ubuntu:39447/
[rosmaster.master][INFO] 2017-09-26 18:50:13,481: +SERVICE [/view/set_logger_level] /view http://ubuntu:39447/
[rosmaster.master][INFO] 2017-09-26 18:50:13,499: +SUB [/tf] /view http://ubuntu:39447/
[rosmaster.master][INFO] 2017-09-26 18:50:13,514: +SUB [/tf_static] /view http://ubuntu:39447/
[rosmaster.master][INFO] 2017-09-26 18:50:13,556: publisherUpdate[/rosout] -> http://ubuntu:35768/ ['http://ubuntu:33075/', 'http://ubuntu:42595/']
[rosmaster.master][INFO] 2017-09-26 18:50:13,557: publisherUpdate[/rosout] -> http://ubuntu:35768/ ['http://ubuntu:33075/', 'http://ubuntu:42595/']: sec=0.00, result=[1, '', 0]
[rosmaster.master][INFO] 2017-09-26 18:50:13,557: publisherUpdate[/rosout] -> http://ubuntu:35768/ ['http://ubuntu:33075/', 'http://ubuntu:42595/', 'http://ubuntu:39447/']
[rosmaster.master][INFO] 2017-09-26 18:50:13,558: publisherUpdate[/rosout] -> http://ubuntu:35768/ ['http://ubuntu:33075/', 'http://ubuntu:42595/', 'http://ubuntu:39447/']: sec=0.00, result=[1, '', 0]
[rosmaster.master][INFO] 2017-09-26 18:50:13,559: +SERVICE [/camera/set_camera_info] /camera http://ubuntu:42595/
[rosmaster.master][INFO] 2017-09-26 18:50:13,587: +PUB [/image/screenpoint] /view http://ubuntu:39447/
[rosmaster.master][INFO] 2017-09-26 18:50:13,588: +PUB [/image/screenpoint_array] /view http://ubuntu:39447/
[rosmaster.master][INFO] 2017-09-26 18:50:13,589: +PUB [/image/screenrectangle] /view http://ubuntu:39447/
[rosmaster.master][INFO] 2017-09-26 18:50:13,589: +PUB [/image/screenrectangle_image] /view http://ubuntu:39447/
[rosmaster.master][INFO] 2017-09-26 18:50:13,590: +PUB [/image/movepoint] /view http://ubuntu:39447/
[rosmaster.master][INFO] 2017-09-26 18:50:13,591: +PUB [/image/foreground] /view http://ubuntu:39447/
[rosmaster.master][INFO] 2017-09-26 18:50:13,591: +PUB [/image/background] /view http://ubuntu:39447/
[rosmaster.master][INFO] 2017-09-26 18:50:13,594: +PUB [/image/foreground_rect] /view http://ubuntu:39447/
[rosmaster.master][INFO] 2017-09-26 18:50:13,598: +PUB [/image/background_rect] /view http://ubuntu:39447/
[rosmaster.master][INFO] 2017-09-26 18:50:13,603: +PUB [/image/line] /view http://ubuntu:39447/
[rosmaster.master][INFO] 2017-09-26 18:50:13,605: +PUB [/image/poly] /view http://ubuntu:39447/
[rosmaster.master][INFO] 2017-09-26 18:50:13,606: +SUB [/camera/image_raw] /mask_orange http://ubuntu:33075/
[rosmaster.master][INFO] 2017-09-26 18:50:13,696: +PUB [/image/compressedDepth] /mask_orange http://ubuntu:33075/
[rosmaster.master][INFO] 2017-09-26 18:50:13,697: +SERVICE [/image/compressedDepth/set_parameters] /mask_orange http://ubuntu:33075/
[rosmaster.master][INFO] 2017-09-26 18:50:13,698: +PUB [/image/compressedDepth/parameter_descriptions] /mask_orange http://ubuntu:33075/
[rosmaster.master][INFO] 2017-09-26 18:50:13,700: +PUB [/image/compressedDepth/parameter_updates] /mask_orange http://ubuntu:33075/
[rosmaster.master][INFO] 2017-09-26 18:50:13,706: +PARAM [/image/compressedDepth/depth_max] by /mask_orange
[rosmaster.master][INFO] 2017-09-26 18:50:13,709: +PARAM [/image/compressedDepth/depth_quantization] by /mask_orange
[rosmaster.master][INFO] 2017-09-26 18:50:13,709: +PARAM [/image/compressedDepth/png_level] by /mask_orange
[rosmaster.master][INFO] 2017-09-26 18:50:13,710: +PARAM [/image/compressedDepth/depth_max] by /mask_orange
[rosmaster.master][INFO] 2017-09-26 18:50:13,715: +PARAM [/image/compressedDepth/depth_quantization] by /mask_orange
[rosmaster.master][INFO] 2017-09-26 18:50:13,716: +PARAM [/image/compressedDepth/png_level] by /mask_orange
[rosmaster.master][INFO] 2017-09-26 18:50:13,721: +PUB [/image_marked/compressedDepth] /view http://ubuntu:39447/
[rosmaster.master][INFO] 2017-09-26 18:50:13,725: +SERVICE [/image_marked/compressedDepth/set_parameters] /view http://ubuntu:39447/
[rosmaster.master][INFO] 2017-09-26 18:50:13,726: +PUB [/image_marked/compressedDepth/parameter_descriptions] /view http://ubuntu:39447/
[rosmaster.master][INFO] 2017-09-26 18:50:13,730: +PUB [/image_marked/compressedDepth/parameter_updates] /view http://ubuntu:39447/
[rosmaster.master][INFO] 2017-09-26 18:50:13,737: +PARAM [/image_marked/compressedDepth/depth_max] by /view
[rosmaster.master][INFO] 2017-09-26 18:50:13,739: +PARAM [/image_marked/compressedDepth/depth_quantization] by /view
[rosmaster.master][INFO] 2017-09-26 18:50:13,741: +PARAM [/image_marked/compressedDepth/png_level] by /view
[rosmaster.master][INFO] 2017-09-26 18:50:13,746: +PARAM [/image_marked/compressedDepth/depth_max] by /view
[rosmaster.master][INFO] 2017-09-26 18:50:13,747: +PARAM [/image_marked/compressedDepth/depth_quantization] by /view
[rosmaster.master][INFO] 2017-09-26 18:50:13,751: +PARAM [/image_marked/compressedDepth/png_level] by /view
[rosmaster.master][INFO] 2017-09-26 18:50:13,820: +PUB [/image/compressed] /mask_orange http://ubuntu:33075/
[rosmaster.master][INFO] 2017-09-26 18:50:13,823: +SERVICE [/image/compressed/set_parameters] /mask_orange http://ubuntu:33075/
[rosmaster.master][INFO] 2017-09-26 18:50:13,826: +PUB [/image/compressed/parameter_descriptions] /mask_orange http://ubuntu:33075/
[rosmaster.master][INFO] 2017-09-26 18:50:13,838: +PUB [/image/compressed/parameter_updates] /mask_orange http://ubuntu:33075/
[rosmaster.master][INFO] 2017-09-26 18:50:13,852: +PARAM [/image/compressed/format] by /mask_orange
[rosmaster.master][INFO] 2017-09-26 18:50:13,856: +PARAM [/image/compressed/jpeg_quality] by /mask_orange
[rosmaster.master][INFO] 2017-09-26 18:50:13,856: +PARAM [/image/compressed/png_level] by /mask_orange
[rosmaster.master][INFO] 2017-09-26 18:50:13,859: +PARAM [/image/compressed/format] by /mask_orange
[rosmaster.master][INFO] 2017-09-26 18:50:13,864: +PARAM [/image/compressed/jpeg_quality] by /mask_orange
[rosmaster.master][INFO] 2017-09-26 18:50:13,868: +PARAM [/image/compressed/png_level] by /mask_orange
[rosmaster.master][INFO] 2017-09-26 18:50:13,876: +PUB [/image_marked/compressed] /view http://ubuntu:39447/
[rosmaster.master][INFO] 2017-09-26 18:50:13,877: +SERVICE [/image_marked/compressed/set_parameters] /view http://ubuntu:39447/
[rosmaster.master][INFO] 2017-09-26 18:50:13,881: +PUB [/image_marked/compressed/parameter_descriptions] /view http://ubuntu:39447/
[rosmaster.master][INFO] 2017-09-26 18:50:13,882: +PUB [/image_marked/compressed/parameter_updates] /view http://ubuntu:39447/
[rosmaster.master][INFO] 2017-09-26 18:50:13,892: +PUB [/camera/image_raw/compressedDepth] /camera http://ubuntu:42595/
[rosmaster.master][INFO] 2017-09-26 18:50:13,894: +SERVICE [/camera/image_raw/compressedDepth/set_parameters] /camera http://ubuntu:42595/
[rosmaster.master][INFO] 2017-09-26 18:50:13,896: +PUB [/camera/image_raw/compressedDepth/parameter_descriptions] /camera http://ubuntu:42595/
[rosmaster.master][INFO] 2017-09-26 18:50:13,903: +PARAM [/image_marked/compressed/format] by /view
[rosmaster.master][INFO] 2017-09-26 18:50:13,904: +PUB [/camera/image_raw/compressedDepth/parameter_updates] /camera http://ubuntu:42595/
[rosmaster.master][INFO] 2017-09-26 18:50:13,907: +PARAM [/image_marked/compressed/jpeg_quality] by /view
[rosmaster.master][INFO] 2017-09-26 18:50:13,909: +PARAM [/image_marked/compressed/png_level] by /view
[rosmaster.master][INFO] 2017-09-26 18:50:13,911: +PARAM [/image_marked/compressed/format] by /view
[rosmaster.master][INFO] 2017-09-26 18:50:13,918: +PARAM [/image_marked/compressed/jpeg_quality] by /view
[rosmaster.master][INFO] 2017-09-26 18:50:13,919: +PARAM [/camera/image_raw/compressedDepth/depth_max] by /camera
[rosmaster.master][INFO] 2017-09-26 18:50:13,923: +PARAM [/image_marked/compressed/png_level] by /view
[rosmaster.master][INFO] 2017-09-26 18:50:13,935: +PARAM [/camera/image_raw/compressedDepth/depth_quantization] by /camera
[rosmaster.master][INFO] 2017-09-26 18:50:13,936: +PARAM [/camera/image_raw/compressedDepth/png_level] by /camera
[rosmaster.master][INFO] 2017-09-26 18:50:13,937: +PARAM [/camera/image_raw/compressedDepth/depth_max] by /camera
[rosmaster.master][INFO] 2017-09-26 18:50:13,938: +PARAM [/camera/image_raw/compressedDepth/depth_quantization] by /camera
[rosmaster.master][INFO] 2017-09-26 18:50:13,938: +PARAM [/camera/image_raw/compressedDepth/png_level] by /camera
[rosmaster.master][INFO] 2017-09-26 18:50:13,969: +PUB [/image] /mask_orange http://ubuntu:33075/
[rosmaster.master][INFO] 2017-09-26 18:50:14,031: +PUB [/image_marked] /view http://ubuntu:39447/
[rosmaster.master][INFO] 2017-09-26 18:50:14,046: +PUB [/camera/image_raw/compressed] /camera http://ubuntu:42595/
[rosmaster.master][INFO] 2017-09-26 18:50:14,047: +SERVICE [/camera/image_raw/compressed/set_parameters] /camera http://ubuntu:42595/
[rosmaster.master][INFO] 2017-09-26 18:50:14,048: +PUB [/camera/image_raw/compressed/parameter_descriptions] /camera http://ubuntu:42595/
[rosmaster.master][INFO] 2017-09-26 18:50:14,049: +PUB [/camera/image_raw/compressed/parameter_updates] /camera http://ubuntu:42595/
[rosmaster.master][INFO] 2017-09-26 18:50:14,055: +PARAM [/camera/image_raw/compressed/format] by /camera
[rosmaster.master][INFO] 2017-09-26 18:50:14,056: +PARAM [/camera/image_raw/compressed/jpeg_quality] by /camera
[rosmaster.master][INFO] 2017-09-26 18:50:14,063: +PARAM [/camera/image_raw/compressed/png_level] by /camera
[rosmaster.master][INFO] 2017-09-26 18:50:14,064: +PARAM [/camera/image_raw/compressed/format] by /camera
[rosmaster.master][INFO] 2017-09-26 18:50:14,065: +PARAM [/camera/image_raw/compressed/jpeg_quality] by /camera
[rosmaster.master][INFO] 2017-09-26 18:50:14,067: +PARAM [/camera/image_raw/compressed/png_level] by /camera
[rosmaster.master][INFO] 2017-09-26 18:50:14,091: +PUB [/image/theora] /mask_orange http://ubuntu:33075/
[rosmaster.master][INFO] 2017-09-26 18:50:14,092: +SERVICE [/image/theora/set_parameters] /mask_orange http://ubuntu:33075/
[rosmaster.master][INFO] 2017-09-26 18:50:14,093: +PUB [/image/theora/parameter_descriptions] /mask_orange http://ubuntu:33075/
[rosmaster.master][INFO] 2017-09-26 18:50:14,093: +PUB [/image/theora/parameter_updates] /mask_orange http://ubuntu:33075/
[rosmaster.master][INFO] 2017-09-26 18:50:14,103: +PARAM [/image/theora/optimize_for] by /mask_orange
[rosmaster.master][INFO] 2017-09-26 18:50:14,107: +PARAM [/image/theora/target_bitrate] by /mask_orange
[rosmaster.master][INFO] 2017-09-26 18:50:14,111: +PARAM [/image/theora/quality] by /mask_orange
[rosmaster.master][INFO] 2017-09-26 18:50:14,112: +PARAM [/image/theora/keyframe_frequency] by /mask_orange
[rosmaster.master][INFO] 2017-09-26 18:50:14,115: +PARAM [/image/theora/optimize_for] by /mask_orange
[rosmaster.master][INFO] 2017-09-26 18:50:14,119: +PARAM [/image/theora/target_bitrate] by /mask_orange
[rosmaster.master][INFO] 2017-09-26 18:50:14,124: +PARAM [/image/theora/quality] by /mask_orange
[rosmaster.master][INFO] 2017-09-26 18:50:14,127: +PARAM [/image/theora/keyframe_frequency] by /mask_orange
[rosmaster.master][INFO] 2017-09-26 18:50:14,131: +PARAM [/low_h] by /mask_orange
[rosmaster.master][INFO] 2017-09-26 18:50:14,135: +PARAM [/low_s] by /mask_orange
[rosmaster.master][INFO] 2017-09-26 18:50:14,136: +PARAM [/low_v] by /mask_orange
[rosmaster.master][INFO] 2017-09-26 18:50:14,137: +PARAM [/high_h] by /mask_orange
[rosmaster.master][INFO] 2017-09-26 18:50:14,139: +PARAM [/high_s] by /mask_orange
[rosmaster.master][INFO] 2017-09-26 18:50:14,147: +PARAM [/high_v] by /mask_orange
[rosmaster.master][INFO] 2017-09-26 18:50:14,161: +PUB [/image_marked/theora] /view http://ubuntu:39447/
[rosmaster.master][INFO] 2017-09-26 18:50:14,162: +SERVICE [/image_marked/theora/set_parameters] /view http://ubuntu:39447/
[rosmaster.master][INFO] 2017-09-26 18:50:14,163: +PUB [/image_marked/theora/parameter_descriptions] /view http://ubuntu:39447/
[rosmaster.master][INFO] 2017-09-26 18:50:14,164: +PUB [/image_marked/theora/parameter_updates] /view http://ubuntu:39447/
[rosmaster.master][INFO] 2017-09-26 18:50:14,167: +PARAM [/image_marked/theora/optimize_for] by /view
[rosmaster.master][INFO] 2017-09-26 18:50:14,171: +PARAM [/image_marked/theora/target_bitrate] by /view
[rosmaster.master][INFO] 2017-09-26 18:50:14,172: +PARAM [/image_marked/theora/quality] by /view
[rosmaster.master][INFO] 2017-09-26 18:50:14,175: +PUB [/camera/image_raw] /camera http://ubuntu:42595/
[rosmaster.master][INFO] 2017-09-26 18:50:14,179: +PARAM [/image_marked/theora/keyframe_frequency] by /view
[rosmaster.master][INFO] 2017-09-26 18:50:14,180: +PARAM [/image_marked/theora/optimize_for] by /view
[rosmaster.master][INFO] 2017-09-26 18:50:14,187: +PARAM [/image_marked/theora/target_bitrate] by /view
[rosmaster.master][INFO] 2017-09-26 18:50:14,188: +PARAM [/image_marked/theora/quality] by /view
[rosmaster.master][INFO] 2017-09-26 18:50:14,191: +PARAM [/image_marked/theora/keyframe_frequency] by /view
[rosmaster.master][INFO] 2017-09-26 18:50:14,259: publisherUpdate[/camera/image_raw] -> http://ubuntu:33075/ ['http://ubuntu:42595/']
[rosmaster.master][INFO] 2017-09-26 18:50:14,260: publisherUpdate[/camera/image_raw] -> http://ubuntu:33075/ ['http://ubuntu:42595/']: sec=0.00, result=[1, '', 0]
[rosmaster.master][INFO] 2017-09-26 18:50:14,268: +PUB [/image/marked/compressedDepth] /view http://ubuntu:39447/
[rosmaster.master][INFO] 2017-09-26 18:50:14,269: +SERVICE [/image/marked/compressedDepth/set_parameters] /view http://ubuntu:39447/
[rosmaster.master][INFO] 2017-09-26 18:50:14,270: +PUB [/image/marked/compressedDepth/parameter_descriptions] /view http://ubuntu:39447/
[rosmaster.master][INFO] 2017-09-26 18:50:14,270: +PUB [/camera/image_raw/theora] /camera http://ubuntu:42595/
[rosmaster.master][INFO] 2017-09-26 18:50:14,271: +SERVICE [/camera/image_raw/theora/set_parameters] /camera http://ubuntu:42595/
[rosmaster.master][INFO] 2017-09-26 18:50:14,272: +PUB [/image/marked/compressedDepth/parameter_updates] /view http://ubuntu:39447/
[rosmaster.master][INFO] 2017-09-26 18:50:14,273: +PUB [/camera/image_raw/theora/parameter_descriptions] /camera http://ubuntu:42595/
[rosmaster.master][INFO] 2017-09-26 18:50:14,275: +PUB [/camera/image_raw/theora/parameter_updates] /camera http://ubuntu:42595/
[rosmaster.master][INFO] 2017-09-26 18:50:14,279: +PARAM [/image/marked/compressedDepth/depth_max] by /view
[rosmaster.master][INFO] 2017-09-26 18:50:14,282: +PARAM [/image/marked/compressedDepth/depth_quantization] by /view
[rosmaster.master][INFO] 2017-09-26 18:50:14,283: +PARAM [/image/marked/compressedDepth/png_level] by /view
[rosmaster.master][INFO] 2017-09-26 18:50:14,288: +PARAM [/image/marked/compressedDepth/depth_max] by /view
[rosmaster.master][INFO] 2017-09-26 18:50:14,289: +PARAM [/camera/image_raw/theora/optimize_for] by /camera
[rosmaster.master][INFO] 2017-09-26 18:50:14,289: +PARAM [/image/marked/compressedDepth/depth_quantization] by /view
[rosmaster.master][INFO] 2017-09-26 18:50:14,290: +PARAM [/camera/image_raw/theora/target_bitrate] by /camera
[rosmaster.master][INFO] 2017-09-26 18:50:14,295: +PARAM [/image/marked/compressedDepth/png_level] by /view
[rosmaster.master][INFO] 2017-09-26 18:50:14,301: +PARAM [/camera/image_raw/theora/quality] by /camera
[rosmaster.master][INFO] 2017-09-26 18:50:14,301: +PARAM [/camera/image_raw/theora/keyframe_frequency] by /camera
[rosmaster.master][INFO] 2017-09-26 18:50:14,302: +PARAM [/camera/image_raw/theora/optimize_for] by /camera
[rosmaster.master][INFO] 2017-09-26 18:50:14,305: +PARAM [/camera/image_raw/theora/target_bitrate] by /camera
[rosmaster.master][INFO] 2017-09-26 18:50:14,307: +PARAM [/camera/image_raw/theora/quality] by /camera
[rosmaster.master][INFO] 2017-09-26 18:50:14,310: +PARAM [/camera/image_raw/theora/keyframe_frequency] by /camera
[rosmaster.master][INFO] 2017-09-26 18:50:14,316: +PUB [/camera/camera_info] /camera http://ubuntu:42595/
[rosmaster.master][INFO] 2017-09-26 18:50:14,371: +PUB [/image/marked/compressed] /view http://ubuntu:39447/
[rosmaster.master][INFO] 2017-09-26 18:50:14,372: +SERVICE [/image/marked/compressed/set_parameters] /view http://ubuntu:39447/
[rosmaster.master][INFO] 2017-09-26 18:50:14,373: +PUB [/image/marked/compressed/parameter_descriptions] /view http://ubuntu:39447/
[rosmaster.master][INFO] 2017-09-26 18:50:14,374: +PUB [/image/marked/compressed/parameter_updates] /view http://ubuntu:39447/
[rosmaster.master][INFO] 2017-09-26 18:50:14,376: +PARAM [/image/marked/compressed/format] by /view
[rosmaster.master][INFO] 2017-09-26 18:50:14,377: +PARAM [/image/marked/compressed/jpeg_quality] by /view
[rosmaster.master][INFO] 2017-09-26 18:50:14,377: +PARAM [/image/marked/compressed/png_level] by /view
[rosmaster.master][INFO] 2017-09-26 18:50:14,378: +PARAM [/image/marked/compressed/format] by /view
[rosmaster.master][INFO] 2017-09-26 18:50:14,379: +PARAM [/image/marked/compressed/jpeg_quality] by /view
[rosmaster.master][INFO] 2017-09-26 18:50:14,382: +PARAM [/image/marked/compressed/png_level] by /view
[rosmaster.master][INFO] 2017-09-26 18:50:14,443: +PUB [/image/marked] /view http://ubuntu:39447/
[rosmaster.master][INFO] 2017-09-26 18:50:14,501: +PUB [/image/marked/theora] /view http://ubuntu:39447/
[rosmaster.master][INFO] 2017-09-26 18:50:14,502: +SERVICE [/image/marked/theora/set_parameters] /view http://ubuntu:39447/
[rosmaster.master][INFO] 2017-09-26 18:50:14,503: +PUB [/image/marked/theora/parameter_descriptions] /view http://ubuntu:39447/
[rosmaster.master][INFO] 2017-09-26 18:50:14,503: +PUB [/image/marked/theora/parameter_updates] /view http://ubuntu:39447/
[rosmaster.master][INFO] 2017-09-26 18:50:14,508: +PARAM [/image/marked/theora/optimize_for] by /view
[rosmaster.master][INFO] 2017-09-26 18:50:14,511: +PARAM [/image/marked/theora/target_bitrate] by /view
[rosmaster.master][INFO] 2017-09-26 18:50:14,512: +PARAM [/image/marked/theora/quality] by /view
[rosmaster.master][INFO] 2017-09-26 18:50:14,513: +PARAM [/image/marked/theora/keyframe_frequency] by /view
[rosmaster.master][INFO] 2017-09-26 18:50:14,513: +PARAM [/image/marked/theora/optimize_for] by /view
[rosmaster.master][INFO] 2017-09-26 18:50:14,515: +PARAM [/image/marked/theora/target_bitrate] by /view
[rosmaster.master][INFO] 2017-09-26 18:50:14,516: +PARAM [/image/marked/theora/quality] by /view
[rosmaster.master][INFO] 2017-09-26 18:50:14,519: +PARAM [/image/marked/theora/keyframe_frequency] by /view
[rosmaster.master][INFO] 2017-09-26 18:50:14,577: +SUB [/image] /view http://ubuntu:39447/
[rosmaster.master][INFO] 2017-09-26 18:50:14,583: +SUB [/camera_info] /view http://ubuntu:39447/
[rosmaster.master][INFO] 2017-09-26 18:50:14,589: +SUB [/image_marker] /view http://ubuntu:39447/
[rosmaster.master][INFO] 2017-09-26 18:50:14,596: +SUB [/image/event] /view http://ubuntu:39447/
[rosmaster.master][INFO] 2017-09-26 18:50:14,597: +SERVICE [/view/change_mode] /view http://ubuntu:39447/
[rosmaster.master][INFO] 2017-09-26 18:50:14,598: +SERVICE [/view/rectangle_mode] /view http://ubuntu:39447/
[rosmaster.master][INFO] 2017-09-26 18:50:14,602: +SERVICE [/view/grabcut_mode] /view http://ubuntu:39447/
[rosmaster.master][INFO] 2017-09-26 18:50:14,603: +SERVICE [/view/grabcut_rect_mode] /view http://ubuntu:39447/
[rosmaster.master][INFO] 2017-09-26 18:50:14,603: +SERVICE [/view/line_mode] /view http://ubuntu:39447/
[rosmaster.master][INFO] 2017-09-26 18:50:14,608: +SERVICE [/view/poly_mode] /view http://ubuntu:39447/
[rosmaster.master][INFO] 2017-09-26 18:50:14,608: +SERVICE [/view/none_mode] /view http://ubuntu:39447/
[rosmaster.master][INFO] 2017-09-26 18:50:14,609: +SERVICE [/view/set_parameters] /view http://ubuntu:39447/
[rosmaster.master][INFO] 2017-09-26 18:50:14,610: +PUB [/view/parameter_descriptions] /view http://ubuntu:39447/
[rosmaster.master][INFO] 2017-09-26 18:50:14,611: +PUB [/view/parameter_updates] /view http://ubuntu:39447/
[rosmaster.master][INFO] 2017-09-26 18:50:14,620: +PARAM [/view/grid] by /view
[rosmaster.master][INFO] 2017-09-26 18:50:14,624: +PARAM [/view/fisheye_mode] by /view
[rosmaster.master][INFO] 2017-09-26 18:50:14,625: +PARAM [/view/div_u] by /view
[rosmaster.master][INFO] 2017-09-26 18:50:14,626: +PARAM [/view/div_v] by /view
[rosmaster.master][INFO] 2017-09-26 18:50:14,627: +PARAM [/view/grid_red] by /view
[rosmaster.master][INFO] 2017-09-26 18:50:14,631: +PARAM [/view/grid_green] by /view
[rosmaster.master][INFO] 2017-09-26 18:50:14,632: +PARAM [/view/grid_blue] by /view
[rosmaster.master][INFO] 2017-09-26 18:50:14,633: +PARAM [/view/grid_thickness] by /view
[rosmaster.master][INFO] 2017-09-26 18:50:14,633: +PARAM [/view/grid_space] by /view
[rosmaster.master][INFO] 2017-09-26 18:50:14,635: +PARAM [/view/grid] by /view
[rosmaster.master][INFO] 2017-09-26 18:50:14,639: +PARAM [/view/fisheye_mode] by /view
[rosmaster.master][INFO] 2017-09-26 18:50:14,640: +PARAM [/view/div_u] by /view
[rosmaster.master][INFO] 2017-09-26 18:50:14,640: +PARAM [/view/div_v] by /view
[rosmaster.master][INFO] 2017-09-26 18:50:14,641: +PARAM [/view/grid_red] by /view
[rosmaster.master][INFO] 2017-09-26 18:50:14,643: +PARAM [/view/grid_green] by /view
[rosmaster.master][INFO] 2017-09-26 18:50:14,644: +PARAM [/view/grid_blue] by /view
[rosmaster.master][INFO] 2017-09-26 18:50:14,647: +PARAM [/view/grid_thickness] by /view
[rosmaster.master][INFO] 2017-09-26 18:50:14,648: +PARAM [/view/grid_space] by /view
[rosmaster.master][INFO] 2017-09-26 18:50:17,586: +PUB [/rosout] /rqt_reconfigure http://ubuntu:41909/
[rosmaster.master][INFO] 2017-09-26 18:50:17,593: +SERVICE [/rqt_reconfigure/get_loggers] /rqt_reconfigure http://ubuntu:41909/
[rosmaster.master][INFO] 2017-09-26 18:50:17,600: +SERVICE [/rqt_reconfigure/set_logger_level] /rqt_reconfigure http://ubuntu:41909/
[rosmaster.master][INFO] 2017-09-26 18:50:17,685: publisherUpdate[/rosout] -> http://ubuntu:35768/ ['http://ubuntu:33075/', 'http://ubuntu:42595/', 'http://ubuntu:39447/', 'http://ubuntu:41909/']
[rosmaster.master][INFO] 2017-09-26 18:50:17,688: publisherUpdate[/rosout] -> http://ubuntu:35768/ ['http://ubuntu:33075/', 'http://ubuntu:42595/', 'http://ubuntu:39447/', 'http://ubuntu:41909/']: sec=0.00, result=[1, '', 0]
[rosmaster.master][INFO] 2017-09-26 18:50:17,964: +SUB [/camera/image_raw/compressed/parameter_descriptions] /rqt_reconfigure http://ubuntu:41909/
[rosmaster.master][INFO] 2017-09-26 18:50:17,972: +SUB [/camera/image_raw/compressedDepth/parameter_descriptions] /rqt_reconfigure http://ubuntu:41909/
[rosmaster.master][INFO] 2017-09-26 18:50:18,021: +SUB [/camera/image_raw/compressedDepth/parameter_updates] /rqt_reconfigure http://ubuntu:41909/
[rosmaster.master][INFO] 2017-09-26 18:50:18,036: +SUB [/image/compressedDepth/parameter_descriptions] /rqt_reconfigure http://ubuntu:41909/
[rosmaster.master][INFO] 2017-09-26 18:50:18,049: +SUB [/camera/image_raw/theora/parameter_descriptions] /rqt_reconfigure http://ubuntu:41909/
[rosmaster.master][INFO] 2017-09-26 18:50:18,063: +SUB [/image/compressed/parameter_descriptions] /rqt_reconfigure http://ubuntu:41909/
[rosmaster.master][INFO] 2017-09-26 18:50:18,097: +SUB [/camera/image_raw/compressed/parameter_updates] /rqt_reconfigure http://ubuntu:41909/
[rosmaster.master][INFO] 2017-09-26 18:50:18,120: +SUB [/image/marked/theora/parameter_descriptions] /rqt_reconfigure http://ubuntu:41909/
[rosmaster.master][INFO] 2017-09-26 18:50:18,131: +SUB [/image/marked/compressed/parameter_descriptions] /rqt_reconfigure http://ubuntu:41909/
[rosmaster.master][INFO] 2017-09-26 18:50:18,160: +SUB [/image/marked/compressed/parameter_updates] /rqt_reconfigure http://ubuntu:41909/
[rosmaster.master][INFO] 2017-09-26 18:50:18,172: +SUB [/image/theora/parameter_descriptions] /rqt_reconfigure http://ubuntu:41909/
[rosmaster.master][INFO] 2017-09-26 18:50:18,212: +SUB [/image/compressedDepth/parameter_updates] /rqt_reconfigure http://ubuntu:41909/
[rosmaster.master][INFO] 2017-09-26 18:50:18,227: +SUB [/camera/image_raw/theora/parameter_updates] /rqt_reconfigure http://ubuntu:41909/
[rosmaster.master][INFO] 2017-09-26 18:50:18,252: +SUB [/image/compressed/parameter_updates] /rqt_reconfigure http://ubuntu:41909/
[rosmaster.master][INFO] 2017-09-26 18:50:18,297: +SUB [/image_marked/compressed/parameter_descriptions] /rqt_reconfigure http://ubuntu:41909/
[rosmaster.master][INFO] 2017-09-26 18:50:18,317: +SUB [/image_marked/compressed/parameter_updates] /rqt_reconfigure http://ubuntu:41909/
[rosmaster.master][INFO] 2017-09-26 18:50:18,352: +SUB [/image_marked/compressedDepth/parameter_descriptions] /rqt_reconfigure http://ubuntu:41909/
[rosmaster.master][INFO] 2017-09-26 18:50:18,371: +SUB [/image_marked/compressedDepth/parameter_updates] /rqt_reconfigure http://ubuntu:41909/
[rosmaster.master][INFO] 2017-09-26 18:50:18,388: +SUB [/view/parameter_descriptions] /rqt_reconfigure http://ubuntu:41909/
[rosmaster.master][INFO] 2017-09-26 18:50:18,414: +SUB [/view/parameter_updates] /rqt_reconfigure http://ubuntu:41909/
[rosmaster.master][INFO] 2017-09-26 18:50:18,435: +SUB [/image/theora/parameter_updates] /rqt_reconfigure http://ubuntu:41909/
[rosmaster.master][INFO] 2017-09-26 18:50:18,451: +SUB [/image/marked/theora/parameter_updates] /rqt_reconfigure http://ubuntu:41909/
[rosmaster.master][INFO] 2017-09-26 18:50:18,477: +SUB [/image_marked/theora/parameter_descriptions] /rqt_reconfigure http://ubuntu:41909/
[rosmaster.master][INFO] 2017-09-26 18:50:18,516: +SUB [/image/marked/compressedDepth/parameter_descriptions] /rqt_reconfigure http://ubuntu:41909/
[rosmaster.master][INFO] 2017-09-26 18:50:18,529: +SUB [/image/marked/compressedDepth/parameter_updates] /rqt_reconfigure http://ubuntu:41909/
[rosmaster.master][INFO] 2017-09-26 18:50:18,547: +SUB [/image_marked/theora/parameter_updates] /rqt_reconfigure http://ubuntu:41909/
[rosmaster.master][INFO] 2017-09-26 18:50:37,249: -SUB [/image/compressed/parameter_descriptions] /rqt_reconfigure http://ubuntu:41909/
[rosmaster.master][INFO] 2017-09-26 18:50:37,251: -SUB [/image/compressed/parameter_updates] /rqt_reconfigure http://ubuntu:41909/
[rosmaster.master][INFO] 2017-09-26 18:50:40,736: +SUB [/image/compressed/parameter_descriptions] /rqt_reconfigure http://ubuntu:41909/
[rosmaster.master][INFO] 2017-09-26 18:50:40,750: +SUB [/image/compressed/parameter_updates] /rqt_reconfigure http://ubuntu:41909/
[rosmaster.master][INFO] 2017-09-26 18:50:41,606: -SUB [/camera/image_raw/compressed/parameter_descriptions] /rqt_reconfigure http://ubuntu:41909/
[rosmaster.master][INFO] 2017-09-26 18:50:41,610: -SUB [/camera/image_raw/compressed/parameter_updates] /rqt_reconfigure http://ubuntu:41909/
[rosmaster.master][INFO] 2017-09-26 18:50:42,096: -SUB [/camera/image_raw/compressedDepth/parameter_descriptions] /rqt_reconfigure http://ubuntu:41909/
[rosmaster.master][INFO] 2017-09-26 18:50:42,122: -SUB [/camera/image_raw/compressedDepth/parameter_updates] /rqt_reconfigure http://ubuntu:41909/
[rosmaster.master][INFO] 2017-09-26 18:50:42,658: -SUB [/camera/image_raw/theora/parameter_descriptions] /rqt_reconfigure http://ubuntu:41909/
[rosmaster.master][INFO] 2017-09-26 18:50:42,689: -SUB [/camera/image_raw/theora/parameter_updates] /rqt_reconfigure http://ubuntu:41909/
[rosmaster.master][INFO] 2017-09-26 18:50:43,292: -SUB [/image/compressed/parameter_descriptions] /rqt_reconfigure http://ubuntu:41909/
[rosmaster.master][INFO] 2017-09-26 18:50:43,304: -SUB [/image/compressed/parameter_updates] /rqt_reconfigure http://ubuntu:41909/
[rosmaster.master][INFO] 2017-09-26 18:50:44,377: -SUB [/image/compressedDepth/parameter_descriptions] /rqt_reconfigure http://ubuntu:41909/
[rosmaster.master][INFO] 2017-09-26 18:50:44,388: -SUB [/image/compressedDepth/parameter_updates] /rqt_reconfigure http://ubuntu:41909/
[rosmaster.master][INFO] 2017-09-26 18:50:47,750: -SUB [/image/marked/compressedDepth/parameter_descriptions] /rqt_reconfigure http://ubuntu:41909/
[rosmaster.master][INFO] 2017-09-26 18:50:47,774: -SUB [/image/marked/compressedDepth/parameter_updates] /rqt_reconfigure http://ubuntu:41909/
[rosmaster.master][INFO] 2017-09-26 18:50:48,837: -SUB [/image/marked/compressed/parameter_descriptions] /rqt_reconfigure http://ubuntu:41909/
[rosmaster.master][INFO] 2017-09-26 18:50:48,849: -SUB [/image/marked/compressed/parameter_updates] /rqt_reconfigure http://ubuntu:41909/
[rosmaster.master][INFO] 2017-09-26 18:50:50,574: -SUB [/image/marked/theora/parameter_descriptions] /rqt_reconfigure http://ubuntu:41909/
[rosmaster.master][INFO] 2017-09-26 18:50:50,588: -SUB [/image/marked/theora/parameter_updates] /rqt_reconfigure http://ubuntu:41909/
[rosmaster.master][INFO] 2017-09-26 18:50:51,040: +SUB [/image/marked/theora/parameter_descriptions] /rqt_reconfigure http://ubuntu:41909/
[rosmaster.master][INFO] 2017-09-26 18:50:51,055: +SUB [/image/marked/theora/parameter_updates] /rqt_reconfigure http://ubuntu:41909/
[rosmaster.master][INFO] 2017-09-26 18:50:52,755: -SUB [/image/marked/theora/parameter_descriptions] /rqt_reconfigure http://ubuntu:41909/
[rosmaster.master][INFO] 2017-09-26 18:50:52,762: -SUB [/image/marked/theora/parameter_updates] /rqt_reconfigure http://ubuntu:41909/
[rosmaster.master][INFO] 2017-09-26 18:50:54,703: -SUB [/image/theora/parameter_descriptions] /rqt_reconfigure http://ubuntu:41909/
[rosmaster.master][INFO] 2017-09-26 18:50:54,730: -SUB [/image/theora/parameter_updates] /rqt_reconfigure http://ubuntu:41909/
[rosmaster.master][INFO] 2017-09-26 18:50:56,738: -SUB [/image_marked/compressed/parameter_descriptions] /rqt_reconfigure http://ubuntu:41909/
[rosmaster.master][INFO] 2017-09-26 18:50:56,742: -SUB [/image_marked/compressed/parameter_updates] /rqt_reconfigure http://ubuntu:41909/
[rosmaster.master][INFO] 2017-09-26 18:50:58,147: -SUB [/image_marked/compressedDepth/parameter_descriptions] /rqt_reconfigure http://ubuntu:41909/
[rosmaster.master][INFO] 2017-09-26 18:50:58,165: -SUB [/image_marked/compressedDepth/parameter_updates] /rqt_reconfigure http://ubuntu:41909/
[rosmaster.master][INFO] 2017-09-26 18:51:00,060: -SUB [/image_marked/theora/parameter_descriptions] /rqt_reconfigure http://ubuntu:41909/
[rosmaster.master][INFO] 2017-09-26 18:51:00,066: -SUB [/image_marked/theora/parameter_updates] /rqt_reconfigure http://ubuntu:41909/
[rosmaster.master][INFO] 2017-09-26 18:51:40,900: -PUB [/rosout] /camera http://ubuntu:42595/
[rosmaster.master][INFO] 2017-09-26 18:51:40,901: -PUB [/camera/image_raw/compressedDepth] /camera http://ubuntu:42595/
[rosmaster.master][INFO] 2017-09-26 18:51:40,905: -PUB [/camera/image_raw/compressedDepth/parameter_descriptions] /camera http://ubuntu:42595/
[rosmaster.master][INFO] 2017-09-26 18:51:40,905: -PUB [/camera/image_raw/compressedDepth/parameter_updates] /camera http://ubuntu:42595/
[rosmaster.master][INFO] 2017-09-26 18:51:40,907: -PUB [/camera/image_raw/compressed] /camera http://ubuntu:42595/
[rosmaster.master][INFO] 2017-09-26 18:51:40,911: -PUB [/camera/image_raw/compressed/parameter_descriptions] /camera http://ubuntu:42595/
[rosmaster.master][INFO] 2017-09-26 18:51:40,916: -PUB [/camera/image_raw/compressed/parameter_updates] /camera http://ubuntu:42595/
[rosmaster.master][INFO] 2017-09-26 18:51:40,919: -PUB [/camera/image_raw] /camera http://ubuntu:42595/
[rosmaster.master][INFO] 2017-09-26 18:51:40,921: -PUB [/camera/image_raw/theora] /camera http://ubuntu:42595/
[rosmaster.master][INFO] 2017-09-26 18:51:40,926: -PUB [/camera/image_raw/theora/parameter_descriptions] /camera http://ubuntu:42595/
[rosmaster.master][INFO] 2017-09-26 18:51:40,935: -PUB [/camera/image_raw/theora/parameter_updates] /camera http://ubuntu:42595/
[rosmaster.master][INFO] 2017-09-26 18:51:40,936: -PUB [/camera/camera_info] /camera http://ubuntu:42595/
[rosmaster.master][INFO] 2017-09-26 18:51:40,939: -PUB [/rosout] /view http://ubuntu:39447/
[rosmaster.master][INFO] 2017-09-26 18:51:40,939: -SERVICE [/camera/get_loggers] /camera rosrpc://ubuntu:47566
[rosmaster.master][INFO] 2017-09-26 18:51:40,952: -SERVICE [/camera/set_logger_level] /camera rosrpc://ubuntu:47566
[rosmaster.master][INFO] 2017-09-26 18:51:40,960: publisherUpdate[/rosout] -> http://ubuntu:35768/ ['http://ubuntu:33075/', 'http://ubuntu:39447/', 'http://ubuntu:41909/']
[rosmaster.master][INFO] 2017-09-26 18:51:40,962: publisherUpdate[/camera/image_raw] -> http://ubuntu:33075/ []
[rosmaster.master][INFO] 2017-09-26 18:51:40,963: publisherUpdate[/rosout] -> http://ubuntu:35768/ ['http://ubuntu:33075/', 'http://ubuntu:39447/', 'http://ubuntu:41909/']: sec=0.00, result=[1, '', 0]
[rosmaster.master][INFO] 2017-09-26 18:51:40,967: publisherUpdate[/rosout] -> http://ubuntu:35768/ ['http://ubuntu:33075/', 'http://ubuntu:41909/']
[rosmaster.master][INFO] 2017-09-26 18:51:40,980: publisherUpdate[/camera/image_raw] -> http://ubuntu:33075/ []: sec=0.02, result=[0, 'Unknown Error', 0]
[rosmaster.master][INFO] 2017-09-26 18:51:40,981: publisherUpdate[/rosout] -> http://ubuntu:35768/ ['http://ubuntu:33075/', 'http://ubuntu:41909/']: sec=0.01, result=[1, '', 0]
[rosmaster.master][INFO] 2017-09-26 18:51:40,958: -PUB [/image/screenpoint] /view http://ubuntu:39447/
[rosmaster.master][INFO] 2017-09-26 18:51:40,985: -PUB [/rosout] /mask_orange http://ubuntu:33075/
[rosmaster.master][INFO] 2017-09-26 18:51:40,989: -SERVICE [/camera/set_camera_info] /camera rosrpc://ubuntu:47566
[rosmaster.master][INFO] 2017-09-26 18:51:40,989: -PUB [/image/screenpoint_array] /view http://ubuntu:39447/
[rosmaster.master][INFO] 2017-09-26 18:51:40,990: -SERVICE [/camera/image_raw/compressedDepth/set_parameters] /camera rosrpc://ubuntu:47566
[rosmaster.master][INFO] 2017-09-26 18:51:41,000: -PUB [/image/compressedDepth] /mask_orange http://ubuntu:33075/
[rosmaster.master][INFO] 2017-09-26 18:51:41,000: -PUB [/image/screenrectangle] /view http://ubuntu:39447/
[rosmaster.master][INFO] 2017-09-26 18:51:41,006: -SERVICE [/camera/image_raw/compressed/set_parameters] /camera rosrpc://ubuntu:47566
[rosmaster.master][INFO] 2017-09-26 18:51:41,010: -PUB [/image/screenrectangle_image] /view http://ubuntu:39447/
[rosmaster.master][INFO] 2017-09-26 18:51:41,011: -SERVICE [/camera/image_raw/theora/set_parameters] /camera rosrpc://ubuntu:47566
[rosmaster.master][INFO] 2017-09-26 18:51:41,018: -PUB [/image/compressedDepth/parameter_descriptions] /mask_orange http://ubuntu:33075/
[rosmaster.master][INFO] 2017-09-26 18:51:41,021: -PUB [/image/movepoint] /view http://ubuntu:39447/
[rosmaster.master][INFO] 2017-09-26 18:51:41,035: -PUB [/image/compressedDepth/parameter_updates] /mask_orange http://ubuntu:33075/
[rosmaster.master][INFO] 2017-09-26 18:51:41,037: -PUB [/image/foreground] /view http://ubuntu:39447/
[rosmaster.master][INFO] 2017-09-26 18:51:41,047: -PUB [/image/background] /view http://ubuntu:39447/
[rosmaster.master][INFO] 2017-09-26 18:51:41,050: -PUB [/image/foreground_rect] /view http://ubuntu:39447/
[rosmaster.master][INFO] 2017-09-26 18:51:41,051: -PUB [/image/compressed] /mask_orange http://ubuntu:33075/
[rosmaster.master][INFO] 2017-09-26 18:51:41,053: -PUB [/image/compressed/parameter_descriptions] /mask_orange http://ubuntu:33075/
[rosmaster.master][INFO] 2017-09-26 18:51:41,056: -PUB [/image/background_rect] /view http://ubuntu:39447/
[rosmaster.master][INFO] 2017-09-26 18:51:41,059: -PUB [/image/compressed/parameter_updates] /mask_orange http://ubuntu:33075/
[rosmaster.master][INFO] 2017-09-26 18:51:41,063: publisherUpdate[/rosout] -> http://ubuntu:35768/ ['http://ubuntu:41909/']
[rosmaster.master][INFO] 2017-09-26 18:51:41,063: publisherUpdate[/rosout] -> http://ubuntu:35768/ ['http://ubuntu:41909/']: sec=0.00, result=[1, '', 0]
[rosmaster.master][INFO] 2017-09-26 18:51:41,064: -PUB [/image/line] /view http://ubuntu:39447/
[rosmaster.master][INFO] 2017-09-26 18:51:41,071: -PUB [/image/poly] /view http://ubuntu:39447/
[rosmaster.master][INFO] 2017-09-26 18:51:41,072: -PUB [/image] /mask_orange http://ubuntu:33075/
[rosmaster.master][INFO] 2017-09-26 18:51:41,073: -PUB [/image_marked/compressedDepth] /view http://ubuntu:39447/
[rosmaster.master][INFO] 2017-09-26 18:51:41,080: -PUB [/image_marked/compressedDepth/parameter_descriptions] /view http://ubuntu:39447/
[rosmaster.master][INFO] 2017-09-26 18:51:41,083: publisherUpdate[/image] -> http://ubuntu:39447/ []
[rosmaster.master][INFO] 2017-09-26 18:51:41,086: -PUB [/image/theora] /mask_orange http://ubuntu:33075/
[rosmaster.master][INFO] 2017-09-26 18:51:41,090: publisherUpdate[/image] -> http://ubuntu:39447/ []: sec=0.01, exception=<Fault -1: 'publisherUpdate: unknown method name'>
[rosmaster.threadpool][ERROR] 2017-09-26 18:51:41,102: Traceback (most recent call last):
  File "/opt/ros/kinetic/lib/python2.7/dist-packages/rosmaster/threadpool.py", line 218, in run
    result = cmd(*args)
  File "/opt/ros/kinetic/lib/python2.7/dist-packages/rosmaster/master_api.py", line 210, in publisher_update_task
    ret = xmlrpcapi(api).publisherUpdate('/master', topic, pub_uris)
  File "/usr/lib/python2.7/xmlrpclib.py", line 1243, in __call__
    return self.__send(self.__name, args)
  File "/usr/lib/python2.7/xmlrpclib.py", line 1602, in __request
    verbose=self.__verbose
  File "/usr/lib/python2.7/xmlrpclib.py", line 1283, in request
    return self.single_request(host, handler, request_body, verbose)
  File "/usr/lib/python2.7/xmlrpclib.py", line 1316, in single_request
    return self.parse_response(response)
  File "/usr/lib/python2.7/xmlrpclib.py", line 1493, in parse_response
    return u.close()
  File "/usr/lib/python2.7/xmlrpclib.py", line 800, in close
    raise Fault(**self._stack[0])
Fault: <Fault -1: 'publisherUpdate: unknown method name'>

[rosmaster.master][INFO] 2017-09-26 18:51:41,102: -PUB [/image_marked/compressedDepth/parameter_updates] /view http://ubuntu:39447/
[rosmaster.master][INFO] 2017-09-26 18:51:41,111: -PUB [/image/theora/parameter_descriptions] /mask_orange http://ubuntu:33075/
[rosmaster.master][INFO] 2017-09-26 18:51:41,117: -PUB [/image_marked/compressed] /view http://ubuntu:39447/
[rosmaster.master][INFO] 2017-09-26 18:51:41,120: -PUB [/image_marked/compressed/parameter_descriptions] /view http://ubuntu:39447/
[rosmaster.master][INFO] 2017-09-26 18:51:41,122: -PUB [/image_marked/compressed/parameter_updates] /view http://ubuntu:39447/
[rosmaster.master][INFO] 2017-09-26 18:51:41,127: -PUB [/image_marked] /view http://ubuntu:39447/
[rosmaster.master][INFO] 2017-09-26 18:51:41,131: -PUB [/image/theora/parameter_updates] /mask_orange http://ubuntu:33075/
[rosmaster.master][INFO] 2017-09-26 18:51:41,135: -PUB [/image_marked/theora] /view http://ubuntu:39447/
[rosmaster.master][INFO] 2017-09-26 18:51:41,137: -SUB [/camera/image_raw] /mask_orange http://ubuntu:33075/
[rosmaster.master][INFO] 2017-09-26 18:51:41,144: -SERVICE [/mask_orange/get_loggers] /mask_orange rosrpc://ubuntu:42191
[rosmaster.master][INFO] 2017-09-26 18:51:41,156: -PUB [/image_marked/theora/parameter_descriptions] /view http://ubuntu:39447/
[rosmaster.master][INFO] 2017-09-26 18:51:41,157: -SERVICE [/mask_orange/set_logger_level] /mask_orange rosrpc://ubuntu:42191
[rosmaster.master][INFO] 2017-09-26 18:51:41,162: -PUB [/image_marked/theora/parameter_updates] /view http://ubuntu:39447/
[rosmaster.master][INFO] 2017-09-26 18:51:41,171: -SERVICE [/image/compressedDepth/set_parameters] /mask_orange rosrpc://ubuntu:42191
[rosmaster.master][INFO] 2017-09-26 18:51:41,172: -PUB [/image/marked/compressedDepth] /view http://ubuntu:39447/
[rosmaster.master][INFO] 2017-09-26 18:51:41,177: -PUB [/image/marked/compressedDepth/parameter_descriptions] /view http://ubuntu:39447/
[rosmaster.master][INFO] 2017-09-26 18:51:41,179: -SERVICE [/image/compressed/set_parameters] /mask_orange rosrpc://ubuntu:42191
[rosmaster.master][INFO] 2017-09-26 18:51:41,186: -PUB [/image/marked/compressedDepth/parameter_updates] /view http://ubuntu:39447/
[rosmaster.master][INFO] 2017-09-26 18:51:41,187: -SERVICE [/image/theora/set_parameters] /mask_orange rosrpc://ubuntu:42191
[rosmaster.master][INFO] 2017-09-26 18:51:41,189: -PUB [/image/marked/compressed] /view http://ubuntu:39447/
[rosmaster.master][INFO] 2017-09-26 18:51:41,192: -PUB [/image/marked/compressed/parameter_descriptions] /view http://ubuntu:39447/
[rosmaster.master][INFO] 2017-09-26 18:51:41,198: -PUB [/image/marked/compressed/parameter_updates] /view http://ubuntu:39447/
[rosmaster.master][INFO] 2017-09-26 18:51:41,205: -PUB [/image/marked] /view http://ubuntu:39447/
[rosmaster.master][INFO] 2017-09-26 18:51:41,212: -PUB [/image/marked/theora] /view http://ubuntu:39447/
[rosmaster.master][INFO] 2017-09-26 18:51:41,215: -PUB [/image/marked/theora/parameter_descriptions] /view http://ubuntu:39447/
[rosmaster.master][INFO] 2017-09-26 18:51:41,220: -PUB [/image/marked/theora/parameter_updates] /view http://ubuntu:39447/
[rosmaster.master][INFO] 2017-09-26 18:51:41,221: -PUB [/view/parameter_descriptions] /view http://ubuntu:39447/
[rosmaster.master][INFO] 2017-09-26 18:51:41,222: -PUB [/view/parameter_updates] /view http://ubuntu:39447/
[rosmaster.master][INFO] 2017-09-26 18:51:41,223: -SUB [/tf] /view http://ubuntu:39447/
[rosmaster.master][INFO] 2017-09-26 18:51:41,226: -SUB [/tf_static] /view http://ubuntu:39447/
[rosmaster.master][INFO] 2017-09-26 18:51:41,230: -SUB [/image] /view http://ubuntu:39447/
[rosmaster.master][INFO] 2017-09-26 18:51:41,231: -SUB [/camera_info] /view http://ubuntu:39447/
[rosmaster.master][INFO] 2017-09-26 18:51:41,232: -SUB [/image_marker] /view http://ubuntu:39447/
[rosmaster.master][INFO] 2017-09-26 18:51:41,234: -SUB [/image/event] /view http://ubuntu:39447/
[rosmaster.master][INFO] 2017-09-26 18:51:41,235: -SERVICE [/view/get_loggers] /view rosrpc://ubuntu:53639
[rosmaster.master][INFO] 2017-09-26 18:51:41,236: -SERVICE [/view/set_logger_level] /view rosrpc://ubuntu:53639
[rosmaster.master][INFO] 2017-09-26 18:51:41,237: -SERVICE [/image_marked/compressedDepth/set_parameters] /view rosrpc://ubuntu:53639
[rosmaster.master][INFO] 2017-09-26 18:51:41,239: -SERVICE [/image_marked/compressed/set_parameters] /view rosrpc://ubuntu:53639
[rosmaster.master][INFO] 2017-09-26 18:51:41,246: -SERVICE [/image_marked/theora/set_parameters] /view rosrpc://ubuntu:53639
[rosmaster.master][INFO] 2017-09-26 18:51:41,247: -SERVICE [/image/marked/compressedDepth/set_parameters] /view rosrpc://ubuntu:53639
[rosmaster.master][INFO] 2017-09-26 18:51:41,250: -SERVICE [/image/marked/compressed/set_parameters] /view rosrpc://ubuntu:53639
[rosmaster.master][INFO] 2017-09-26 18:51:41,253: -SERVICE [/image/marked/theora/set_parameters] /view rosrpc://ubuntu:53639
[rosmaster.master][INFO] 2017-09-26 18:51:41,255: -SERVICE [/view/change_mode] /view rosrpc://ubuntu:53639
[rosmaster.master][INFO] 2017-09-26 18:51:41,263: -SERVICE [/view/rectangle_mode] /view rosrpc://ubuntu:53639
[rosmaster.master][INFO] 2017-09-26 18:51:41,269: -SERVICE [/view/grabcut_mode] /view rosrpc://ubuntu:53639
[rosmaster.master][INFO] 2017-09-26 18:51:41,271: -SERVICE [/view/grabcut_rect_mode] /view rosrpc://ubuntu:53639
[rosmaster.master][INFO] 2017-09-26 18:51:41,272: publisherUpdate[/view/parameter_descriptions] -> http://ubuntu:41909/ []
[rosmaster.master][INFO] 2017-09-26 18:51:41,282: -SERVICE [/view/line_mode] /view rosrpc://ubuntu:53639
[rosmaster.master][INFO] 2017-09-26 18:51:41,290: -SERVICE [/view/poly_mode] /view rosrpc://ubuntu:53639
[rosmaster.master][INFO] 2017-09-26 18:51:41,298: -SERVICE [/view/none_mode] /view rosrpc://ubuntu:53639
[rosmaster.master][INFO] 2017-09-26 18:51:41,305: publisherUpdate[/view/parameter_descriptions] -> http://ubuntu:41909/ []: sec=0.03, result=[1, '', 0]
[rosmaster.master][INFO] 2017-09-26 18:51:41,305: publisherUpdate[/view/parameter_updates] -> http://ubuntu:41909/ []
[rosmaster.master][INFO] 2017-09-26 18:51:41,326: publisherUpdate[/view/parameter_updates] -> http://ubuntu:41909/ []: sec=0.02, result=[1, '', 0]
[rosmaster.master][INFO] 2017-09-26 18:51:41,332: -SERVICE [/view/set_parameters] /view rosrpc://ubuntu:53639
[rosmaster.master][INFO] 2017-09-26 18:51:41,353: -SUB [/view/parameter_descriptions] /rqt_reconfigure http://ubuntu:41909/
[rosmaster.master][INFO] 2017-09-26 18:51:41,355: -SUB [/view/parameter_updates] /rqt_reconfigure http://ubuntu:41909/
[rosmaster.master][INFO] 2017-09-26 18:51:41,411: -PUB [/rosout] /rqt_reconfigure http://ubuntu:41909/
[rosmaster.master][INFO] 2017-09-26 18:51:41,411: -SERVICE [/rqt_reconfigure/set_logger_level] /rqt_reconfigure rosrpc://ubuntu:37184
[rosmaster.master][INFO] 2017-09-26 18:51:41,412: -SERVICE [/rqt_reconfigure/get_loggers] /rqt_reconfigure rosrpc://ubuntu:37184
[rosmaster.master][INFO] 2017-09-26 18:51:41,427: publisherUpdate[/rosout] -> http://ubuntu:35768/ []
[rosmaster.master][INFO] 2017-09-26 18:51:41,428: publisherUpdate[/rosout] -> http://ubuntu:35768/ []: sec=0.00, result=[1, '', 0]
[rosmaster.master][INFO] 2017-09-26 18:51:41,931: -PUB [/rosout_agg] /rosout http://ubuntu:35768/
[rosmaster.master][INFO] 2017-09-26 18:51:41,932: -SUB [/rosout] /rosout http://ubuntu:35768/
[rosmaster.master][INFO] 2017-09-26 18:51:41,933: -SERVICE [/rosout/get_loggers] /rosout rosrpc://ubuntu:36579
[rosmaster.master][INFO] 2017-09-26 18:51:41,935: -SERVICE [/rosout/set_logger_level] /rosout rosrpc://ubuntu:36579
[rosmaster.main][INFO] 2017-09-26 18:51:41,968: keyboard interrupt, will exit
[rosmaster.main][INFO] 2017-09-26 18:51:41,968: stopping master...
[rospy.core][INFO] 2017-09-26 18:51:41,968: signal_shutdown [atexit]
