[rosmaster.main][INFO] 2017-09-20 17:54:36,557: initialization complete, waiting for shutdown
[rosmaster.main][INFO] 2017-09-20 17:54:36,557: Starting ROS Master Node
[xmlrpc][INFO] 2017-09-20 17:54:36,558: XML-RPC server binding to 0.0.0.0:11311
[xmlrpc][INFO] 2017-09-20 17:54:36,558: Started XML-RPC server [http://ubuntu:11311/]
[rosmaster.master][INFO] 2017-09-20 17:54:36,558: Master initialized: port[11311], uri[http://ubuntu:11311/]
[xmlrpc][INFO] 2017-09-20 17:54:36,558: xml rpc node: starting XML-RPC server
[rosmaster.master][INFO] 2017-09-20 17:54:36,622: +PARAM [/run_id] by /roslaunch
[rosmaster.master][INFO] 2017-09-20 17:54:36,625: +PARAM [/roslaunch/uris/host_ubuntu__38567] by /roslaunch
[rosmaster.master][INFO] 2017-09-20 17:54:36,694: +PARAM [/rosversion] by /roslaunch
[rosmaster.master][INFO] 2017-09-20 17:54:36,694: +PARAM [/rosdistro] by /roslaunch
[rosmaster.master][INFO] 2017-09-20 17:54:36,694: +PARAM [/camera/device_id] by /roslaunch
[rosmaster.master][INFO] 2017-09-20 17:54:36,729: +SERVICE [/rosout/get_loggers] /rosout http://ubuntu:42079/
[rosmaster.master][INFO] 2017-09-20 17:54:36,730: +SERVICE [/rosout/set_logger_level] /rosout http://ubuntu:42079/
[rosmaster.master][INFO] 2017-09-20 17:54:36,740: +PUB [/rosout_agg] /rosout http://ubuntu:42079/
[rosmaster.master][INFO] 2017-09-20 17:54:36,754: +SUB [/rosout] /rosout http://ubuntu:42079/
[rosmaster.master][INFO] 2017-09-20 17:54:36,866: +PUB [/rosout] /image_converter http://ubuntu:39644/
[rosmaster.master][INFO] 2017-09-20 17:54:36,868: +SERVICE [/image_converter/get_loggers] /image_converter http://ubuntu:39644/
[rosmaster.master][INFO] 2017-09-20 17:54:36,870: +SERVICE [/image_converter/set_logger_level] /image_converter http://ubuntu:39644/
[rosmaster.master][INFO] 2017-09-20 17:54:36,942: +PUB [/rosout] /camera http://ubuntu:41318/
[rosmaster.master][INFO] 2017-09-20 17:54:36,943: +SERVICE [/camera/get_loggers] /camera http://ubuntu:41318/
[rosmaster.master][INFO] 2017-09-20 17:54:36,944: +SERVICE [/camera/set_logger_level] /camera http://ubuntu:41318/
[rosmaster.master][INFO] 2017-09-20 17:54:36,961: +PUB [/rosout] /view http://ubuntu:39270/
[rosmaster.master][INFO] 2017-09-20 17:54:36,961: publisherUpdate[/rosout] -> http://ubuntu:42079/ ['http://ubuntu:39644/']
[rosmaster.master][INFO] 2017-09-20 17:54:36,965: publisherUpdate[/rosout] -> http://ubuntu:42079/ ['http://ubuntu:39644/']: sec=0.00, result=[1, '', 0]
[rosmaster.master][INFO] 2017-09-20 17:54:36,965: publisherUpdate[/rosout] -> http://ubuntu:42079/ ['http://ubuntu:39644/', 'http://ubuntu:41318/']
[rosmaster.master][INFO] 2017-09-20 17:54:36,969: publisherUpdate[/rosout] -> http://ubuntu:42079/ ['http://ubuntu:39644/', 'http://ubuntu:41318/']: sec=0.00, result=[1, '', 0]
[rosmaster.master][INFO] 2017-09-20 17:54:36,969: publisherUpdate[/rosout] -> http://ubuntu:42079/ ['http://ubuntu:39644/', 'http://ubuntu:41318/', 'http://ubuntu:39270/']
[rosmaster.master][INFO] 2017-09-20 17:54:36,969: publisherUpdate[/rosout] -> http://ubuntu:42079/ ['http://ubuntu:39644/', 'http://ubuntu:41318/', 'http://ubuntu:39270/']: sec=0.00, result=[1, '', 0]
[rosmaster.master][INFO] 2017-09-20 17:54:36,970: +SERVICE [/view/get_loggers] /view http://ubuntu:39270/
[rosmaster.master][INFO] 2017-09-20 17:54:36,973: +SERVICE [/view/set_logger_level] /view http://ubuntu:39270/
[rosmaster.master][INFO] 2017-09-20 17:54:36,985: +SUB [/tf] /view http://ubuntu:39270/
[rosmaster.master][INFO] 2017-09-20 17:54:36,993: +SUB [/tf_static] /view http://ubuntu:39270/
[rosmaster.master][INFO] 2017-09-20 17:54:37,021: +SERVICE [/camera/set_camera_info] /camera http://ubuntu:41318/
[rosmaster.master][INFO] 2017-09-20 17:54:37,029: +SUB [/camera/image_raw] /image_converter http://ubuntu:39644/
[rosmaster.master][INFO] 2017-09-20 17:54:37,045: +PUB [/image/screenpoint] /view http://ubuntu:39270/
[rosmaster.master][INFO] 2017-09-20 17:54:37,046: +PUB [/image/screenpoint_array] /view http://ubuntu:39270/
[rosmaster.master][INFO] 2017-09-20 17:54:37,046: +PUB [/image/screenrectangle] /view http://ubuntu:39270/
[rosmaster.master][INFO] 2017-09-20 17:54:37,047: +PUB [/image/screenrectangle_image] /view http://ubuntu:39270/
[rosmaster.master][INFO] 2017-09-20 17:54:37,049: +PUB [/image/movepoint] /view http://ubuntu:39270/
[rosmaster.master][INFO] 2017-09-20 17:54:37,050: +PUB [/image/foreground] /view http://ubuntu:39270/
[rosmaster.master][INFO] 2017-09-20 17:54:37,050: +PUB [/image/background] /view http://ubuntu:39270/
[rosmaster.master][INFO] 2017-09-20 17:54:37,051: +PUB [/image/foreground_rect] /view http://ubuntu:39270/
[rosmaster.master][INFO] 2017-09-20 17:54:37,051: +PUB [/image/background_rect] /view http://ubuntu:39270/
[rosmaster.master][INFO] 2017-09-20 17:54:37,053: +PUB [/image/line] /view http://ubuntu:39270/
[rosmaster.master][INFO] 2017-09-20 17:54:37,057: +PUB [/image/poly] /view http://ubuntu:39270/
[rosmaster.master][INFO] 2017-09-20 17:54:37,095: +PUB [/image/compressedDepth] /image_converter http://ubuntu:39644/
[rosmaster.master][INFO] 2017-09-20 17:54:37,096: +SERVICE [/image/compressedDepth/set_parameters] /image_converter http://ubuntu:39644/
[rosmaster.master][INFO] 2017-09-20 17:54:37,097: +PUB [/image/compressedDepth/parameter_descriptions] /image_converter http://ubuntu:39644/
[rosmaster.master][INFO] 2017-09-20 17:54:37,097: +PUB [/image/compressedDepth/parameter_updates] /image_converter http://ubuntu:39644/
[rosmaster.master][INFO] 2017-09-20 17:54:37,102: +PARAM [/image/compressedDepth/depth_max] by /image_converter
[rosmaster.master][INFO] 2017-09-20 17:54:37,103: +PARAM [/image/compressedDepth/depth_quantization] by /image_converter
[rosmaster.master][INFO] 2017-09-20 17:54:37,105: +PARAM [/image/compressedDepth/png_level] by /image_converter
[rosmaster.master][INFO] 2017-09-20 17:54:37,106: +PARAM [/image/compressedDepth/depth_max] by /image_converter
[rosmaster.master][INFO] 2017-09-20 17:54:37,109: +PARAM [/image/compressedDepth/depth_quantization] by /image_converter
[rosmaster.master][INFO] 2017-09-20 17:54:37,110: +PARAM [/image/compressedDepth/png_level] by /image_converter
[rosmaster.master][INFO] 2017-09-20 17:54:37,129: +PUB [/image_marked/compressedDepth] /view http://ubuntu:39270/
[rosmaster.master][INFO] 2017-09-20 17:54:37,130: +SERVICE [/image_marked/compressedDepth/set_parameters] /view http://ubuntu:39270/
[rosmaster.master][INFO] 2017-09-20 17:54:37,131: +PUB [/image_marked/compressedDepth/parameter_descriptions] /view http://ubuntu:39270/
[rosmaster.master][INFO] 2017-09-20 17:54:37,132: +PUB [/image_marked/compressedDepth/parameter_updates] /view http://ubuntu:39270/
[rosmaster.master][INFO] 2017-09-20 17:54:37,134: +PARAM [/image_marked/compressedDepth/depth_max] by /view
[rosmaster.master][INFO] 2017-09-20 17:54:37,135: +PARAM [/image_marked/compressedDepth/depth_quantization] by /view
[rosmaster.master][INFO] 2017-09-20 17:54:37,136: +PARAM [/image_marked/compressedDepth/png_level] by /view
[rosmaster.master][INFO] 2017-09-20 17:54:37,137: +PARAM [/image_marked/compressedDepth/depth_max] by /view
[rosmaster.master][INFO] 2017-09-20 17:54:37,138: +PARAM [/image_marked/compressedDepth/depth_quantization] by /view
[rosmaster.master][INFO] 2017-09-20 17:54:37,139: +PARAM [/image_marked/compressedDepth/png_level] by /view
[rosmaster.master][INFO] 2017-09-20 17:54:37,170: +PUB [/image/compressed] /image_converter http://ubuntu:39644/
[rosmaster.master][INFO] 2017-09-20 17:54:37,170: +SERVICE [/image/compressed/set_parameters] /image_converter http://ubuntu:39644/
[rosmaster.master][INFO] 2017-09-20 17:54:37,171: +PUB [/image/compressed/parameter_descriptions] /image_converter http://ubuntu:39644/
[rosmaster.master][INFO] 2017-09-20 17:54:37,172: +PUB [/image/compressed/parameter_updates] /image_converter http://ubuntu:39644/
[rosmaster.master][INFO] 2017-09-20 17:54:37,177: +PARAM [/image/compressed/format] by /image_converter
[rosmaster.master][INFO] 2017-09-20 17:54:37,180: +PARAM [/image/compressed/jpeg_quality] by /image_converter
[rosmaster.master][INFO] 2017-09-20 17:54:37,180: +PARAM [/image/compressed/png_level] by /image_converter
[rosmaster.master][INFO] 2017-09-20 17:54:37,183: +PARAM [/image/compressed/format] by /image_converter
[rosmaster.master][INFO] 2017-09-20 17:54:37,183: +PARAM [/image/compressed/jpeg_quality] by /image_converter
[rosmaster.master][INFO] 2017-09-20 17:54:37,186: +PARAM [/image/compressed/png_level] by /image_converter
[rosmaster.master][INFO] 2017-09-20 17:54:37,204: +PUB [/image_marked/compressed] /view http://ubuntu:39270/
[rosmaster.master][INFO] 2017-09-20 17:54:37,205: +SERVICE [/image_marked/compressed/set_parameters] /view http://ubuntu:39270/
[rosmaster.master][INFO] 2017-09-20 17:54:37,206: +PUB [/image_marked/compressed/parameter_descriptions] /view http://ubuntu:39270/
[rosmaster.master][INFO] 2017-09-20 17:54:37,207: +PUB [/image_marked/compressed/parameter_updates] /view http://ubuntu:39270/
[rosmaster.master][INFO] 2017-09-20 17:54:37,210: +PARAM [/image_marked/compressed/format] by /view
[rosmaster.master][INFO] 2017-09-20 17:54:37,212: +PARAM [/image_marked/compressed/jpeg_quality] by /view
[rosmaster.master][INFO] 2017-09-20 17:54:37,213: +PARAM [/image_marked/compressed/png_level] by /view
[rosmaster.master][INFO] 2017-09-20 17:54:37,214: +PARAM [/image_marked/compressed/format] by /view
[rosmaster.master][INFO] 2017-09-20 17:54:37,216: +PARAM [/image_marked/compressed/jpeg_quality] by /view
[rosmaster.master][INFO] 2017-09-20 17:54:37,216: +PARAM [/image_marked/compressed/png_level] by /view
[rosmaster.master][INFO] 2017-09-20 17:54:37,246: +PUB [/image] /image_converter http://ubuntu:39644/
[rosmaster.master][INFO] 2017-09-20 17:54:37,286: +PUB [/image_marked] /view http://ubuntu:39270/
[rosmaster.master][INFO] 2017-09-20 17:54:37,333: +PUB [/camera/image_raw/compressedDepth] /camera http://ubuntu:41318/
[rosmaster.master][INFO] 2017-09-20 17:54:37,334: +SERVICE [/camera/image_raw/compressedDepth/set_parameters] /camera http://ubuntu:41318/
[rosmaster.master][INFO] 2017-09-20 17:54:37,336: +PUB [/camera/image_raw/compressedDepth/parameter_descriptions] /camera http://ubuntu:41318/
[rosmaster.master][INFO] 2017-09-20 17:54:37,337: +PUB [/camera/image_raw/compressedDepth/parameter_updates] /camera http://ubuntu:41318/
[rosmaster.master][INFO] 2017-09-20 17:54:37,343: +PUB [/image/theora] /image_converter http://ubuntu:39644/
[rosmaster.master][INFO] 2017-09-20 17:54:37,344: +PARAM [/camera/image_raw/compressedDepth/depth_max] by /camera
[rosmaster.master][INFO] 2017-09-20 17:54:37,347: +SERVICE [/image/theora/set_parameters] /image_converter http://ubuntu:39644/
[rosmaster.master][INFO] 2017-09-20 17:54:37,348: +PARAM [/camera/image_raw/compressedDepth/depth_quantization] by /camera
[rosmaster.master][INFO] 2017-09-20 17:54:37,349: +PUB [/image/theora/parameter_descriptions] /image_converter http://ubuntu:39644/
[rosmaster.master][INFO] 2017-09-20 17:54:37,351: +PARAM [/camera/image_raw/compressedDepth/png_level] by /camera
[rosmaster.master][INFO] 2017-09-20 17:54:37,353: +PUB [/image/theora/parameter_updates] /image_converter http://ubuntu:39644/
[rosmaster.master][INFO] 2017-09-20 17:54:37,354: +PARAM [/camera/image_raw/compressedDepth/depth_max] by /camera
[rosmaster.master][INFO] 2017-09-20 17:54:37,358: +PARAM [/camera/image_raw/compressedDepth/depth_quantization] by /camera
[rosmaster.master][INFO] 2017-09-20 17:54:37,359: +PARAM [/camera/image_raw/compressedDepth/png_level] by /camera
[rosmaster.master][INFO] 2017-09-20 17:54:37,368: +PARAM [/image/theora/optimize_for] by /image_converter
[rosmaster.master][INFO] 2017-09-20 17:54:37,369: +PARAM [/image/theora/target_bitrate] by /image_converter
[rosmaster.master][INFO] 2017-09-20 17:54:37,373: +PARAM [/image/theora/quality] by /image_converter
[rosmaster.master][INFO] 2017-09-20 17:54:37,374: +PARAM [/image/theora/keyframe_frequency] by /image_converter
[rosmaster.master][INFO] 2017-09-20 17:54:37,376: +PARAM [/image/theora/optimize_for] by /image_converter
[rosmaster.master][INFO] 2017-09-20 17:54:37,377: +PUB [/image_marked/theora] /view http://ubuntu:39270/
[rosmaster.master][INFO] 2017-09-20 17:54:37,379: +PARAM [/image/theora/target_bitrate] by /image_converter
[rosmaster.master][INFO] 2017-09-20 17:54:37,380: +SERVICE [/image_marked/theora/set_parameters] /view http://ubuntu:39270/
[rosmaster.master][INFO] 2017-09-20 17:54:37,381: +PARAM [/image/theora/quality] by /image_converter
[rosmaster.master][INFO] 2017-09-20 17:54:37,383: +PUB [/image_marked/theora/parameter_descriptions] /view http://ubuntu:39270/
[rosmaster.master][INFO] 2017-09-20 17:54:37,384: +PARAM [/image/theora/keyframe_frequency] by /image_converter
[rosmaster.master][INFO] 2017-09-20 17:54:37,387: +PUB [/image_marked/theora/parameter_updates] /view http://ubuntu:39270/
[rosmaster.master][INFO] 2017-09-20 17:54:37,395: +PARAM [/image_marked/theora/optimize_for] by /view
[rosmaster.master][INFO] 2017-09-20 17:54:37,398: +PARAM [/image_marked/theora/target_bitrate] by /view
[rosmaster.master][INFO] 2017-09-20 17:54:37,399: +PARAM [/image_marked/theora/quality] by /view
[rosmaster.master][INFO] 2017-09-20 17:54:37,400: +PARAM [/image_marked/theora/keyframe_frequency] by /view
[rosmaster.master][INFO] 2017-09-20 17:54:37,407: +PARAM [/image_marked/theora/optimize_for] by /view
[rosmaster.master][INFO] 2017-09-20 17:54:37,410: +PARAM [/image_marked/theora/target_bitrate] by /view
[rosmaster.master][INFO] 2017-09-20 17:54:37,411: +PARAM [/image_marked/theora/quality] by /view
[rosmaster.master][INFO] 2017-09-20 17:54:37,413: +PARAM [/image_marked/theora/keyframe_frequency] by /view
[rosmaster.master][INFO] 2017-09-20 17:54:37,432: +PUB [/camera/image_raw/compressed] /camera http://ubuntu:41318/
[rosmaster.master][INFO] 2017-09-20 17:54:37,433: +SERVICE [/camera/image_raw/compressed/set_parameters] /camera http://ubuntu:41318/
[rosmaster.master][INFO] 2017-09-20 17:54:37,434: +PUB [/camera/image_raw/compressed/parameter_descriptions] /camera http://ubuntu:41318/
[rosmaster.master][INFO] 2017-09-20 17:54:37,435: +PUB [/camera/image_raw/compressed/parameter_updates] /camera http://ubuntu:41318/
[rosmaster.master][INFO] 2017-09-20 17:54:37,437: +PARAM [/camera/image_raw/compressed/format] by /camera
[rosmaster.master][INFO] 2017-09-20 17:54:37,438: +PARAM [/camera/image_raw/compressed/jpeg_quality] by /camera
[rosmaster.master][INFO] 2017-09-20 17:54:37,438: +PARAM [/camera/image_raw/compressed/png_level] by /camera
[rosmaster.master][INFO] 2017-09-20 17:54:37,441: +PARAM [/camera/image_raw/compressed/format] by /camera
[rosmaster.master][INFO] 2017-09-20 17:54:37,442: +PARAM [/camera/image_raw/compressed/jpeg_quality] by /camera
[rosmaster.master][INFO] 2017-09-20 17:54:37,443: +PARAM [/camera/image_raw/compressed/png_level] by /camera
[rosmaster.master][INFO] 2017-09-20 17:54:37,470: +PUB [/image/marked/compressedDepth] /view http://ubuntu:39270/
[rosmaster.master][INFO] 2017-09-20 17:54:37,471: +SERVICE [/image/marked/compressedDepth/set_parameters] /view http://ubuntu:39270/
[rosmaster.master][INFO] 2017-09-20 17:54:37,473: +PUB [/image/marked/compressedDepth/parameter_descriptions] /view http://ubuntu:39270/
[rosmaster.master][INFO] 2017-09-20 17:54:37,474: +PUB [/image/marked/compressedDepth/parameter_updates] /view http://ubuntu:39270/
[rosmaster.master][INFO] 2017-09-20 17:54:37,476: +PARAM [/image/marked/compressedDepth/depth_max] by /view
[rosmaster.master][INFO] 2017-09-20 17:54:37,479: +PARAM [/image/marked/compressedDepth/depth_quantization] by /view
[rosmaster.master][INFO] 2017-09-20 17:54:37,480: +PARAM [/image/marked/compressedDepth/png_level] by /view
[rosmaster.master][INFO] 2017-09-20 17:54:37,481: +PARAM [/image/marked/compressedDepth/depth_max] by /view
[rosmaster.master][INFO] 2017-09-20 17:54:37,481: +PARAM [/image/marked/compressedDepth/depth_quantization] by /view
[rosmaster.master][INFO] 2017-09-20 17:54:37,483: +PARAM [/image/marked/compressedDepth/png_level] by /view
[rosmaster.master][INFO] 2017-09-20 17:54:37,505: +PUB [/camera/image_raw] /camera http://ubuntu:41318/
[rosmaster.master][INFO] 2017-09-20 17:54:37,534: +PUB [/image/marked/compressed] /view http://ubuntu:39270/
[rosmaster.master][INFO] 2017-09-20 17:54:37,534: +SERVICE [/image/marked/compressed/set_parameters] /view http://ubuntu:39270/
[rosmaster.master][INFO] 2017-09-20 17:54:37,535: +PUB [/image/marked/compressed/parameter_descriptions] /view http://ubuntu:39270/
[rosmaster.master][INFO] 2017-09-20 17:54:37,536: +PUB [/image/marked/compressed/parameter_updates] /view http://ubuntu:39270/
[rosmaster.master][INFO] 2017-09-20 17:54:37,541: +PARAM [/image/marked/compressed/format] by /view
[rosmaster.master][INFO] 2017-09-20 17:54:37,542: +PARAM [/image/marked/compressed/jpeg_quality] by /view
[rosmaster.master][INFO] 2017-09-20 17:54:37,545: +PARAM [/image/marked/compressed/png_level] by /view
[rosmaster.master][INFO] 2017-09-20 17:54:37,546: +PARAM [/image/marked/compressed/format] by /view
[rosmaster.master][INFO] 2017-09-20 17:54:37,546: +PARAM [/image/marked/compressed/jpeg_quality] by /view
[rosmaster.master][INFO] 2017-09-20 17:54:37,549: +PARAM [/image/marked/compressed/png_level] by /view
[rosmaster.master][INFO] 2017-09-20 17:54:37,566: +PUB [/camera/image_raw/theora] /camera http://ubuntu:41318/
[rosmaster.master][INFO] 2017-09-20 17:54:37,568: publisherUpdate[/camera/image_raw] -> http://ubuntu:39644/ ['http://ubuntu:41318/']
[rosmaster.master][INFO] 2017-09-20 17:54:37,569: publisherUpdate[/camera/image_raw] -> http://ubuntu:39644/ ['http://ubuntu:41318/']: sec=0.00, result=[1, '', 0]
[rosmaster.master][INFO] 2017-09-20 17:54:37,569: +SERVICE [/camera/image_raw/theora/set_parameters] /camera http://ubuntu:41318/
[rosmaster.master][INFO] 2017-09-20 17:54:37,570: +PUB [/camera/image_raw/theora/parameter_descriptions] /camera http://ubuntu:41318/
[rosmaster.master][INFO] 2017-09-20 17:54:37,571: +PUB [/camera/image_raw/theora/parameter_updates] /camera http://ubuntu:41318/
[rosmaster.master][INFO] 2017-09-20 17:54:37,577: +PARAM [/camera/image_raw/theora/optimize_for] by /camera
[rosmaster.master][INFO] 2017-09-20 17:54:37,578: +PARAM [/camera/image_raw/theora/target_bitrate] by /camera
[rosmaster.master][INFO] 2017-09-20 17:54:37,579: +PARAM [/camera/image_raw/theora/quality] by /camera
[rosmaster.master][INFO] 2017-09-20 17:54:37,579: +PARAM [/camera/image_raw/theora/keyframe_frequency] by /camera
[rosmaster.master][INFO] 2017-09-20 17:54:37,580: +PARAM [/camera/image_raw/theora/optimize_for] by /camera
[rosmaster.master][INFO] 2017-09-20 17:54:37,584: +PARAM [/camera/image_raw/theora/target_bitrate] by /camera
[rosmaster.master][INFO] 2017-09-20 17:54:37,585: +PARAM [/camera/image_raw/theora/quality] by /camera
[rosmaster.master][INFO] 2017-09-20 17:54:37,585: +PARAM [/camera/image_raw/theora/keyframe_frequency] by /camera
[rosmaster.master][INFO] 2017-09-20 17:54:37,586: +PUB [/camera/camera_info] /camera http://ubuntu:41318/
[rosmaster.master][INFO] 2017-09-20 17:54:37,607: +PUB [/image/marked] /view http://ubuntu:39270/
[rosmaster.master][INFO] 2017-09-20 17:54:37,634: +PUB [/image/marked/theora] /view http://ubuntu:39270/
[rosmaster.master][INFO] 2017-09-20 17:54:37,635: +SERVICE [/image/marked/theora/set_parameters] /view http://ubuntu:39270/
[rosmaster.master][INFO] 2017-09-20 17:54:37,636: +PUB [/image/marked/theora/parameter_descriptions] /view http://ubuntu:39270/
[rosmaster.master][INFO] 2017-09-20 17:54:37,637: +PUB [/image/marked/theora/parameter_updates] /view http://ubuntu:39270/
[rosmaster.master][INFO] 2017-09-20 17:54:37,639: +PARAM [/image/marked/theora/optimize_for] by /view
[rosmaster.master][INFO] 2017-09-20 17:54:37,640: +PARAM [/image/marked/theora/target_bitrate] by /view
[rosmaster.master][INFO] 2017-09-20 17:54:37,640: +PARAM [/image/marked/theora/quality] by /view
[rosmaster.master][INFO] 2017-09-20 17:54:37,641: +PARAM [/image/marked/theora/keyframe_frequency] by /view
[rosmaster.master][INFO] 2017-09-20 17:54:37,642: +PARAM [/image/marked/theora/optimize_for] by /view
[rosmaster.master][INFO] 2017-09-20 17:54:37,642: +PARAM [/image/marked/theora/target_bitrate] by /view
[rosmaster.master][INFO] 2017-09-20 17:54:37,643: +PARAM [/image/marked/theora/quality] by /view
[rosmaster.master][INFO] 2017-09-20 17:54:37,644: +PARAM [/image/marked/theora/keyframe_frequency] by /view
[rosmaster.master][INFO] 2017-09-20 17:54:37,673: +SUB [/image] /view http://ubuntu:39270/
[rosmaster.master][INFO] 2017-09-20 17:54:37,676: +SUB [/camera_info] /view http://ubuntu:39270/
[rosmaster.master][INFO] 2017-09-20 17:54:37,680: +SUB [/image_marker] /view http://ubuntu:39270/
[rosmaster.master][INFO] 2017-09-20 17:54:37,683: +SUB [/image/event] /view http://ubuntu:39270/
[rosmaster.master][INFO] 2017-09-20 17:54:37,684: +SERVICE [/view/change_mode] /view http://ubuntu:39270/
[rosmaster.master][INFO] 2017-09-20 17:54:37,685: +SERVICE [/view/rectangle_mode] /view http://ubuntu:39270/
[rosmaster.master][INFO] 2017-09-20 17:54:37,685: +SERVICE [/view/grabcut_mode] /view http://ubuntu:39270/
[rosmaster.master][INFO] 2017-09-20 17:54:37,686: +SERVICE [/view/grabcut_rect_mode] /view http://ubuntu:39270/
[rosmaster.master][INFO] 2017-09-20 17:54:37,687: +SERVICE [/view/line_mode] /view http://ubuntu:39270/
[rosmaster.master][INFO] 2017-09-20 17:54:37,687: +SERVICE [/view/poly_mode] /view http://ubuntu:39270/
[rosmaster.master][INFO] 2017-09-20 17:54:37,688: +SERVICE [/view/none_mode] /view http://ubuntu:39270/
[rosmaster.master][INFO] 2017-09-20 17:54:37,689: +SERVICE [/view/set_parameters] /view http://ubuntu:39270/
[rosmaster.master][INFO] 2017-09-20 17:54:37,690: +PUB [/view/parameter_descriptions] /view http://ubuntu:39270/
[rosmaster.master][INFO] 2017-09-20 17:54:37,690: +PUB [/view/parameter_updates] /view http://ubuntu:39270/
[rosmaster.master][INFO] 2017-09-20 17:54:37,695: +PARAM [/view/grid] by /view
[rosmaster.master][INFO] 2017-09-20 17:54:37,696: +PARAM [/view/fisheye_mode] by /view
[rosmaster.master][INFO] 2017-09-20 17:54:37,697: +PARAM [/view/div_u] by /view
[rosmaster.master][INFO] 2017-09-20 17:54:37,697: +PARAM [/view/div_v] by /view
[rosmaster.master][INFO] 2017-09-20 17:54:37,698: +PARAM [/view/grid_red] by /view
[rosmaster.master][INFO] 2017-09-20 17:54:37,699: +PARAM [/view/grid_green] by /view
[rosmaster.master][INFO] 2017-09-20 17:54:37,699: +PARAM [/view/grid_blue] by /view
[rosmaster.master][INFO] 2017-09-20 17:54:37,700: +PARAM [/view/grid_thickness] by /view
[rosmaster.master][INFO] 2017-09-20 17:54:37,700: +PARAM [/view/grid_space] by /view
[rosmaster.master][INFO] 2017-09-20 17:54:37,701: +PARAM [/view/grid] by /view
[rosmaster.master][INFO] 2017-09-20 17:54:37,702: +PARAM [/view/fisheye_mode] by /view
[rosmaster.master][INFO] 2017-09-20 17:54:37,703: +PARAM [/view/div_u] by /view
[rosmaster.master][INFO] 2017-09-20 17:54:37,705: +PARAM [/view/div_v] by /view
[rosmaster.master][INFO] 2017-09-20 17:54:37,706: +PARAM [/view/grid_red] by /view
[rosmaster.master][INFO] 2017-09-20 17:54:37,707: +PARAM [/view/grid_green] by /view
[rosmaster.master][INFO] 2017-09-20 17:54:37,707: +PARAM [/view/grid_blue] by /view
[rosmaster.master][INFO] 2017-09-20 17:54:37,708: +PARAM [/view/grid_thickness] by /view
[rosmaster.master][INFO] 2017-09-20 17:54:37,708: +PARAM [/view/grid_space] by /view
[rosmaster.master][INFO] 2017-09-20 17:54:41,308: -PUB [/rosout] /camera http://ubuntu:41318/
[rosmaster.master][INFO] 2017-09-20 17:54:41,317: -PUB [/camera/image_raw/compressedDepth] /camera http://ubuntu:41318/
[rosmaster.master][INFO] 2017-09-20 17:54:41,318: -PUB [/camera/image_raw/compressedDepth/parameter_descriptions] /camera http://ubuntu:41318/
[rosmaster.master][INFO] 2017-09-20 17:54:41,318: -PUB [/camera/image_raw/compressedDepth/parameter_updates] /camera http://ubuntu:41318/
[rosmaster.master][INFO] 2017-09-20 17:54:41,319: -PUB [/camera/image_raw/compressed] /camera http://ubuntu:41318/
[rosmaster.master][INFO] 2017-09-20 17:54:41,319: -PUB [/camera/image_raw/compressed/parameter_descriptions] /camera http://ubuntu:41318/
[rosmaster.master][INFO] 2017-09-20 17:54:41,328: -PUB [/camera/image_raw/compressed/parameter_updates] /camera http://ubuntu:41318/
[rosmaster.master][INFO] 2017-09-20 17:54:41,335: -PUB [/camera/image_raw] /camera http://ubuntu:41318/
[rosmaster.master][INFO] 2017-09-20 17:54:41,338: -PUB [/camera/image_raw/theora] /camera http://ubuntu:41318/
[rosmaster.master][INFO] 2017-09-20 17:54:41,342: -PUB [/camera/image_raw/theora/parameter_descriptions] /camera http://ubuntu:41318/
[rosmaster.master][INFO] 2017-09-20 17:54:41,345: -PUB [/camera/image_raw/theora/parameter_updates] /camera http://ubuntu:41318/
[rosmaster.master][INFO] 2017-09-20 17:54:41,349: -PUB [/camera/camera_info] /camera http://ubuntu:41318/
[rosmaster.master][INFO] 2017-09-20 17:54:41,358: -SERVICE [/camera/get_loggers] /camera rosrpc://ubuntu:55542
[rosmaster.master][INFO] 2017-09-20 17:54:41,364: -SERVICE [/camera/set_logger_level] /camera rosrpc://ubuntu:55542
[rosmaster.master][INFO] 2017-09-20 17:54:41,365: -SERVICE [/camera/set_camera_info] /camera rosrpc://ubuntu:55542
[rosmaster.master][INFO] 2017-09-20 17:54:41,372: -SERVICE [/camera/image_raw/compressedDepth/set_parameters] /camera rosrpc://ubuntu:55542
[rosmaster.master][INFO] 2017-09-20 17:54:41,373: -SERVICE [/camera/image_raw/compressed/set_parameters] /camera rosrpc://ubuntu:55542
[rosmaster.master][INFO] 2017-09-20 17:54:41,377: -SERVICE [/camera/image_raw/theora/set_parameters] /camera rosrpc://ubuntu:55542
[rosmaster.master][INFO] 2017-09-20 17:54:41,385: publisherUpdate[/rosout] -> http://ubuntu:42079/ ['http://ubuntu:39644/', 'http://ubuntu:39270/']
[rosmaster.master][INFO] 2017-09-20 17:54:41,385: publisherUpdate[/camera/image_raw] -> http://ubuntu:39644/ []
[rosmaster.master][INFO] 2017-09-20 17:54:41,386: publisherUpdate[/rosout] -> http://ubuntu:42079/ ['http://ubuntu:39644/', 'http://ubuntu:39270/']: sec=0.00, result=[1, '', 0]
[rosmaster.master][INFO] 2017-09-20 17:54:41,388: publisherUpdate[/camera/image_raw] -> http://ubuntu:39644/ []: sec=0.00, result=[0, 'Unknown Error', 0]
[rosmaster.master][INFO] 2017-09-20 17:54:41,405: -PUB [/rosout] /view http://ubuntu:39270/
[rosmaster.master][INFO] 2017-09-20 17:54:41,409: -PUB [/image/screenpoint] /view http://ubuntu:39270/
[rosmaster.master][INFO] 2017-09-20 17:54:41,415: -PUB [/image/screenpoint_array] /view http://ubuntu:39270/
[rosmaster.master][INFO] 2017-09-20 17:54:41,422: -PUB [/image/screenrectangle] /view http://ubuntu:39270/
[rosmaster.master][INFO] 2017-09-20 17:54:41,425: -PUB [/image/screenrectangle_image] /view http://ubuntu:39270/
[rosmaster.master][INFO] 2017-09-20 17:54:41,428: -PUB [/image/movepoint] /view http://ubuntu:39270/
[rosmaster.master][INFO] 2017-09-20 17:54:41,436: -PUB [/image/foreground] /view http://ubuntu:39270/
[rosmaster.master][INFO] 2017-09-20 17:54:41,438: -PUB [/image/background] /view http://ubuntu:39270/
[rosmaster.master][INFO] 2017-09-20 17:54:41,442: -PUB [/image/foreground_rect] /view http://ubuntu:39270/
[rosmaster.master][INFO] 2017-09-20 17:54:41,443: -PUB [/image/background_rect] /view http://ubuntu:39270/
[rosmaster.master][INFO] 2017-09-20 17:54:41,449: -PUB [/image/line] /view http://ubuntu:39270/
[rosmaster.master][INFO] 2017-09-20 17:54:41,453: -PUB [/image/poly] /view http://ubuntu:39270/
[rosmaster.master][INFO] 2017-09-20 17:54:41,456: -PUB [/image_marked/compressedDepth] /view http://ubuntu:39270/
[rosmaster.master][INFO] 2017-09-20 17:54:41,464: -PUB [/image_marked/compressedDepth/parameter_descriptions] /view http://ubuntu:39270/
[rosmaster.master][INFO] 2017-09-20 17:54:41,466: -PUB [/image_marked/compressedDepth/parameter_updates] /view http://ubuntu:39270/
[rosmaster.master][INFO] 2017-09-20 17:54:41,471: -PUB [/image_marked/compressed] /view http://ubuntu:39270/
[rosmaster.master][INFO] 2017-09-20 17:54:41,473: -PUB [/image_marked/compressed/parameter_descriptions] /view http://ubuntu:39270/
[rosmaster.master][INFO] 2017-09-20 17:54:41,473: -PUB [/image_marked/compressed/parameter_updates] /view http://ubuntu:39270/
[rosmaster.master][INFO] 2017-09-20 17:54:41,475: -PUB [/image_marked] /view http://ubuntu:39270/
[rosmaster.master][INFO] 2017-09-20 17:54:41,477: -PUB [/image_marked/theora] /view http://ubuntu:39270/
[rosmaster.master][INFO] 2017-09-20 17:54:41,483: -PUB [/image_marked/theora/parameter_descriptions] /view http://ubuntu:39270/
[rosmaster.master][INFO] 2017-09-20 17:54:41,485: -PUB [/image_marked/theora/parameter_updates] /view http://ubuntu:39270/
[rosmaster.master][INFO] 2017-09-20 17:54:41,486: -PUB [/image/marked/compressedDepth] /view http://ubuntu:39270/
[rosmaster.master][INFO] 2017-09-20 17:54:41,486: publisherUpdate[/rosout] -> http://ubuntu:42079/ ['http://ubuntu:39644/']
[rosmaster.master][INFO] 2017-09-20 17:54:41,487: publisherUpdate[/rosout] -> http://ubuntu:42079/ ['http://ubuntu:39644/']: sec=0.00, result=[1, '', 0]
[rosmaster.master][INFO] 2017-09-20 17:54:41,487: -PUB [/image/marked/compressedDepth/parameter_descriptions] /view http://ubuntu:39270/
[rosmaster.master][INFO] 2017-09-20 17:54:41,491: -PUB [/image/marked/compressedDepth/parameter_updates] /view http://ubuntu:39270/
[rosmaster.master][INFO] 2017-09-20 17:54:41,493: -PUB [/rosout] /image_converter http://ubuntu:39644/
[rosmaster.master][INFO] 2017-09-20 17:54:41,494: publisherUpdate[/rosout] -> http://ubuntu:42079/ []
[rosmaster.master][INFO] 2017-09-20 17:54:41,495: publisherUpdate[/rosout] -> http://ubuntu:42079/ []: sec=0.00, result=[1, '', 0]
[rosmaster.master][INFO] 2017-09-20 17:54:41,495: -PUB [/image/marked/compressed] /view http://ubuntu:39270/
[rosmaster.master][INFO] 2017-09-20 17:54:41,497: -PUB [/image/compressedDepth] /image_converter http://ubuntu:39644/
[rosmaster.master][INFO] 2017-09-20 17:54:41,501: -PUB [/image/compressedDepth/parameter_descriptions] /image_converter http://ubuntu:39644/
[rosmaster.master][INFO] 2017-09-20 17:54:41,502: -PUB [/image/marked/compressed/parameter_descriptions] /view http://ubuntu:39270/
[rosmaster.master][INFO] 2017-09-20 17:54:41,505: -PUB [/image/marked/compressed/parameter_updates] /view http://ubuntu:39270/
[rosmaster.master][INFO] 2017-09-20 17:54:41,506: -PUB [/image/marked] /view http://ubuntu:39270/
[rosmaster.master][INFO] 2017-09-20 17:54:41,507: -PUB [/image/compressedDepth/parameter_updates] /image_converter http://ubuntu:39644/
[rosmaster.master][INFO] 2017-09-20 17:54:41,509: -PUB [/image/marked/theora] /view http://ubuntu:39270/
[rosmaster.master][INFO] 2017-09-20 17:54:41,512: -PUB [/image/compressed] /image_converter http://ubuntu:39644/
[rosmaster.master][INFO] 2017-09-20 17:54:41,513: -PUB [/image/marked/theora/parameter_descriptions] /view http://ubuntu:39270/
[rosmaster.master][INFO] 2017-09-20 17:54:41,516: -PUB [/image/marked/theora/parameter_updates] /view http://ubuntu:39270/
[rosmaster.master][INFO] 2017-09-20 17:54:41,517: -PUB [/image/compressed/parameter_descriptions] /image_converter http://ubuntu:39644/
[rosmaster.master][INFO] 2017-09-20 17:54:41,521: -PUB [/image/compressed/parameter_updates] /image_converter http://ubuntu:39644/
[rosmaster.master][INFO] 2017-09-20 17:54:41,523: -PUB [/view/parameter_descriptions] /view http://ubuntu:39270/
[rosmaster.master][INFO] 2017-09-20 17:54:41,523: -PUB [/view/parameter_updates] /view http://ubuntu:39270/
[rosmaster.master][INFO] 2017-09-20 17:54:41,524: -SUB [/tf] /view http://ubuntu:39270/
[rosmaster.master][INFO] 2017-09-20 17:54:41,526: -SUB [/tf_static] /view http://ubuntu:39270/
[rosmaster.master][INFO] 2017-09-20 17:54:41,529: -PUB [/image] /image_converter http://ubuntu:39644/
[rosmaster.master][INFO] 2017-09-20 17:54:41,531: -SUB [/image] /view http://ubuntu:39270/
[rosmaster.master][INFO] 2017-09-20 17:54:41,531: -SUB [/camera_info] /view http://ubuntu:39270/
[rosmaster.master][INFO] 2017-09-20 17:54:41,532: -SUB [/image_marker] /view http://ubuntu:39270/
[rosmaster.master][INFO] 2017-09-20 17:54:41,534: -SUB [/image/event] /view http://ubuntu:39270/
[rosmaster.master][INFO] 2017-09-20 17:54:41,537: -PUB [/image/theora] /image_converter http://ubuntu:39644/
[rosmaster.master][INFO] 2017-09-20 17:54:41,539: -SERVICE [/view/get_loggers] /view rosrpc://ubuntu:54137
[rosmaster.master][INFO] 2017-09-20 17:54:41,540: -PUB [/image/theora/parameter_descriptions] /image_converter http://ubuntu:39644/
[rosmaster.master][INFO] 2017-09-20 17:54:41,541: -PUB [/image/theora/parameter_updates] /image_converter http://ubuntu:39644/
[rosmaster.master][INFO] 2017-09-20 17:54:41,543: -SERVICE [/view/set_logger_level] /view rosrpc://ubuntu:54137
[rosmaster.master][INFO] 2017-09-20 17:54:41,545: -SUB [/camera/image_raw] /image_converter http://ubuntu:39644/
[rosmaster.master][INFO] 2017-09-20 17:54:41,546: -SERVICE [/image_marked/compressedDepth/set_parameters] /view rosrpc://ubuntu:54137
[rosmaster.master][INFO] 2017-09-20 17:54:41,548: -SERVICE [/image_marked/compressed/set_parameters] /view rosrpc://ubuntu:54137
[rosmaster.master][INFO] 2017-09-20 17:54:41,549: -SERVICE [/image_converter/get_loggers] /image_converter rosrpc://ubuntu:58702
[rosmaster.master][INFO] 2017-09-20 17:54:41,551: -SERVICE [/image_converter/set_logger_level] /image_converter rosrpc://ubuntu:58702
[rosmaster.master][INFO] 2017-09-20 17:54:41,553: -SERVICE [/image_marked/theora/set_parameters] /view rosrpc://ubuntu:54137
[rosmaster.master][INFO] 2017-09-20 17:54:41,557: -SERVICE [/image/compressedDepth/set_parameters] /image_converter rosrpc://ubuntu:58702
[rosmaster.master][INFO] 2017-09-20 17:54:41,559: -SERVICE [/image/marked/compressedDepth/set_parameters] /view rosrpc://ubuntu:54137
[rosmaster.master][INFO] 2017-09-20 17:54:41,560: -SERVICE [/image/marked/compressed/set_parameters] /view rosrpc://ubuntu:54137
[rosmaster.master][INFO] 2017-09-20 17:54:41,561: -SERVICE [/image/marked/theora/set_parameters] /view rosrpc://ubuntu:54137
[rosmaster.master][INFO] 2017-09-20 17:54:41,562: -SERVICE [/view/change_mode] /view rosrpc://ubuntu:54137
[rosmaster.master][INFO] 2017-09-20 17:54:41,563: -SERVICE [/view/rectangle_mode] /view rosrpc://ubuntu:54137
[rosmaster.master][INFO] 2017-09-20 17:54:41,565: -SERVICE [/image/compressed/set_parameters] /image_converter rosrpc://ubuntu:58702
[rosmaster.master][INFO] 2017-09-20 17:54:41,567: -SERVICE [/view/grabcut_mode] /view rosrpc://ubuntu:54137
[rosmaster.master][INFO] 2017-09-20 17:54:41,571: -SERVICE [/view/grabcut_rect_mode] /view rosrpc://ubuntu:54137
[rosmaster.master][INFO] 2017-09-20 17:54:41,573: -SERVICE [/image/theora/set_parameters] /image_converter rosrpc://ubuntu:58702
[rosmaster.master][INFO] 2017-09-20 17:54:41,577: -SERVICE [/view/line_mode] /view rosrpc://ubuntu:54137
[rosmaster.master][INFO] 2017-09-20 17:54:41,584: -SERVICE [/view/poly_mode] /view rosrpc://ubuntu:54137
[rosmaster.master][INFO] 2017-09-20 17:54:41,588: publisherUpdate[/image] -> http://ubuntu:39270/ []
[rosmaster.master][INFO] 2017-09-20 17:54:41,588: -SERVICE [/view/none_mode] /view rosrpc://ubuntu:54137
[rosmaster.master][INFO] 2017-09-20 17:54:41,591: publisherUpdate[/image] -> http://ubuntu:39270/ []: sec=0.00, exception=<Fault -1: 'publisherUpdate: unknown method name'>
[rosmaster.master][INFO] 2017-09-20 17:54:41,592: -SERVICE [/view/set_parameters] /view rosrpc://ubuntu:54137
[rosmaster.threadpool][ERROR] 2017-09-20 17:54:41,598: Traceback (most recent call last):
  File "/opt/ros/kinetic/lib/python2.7/dist-packages/rosmaster/threadpool.py", line 218, in run
    result = cmd(*args)
  File "/opt/ros/kinetic/lib/python2.7/dist-packages/rosmaster/master_api.py", line 210, in publisher_update_task
    ret = xmlrpcapi(api).publisherUpdate('/master', topic, pub_uris)
  File "/usr/lib/python2.7/xmlrpclib.py", line 1243, in __call__
    return self.__send(self.__name, args)
  File "/usr/lib/python2.7/xmlrpclib.py", line 1602, in __request
    verbose=self.__verbose
  File "/usr/lib/python2.7/xmlrpclib.py", line 1283, in request
    return self.single_request(host, handler, request_body, verbose)
  File "/usr/lib/python2.7/xmlrpclib.py", line 1316, in single_request
    return self.parse_response(response)
  File "/usr/lib/python2.7/xmlrpclib.py", line 1493, in parse_response
    return u.close()
  File "/usr/lib/python2.7/xmlrpclib.py", line 800, in close
    raise Fault(**self._stack[0])
Fault: <Fault -1: 'publisherUpdate: unknown method name'>

[rosmaster.master][INFO] 2017-09-20 17:54:41,998: -PUB [/rosout_agg] /rosout http://ubuntu:42079/
[rosmaster.master][INFO] 2017-09-20 17:54:41,999: -SUB [/rosout] /rosout http://ubuntu:42079/
[rosmaster.master][INFO] 2017-09-20 17:54:41,999: -SERVICE [/rosout/get_loggers] /rosout rosrpc://ubuntu:51827
[rosmaster.master][INFO] 2017-09-20 17:54:42,000: -SERVICE [/rosout/set_logger_level] /rosout rosrpc://ubuntu:51827
[rosmaster.main][INFO] 2017-09-20 17:54:42,106: keyboard interrupt, will exit
[rosmaster.main][INFO] 2017-09-20 17:54:42,106: stopping master...
[rospy.core][INFO] 2017-09-20 17:54:42,107: signal_shutdown [atexit]
