[rosmaster.main][INFO] 2017-10-03 18:56:39,690: initialization complete, waiting for shutdown
[rosmaster.main][INFO] 2017-10-03 18:56:39,691: Starting ROS Master Node
[xmlrpc][INFO] 2017-10-03 18:56:39,692: XML-RPC server binding to 0.0.0.0:11311
[rosmaster.master][INFO] 2017-10-03 18:56:39,692: Master initialized: port[11311], uri[http://ubuntu:11311/]
[xmlrpc][INFO] 2017-10-03 18:56:39,692: Started XML-RPC server [http://ubuntu:11311/]
[xmlrpc][INFO] 2017-10-03 18:56:39,692: xml rpc node: starting XML-RPC server
[rosmaster.master][INFO] 2017-10-03 18:56:39,738: +PARAM [/run_id] by /roslaunch
[rosmaster.master][INFO] 2017-10-03 18:56:39,740: +PARAM [/roslaunch/uris/host_ubuntu__38964] by /roslaunch
[rosmaster.master][INFO] 2017-10-03 18:56:39,802: +PARAM [/rosversion] by /roslaunch
[rosmaster.master][INFO] 2017-10-03 18:56:39,802: +PARAM [/rosdistro] by /roslaunch
[rosmaster.master][INFO] 2017-10-03 18:56:39,802: +PARAM [/camera/device_id] by /roslaunch
[rosmaster.master][INFO] 2017-10-03 18:56:39,820: +SERVICE [/rosout/get_loggers] /rosout http://ubuntu:33232/
[rosmaster.master][INFO] 2017-10-03 18:56:39,828: +SERVICE [/rosout/set_logger_level] /rosout http://ubuntu:33232/
[rosmaster.master][INFO] 2017-10-03 18:56:39,831: +PUB [/rosout_agg] /rosout http://ubuntu:33232/
[rosmaster.master][INFO] 2017-10-03 18:56:39,843: +SUB [/rosout] /rosout http://ubuntu:33232/
[rosmaster.master][INFO] 2017-10-03 18:56:39,927: +PUB [/rosout] /mask_orange http://ubuntu:33290/
[rosmaster.master][INFO] 2017-10-03 18:56:39,930: +SERVICE [/mask_orange/get_loggers] /mask_orange http://ubuntu:33290/
[rosmaster.master][INFO] 2017-10-03 18:56:39,931: +SERVICE [/mask_orange/set_logger_level] /mask_orange http://ubuntu:33290/
[rosmaster.master][INFO] 2017-10-03 18:56:39,955: +PUB [/rosout] /camera http://ubuntu:41328/
[rosmaster.master][INFO] 2017-10-03 18:56:39,956: +SERVICE [/camera/get_loggers] /camera http://ubuntu:41328/
[rosmaster.master][INFO] 2017-10-03 18:56:39,956: +SERVICE [/camera/set_logger_level] /camera http://ubuntu:41328/
[rosmaster.master][INFO] 2017-10-03 18:56:39,972: +PUB [/rosout] /view http://ubuntu:35968/
[rosmaster.master][INFO] 2017-10-03 18:56:39,973: +SERVICE [/view/get_loggers] /view http://ubuntu:35968/
[rosmaster.master][INFO] 2017-10-03 18:56:39,974: +SERVICE [/view/set_logger_level] /view http://ubuntu:35968/
[rosmaster.master][INFO] 2017-10-03 18:56:39,981: +SUB [/tf] /view http://ubuntu:35968/
[rosmaster.master][INFO] 2017-10-03 18:56:39,991: +SUB [/tf_static] /view http://ubuntu:35968/
[rosmaster.master][INFO] 2017-10-03 18:56:39,999: publisherUpdate[/rosout] -> http://ubuntu:33232/ ['http://ubuntu:33290/']
[rosmaster.master][INFO] 2017-10-03 18:56:40,007: publisherUpdate[/rosout] -> http://ubuntu:33232/ ['http://ubuntu:33290/']: sec=0.01, result=[1, '', 0]
[rosmaster.master][INFO] 2017-10-03 18:56:40,007: publisherUpdate[/rosout] -> http://ubuntu:33232/ ['http://ubuntu:33290/', 'http://ubuntu:41328/']
[rosmaster.master][INFO] 2017-10-03 18:56:40,008: publisherUpdate[/rosout] -> http://ubuntu:33232/ ['http://ubuntu:33290/', 'http://ubuntu:41328/']: sec=0.00, result=[1, '', 0]
[rosmaster.master][INFO] 2017-10-03 18:56:40,008: publisherUpdate[/rosout] -> http://ubuntu:33232/ ['http://ubuntu:33290/', 'http://ubuntu:41328/', 'http://ubuntu:35968/']
[rosmaster.master][INFO] 2017-10-03 18:56:40,008: publisherUpdate[/rosout] -> http://ubuntu:33232/ ['http://ubuntu:33290/', 'http://ubuntu:41328/', 'http://ubuntu:35968/']: sec=0.00, result=[1, '', 0]
[rosmaster.master][INFO] 2017-10-03 18:56:40,015: +SERVICE [/camera/set_camera_info] /camera http://ubuntu:41328/
[rosmaster.master][INFO] 2017-10-03 18:56:40,043: +PUB [/image/screenpoint] /view http://ubuntu:35968/
[rosmaster.master][INFO] 2017-10-03 18:56:40,044: +PUB [/image/screenpoint_array] /view http://ubuntu:35968/
[rosmaster.master][INFO] 2017-10-03 18:56:40,045: +PUB [/image/screenrectangle] /view http://ubuntu:35968/
[rosmaster.master][INFO] 2017-10-03 18:56:40,045: +PUB [/image/screenrectangle_image] /view http://ubuntu:35968/
[rosmaster.master][INFO] 2017-10-03 18:56:40,046: +PUB [/image/movepoint] /view http://ubuntu:35968/
[rosmaster.master][INFO] 2017-10-03 18:56:40,047: +PUB [/image/foreground] /view http://ubuntu:35968/
[rosmaster.master][INFO] 2017-10-03 18:56:40,048: +PUB [/image/background] /view http://ubuntu:35968/
[rosmaster.master][INFO] 2017-10-03 18:56:40,048: +PUB [/image/foreground_rect] /view http://ubuntu:35968/
[rosmaster.master][INFO] 2017-10-03 18:56:40,051: +PUB [/image/background_rect] /view http://ubuntu:35968/
[rosmaster.master][INFO] 2017-10-03 18:56:40,052: +PUB [/image/line] /view http://ubuntu:35968/
[rosmaster.master][INFO] 2017-10-03 18:56:40,053: +PUB [/image/poly] /view http://ubuntu:35968/
[rosmaster.master][INFO] 2017-10-03 18:56:40,066: +SUB [/camera/image_raw] /mask_orange http://ubuntu:33290/
[rosmaster.master][INFO] 2017-10-03 18:56:40,129: +PUB [/image/compressedDepth] /mask_orange http://ubuntu:33290/
[rosmaster.master][INFO] 2017-10-03 18:56:40,130: +SERVICE [/image/compressedDepth/set_parameters] /mask_orange http://ubuntu:33290/
[rosmaster.master][INFO] 2017-10-03 18:56:40,131: +PUB [/image/compressedDepth/parameter_descriptions] /mask_orange http://ubuntu:33290/
[rosmaster.master][INFO] 2017-10-03 18:56:40,132: +PUB [/image/compressedDepth/parameter_updates] /mask_orange http://ubuntu:33290/
[rosmaster.master][INFO] 2017-10-03 18:56:40,134: +PUB [/image_marked/compressedDepth] /view http://ubuntu:35968/
[rosmaster.master][INFO] 2017-10-03 18:56:40,135: +PARAM [/image/compressedDepth/depth_max] by /mask_orange
[rosmaster.master][INFO] 2017-10-03 18:56:40,136: +PARAM [/image/compressedDepth/depth_quantization] by /mask_orange
[rosmaster.master][INFO] 2017-10-03 18:56:40,136: +SERVICE [/image_marked/compressedDepth/set_parameters] /view http://ubuntu:35968/
[rosmaster.master][INFO] 2017-10-03 18:56:40,137: +PARAM [/image/compressedDepth/png_level] by /mask_orange
[rosmaster.master][INFO] 2017-10-03 18:56:40,138: +PUB [/image_marked/compressedDepth/parameter_descriptions] /view http://ubuntu:35968/
[rosmaster.master][INFO] 2017-10-03 18:56:40,139: +PARAM [/image/compressedDepth/depth_max] by /mask_orange
[rosmaster.master][INFO] 2017-10-03 18:56:40,139: +PUB [/image_marked/compressedDepth/parameter_updates] /view http://ubuntu:35968/
[rosmaster.master][INFO] 2017-10-03 18:56:40,140: +PARAM [/image/compressedDepth/depth_quantization] by /mask_orange
[rosmaster.master][INFO] 2017-10-03 18:56:40,141: +PARAM [/image/compressedDepth/png_level] by /mask_orange
[rosmaster.master][INFO] 2017-10-03 18:56:40,148: +PARAM [/image_marked/compressedDepth/depth_max] by /view
[rosmaster.master][INFO] 2017-10-03 18:56:40,152: +PARAM [/image_marked/compressedDepth/depth_quantization] by /view
[rosmaster.master][INFO] 2017-10-03 18:56:40,153: +PARAM [/image_marked/compressedDepth/png_level] by /view
[rosmaster.master][INFO] 2017-10-03 18:56:40,153: +PARAM [/image_marked/compressedDepth/depth_max] by /view
[rosmaster.master][INFO] 2017-10-03 18:56:40,154: +PARAM [/image_marked/compressedDepth/depth_quantization] by /view
[rosmaster.master][INFO] 2017-10-03 18:56:40,156: +PARAM [/image_marked/compressedDepth/png_level] by /view
[rosmaster.master][INFO] 2017-10-03 18:56:40,199: +PUB [/image/compressed] /mask_orange http://ubuntu:33290/
[rosmaster.master][INFO] 2017-10-03 18:56:40,201: +SERVICE [/image/compressed/set_parameters] /mask_orange http://ubuntu:33290/
[rosmaster.master][INFO] 2017-10-03 18:56:40,201: +PUB [/image/compressed/parameter_descriptions] /mask_orange http://ubuntu:33290/
[rosmaster.master][INFO] 2017-10-03 18:56:40,204: +PUB [/image/compressed/parameter_updates] /mask_orange http://ubuntu:33290/
[rosmaster.master][INFO] 2017-10-03 18:56:40,206: +PARAM [/image/compressed/format] by /mask_orange
[rosmaster.master][INFO] 2017-10-03 18:56:40,207: +PARAM [/image/compressed/jpeg_quality] by /mask_orange
[rosmaster.master][INFO] 2017-10-03 18:56:40,209: +PARAM [/image/compressed/png_level] by /mask_orange
[rosmaster.master][INFO] 2017-10-03 18:56:40,210: +PARAM [/image/compressed/format] by /mask_orange
[rosmaster.master][INFO] 2017-10-03 18:56:40,214: +PARAM [/image/compressed/jpeg_quality] by /mask_orange
[rosmaster.master][INFO] 2017-10-03 18:56:40,215: +PARAM [/image/compressed/png_level] by /mask_orange
[rosmaster.master][INFO] 2017-10-03 18:56:40,220: +PUB [/image_marked/compressed] /view http://ubuntu:35968/
[rosmaster.master][INFO] 2017-10-03 18:56:40,223: +SERVICE [/image_marked/compressed/set_parameters] /view http://ubuntu:35968/
[rosmaster.master][INFO] 2017-10-03 18:56:40,224: +PUB [/image_marked/compressed/parameter_descriptions] /view http://ubuntu:35968/
[rosmaster.master][INFO] 2017-10-03 18:56:40,225: +PUB [/image_marked/compressed/parameter_updates] /view http://ubuntu:35968/
[rosmaster.master][INFO] 2017-10-03 18:56:40,230: +PARAM [/image_marked/compressed/format] by /view
[rosmaster.master][INFO] 2017-10-03 18:56:40,231: +PARAM [/image_marked/compressed/jpeg_quality] by /view
[rosmaster.master][INFO] 2017-10-03 18:56:40,232: +PARAM [/image_marked/compressed/png_level] by /view
[rosmaster.master][INFO] 2017-10-03 18:56:40,235: +PARAM [/image_marked/compressed/format] by /view
[rosmaster.master][INFO] 2017-10-03 18:56:40,236: +PARAM [/image_marked/compressed/jpeg_quality] by /view
[rosmaster.master][INFO] 2017-10-03 18:56:40,236: +PARAM [/image_marked/compressed/png_level] by /view
[rosmaster.master][INFO] 2017-10-03 18:56:40,293: +PUB [/image] /mask_orange http://ubuntu:33290/
[rosmaster.master][INFO] 2017-10-03 18:56:40,320: +PUB [/camera/image_raw/compressedDepth] /camera http://ubuntu:41328/
[rosmaster.master][INFO] 2017-10-03 18:56:40,321: +SERVICE [/camera/image_raw/compressedDepth/set_parameters] /camera http://ubuntu:41328/
[rosmaster.master][INFO] 2017-10-03 18:56:40,321: +PUB [/image_marked] /view http://ubuntu:35968/
[rosmaster.master][INFO] 2017-10-03 18:56:40,323: +PUB [/camera/image_raw/compressedDepth/parameter_descriptions] /camera http://ubuntu:41328/
[rosmaster.master][INFO] 2017-10-03 18:56:40,324: +PUB [/camera/image_raw/compressedDepth/parameter_updates] /camera http://ubuntu:41328/
[rosmaster.master][INFO] 2017-10-03 18:56:40,327: +PARAM [/camera/image_raw/compressedDepth/depth_max] by /camera
[rosmaster.master][INFO] 2017-10-03 18:56:40,331: +PARAM [/camera/image_raw/compressedDepth/depth_quantization] by /camera
[rosmaster.master][INFO] 2017-10-03 18:56:40,333: +PARAM [/camera/image_raw/compressedDepth/png_level] by /camera
[rosmaster.master][INFO] 2017-10-03 18:56:40,335: +PARAM [/camera/image_raw/compressedDepth/depth_max] by /camera
[rosmaster.master][INFO] 2017-10-03 18:56:40,336: +PARAM [/camera/image_raw/compressedDepth/depth_quantization] by /camera
[rosmaster.master][INFO] 2017-10-03 18:56:40,339: +PARAM [/camera/image_raw/compressedDepth/png_level] by /camera
[rosmaster.master][INFO] 2017-10-03 18:56:40,402: +PUB [/image/theora] /mask_orange http://ubuntu:33290/
[rosmaster.master][INFO] 2017-10-03 18:56:40,403: +SERVICE [/image/theora/set_parameters] /mask_orange http://ubuntu:33290/
[rosmaster.master][INFO] 2017-10-03 18:56:40,407: +PUB [/image/theora/parameter_descriptions] /mask_orange http://ubuntu:33290/
[rosmaster.master][INFO] 2017-10-03 18:56:40,408: +PUB [/image/theora/parameter_updates] /mask_orange http://ubuntu:33290/
[rosmaster.master][INFO] 2017-10-03 18:56:40,411: +PARAM [/image/theora/optimize_for] by /mask_orange
[rosmaster.master][INFO] 2017-10-03 18:56:40,411: +PARAM [/image/theora/target_bitrate] by /mask_orange
[rosmaster.master][INFO] 2017-10-03 18:56:40,412: +PARAM [/image/theora/quality] by /mask_orange
[rosmaster.master][INFO] 2017-10-03 18:56:40,414: +PARAM [/image/theora/keyframe_frequency] by /mask_orange
[rosmaster.master][INFO] 2017-10-03 18:56:40,417: +PARAM [/image/theora/optimize_for] by /mask_orange
[rosmaster.master][INFO] 2017-10-03 18:56:40,419: +PARAM [/image/theora/target_bitrate] by /mask_orange
[rosmaster.master][INFO] 2017-10-03 18:56:40,421: +PUB [/image_marked/theora] /view http://ubuntu:35968/
[rosmaster.master][INFO] 2017-10-03 18:56:40,422: +PARAM [/image/theora/quality] by /mask_orange
[rosmaster.master][INFO] 2017-10-03 18:56:40,424: +SERVICE [/image_marked/theora/set_parameters] /view http://ubuntu:35968/
[rosmaster.master][INFO] 2017-10-03 18:56:40,425: +PUB [/camera/image_raw/compressed] /camera http://ubuntu:41328/
[rosmaster.master][INFO] 2017-10-03 18:56:40,425: +PARAM [/image/theora/keyframe_frequency] by /mask_orange
[rosmaster.master][INFO] 2017-10-03 18:56:40,426: +PUB [/image_marked/theora/parameter_descriptions] /view http://ubuntu:35968/
[rosmaster.master][INFO] 2017-10-03 18:56:40,427: +SERVICE [/camera/image_raw/compressed/set_parameters] /camera http://ubuntu:41328/
[rosmaster.master][INFO] 2017-10-03 18:56:40,428: +PUB [/image_marked/theora/parameter_updates] /view http://ubuntu:35968/
[rosmaster.master][INFO] 2017-10-03 18:56:40,428: +PUB [/camera/image_raw/compressed/parameter_descriptions] /camera http://ubuntu:41328/
[rosmaster.master][INFO] 2017-10-03 18:56:40,430: +PUB [/camera/image_raw/compressed/parameter_updates] /camera http://ubuntu:41328/
[rosmaster.master][INFO] 2017-10-03 18:56:40,433: +PARAM [/image_marked/theora/optimize_for] by /view
[rosmaster.master][INFO] 2017-10-03 18:56:40,434: +PARAM [/camera/image_raw/compressed/format] by /camera
[rosmaster.master][INFO] 2017-10-03 18:56:40,435: +PARAM [/image_marked/theora/target_bitrate] by /view
[rosmaster.master][INFO] 2017-10-03 18:56:40,435: +PARAM [/camera/image_raw/compressed/jpeg_quality] by /camera
[rosmaster.master][INFO] 2017-10-03 18:56:40,436: +PARAM [/image_marked/theora/quality] by /view
[rosmaster.master][INFO] 2017-10-03 18:56:40,437: +PARAM [/camera/image_raw/compressed/png_level] by /camera
[rosmaster.master][INFO] 2017-10-03 18:56:40,437: +PARAM [/image_marked/theora/keyframe_frequency] by /view
[rosmaster.master][INFO] 2017-10-03 18:56:40,438: +PARAM [/camera/image_raw/compressed/format] by /camera
[rosmaster.master][INFO] 2017-10-03 18:56:40,439: +PARAM [/image_marked/theora/optimize_for] by /view
[rosmaster.master][INFO] 2017-10-03 18:56:40,439: +PARAM [/camera/image_raw/compressed/jpeg_quality] by /camera
[rosmaster.master][INFO] 2017-10-03 18:56:40,440: +PARAM [/image_marked/theora/target_bitrate] by /view
[rosmaster.master][INFO] 2017-10-03 18:56:40,441: +PARAM [/camera/image_raw/compressed/png_level] by /camera
[rosmaster.master][INFO] 2017-10-03 18:56:40,445: +PARAM [/image_marked/theora/quality] by /view
[rosmaster.master][INFO] 2017-10-03 18:56:40,447: +PARAM [/image_marked/theora/keyframe_frequency] by /view
[rosmaster.master][INFO] 2017-10-03 18:56:40,497: +PUB [/camera/image_raw] /camera http://ubuntu:41328/
[rosmaster.master][INFO] 2017-10-03 18:56:40,499: +PUB [/image/marked/compressedDepth] /view http://ubuntu:35968/
[rosmaster.master][INFO] 2017-10-03 18:56:40,500: +SERVICE [/image/marked/compressedDepth/set_parameters] /view http://ubuntu:35968/
[rosmaster.master][INFO] 2017-10-03 18:56:40,501: +PUB [/image/marked/compressedDepth/parameter_descriptions] /view http://ubuntu:35968/
[rosmaster.master][INFO] 2017-10-03 18:56:40,502: +PUB [/image/marked/compressedDepth/parameter_updates] /view http://ubuntu:35968/
[rosmaster.master][INFO] 2017-10-03 18:56:40,504: +PARAM [/image/marked/compressedDepth/depth_max] by /view
[rosmaster.master][INFO] 2017-10-03 18:56:40,507: +PARAM [/image/marked/compressedDepth/depth_quantization] by /view
[rosmaster.master][INFO] 2017-10-03 18:56:40,508: +PARAM [/image/marked/compressedDepth/png_level] by /view
[rosmaster.master][INFO] 2017-10-03 18:56:40,509: +PARAM [/image/marked/compressedDepth/depth_max] by /view
[rosmaster.master][INFO] 2017-10-03 18:56:40,510: +PARAM [/image/marked/compressedDepth/depth_quantization] by /view
[rosmaster.master][INFO] 2017-10-03 18:56:40,511: publisherUpdate[/camera/image_raw] -> http://ubuntu:33290/ ['http://ubuntu:41328/']
[rosmaster.master][INFO] 2017-10-03 18:56:40,512: publisherUpdate[/camera/image_raw] -> http://ubuntu:33290/ ['http://ubuntu:41328/']: sec=0.00, result=[1, '', 0]
[rosmaster.master][INFO] 2017-10-03 18:56:40,513: +PARAM [/image/marked/compressedDepth/png_level] by /view
[rosmaster.master][INFO] 2017-10-03 18:56:40,562: +PUB [/camera/image_raw/theora] /camera http://ubuntu:41328/
[rosmaster.master][INFO] 2017-10-03 18:56:40,563: +SERVICE [/camera/image_raw/theora/set_parameters] /camera http://ubuntu:41328/
[rosmaster.master][INFO] 2017-10-03 18:56:40,564: +PUB [/camera/image_raw/theora/parameter_descriptions] /camera http://ubuntu:41328/
[rosmaster.master][INFO] 2017-10-03 18:56:40,566: +PUB [/camera/image_raw/theora/parameter_updates] /camera http://ubuntu:41328/
[rosmaster.master][INFO] 2017-10-03 18:56:40,569: +PUB [/image/marked/compressed] /view http://ubuntu:35968/
[rosmaster.master][INFO] 2017-10-03 18:56:40,570: +SERVICE [/image/marked/compressed/set_parameters] /view http://ubuntu:35968/
[rosmaster.master][INFO] 2017-10-03 18:56:40,571: +PARAM [/camera/image_raw/theora/optimize_for] by /camera
[rosmaster.master][INFO] 2017-10-03 18:56:40,572: +PUB [/image/marked/compressed/parameter_descriptions] /view http://ubuntu:35968/
[rosmaster.master][INFO] 2017-10-03 18:56:40,572: +PARAM [/camera/image_raw/theora/target_bitrate] by /camera
[rosmaster.master][INFO] 2017-10-03 18:56:40,573: +PUB [/image/marked/compressed/parameter_updates] /view http://ubuntu:35968/
[rosmaster.master][INFO] 2017-10-03 18:56:40,574: +PARAM [/camera/image_raw/theora/quality] by /camera
[rosmaster.master][INFO] 2017-10-03 18:56:40,575: +PARAM [/camera/image_raw/theora/keyframe_frequency] by /camera
[rosmaster.master][INFO] 2017-10-03 18:56:40,576: +PARAM [/camera/image_raw/theora/optimize_for] by /camera
[rosmaster.master][INFO] 2017-10-03 18:56:40,578: +PARAM [/camera/image_raw/theora/target_bitrate] by /camera
[rosmaster.master][INFO] 2017-10-03 18:56:40,578: +PARAM [/image/marked/compressed/format] by /view
[rosmaster.master][INFO] 2017-10-03 18:56:40,579: +PARAM [/camera/image_raw/theora/quality] by /camera
[rosmaster.master][INFO] 2017-10-03 18:56:40,579: +PARAM [/image/marked/compressed/jpeg_quality] by /view
[rosmaster.master][INFO] 2017-10-03 18:56:40,580: +PARAM [/camera/image_raw/theora/keyframe_frequency] by /camera
[rosmaster.master][INFO] 2017-10-03 18:56:40,581: +PARAM [/image/marked/compressed/png_level] by /view
[rosmaster.master][INFO] 2017-10-03 18:56:40,582: +PUB [/camera/camera_info] /camera http://ubuntu:41328/
[rosmaster.master][INFO] 2017-10-03 18:56:40,582: +PARAM [/image/marked/compressed/format] by /view
[rosmaster.master][INFO] 2017-10-03 18:56:40,584: +PARAM [/image/marked/compressed/jpeg_quality] by /view
[rosmaster.master][INFO] 2017-10-03 18:56:40,585: +PARAM [/image/marked/compressed/png_level] by /view
[rosmaster.master][INFO] 2017-10-03 18:56:40,624: +PUB [/image/marked] /view http://ubuntu:35968/
[rosmaster.master][INFO] 2017-10-03 18:56:40,651: +PUB [/image/marked/theora] /view http://ubuntu:35968/
[rosmaster.master][INFO] 2017-10-03 18:56:40,652: +SERVICE [/image/marked/theora/set_parameters] /view http://ubuntu:35968/
[rosmaster.master][INFO] 2017-10-03 18:56:40,652: +PUB [/image/marked/theora/parameter_descriptions] /view http://ubuntu:35968/
[rosmaster.master][INFO] 2017-10-03 18:56:40,653: +PUB [/image/marked/theora/parameter_updates] /view http://ubuntu:35968/
[rosmaster.master][INFO] 2017-10-03 18:56:40,656: +PARAM [/image/marked/theora/optimize_for] by /view
[rosmaster.master][INFO] 2017-10-03 18:56:40,656: +PARAM [/image/marked/theora/target_bitrate] by /view
[rosmaster.master][INFO] 2017-10-03 18:56:40,657: +PARAM [/image/marked/theora/quality] by /view
[rosmaster.master][INFO] 2017-10-03 18:56:40,658: +PARAM [/image/marked/theora/keyframe_frequency] by /view
[rosmaster.master][INFO] 2017-10-03 18:56:40,659: +PARAM [/image/marked/theora/optimize_for] by /view
[rosmaster.master][INFO] 2017-10-03 18:56:40,659: +PARAM [/image/marked/theora/target_bitrate] by /view
[rosmaster.master][INFO] 2017-10-03 18:56:40,660: +PARAM [/image/marked/theora/quality] by /view
[rosmaster.master][INFO] 2017-10-03 18:56:40,661: +PARAM [/image/marked/theora/keyframe_frequency] by /view
[rosmaster.master][INFO] 2017-10-03 18:56:40,691: +SUB [/image] /view http://ubuntu:35968/
[rosmaster.master][INFO] 2017-10-03 18:56:40,694: +SUB [/camera_info] /view http://ubuntu:35968/
[rosmaster.master][INFO] 2017-10-03 18:56:40,697: +SUB [/image_marker] /view http://ubuntu:35968/
[rosmaster.master][INFO] 2017-10-03 18:56:40,702: +SUB [/image/event] /view http://ubuntu:35968/
[rosmaster.master][INFO] 2017-10-03 18:56:40,703: +SERVICE [/view/change_mode] /view http://ubuntu:35968/
[rosmaster.master][INFO] 2017-10-03 18:56:40,704: +SERVICE [/view/rectangle_mode] /view http://ubuntu:35968/
[rosmaster.master][INFO] 2017-10-03 18:56:40,704: +SERVICE [/view/grabcut_mode] /view http://ubuntu:35968/
[rosmaster.master][INFO] 2017-10-03 18:56:40,705: +SERVICE [/view/grabcut_rect_mode] /view http://ubuntu:35968/
[rosmaster.master][INFO] 2017-10-03 18:56:40,706: +SERVICE [/view/line_mode] /view http://ubuntu:35968/
[rosmaster.master][INFO] 2017-10-03 18:56:40,706: +SERVICE [/view/poly_mode] /view http://ubuntu:35968/
[rosmaster.master][INFO] 2017-10-03 18:56:40,707: +SERVICE [/view/none_mode] /view http://ubuntu:35968/
[rosmaster.master][INFO] 2017-10-03 18:56:40,708: +SERVICE [/view/set_parameters] /view http://ubuntu:35968/
[rosmaster.master][INFO] 2017-10-03 18:56:40,708: +PUB [/view/parameter_descriptions] /view http://ubuntu:35968/
[rosmaster.master][INFO] 2017-10-03 18:56:40,709: +PUB [/view/parameter_updates] /view http://ubuntu:35968/
[rosmaster.master][INFO] 2017-10-03 18:56:40,714: +PARAM [/view/grid] by /view
[rosmaster.master][INFO] 2017-10-03 18:56:40,715: +PARAM [/view/fisheye_mode] by /view
[rosmaster.master][INFO] 2017-10-03 18:56:40,716: +PARAM [/view/div_u] by /view
[rosmaster.master][INFO] 2017-10-03 18:56:40,716: +PARAM [/view/div_v] by /view
[rosmaster.master][INFO] 2017-10-03 18:56:40,717: +PARAM [/view/grid_red] by /view
[rosmaster.master][INFO] 2017-10-03 18:56:40,718: +PARAM [/view/grid_green] by /view
[rosmaster.master][INFO] 2017-10-03 18:56:40,718: +PARAM [/view/grid_blue] by /view
[rosmaster.master][INFO] 2017-10-03 18:56:40,719: +PARAM [/view/grid_thickness] by /view
[rosmaster.master][INFO] 2017-10-03 18:56:40,720: +PARAM [/view/grid_space] by /view
[rosmaster.master][INFO] 2017-10-03 18:56:40,721: +PARAM [/view/grid] by /view
[rosmaster.master][INFO] 2017-10-03 18:56:40,721: +PARAM [/view/fisheye_mode] by /view
[rosmaster.master][INFO] 2017-10-03 18:56:40,722: +PARAM [/view/div_u] by /view
[rosmaster.master][INFO] 2017-10-03 18:56:40,723: +PARAM [/view/div_v] by /view
[rosmaster.master][INFO] 2017-10-03 18:56:40,723: +PARAM [/view/grid_red] by /view
[rosmaster.master][INFO] 2017-10-03 18:56:40,725: +PARAM [/view/grid_green] by /view
[rosmaster.master][INFO] 2017-10-03 18:56:40,726: +PARAM [/view/grid_blue] by /view
[rosmaster.master][INFO] 2017-10-03 18:56:40,726: +PARAM [/view/grid_thickness] by /view
[rosmaster.master][INFO] 2017-10-03 18:56:40,727: +PARAM [/view/grid_space] by /view
[rosmaster.master][INFO] 2017-10-03 18:57:52,384: -PUB [/rosout] /mask_orange http://ubuntu:33290/
[rosmaster.master][INFO] 2017-10-03 18:57:52,385: -PUB [/image/compressedDepth] /mask_orange http://ubuntu:33290/
[rosmaster.master][INFO] 2017-10-03 18:57:52,386: -PUB [/image/compressedDepth/parameter_descriptions] /mask_orange http://ubuntu:33290/
[rosmaster.master][INFO] 2017-10-03 18:57:52,392: -PUB [/image/compressedDepth/parameter_updates] /mask_orange http://ubuntu:33290/
[rosmaster.master][INFO] 2017-10-03 18:57:52,399: -PUB [/image/compressed] /mask_orange http://ubuntu:33290/
[rosmaster.master][INFO] 2017-10-03 18:57:52,403: -PUB [/image/compressed/parameter_descriptions] /mask_orange http://ubuntu:33290/
[rosmaster.master][INFO] 2017-10-03 18:57:52,405: -PUB [/image/compressed/parameter_updates] /mask_orange http://ubuntu:33290/
[rosmaster.master][INFO] 2017-10-03 18:57:52,405: -PUB [/rosout] /view http://ubuntu:35968/
[rosmaster.master][INFO] 2017-10-03 18:57:52,406: -PUB [/image] /mask_orange http://ubuntu:33290/
[rosmaster.master][INFO] 2017-10-03 18:57:52,407: -PUB [/rosout] /camera http://ubuntu:41328/
[rosmaster.master][INFO] 2017-10-03 18:57:52,408: -PUB [/camera/image_raw/compressedDepth] /camera http://ubuntu:41328/
[rosmaster.master][INFO] 2017-10-03 18:57:52,413: -PUB [/image/screenpoint] /view http://ubuntu:35968/
[rosmaster.master][INFO] 2017-10-03 18:57:52,414: -PUB [/image/theora] /mask_orange http://ubuntu:33290/
[rosmaster.master][INFO] 2017-10-03 18:57:52,414: -PUB [/camera/image_raw/compressedDepth/parameter_descriptions] /camera http://ubuntu:41328/
[rosmaster.master][INFO] 2017-10-03 18:57:52,415: -PUB [/camera/image_raw/compressedDepth/parameter_updates] /camera http://ubuntu:41328/
[rosmaster.master][INFO] 2017-10-03 18:57:52,419: -PUB [/image/theora/parameter_descriptions] /mask_orange http://ubuntu:33290/
[rosmaster.master][INFO] 2017-10-03 18:57:52,420: -PUB [/image/screenpoint_array] /view http://ubuntu:35968/
[rosmaster.master][INFO] 2017-10-03 18:57:52,420: -PUB [/camera/image_raw/compressed] /camera http://ubuntu:41328/
[rosmaster.master][INFO] 2017-10-03 18:57:52,427: -PUB [/image/screenrectangle] /view http://ubuntu:35968/
[rosmaster.master][INFO] 2017-10-03 18:57:52,428: -PUB [/camera/image_raw/compressed/parameter_descriptions] /camera http://ubuntu:41328/
[rosmaster.master][INFO] 2017-10-03 18:57:52,434: -PUB [/image/theora/parameter_updates] /mask_orange http://ubuntu:33290/
[rosmaster.master][INFO] 2017-10-03 18:57:52,443: -PUB [/image/screenrectangle_image] /view http://ubuntu:35968/
[rosmaster.master][INFO] 2017-10-03 18:57:52,444: -PUB [/camera/image_raw/compressed/parameter_updates] /camera http://ubuntu:41328/
[rosmaster.master][INFO] 2017-10-03 18:57:52,449: -SUB [/camera/image_raw] /mask_orange http://ubuntu:33290/
[rosmaster.master][INFO] 2017-10-03 18:57:52,450: -PUB [/image/movepoint] /view http://ubuntu:35968/
[rosmaster.master][INFO] 2017-10-03 18:57:52,451: -PUB [/camera/image_raw] /camera http://ubuntu:41328/
[rosmaster.master][INFO] 2017-10-03 18:57:52,456: -PUB [/image/foreground] /view http://ubuntu:35968/
[rosmaster.master][INFO] 2017-10-03 18:57:52,457: -SERVICE [/mask_orange/get_loggers] /mask_orange rosrpc://ubuntu:49232
[rosmaster.master][INFO] 2017-10-03 18:57:52,457: -PUB [/camera/image_raw/theora] /camera http://ubuntu:41328/
[rosmaster.master][INFO] 2017-10-03 18:57:52,462: publisherUpdate[/rosout] -> http://ubuntu:33232/ ['http://ubuntu:41328/', 'http://ubuntu:35968/']
[rosmaster.master][INFO] 2017-10-03 18:57:52,468: publisherUpdate[/rosout] -> http://ubuntu:33232/ ['http://ubuntu:41328/', 'http://ubuntu:35968/']: sec=0.01, result=[1, '', 0]
[rosmaster.master][INFO] 2017-10-03 18:57:52,468: publisherUpdate[/rosout] -> http://ubuntu:33232/ ['http://ubuntu:41328/']
[rosmaster.master][INFO] 2017-10-03 18:57:52,469: publisherUpdate[/rosout] -> http://ubuntu:33232/ ['http://ubuntu:41328/']: sec=0.00, result=[1, '', 0]
[rosmaster.master][INFO] 2017-10-03 18:57:52,469: publisherUpdate[/image] -> http://ubuntu:35968/ []
[rosmaster.master][INFO] 2017-10-03 18:57:52,471: -SERVICE [/mask_orange/set_logger_level] /mask_orange rosrpc://ubuntu:49232
[rosmaster.master][INFO] 2017-10-03 18:57:52,472: -PUB [/camera/image_raw/theora/parameter_descriptions] /camera http://ubuntu:41328/
[rosmaster.master][INFO] 2017-10-03 18:57:52,472: publisherUpdate[/rosout] -> http://ubuntu:33232/ []
[rosmaster.master][INFO] 2017-10-03 18:57:52,472: publisherUpdate[/rosout] -> http://ubuntu:33232/ []: sec=0.00, result=[1, '', 0]
[rosmaster.master][INFO] 2017-10-03 18:57:52,474: -PUB [/image/background] /view http://ubuntu:35968/
[rosmaster.master][INFO] 2017-10-03 18:57:52,485: publisherUpdate[/image] -> http://ubuntu:35968/ []: sec=0.02, exception=<Fault -1: 'publisherUpdate: unknown method name'>
[rosmaster.threadpool][ERROR] 2017-10-03 18:57:52,486: Traceback (most recent call last):
  File "/opt/ros/kinetic/lib/python2.7/dist-packages/rosmaster/threadpool.py", line 218, in run
    result = cmd(*args)
  File "/opt/ros/kinetic/lib/python2.7/dist-packages/rosmaster/master_api.py", line 210, in publisher_update_task
    ret = xmlrpcapi(api).publisherUpdate('/master', topic, pub_uris)
  File "/usr/lib/python2.7/xmlrpclib.py", line 1243, in __call__
    return self.__send(self.__name, args)
  File "/usr/lib/python2.7/xmlrpclib.py", line 1602, in __request
    verbose=self.__verbose
  File "/usr/lib/python2.7/xmlrpclib.py", line 1283, in request
    return self.single_request(host, handler, request_body, verbose)
  File "/usr/lib/python2.7/xmlrpclib.py", line 1316, in single_request
    return self.parse_response(response)
  File "/usr/lib/python2.7/xmlrpclib.py", line 1493, in parse_response
    return u.close()
  File "/usr/lib/python2.7/xmlrpclib.py", line 800, in close
    raise Fault(**self._stack[0])
Fault: <Fault -1: 'publisherUpdate: unknown method name'>

[rosmaster.master][INFO] 2017-10-03 18:57:52,486: -PUB [/camera/image_raw/theora/parameter_updates] /camera http://ubuntu:41328/
[rosmaster.master][INFO] 2017-10-03 18:57:52,494: -SERVICE [/image/compressedDepth/set_parameters] /mask_orange rosrpc://ubuntu:49232
[rosmaster.master][INFO] 2017-10-03 18:57:52,503: -PUB [/camera/camera_info] /camera http://ubuntu:41328/
[rosmaster.master][INFO] 2017-10-03 18:57:52,509: -PUB [/image/foreground_rect] /view http://ubuntu:35968/
[rosmaster.master][INFO] 2017-10-03 18:57:52,520: -SERVICE [/image/compressed/set_parameters] /mask_orange rosrpc://ubuntu:49232
[rosmaster.master][INFO] 2017-10-03 18:57:52,529: -SERVICE [/camera/get_loggers] /camera rosrpc://ubuntu:44206
[rosmaster.master][INFO] 2017-10-03 18:57:52,533: -SERVICE [/image/theora/set_parameters] /mask_orange rosrpc://ubuntu:49232
[rosmaster.master][INFO] 2017-10-03 18:57:52,534: -PUB [/image/background_rect] /view http://ubuntu:35968/
[rosmaster.master][INFO] 2017-10-03 18:57:52,535: -SERVICE [/camera/set_logger_level] /camera rosrpc://ubuntu:44206
[rosmaster.master][INFO] 2017-10-03 18:57:52,540: -PUB [/image/line] /view http://ubuntu:35968/
[rosmaster.master][INFO] 2017-10-03 18:57:52,540: -SERVICE [/camera/set_camera_info] /camera rosrpc://ubuntu:44206
[rosmaster.master][INFO] 2017-10-03 18:57:52,543: -PUB [/image/poly] /view http://ubuntu:35968/
[rosmaster.master][INFO] 2017-10-03 18:57:52,543: -SERVICE [/camera/image_raw/compressedDepth/set_parameters] /camera rosrpc://ubuntu:44206
[rosmaster.master][INFO] 2017-10-03 18:57:52,548: -SERVICE [/camera/image_raw/compressed/set_parameters] /camera rosrpc://ubuntu:44206
[rosmaster.master][INFO] 2017-10-03 18:57:52,550: -PUB [/image_marked/compressedDepth] /view http://ubuntu:35968/
[rosmaster.master][INFO] 2017-10-03 18:57:52,551: -SERVICE [/camera/image_raw/theora/set_parameters] /camera rosrpc://ubuntu:44206
[rosmaster.master][INFO] 2017-10-03 18:57:52,553: -PUB [/image_marked/compressedDepth/parameter_descriptions] /view http://ubuntu:35968/
[rosmaster.master][INFO] 2017-10-03 18:57:52,557: -PUB [/image_marked/compressedDepth/parameter_updates] /view http://ubuntu:35968/
[rosmaster.master][INFO] 2017-10-03 18:57:52,563: -PUB [/image_marked/compressed] /view http://ubuntu:35968/
[rosmaster.master][INFO] 2017-10-03 18:57:52,564: -PUB [/image_marked/compressed/parameter_descriptions] /view http://ubuntu:35968/
[rosmaster.master][INFO] 2017-10-03 18:57:52,565: -PUB [/image_marked/compressed/parameter_updates] /view http://ubuntu:35968/
[rosmaster.master][INFO] 2017-10-03 18:57:52,567: -PUB [/image_marked] /view http://ubuntu:35968/
[rosmaster.master][INFO] 2017-10-03 18:57:52,568: -PUB [/image_marked/theora] /view http://ubuntu:35968/
[rosmaster.master][INFO] 2017-10-03 18:57:52,569: -PUB [/image_marked/theora/parameter_descriptions] /view http://ubuntu:35968/
[rosmaster.master][INFO] 2017-10-03 18:57:52,569: -PUB [/image_marked/theora/parameter_updates] /view http://ubuntu:35968/
[rosmaster.master][INFO] 2017-10-03 18:57:52,572: -PUB [/image/marked/compressedDepth] /view http://ubuntu:35968/
[rosmaster.master][INFO] 2017-10-03 18:57:52,584: -PUB [/image/marked/compressedDepth/parameter_descriptions] /view http://ubuntu:35968/
[rosmaster.master][INFO] 2017-10-03 18:57:52,585: -PUB [/image/marked/compressedDepth/parameter_updates] /view http://ubuntu:35968/
[rosmaster.master][INFO] 2017-10-03 18:57:52,586: -PUB [/image/marked/compressed] /view http://ubuntu:35968/
[rosmaster.master][INFO] 2017-10-03 18:57:52,586: -PUB [/image/marked/compressed/parameter_descriptions] /view http://ubuntu:35968/
[rosmaster.master][INFO] 2017-10-03 18:57:52,587: -PUB [/image/marked/compressed/parameter_updates] /view http://ubuntu:35968/
[rosmaster.master][INFO] 2017-10-03 18:57:52,589: -PUB [/image/marked] /view http://ubuntu:35968/
[rosmaster.master][INFO] 2017-10-03 18:57:52,592: -PUB [/image/marked/theora] /view http://ubuntu:35968/
[rosmaster.master][INFO] 2017-10-03 18:57:52,592: -PUB [/image/marked/theora/parameter_descriptions] /view http://ubuntu:35968/
[rosmaster.master][INFO] 2017-10-03 18:57:52,596: -PUB [/image/marked/theora/parameter_updates] /view http://ubuntu:35968/
[rosmaster.master][INFO] 2017-10-03 18:57:52,599: -PUB [/view/parameter_descriptions] /view http://ubuntu:35968/
[rosmaster.master][INFO] 2017-10-03 18:57:52,605: -PUB [/view/parameter_updates] /view http://ubuntu:35968/
[rosmaster.master][INFO] 2017-10-03 18:57:52,619: -SUB [/tf] /view http://ubuntu:35968/
[rosmaster.master][INFO] 2017-10-03 18:57:52,625: -SUB [/tf_static] /view http://ubuntu:35968/
[rosmaster.master][INFO] 2017-10-03 18:57:52,628: -SUB [/image] /view http://ubuntu:35968/
[rosmaster.master][INFO] 2017-10-03 18:57:52,632: -SUB [/camera_info] /view http://ubuntu:35968/
[rosmaster.master][INFO] 2017-10-03 18:57:52,639: -SUB [/image_marker] /view http://ubuntu:35968/
[rosmaster.master][INFO] 2017-10-03 18:57:52,643: -SUB [/image/event] /view http://ubuntu:35968/
[rosmaster.master][INFO] 2017-10-03 18:57:52,644: -SERVICE [/view/get_loggers] /view rosrpc://ubuntu:57376
[rosmaster.master][INFO] 2017-10-03 18:57:52,647: -SERVICE [/view/set_logger_level] /view rosrpc://ubuntu:57376
[rosmaster.master][INFO] 2017-10-03 18:57:52,648: -SERVICE [/image_marked/compressedDepth/set_parameters] /view rosrpc://ubuntu:57376
[rosmaster.master][INFO] 2017-10-03 18:57:52,654: -SERVICE [/image_marked/compressed/set_parameters] /view rosrpc://ubuntu:57376
[rosmaster.master][INFO] 2017-10-03 18:57:52,656: -SERVICE [/image_marked/theora/set_parameters] /view rosrpc://ubuntu:57376
[rosmaster.master][INFO] 2017-10-03 18:57:52,663: -SERVICE [/image/marked/compressedDepth/set_parameters] /view rosrpc://ubuntu:57376
[rosmaster.master][INFO] 2017-10-03 18:57:52,664: -SERVICE [/image/marked/compressed/set_parameters] /view rosrpc://ubuntu:57376
[rosmaster.master][INFO] 2017-10-03 18:57:52,666: -SERVICE [/image/marked/theora/set_parameters] /view rosrpc://ubuntu:57376
[rosmaster.master][INFO] 2017-10-03 18:57:52,669: -SERVICE [/view/change_mode] /view rosrpc://ubuntu:57376
[rosmaster.master][INFO] 2017-10-03 18:57:52,673: -SERVICE [/view/rectangle_mode] /view rosrpc://ubuntu:57376
[rosmaster.master][INFO] 2017-10-03 18:57:52,677: -SERVICE [/view/grabcut_mode] /view rosrpc://ubuntu:57376
[rosmaster.master][INFO] 2017-10-03 18:57:52,683: -SERVICE [/view/grabcut_rect_mode] /view rosrpc://ubuntu:57376
[rosmaster.master][INFO] 2017-10-03 18:57:52,686: -SERVICE [/view/line_mode] /view rosrpc://ubuntu:57376
[rosmaster.master][INFO] 2017-10-03 18:57:52,687: -SERVICE [/view/poly_mode] /view rosrpc://ubuntu:57376
[rosmaster.master][INFO] 2017-10-03 18:57:52,687: -SERVICE [/view/none_mode] /view rosrpc://ubuntu:57376
[rosmaster.master][INFO] 2017-10-03 18:57:52,689: -SERVICE [/view/set_parameters] /view rosrpc://ubuntu:57376
[rosmaster.master][INFO] 2017-10-03 18:57:53,176: -PUB [/rosout_agg] /rosout http://ubuntu:33232/
[rosmaster.master][INFO] 2017-10-03 18:57:53,177: -SUB [/rosout] /rosout http://ubuntu:33232/
[rosmaster.master][INFO] 2017-10-03 18:57:53,177: -SERVICE [/rosout/get_loggers] /rosout rosrpc://ubuntu:46549
[rosmaster.master][INFO] 2017-10-03 18:57:53,178: -SERVICE [/rosout/set_logger_level] /rosout rosrpc://ubuntu:46549
[rosmaster.main][INFO] 2017-10-03 18:57:53,223: keyboard interrupt, will exit
[rosmaster.main][INFO] 2017-10-03 18:57:53,223: stopping master...
[rospy.core][INFO] 2017-10-03 18:57:53,223: signal_shutdown [atexit]
