[rosmaster.main][INFO] 2017-09-26 18:35:00,306: initialization complete, waiting for shutdown
[rosmaster.main][INFO] 2017-09-26 18:35:00,306: Starting ROS Master Node
[xmlrpc][INFO] 2017-09-26 18:35:00,307: XML-RPC server binding to 0.0.0.0:11311
[xmlrpc][INFO] 2017-09-26 18:35:00,307: Started XML-RPC server [http://ubuntu:11311/]
[xmlrpc][INFO] 2017-09-26 18:35:00,307: xml rpc node: starting XML-RPC server
[rosmaster.master][INFO] 2017-09-26 18:35:00,307: Master initialized: port[11311], uri[http://ubuntu:11311/]
[rosmaster.master][INFO] 2017-09-26 18:35:00,349: +PARAM [/run_id] by /roslaunch
[rosmaster.master][INFO] 2017-09-26 18:35:00,364: +PARAM [/roslaunch/uris/host_ubuntu__38200] by /roslaunch
[rosmaster.master][INFO] 2017-09-26 18:35:00,443: +PARAM [/rosversion] by /roslaunch
[rosmaster.master][INFO] 2017-09-26 18:35:00,444: +PARAM [/rosdistro] by /roslaunch
[rosmaster.master][INFO] 2017-09-26 18:35:00,448: +SERVICE [/rosout/get_loggers] /rosout http://ubuntu:39908/
[rosmaster.master][INFO] 2017-09-26 18:35:00,449: +SERVICE [/rosout/set_logger_level] /rosout http://ubuntu:39908/
[rosmaster.master][INFO] 2017-09-26 18:35:00,450: +PUB [/rosout_agg] /rosout http://ubuntu:39908/
[rosmaster.master][INFO] 2017-09-26 18:35:00,457: +SUB [/rosout] /rosout http://ubuntu:39908/
[rosmaster.master][INFO] 2017-09-26 18:35:23,213: +PUB [/rosout] /rqt_gui_py_node_25363 http://ubuntu:44607/
[rosmaster.master][INFO] 2017-09-26 18:35:23,224: +SERVICE [/rqt_gui_py_node_25363/get_loggers] /rqt_gui_py_node_25363 http://ubuntu:44607/
[rosmaster.master][INFO] 2017-09-26 18:35:23,229: +SERVICE [/rqt_gui_py_node_25363/set_logger_level] /rqt_gui_py_node_25363 http://ubuntu:44607/
[rosmaster.master][INFO] 2017-09-26 18:35:23,254: publisherUpdate[/rosout] -> http://ubuntu:39908/ ['http://ubuntu:44607/']
[rosmaster.master][INFO] 2017-09-26 18:35:23,255: publisherUpdate[/rosout] -> http://ubuntu:39908/ ['http://ubuntu:44607/']: sec=0.00, result=[1, '', 0]
[rosmaster.master][INFO] 2017-09-26 18:35:27,246: -PUB [/rosout] /rqt_gui_py_node_25363 http://ubuntu:44607/
[rosmaster.master][INFO] 2017-09-26 18:35:27,246: -SERVICE [/rqt_gui_py_node_25363/get_loggers] /rqt_gui_py_node_25363 rosrpc://ubuntu:45124
[rosmaster.master][INFO] 2017-09-26 18:35:27,246: -SERVICE [/rqt_gui_py_node_25363/set_logger_level] /rqt_gui_py_node_25363 rosrpc://ubuntu:45124
[rosmaster.master][INFO] 2017-09-26 18:35:27,277: publisherUpdate[/rosout] -> http://ubuntu:39908/ []
[rosmaster.master][INFO] 2017-09-26 18:35:27,279: publisherUpdate[/rosout] -> http://ubuntu:39908/ []: sec=0.00, result=[1, '', 0]
[rosmaster.master][INFO] 2017-09-26 18:35:33,018: -PUB [/rosout_agg] /rosout http://ubuntu:39908/
[rosmaster.master][INFO] 2017-09-26 18:35:33,019: -SUB [/rosout] /rosout http://ubuntu:39908/
[rosmaster.master][INFO] 2017-09-26 18:35:33,019: -SERVICE [/rosout/get_loggers] /rosout rosrpc://ubuntu:58488
[rosmaster.master][INFO] 2017-09-26 18:35:33,020: -SERVICE [/rosout/set_logger_level] /rosout rosrpc://ubuntu:58488
[rosmaster.main][INFO] 2017-09-26 18:35:33,039: keyboard interrupt, will exit
[rosmaster.main][INFO] 2017-09-26 18:35:33,039: stopping master...
[rospy.core][INFO] 2017-09-26 18:35:33,039: signal_shutdown [atexit]
