[rosmaster.main][INFO] 2017-09-21 19:13:39,894: initialization complete, waiting for shutdown
[rosmaster.main][INFO] 2017-09-21 19:13:39,894: Starting ROS Master Node
[xmlrpc][INFO] 2017-09-21 19:13:39,895: XML-RPC server binding to 0.0.0.0:11311
[xmlrpc][INFO] 2017-09-21 19:13:39,895: Started XML-RPC server [http://ubuntu:11311/]
[rosmaster.master][INFO] 2017-09-21 19:13:39,895: Master initialized: port[11311], uri[http://ubuntu:11311/]
[xmlrpc][INFO] 2017-09-21 19:13:39,895: xml rpc node: starting XML-RPC server
[rosmaster.master][INFO] 2017-09-21 19:13:39,947: +PARAM [/run_id] by /roslaunch
[rosmaster.master][INFO] 2017-09-21 19:13:39,949: +PARAM [/roslaunch/uris/host_ubuntu__46526] by /roslaunch
[rosmaster.master][INFO] 2017-09-21 19:13:40,024: +PARAM [/rosversion] by /roslaunch
[rosmaster.master][INFO] 2017-09-21 19:13:40,025: +PARAM [/rosdistro] by /roslaunch
[rosmaster.master][INFO] 2017-09-21 19:13:40,025: +PARAM [/camera/device_id] by /roslaunch
[rosmaster.master][INFO] 2017-09-21 19:13:40,037: +SERVICE [/rosout/get_loggers] /rosout http://ubuntu:33623/
[rosmaster.master][INFO] 2017-09-21 19:13:40,038: +SERVICE [/rosout/set_logger_level] /rosout http://ubuntu:33623/
[rosmaster.master][INFO] 2017-09-21 19:13:40,046: +PUB [/rosout_agg] /rosout http://ubuntu:33623/
[rosmaster.master][INFO] 2017-09-21 19:13:40,059: +SUB [/rosout] /rosout http://ubuntu:33623/
[rosmaster.master][INFO] 2017-09-21 19:13:40,146: +PUB [/rosout] /image_converter http://ubuntu:45642/
[rosmaster.master][INFO] 2017-09-21 19:13:40,147: +SERVICE [/image_converter/get_loggers] /image_converter http://ubuntu:45642/
[rosmaster.master][INFO] 2017-09-21 19:13:40,148: +SERVICE [/image_converter/set_logger_level] /image_converter http://ubuntu:45642/
[rosmaster.master][INFO] 2017-09-21 19:13:40,182: +PUB [/rosout] /camera http://ubuntu:42887/
[rosmaster.master][INFO] 2017-09-21 19:13:40,183: +SERVICE [/camera/get_loggers] /camera http://ubuntu:42887/
[rosmaster.master][INFO] 2017-09-21 19:13:40,185: +SERVICE [/camera/set_logger_level] /camera http://ubuntu:42887/
[rosmaster.master][INFO] 2017-09-21 19:13:40,188: +PUB [/rosout] /view http://ubuntu:33548/
[rosmaster.master][INFO] 2017-09-21 19:13:40,189: +SERVICE [/view/get_loggers] /view http://ubuntu:33548/
[rosmaster.master][INFO] 2017-09-21 19:13:40,191: +SERVICE [/view/set_logger_level] /view http://ubuntu:33548/
[rosmaster.master][INFO] 2017-09-21 19:13:40,197: publisherUpdate[/rosout] -> http://ubuntu:33623/ ['http://ubuntu:45642/']
[rosmaster.master][INFO] 2017-09-21 19:13:40,200: publisherUpdate[/rosout] -> http://ubuntu:33623/ ['http://ubuntu:45642/']: sec=0.00, result=[1, '', 0]
[rosmaster.master][INFO] 2017-09-21 19:13:40,200: publisherUpdate[/rosout] -> http://ubuntu:33623/ ['http://ubuntu:45642/', 'http://ubuntu:42887/']
[rosmaster.master][INFO] 2017-09-21 19:13:40,202: publisherUpdate[/rosout] -> http://ubuntu:33623/ ['http://ubuntu:45642/', 'http://ubuntu:42887/']: sec=0.00, result=[1, '', 0]
[rosmaster.master][INFO] 2017-09-21 19:13:40,202: publisherUpdate[/rosout] -> http://ubuntu:33623/ ['http://ubuntu:45642/', 'http://ubuntu:42887/', 'http://ubuntu:33548/']
[rosmaster.master][INFO] 2017-09-21 19:13:40,202: publisherUpdate[/rosout] -> http://ubuntu:33623/ ['http://ubuntu:45642/', 'http://ubuntu:42887/', 'http://ubuntu:33548/']: sec=0.00, result=[1, '', 0]
[rosmaster.master][INFO] 2017-09-21 19:13:40,219: +SUB [/tf] /view http://ubuntu:33548/
[rosmaster.master][INFO] 2017-09-21 19:13:40,227: +SUB [/tf_static] /view http://ubuntu:33548/
[rosmaster.master][INFO] 2017-09-21 19:13:40,242: +SERVICE [/camera/set_camera_info] /camera http://ubuntu:42887/
[rosmaster.master][INFO] 2017-09-21 19:13:40,270: +PUB [/image/screenpoint] /view http://ubuntu:33548/
[rosmaster.master][INFO] 2017-09-21 19:13:40,271: +PUB [/image/screenpoint_array] /view http://ubuntu:33548/
[rosmaster.master][INFO] 2017-09-21 19:13:40,272: +PUB [/image/screenrectangle] /view http://ubuntu:33548/
[rosmaster.master][INFO] 2017-09-21 19:13:40,272: +PUB [/image/screenrectangle_image] /view http://ubuntu:33548/
[rosmaster.master][INFO] 2017-09-21 19:13:40,274: +PUB [/image/movepoint] /view http://ubuntu:33548/
[rosmaster.master][INFO] 2017-09-21 19:13:40,275: +PUB [/image/foreground] /view http://ubuntu:33548/
[rosmaster.master][INFO] 2017-09-21 19:13:40,275: +PUB [/image/background] /view http://ubuntu:33548/
[rosmaster.master][INFO] 2017-09-21 19:13:40,276: +PUB [/image/foreground_rect] /view http://ubuntu:33548/
[rosmaster.master][INFO] 2017-09-21 19:13:40,278: +PUB [/image/background_rect] /view http://ubuntu:33548/
[rosmaster.master][INFO] 2017-09-21 19:13:40,279: +PUB [/image/line] /view http://ubuntu:33548/
[rosmaster.master][INFO] 2017-09-21 19:13:40,280: +PUB [/image/poly] /view http://ubuntu:33548/
[rosmaster.master][INFO] 2017-09-21 19:13:40,284: +SUB [/camera/image_raw] /image_converter http://ubuntu:45642/
[rosmaster.master][INFO] 2017-09-21 19:13:40,342: +PUB [/image/compressedDepth] /image_converter http://ubuntu:45642/
[rosmaster.master][INFO] 2017-09-21 19:13:40,343: +SERVICE [/image/compressedDepth/set_parameters] /image_converter http://ubuntu:45642/
[rosmaster.master][INFO] 2017-09-21 19:13:40,344: +PUB [/image/compressedDepth/parameter_descriptions] /image_converter http://ubuntu:45642/
[rosmaster.master][INFO] 2017-09-21 19:13:40,345: +PUB [/image/compressedDepth/parameter_updates] /image_converter http://ubuntu:45642/
[rosmaster.master][INFO] 2017-09-21 19:13:40,347: +PARAM [/image/compressedDepth/depth_max] by /image_converter
[rosmaster.master][INFO] 2017-09-21 19:13:40,348: +PARAM [/image/compressedDepth/depth_quantization] by /image_converter
[rosmaster.master][INFO] 2017-09-21 19:13:40,348: +PARAM [/image/compressedDepth/png_level] by /image_converter
[rosmaster.master][INFO] 2017-09-21 19:13:40,351: +PARAM [/image/compressedDepth/depth_max] by /image_converter
[rosmaster.master][INFO] 2017-09-21 19:13:40,351: +PARAM [/image/compressedDepth/depth_quantization] by /image_converter
[rosmaster.master][INFO] 2017-09-21 19:13:40,354: +PARAM [/image/compressedDepth/png_level] by /image_converter
[rosmaster.master][INFO] 2017-09-21 19:13:40,360: +PUB [/image_marked/compressedDepth] /view http://ubuntu:33548/
[rosmaster.master][INFO] 2017-09-21 19:13:40,361: +SERVICE [/image_marked/compressedDepth/set_parameters] /view http://ubuntu:33548/
[rosmaster.master][INFO] 2017-09-21 19:13:40,363: +PUB [/image_marked/compressedDepth/parameter_descriptions] /view http://ubuntu:33548/
[rosmaster.master][INFO] 2017-09-21 19:13:40,363: +PUB [/image_marked/compressedDepth/parameter_updates] /view http://ubuntu:33548/
[rosmaster.master][INFO] 2017-09-21 19:13:40,368: +PARAM [/image_marked/compressedDepth/depth_max] by /view
[rosmaster.master][INFO] 2017-09-21 19:13:40,371: +PARAM [/image_marked/compressedDepth/depth_quantization] by /view
[rosmaster.master][INFO] 2017-09-21 19:13:40,371: +PARAM [/image_marked/compressedDepth/png_level] by /view
[rosmaster.master][INFO] 2017-09-21 19:13:40,372: +PARAM [/image_marked/compressedDepth/depth_max] by /view
[rosmaster.master][INFO] 2017-09-21 19:13:40,375: +PARAM [/image_marked/compressedDepth/depth_quantization] by /view
[rosmaster.master][INFO] 2017-09-21 19:13:40,375: +PARAM [/image_marked/compressedDepth/png_level] by /view
[rosmaster.master][INFO] 2017-09-21 19:13:40,416: +PUB [/image/compressed] /image_converter http://ubuntu:45642/
[rosmaster.master][INFO] 2017-09-21 19:13:40,417: +SERVICE [/image/compressed/set_parameters] /image_converter http://ubuntu:45642/
[rosmaster.master][INFO] 2017-09-21 19:13:40,418: +PUB [/image/compressed/parameter_descriptions] /image_converter http://ubuntu:45642/
[rosmaster.master][INFO] 2017-09-21 19:13:40,419: +PUB [/image/compressed/parameter_updates] /image_converter http://ubuntu:45642/
[rosmaster.master][INFO] 2017-09-21 19:13:40,421: +PARAM [/image/compressed/format] by /image_converter
[rosmaster.master][INFO] 2017-09-21 19:13:40,421: +PARAM [/image/compressed/jpeg_quality] by /image_converter
[rosmaster.master][INFO] 2017-09-21 19:13:40,422: +PARAM [/image/compressed/png_level] by /image_converter
[rosmaster.master][INFO] 2017-09-21 19:13:40,424: +PARAM [/image/compressed/format] by /image_converter
[rosmaster.master][INFO] 2017-09-21 19:13:40,427: +PARAM [/image/compressed/jpeg_quality] by /image_converter
[rosmaster.master][INFO] 2017-09-21 19:13:40,428: +PARAM [/image/compressed/png_level] by /image_converter
[rosmaster.master][INFO] 2017-09-21 19:13:40,438: +PUB [/image_marked/compressed] /view http://ubuntu:33548/
[rosmaster.master][INFO] 2017-09-21 19:13:40,439: +SERVICE [/image_marked/compressed/set_parameters] /view http://ubuntu:33548/
[rosmaster.master][INFO] 2017-09-21 19:13:40,440: +PUB [/image_marked/compressed/parameter_descriptions] /view http://ubuntu:33548/
[rosmaster.master][INFO] 2017-09-21 19:13:40,442: +PUB [/image_marked/compressed/parameter_updates] /view http://ubuntu:33548/
[rosmaster.master][INFO] 2017-09-21 19:13:40,445: +PARAM [/image_marked/compressed/format] by /view
[rosmaster.master][INFO] 2017-09-21 19:13:40,445: +PARAM [/image_marked/compressed/jpeg_quality] by /view
[rosmaster.master][INFO] 2017-09-21 19:13:40,446: +PARAM [/image_marked/compressed/png_level] by /view
[rosmaster.master][INFO] 2017-09-21 19:13:40,447: +PARAM [/image_marked/compressed/format] by /view
[rosmaster.master][INFO] 2017-09-21 19:13:40,451: +PARAM [/image_marked/compressed/jpeg_quality] by /view
[rosmaster.master][INFO] 2017-09-21 19:13:40,452: +PARAM [/image_marked/compressed/png_level] by /view
[rosmaster.master][INFO] 2017-09-21 19:13:40,505: +PUB [/image] /image_converter http://ubuntu:45642/
[rosmaster.master][INFO] 2017-09-21 19:13:40,530: +PUB [/image_marked] /view http://ubuntu:33548/
[rosmaster.master][INFO] 2017-09-21 19:13:40,542: +PUB [/camera/image_raw/compressedDepth] /camera http://ubuntu:42887/
[rosmaster.master][INFO] 2017-09-21 19:13:40,543: +SERVICE [/camera/image_raw/compressedDepth/set_parameters] /camera http://ubuntu:42887/
[rosmaster.master][INFO] 2017-09-21 19:13:40,543: +PUB [/camera/image_raw/compressedDepth/parameter_descriptions] /camera http://ubuntu:42887/
[rosmaster.master][INFO] 2017-09-21 19:13:40,544: +PUB [/camera/image_raw/compressedDepth/parameter_updates] /camera http://ubuntu:42887/
[rosmaster.master][INFO] 2017-09-21 19:13:40,546: +PARAM [/camera/image_raw/compressedDepth/depth_max] by /camera
[rosmaster.master][INFO] 2017-09-21 19:13:40,547: +PARAM [/camera/image_raw/compressedDepth/depth_quantization] by /camera
[rosmaster.master][INFO] 2017-09-21 19:13:40,548: +PARAM [/camera/image_raw/compressedDepth/png_level] by /camera
[rosmaster.master][INFO] 2017-09-21 19:13:40,548: +PARAM [/camera/image_raw/compressedDepth/depth_max] by /camera
[rosmaster.master][INFO] 2017-09-21 19:13:40,549: +PARAM [/camera/image_raw/compressedDepth/depth_quantization] by /camera
[rosmaster.master][INFO] 2017-09-21 19:13:40,550: +PARAM [/camera/image_raw/compressedDepth/png_level] by /camera
[rosmaster.master][INFO] 2017-09-21 19:13:40,598: +PUB [/image/theora] /image_converter http://ubuntu:45642/
[rosmaster.master][INFO] 2017-09-21 19:13:40,600: +SERVICE [/image/theora/set_parameters] /image_converter http://ubuntu:45642/
[rosmaster.master][INFO] 2017-09-21 19:13:40,604: +PUB [/image/theora/parameter_descriptions] /image_converter http://ubuntu:45642/
[rosmaster.master][INFO] 2017-09-21 19:13:40,605: +PUB [/image/theora/parameter_updates] /image_converter http://ubuntu:45642/
[rosmaster.master][INFO] 2017-09-21 19:13:40,618: +PARAM [/image/theora/optimize_for] by /image_converter
[rosmaster.master][INFO] 2017-09-21 19:13:40,620: +PARAM [/image/theora/target_bitrate] by /image_converter
[rosmaster.master][INFO] 2017-09-21 19:13:40,621: +PARAM [/image/theora/quality] by /image_converter
[rosmaster.master][INFO] 2017-09-21 19:13:40,622: +PARAM [/image/theora/keyframe_frequency] by /image_converter
[rosmaster.master][INFO] 2017-09-21 19:13:40,628: +PARAM [/image/theora/optimize_for] by /image_converter
[rosmaster.master][INFO] 2017-09-21 19:13:40,629: +PUB [/image_marked/theora] /view http://ubuntu:33548/
[rosmaster.master][INFO] 2017-09-21 19:13:40,630: +PARAM [/image/theora/target_bitrate] by /image_converter
[rosmaster.master][INFO] 2017-09-21 19:13:40,630: +PARAM [/image/theora/quality] by /image_converter
[rosmaster.master][INFO] 2017-09-21 19:13:40,631: +SERVICE [/image_marked/theora/set_parameters] /view http://ubuntu:33548/
[rosmaster.master][INFO] 2017-09-21 19:13:40,632: +PARAM [/image/theora/keyframe_frequency] by /image_converter
[rosmaster.master][INFO] 2017-09-21 19:13:40,634: +PUB [/image_marked/theora/parameter_descriptions] /view http://ubuntu:33548/
[rosmaster.master][INFO] 2017-09-21 19:13:40,635: +PUB [/image_marked/theora/parameter_updates] /view http://ubuntu:33548/
[rosmaster.master][INFO] 2017-09-21 19:13:40,637: +PUB [/camera/image_raw/compressed] /camera http://ubuntu:42887/
[rosmaster.master][INFO] 2017-09-21 19:13:40,638: +SERVICE [/camera/image_raw/compressed/set_parameters] /camera http://ubuntu:42887/
[rosmaster.master][INFO] 2017-09-21 19:13:40,640: +PUB [/camera/image_raw/compressed/parameter_descriptions] /camera http://ubuntu:42887/
[rosmaster.master][INFO] 2017-09-21 19:13:40,641: +PUB [/camera/image_raw/compressed/parameter_updates] /camera http://ubuntu:42887/
[rosmaster.master][INFO] 2017-09-21 19:13:40,643: +PARAM [/image_marked/theora/optimize_for] by /view
[rosmaster.master][INFO] 2017-09-21 19:13:40,644: +PARAM [/image_marked/theora/target_bitrate] by /view
[rosmaster.master][INFO] 2017-09-21 19:13:40,646: +PARAM [/image_marked/theora/quality] by /view
[rosmaster.master][INFO] 2017-09-21 19:13:40,646: +PARAM [/camera/image_raw/compressed/format] by /camera
[rosmaster.master][INFO] 2017-09-21 19:13:40,647: +PARAM [/image_marked/theora/keyframe_frequency] by /view
[rosmaster.master][INFO] 2017-09-21 19:13:40,648: +PARAM [/camera/image_raw/compressed/jpeg_quality] by /camera
[rosmaster.master][INFO] 2017-09-21 19:13:40,648: +PARAM [/image_marked/theora/optimize_for] by /view
[rosmaster.master][INFO] 2017-09-21 19:13:40,649: +PARAM [/camera/image_raw/compressed/png_level] by /camera
[rosmaster.master][INFO] 2017-09-21 19:13:40,650: +PARAM [/image_marked/theora/target_bitrate] by /view
[rosmaster.master][INFO] 2017-09-21 19:13:40,651: +PARAM [/camera/image_raw/compressed/format] by /camera
[rosmaster.master][INFO] 2017-09-21 19:13:40,651: +PARAM [/image_marked/theora/quality] by /view
[rosmaster.master][INFO] 2017-09-21 19:13:40,652: +PARAM [/camera/image_raw/compressed/jpeg_quality] by /camera
[rosmaster.master][INFO] 2017-09-21 19:13:40,652: +PARAM [/image_marked/theora/keyframe_frequency] by /view
[rosmaster.master][INFO] 2017-09-21 19:13:40,658: +PARAM [/camera/image_raw/compressed/png_level] by /camera
[rosmaster.master][INFO] 2017-09-21 19:13:40,706: +PUB [/image/marked/compressedDepth] /view http://ubuntu:33548/
[rosmaster.master][INFO] 2017-09-21 19:13:40,707: +SERVICE [/image/marked/compressedDepth/set_parameters] /view http://ubuntu:33548/
[rosmaster.master][INFO] 2017-09-21 19:13:40,708: +PUB [/image/marked/compressedDepth/parameter_descriptions] /view http://ubuntu:33548/
[rosmaster.master][INFO] 2017-09-21 19:13:40,708: +PUB [/image/marked/compressedDepth/parameter_updates] /view http://ubuntu:33548/
[rosmaster.master][INFO] 2017-09-21 19:13:40,711: +PARAM [/image/marked/compressedDepth/depth_max] by /view
[rosmaster.master][INFO] 2017-09-21 19:13:40,711: +PARAM [/image/marked/compressedDepth/depth_quantization] by /view
[rosmaster.master][INFO] 2017-09-21 19:13:40,712: +PUB [/camera/image_raw] /camera http://ubuntu:42887/
[rosmaster.master][INFO] 2017-09-21 19:13:40,712: +PARAM [/image/marked/compressedDepth/png_level] by /view
[rosmaster.master][INFO] 2017-09-21 19:13:40,715: +PARAM [/image/marked/compressedDepth/depth_max] by /view
[rosmaster.master][INFO] 2017-09-21 19:13:40,716: +PARAM [/image/marked/compressedDepth/depth_quantization] by /view
[rosmaster.master][INFO] 2017-09-21 19:13:40,718: +PARAM [/image/marked/compressedDepth/png_level] by /view
[rosmaster.master][INFO] 2017-09-21 19:13:40,770: +PUB [/camera/image_raw/theora] /camera http://ubuntu:42887/
[rosmaster.master][INFO] 2017-09-21 19:13:40,770: +PUB [/image/marked/compressed] /view http://ubuntu:33548/
[rosmaster.master][INFO] 2017-09-21 19:13:40,771: +SERVICE [/camera/image_raw/theora/set_parameters] /camera http://ubuntu:42887/
[rosmaster.master][INFO] 2017-09-21 19:13:40,772: +SERVICE [/image/marked/compressed/set_parameters] /view http://ubuntu:33548/
[rosmaster.master][INFO] 2017-09-21 19:13:40,772: +PUB [/camera/image_raw/theora/parameter_descriptions] /camera http://ubuntu:42887/
[rosmaster.master][INFO] 2017-09-21 19:13:40,773: +PUB [/image/marked/compressed/parameter_descriptions] /view http://ubuntu:33548/
[rosmaster.master][INFO] 2017-09-21 19:13:40,774: +PUB [/camera/image_raw/theora/parameter_updates] /camera http://ubuntu:42887/
[rosmaster.master][INFO] 2017-09-21 19:13:40,774: +PUB [/image/marked/compressed/parameter_updates] /view http://ubuntu:33548/
[rosmaster.master][INFO] 2017-09-21 19:13:40,779: +PARAM [/image/marked/compressed/format] by /view
[rosmaster.master][INFO] 2017-09-21 19:13:40,779: +PARAM [/camera/image_raw/theora/optimize_for] by /camera
[rosmaster.master][INFO] 2017-09-21 19:13:40,780: +PARAM [/image/marked/compressed/jpeg_quality] by /view
[rosmaster.master][INFO] 2017-09-21 19:13:40,781: +PARAM [/camera/image_raw/theora/target_bitrate] by /camera
[rosmaster.master][INFO] 2017-09-21 19:13:40,781: +PARAM [/image/marked/compressed/png_level] by /view
[rosmaster.master][INFO] 2017-09-21 19:13:40,782: +PARAM [/camera/image_raw/theora/quality] by /camera
[rosmaster.master][INFO] 2017-09-21 19:13:40,783: +PARAM [/image/marked/compressed/format] by /view
[rosmaster.master][INFO] 2017-09-21 19:13:40,783: +PARAM [/camera/image_raw/theora/keyframe_frequency] by /camera
[rosmaster.master][INFO] 2017-09-21 19:13:40,784: +PARAM [/image/marked/compressed/jpeg_quality] by /view
[rosmaster.master][INFO] 2017-09-21 19:13:40,785: +PARAM [/camera/image_raw/theora/optimize_for] by /camera
[rosmaster.master][INFO] 2017-09-21 19:13:40,785: +PARAM [/image/marked/compressed/png_level] by /view
[rosmaster.master][INFO] 2017-09-21 19:13:40,790: +PARAM [/camera/image_raw/theora/target_bitrate] by /camera
[rosmaster.master][INFO] 2017-09-21 19:13:40,795: +PARAM [/camera/image_raw/theora/quality] by /camera
[rosmaster.master][INFO] 2017-09-21 19:13:40,796: +PARAM [/camera/image_raw/theora/keyframe_frequency] by /camera
[rosmaster.master][INFO] 2017-09-21 19:13:40,796: +PUB [/camera/camera_info] /camera http://ubuntu:42887/
[rosmaster.master][INFO] 2017-09-21 19:13:40,804: publisherUpdate[/camera/image_raw] -> http://ubuntu:45642/ ['http://ubuntu:42887/']
[rosmaster.master][INFO] 2017-09-21 19:13:40,805: publisherUpdate[/camera/image_raw] -> http://ubuntu:45642/ ['http://ubuntu:42887/']: sec=0.00, result=[1, '', 0]
[rosmaster.master][INFO] 2017-09-21 19:13:40,830: +PUB [/image/marked] /view http://ubuntu:33548/
[rosmaster.master][INFO] 2017-09-21 19:13:40,856: +PUB [/image/marked/theora] /view http://ubuntu:33548/
[rosmaster.master][INFO] 2017-09-21 19:13:40,857: +SERVICE [/image/marked/theora/set_parameters] /view http://ubuntu:33548/
[rosmaster.master][INFO] 2017-09-21 19:13:40,858: +PUB [/image/marked/theora/parameter_descriptions] /view http://ubuntu:33548/
[rosmaster.master][INFO] 2017-09-21 19:13:40,859: +PUB [/image/marked/theora/parameter_updates] /view http://ubuntu:33548/
[rosmaster.master][INFO] 2017-09-21 19:13:40,861: +PARAM [/image/marked/theora/optimize_for] by /view
[rosmaster.master][INFO] 2017-09-21 19:13:40,862: +PARAM [/image/marked/theora/target_bitrate] by /view
[rosmaster.master][INFO] 2017-09-21 19:13:40,863: +PARAM [/image/marked/theora/quality] by /view
[rosmaster.master][INFO] 2017-09-21 19:13:40,863: +PARAM [/image/marked/theora/keyframe_frequency] by /view
[rosmaster.master][INFO] 2017-09-21 19:13:40,864: +PARAM [/image/marked/theora/optimize_for] by /view
[rosmaster.master][INFO] 2017-09-21 19:13:40,864: +PARAM [/image/marked/theora/target_bitrate] by /view
[rosmaster.master][INFO] 2017-09-21 19:13:40,865: +PARAM [/image/marked/theora/quality] by /view
[rosmaster.master][INFO] 2017-09-21 19:13:40,866: +PARAM [/image/marked/theora/keyframe_frequency] by /view
[rosmaster.master][INFO] 2017-09-21 19:13:40,895: +SUB [/image] /view http://ubuntu:33548/
[rosmaster.master][INFO] 2017-09-21 19:13:40,899: +SUB [/camera_info] /view http://ubuntu:33548/
[rosmaster.master][INFO] 2017-09-21 19:13:40,902: +SUB [/image_marker] /view http://ubuntu:33548/
[rosmaster.master][INFO] 2017-09-21 19:13:40,905: +SUB [/image/event] /view http://ubuntu:33548/
[rosmaster.master][INFO] 2017-09-21 19:13:40,906: +SERVICE [/view/change_mode] /view http://ubuntu:33548/
[rosmaster.master][INFO] 2017-09-21 19:13:40,906: +SERVICE [/view/rectangle_mode] /view http://ubuntu:33548/
[rosmaster.master][INFO] 2017-09-21 19:13:40,907: +SERVICE [/view/grabcut_mode] /view http://ubuntu:33548/
[rosmaster.master][INFO] 2017-09-21 19:13:40,908: +SERVICE [/view/grabcut_rect_mode] /view http://ubuntu:33548/
[rosmaster.master][INFO] 2017-09-21 19:13:40,908: +SERVICE [/view/line_mode] /view http://ubuntu:33548/
[rosmaster.master][INFO] 2017-09-21 19:13:40,909: +SERVICE [/view/poly_mode] /view http://ubuntu:33548/
[rosmaster.master][INFO] 2017-09-21 19:13:40,910: +SERVICE [/view/none_mode] /view http://ubuntu:33548/
[rosmaster.master][INFO] 2017-09-21 19:13:40,910: +SERVICE [/view/set_parameters] /view http://ubuntu:33548/
[rosmaster.master][INFO] 2017-09-21 19:13:40,911: +PUB [/view/parameter_descriptions] /view http://ubuntu:33548/
[rosmaster.master][INFO] 2017-09-21 19:13:40,912: +PUB [/view/parameter_updates] /view http://ubuntu:33548/
[rosmaster.master][INFO] 2017-09-21 19:13:40,917: +PARAM [/view/grid] by /view
[rosmaster.master][INFO] 2017-09-21 19:13:40,918: +PARAM [/view/fisheye_mode] by /view
[rosmaster.master][INFO] 2017-09-21 19:13:40,919: +PARAM [/view/div_u] by /view
[rosmaster.master][INFO] 2017-09-21 19:13:40,919: +PARAM [/view/div_v] by /view
[rosmaster.master][INFO] 2017-09-21 19:13:40,920: +PARAM [/view/grid_red] by /view
[rosmaster.master][INFO] 2017-09-21 19:13:40,921: +PARAM [/view/grid_green] by /view
[rosmaster.master][INFO] 2017-09-21 19:13:40,921: +PARAM [/view/grid_blue] by /view
[rosmaster.master][INFO] 2017-09-21 19:13:40,922: +PARAM [/view/grid_thickness] by /view
[rosmaster.master][INFO] 2017-09-21 19:13:40,923: +PARAM [/view/grid_space] by /view
[rosmaster.master][INFO] 2017-09-21 19:13:40,923: +PARAM [/view/grid] by /view
[rosmaster.master][INFO] 2017-09-21 19:13:40,924: +PARAM [/view/fisheye_mode] by /view
[rosmaster.master][INFO] 2017-09-21 19:13:40,925: +PARAM [/view/div_u] by /view
[rosmaster.master][INFO] 2017-09-21 19:13:40,926: +PARAM [/view/div_v] by /view
[rosmaster.master][INFO] 2017-09-21 19:13:40,926: +PARAM [/view/grid_red] by /view
[rosmaster.master][INFO] 2017-09-21 19:13:40,927: +PARAM [/view/grid_green] by /view
[rosmaster.master][INFO] 2017-09-21 19:13:40,927: +PARAM [/view/grid_blue] by /view
[rosmaster.master][INFO] 2017-09-21 19:13:40,928: +PARAM [/view/grid_thickness] by /view
[rosmaster.master][INFO] 2017-09-21 19:13:40,929: +PARAM [/view/grid_space] by /view
[rosmaster.master][INFO] 2017-09-21 19:13:49,062: -PUB [/rosout] /view http://ubuntu:33548/
[rosmaster.master][INFO] 2017-09-21 19:13:49,063: -PUB [/image/screenpoint] /view http://ubuntu:33548/
[rosmaster.master][INFO] 2017-09-21 19:13:49,064: -PUB [/image/screenpoint_array] /view http://ubuntu:33548/
[rosmaster.master][INFO] 2017-09-21 19:13:49,065: -PUB [/rosout] /camera http://ubuntu:42887/
[rosmaster.master][INFO] 2017-09-21 19:13:49,065: -PUB [/camera/image_raw/compressedDepth] /camera http://ubuntu:42887/
[rosmaster.master][INFO] 2017-09-21 19:13:49,066: -PUB [/camera/image_raw/compressedDepth/parameter_descriptions] /camera http://ubuntu:42887/
[rosmaster.master][INFO] 2017-09-21 19:13:49,069: -PUB [/image/screenrectangle] /view http://ubuntu:33548/
[rosmaster.master][INFO] 2017-09-21 19:13:49,076: -PUB [/camera/image_raw/compressedDepth/parameter_updates] /camera http://ubuntu:42887/
[rosmaster.master][INFO] 2017-09-21 19:13:49,081: -PUB [/image/screenrectangle_image] /view http://ubuntu:33548/
[rosmaster.master][INFO] 2017-09-21 19:13:49,082: -PUB [/camera/image_raw/compressed] /camera http://ubuntu:42887/
[rosmaster.master][INFO] 2017-09-21 19:13:49,084: -PUB [/image/movepoint] /view http://ubuntu:33548/
[rosmaster.master][INFO] 2017-09-21 19:13:49,084: -PUB [/camera/image_raw/compressed/parameter_descriptions] /camera http://ubuntu:42887/
[rosmaster.master][INFO] 2017-09-21 19:13:49,086: -PUB [/image/foreground] /view http://ubuntu:33548/
[rosmaster.master][INFO] 2017-09-21 19:13:49,092: -PUB [/camera/image_raw/compressed/parameter_updates] /camera http://ubuntu:42887/
[rosmaster.master][INFO] 2017-09-21 19:13:49,093: -PUB [/camera/image_raw] /camera http://ubuntu:42887/
[rosmaster.master][INFO] 2017-09-21 19:13:49,094: -PUB [/camera/image_raw/theora] /camera http://ubuntu:42887/
[rosmaster.master][INFO] 2017-09-21 19:13:49,096: -PUB [/image/background] /view http://ubuntu:33548/
[rosmaster.master][INFO] 2017-09-21 19:13:49,101: -PUB [/camera/image_raw/theora/parameter_descriptions] /camera http://ubuntu:42887/
[rosmaster.master][INFO] 2017-09-21 19:13:49,105: -PUB [/image/foreground_rect] /view http://ubuntu:33548/
[rosmaster.master][INFO] 2017-09-21 19:13:49,106: -PUB [/camera/image_raw/theora/parameter_updates] /camera http://ubuntu:42887/
[rosmaster.master][INFO] 2017-09-21 19:13:49,107: -PUB [/camera/camera_info] /camera http://ubuntu:42887/
[rosmaster.master][INFO] 2017-09-21 19:13:49,107: -SERVICE [/camera/get_loggers] /camera rosrpc://ubuntu:55239
[rosmaster.master][INFO] 2017-09-21 19:13:49,110: -PUB [/image/background_rect] /view http://ubuntu:33548/
[rosmaster.master][INFO] 2017-09-21 19:13:49,110: -SERVICE [/camera/set_logger_level] /camera rosrpc://ubuntu:55239
[rosmaster.master][INFO] 2017-09-21 19:13:49,111: -SERVICE [/camera/set_camera_info] /camera rosrpc://ubuntu:55239
[rosmaster.master][INFO] 2017-09-21 19:13:49,113: -PUB [/image/line] /view http://ubuntu:33548/
[rosmaster.master][INFO] 2017-09-21 19:13:49,114: -SERVICE [/camera/image_raw/compressedDepth/set_parameters] /camera rosrpc://ubuntu:55239
[rosmaster.master][INFO] 2017-09-21 19:13:49,116: -PUB [/image/poly] /view http://ubuntu:33548/
[rosmaster.master][INFO] 2017-09-21 19:13:49,117: -SERVICE [/camera/image_raw/compressed/set_parameters] /camera rosrpc://ubuntu:55239
[rosmaster.master][INFO] 2017-09-21 19:13:49,118: -PUB [/image_marked/compressedDepth] /view http://ubuntu:33548/
[rosmaster.master][INFO] 2017-09-21 19:13:49,124: -SERVICE [/camera/image_raw/theora/set_parameters] /camera rosrpc://ubuntu:55239
[rosmaster.master][INFO] 2017-09-21 19:13:49,125: -PUB [/image_marked/compressedDepth/parameter_descriptions] /view http://ubuntu:33548/
[rosmaster.master][INFO] 2017-09-21 19:13:49,126: -PUB [/image_marked/compressedDepth/parameter_updates] /view http://ubuntu:33548/
[rosmaster.master][INFO] 2017-09-21 19:13:49,127: -PUB [/image_marked/compressed] /view http://ubuntu:33548/
[rosmaster.master][INFO] 2017-09-21 19:13:49,128: -PUB [/image_marked/compressed/parameter_descriptions] /view http://ubuntu:33548/
[rosmaster.master][INFO] 2017-09-21 19:13:49,129: -PUB [/image_marked/compressed/parameter_updates] /view http://ubuntu:33548/
[rosmaster.master][INFO] 2017-09-21 19:13:49,130: -PUB [/image_marked] /view http://ubuntu:33548/
[rosmaster.master][INFO] 2017-09-21 19:13:49,132: -PUB [/image_marked/theora] /view http://ubuntu:33548/
[rosmaster.master][INFO] 2017-09-21 19:13:49,135: -PUB [/image_marked/theora/parameter_descriptions] /view http://ubuntu:33548/
[rosmaster.master][INFO] 2017-09-21 19:13:49,140: -PUB [/image_marked/theora/parameter_updates] /view http://ubuntu:33548/
[rosmaster.master][INFO] 2017-09-21 19:13:49,142: -PUB [/image/marked/compressedDepth] /view http://ubuntu:33548/
[rosmaster.master][INFO] 2017-09-21 19:13:49,145: -PUB [/image/marked/compressedDepth/parameter_descriptions] /view http://ubuntu:33548/
[rosmaster.master][INFO] 2017-09-21 19:13:49,145: -PUB [/image/marked/compressedDepth/parameter_updates] /view http://ubuntu:33548/
[rosmaster.master][INFO] 2017-09-21 19:13:49,146: -PUB [/image/marked/compressed] /view http://ubuntu:33548/
[rosmaster.master][INFO] 2017-09-21 19:13:49,151: publisherUpdate[/rosout] -> http://ubuntu:33623/ ['http://ubuntu:45642/', 'http://ubuntu:42887/']
[rosmaster.master][INFO] 2017-09-21 19:13:49,151: publisherUpdate[/camera/image_raw] -> http://ubuntu:45642/ []
[rosmaster.master][INFO] 2017-09-21 19:13:49,157: publisherUpdate[/rosout] -> http://ubuntu:33623/ ['http://ubuntu:45642/', 'http://ubuntu:42887/']: sec=0.01, result=[1, '', 0]
[rosmaster.master][INFO] 2017-09-21 19:13:49,158: publisherUpdate[/rosout] -> http://ubuntu:33623/ ['http://ubuntu:45642/']
[rosmaster.master][INFO] 2017-09-21 19:13:49,158: publisherUpdate[/rosout] -> http://ubuntu:33623/ ['http://ubuntu:45642/']: sec=0.00, result=[1, '', 0]
[rosmaster.master][INFO] 2017-09-21 19:13:49,158: publisherUpdate[/camera/image_raw] -> http://ubuntu:45642/ []: sec=0.01, exception=[Errno 111] Connection refused
[rosmaster.threadpool][ERROR] 2017-09-21 19:13:49,159: Traceback (most recent call last):
  File "/opt/ros/kinetic/lib/python2.7/dist-packages/rosmaster/threadpool.py", line 218, in run
    result = cmd(*args)
  File "/opt/ros/kinetic/lib/python2.7/dist-packages/rosmaster/master_api.py", line 210, in publisher_update_task
    ret = xmlrpcapi(api).publisherUpdate('/master', topic, pub_uris)
  File "/usr/lib/python2.7/xmlrpclib.py", line 1243, in __call__
    return self.__send(self.__name, args)
  File "/usr/lib/python2.7/xmlrpclib.py", line 1602, in __request
    verbose=self.__verbose
  File "/usr/lib/python2.7/xmlrpclib.py", line 1283, in request
    return self.single_request(host, handler, request_body, verbose)
  File "/usr/lib/python2.7/xmlrpclib.py", line 1311, in single_request
    self.send_content(h, request_body)
  File "/usr/lib/python2.7/xmlrpclib.py", line 1459, in send_content
    connection.endheaders(request_body)
  File "/usr/lib/python2.7/httplib.py", line 1053, in endheaders
    self._send_output(message_body)
  File "/usr/lib/python2.7/httplib.py", line 897, in _send_output
    self.send(msg)
  File "/usr/lib/python2.7/httplib.py", line 859, in send
    self.connect()
  File "/usr/lib/python2.7/httplib.py", line 836, in connect
    self.timeout, self.source_address)
  File "/usr/lib/python2.7/socket.py", line 575, in create_connection
    raise err
error: [Errno 111] Connection refused

[rosmaster.master][INFO] 2017-09-21 19:13:49,162: -PUB [/image/marked/compressed/parameter_descriptions] /view http://ubuntu:33548/
[rosmaster.master][INFO] 2017-09-21 19:13:49,167: -PUB [/image/marked/compressed/parameter_updates] /view http://ubuntu:33548/
[rosmaster.master][INFO] 2017-09-21 19:13:49,169: -PUB [/image/marked] /view http://ubuntu:33548/
[rosmaster.master][INFO] 2017-09-21 19:13:49,172: -PUB [/image/marked/theora] /view http://ubuntu:33548/
[rosmaster.master][INFO] 2017-09-21 19:13:49,174: -PUB [/image/marked/theora/parameter_descriptions] /view http://ubuntu:33548/
[rosmaster.master][INFO] 2017-09-21 19:13:49,180: -PUB [/image/marked/theora/parameter_updates] /view http://ubuntu:33548/
[rosmaster.master][INFO] 2017-09-21 19:13:49,182: -PUB [/view/parameter_descriptions] /view http://ubuntu:33548/
[rosmaster.master][INFO] 2017-09-21 19:13:49,184: -PUB [/view/parameter_updates] /view http://ubuntu:33548/
[rosmaster.master][INFO] 2017-09-21 19:13:49,186: -SUB [/tf] /view http://ubuntu:33548/
[rosmaster.master][INFO] 2017-09-21 19:13:49,189: -SUB [/tf_static] /view http://ubuntu:33548/
[rosmaster.master][INFO] 2017-09-21 19:13:49,190: -SUB [/image] /view http://ubuntu:33548/
[rosmaster.master][INFO] 2017-09-21 19:13:49,190: -SUB [/camera_info] /view http://ubuntu:33548/
[rosmaster.master][INFO] 2017-09-21 19:13:49,191: -SUB [/image_marker] /view http://ubuntu:33548/
[rosmaster.master][INFO] 2017-09-21 19:13:49,192: -SUB [/image/event] /view http://ubuntu:33548/
[rosmaster.master][INFO] 2017-09-21 19:13:49,193: -SERVICE [/view/get_loggers] /view rosrpc://ubuntu:56719
[rosmaster.master][INFO] 2017-09-21 19:13:49,194: -SERVICE [/view/set_logger_level] /view rosrpc://ubuntu:56719
[rosmaster.master][INFO] 2017-09-21 19:13:49,196: -SERVICE [/image_marked/compressedDepth/set_parameters] /view rosrpc://ubuntu:56719
[rosmaster.master][INFO] 2017-09-21 19:13:49,197: -SERVICE [/image_marked/compressed/set_parameters] /view rosrpc://ubuntu:56719
[rosmaster.master][INFO] 2017-09-21 19:13:49,200: -SERVICE [/image_marked/theora/set_parameters] /view rosrpc://ubuntu:56719
[rosmaster.master][INFO] 2017-09-21 19:13:49,203: -SERVICE [/image/marked/compressedDepth/set_parameters] /view rosrpc://ubuntu:56719
[rosmaster.master][INFO] 2017-09-21 19:13:49,203: -SERVICE [/image/marked/compressed/set_parameters] /view rosrpc://ubuntu:56719
[rosmaster.master][INFO] 2017-09-21 19:13:49,204: -SERVICE [/image/marked/theora/set_parameters] /view rosrpc://ubuntu:56719
[rosmaster.master][INFO] 2017-09-21 19:13:49,206: -SERVICE [/view/change_mode] /view rosrpc://ubuntu:56719
[rosmaster.master][INFO] 2017-09-21 19:13:49,207: -SERVICE [/view/rectangle_mode] /view rosrpc://ubuntu:56719
[rosmaster.master][INFO] 2017-09-21 19:13:49,208: -SERVICE [/view/grabcut_mode] /view rosrpc://ubuntu:56719
[rosmaster.master][INFO] 2017-09-21 19:13:49,210: -SERVICE [/view/grabcut_rect_mode] /view rosrpc://ubuntu:56719
[rosmaster.master][INFO] 2017-09-21 19:13:49,211: -SERVICE [/view/line_mode] /view rosrpc://ubuntu:56719
[rosmaster.master][INFO] 2017-09-21 19:13:49,214: -SERVICE [/view/poly_mode] /view rosrpc://ubuntu:56719
[rosmaster.master][INFO] 2017-09-21 19:13:49,217: -SERVICE [/view/none_mode] /view rosrpc://ubuntu:56719
[rosmaster.master][INFO] 2017-09-21 19:13:49,221: -SERVICE [/view/set_parameters] /view rosrpc://ubuntu:56719
[rosmaster.master][INFO] 2017-09-21 19:13:49,560: -PUB [/rosout_agg] /rosout http://ubuntu:33623/
[rosmaster.master][INFO] 2017-09-21 19:13:49,561: -SUB [/rosout] /rosout http://ubuntu:33623/
[rosmaster.master][INFO] 2017-09-21 19:13:49,562: -SERVICE [/rosout/get_loggers] /rosout rosrpc://ubuntu:55553
[rosmaster.master][INFO] 2017-09-21 19:13:49,563: -SERVICE [/rosout/set_logger_level] /rosout rosrpc://ubuntu:55553
[rosmaster.main][INFO] 2017-09-21 19:13:49,596: keyboard interrupt, will exit
[rosmaster.main][INFO] 2017-09-21 19:13:49,596: stopping master...
[rospy.core][INFO] 2017-09-21 19:13:49,596: signal_shutdown [atexit]
