[rosmaster.main][INFO] 2017-09-21 16:48:33,185: initialization complete, waiting for shutdown
[rosmaster.main][INFO] 2017-09-21 16:48:33,185: Starting ROS Master Node
[xmlrpc][INFO] 2017-09-21 16:48:33,186: XML-RPC server binding to 0.0.0.0:11311
[xmlrpc][INFO] 2017-09-21 16:48:33,186: Started XML-RPC server [http://ubuntu:11311/]
[xmlrpc][INFO] 2017-09-21 16:48:33,186: xml rpc node: starting XML-RPC server
[rosmaster.master][INFO] 2017-09-21 16:48:33,186: Master initialized: port[11311], uri[http://ubuntu:11311/]
[rosmaster.master][INFO] 2017-09-21 16:48:33,229: +PARAM [/run_id] by /roslaunch
[rosmaster.master][INFO] 2017-09-21 16:48:33,232: +PARAM [/roslaunch/uris/host_ubuntu__41018] by /roslaunch
[rosmaster.master][INFO] 2017-09-21 16:48:33,307: +PARAM [/rosversion] by /roslaunch
[rosmaster.master][INFO] 2017-09-21 16:48:33,307: +PARAM [/rosdistro] by /roslaunch
[rosmaster.master][INFO] 2017-09-21 16:48:33,307: +PARAM [/camera/device_id] by /roslaunch
[rosmaster.master][INFO] 2017-09-21 16:48:33,327: +SERVICE [/rosout/get_loggers] /rosout http://ubuntu:35740/
[rosmaster.master][INFO] 2017-09-21 16:48:33,328: +SERVICE [/rosout/set_logger_level] /rosout http://ubuntu:35740/
[rosmaster.master][INFO] 2017-09-21 16:48:33,336: +PUB [/rosout_agg] /rosout http://ubuntu:35740/
[rosmaster.master][INFO] 2017-09-21 16:48:33,351: +SUB [/rosout] /rosout http://ubuntu:35740/
[rosmaster.master][INFO] 2017-09-21 16:48:33,457: +PUB [/rosout] /image_converter http://ubuntu:46020/
[rosmaster.master][INFO] 2017-09-21 16:48:33,459: +SERVICE [/image_converter/get_loggers] /image_converter http://ubuntu:46020/
[rosmaster.master][INFO] 2017-09-21 16:48:33,460: +SERVICE [/image_converter/set_logger_level] /image_converter http://ubuntu:46020/
[rosmaster.master][INFO] 2017-09-21 16:48:33,487: publisherUpdate[/rosout] -> http://ubuntu:35740/ ['http://ubuntu:46020/']
[rosmaster.master][INFO] 2017-09-21 16:48:33,489: publisherUpdate[/rosout] -> http://ubuntu:35740/ ['http://ubuntu:46020/']: sec=0.00, result=[1, '', 0]
[rosmaster.master][INFO] 2017-09-21 16:48:33,544: +PUB [/rosout] /camera http://ubuntu:35690/
[rosmaster.master][INFO] 2017-09-21 16:48:33,546: +PUB [/rosout] /view http://ubuntu:34341/
[rosmaster.master][INFO] 2017-09-21 16:48:33,547: +SERVICE [/camera/get_loggers] /camera http://ubuntu:35690/
[rosmaster.master][INFO] 2017-09-21 16:48:33,548: +SERVICE [/view/get_loggers] /view http://ubuntu:34341/
[rosmaster.master][INFO] 2017-09-21 16:48:33,550: +SERVICE [/camera/set_logger_level] /camera http://ubuntu:35690/
[rosmaster.master][INFO] 2017-09-21 16:48:33,551: +SERVICE [/view/set_logger_level] /view http://ubuntu:34341/
[rosmaster.master][INFO] 2017-09-21 16:48:33,578: +SUB [/tf] /view http://ubuntu:34341/
[rosmaster.master][INFO] 2017-09-21 16:48:33,588: publisherUpdate[/rosout] -> http://ubuntu:35740/ ['http://ubuntu:46020/', 'http://ubuntu:35690/']
[rosmaster.master][INFO] 2017-09-21 16:48:33,593: publisherUpdate[/rosout] -> http://ubuntu:35740/ ['http://ubuntu:46020/', 'http://ubuntu:35690/']: sec=0.00, result=[1, '', 0]
[rosmaster.master][INFO] 2017-09-21 16:48:33,593: publisherUpdate[/rosout] -> http://ubuntu:35740/ ['http://ubuntu:46020/', 'http://ubuntu:35690/', 'http://ubuntu:34341/']
[rosmaster.master][INFO] 2017-09-21 16:48:33,594: publisherUpdate[/rosout] -> http://ubuntu:35740/ ['http://ubuntu:46020/', 'http://ubuntu:35690/', 'http://ubuntu:34341/']: sec=0.00, result=[1, '', 0]
[rosmaster.master][INFO] 2017-09-21 16:48:33,598: +SUB [/tf_static] /view http://ubuntu:34341/
[rosmaster.master][INFO] 2017-09-21 16:48:33,631: +SUB [/camera/image_raw] /image_converter http://ubuntu:46020/
[rosmaster.master][INFO] 2017-09-21 16:48:33,639: +SERVICE [/camera/set_camera_info] /camera http://ubuntu:35690/
[rosmaster.master][INFO] 2017-09-21 16:48:33,650: -SERVICE [/camera/set_camera_info] /camera rosrpc://ubuntu:54556
[rosmaster.master][INFO] 2017-09-21 16:48:33,658: +PUB [/image/screenpoint] /view http://ubuntu:34341/
[rosmaster.master][INFO] 2017-09-21 16:48:33,662: +PUB [/image/screenpoint_array] /view http://ubuntu:34341/
[rosmaster.master][INFO] 2017-09-21 16:48:33,663: +PUB [/image/screenrectangle] /view http://ubuntu:34341/
[rosmaster.master][INFO] 2017-09-21 16:48:33,666: +PUB [/image/screenrectangle_image] /view http://ubuntu:34341/
[rosmaster.master][INFO] 2017-09-21 16:48:33,667: +PUB [/image/movepoint] /view http://ubuntu:34341/
[rosmaster.master][INFO] 2017-09-21 16:48:33,673: +PUB [/image/foreground] /view http://ubuntu:34341/
[rosmaster.master][INFO] 2017-09-21 16:48:33,674: +PUB [/image/background] /view http://ubuntu:34341/
[rosmaster.master][INFO] 2017-09-21 16:48:33,674: +PUB [/image/foreground_rect] /view http://ubuntu:34341/
[rosmaster.master][INFO] 2017-09-21 16:48:33,675: +PUB [/image/background_rect] /view http://ubuntu:34341/
[rosmaster.master][INFO] 2017-09-21 16:48:33,679: +PUB [/image/line] /view http://ubuntu:34341/
[rosmaster.master][INFO] 2017-09-21 16:48:33,683: +PUB [/image/poly] /view http://ubuntu:34341/
[rosmaster.master][INFO] 2017-09-21 16:48:33,724: +PUB [/image/compressedDepth] /image_converter http://ubuntu:46020/
[rosmaster.master][INFO] 2017-09-21 16:48:33,725: +SERVICE [/image/compressedDepth/set_parameters] /image_converter http://ubuntu:46020/
[rosmaster.master][INFO] 2017-09-21 16:48:33,725: +PUB [/image/compressedDepth/parameter_descriptions] /image_converter http://ubuntu:46020/
[rosmaster.master][INFO] 2017-09-21 16:48:33,726: +PUB [/image/compressedDepth/parameter_updates] /image_converter http://ubuntu:46020/
[rosmaster.master][INFO] 2017-09-21 16:48:33,730: +PARAM [/image/compressedDepth/depth_max] by /image_converter
[rosmaster.master][INFO] 2017-09-21 16:48:33,731: +PARAM [/image/compressedDepth/depth_quantization] by /image_converter
[rosmaster.master][INFO] 2017-09-21 16:48:33,733: +PARAM [/image/compressedDepth/png_level] by /image_converter
[rosmaster.master][INFO] 2017-09-21 16:48:33,734: +PARAM [/image/compressedDepth/depth_max] by /image_converter
[rosmaster.master][INFO] 2017-09-21 16:48:33,737: +PARAM [/image/compressedDepth/depth_quantization] by /image_converter
[rosmaster.master][INFO] 2017-09-21 16:48:33,738: +PARAM [/image/compressedDepth/png_level] by /image_converter
[rosmaster.master][INFO] 2017-09-21 16:48:33,771: +PUB [/image_marked/compressedDepth] /view http://ubuntu:34341/
[rosmaster.master][INFO] 2017-09-21 16:48:33,772: +SERVICE [/image_marked/compressedDepth/set_parameters] /view http://ubuntu:34341/
[rosmaster.master][INFO] 2017-09-21 16:48:33,773: +PUB [/image_marked/compressedDepth/parameter_descriptions] /view http://ubuntu:34341/
[rosmaster.master][INFO] 2017-09-21 16:48:33,773: +PUB [/image_marked/compressedDepth/parameter_updates] /view http://ubuntu:34341/
[rosmaster.master][INFO] 2017-09-21 16:48:33,779: +PARAM [/image_marked/compressedDepth/depth_max] by /view
[rosmaster.master][INFO] 2017-09-21 16:48:33,779: +PARAM [/image_marked/compressedDepth/depth_quantization] by /view
[rosmaster.master][INFO] 2017-09-21 16:48:33,780: +PARAM [/image_marked/compressedDepth/png_level] by /view
[rosmaster.master][INFO] 2017-09-21 16:48:33,781: +PARAM [/image_marked/compressedDepth/depth_max] by /view
[rosmaster.master][INFO] 2017-09-21 16:48:33,782: +PARAM [/image_marked/compressedDepth/depth_quantization] by /view
[rosmaster.master][INFO] 2017-09-21 16:48:33,785: +PARAM [/image_marked/compressedDepth/png_level] by /view
[rosmaster.master][INFO] 2017-09-21 16:48:33,797: +PUB [/image/compressed] /image_converter http://ubuntu:46020/
[rosmaster.master][INFO] 2017-09-21 16:48:33,798: +SERVICE [/image/compressed/set_parameters] /image_converter http://ubuntu:46020/
[rosmaster.master][INFO] 2017-09-21 16:48:33,798: +PUB [/image/compressed/parameter_descriptions] /image_converter http://ubuntu:46020/
[rosmaster.master][INFO] 2017-09-21 16:48:33,799: +PUB [/image/compressed/parameter_updates] /image_converter http://ubuntu:46020/
[rosmaster.master][INFO] 2017-09-21 16:48:33,802: +PARAM [/image/compressed/format] by /image_converter
[rosmaster.master][INFO] 2017-09-21 16:48:33,805: +PARAM [/image/compressed/jpeg_quality] by /image_converter
[rosmaster.master][INFO] 2017-09-21 16:48:33,806: +PARAM [/image/compressed/png_level] by /image_converter
[rosmaster.master][INFO] 2017-09-21 16:48:33,807: +PARAM [/image/compressed/format] by /image_converter
[rosmaster.master][INFO] 2017-09-21 16:48:33,808: -PUB [/rosout] /camera http://ubuntu:35690/
[rosmaster.master][INFO] 2017-09-21 16:48:33,809: +PARAM [/image/compressed/jpeg_quality] by /image_converter
[rosmaster.master][INFO] 2017-09-21 16:48:33,813: -SERVICE [/camera/get_loggers] /camera rosrpc://ubuntu:54556
[rosmaster.master][INFO] 2017-09-21 16:48:33,814: +PARAM [/image/compressed/png_level] by /image_converter
[rosmaster.master][INFO] 2017-09-21 16:48:33,818: -SERVICE [/camera/set_logger_level] /camera rosrpc://ubuntu:54556
[rosmaster.master][INFO] 2017-09-21 16:48:33,844: +PUB [/image_marked/compressed] /view http://ubuntu:34341/
[rosmaster.master][INFO] 2017-09-21 16:48:33,845: +SERVICE [/image_marked/compressed/set_parameters] /view http://ubuntu:34341/
[rosmaster.master][INFO] 2017-09-21 16:48:33,846: +PUB [/image_marked/compressed/parameter_descriptions] /view http://ubuntu:34341/
[rosmaster.master][INFO] 2017-09-21 16:48:33,847: +PUB [/image_marked/compressed/parameter_updates] /view http://ubuntu:34341/
[rosmaster.master][INFO] 2017-09-21 16:48:33,851: +PARAM [/image_marked/compressed/format] by /view
[rosmaster.master][INFO] 2017-09-21 16:48:33,852: +PARAM [/image_marked/compressed/jpeg_quality] by /view
[rosmaster.master][INFO] 2017-09-21 16:48:33,852: +PARAM [/image_marked/compressed/png_level] by /view
[rosmaster.master][INFO] 2017-09-21 16:48:33,853: +PARAM [/image_marked/compressed/format] by /view
[rosmaster.master][INFO] 2017-09-21 16:48:33,856: +PARAM [/image_marked/compressed/jpeg_quality] by /view
[rosmaster.master][INFO] 2017-09-21 16:48:33,856: +PARAM [/image_marked/compressed/png_level] by /view
[rosmaster.master][INFO] 2017-09-21 16:48:33,871: +PUB [/image] /image_converter http://ubuntu:46020/
[rosmaster.master][INFO] 2017-09-21 16:48:33,894: publisherUpdate[/rosout] -> http://ubuntu:35740/ ['http://ubuntu:46020/', 'http://ubuntu:34341/']
[rosmaster.master][INFO] 2017-09-21 16:48:33,895: publisherUpdate[/rosout] -> http://ubuntu:35740/ ['http://ubuntu:46020/', 'http://ubuntu:34341/']: sec=0.00, result=[1, '', 0]
[rosmaster.master][INFO] 2017-09-21 16:48:33,917: +PUB [/image_marked] /view http://ubuntu:34341/
[rosmaster.master][INFO] 2017-09-21 16:48:33,947: +PUB [/image/theora] /image_converter http://ubuntu:46020/
[rosmaster.master][INFO] 2017-09-21 16:48:33,948: +SERVICE [/image/theora/set_parameters] /image_converter http://ubuntu:46020/
[rosmaster.master][INFO] 2017-09-21 16:48:33,949: +PUB [/image/theora/parameter_descriptions] /image_converter http://ubuntu:46020/
[rosmaster.master][INFO] 2017-09-21 16:48:33,949: +PUB [/image/theora/parameter_updates] /image_converter http://ubuntu:46020/
[rosmaster.master][INFO] 2017-09-21 16:48:33,955: +PARAM [/image/theora/optimize_for] by /image_converter
[rosmaster.master][INFO] 2017-09-21 16:48:33,956: +PARAM [/image/theora/target_bitrate] by /image_converter
[rosmaster.master][INFO] 2017-09-21 16:48:33,956: +PARAM [/image/theora/quality] by /image_converter
[rosmaster.master][INFO] 2017-09-21 16:48:33,957: +PARAM [/image/theora/keyframe_frequency] by /image_converter
[rosmaster.master][INFO] 2017-09-21 16:48:33,962: +PARAM [/image/theora/optimize_for] by /image_converter
[rosmaster.master][INFO] 2017-09-21 16:48:33,963: +PARAM [/image/theora/target_bitrate] by /image_converter
[rosmaster.master][INFO] 2017-09-21 16:48:33,963: +PARAM [/image/theora/quality] by /image_converter
[rosmaster.master][INFO] 2017-09-21 16:48:33,964: +PARAM [/image/theora/keyframe_frequency] by /image_converter
[rosmaster.master][INFO] 2017-09-21 16:48:33,973: +PUB [/image_marked/theora] /view http://ubuntu:34341/
[rosmaster.master][INFO] 2017-09-21 16:48:33,974: +SERVICE [/image_marked/theora/set_parameters] /view http://ubuntu:34341/
[rosmaster.master][INFO] 2017-09-21 16:48:33,974: +PUB [/image_marked/theora/parameter_descriptions] /view http://ubuntu:34341/
[rosmaster.master][INFO] 2017-09-21 16:48:33,975: +PUB [/image_marked/theora/parameter_updates] /view http://ubuntu:34341/
[rosmaster.master][INFO] 2017-09-21 16:48:33,978: +PARAM [/image_marked/theora/optimize_for] by /view
[rosmaster.master][INFO] 2017-09-21 16:48:33,978: +PARAM [/image_marked/theora/target_bitrate] by /view
[rosmaster.master][INFO] 2017-09-21 16:48:33,979: +PARAM [/image_marked/theora/quality] by /view
[rosmaster.master][INFO] 2017-09-21 16:48:33,980: +PARAM [/image_marked/theora/keyframe_frequency] by /view
[rosmaster.master][INFO] 2017-09-21 16:48:33,980: +PARAM [/image_marked/theora/optimize_for] by /view
[rosmaster.master][INFO] 2017-09-21 16:48:33,981: +PARAM [/image_marked/theora/target_bitrate] by /view
[rosmaster.master][INFO] 2017-09-21 16:48:33,982: +PARAM [/image_marked/theora/quality] by /view
[rosmaster.master][INFO] 2017-09-21 16:48:33,982: +PARAM [/image_marked/theora/keyframe_frequency] by /view
[rosmaster.master][INFO] 2017-09-21 16:48:34,011: +PUB [/image/marked/compressedDepth] /view http://ubuntu:34341/
[rosmaster.master][INFO] 2017-09-21 16:48:34,013: +SERVICE [/image/marked/compressedDepth/set_parameters] /view http://ubuntu:34341/
[rosmaster.master][INFO] 2017-09-21 16:48:34,015: +PUB [/image/marked/compressedDepth/parameter_descriptions] /view http://ubuntu:34341/
[rosmaster.master][INFO] 2017-09-21 16:48:34,017: +PUB [/image/marked/compressedDepth/parameter_updates] /view http://ubuntu:34341/
[rosmaster.master][INFO] 2017-09-21 16:48:34,021: +PARAM [/image/marked/compressedDepth/depth_max] by /view
[rosmaster.master][INFO] 2017-09-21 16:48:34,021: +PARAM [/image/marked/compressedDepth/depth_quantization] by /view
[rosmaster.master][INFO] 2017-09-21 16:48:34,022: +PARAM [/image/marked/compressedDepth/png_level] by /view
[rosmaster.master][INFO] 2017-09-21 16:48:34,023: +PARAM [/image/marked/compressedDepth/depth_max] by /view
[rosmaster.master][INFO] 2017-09-21 16:48:34,023: +PARAM [/image/marked/compressedDepth/depth_quantization] by /view
[rosmaster.master][INFO] 2017-09-21 16:48:34,028: +PARAM [/image/marked/compressedDepth/png_level] by /view
[rosmaster.master][INFO] 2017-09-21 16:48:34,062: +PUB [/image/marked/compressed] /view http://ubuntu:34341/
[rosmaster.master][INFO] 2017-09-21 16:48:34,063: +SERVICE [/image/marked/compressed/set_parameters] /view http://ubuntu:34341/
[rosmaster.master][INFO] 2017-09-21 16:48:34,063: +PUB [/image/marked/compressed/parameter_descriptions] /view http://ubuntu:34341/
[rosmaster.master][INFO] 2017-09-21 16:48:34,064: +PUB [/image/marked/compressed/parameter_updates] /view http://ubuntu:34341/
[rosmaster.master][INFO] 2017-09-21 16:48:34,066: +PARAM [/image/marked/compressed/format] by /view
[rosmaster.master][INFO] 2017-09-21 16:48:34,067: +PARAM [/image/marked/compressed/jpeg_quality] by /view
[rosmaster.master][INFO] 2017-09-21 16:48:34,067: +PARAM [/image/marked/compressed/png_level] by /view
[rosmaster.master][INFO] 2017-09-21 16:48:34,068: +PARAM [/image/marked/compressed/format] by /view
[rosmaster.master][INFO] 2017-09-21 16:48:34,069: +PARAM [/image/marked/compressed/jpeg_quality] by /view
[rosmaster.master][INFO] 2017-09-21 16:48:34,069: +PARAM [/image/marked/compressed/png_level] by /view
[rosmaster.master][INFO] 2017-09-21 16:48:34,096: +PUB [/image/marked] /view http://ubuntu:34341/
[rosmaster.master][INFO] 2017-09-21 16:48:34,122: +PUB [/image/marked/theora] /view http://ubuntu:34341/
[rosmaster.master][INFO] 2017-09-21 16:48:34,123: +SERVICE [/image/marked/theora/set_parameters] /view http://ubuntu:34341/
[rosmaster.master][INFO] 2017-09-21 16:48:34,123: +PUB [/image/marked/theora/parameter_descriptions] /view http://ubuntu:34341/
[rosmaster.master][INFO] 2017-09-21 16:48:34,124: +PUB [/image/marked/theora/parameter_updates] /view http://ubuntu:34341/
[rosmaster.master][INFO] 2017-09-21 16:48:34,126: +PARAM [/image/marked/theora/optimize_for] by /view
[rosmaster.master][INFO] 2017-09-21 16:48:34,127: +PARAM [/image/marked/theora/target_bitrate] by /view
[rosmaster.master][INFO] 2017-09-21 16:48:34,128: +PARAM [/image/marked/theora/quality] by /view
[rosmaster.master][INFO] 2017-09-21 16:48:34,128: +PARAM [/image/marked/theora/keyframe_frequency] by /view
[rosmaster.master][INFO] 2017-09-21 16:48:34,129: +PARAM [/image/marked/theora/optimize_for] by /view
[rosmaster.master][INFO] 2017-09-21 16:48:34,130: +PARAM [/image/marked/theora/target_bitrate] by /view
[rosmaster.master][INFO] 2017-09-21 16:48:34,130: +PARAM [/image/marked/theora/quality] by /view
[rosmaster.master][INFO] 2017-09-21 16:48:34,131: +PARAM [/image/marked/theora/keyframe_frequency] by /view
[rosmaster.master][INFO] 2017-09-21 16:48:34,160: +SUB [/image] /view http://ubuntu:34341/
[rosmaster.master][INFO] 2017-09-21 16:48:34,163: +SUB [/camera_info] /view http://ubuntu:34341/
[rosmaster.master][INFO] 2017-09-21 16:48:34,166: +SUB [/image_marker] /view http://ubuntu:34341/
[rosmaster.master][INFO] 2017-09-21 16:48:34,169: +SUB [/image/event] /view http://ubuntu:34341/
[rosmaster.master][INFO] 2017-09-21 16:48:34,170: +SERVICE [/view/change_mode] /view http://ubuntu:34341/
[rosmaster.master][INFO] 2017-09-21 16:48:34,171: +SERVICE [/view/rectangle_mode] /view http://ubuntu:34341/
[rosmaster.master][INFO] 2017-09-21 16:48:34,171: +SERVICE [/view/grabcut_mode] /view http://ubuntu:34341/
[rosmaster.master][INFO] 2017-09-21 16:48:34,172: +SERVICE [/view/grabcut_rect_mode] /view http://ubuntu:34341/
[rosmaster.master][INFO] 2017-09-21 16:48:34,172: +SERVICE [/view/line_mode] /view http://ubuntu:34341/
[rosmaster.master][INFO] 2017-09-21 16:48:34,173: +SERVICE [/view/poly_mode] /view http://ubuntu:34341/
[rosmaster.master][INFO] 2017-09-21 16:48:34,174: +SERVICE [/view/none_mode] /view http://ubuntu:34341/
[rosmaster.master][INFO] 2017-09-21 16:48:34,175: +SERVICE [/view/set_parameters] /view http://ubuntu:34341/
[rosmaster.master][INFO] 2017-09-21 16:48:34,175: +PUB [/view/parameter_descriptions] /view http://ubuntu:34341/
[rosmaster.master][INFO] 2017-09-21 16:48:34,176: +PUB [/view/parameter_updates] /view http://ubuntu:34341/
[rosmaster.master][INFO] 2017-09-21 16:48:34,181: +PARAM [/view/grid] by /view
[rosmaster.master][INFO] 2017-09-21 16:48:34,182: +PARAM [/view/fisheye_mode] by /view
[rosmaster.master][INFO] 2017-09-21 16:48:34,182: +PARAM [/view/div_u] by /view
[rosmaster.master][INFO] 2017-09-21 16:48:34,183: +PARAM [/view/div_v] by /view
[rosmaster.master][INFO] 2017-09-21 16:48:34,184: +PARAM [/view/grid_red] by /view
[rosmaster.master][INFO] 2017-09-21 16:48:34,185: +PARAM [/view/grid_green] by /view
[rosmaster.master][INFO] 2017-09-21 16:48:34,186: +PARAM [/view/grid_blue] by /view
[rosmaster.master][INFO] 2017-09-21 16:48:34,186: +PARAM [/view/grid_thickness] by /view
[rosmaster.master][INFO] 2017-09-21 16:48:34,187: +PARAM [/view/grid_space] by /view
[rosmaster.master][INFO] 2017-09-21 16:48:34,187: +PARAM [/view/grid] by /view
[rosmaster.master][INFO] 2017-09-21 16:48:34,188: +PARAM [/view/fisheye_mode] by /view
[rosmaster.master][INFO] 2017-09-21 16:48:34,189: +PARAM [/view/div_u] by /view
[rosmaster.master][INFO] 2017-09-21 16:48:34,189: +PARAM [/view/div_v] by /view
[rosmaster.master][INFO] 2017-09-21 16:48:34,190: +PARAM [/view/grid_red] by /view
[rosmaster.master][INFO] 2017-09-21 16:48:34,191: +PARAM [/view/grid_green] by /view
[rosmaster.master][INFO] 2017-09-21 16:48:34,191: +PARAM [/view/grid_blue] by /view
[rosmaster.master][INFO] 2017-09-21 16:48:34,192: +PARAM [/view/grid_thickness] by /view
[rosmaster.master][INFO] 2017-09-21 16:48:34,192: +PARAM [/view/grid_space] by /view
[rosmaster.master][INFO] 2017-09-21 16:48:39,250: -PUB [/rosout] /view http://ubuntu:34341/
[rosmaster.master][INFO] 2017-09-21 16:48:39,251: -PUB [/image/screenpoint] /view http://ubuntu:34341/
[rosmaster.master][INFO] 2017-09-21 16:48:39,252: -PUB [/image/screenpoint_array] /view http://ubuntu:34341/
[rosmaster.master][INFO] 2017-09-21 16:48:39,252: -PUB [/image/screenrectangle] /view http://ubuntu:34341/
[rosmaster.master][INFO] 2017-09-21 16:48:39,253: -PUB [/image/screenrectangle_image] /view http://ubuntu:34341/
[rosmaster.master][INFO] 2017-09-21 16:48:39,255: -PUB [/image/movepoint] /view http://ubuntu:34341/
[rosmaster.master][INFO] 2017-09-21 16:48:39,256: -PUB [/image/foreground] /view http://ubuntu:34341/
[rosmaster.master][INFO] 2017-09-21 16:48:39,257: -PUB [/image/background] /view http://ubuntu:34341/
[rosmaster.master][INFO] 2017-09-21 16:48:39,257: -PUB [/image/foreground_rect] /view http://ubuntu:34341/
[rosmaster.master][INFO] 2017-09-21 16:48:39,259: -PUB [/image/background_rect] /view http://ubuntu:34341/
[rosmaster.master][INFO] 2017-09-21 16:48:39,262: -PUB [/image/line] /view http://ubuntu:34341/
[rosmaster.master][INFO] 2017-09-21 16:48:39,262: -PUB [/image/poly] /view http://ubuntu:34341/
[rosmaster.master][INFO] 2017-09-21 16:48:39,263: -PUB [/image_marked/compressedDepth] /view http://ubuntu:34341/
[rosmaster.master][INFO] 2017-09-21 16:48:39,267: -PUB [/image_marked/compressedDepth/parameter_descriptions] /view http://ubuntu:34341/
[rosmaster.master][INFO] 2017-09-21 16:48:39,270: -PUB [/image_marked/compressedDepth/parameter_updates] /view http://ubuntu:34341/
[rosmaster.master][INFO] 2017-09-21 16:48:39,270: -PUB [/image_marked/compressed] /view http://ubuntu:34341/
[rosmaster.master][INFO] 2017-09-21 16:48:39,271: -PUB [/image_marked/compressed/parameter_descriptions] /view http://ubuntu:34341/
[rosmaster.master][INFO] 2017-09-21 16:48:39,272: -PUB [/image_marked/compressed/parameter_updates] /view http://ubuntu:34341/
[rosmaster.master][INFO] 2017-09-21 16:48:39,277: -PUB [/image_marked] /view http://ubuntu:34341/
[rosmaster.master][INFO] 2017-09-21 16:48:39,277: -PUB [/image_marked/theora] /view http://ubuntu:34341/
[rosmaster.master][INFO] 2017-09-21 16:48:39,280: -PUB [/image_marked/theora/parameter_descriptions] /view http://ubuntu:34341/
[rosmaster.master][INFO] 2017-09-21 16:48:39,281: -PUB [/image_marked/theora/parameter_updates] /view http://ubuntu:34341/
[rosmaster.master][INFO] 2017-09-21 16:48:39,282: -PUB [/image/marked/compressedDepth] /view http://ubuntu:34341/
[rosmaster.master][INFO] 2017-09-21 16:48:39,284: -PUB [/image/marked/compressedDepth/parameter_descriptions] /view http://ubuntu:34341/
[rosmaster.master][INFO] 2017-09-21 16:48:39,285: -PUB [/image/marked/compressedDepth/parameter_updates] /view http://ubuntu:34341/
[rosmaster.master][INFO] 2017-09-21 16:48:39,286: -PUB [/image/marked/compressed] /view http://ubuntu:34341/
[rosmaster.master][INFO] 2017-09-21 16:48:39,287: -PUB [/image/marked/compressed/parameter_descriptions] /view http://ubuntu:34341/
[rosmaster.master][INFO] 2017-09-21 16:48:39,288: -PUB [/image/marked/compressed/parameter_updates] /view http://ubuntu:34341/
[rosmaster.master][INFO] 2017-09-21 16:48:39,291: -PUB [/image/marked] /view http://ubuntu:34341/
[rosmaster.master][INFO] 2017-09-21 16:48:39,296: -PUB [/image/marked/theora] /view http://ubuntu:34341/
[rosmaster.master][INFO] 2017-09-21 16:48:39,297: -PUB [/image/marked/theora/parameter_descriptions] /view http://ubuntu:34341/
[rosmaster.master][INFO] 2017-09-21 16:48:39,301: -PUB [/image/marked/theora/parameter_updates] /view http://ubuntu:34341/
[rosmaster.master][INFO] 2017-09-21 16:48:39,306: -PUB [/view/parameter_descriptions] /view http://ubuntu:34341/
[rosmaster.master][INFO] 2017-09-21 16:48:39,307: -PUB [/view/parameter_updates] /view http://ubuntu:34341/
[rosmaster.master][INFO] 2017-09-21 16:48:39,308: -SUB [/tf] /view http://ubuntu:34341/
[rosmaster.master][INFO] 2017-09-21 16:48:39,309: -SUB [/tf_static] /view http://ubuntu:34341/
[rosmaster.master][INFO] 2017-09-21 16:48:39,310: -SUB [/image] /view http://ubuntu:34341/
[rosmaster.master][INFO] 2017-09-21 16:48:39,311: -SUB [/camera_info] /view http://ubuntu:34341/
[rosmaster.master][INFO] 2017-09-21 16:48:39,312: -SUB [/image_marker] /view http://ubuntu:34341/
[rosmaster.master][INFO] 2017-09-21 16:48:39,313: -SUB [/image/event] /view http://ubuntu:34341/
[rosmaster.master][INFO] 2017-09-21 16:48:39,318: -SERVICE [/view/get_loggers] /view rosrpc://ubuntu:46304
[rosmaster.master][INFO] 2017-09-21 16:48:39,320: -SERVICE [/view/set_logger_level] /view rosrpc://ubuntu:46304
[rosmaster.master][INFO] 2017-09-21 16:48:39,320: -SERVICE [/image_marked/compressedDepth/set_parameters] /view rosrpc://ubuntu:46304
[rosmaster.master][INFO] 2017-09-21 16:48:39,321: -SERVICE [/image_marked/compressed/set_parameters] /view rosrpc://ubuntu:46304
[rosmaster.master][INFO] 2017-09-21 16:48:39,323: publisherUpdate[/rosout] -> http://ubuntu:35740/ ['http://ubuntu:46020/']
[rosmaster.master][INFO] 2017-09-21 16:48:39,324: publisherUpdate[/rosout] -> http://ubuntu:35740/ ['http://ubuntu:46020/']: sec=0.00, result=[1, '', 0]
[rosmaster.master][INFO] 2017-09-21 16:48:39,324: -SERVICE [/image_marked/theora/set_parameters] /view rosrpc://ubuntu:46304
[rosmaster.master][INFO] 2017-09-21 16:48:39,328: -SERVICE [/image/marked/compressedDepth/set_parameters] /view rosrpc://ubuntu:46304
[rosmaster.master][INFO] 2017-09-21 16:48:39,332: -SERVICE [/image/marked/compressed/set_parameters] /view rosrpc://ubuntu:46304
[rosmaster.master][INFO] 2017-09-21 16:48:39,335: -SERVICE [/image/marked/theora/set_parameters] /view rosrpc://ubuntu:46304
[rosmaster.master][INFO] 2017-09-21 16:48:39,338: -SERVICE [/view/change_mode] /view rosrpc://ubuntu:46304
[rosmaster.master][INFO] 2017-09-21 16:48:39,345: -SERVICE [/view/rectangle_mode] /view rosrpc://ubuntu:46304
[rosmaster.master][INFO] 2017-09-21 16:48:39,347: -PUB [/rosout] /image_converter http://ubuntu:46020/
[rosmaster.master][INFO] 2017-09-21 16:48:39,350: -PUB [/image/compressedDepth] /image_converter http://ubuntu:46020/
[rosmaster.master][INFO] 2017-09-21 16:48:39,352: -SERVICE [/view/grabcut_mode] /view rosrpc://ubuntu:46304
[rosmaster.master][INFO] 2017-09-21 16:48:39,354: -SERVICE [/view/grabcut_rect_mode] /view rosrpc://ubuntu:46304
[rosmaster.master][INFO] 2017-09-21 16:48:39,356: -PUB [/image/compressedDepth/parameter_descriptions] /image_converter http://ubuntu:46020/
[rosmaster.master][INFO] 2017-09-21 16:48:39,358: -SERVICE [/view/line_mode] /view rosrpc://ubuntu:46304
[rosmaster.master][INFO] 2017-09-21 16:48:39,361: -PUB [/image/compressedDepth/parameter_updates] /image_converter http://ubuntu:46020/
[rosmaster.master][INFO] 2017-09-21 16:48:39,362: -SERVICE [/view/poly_mode] /view rosrpc://ubuntu:46304
[rosmaster.master][INFO] 2017-09-21 16:48:39,365: -SERVICE [/view/none_mode] /view rosrpc://ubuntu:46304
[rosmaster.master][INFO] 2017-09-21 16:48:39,365: -PUB [/image/compressed] /image_converter http://ubuntu:46020/
[rosmaster.master][INFO] 2017-09-21 16:48:39,370: -PUB [/image/compressed/parameter_descriptions] /image_converter http://ubuntu:46020/
[rosmaster.master][INFO] 2017-09-21 16:48:39,370: -SERVICE [/view/set_parameters] /view rosrpc://ubuntu:46304
[rosmaster.master][INFO] 2017-09-21 16:48:39,376: -PUB [/image/compressed/parameter_updates] /image_converter http://ubuntu:46020/
[rosmaster.master][INFO] 2017-09-21 16:48:39,377: -PUB [/image] /image_converter http://ubuntu:46020/
[rosmaster.master][INFO] 2017-09-21 16:48:39,377: -PUB [/image/theora] /image_converter http://ubuntu:46020/
[rosmaster.master][INFO] 2017-09-21 16:48:39,378: -PUB [/image/theora/parameter_descriptions] /image_converter http://ubuntu:46020/
[rosmaster.master][INFO] 2017-09-21 16:48:39,378: -PUB [/image/theora/parameter_updates] /image_converter http://ubuntu:46020/
[rosmaster.master][INFO] 2017-09-21 16:48:39,382: -SUB [/camera/image_raw] /image_converter http://ubuntu:46020/
[rosmaster.master][INFO] 2017-09-21 16:48:39,386: -SERVICE [/image_converter/get_loggers] /image_converter rosrpc://ubuntu:60057
[rosmaster.master][INFO] 2017-09-21 16:48:39,387: -SERVICE [/image_converter/set_logger_level] /image_converter rosrpc://ubuntu:60057
[rosmaster.master][INFO] 2017-09-21 16:48:39,387: -SERVICE [/image/compressedDepth/set_parameters] /image_converter rosrpc://ubuntu:60057
[rosmaster.master][INFO] 2017-09-21 16:48:39,388: -SERVICE [/image/compressed/set_parameters] /image_converter rosrpc://ubuntu:60057
[rosmaster.master][INFO] 2017-09-21 16:48:39,389: -SERVICE [/image/theora/set_parameters] /image_converter rosrpc://ubuntu:60057
[rosmaster.master][INFO] 2017-09-21 16:48:39,424: publisherUpdate[/rosout] -> http://ubuntu:35740/ []
[rosmaster.master][INFO] 2017-09-21 16:48:39,424: publisherUpdate[/rosout] -> http://ubuntu:35740/ []: sec=0.00, result=[1, '', 0]
[rosmaster.master][INFO] 2017-09-21 16:48:39,626: -PUB [/rosout_agg] /rosout http://ubuntu:35740/
[rosmaster.master][INFO] 2017-09-21 16:48:39,628: -SUB [/rosout] /rosout http://ubuntu:35740/
[rosmaster.master][INFO] 2017-09-21 16:48:39,633: -SERVICE [/rosout/get_loggers] /rosout rosrpc://ubuntu:50168
[rosmaster.master][INFO] 2017-09-21 16:48:39,638: -SERVICE [/rosout/set_logger_level] /rosout rosrpc://ubuntu:50168
[rosmaster.main][INFO] 2017-09-21 16:48:39,749: keyboard interrupt, will exit
[rosmaster.main][INFO] 2017-09-21 16:48:39,749: stopping master...
[rospy.core][INFO] 2017-09-21 16:48:39,750: signal_shutdown [atexit]
