[rosmaster.main][INFO] 2017-09-23 12:09:44,065: initialization complete, waiting for shutdown
[rosmaster.main][INFO] 2017-09-23 12:09:44,065: Starting ROS Master Node
[xmlrpc][INFO] 2017-09-23 12:09:44,066: XML-RPC server binding to 0.0.0.0:11311
[xmlrpc][INFO] 2017-09-23 12:09:44,066: Started XML-RPC server [http://ubuntu:11311/]
[xmlrpc][INFO] 2017-09-23 12:09:44,066: xml rpc node: starting XML-RPC server
[rosmaster.master][INFO] 2017-09-23 12:09:44,066: Master initialized: port[11311], uri[http://ubuntu:11311/]
[rosmaster.master][INFO] 2017-09-23 12:09:44,127: +PARAM [/run_id] by /roslaunch
[rosmaster.master][INFO] 2017-09-23 12:09:44,128: +PARAM [/roslaunch/uris/host_ubuntu__38764] by /roslaunch
[rosmaster.master][INFO] 2017-09-23 12:09:44,218: +PARAM [/rosversion] by /roslaunch
[rosmaster.master][INFO] 2017-09-23 12:09:44,218: +PARAM [/rosdistro] by /roslaunch
[rosmaster.master][INFO] 2017-09-23 12:09:44,219: +PARAM [/camera/device_id] by /roslaunch
[rosmaster.master][INFO] 2017-09-23 12:09:44,242: +SERVICE [/rosout/get_loggers] /rosout http://ubuntu:33864/
[rosmaster.master][INFO] 2017-09-23 12:09:44,243: +SERVICE [/rosout/set_logger_level] /rosout http://ubuntu:33864/
[rosmaster.master][INFO] 2017-09-23 12:09:44,249: +PUB [/rosout_agg] /rosout http://ubuntu:33864/
[rosmaster.master][INFO] 2017-09-23 12:09:44,281: +SUB [/rosout] /rosout http://ubuntu:33864/
[rosmaster.master][INFO] 2017-09-23 12:09:44,346: +PUB [/rosout] /image_converter http://ubuntu:42773/
[rosmaster.master][INFO] 2017-09-23 12:09:44,347: +SERVICE [/image_converter/get_loggers] /image_converter http://ubuntu:42773/
[rosmaster.master][INFO] 2017-09-23 12:09:44,348: +SERVICE [/image_converter/set_logger_level] /image_converter http://ubuntu:42773/
[rosmaster.master][INFO] 2017-09-23 12:09:44,367: publisherUpdate[/rosout] -> http://ubuntu:33864/ ['http://ubuntu:42773/']
[rosmaster.master][INFO] 2017-09-23 12:09:44,368: publisherUpdate[/rosout] -> http://ubuntu:33864/ ['http://ubuntu:42773/']: sec=0.00, result=[1, '', 0]
[rosmaster.master][INFO] 2017-09-23 12:09:44,397: +PUB [/rosout] /camera http://ubuntu:46519/
[rosmaster.master][INFO] 2017-09-23 12:09:44,398: +SERVICE [/camera/get_loggers] /camera http://ubuntu:46519/
[rosmaster.master][INFO] 2017-09-23 12:09:44,398: +SERVICE [/camera/set_logger_level] /camera http://ubuntu:46519/
[rosmaster.master][INFO] 2017-09-23 12:09:44,404: +PUB [/rosout] /view http://ubuntu:39796/
[rosmaster.master][INFO] 2017-09-23 12:09:44,404: +SERVICE [/view/get_loggers] /view http://ubuntu:39796/
[rosmaster.master][INFO] 2017-09-23 12:09:44,406: +SERVICE [/view/set_logger_level] /view http://ubuntu:39796/
[rosmaster.master][INFO] 2017-09-23 12:09:44,419: +SUB [/tf] /view http://ubuntu:39796/
[rosmaster.master][INFO] 2017-09-23 12:09:44,431: +SUB [/tf_static] /view http://ubuntu:39796/
[rosmaster.master][INFO] 2017-09-23 12:09:44,468: publisherUpdate[/rosout] -> http://ubuntu:33864/ ['http://ubuntu:42773/', 'http://ubuntu:46519/']
[rosmaster.master][INFO] 2017-09-23 12:09:44,469: publisherUpdate[/rosout] -> http://ubuntu:33864/ ['http://ubuntu:42773/', 'http://ubuntu:46519/']: sec=0.00, result=[1, '', 0]
[rosmaster.master][INFO] 2017-09-23 12:09:44,469: publisherUpdate[/rosout] -> http://ubuntu:33864/ ['http://ubuntu:42773/', 'http://ubuntu:46519/', 'http://ubuntu:39796/']
[rosmaster.master][INFO] 2017-09-23 12:09:44,469: publisherUpdate[/rosout] -> http://ubuntu:33864/ ['http://ubuntu:42773/', 'http://ubuntu:46519/', 'http://ubuntu:39796/']: sec=0.00, result=[1, '', 0]
[rosmaster.master][INFO] 2017-09-23 12:09:44,471: +SERVICE [/camera/set_camera_info] /camera http://ubuntu:46519/
[rosmaster.master][INFO] 2017-09-23 12:09:44,482: +PUB [/image/screenpoint] /view http://ubuntu:39796/
[rosmaster.master][INFO] 2017-09-23 12:09:44,483: +PUB [/image/screenpoint_array] /view http://ubuntu:39796/
[rosmaster.master][INFO] 2017-09-23 12:09:44,484: +PUB [/image/screenrectangle] /view http://ubuntu:39796/
[rosmaster.master][INFO] 2017-09-23 12:09:44,485: +PUB [/image/screenrectangle_image] /view http://ubuntu:39796/
[rosmaster.master][INFO] 2017-09-23 12:09:44,485: +PUB [/image/movepoint] /view http://ubuntu:39796/
[rosmaster.master][INFO] 2017-09-23 12:09:44,486: +PUB [/image/foreground] /view http://ubuntu:39796/
[rosmaster.master][INFO] 2017-09-23 12:09:44,487: +PUB [/image/background] /view http://ubuntu:39796/
[rosmaster.master][INFO] 2017-09-23 12:09:44,487: +PUB [/image/foreground_rect] /view http://ubuntu:39796/
[rosmaster.master][INFO] 2017-09-23 12:09:44,491: +PUB [/image/background_rect] /view http://ubuntu:39796/
[rosmaster.master][INFO] 2017-09-23 12:09:44,491: +PUB [/image/line] /view http://ubuntu:39796/
[rosmaster.master][INFO] 2017-09-23 12:09:44,492: +PUB [/image/poly] /view http://ubuntu:39796/
[rosmaster.master][INFO] 2017-09-23 12:09:44,505: +SUB [/camera/image_raw] /image_converter http://ubuntu:42773/
[rosmaster.master][INFO] 2017-09-23 12:09:44,556: +PUB [/image/compressedDepth] /image_converter http://ubuntu:42773/
[rosmaster.master][INFO] 2017-09-23 12:09:44,557: +SERVICE [/image/compressedDepth/set_parameters] /image_converter http://ubuntu:42773/
[rosmaster.master][INFO] 2017-09-23 12:09:44,559: +PUB [/image/compressedDepth/parameter_descriptions] /image_converter http://ubuntu:42773/
[rosmaster.master][INFO] 2017-09-23 12:09:44,559: +PUB [/image/compressedDepth/parameter_updates] /image_converter http://ubuntu:42773/
[rosmaster.master][INFO] 2017-09-23 12:09:44,562: +PARAM [/image/compressedDepth/depth_max] by /image_converter
[rosmaster.master][INFO] 2017-09-23 12:09:44,562: +PARAM [/image/compressedDepth/depth_quantization] by /image_converter
[rosmaster.master][INFO] 2017-09-23 12:09:44,563: +PUB [/image_marked/compressedDepth] /view http://ubuntu:39796/
[rosmaster.master][INFO] 2017-09-23 12:09:44,564: +PARAM [/image/compressedDepth/png_level] by /image_converter
[rosmaster.master][INFO] 2017-09-23 12:09:44,565: +SERVICE [/image_marked/compressedDepth/set_parameters] /view http://ubuntu:39796/
[rosmaster.master][INFO] 2017-09-23 12:09:44,565: +PARAM [/image/compressedDepth/depth_max] by /image_converter
[rosmaster.master][INFO] 2017-09-23 12:09:44,566: +PUB [/image_marked/compressedDepth/parameter_descriptions] /view http://ubuntu:39796/
[rosmaster.master][INFO] 2017-09-23 12:09:44,567: +PARAM [/image/compressedDepth/depth_quantization] by /image_converter
[rosmaster.master][INFO] 2017-09-23 12:09:44,567: +PUB [/image_marked/compressedDepth/parameter_updates] /view http://ubuntu:39796/
[rosmaster.master][INFO] 2017-09-23 12:09:44,568: +PARAM [/image/compressedDepth/png_level] by /image_converter
[rosmaster.master][INFO] 2017-09-23 12:09:44,577: +PARAM [/image_marked/compressedDepth/depth_max] by /view
[rosmaster.master][INFO] 2017-09-23 12:09:44,579: +PARAM [/image_marked/compressedDepth/depth_quantization] by /view
[rosmaster.master][INFO] 2017-09-23 12:09:44,580: +PARAM [/image_marked/compressedDepth/png_level] by /view
[rosmaster.master][INFO] 2017-09-23 12:09:44,582: +PARAM [/image_marked/compressedDepth/depth_max] by /view
[rosmaster.master][INFO] 2017-09-23 12:09:44,585: +PARAM [/image_marked/compressedDepth/depth_quantization] by /view
[rosmaster.master][INFO] 2017-09-23 12:09:44,585: +PARAM [/image_marked/compressedDepth/png_level] by /view
[rosmaster.master][INFO] 2017-09-23 12:09:44,625: +PUB [/image/compressed] /image_converter http://ubuntu:42773/
[rosmaster.master][INFO] 2017-09-23 12:09:44,626: +SERVICE [/image/compressed/set_parameters] /image_converter http://ubuntu:42773/
[rosmaster.master][INFO] 2017-09-23 12:09:44,627: +PUB [/image/compressed/parameter_descriptions] /image_converter http://ubuntu:42773/
[rosmaster.master][INFO] 2017-09-23 12:09:44,628: +PUB [/image/compressed/parameter_updates] /image_converter http://ubuntu:42773/
[rosmaster.master][INFO] 2017-09-23 12:09:44,632: +PARAM [/image/compressed/format] by /image_converter
[rosmaster.master][INFO] 2017-09-23 12:09:44,633: +PARAM [/image/compressed/jpeg_quality] by /image_converter
[rosmaster.master][INFO] 2017-09-23 12:09:44,633: +PARAM [/image/compressed/png_level] by /image_converter
[rosmaster.master][INFO] 2017-09-23 12:09:44,634: +PARAM [/image/compressed/format] by /image_converter
[rosmaster.master][INFO] 2017-09-23 12:09:44,637: +PARAM [/image/compressed/jpeg_quality] by /image_converter
[rosmaster.master][INFO] 2017-09-23 12:09:44,638: +PARAM [/image/compressed/png_level] by /image_converter
[rosmaster.master][INFO] 2017-09-23 12:09:44,643: +PUB [/image_marked/compressed] /view http://ubuntu:39796/
[rosmaster.master][INFO] 2017-09-23 12:09:44,644: +SERVICE [/image_marked/compressed/set_parameters] /view http://ubuntu:39796/
[rosmaster.master][INFO] 2017-09-23 12:09:44,645: +PUB [/image_marked/compressed/parameter_descriptions] /view http://ubuntu:39796/
[rosmaster.master][INFO] 2017-09-23 12:09:44,647: +PUB [/image_marked/compressed/parameter_updates] /view http://ubuntu:39796/
[rosmaster.master][INFO] 2017-09-23 12:09:44,652: +PARAM [/image_marked/compressed/format] by /view
[rosmaster.master][INFO] 2017-09-23 12:09:44,652: +PARAM [/image_marked/compressed/jpeg_quality] by /view
[rosmaster.master][INFO] 2017-09-23 12:09:44,653: +PARAM [/image_marked/compressed/png_level] by /view
[rosmaster.master][INFO] 2017-09-23 12:09:44,655: +PARAM [/image_marked/compressed/format] by /view
[rosmaster.master][INFO] 2017-09-23 12:09:44,656: +PARAM [/image_marked/compressed/jpeg_quality] by /view
[rosmaster.master][INFO] 2017-09-23 12:09:44,658: +PARAM [/image_marked/compressed/png_level] by /view
[rosmaster.master][INFO] 2017-09-23 12:09:44,696: +PUB [/image] /image_converter http://ubuntu:42773/
[rosmaster.master][INFO] 2017-09-23 12:09:44,727: +PUB [/image_marked] /view http://ubuntu:39796/
[rosmaster.master][INFO] 2017-09-23 12:09:44,767: +PUB [/camera/image_raw/compressedDepth] /camera http://ubuntu:46519/
[rosmaster.master][INFO] 2017-09-23 12:09:44,768: +SERVICE [/camera/image_raw/compressedDepth/set_parameters] /camera http://ubuntu:46519/
[rosmaster.master][INFO] 2017-09-23 12:09:44,770: +PUB [/camera/image_raw/compressedDepth/parameter_descriptions] /camera http://ubuntu:46519/
[rosmaster.master][INFO] 2017-09-23 12:09:44,771: +PUB [/camera/image_raw/compressedDepth/parameter_updates] /camera http://ubuntu:46519/
[rosmaster.master][INFO] 2017-09-23 12:09:44,779: +PUB [/image/theora] /image_converter http://ubuntu:42773/
[rosmaster.master][INFO] 2017-09-23 12:09:44,781: +PARAM [/camera/image_raw/compressedDepth/depth_max] by /camera
[rosmaster.master][INFO] 2017-09-23 12:09:44,787: +SERVICE [/image/theora/set_parameters] /image_converter http://ubuntu:42773/
[rosmaster.master][INFO] 2017-09-23 12:09:44,787: +PARAM [/camera/image_raw/compressedDepth/depth_quantization] by /camera
[rosmaster.master][INFO] 2017-09-23 12:09:44,792: +PUB [/image/theora/parameter_descriptions] /image_converter http://ubuntu:42773/
[rosmaster.master][INFO] 2017-09-23 12:09:44,792: +PARAM [/camera/image_raw/compressedDepth/png_level] by /camera
[rosmaster.master][INFO] 2017-09-23 12:09:44,793: +PUB [/image/theora/parameter_updates] /image_converter http://ubuntu:42773/
[rosmaster.master][INFO] 2017-09-23 12:09:44,794: +PARAM [/camera/image_raw/compressedDepth/depth_max] by /camera
[rosmaster.master][INFO] 2017-09-23 12:09:44,795: +PARAM [/camera/image_raw/compressedDepth/depth_quantization] by /camera
[rosmaster.master][INFO] 2017-09-23 12:09:44,799: +PARAM [/camera/image_raw/compressedDepth/png_level] by /camera
[rosmaster.master][INFO] 2017-09-23 12:09:44,811: +PARAM [/image/theora/optimize_for] by /image_converter
[rosmaster.master][INFO] 2017-09-23 12:09:44,811: +PARAM [/image/theora/target_bitrate] by /image_converter
[rosmaster.master][INFO] 2017-09-23 12:09:44,812: +PARAM [/image/theora/quality] by /image_converter
[rosmaster.master][INFO] 2017-09-23 12:09:44,813: +PARAM [/image/theora/keyframe_frequency] by /image_converter
[rosmaster.master][INFO] 2017-09-23 12:09:44,815: +PARAM [/image/theora/optimize_for] by /image_converter
[rosmaster.master][INFO] 2017-09-23 12:09:44,816: +PARAM [/image/theora/target_bitrate] by /image_converter
[rosmaster.master][INFO] 2017-09-23 12:09:44,820: +PARAM [/image/theora/quality] by /image_converter
[rosmaster.master][INFO] 2017-09-23 12:09:44,820: +PUB [/image_marked/theora] /view http://ubuntu:39796/
[rosmaster.master][INFO] 2017-09-23 12:09:44,821: +PARAM [/image/theora/keyframe_frequency] by /image_converter
[rosmaster.master][INFO] 2017-09-23 12:09:44,822: +SERVICE [/image_marked/theora/set_parameters] /view http://ubuntu:39796/
[rosmaster.master][INFO] 2017-09-23 12:09:44,822: +PUB [/image_marked/theora/parameter_descriptions] /view http://ubuntu:39796/
[rosmaster.master][INFO] 2017-09-23 12:09:44,827: +PUB [/image_marked/theora/parameter_updates] /view http://ubuntu:39796/
[rosmaster.master][INFO] 2017-09-23 12:09:44,829: +PARAM [/image_marked/theora/optimize_for] by /view
[rosmaster.master][INFO] 2017-09-23 12:09:44,830: +PARAM [/image_marked/theora/target_bitrate] by /view
[rosmaster.master][INFO] 2017-09-23 12:09:44,835: +PARAM [/image_marked/theora/quality] by /view
[rosmaster.master][INFO] 2017-09-23 12:09:44,835: +PARAM [/image_marked/theora/keyframe_frequency] by /view
[rosmaster.master][INFO] 2017-09-23 12:09:44,836: +PARAM [/image_marked/theora/optimize_for] by /view
[rosmaster.master][INFO] 2017-09-23 12:09:44,837: +PARAM [/image_marked/theora/target_bitrate] by /view
[rosmaster.master][INFO] 2017-09-23 12:09:44,838: +PARAM [/image_marked/theora/quality] by /view
[rosmaster.master][INFO] 2017-09-23 12:09:44,838: +PARAM [/image_marked/theora/keyframe_frequency] by /view
[rosmaster.master][INFO] 2017-09-23 12:09:44,859: +PUB [/camera/image_raw/compressed] /camera http://ubuntu:46519/
[rosmaster.master][INFO] 2017-09-23 12:09:44,860: +SERVICE [/camera/image_raw/compressed/set_parameters] /camera http://ubuntu:46519/
[rosmaster.master][INFO] 2017-09-23 12:09:44,861: +PUB [/camera/image_raw/compressed/parameter_descriptions] /camera http://ubuntu:46519/
[rosmaster.master][INFO] 2017-09-23 12:09:44,861: +PUB [/camera/image_raw/compressed/parameter_updates] /camera http://ubuntu:46519/
[rosmaster.master][INFO] 2017-09-23 12:09:44,864: +PARAM [/camera/image_raw/compressed/format] by /camera
[rosmaster.master][INFO] 2017-09-23 12:09:44,867: +PARAM [/camera/image_raw/compressed/jpeg_quality] by /camera
[rosmaster.master][INFO] 2017-09-23 12:09:44,867: +PARAM [/camera/image_raw/compressed/png_level] by /camera
[rosmaster.master][INFO] 2017-09-23 12:09:44,868: +PARAM [/camera/image_raw/compressed/format] by /camera
[rosmaster.master][INFO] 2017-09-23 12:09:44,869: +PARAM [/camera/image_raw/compressed/jpeg_quality] by /camera
[rosmaster.master][INFO] 2017-09-23 12:09:44,871: +PARAM [/camera/image_raw/compressed/png_level] by /camera
[rosmaster.master][INFO] 2017-09-23 12:09:44,897: +PUB [/image/marked/compressedDepth] /view http://ubuntu:39796/
[rosmaster.master][INFO] 2017-09-23 12:09:44,898: +SERVICE [/image/marked/compressedDepth/set_parameters] /view http://ubuntu:39796/
[rosmaster.master][INFO] 2017-09-23 12:09:44,898: +PUB [/image/marked/compressedDepth/parameter_descriptions] /view http://ubuntu:39796/
[rosmaster.master][INFO] 2017-09-23 12:09:44,899: +PUB [/image/marked/compressedDepth/parameter_updates] /view http://ubuntu:39796/
[rosmaster.master][INFO] 2017-09-23 12:09:44,901: +PARAM [/image/marked/compressedDepth/depth_max] by /view
[rosmaster.master][INFO] 2017-09-23 12:09:44,902: +PARAM [/image/marked/compressedDepth/depth_quantization] by /view
[rosmaster.master][INFO] 2017-09-23 12:09:44,907: +PARAM [/image/marked/compressedDepth/png_level] by /view
[rosmaster.master][INFO] 2017-09-23 12:09:44,907: +PARAM [/image/marked/compressedDepth/depth_max] by /view
[rosmaster.master][INFO] 2017-09-23 12:09:44,908: +PARAM [/image/marked/compressedDepth/depth_quantization] by /view
[rosmaster.master][INFO] 2017-09-23 12:09:44,909: +PARAM [/image/marked/compressedDepth/png_level] by /view
[rosmaster.master][INFO] 2017-09-23 12:09:44,931: +PUB [/camera/image_raw] /camera http://ubuntu:46519/
[rosmaster.master][INFO] 2017-09-23 12:09:44,959: +PUB [/image/marked/compressed] /view http://ubuntu:39796/
[rosmaster.master][INFO] 2017-09-23 12:09:44,960: +SERVICE [/image/marked/compressed/set_parameters] /view http://ubuntu:39796/
[rosmaster.master][INFO] 2017-09-23 12:09:44,961: +PUB [/image/marked/compressed/parameter_descriptions] /view http://ubuntu:39796/
[rosmaster.master][INFO] 2017-09-23 12:09:44,961: +PUB [/image/marked/compressed/parameter_updates] /view http://ubuntu:39796/
[rosmaster.master][INFO] 2017-09-23 12:09:44,963: +PARAM [/image/marked/compressed/format] by /view
[rosmaster.master][INFO] 2017-09-23 12:09:44,964: +PARAM [/image/marked/compressed/jpeg_quality] by /view
[rosmaster.master][INFO] 2017-09-23 12:09:44,964: +PARAM [/image/marked/compressed/png_level] by /view
[rosmaster.master][INFO] 2017-09-23 12:09:44,965: +PARAM [/image/marked/compressed/format] by /view
[rosmaster.master][INFO] 2017-09-23 12:09:44,966: +PARAM [/image/marked/compressed/jpeg_quality] by /view
[rosmaster.master][INFO] 2017-09-23 12:09:44,970: +PARAM [/image/marked/compressed/png_level] by /view
[rosmaster.master][INFO] 2017-09-23 12:09:44,975: publisherUpdate[/camera/image_raw] -> http://ubuntu:42773/ ['http://ubuntu:46519/']
[rosmaster.master][INFO] 2017-09-23 12:09:44,976: publisherUpdate[/camera/image_raw] -> http://ubuntu:42773/ ['http://ubuntu:46519/']: sec=0.00, result=[1, '', 0]
[rosmaster.master][INFO] 2017-09-23 12:09:44,991: +PUB [/camera/image_raw/theora] /camera http://ubuntu:46519/
[rosmaster.master][INFO] 2017-09-23 12:09:44,992: +SERVICE [/camera/image_raw/theora/set_parameters] /camera http://ubuntu:46519/
[rosmaster.master][INFO] 2017-09-23 12:09:44,992: +PUB [/camera/image_raw/theora/parameter_descriptions] /camera http://ubuntu:46519/
[rosmaster.master][INFO] 2017-09-23 12:09:44,995: +PUB [/camera/image_raw/theora/parameter_updates] /camera http://ubuntu:46519/
[rosmaster.master][INFO] 2017-09-23 12:09:44,997: +PARAM [/camera/image_raw/theora/optimize_for] by /camera
[rosmaster.master][INFO] 2017-09-23 12:09:44,998: +PARAM [/camera/image_raw/theora/target_bitrate] by /camera
[rosmaster.master][INFO] 2017-09-23 12:09:44,999: +PARAM [/camera/image_raw/theora/quality] by /camera
[rosmaster.master][INFO] 2017-09-23 12:09:45,003: +PARAM [/camera/image_raw/theora/keyframe_frequency] by /camera
[rosmaster.master][INFO] 2017-09-23 12:09:45,004: +PARAM [/camera/image_raw/theora/optimize_for] by /camera
[rosmaster.master][INFO] 2017-09-23 12:09:45,004: +PARAM [/camera/image_raw/theora/target_bitrate] by /camera
[rosmaster.master][INFO] 2017-09-23 12:09:45,005: +PARAM [/camera/image_raw/theora/quality] by /camera
[rosmaster.master][INFO] 2017-09-23 12:09:45,006: +PARAM [/camera/image_raw/theora/keyframe_frequency] by /camera
[rosmaster.master][INFO] 2017-09-23 12:09:45,006: +PUB [/camera/camera_info] /camera http://ubuntu:46519/
[rosmaster.master][INFO] 2017-09-23 12:09:45,027: +PUB [/image/marked] /view http://ubuntu:39796/
[rosmaster.master][INFO] 2017-09-23 12:09:45,052: +PUB [/image/marked/theora] /view http://ubuntu:39796/
[rosmaster.master][INFO] 2017-09-23 12:09:45,053: +SERVICE [/image/marked/theora/set_parameters] /view http://ubuntu:39796/
[rosmaster.master][INFO] 2017-09-23 12:09:45,054: +PUB [/image/marked/theora/parameter_descriptions] /view http://ubuntu:39796/
[rosmaster.master][INFO] 2017-09-23 12:09:45,055: +PUB [/image/marked/theora/parameter_updates] /view http://ubuntu:39796/
[rosmaster.master][INFO] 2017-09-23 12:09:45,057: +PARAM [/image/marked/theora/optimize_for] by /view
[rosmaster.master][INFO] 2017-09-23 12:09:45,058: +PARAM [/image/marked/theora/target_bitrate] by /view
[rosmaster.master][INFO] 2017-09-23 12:09:45,058: +PARAM [/image/marked/theora/quality] by /view
[rosmaster.master][INFO] 2017-09-23 12:09:45,059: +PARAM [/image/marked/theora/keyframe_frequency] by /view
[rosmaster.master][INFO] 2017-09-23 12:09:45,059: +PARAM [/image/marked/theora/optimize_for] by /view
[rosmaster.master][INFO] 2017-09-23 12:09:45,060: +PARAM [/image/marked/theora/target_bitrate] by /view
[rosmaster.master][INFO] 2017-09-23 12:09:45,061: +PARAM [/image/marked/theora/quality] by /view
[rosmaster.master][INFO] 2017-09-23 12:09:45,061: +PARAM [/image/marked/theora/keyframe_frequency] by /view
[rosmaster.master][INFO] 2017-09-23 12:09:45,089: +SUB [/image] /view http://ubuntu:39796/
[rosmaster.master][INFO] 2017-09-23 12:09:45,093: +SUB [/camera_info] /view http://ubuntu:39796/
[rosmaster.master][INFO] 2017-09-23 12:09:45,096: +SUB [/image_marker] /view http://ubuntu:39796/
[rosmaster.master][INFO] 2017-09-23 12:09:45,099: +SUB [/image/event] /view http://ubuntu:39796/
[rosmaster.master][INFO] 2017-09-23 12:09:45,099: +SERVICE [/view/change_mode] /view http://ubuntu:39796/
[rosmaster.master][INFO] 2017-09-23 12:09:45,100: +SERVICE [/view/rectangle_mode] /view http://ubuntu:39796/
[rosmaster.master][INFO] 2017-09-23 12:09:45,100: +SERVICE [/view/grabcut_mode] /view http://ubuntu:39796/
[rosmaster.master][INFO] 2017-09-23 12:09:45,101: +SERVICE [/view/grabcut_rect_mode] /view http://ubuntu:39796/
[rosmaster.master][INFO] 2017-09-23 12:09:45,102: +SERVICE [/view/line_mode] /view http://ubuntu:39796/
[rosmaster.master][INFO] 2017-09-23 12:09:45,103: +SERVICE [/view/poly_mode] /view http://ubuntu:39796/
[rosmaster.master][INFO] 2017-09-23 12:09:45,104: +SERVICE [/view/none_mode] /view http://ubuntu:39796/
[rosmaster.master][INFO] 2017-09-23 12:09:45,104: +SERVICE [/view/set_parameters] /view http://ubuntu:39796/
[rosmaster.master][INFO] 2017-09-23 12:09:45,105: +PUB [/view/parameter_descriptions] /view http://ubuntu:39796/
[rosmaster.master][INFO] 2017-09-23 12:09:45,106: +PUB [/view/parameter_updates] /view http://ubuntu:39796/
[rosmaster.master][INFO] 2017-09-23 12:09:45,110: +PARAM [/view/grid] by /view
[rosmaster.master][INFO] 2017-09-23 12:09:45,111: +PARAM [/view/fisheye_mode] by /view
[rosmaster.master][INFO] 2017-09-23 12:09:45,112: +PARAM [/view/div_u] by /view
[rosmaster.master][INFO] 2017-09-23 12:09:45,112: +PARAM [/view/div_v] by /view
[rosmaster.master][INFO] 2017-09-23 12:09:45,113: +PARAM [/view/grid_red] by /view
[rosmaster.master][INFO] 2017-09-23 12:09:45,114: +PARAM [/view/grid_green] by /view
[rosmaster.master][INFO] 2017-09-23 12:09:45,114: +PARAM [/view/grid_blue] by /view
[rosmaster.master][INFO] 2017-09-23 12:09:45,115: +PARAM [/view/grid_thickness] by /view
[rosmaster.master][INFO] 2017-09-23 12:09:45,116: +PARAM [/view/grid_space] by /view
[rosmaster.master][INFO] 2017-09-23 12:09:45,116: +PARAM [/view/grid] by /view
[rosmaster.master][INFO] 2017-09-23 12:09:45,117: +PARAM [/view/fisheye_mode] by /view
[rosmaster.master][INFO] 2017-09-23 12:09:45,117: +PARAM [/view/div_u] by /view
[rosmaster.master][INFO] 2017-09-23 12:09:45,118: +PARAM [/view/div_v] by /view
[rosmaster.master][INFO] 2017-09-23 12:09:45,119: +PARAM [/view/grid_red] by /view
[rosmaster.master][INFO] 2017-09-23 12:09:45,119: +PARAM [/view/grid_green] by /view
[rosmaster.master][INFO] 2017-09-23 12:09:45,120: +PARAM [/view/grid_blue] by /view
[rosmaster.master][INFO] 2017-09-23 12:09:45,121: +PARAM [/view/grid_thickness] by /view
[rosmaster.master][INFO] 2017-09-23 12:09:45,122: +PARAM [/view/grid_space] by /view
[rosmaster.master][INFO] 2017-09-23 12:10:10,550: -PUB [/rosout] /camera http://ubuntu:46519/
[rosmaster.master][INFO] 2017-09-23 12:10:10,552: -PUB [/camera/image_raw/compressedDepth] /camera http://ubuntu:46519/
[rosmaster.master][INFO] 2017-09-23 12:10:10,553: -PUB [/camera/image_raw/compressedDepth/parameter_descriptions] /camera http://ubuntu:46519/
[rosmaster.master][INFO] 2017-09-23 12:10:10,561: -PUB [/camera/image_raw/compressedDepth/parameter_updates] /camera http://ubuntu:46519/
[rosmaster.master][INFO] 2017-09-23 12:10:10,567: -PUB [/camera/image_raw/compressed] /camera http://ubuntu:46519/
[rosmaster.master][INFO] 2017-09-23 12:10:10,570: -PUB [/camera/image_raw/compressed/parameter_descriptions] /camera http://ubuntu:46519/
[rosmaster.master][INFO] 2017-09-23 12:10:10,575: -PUB [/camera/image_raw/compressed/parameter_updates] /camera http://ubuntu:46519/
[rosmaster.master][INFO] 2017-09-23 12:10:10,577: -PUB [/camera/image_raw] /camera http://ubuntu:46519/
[rosmaster.master][INFO] 2017-09-23 12:10:10,578: -PUB [/camera/image_raw/theora] /camera http://ubuntu:46519/
[rosmaster.master][INFO] 2017-09-23 12:10:10,583: -PUB [/camera/image_raw/theora/parameter_descriptions] /camera http://ubuntu:46519/
[rosmaster.master][INFO] 2017-09-23 12:10:10,585: -PUB [/camera/image_raw/theora/parameter_updates] /camera http://ubuntu:46519/
[rosmaster.master][INFO] 2017-09-23 12:10:10,586: -PUB [/camera/camera_info] /camera http://ubuntu:46519/
[rosmaster.master][INFO] 2017-09-23 12:10:10,592: -SERVICE [/camera/get_loggers] /camera rosrpc://ubuntu:56382
[rosmaster.master][INFO] 2017-09-23 12:10:10,593: -SERVICE [/camera/set_logger_level] /camera rosrpc://ubuntu:56382
[rosmaster.master][INFO] 2017-09-23 12:10:10,600: -SERVICE [/camera/set_camera_info] /camera rosrpc://ubuntu:56382
[rosmaster.master][INFO] 2017-09-23 12:10:10,603: -SERVICE [/camera/image_raw/compressedDepth/set_parameters] /camera rosrpc://ubuntu:56382
[rosmaster.master][INFO] 2017-09-23 12:10:10,612: -SERVICE [/camera/image_raw/compressed/set_parameters] /camera rosrpc://ubuntu:56382
[rosmaster.master][INFO] 2017-09-23 12:10:10,616: publisherUpdate[/rosout] -> http://ubuntu:33864/ ['http://ubuntu:42773/', 'http://ubuntu:39796/']
[rosmaster.master][INFO] 2017-09-23 12:10:10,622: publisherUpdate[/rosout] -> http://ubuntu:33864/ ['http://ubuntu:42773/', 'http://ubuntu:39796/']: sec=0.01, result=[1, '', 0]
[rosmaster.master][INFO] 2017-09-23 12:10:10,623: publisherUpdate[/camera/image_raw] -> http://ubuntu:42773/ []
[rosmaster.master][INFO] 2017-09-23 12:10:10,623: -SERVICE [/camera/image_raw/theora/set_parameters] /camera rosrpc://ubuntu:56382
[rosmaster.master][INFO] 2017-09-23 12:10:10,626: publisherUpdate[/camera/image_raw] -> http://ubuntu:42773/ []: sec=0.00, result=[0, 'Unknown Error', 0]
[rosmaster.master][INFO] 2017-09-23 12:10:10,653: -PUB [/rosout] /view http://ubuntu:39796/
[rosmaster.master][INFO] 2017-09-23 12:10:10,656: -PUB [/image/screenpoint] /view http://ubuntu:39796/
[rosmaster.master][INFO] 2017-09-23 12:10:10,658: -PUB [/image/screenpoint_array] /view http://ubuntu:39796/
[rosmaster.master][INFO] 2017-09-23 12:10:10,668: -PUB [/image/screenrectangle] /view http://ubuntu:39796/
[rosmaster.master][INFO] 2017-09-23 12:10:10,671: -PUB [/image/screenrectangle_image] /view http://ubuntu:39796/
[rosmaster.master][INFO] 2017-09-23 12:10:10,671: -PUB [/image/movepoint] /view http://ubuntu:39796/
[rosmaster.master][INFO] 2017-09-23 12:10:10,674: -PUB [/image/foreground] /view http://ubuntu:39796/
[rosmaster.master][INFO] 2017-09-23 12:10:10,678: -PUB [/image/background] /view http://ubuntu:39796/
[rosmaster.master][INFO] 2017-09-23 12:10:10,681: -PUB [/image/foreground_rect] /view http://ubuntu:39796/
[rosmaster.master][INFO] 2017-09-23 12:10:10,683: -PUB [/image/background_rect] /view http://ubuntu:39796/
[rosmaster.master][INFO] 2017-09-23 12:10:10,694: -PUB [/image/line] /view http://ubuntu:39796/
[rosmaster.master][INFO] 2017-09-23 12:10:10,695: -PUB [/image/poly] /view http://ubuntu:39796/
[rosmaster.master][INFO] 2017-09-23 12:10:10,697: -PUB [/image_marked/compressedDepth] /view http://ubuntu:39796/
[rosmaster.master][INFO] 2017-09-23 12:10:10,703: -PUB [/image_marked/compressedDepth/parameter_descriptions] /view http://ubuntu:39796/
[rosmaster.master][INFO] 2017-09-23 12:10:10,707: -PUB [/image_marked/compressedDepth/parameter_updates] /view http://ubuntu:39796/
[rosmaster.master][INFO] 2017-09-23 12:10:10,719: -PUB [/image_marked/compressed] /view http://ubuntu:39796/
[rosmaster.master][INFO] 2017-09-23 12:10:10,723: -PUB [/image_marked/compressed/parameter_descriptions] /view http://ubuntu:39796/
[rosmaster.master][INFO] 2017-09-23 12:10:10,725: -PUB [/image_marked/compressed/parameter_updates] /view http://ubuntu:39796/
[rosmaster.master][INFO] 2017-09-23 12:10:10,727: publisherUpdate[/rosout] -> http://ubuntu:33864/ ['http://ubuntu:42773/']
[rosmaster.master][INFO] 2017-09-23 12:10:10,728: publisherUpdate[/rosout] -> http://ubuntu:33864/ ['http://ubuntu:42773/']: sec=0.00, result=[1, '', 0]
[rosmaster.master][INFO] 2017-09-23 12:10:10,729: -PUB [/image_marked] /view http://ubuntu:39796/
[rosmaster.master][INFO] 2017-09-23 12:10:10,730: -PUB [/image_marked/theora] /view http://ubuntu:39796/
[rosmaster.master][INFO] 2017-09-23 12:10:10,734: -PUB [/image_marked/theora/parameter_descriptions] /view http://ubuntu:39796/
[rosmaster.master][INFO] 2017-09-23 12:10:10,739: -PUB [/rosout] /image_converter http://ubuntu:42773/
[rosmaster.master][INFO] 2017-09-23 12:10:10,744: -PUB [/image_marked/theora/parameter_updates] /view http://ubuntu:39796/
[rosmaster.master][INFO] 2017-09-23 12:10:10,751: -PUB [/image/compressedDepth] /image_converter http://ubuntu:42773/
[rosmaster.master][INFO] 2017-09-23 12:10:10,753: -PUB [/image/marked/compressedDepth] /view http://ubuntu:39796/
[rosmaster.master][INFO] 2017-09-23 12:10:10,754: -PUB [/image/marked/compressedDepth/parameter_descriptions] /view http://ubuntu:39796/
[rosmaster.master][INFO] 2017-09-23 12:10:10,755: -PUB [/image/marked/compressedDepth/parameter_updates] /view http://ubuntu:39796/
[rosmaster.master][INFO] 2017-09-23 12:10:10,756: -PUB [/image/marked/compressed] /view http://ubuntu:39796/
[rosmaster.master][INFO] 2017-09-23 12:10:10,757: -PUB [/image/marked/compressed/parameter_descriptions] /view http://ubuntu:39796/
[rosmaster.master][INFO] 2017-09-23 12:10:10,760: -PUB [/image/marked/compressed/parameter_updates] /view http://ubuntu:39796/
[rosmaster.master][INFO] 2017-09-23 12:10:10,764: -PUB [/image/compressedDepth/parameter_descriptions] /image_converter http://ubuntu:42773/
[rosmaster.master][INFO] 2017-09-23 12:10:10,770: -PUB [/image/marked] /view http://ubuntu:39796/
[rosmaster.master][INFO] 2017-09-23 12:10:10,774: -PUB [/image/compressedDepth/parameter_updates] /image_converter http://ubuntu:42773/
[rosmaster.master][INFO] 2017-09-23 12:10:10,777: -PUB [/image/marked/theora] /view http://ubuntu:39796/
[rosmaster.master][INFO] 2017-09-23 12:10:10,777: -PUB [/image/marked/theora/parameter_descriptions] /view http://ubuntu:39796/
[rosmaster.master][INFO] 2017-09-23 12:10:10,778: -PUB [/image/marked/theora/parameter_updates] /view http://ubuntu:39796/
[rosmaster.master][INFO] 2017-09-23 12:10:10,783: -PUB [/image/compressed] /image_converter http://ubuntu:42773/
[rosmaster.master][INFO] 2017-09-23 12:10:10,785: -PUB [/view/parameter_descriptions] /view http://ubuntu:39796/
[rosmaster.master][INFO] 2017-09-23 12:10:10,786: -PUB [/view/parameter_updates] /view http://ubuntu:39796/
[rosmaster.master][INFO] 2017-09-23 12:10:10,786: -SUB [/tf] /view http://ubuntu:39796/
[rosmaster.master][INFO] 2017-09-23 12:10:10,789: -SUB [/tf_static] /view http://ubuntu:39796/
[rosmaster.master][INFO] 2017-09-23 12:10:10,790: -PUB [/image/compressed/parameter_descriptions] /image_converter http://ubuntu:42773/
[rosmaster.master][INFO] 2017-09-23 12:10:10,792: -PUB [/image/compressed/parameter_updates] /image_converter http://ubuntu:42773/
[rosmaster.master][INFO] 2017-09-23 12:10:10,794: -PUB [/image] /image_converter http://ubuntu:42773/
[rosmaster.master][INFO] 2017-09-23 12:10:10,795: -SUB [/image] /view http://ubuntu:39796/
[rosmaster.master][INFO] 2017-09-23 12:10:10,798: -SUB [/camera_info] /view http://ubuntu:39796/
[rosmaster.master][INFO] 2017-09-23 12:10:10,799: -PUB [/image/theora] /image_converter http://ubuntu:42773/
[rosmaster.master][INFO] 2017-09-23 12:10:10,803: -PUB [/image/theora/parameter_descriptions] /image_converter http://ubuntu:42773/
[rosmaster.master][INFO] 2017-09-23 12:10:10,804: -SUB [/image_marker] /view http://ubuntu:39796/
[rosmaster.master][INFO] 2017-09-23 12:10:10,805: -SUB [/image/event] /view http://ubuntu:39796/
[rosmaster.master][INFO] 2017-09-23 12:10:10,807: -PUB [/image/theora/parameter_updates] /image_converter http://ubuntu:42773/
[rosmaster.master][INFO] 2017-09-23 12:10:10,809: -SERVICE [/view/get_loggers] /view rosrpc://ubuntu:54868
[rosmaster.master][INFO] 2017-09-23 12:10:10,811: -SUB [/camera/image_raw] /image_converter http://ubuntu:42773/
[rosmaster.master][INFO] 2017-09-23 12:10:10,815: -SERVICE [/view/set_logger_level] /view rosrpc://ubuntu:54868
[rosmaster.master][INFO] 2017-09-23 12:10:10,822: -SERVICE [/image_converter/get_loggers] /image_converter rosrpc://ubuntu:57157
[rosmaster.master][INFO] 2017-09-23 12:10:10,826: -SERVICE [/image_marked/compressedDepth/set_parameters] /view rosrpc://ubuntu:54868
[rosmaster.master][INFO] 2017-09-23 12:10:10,827: -SERVICE [/image_converter/set_logger_level] /image_converter rosrpc://ubuntu:57157
[rosmaster.master][INFO] 2017-09-23 12:10:10,829: publisherUpdate[/rosout] -> http://ubuntu:33864/ []
[rosmaster.master][INFO] 2017-09-23 12:10:10,829: publisherUpdate[/image] -> http://ubuntu:39796/ []
[rosmaster.master][INFO] 2017-09-23 12:10:10,830: publisherUpdate[/rosout] -> http://ubuntu:33864/ []: sec=0.00, result=[1, '', 0]
[rosmaster.master][INFO] 2017-09-23 12:10:10,830: -SERVICE [/image_marked/compressed/set_parameters] /view rosrpc://ubuntu:54868
[rosmaster.master][INFO] 2017-09-23 12:10:10,832: publisherUpdate[/image] -> http://ubuntu:39796/ []: sec=0.00, exception=<Fault -1: 'publisherUpdate: unknown method name'>
[rosmaster.threadpool][ERROR] 2017-09-23 12:10:10,833: Traceback (most recent call last):
  File "/opt/ros/kinetic/lib/python2.7/dist-packages/rosmaster/threadpool.py", line 218, in run
    result = cmd(*args)
  File "/opt/ros/kinetic/lib/python2.7/dist-packages/rosmaster/master_api.py", line 210, in publisher_update_task
    ret = xmlrpcapi(api).publisherUpdate('/master', topic, pub_uris)
  File "/usr/lib/python2.7/xmlrpclib.py", line 1243, in __call__
    return self.__send(self.__name, args)
  File "/usr/lib/python2.7/xmlrpclib.py", line 1602, in __request
    verbose=self.__verbose
  File "/usr/lib/python2.7/xmlrpclib.py", line 1283, in request
    return self.single_request(host, handler, request_body, verbose)
  File "/usr/lib/python2.7/xmlrpclib.py", line 1316, in single_request
    return self.parse_response(response)
  File "/usr/lib/python2.7/xmlrpclib.py", line 1493, in parse_response
    return u.close()
  File "/usr/lib/python2.7/xmlrpclib.py", line 800, in close
    raise Fault(**self._stack[0])
Fault: <Fault -1: 'publisherUpdate: unknown method name'>

[rosmaster.master][INFO] 2017-09-23 12:10:10,833: -SERVICE [/image_marked/theora/set_parameters] /view rosrpc://ubuntu:54868
[rosmaster.master][INFO] 2017-09-23 12:10:10,835: -SERVICE [/image/compressedDepth/set_parameters] /image_converter rosrpc://ubuntu:57157
[rosmaster.master][INFO] 2017-09-23 12:10:10,839: -SERVICE [/image/marked/compressedDepth/set_parameters] /view rosrpc://ubuntu:54868
[rosmaster.master][INFO] 2017-09-23 12:10:10,839: -SERVICE [/image/compressed/set_parameters] /image_converter rosrpc://ubuntu:57157
[rosmaster.master][INFO] 2017-09-23 12:10:10,842: -SERVICE [/image/theora/set_parameters] /image_converter rosrpc://ubuntu:57157
[rosmaster.master][INFO] 2017-09-23 12:10:10,842: -SERVICE [/image/marked/compressed/set_parameters] /view rosrpc://ubuntu:54868
[rosmaster.master][INFO] 2017-09-23 12:10:10,844: -SERVICE [/image/marked/theora/set_parameters] /view rosrpc://ubuntu:54868
[rosmaster.master][INFO] 2017-09-23 12:10:10,848: -SERVICE [/view/change_mode] /view rosrpc://ubuntu:54868
[rosmaster.master][INFO] 2017-09-23 12:10:10,849: -SERVICE [/view/rectangle_mode] /view rosrpc://ubuntu:54868
[rosmaster.master][INFO] 2017-09-23 12:10:10,851: -SERVICE [/view/grabcut_mode] /view rosrpc://ubuntu:54868
[rosmaster.master][INFO] 2017-09-23 12:10:10,854: -SERVICE [/view/grabcut_rect_mode] /view rosrpc://ubuntu:54868
[rosmaster.master][INFO] 2017-09-23 12:10:10,855: -SERVICE [/view/line_mode] /view rosrpc://ubuntu:54868
[rosmaster.master][INFO] 2017-09-23 12:10:10,856: -SERVICE [/view/poly_mode] /view rosrpc://ubuntu:54868
[rosmaster.master][INFO] 2017-09-23 12:10:10,858: -SERVICE [/view/none_mode] /view rosrpc://ubuntu:54868
[rosmaster.master][INFO] 2017-09-23 12:10:10,860: -SERVICE [/view/set_parameters] /view rosrpc://ubuntu:54868
[rosmaster.master][INFO] 2017-09-23 12:10:11,233: -PUB [/rosout_agg] /rosout http://ubuntu:33864/
[rosmaster.master][INFO] 2017-09-23 12:10:11,234: -SUB [/rosout] /rosout http://ubuntu:33864/
[rosmaster.master][INFO] 2017-09-23 12:10:11,234: -SERVICE [/rosout/get_loggers] /rosout rosrpc://ubuntu:54989
[rosmaster.master][INFO] 2017-09-23 12:10:11,235: -SERVICE [/rosout/set_logger_level] /rosout rosrpc://ubuntu:54989
[rosmaster.main][INFO] 2017-09-23 12:10:11,266: keyboard interrupt, will exit
[rosmaster.main][INFO] 2017-09-23 12:10:11,266: stopping master...
[rospy.core][INFO] 2017-09-23 12:10:11,266: signal_shutdown [atexit]
