[rosmaster.main][INFO] 2017-09-25 17:22:25,838: initialization complete, waiting for shutdown
[rosmaster.main][INFO] 2017-09-25 17:22:25,838: Starting ROS Master Node
[xmlrpc][INFO] 2017-09-25 17:22:25,839: XML-RPC server binding to 0.0.0.0:11311
[xmlrpc][INFO] 2017-09-25 17:22:25,839: Started XML-RPC server [http://ubuntu:11311/]
[xmlrpc][INFO] 2017-09-25 17:22:25,839: xml rpc node: starting XML-RPC server
[rosmaster.master][INFO] 2017-09-25 17:22:25,839: Master initialized: port[11311], uri[http://ubuntu:11311/]
[rosmaster.master][INFO] 2017-09-25 17:22:25,901: +PARAM [/run_id] by /roslaunch
[rosmaster.master][INFO] 2017-09-25 17:22:25,902: +PARAM [/roslaunch/uris/host_ubuntu__36282] by /roslaunch
[rosmaster.master][INFO] 2017-09-25 17:22:25,963: +PARAM [/rosversion] by /roslaunch
[rosmaster.master][INFO] 2017-09-25 17:22:25,963: +PARAM [/rosdistro] by /roslaunch
[rosmaster.master][INFO] 2017-09-25 17:22:25,963: +PARAM [/camera/device_id] by /roslaunch
[rosmaster.master][INFO] 2017-09-25 17:22:25,975: +SERVICE [/rosout/get_loggers] /rosout http://ubuntu:41781/
[rosmaster.master][INFO] 2017-09-25 17:22:25,979: +SERVICE [/rosout/set_logger_level] /rosout http://ubuntu:41781/
[rosmaster.master][INFO] 2017-09-25 17:22:25,989: +PUB [/rosout_agg] /rosout http://ubuntu:41781/
[rosmaster.master][INFO] 2017-09-25 17:22:25,996: +SUB [/rosout] /rosout http://ubuntu:41781/
[rosmaster.master][INFO] 2017-09-25 17:22:26,071: +PUB [/rosout] /mask_orange http://ubuntu:36286/
[rosmaster.master][INFO] 2017-09-25 17:22:26,076: +SERVICE [/mask_orange/get_loggers] /mask_orange http://ubuntu:36286/
[rosmaster.master][INFO] 2017-09-25 17:22:26,077: +SERVICE [/mask_orange/set_logger_level] /mask_orange http://ubuntu:36286/
[rosmaster.master][INFO] 2017-09-25 17:22:26,116: +PUB [/rosout] /view http://ubuntu:42204/
[rosmaster.master][INFO] 2017-09-25 17:22:26,117: +SERVICE [/view/get_loggers] /view http://ubuntu:42204/
[rosmaster.master][INFO] 2017-09-25 17:22:26,118: +SERVICE [/view/set_logger_level] /view http://ubuntu:42204/
[rosmaster.master][INFO] 2017-09-25 17:22:26,122: +SUB [/tf] /view http://ubuntu:42204/
[rosmaster.master][INFO] 2017-09-25 17:22:26,128: +PUB [/rosout] /camera http://ubuntu:46697/
[rosmaster.master][INFO] 2017-09-25 17:22:26,130: +SERVICE [/camera/get_loggers] /camera http://ubuntu:46697/
[rosmaster.master][INFO] 2017-09-25 17:22:26,131: +SERVICE [/camera/set_logger_level] /camera http://ubuntu:46697/
[rosmaster.master][INFO] 2017-09-25 17:22:26,137: +SUB [/tf_static] /view http://ubuntu:42204/
[rosmaster.master][INFO] 2017-09-25 17:22:26,140: publisherUpdate[/rosout] -> http://ubuntu:41781/ ['http://ubuntu:36286/']
[rosmaster.master][INFO] 2017-09-25 17:22:26,149: publisherUpdate[/rosout] -> http://ubuntu:41781/ ['http://ubuntu:36286/']: sec=0.01, result=[1, '', 0]
[rosmaster.master][INFO] 2017-09-25 17:22:26,149: publisherUpdate[/rosout] -> http://ubuntu:41781/ ['http://ubuntu:36286/', 'http://ubuntu:42204/']
[rosmaster.master][INFO] 2017-09-25 17:22:26,149: publisherUpdate[/rosout] -> http://ubuntu:41781/ ['http://ubuntu:36286/', 'http://ubuntu:42204/']: sec=0.00, result=[1, '', 0]
[rosmaster.master][INFO] 2017-09-25 17:22:26,149: publisherUpdate[/rosout] -> http://ubuntu:41781/ ['http://ubuntu:36286/', 'http://ubuntu:42204/', 'http://ubuntu:46697/']
[rosmaster.master][INFO] 2017-09-25 17:22:26,150: publisherUpdate[/rosout] -> http://ubuntu:41781/ ['http://ubuntu:36286/', 'http://ubuntu:42204/', 'http://ubuntu:46697/']: sec=0.00, result=[1, '', 0]
[rosmaster.master][INFO] 2017-09-25 17:22:26,203: +PUB [/image/screenpoint] /view http://ubuntu:42204/
[rosmaster.master][INFO] 2017-09-25 17:22:26,204: +PUB [/image/screenpoint_array] /view http://ubuntu:42204/
[rosmaster.master][INFO] 2017-09-25 17:22:26,205: +PUB [/image/screenrectangle] /view http://ubuntu:42204/
[rosmaster.master][INFO] 2017-09-25 17:22:26,206: +PUB [/image/screenrectangle_image] /view http://ubuntu:42204/
[rosmaster.master][INFO] 2017-09-25 17:22:26,206: +PUB [/image/movepoint] /view http://ubuntu:42204/
[rosmaster.master][INFO] 2017-09-25 17:22:26,208: +PUB [/image/foreground] /view http://ubuntu:42204/
[rosmaster.master][INFO] 2017-09-25 17:22:26,209: +PUB [/image/background] /view http://ubuntu:42204/
[rosmaster.master][INFO] 2017-09-25 17:22:26,212: +SERVICE [/camera/set_camera_info] /camera http://ubuntu:46697/
[rosmaster.master][INFO] 2017-09-25 17:22:26,213: +PUB [/image/foreground_rect] /view http://ubuntu:42204/
[rosmaster.master][INFO] 2017-09-25 17:22:26,215: +PUB [/image/background_rect] /view http://ubuntu:42204/
[rosmaster.master][INFO] 2017-09-25 17:22:26,216: -SERVICE [/camera/set_camera_info] /camera rosrpc://ubuntu:55086
[rosmaster.master][INFO] 2017-09-25 17:22:26,219: +PUB [/image/line] /view http://ubuntu:42204/
[rosmaster.master][INFO] 2017-09-25 17:22:26,220: +PUB [/image/poly] /view http://ubuntu:42204/
[rosmaster.master][INFO] 2017-09-25 17:22:26,236: +SUB [/camera/image_raw] /mask_orange http://ubuntu:36286/
[rosmaster.master][INFO] 2017-09-25 17:22:26,303: +PUB [/image/compressedDepth] /mask_orange http://ubuntu:36286/
[rosmaster.master][INFO] 2017-09-25 17:22:26,304: +SERVICE [/image/compressedDepth/set_parameters] /mask_orange http://ubuntu:36286/
[rosmaster.master][INFO] 2017-09-25 17:22:26,305: +PUB [/image/compressedDepth/parameter_descriptions] /mask_orange http://ubuntu:36286/
[rosmaster.master][INFO] 2017-09-25 17:22:26,305: +PUB [/image/compressedDepth/parameter_updates] /mask_orange http://ubuntu:36286/
[rosmaster.master][INFO] 2017-09-25 17:22:26,307: +PARAM [/image/compressedDepth/depth_max] by /mask_orange
[rosmaster.master][INFO] 2017-09-25 17:22:26,308: +PARAM [/image/compressedDepth/depth_quantization] by /mask_orange
[rosmaster.master][INFO] 2017-09-25 17:22:26,313: +PARAM [/image/compressedDepth/png_level] by /mask_orange
[rosmaster.master][INFO] 2017-09-25 17:22:26,314: +PARAM [/image/compressedDepth/depth_max] by /mask_orange
[rosmaster.master][INFO] 2017-09-25 17:22:26,315: +PARAM [/image/compressedDepth/depth_quantization] by /mask_orange
[rosmaster.master][INFO] 2017-09-25 17:22:26,315: +PARAM [/image/compressedDepth/png_level] by /mask_orange
[rosmaster.master][INFO] 2017-09-25 17:22:26,325: +PUB [/image_marked/compressedDepth] /view http://ubuntu:42204/
[rosmaster.master][INFO] 2017-09-25 17:22:26,326: +SERVICE [/image_marked/compressedDepth/set_parameters] /view http://ubuntu:42204/
[rosmaster.master][INFO] 2017-09-25 17:22:26,327: +PUB [/image_marked/compressedDepth/parameter_descriptions] /view http://ubuntu:42204/
[rosmaster.master][INFO] 2017-09-25 17:22:26,327: +PUB [/image_marked/compressedDepth/parameter_updates] /view http://ubuntu:42204/
[rosmaster.master][INFO] 2017-09-25 17:22:26,330: +PARAM [/image_marked/compressedDepth/depth_max] by /view
[rosmaster.master][INFO] 2017-09-25 17:22:26,332: +PARAM [/image_marked/compressedDepth/depth_quantization] by /view
[rosmaster.master][INFO] 2017-09-25 17:22:26,333: +PARAM [/image_marked/compressedDepth/png_level] by /view
[rosmaster.master][INFO] 2017-09-25 17:22:26,333: +PARAM [/image_marked/compressedDepth/depth_max] by /view
[rosmaster.master][INFO] 2017-09-25 17:22:26,337: +PARAM [/image_marked/compressedDepth/depth_quantization] by /view
[rosmaster.master][INFO] 2017-09-25 17:22:26,338: +PARAM [/image_marked/compressedDepth/png_level] by /view
[rosmaster.master][INFO] 2017-09-25 17:22:26,351: -PUB [/rosout] /camera http://ubuntu:46697/
[rosmaster.master][INFO] 2017-09-25 17:22:26,352: -SERVICE [/camera/get_loggers] /camera rosrpc://ubuntu:55086
[rosmaster.master][INFO] 2017-09-25 17:22:26,353: -SERVICE [/camera/set_logger_level] /camera rosrpc://ubuntu:55086
[rosmaster.master][INFO] 2017-09-25 17:22:26,384: +PUB [/image/compressed] /mask_orange http://ubuntu:36286/
[rosmaster.master][INFO] 2017-09-25 17:22:26,388: +SERVICE [/image/compressed/set_parameters] /mask_orange http://ubuntu:36286/
[rosmaster.master][INFO] 2017-09-25 17:22:26,390: +PUB [/image/compressed/parameter_descriptions] /mask_orange http://ubuntu:36286/
[rosmaster.master][INFO] 2017-09-25 17:22:26,393: +PUB [/image/compressed/parameter_updates] /mask_orange http://ubuntu:36286/
[rosmaster.master][INFO] 2017-09-25 17:22:26,398: +PARAM [/image/compressed/format] by /mask_orange
[rosmaster.master][INFO] 2017-09-25 17:22:26,404: +PARAM [/image/compressed/jpeg_quality] by /mask_orange
[rosmaster.master][INFO] 2017-09-25 17:22:26,407: +PUB [/image_marked/compressed] /view http://ubuntu:42204/
[rosmaster.master][INFO] 2017-09-25 17:22:26,411: +PARAM [/image/compressed/png_level] by /mask_orange
[rosmaster.master][INFO] 2017-09-25 17:22:26,413: +SERVICE [/image_marked/compressed/set_parameters] /view http://ubuntu:42204/
[rosmaster.master][INFO] 2017-09-25 17:22:26,414: +PARAM [/image/compressed/format] by /mask_orange
[rosmaster.master][INFO] 2017-09-25 17:22:26,415: +PUB [/image_marked/compressed/parameter_descriptions] /view http://ubuntu:42204/
[rosmaster.master][INFO] 2017-09-25 17:22:26,416: +PARAM [/image/compressed/jpeg_quality] by /mask_orange
[rosmaster.master][INFO] 2017-09-25 17:22:26,418: +PUB [/image_marked/compressed/parameter_updates] /view http://ubuntu:42204/
[rosmaster.master][INFO] 2017-09-25 17:22:26,420: +PARAM [/image/compressed/png_level] by /mask_orange
[rosmaster.master][INFO] 2017-09-25 17:22:26,429: +PARAM [/image_marked/compressed/format] by /view
[rosmaster.master][INFO] 2017-09-25 17:22:26,430: +PARAM [/image_marked/compressed/jpeg_quality] by /view
[rosmaster.master][INFO] 2017-09-25 17:22:26,430: +PARAM [/image_marked/compressed/png_level] by /view
[rosmaster.master][INFO] 2017-09-25 17:22:26,432: +PARAM [/image_marked/compressed/format] by /view
[rosmaster.master][INFO] 2017-09-25 17:22:26,433: +PARAM [/image_marked/compressed/jpeg_quality] by /view
[rosmaster.master][INFO] 2017-09-25 17:22:26,436: +PARAM [/image_marked/compressed/png_level] by /view
[rosmaster.master][INFO] 2017-09-25 17:22:26,450: publisherUpdate[/rosout] -> http://ubuntu:41781/ ['http://ubuntu:36286/', 'http://ubuntu:42204/']
[rosmaster.master][INFO] 2017-09-25 17:22:26,451: publisherUpdate[/rosout] -> http://ubuntu:41781/ ['http://ubuntu:36286/', 'http://ubuntu:42204/']: sec=0.00, result=[1, '', 0]
[rosmaster.master][INFO] 2017-09-25 17:22:26,480: +PUB [/image] /mask_orange http://ubuntu:36286/
[rosmaster.master][INFO] 2017-09-25 17:22:26,490: +PUB [/image_marked] /view http://ubuntu:42204/
[rosmaster.master][INFO] 2017-09-25 17:22:26,531: +PUB [/image/theora] /mask_orange http://ubuntu:36286/
[rosmaster.master][INFO] 2017-09-25 17:22:26,532: +SERVICE [/image/theora/set_parameters] /mask_orange http://ubuntu:36286/
[rosmaster.master][INFO] 2017-09-25 17:22:26,533: +PUB [/image/theora/parameter_descriptions] /mask_orange http://ubuntu:36286/
[rosmaster.master][INFO] 2017-09-25 17:22:26,534: +PUB [/image/theora/parameter_updates] /mask_orange http://ubuntu:36286/
[rosmaster.master][INFO] 2017-09-25 17:22:26,536: +PARAM [/image/theora/optimize_for] by /mask_orange
[rosmaster.master][INFO] 2017-09-25 17:22:26,539: +PARAM [/image/theora/target_bitrate] by /mask_orange
[rosmaster.master][INFO] 2017-09-25 17:22:26,539: +PARAM [/image/theora/quality] by /mask_orange
[rosmaster.master][INFO] 2017-09-25 17:22:26,541: +PARAM [/image/theora/keyframe_frequency] by /mask_orange
[rosmaster.master][INFO] 2017-09-25 17:22:26,543: +PARAM [/image/theora/optimize_for] by /mask_orange
[rosmaster.master][INFO] 2017-09-25 17:22:26,544: +PARAM [/image/theora/target_bitrate] by /mask_orange
[rosmaster.master][INFO] 2017-09-25 17:22:26,545: +PARAM [/image/theora/quality] by /mask_orange
[rosmaster.master][INFO] 2017-09-25 17:22:26,546: +PUB [/image_marked/theora] /view http://ubuntu:42204/
[rosmaster.master][INFO] 2017-09-25 17:22:26,547: +PARAM [/image/theora/keyframe_frequency] by /mask_orange
[rosmaster.master][INFO] 2017-09-25 17:22:26,549: +SERVICE [/image_marked/theora/set_parameters] /view http://ubuntu:42204/
[rosmaster.master][INFO] 2017-09-25 17:22:26,551: +PUB [/image_marked/theora/parameter_descriptions] /view http://ubuntu:42204/
[rosmaster.master][INFO] 2017-09-25 17:22:26,552: +PUB [/image_marked/theora/parameter_updates] /view http://ubuntu:42204/
[rosmaster.master][INFO] 2017-09-25 17:22:26,558: +PARAM [/image_marked/theora/optimize_for] by /view
[rosmaster.master][INFO] 2017-09-25 17:22:26,560: +PARAM [/image_marked/theora/target_bitrate] by /view
[rosmaster.master][INFO] 2017-09-25 17:22:26,562: +PARAM [/image_marked/theora/quality] by /view
[rosmaster.master][INFO] 2017-09-25 17:22:26,563: +PARAM [/image_marked/theora/keyframe_frequency] by /view
[rosmaster.master][INFO] 2017-09-25 17:22:26,564: +PARAM [/image_marked/theora/optimize_for] by /view
[rosmaster.master][INFO] 2017-09-25 17:22:26,564: +PARAM [/image_marked/theora/target_bitrate] by /view
[rosmaster.master][INFO] 2017-09-25 17:22:26,565: +PARAM [/image_marked/theora/quality] by /view
[rosmaster.master][INFO] 2017-09-25 17:22:26,566: +PARAM [/image_marked/theora/keyframe_frequency] by /view
[rosmaster.master][INFO] 2017-09-25 17:22:26,592: +PUB [/image/marked/compressedDepth] /view http://ubuntu:42204/
[rosmaster.master][INFO] 2017-09-25 17:22:26,593: +SERVICE [/image/marked/compressedDepth/set_parameters] /view http://ubuntu:42204/
[rosmaster.master][INFO] 2017-09-25 17:22:26,594: +PUB [/image/marked/compressedDepth/parameter_descriptions] /view http://ubuntu:42204/
[rosmaster.master][INFO] 2017-09-25 17:22:26,594: +PUB [/image/marked/compressedDepth/parameter_updates] /view http://ubuntu:42204/
[rosmaster.master][INFO] 2017-09-25 17:22:26,596: +PARAM [/image/marked/compressedDepth/depth_max] by /view
[rosmaster.master][INFO] 2017-09-25 17:22:26,597: +PARAM [/image/marked/compressedDepth/depth_quantization] by /view
[rosmaster.master][INFO] 2017-09-25 17:22:26,598: +PARAM [/image/marked/compressedDepth/png_level] by /view
[rosmaster.master][INFO] 2017-09-25 17:22:26,598: +PARAM [/image/marked/compressedDepth/depth_max] by /view
[rosmaster.master][INFO] 2017-09-25 17:22:26,599: +PARAM [/image/marked/compressedDepth/depth_quantization] by /view
[rosmaster.master][INFO] 2017-09-25 17:22:26,600: +PARAM [/image/marked/compressedDepth/png_level] by /view
[rosmaster.master][INFO] 2017-09-25 17:22:26,625: +PUB [/image/marked/compressed] /view http://ubuntu:42204/
[rosmaster.master][INFO] 2017-09-25 17:22:26,626: +SERVICE [/image/marked/compressed/set_parameters] /view http://ubuntu:42204/
[rosmaster.master][INFO] 2017-09-25 17:22:26,627: +PUB [/image/marked/compressed/parameter_descriptions] /view http://ubuntu:42204/
[rosmaster.master][INFO] 2017-09-25 17:22:26,627: +PUB [/image/marked/compressed/parameter_updates] /view http://ubuntu:42204/
[rosmaster.master][INFO] 2017-09-25 17:22:26,629: +PARAM [/image/marked/compressed/format] by /view
[rosmaster.master][INFO] 2017-09-25 17:22:26,630: +PARAM [/image/marked/compressed/jpeg_quality] by /view
[rosmaster.master][INFO] 2017-09-25 17:22:26,631: +PARAM [/image/marked/compressed/png_level] by /view
[rosmaster.master][INFO] 2017-09-25 17:22:26,631: +PARAM [/image/marked/compressed/format] by /view
[rosmaster.master][INFO] 2017-09-25 17:22:26,632: +PARAM [/image/marked/compressed/jpeg_quality] by /view
[rosmaster.master][INFO] 2017-09-25 17:22:26,633: +PARAM [/image/marked/compressed/png_level] by /view
[rosmaster.master][INFO] 2017-09-25 17:22:26,658: +PUB [/image/marked] /view http://ubuntu:42204/
[rosmaster.master][INFO] 2017-09-25 17:22:26,683: +PUB [/image/marked/theora] /view http://ubuntu:42204/
[rosmaster.master][INFO] 2017-09-25 17:22:26,684: +SERVICE [/image/marked/theora/set_parameters] /view http://ubuntu:42204/
[rosmaster.master][INFO] 2017-09-25 17:22:26,685: +PUB [/image/marked/theora/parameter_descriptions] /view http://ubuntu:42204/
[rosmaster.master][INFO] 2017-09-25 17:22:26,685: +PUB [/image/marked/theora/parameter_updates] /view http://ubuntu:42204/
[rosmaster.master][INFO] 2017-09-25 17:22:26,688: +PARAM [/image/marked/theora/optimize_for] by /view
[rosmaster.master][INFO] 2017-09-25 17:22:26,689: +PARAM [/image/marked/theora/target_bitrate] by /view
[rosmaster.master][INFO] 2017-09-25 17:22:26,689: +PARAM [/image/marked/theora/quality] by /view
[rosmaster.master][INFO] 2017-09-25 17:22:26,690: +PARAM [/image/marked/theora/keyframe_frequency] by /view
[rosmaster.master][INFO] 2017-09-25 17:22:26,691: +PARAM [/image/marked/theora/optimize_for] by /view
[rosmaster.master][INFO] 2017-09-25 17:22:26,691: +PARAM [/image/marked/theora/target_bitrate] by /view
[rosmaster.master][INFO] 2017-09-25 17:22:26,692: +PARAM [/image/marked/theora/quality] by /view
[rosmaster.master][INFO] 2017-09-25 17:22:26,693: +PARAM [/image/marked/theora/keyframe_frequency] by /view
[rosmaster.master][INFO] 2017-09-25 17:22:26,722: +SUB [/image] /view http://ubuntu:42204/
[rosmaster.master][INFO] 2017-09-25 17:22:26,725: +SUB [/camera_info] /view http://ubuntu:42204/
[rosmaster.master][INFO] 2017-09-25 17:22:26,728: +SUB [/image_marker] /view http://ubuntu:42204/
[rosmaster.master][INFO] 2017-09-25 17:22:26,731: +SUB [/image/event] /view http://ubuntu:42204/
[rosmaster.master][INFO] 2017-09-25 17:22:26,732: +SERVICE [/view/change_mode] /view http://ubuntu:42204/
[rosmaster.master][INFO] 2017-09-25 17:22:26,733: +SERVICE [/view/rectangle_mode] /view http://ubuntu:42204/
[rosmaster.master][INFO] 2017-09-25 17:22:26,734: +SERVICE [/view/grabcut_mode] /view http://ubuntu:42204/
[rosmaster.master][INFO] 2017-09-25 17:22:26,734: +SERVICE [/view/grabcut_rect_mode] /view http://ubuntu:42204/
[rosmaster.master][INFO] 2017-09-25 17:22:26,735: +SERVICE [/view/line_mode] /view http://ubuntu:42204/
[rosmaster.master][INFO] 2017-09-25 17:22:26,736: +SERVICE [/view/poly_mode] /view http://ubuntu:42204/
[rosmaster.master][INFO] 2017-09-25 17:22:26,736: +SERVICE [/view/none_mode] /view http://ubuntu:42204/
[rosmaster.master][INFO] 2017-09-25 17:22:26,737: +SERVICE [/view/set_parameters] /view http://ubuntu:42204/
[rosmaster.master][INFO] 2017-09-25 17:22:26,738: +PUB [/view/parameter_descriptions] /view http://ubuntu:42204/
[rosmaster.master][INFO] 2017-09-25 17:22:26,738: +PUB [/view/parameter_updates] /view http://ubuntu:42204/
[rosmaster.master][INFO] 2017-09-25 17:22:26,744: +PARAM [/view/grid] by /view
[rosmaster.master][INFO] 2017-09-25 17:22:26,744: +PARAM [/view/fisheye_mode] by /view
[rosmaster.master][INFO] 2017-09-25 17:22:26,745: +PARAM [/view/div_u] by /view
[rosmaster.master][INFO] 2017-09-25 17:22:26,746: +PARAM [/view/div_v] by /view
[rosmaster.master][INFO] 2017-09-25 17:22:26,746: +PARAM [/view/grid_red] by /view
[rosmaster.master][INFO] 2017-09-25 17:22:26,747: +PARAM [/view/grid_green] by /view
[rosmaster.master][INFO] 2017-09-25 17:22:26,747: +PARAM [/view/grid_blue] by /view
[rosmaster.master][INFO] 2017-09-25 17:22:26,749: +PARAM [/view/grid_thickness] by /view
[rosmaster.master][INFO] 2017-09-25 17:22:26,749: +PARAM [/view/grid_space] by /view
[rosmaster.master][INFO] 2017-09-25 17:22:26,750: +PARAM [/view/grid] by /view
[rosmaster.master][INFO] 2017-09-25 17:22:26,751: +PARAM [/view/fisheye_mode] by /view
[rosmaster.master][INFO] 2017-09-25 17:22:26,751: +PARAM [/view/div_u] by /view
[rosmaster.master][INFO] 2017-09-25 17:22:26,752: +PARAM [/view/div_v] by /view
[rosmaster.master][INFO] 2017-09-25 17:22:26,753: +PARAM [/view/grid_red] by /view
[rosmaster.master][INFO] 2017-09-25 17:22:26,753: +PARAM [/view/grid_green] by /view
[rosmaster.master][INFO] 2017-09-25 17:22:26,754: +PARAM [/view/grid_blue] by /view
[rosmaster.master][INFO] 2017-09-25 17:22:26,755: +PARAM [/view/grid_thickness] by /view
[rosmaster.master][INFO] 2017-09-25 17:22:26,755: +PARAM [/view/grid_space] by /view
[rosmaster.master][INFO] 2017-09-25 17:22:30,679: -PUB [/rosout] /mask_orange http://ubuntu:36286/
[rosmaster.master][INFO] 2017-09-25 17:22:30,680: -PUB [/image/compressedDepth] /mask_orange http://ubuntu:36286/
[rosmaster.master][INFO] 2017-09-25 17:22:30,681: -PUB [/image/compressedDepth/parameter_descriptions] /mask_orange http://ubuntu:36286/
[rosmaster.master][INFO] 2017-09-25 17:22:30,682: -PUB [/image/compressedDepth/parameter_updates] /mask_orange http://ubuntu:36286/
[rosmaster.master][INFO] 2017-09-25 17:22:30,685: -PUB [/image/compressed] /mask_orange http://ubuntu:36286/
[rosmaster.master][INFO] 2017-09-25 17:22:30,687: -PUB [/rosout] /view http://ubuntu:42204/
[rosmaster.master][INFO] 2017-09-25 17:22:30,688: -PUB [/image/screenpoint] /view http://ubuntu:42204/
[rosmaster.master][INFO] 2017-09-25 17:22:30,688: -PUB [/image/screenpoint_array] /view http://ubuntu:42204/
[rosmaster.master][INFO] 2017-09-25 17:22:30,691: -PUB [/image/screenrectangle] /view http://ubuntu:42204/
[rosmaster.master][INFO] 2017-09-25 17:22:30,693: -PUB [/image/compressed/parameter_descriptions] /mask_orange http://ubuntu:36286/
[rosmaster.master][INFO] 2017-09-25 17:22:30,694: -PUB [/image/screenrectangle_image] /view http://ubuntu:42204/
[rosmaster.master][INFO] 2017-09-25 17:22:30,695: -PUB [/image/movepoint] /view http://ubuntu:42204/
[rosmaster.master][INFO] 2017-09-25 17:22:30,696: -PUB [/image/compressed/parameter_updates] /mask_orange http://ubuntu:36286/
[rosmaster.master][INFO] 2017-09-25 17:22:30,697: -PUB [/image] /mask_orange http://ubuntu:36286/
[rosmaster.master][INFO] 2017-09-25 17:22:30,699: -PUB [/image/foreground] /view http://ubuntu:42204/
[rosmaster.master][INFO] 2017-09-25 17:22:30,701: -PUB [/image/theora] /mask_orange http://ubuntu:36286/
[rosmaster.master][INFO] 2017-09-25 17:22:30,703: -PUB [/image/background] /view http://ubuntu:42204/
[rosmaster.master][INFO] 2017-09-25 17:22:30,705: -PUB [/image/theora/parameter_descriptions] /mask_orange http://ubuntu:36286/
[rosmaster.master][INFO] 2017-09-25 17:22:30,707: -PUB [/image/foreground_rect] /view http://ubuntu:42204/
[rosmaster.master][INFO] 2017-09-25 17:22:30,709: -PUB [/image/theora/parameter_updates] /mask_orange http://ubuntu:36286/
[rosmaster.master][INFO] 2017-09-25 17:22:30,711: -PUB [/image/background_rect] /view http://ubuntu:42204/
[rosmaster.master][INFO] 2017-09-25 17:22:30,713: -SUB [/camera/image_raw] /mask_orange http://ubuntu:36286/
[rosmaster.master][INFO] 2017-09-25 17:22:30,714: -PUB [/image/line] /view http://ubuntu:42204/
[rosmaster.master][INFO] 2017-09-25 17:22:30,715: -PUB [/image/poly] /view http://ubuntu:42204/
[rosmaster.master][INFO] 2017-09-25 17:22:30,717: -SERVICE [/mask_orange/get_loggers] /mask_orange rosrpc://ubuntu:60212
[rosmaster.master][INFO] 2017-09-25 17:22:30,719: -PUB [/image_marked/compressedDepth] /view http://ubuntu:42204/
[rosmaster.master][INFO] 2017-09-25 17:22:30,721: -SERVICE [/mask_orange/set_logger_level] /mask_orange rosrpc://ubuntu:60212
[rosmaster.master][INFO] 2017-09-25 17:22:30,723: -PUB [/image_marked/compressedDepth/parameter_descriptions] /view http://ubuntu:42204/
[rosmaster.master][INFO] 2017-09-25 17:22:30,725: -SERVICE [/image/compressedDepth/set_parameters] /mask_orange rosrpc://ubuntu:60212
[rosmaster.master][INFO] 2017-09-25 17:22:30,727: -PUB [/image_marked/compressedDepth/parameter_updates] /view http://ubuntu:42204/
[rosmaster.master][INFO] 2017-09-25 17:22:30,728: -SERVICE [/image/compressed/set_parameters] /mask_orange rosrpc://ubuntu:60212
[rosmaster.master][INFO] 2017-09-25 17:22:30,732: -SERVICE [/image/theora/set_parameters] /mask_orange rosrpc://ubuntu:60212
[rosmaster.master][INFO] 2017-09-25 17:22:30,734: -PUB [/image_marked/compressed] /view http://ubuntu:42204/
[rosmaster.master][INFO] 2017-09-25 17:22:30,735: -PUB [/image_marked/compressed/parameter_descriptions] /view http://ubuntu:42204/
[rosmaster.master][INFO] 2017-09-25 17:22:30,735: -PUB [/image_marked/compressed/parameter_updates] /view http://ubuntu:42204/
[rosmaster.master][INFO] 2017-09-25 17:22:30,738: -PUB [/image_marked] /view http://ubuntu:42204/
[rosmaster.master][INFO] 2017-09-25 17:22:30,740: -PUB [/image_marked/theora] /view http://ubuntu:42204/
[rosmaster.master][INFO] 2017-09-25 17:22:30,743: -PUB [/image_marked/theora/parameter_descriptions] /view http://ubuntu:42204/
[rosmaster.master][INFO] 2017-09-25 17:22:30,744: -PUB [/image_marked/theora/parameter_updates] /view http://ubuntu:42204/
[rosmaster.master][INFO] 2017-09-25 17:22:30,750: -PUB [/image/marked/compressedDepth] /view http://ubuntu:42204/
[rosmaster.master][INFO] 2017-09-25 17:22:30,751: -PUB [/image/marked/compressedDepth/parameter_descriptions] /view http://ubuntu:42204/
[rosmaster.master][INFO] 2017-09-25 17:22:30,751: -PUB [/image/marked/compressedDepth/parameter_updates] /view http://ubuntu:42204/
[rosmaster.master][INFO] 2017-09-25 17:22:30,752: -PUB [/image/marked/compressed] /view http://ubuntu:42204/
[rosmaster.master][INFO] 2017-09-25 17:22:30,754: -PUB [/image/marked/compressed/parameter_descriptions] /view http://ubuntu:42204/
[rosmaster.master][INFO] 2017-09-25 17:22:30,757: -PUB [/image/marked/compressed/parameter_updates] /view http://ubuntu:42204/
[rosmaster.master][INFO] 2017-09-25 17:22:30,757: -PUB [/image/marked] /view http://ubuntu:42204/
[rosmaster.master][INFO] 2017-09-25 17:22:30,760: -PUB [/image/marked/theora] /view http://ubuntu:42204/
[rosmaster.master][INFO] 2017-09-25 17:22:30,764: -PUB [/image/marked/theora/parameter_descriptions] /view http://ubuntu:42204/
[rosmaster.master][INFO] 2017-09-25 17:22:30,765: -PUB [/image/marked/theora/parameter_updates] /view http://ubuntu:42204/
[rosmaster.master][INFO] 2017-09-25 17:22:30,766: -PUB [/view/parameter_descriptions] /view http://ubuntu:42204/
[rosmaster.master][INFO] 2017-09-25 17:22:30,767: -PUB [/view/parameter_updates] /view http://ubuntu:42204/
[rosmaster.master][INFO] 2017-09-25 17:22:30,768: -SUB [/tf] /view http://ubuntu:42204/
[rosmaster.master][INFO] 2017-09-25 17:22:30,770: publisherUpdate[/rosout] -> http://ubuntu:41781/ ['http://ubuntu:42204/']
[rosmaster.master][INFO] 2017-09-25 17:22:30,770: publisherUpdate[/image] -> http://ubuntu:42204/ []
[rosmaster.master][INFO] 2017-09-25 17:22:30,771: publisherUpdate[/rosout] -> http://ubuntu:41781/ ['http://ubuntu:42204/']: sec=0.00, result=[1, '', 0]
[rosmaster.master][INFO] 2017-09-25 17:22:30,771: publisherUpdate[/rosout] -> http://ubuntu:41781/ []
[rosmaster.master][INFO] 2017-09-25 17:22:30,772: publisherUpdate[/rosout] -> http://ubuntu:41781/ []: sec=0.00, result=[1, '', 0]
[rosmaster.master][INFO] 2017-09-25 17:22:30,772: -SUB [/tf_static] /view http://ubuntu:42204/
[rosmaster.master][INFO] 2017-09-25 17:22:30,778: publisherUpdate[/image] -> http://ubuntu:42204/ []: sec=0.01, exception=<Fault -1: 'publisherUpdate: unknown method name'>
[rosmaster.threadpool][ERROR] 2017-09-25 17:22:30,778: Traceback (most recent call last):
  File "/opt/ros/kinetic/lib/python2.7/dist-packages/rosmaster/threadpool.py", line 218, in run
    result = cmd(*args)
  File "/opt/ros/kinetic/lib/python2.7/dist-packages/rosmaster/master_api.py", line 210, in publisher_update_task
    ret = xmlrpcapi(api).publisherUpdate('/master', topic, pub_uris)
  File "/usr/lib/python2.7/xmlrpclib.py", line 1243, in __call__
    return self.__send(self.__name, args)
  File "/usr/lib/python2.7/xmlrpclib.py", line 1602, in __request
    verbose=self.__verbose
  File "/usr/lib/python2.7/xmlrpclib.py", line 1283, in request
    return self.single_request(host, handler, request_body, verbose)
  File "/usr/lib/python2.7/xmlrpclib.py", line 1316, in single_request
    return self.parse_response(response)
  File "/usr/lib/python2.7/xmlrpclib.py", line 1493, in parse_response
    return u.close()
  File "/usr/lib/python2.7/xmlrpclib.py", line 800, in close
    raise Fault(**self._stack[0])
Fault: <Fault -1: 'publisherUpdate: unknown method name'>

[rosmaster.master][INFO] 2017-09-25 17:22:30,779: -SUB [/image] /view http://ubuntu:42204/
[rosmaster.master][INFO] 2017-09-25 17:22:30,780: -SUB [/camera_info] /view http://ubuntu:42204/
[rosmaster.master][INFO] 2017-09-25 17:22:30,781: -SUB [/image_marker] /view http://ubuntu:42204/
[rosmaster.master][INFO] 2017-09-25 17:22:30,786: -SUB [/image/event] /view http://ubuntu:42204/
[rosmaster.master][INFO] 2017-09-25 17:22:30,788: -SERVICE [/view/get_loggers] /view rosrpc://ubuntu:48802
[rosmaster.master][INFO] 2017-09-25 17:22:30,789: -SERVICE [/view/set_logger_level] /view rosrpc://ubuntu:48802
[rosmaster.master][INFO] 2017-09-25 17:22:30,792: -SERVICE [/image_marked/compressedDepth/set_parameters] /view rosrpc://ubuntu:48802
[rosmaster.master][INFO] 2017-09-25 17:22:30,797: -SERVICE [/image_marked/compressed/set_parameters] /view rosrpc://ubuntu:48802
[rosmaster.master][INFO] 2017-09-25 17:22:30,798: -SERVICE [/image_marked/theora/set_parameters] /view rosrpc://ubuntu:48802
[rosmaster.master][INFO] 2017-09-25 17:22:30,800: -SERVICE [/image/marked/compressedDepth/set_parameters] /view rosrpc://ubuntu:48802
[rosmaster.master][INFO] 2017-09-25 17:22:30,803: -SERVICE [/image/marked/compressed/set_parameters] /view rosrpc://ubuntu:48802
[rosmaster.master][INFO] 2017-09-25 17:22:30,805: -SERVICE [/image/marked/theora/set_parameters] /view rosrpc://ubuntu:48802
[rosmaster.master][INFO] 2017-09-25 17:22:30,806: -SERVICE [/view/change_mode] /view rosrpc://ubuntu:48802
[rosmaster.master][INFO] 2017-09-25 17:22:30,808: -SERVICE [/view/rectangle_mode] /view rosrpc://ubuntu:48802
[rosmaster.master][INFO] 2017-09-25 17:22:30,809: -SERVICE [/view/grabcut_mode] /view rosrpc://ubuntu:48802
[rosmaster.master][INFO] 2017-09-25 17:22:30,809: -SERVICE [/view/grabcut_rect_mode] /view rosrpc://ubuntu:48802
[rosmaster.master][INFO] 2017-09-25 17:22:30,812: -SERVICE [/view/line_mode] /view rosrpc://ubuntu:48802
[rosmaster.master][INFO] 2017-09-25 17:22:30,813: -SERVICE [/view/poly_mode] /view rosrpc://ubuntu:48802
[rosmaster.master][INFO] 2017-09-25 17:22:30,813: -SERVICE [/view/none_mode] /view rosrpc://ubuntu:48802
[rosmaster.master][INFO] 2017-09-25 17:22:30,814: -SERVICE [/view/set_parameters] /view rosrpc://ubuntu:48802
[rosmaster.master][INFO] 2017-09-25 17:22:31,174: -PUB [/rosout_agg] /rosout http://ubuntu:41781/
[rosmaster.master][INFO] 2017-09-25 17:22:31,175: -SUB [/rosout] /rosout http://ubuntu:41781/
[rosmaster.master][INFO] 2017-09-25 17:22:31,175: -SERVICE [/rosout/get_loggers] /rosout rosrpc://ubuntu:51991
[rosmaster.master][INFO] 2017-09-25 17:22:31,176: -SERVICE [/rosout/set_logger_level] /rosout rosrpc://ubuntu:51991
[rosmaster.main][INFO] 2017-09-25 17:22:31,199: keyboard interrupt, will exit
[rosmaster.main][INFO] 2017-09-25 17:22:31,199: stopping master...
[rospy.core][INFO] 2017-09-25 17:22:31,199: signal_shutdown [atexit]
