[rosmaster.main][INFO] 2017-09-13 16:33:00,949: initialization complete, waiting for shutdown
[rosmaster.main][INFO] 2017-09-13 16:33:00,949: Starting ROS Master Node
[xmlrpc][INFO] 2017-09-13 16:33:00,950: XML-RPC server binding to 0.0.0.0:11311
[xmlrpc][INFO] 2017-09-13 16:33:00,950: Started XML-RPC server [http://ubuntu:11311/]
[xmlrpc][INFO] 2017-09-13 16:33:00,950: xml rpc node: starting XML-RPC server
[rosmaster.master][INFO] 2017-09-13 16:33:00,951: Master initialized: port[11311], uri[http://ubuntu:11311/]
[rosmaster.master][INFO] 2017-09-13 16:33:01,002: +PARAM [/run_id] by /roslaunch
[rosmaster.master][INFO] 2017-09-13 16:33:01,005: +PARAM [/roslaunch/uris/host_ubuntu__44267] by /roslaunch
[rosmaster.master][INFO] 2017-09-13 16:33:01,092: +PARAM [/rosversion] by /roslaunch
[rosmaster.master][INFO] 2017-09-13 16:33:01,092: +PARAM [/rosdistro] by /roslaunch
[rosmaster.master][INFO] 2017-09-13 16:33:01,232: +SERVICE [/rosout/get_loggers] /rosout http://ubuntu:41281/
[rosmaster.master][INFO] 2017-09-13 16:33:01,235: +SERVICE [/rosout/set_logger_level] /rosout http://ubuntu:41281/
[rosmaster.master][INFO] 2017-09-13 16:33:01,245: +PUB [/rosout_agg] /rosout http://ubuntu:41281/
[rosmaster.master][INFO] 2017-09-13 16:33:01,260: +SUB [/rosout] /rosout http://ubuntu:41281/
[rosmaster.master][INFO] 2017-09-13 16:33:01,469: +PUB [/rosout] /view http://ubuntu:34359/
[rosmaster.master][INFO] 2017-09-13 16:33:01,471: +SERVICE [/view/get_loggers] /view http://ubuntu:34359/
[rosmaster.master][INFO] 2017-09-13 16:33:01,472: +SERVICE [/view/set_logger_level] /view http://ubuntu:34359/
[rosmaster.master][INFO] 2017-09-13 16:33:01,487: +SUB [/tf] /view http://ubuntu:34359/
[rosmaster.master][INFO] 2017-09-13 16:33:01,494: +SUB [/tf_static] /view http://ubuntu:34359/
[rosmaster.master][INFO] 2017-09-13 16:33:01,513: +PUB [/rosout] /camera http://ubuntu:38183/
[rosmaster.master][INFO] 2017-09-13 16:33:01,514: +SERVICE [/camera/get_loggers] /camera http://ubuntu:38183/
[rosmaster.master][INFO] 2017-09-13 16:33:01,515: +SERVICE [/camera/set_logger_level] /camera http://ubuntu:38183/
[rosmaster.master][INFO] 2017-09-13 16:33:01,540: +PUB [/image/screenpoint] /view http://ubuntu:34359/
[rosmaster.master][INFO] 2017-09-13 16:33:01,543: +PUB [/image/screenpoint_array] /view http://ubuntu:34359/
[rosmaster.master][INFO] 2017-09-13 16:33:01,544: +PUB [/image/screenrectangle] /view http://ubuntu:34359/
[rosmaster.master][INFO] 2017-09-13 16:33:01,544: +PUB [/image/screenrectangle_image] /view http://ubuntu:34359/
[rosmaster.master][INFO] 2017-09-13 16:33:01,548: +PUB [/image/movepoint] /view http://ubuntu:34359/
[rosmaster.master][INFO] 2017-09-13 16:33:01,552: +PUB [/image/foreground] /view http://ubuntu:34359/
[rosmaster.master][INFO] 2017-09-13 16:33:01,552: publisherUpdate[/rosout] -> http://ubuntu:41281/ ['http://ubuntu:34359/']
[rosmaster.master][INFO] 2017-09-13 16:33:01,556: publisherUpdate[/rosout] -> http://ubuntu:41281/ ['http://ubuntu:34359/']: sec=0.00, result=[1, '', 0]
[rosmaster.master][INFO] 2017-09-13 16:33:01,556: publisherUpdate[/rosout] -> http://ubuntu:41281/ ['http://ubuntu:34359/', 'http://ubuntu:38183/']
[rosmaster.master][INFO] 2017-09-13 16:33:01,557: publisherUpdate[/rosout] -> http://ubuntu:41281/ ['http://ubuntu:34359/', 'http://ubuntu:38183/']: sec=0.00, result=[1, '', 0]
[rosmaster.master][INFO] 2017-09-13 16:33:01,557: +SERVICE [/camera/set_camera_info] /camera http://ubuntu:38183/
[rosmaster.master][INFO] 2017-09-13 16:33:01,561: +PUB [/image/background] /view http://ubuntu:34359/
[rosmaster.master][INFO] 2017-09-13 16:33:01,563: -SERVICE [/camera/set_camera_info] /camera rosrpc://ubuntu:49212
[rosmaster.master][INFO] 2017-09-13 16:33:01,568: +PUB [/image/foreground_rect] /view http://ubuntu:34359/
[rosmaster.master][INFO] 2017-09-13 16:33:01,569: +PUB [/image/background_rect] /view http://ubuntu:34359/
[rosmaster.master][INFO] 2017-09-13 16:33:01,569: +PUB [/image/line] /view http://ubuntu:34359/
[rosmaster.master][INFO] 2017-09-13 16:33:01,570: +PUB [/image/poly] /view http://ubuntu:34359/
[rosmaster.master][INFO] 2017-09-13 16:33:01,738: +PUB [/image_marked/compressedDepth] /view http://ubuntu:34359/
[rosmaster.master][INFO] 2017-09-13 16:33:01,739: +SERVICE [/image_marked/compressedDepth/set_parameters] /view http://ubuntu:34359/
[rosmaster.master][INFO] 2017-09-13 16:33:01,739: +PUB [/image_marked/compressedDepth/parameter_descriptions] /view http://ubuntu:34359/
[rosmaster.master][INFO] 2017-09-13 16:33:01,740: +PUB [/image_marked/compressedDepth/parameter_updates] /view http://ubuntu:34359/
[rosmaster.master][INFO] 2017-09-13 16:33:01,742: +PARAM [/image_marked/compressedDepth/depth_max] by /view
[rosmaster.master][INFO] 2017-09-13 16:33:01,743: +PARAM [/image_marked/compressedDepth/depth_quantization] by /view
[rosmaster.master][INFO] 2017-09-13 16:33:01,744: +PARAM [/image_marked/compressedDepth/png_level] by /view
[rosmaster.master][INFO] 2017-09-13 16:33:01,745: +PARAM [/image_marked/compressedDepth/depth_max] by /view
[rosmaster.master][INFO] 2017-09-13 16:33:01,745: +PARAM [/image_marked/compressedDepth/depth_quantization] by /view
[rosmaster.master][INFO] 2017-09-13 16:33:01,746: +PARAM [/image_marked/compressedDepth/png_level] by /view
[rosmaster.master][INFO] 2017-09-13 16:33:01,759: -PUB [/rosout] /camera http://ubuntu:38183/
[rosmaster.master][INFO] 2017-09-13 16:33:01,760: -SERVICE [/camera/get_loggers] /camera rosrpc://ubuntu:49212
[rosmaster.master][INFO] 2017-09-13 16:33:01,762: -SERVICE [/camera/set_logger_level] /camera rosrpc://ubuntu:49212
[rosmaster.master][INFO] 2017-09-13 16:33:01,788: +PUB [/image_marked/compressed] /view http://ubuntu:34359/
[rosmaster.master][INFO] 2017-09-13 16:33:01,790: +SERVICE [/image_marked/compressed/set_parameters] /view http://ubuntu:34359/
[rosmaster.master][INFO] 2017-09-13 16:33:01,791: +PUB [/image_marked/compressed/parameter_descriptions] /view http://ubuntu:34359/
[rosmaster.master][INFO] 2017-09-13 16:33:01,793: +PUB [/image_marked/compressed/parameter_updates] /view http://ubuntu:34359/
[rosmaster.master][INFO] 2017-09-13 16:33:01,798: +PARAM [/image_marked/compressed/format] by /view
[rosmaster.master][INFO] 2017-09-13 16:33:01,800: +PARAM [/image_marked/compressed/jpeg_quality] by /view
[rosmaster.master][INFO] 2017-09-13 16:33:01,801: +PARAM [/image_marked/compressed/png_level] by /view
[rosmaster.master][INFO] 2017-09-13 16:33:01,802: +PARAM [/image_marked/compressed/format] by /view
[rosmaster.master][INFO] 2017-09-13 16:33:01,803: +PARAM [/image_marked/compressed/jpeg_quality] by /view
[rosmaster.master][INFO] 2017-09-13 16:33:01,803: +PARAM [/image_marked/compressed/png_level] by /view
[rosmaster.master][INFO] 2017-09-13 16:33:01,832: +PUB [/image_marked] /view http://ubuntu:34359/
[rosmaster.master][INFO] 2017-09-13 16:33:01,853: publisherUpdate[/rosout] -> http://ubuntu:41281/ ['http://ubuntu:34359/']
[rosmaster.master][INFO] 2017-09-13 16:33:01,854: publisherUpdate[/rosout] -> http://ubuntu:41281/ ['http://ubuntu:34359/']: sec=0.00, result=[1, '', 0]
[rosmaster.master][INFO] 2017-09-13 16:33:01,863: +PUB [/image_marked/theora] /view http://ubuntu:34359/
[rosmaster.master][INFO] 2017-09-13 16:33:01,864: +SERVICE [/image_marked/theora/set_parameters] /view http://ubuntu:34359/
[rosmaster.master][INFO] 2017-09-13 16:33:01,865: +PUB [/image_marked/theora/parameter_descriptions] /view http://ubuntu:34359/
[rosmaster.master][INFO] 2017-09-13 16:33:01,866: +PUB [/image_marked/theora/parameter_updates] /view http://ubuntu:34359/
[rosmaster.master][INFO] 2017-09-13 16:33:01,868: +PARAM [/image_marked/theora/optimize_for] by /view
[rosmaster.master][INFO] 2017-09-13 16:33:01,869: +PARAM [/image_marked/theora/target_bitrate] by /view
[rosmaster.master][INFO] 2017-09-13 16:33:01,869: +PARAM [/image_marked/theora/quality] by /view
[rosmaster.master][INFO] 2017-09-13 16:33:01,870: +PARAM [/image_marked/theora/keyframe_frequency] by /view
[rosmaster.master][INFO] 2017-09-13 16:33:01,871: +PARAM [/image_marked/theora/optimize_for] by /view
[rosmaster.master][INFO] 2017-09-13 16:33:01,871: +PARAM [/image_marked/theora/target_bitrate] by /view
[rosmaster.master][INFO] 2017-09-13 16:33:01,872: +PARAM [/image_marked/theora/quality] by /view
[rosmaster.master][INFO] 2017-09-13 16:33:01,873: +PARAM [/image_marked/theora/keyframe_frequency] by /view
[rosmaster.master][INFO] 2017-09-13 16:33:01,918: +PUB [/image/marked/compressedDepth] /view http://ubuntu:34359/
[rosmaster.master][INFO] 2017-09-13 16:33:01,919: +SERVICE [/image/marked/compressedDepth/set_parameters] /view http://ubuntu:34359/
[rosmaster.master][INFO] 2017-09-13 16:33:01,920: +PUB [/image/marked/compressedDepth/parameter_descriptions] /view http://ubuntu:34359/
[rosmaster.master][INFO] 2017-09-13 16:33:01,920: +PUB [/image/marked/compressedDepth/parameter_updates] /view http://ubuntu:34359/
[rosmaster.master][INFO] 2017-09-13 16:33:01,923: +PARAM [/image/marked/compressedDepth/depth_max] by /view
[rosmaster.master][INFO] 2017-09-13 16:33:01,923: +PARAM [/image/marked/compressedDepth/depth_quantization] by /view
[rosmaster.master][INFO] 2017-09-13 16:33:01,924: +PARAM [/image/marked/compressedDepth/png_level] by /view
[rosmaster.master][INFO] 2017-09-13 16:33:01,925: +PARAM [/image/marked/compressedDepth/depth_max] by /view
[rosmaster.master][INFO] 2017-09-13 16:33:01,925: +PARAM [/image/marked/compressedDepth/depth_quantization] by /view
[rosmaster.master][INFO] 2017-09-13 16:33:01,926: +PARAM [/image/marked/compressedDepth/png_level] by /view
[rosmaster.master][INFO] 2017-09-13 16:33:01,952: +PUB [/image/marked/compressed] /view http://ubuntu:34359/
[rosmaster.master][INFO] 2017-09-13 16:33:01,953: +SERVICE [/image/marked/compressed/set_parameters] /view http://ubuntu:34359/
[rosmaster.master][INFO] 2017-09-13 16:33:01,954: +PUB [/image/marked/compressed/parameter_descriptions] /view http://ubuntu:34359/
[rosmaster.master][INFO] 2017-09-13 16:33:01,955: +PUB [/image/marked/compressed/parameter_updates] /view http://ubuntu:34359/
[rosmaster.master][INFO] 2017-09-13 16:33:01,957: +PARAM [/image/marked/compressed/format] by /view
[rosmaster.master][INFO] 2017-09-13 16:33:01,957: +PARAM [/image/marked/compressed/jpeg_quality] by /view
[rosmaster.master][INFO] 2017-09-13 16:33:01,958: +PARAM [/image/marked/compressed/png_level] by /view
[rosmaster.master][INFO] 2017-09-13 16:33:01,959: +PARAM [/image/marked/compressed/format] by /view
[rosmaster.master][INFO] 2017-09-13 16:33:01,959: +PARAM [/image/marked/compressed/jpeg_quality] by /view
[rosmaster.master][INFO] 2017-09-13 16:33:01,960: +PARAM [/image/marked/compressed/png_level] by /view
[rosmaster.master][INFO] 2017-09-13 16:33:01,986: +PUB [/image/marked] /view http://ubuntu:34359/
[rosmaster.master][INFO] 2017-09-13 16:33:02,016: +PUB [/image/marked/theora] /view http://ubuntu:34359/
[rosmaster.master][INFO] 2017-09-13 16:33:02,017: +SERVICE [/image/marked/theora/set_parameters] /view http://ubuntu:34359/
[rosmaster.master][INFO] 2017-09-13 16:33:02,017: +PUB [/image/marked/theora/parameter_descriptions] /view http://ubuntu:34359/
[rosmaster.master][INFO] 2017-09-13 16:33:02,018: +PUB [/image/marked/theora/parameter_updates] /view http://ubuntu:34359/
[rosmaster.master][INFO] 2017-09-13 16:33:02,021: +PARAM [/image/marked/theora/optimize_for] by /view
[rosmaster.master][INFO] 2017-09-13 16:33:02,021: +PARAM [/image/marked/theora/target_bitrate] by /view
[rosmaster.master][INFO] 2017-09-13 16:33:02,022: +PARAM [/image/marked/theora/quality] by /view
[rosmaster.master][INFO] 2017-09-13 16:33:02,023: +PARAM [/image/marked/theora/keyframe_frequency] by /view
[rosmaster.master][INFO] 2017-09-13 16:33:02,023: +PARAM [/image/marked/theora/optimize_for] by /view
[rosmaster.master][INFO] 2017-09-13 16:33:02,024: +PARAM [/image/marked/theora/target_bitrate] by /view
[rosmaster.master][INFO] 2017-09-13 16:33:02,025: +PARAM [/image/marked/theora/quality] by /view
[rosmaster.master][INFO] 2017-09-13 16:33:02,025: +PARAM [/image/marked/theora/keyframe_frequency] by /view
[rosmaster.master][INFO] 2017-09-13 16:33:02,054: +SUB [/image] /view http://ubuntu:34359/
[rosmaster.master][INFO] 2017-09-13 16:33:02,058: +SUB [/camera_info] /view http://ubuntu:34359/
[rosmaster.master][INFO] 2017-09-13 16:33:02,067: +SUB [/image_marker] /view http://ubuntu:34359/
[rosmaster.master][INFO] 2017-09-13 16:33:02,072: +SUB [/image/event] /view http://ubuntu:34359/
[rosmaster.master][INFO] 2017-09-13 16:33:02,072: +SERVICE [/view/change_mode] /view http://ubuntu:34359/
[rosmaster.master][INFO] 2017-09-13 16:33:02,073: +SERVICE [/view/rectangle_mode] /view http://ubuntu:34359/
[rosmaster.master][INFO] 2017-09-13 16:33:02,074: +SERVICE [/view/grabcut_mode] /view http://ubuntu:34359/
[rosmaster.master][INFO] 2017-09-13 16:33:02,074: +SERVICE [/view/grabcut_rect_mode] /view http://ubuntu:34359/
[rosmaster.master][INFO] 2017-09-13 16:33:02,075: +SERVICE [/view/line_mode] /view http://ubuntu:34359/
[rosmaster.master][INFO] 2017-09-13 16:33:02,076: +SERVICE [/view/poly_mode] /view http://ubuntu:34359/
[rosmaster.master][INFO] 2017-09-13 16:33:02,076: +SERVICE [/view/none_mode] /view http://ubuntu:34359/
[rosmaster.master][INFO] 2017-09-13 16:33:02,077: +SERVICE [/view/set_parameters] /view http://ubuntu:34359/
[rosmaster.master][INFO] 2017-09-13 16:33:02,078: +PUB [/view/parameter_descriptions] /view http://ubuntu:34359/
[rosmaster.master][INFO] 2017-09-13 16:33:02,079: +PUB [/view/parameter_updates] /view http://ubuntu:34359/
[rosmaster.master][INFO] 2017-09-13 16:33:02,086: +PARAM [/view/grid] by /view
[rosmaster.master][INFO] 2017-09-13 16:33:02,087: +PARAM [/view/fisheye_mode] by /view
[rosmaster.master][INFO] 2017-09-13 16:33:02,087: +PARAM [/view/div_u] by /view
[rosmaster.master][INFO] 2017-09-13 16:33:02,088: +PARAM [/view/div_v] by /view
[rosmaster.master][INFO] 2017-09-13 16:33:02,089: +PARAM [/view/grid_red] by /view
[rosmaster.master][INFO] 2017-09-13 16:33:02,089: +PARAM [/view/grid_green] by /view
[rosmaster.master][INFO] 2017-09-13 16:33:02,090: +PARAM [/view/grid_blue] by /view
[rosmaster.master][INFO] 2017-09-13 16:33:02,091: +PARAM [/view/grid_thickness] by /view
[rosmaster.master][INFO] 2017-09-13 16:33:02,091: +PARAM [/view/grid_space] by /view
[rosmaster.master][INFO] 2017-09-13 16:33:02,092: +PARAM [/view/grid] by /view
[rosmaster.master][INFO] 2017-09-13 16:33:02,093: +PARAM [/view/fisheye_mode] by /view
[rosmaster.master][INFO] 2017-09-13 16:33:02,093: +PARAM [/view/div_u] by /view
[rosmaster.master][INFO] 2017-09-13 16:33:02,094: +PARAM [/view/div_v] by /view
[rosmaster.master][INFO] 2017-09-13 16:33:02,095: +PARAM [/view/grid_red] by /view
[rosmaster.master][INFO] 2017-09-13 16:33:02,095: +PARAM [/view/grid_green] by /view
[rosmaster.master][INFO] 2017-09-13 16:33:02,096: +PARAM [/view/grid_blue] by /view
[rosmaster.master][INFO] 2017-09-13 16:33:02,097: +PARAM [/view/grid_thickness] by /view
[rosmaster.master][INFO] 2017-09-13 16:33:02,098: +PARAM [/view/grid_space] by /view
[rosmaster.master][INFO] 2017-09-13 16:33:09,722: -PUB [/rosout] /view http://ubuntu:34359/
[rosmaster.master][INFO] 2017-09-13 16:33:09,724: -PUB [/image/screenpoint] /view http://ubuntu:34359/
[rosmaster.master][INFO] 2017-09-13 16:33:09,725: -PUB [/image/screenpoint_array] /view http://ubuntu:34359/
[rosmaster.master][INFO] 2017-09-13 16:33:09,726: -PUB [/image/screenrectangle] /view http://ubuntu:34359/
[rosmaster.master][INFO] 2017-09-13 16:33:09,727: -PUB [/image/screenrectangle_image] /view http://ubuntu:34359/
[rosmaster.master][INFO] 2017-09-13 16:33:09,728: -PUB [/image/movepoint] /view http://ubuntu:34359/
[rosmaster.master][INFO] 2017-09-13 16:33:09,729: -PUB [/image/foreground] /view http://ubuntu:34359/
[rosmaster.master][INFO] 2017-09-13 16:33:09,730: -PUB [/image/background] /view http://ubuntu:34359/
[rosmaster.master][INFO] 2017-09-13 16:33:09,731: -PUB [/image/foreground_rect] /view http://ubuntu:34359/
[rosmaster.master][INFO] 2017-09-13 16:33:09,732: -PUB [/image/background_rect] /view http://ubuntu:34359/
[rosmaster.master][INFO] 2017-09-13 16:33:09,735: -PUB [/image/line] /view http://ubuntu:34359/
[rosmaster.master][INFO] 2017-09-13 16:33:09,736: -PUB [/image/poly] /view http://ubuntu:34359/
[rosmaster.master][INFO] 2017-09-13 16:33:09,737: -PUB [/image_marked/compressedDepth] /view http://ubuntu:34359/
[rosmaster.master][INFO] 2017-09-13 16:33:09,738: -PUB [/image_marked/compressedDepth/parameter_descriptions] /view http://ubuntu:34359/
[rosmaster.master][INFO] 2017-09-13 16:33:09,739: -PUB [/image_marked/compressedDepth/parameter_updates] /view http://ubuntu:34359/
[rosmaster.master][INFO] 2017-09-13 16:33:09,740: -PUB [/image_marked/compressed] /view http://ubuntu:34359/
[rosmaster.master][INFO] 2017-09-13 16:33:09,742: -PUB [/image_marked/compressed/parameter_descriptions] /view http://ubuntu:34359/
[rosmaster.master][INFO] 2017-09-13 16:33:09,743: -PUB [/image_marked/compressed/parameter_updates] /view http://ubuntu:34359/
[rosmaster.master][INFO] 2017-09-13 16:33:09,743: -PUB [/image_marked] /view http://ubuntu:34359/
[rosmaster.master][INFO] 2017-09-13 16:33:09,746: -PUB [/image_marked/theora] /view http://ubuntu:34359/
[rosmaster.master][INFO] 2017-09-13 16:33:09,746: -PUB [/image_marked/theora/parameter_descriptions] /view http://ubuntu:34359/
[rosmaster.master][INFO] 2017-09-13 16:33:09,747: -PUB [/image_marked/theora/parameter_updates] /view http://ubuntu:34359/
[rosmaster.master][INFO] 2017-09-13 16:33:09,748: -PUB [/image/marked/compressedDepth] /view http://ubuntu:34359/
[rosmaster.master][INFO] 2017-09-13 16:33:09,750: -PUB [/image/marked/compressedDepth/parameter_descriptions] /view http://ubuntu:34359/
[rosmaster.master][INFO] 2017-09-13 16:33:09,750: -PUB [/image/marked/compressedDepth/parameter_updates] /view http://ubuntu:34359/
[rosmaster.master][INFO] 2017-09-13 16:33:09,751: -PUB [/image/marked/compressed] /view http://ubuntu:34359/
[rosmaster.master][INFO] 2017-09-13 16:33:09,752: -PUB [/image/marked/compressed/parameter_descriptions] /view http://ubuntu:34359/
[rosmaster.master][INFO] 2017-09-13 16:33:09,753: -PUB [/image/marked/compressed/parameter_updates] /view http://ubuntu:34359/
[rosmaster.master][INFO] 2017-09-13 16:33:09,755: -PUB [/image/marked] /view http://ubuntu:34359/
[rosmaster.master][INFO] 2017-09-13 16:33:09,756: -PUB [/image/marked/theora] /view http://ubuntu:34359/
[rosmaster.master][INFO] 2017-09-13 16:33:09,757: -PUB [/image/marked/theora/parameter_descriptions] /view http://ubuntu:34359/
[rosmaster.master][INFO] 2017-09-13 16:33:09,759: -PUB [/image/marked/theora/parameter_updates] /view http://ubuntu:34359/
[rosmaster.master][INFO] 2017-09-13 16:33:09,760: -PUB [/view/parameter_descriptions] /view http://ubuntu:34359/
[rosmaster.master][INFO] 2017-09-13 16:33:09,761: -PUB [/view/parameter_updates] /view http://ubuntu:34359/
[rosmaster.master][INFO] 2017-09-13 16:33:09,765: -SUB [/tf] /view http://ubuntu:34359/
[rosmaster.master][INFO] 2017-09-13 16:33:09,766: -SUB [/tf_static] /view http://ubuntu:34359/
[rosmaster.master][INFO] 2017-09-13 16:33:09,766: -SUB [/image] /view http://ubuntu:34359/
[rosmaster.master][INFO] 2017-09-13 16:33:09,767: -SUB [/camera_info] /view http://ubuntu:34359/
[rosmaster.master][INFO] 2017-09-13 16:33:09,768: -SUB [/image_marker] /view http://ubuntu:34359/
[rosmaster.master][INFO] 2017-09-13 16:33:09,769: -SUB [/image/event] /view http://ubuntu:34359/
[rosmaster.master][INFO] 2017-09-13 16:33:09,771: -SERVICE [/view/get_loggers] /view rosrpc://ubuntu:52876
[rosmaster.master][INFO] 2017-09-13 16:33:09,773: -SERVICE [/view/set_logger_level] /view rosrpc://ubuntu:52876
[rosmaster.master][INFO] 2017-09-13 16:33:09,773: -SERVICE [/image_marked/compressedDepth/set_parameters] /view rosrpc://ubuntu:52876
[rosmaster.master][INFO] 2017-09-13 16:33:09,774: -SERVICE [/image_marked/compressed/set_parameters] /view rosrpc://ubuntu:52876
[rosmaster.master][INFO] 2017-09-13 16:33:09,775: -SERVICE [/image_marked/theora/set_parameters] /view rosrpc://ubuntu:52876
[rosmaster.master][INFO] 2017-09-13 16:33:09,776: -SERVICE [/image/marked/compressedDepth/set_parameters] /view rosrpc://ubuntu:52876
[rosmaster.master][INFO] 2017-09-13 16:33:09,777: -SERVICE [/image/marked/compressed/set_parameters] /view rosrpc://ubuntu:52876
[rosmaster.master][INFO] 2017-09-13 16:33:09,779: -SERVICE [/image/marked/theora/set_parameters] /view rosrpc://ubuntu:52876
[rosmaster.master][INFO] 2017-09-13 16:33:09,780: -SERVICE [/view/change_mode] /view rosrpc://ubuntu:52876
[rosmaster.master][INFO] 2017-09-13 16:33:09,780: -SERVICE [/view/rectangle_mode] /view rosrpc://ubuntu:52876
[rosmaster.master][INFO] 2017-09-13 16:33:09,783: -SERVICE [/view/grabcut_mode] /view rosrpc://ubuntu:52876
[rosmaster.master][INFO] 2017-09-13 16:33:09,783: -SERVICE [/view/grabcut_rect_mode] /view rosrpc://ubuntu:52876
[rosmaster.master][INFO] 2017-09-13 16:33:09,784: -SERVICE [/view/line_mode] /view rosrpc://ubuntu:52876
[rosmaster.master][INFO] 2017-09-13 16:33:09,787: -SERVICE [/view/poly_mode] /view rosrpc://ubuntu:52876
[rosmaster.master][INFO] 2017-09-13 16:33:09,787: -SERVICE [/view/none_mode] /view rosrpc://ubuntu:52876
[rosmaster.master][INFO] 2017-09-13 16:33:09,788: -SERVICE [/view/set_parameters] /view rosrpc://ubuntu:52876
[rosmaster.master][INFO] 2017-09-13 16:33:09,802: publisherUpdate[/rosout] -> http://ubuntu:41281/ []
[rosmaster.master][INFO] 2017-09-13 16:33:09,804: publisherUpdate[/rosout] -> http://ubuntu:41281/ []: sec=0.00, result=[1, '', 0]
[rosmaster.master][INFO] 2017-09-13 16:33:10,809: -PUB [/rosout_agg] /rosout http://ubuntu:41281/
[rosmaster.master][INFO] 2017-09-13 16:33:10,809: -SUB [/rosout] /rosout http://ubuntu:41281/
[rosmaster.master][INFO] 2017-09-13 16:33:10,810: -SERVICE [/rosout/get_loggers] /rosout rosrpc://ubuntu:48485
[rosmaster.master][INFO] 2017-09-13 16:33:10,811: -SERVICE [/rosout/set_logger_level] /rosout rosrpc://ubuntu:48485
[rosmaster.main][INFO] 2017-09-13 16:33:10,850: keyboard interrupt, will exit
[rosmaster.main][INFO] 2017-09-13 16:33:10,850: stopping master...
[rospy.core][INFO] 2017-09-13 16:33:10,851: signal_shutdown [atexit]
