[rosmaster.main][INFO] 2017-09-25 17:22:11,812: initialization complete, waiting for shutdown
[rosmaster.main][INFO] 2017-09-25 17:22:11,812: Starting ROS Master Node
[xmlrpc][INFO] 2017-09-25 17:22:11,813: XML-RPC server binding to 0.0.0.0:11311
[xmlrpc][INFO] 2017-09-25 17:22:11,813: Started XML-RPC server [http://ubuntu:11311/]
[xmlrpc][INFO] 2017-09-25 17:22:11,813: xml rpc node: starting XML-RPC server
[rosmaster.master][INFO] 2017-09-25 17:22:11,813: Master initialized: port[11311], uri[http://ubuntu:11311/]
[rosmaster.master][INFO] 2017-09-25 17:22:11,872: +PARAM [/run_id] by /roslaunch
[rosmaster.master][INFO] 2017-09-25 17:22:11,874: +PARAM [/roslaunch/uris/host_ubuntu__33817] by /roslaunch
[rosmaster.master][INFO] 2017-09-25 17:22:11,940: +PARAM [/rosversion] by /roslaunch
[rosmaster.master][INFO] 2017-09-25 17:22:11,940: +PARAM [/rosdistro] by /roslaunch
[rosmaster.master][INFO] 2017-09-25 17:22:11,940: +PARAM [/camera/device_id] by /roslaunch
[rosmaster.master][INFO] 2017-09-25 17:22:11,949: +SERVICE [/rosout/get_loggers] /rosout http://ubuntu:43660/
[rosmaster.master][INFO] 2017-09-25 17:22:11,950: +SERVICE [/rosout/set_logger_level] /rosout http://ubuntu:43660/
[rosmaster.master][INFO] 2017-09-25 17:22:11,953: +PUB [/rosout_agg] /rosout http://ubuntu:43660/
[rosmaster.master][INFO] 2017-09-25 17:22:11,972: +SUB [/rosout] /rosout http://ubuntu:43660/
[rosmaster.master][INFO] 2017-09-25 17:22:12,053: +PUB [/rosout] /mask_orange http://ubuntu:42205/
[rosmaster.master][INFO] 2017-09-25 17:22:12,055: +SERVICE [/mask_orange/get_loggers] /mask_orange http://ubuntu:42205/
[rosmaster.master][INFO] 2017-09-25 17:22:12,060: +SERVICE [/mask_orange/set_logger_level] /mask_orange http://ubuntu:42205/
[rosmaster.master][INFO] 2017-09-25 17:22:12,095: +PUB [/rosout] /camera http://ubuntu:40655/
[rosmaster.master][INFO] 2017-09-25 17:22:12,095: +SERVICE [/camera/get_loggers] /camera http://ubuntu:40655/
[rosmaster.master][INFO] 2017-09-25 17:22:12,096: +SERVICE [/camera/set_logger_level] /camera http://ubuntu:40655/
[rosmaster.master][INFO] 2017-09-25 17:22:12,100: +PUB [/rosout] /view http://ubuntu:46736/
[rosmaster.master][INFO] 2017-09-25 17:22:12,104: +SERVICE [/view/get_loggers] /view http://ubuntu:46736/
[rosmaster.master][INFO] 2017-09-25 17:22:12,108: +SERVICE [/view/set_logger_level] /view http://ubuntu:46736/
[rosmaster.master][INFO] 2017-09-25 17:22:12,114: publisherUpdate[/rosout] -> http://ubuntu:43660/ ['http://ubuntu:42205/']
[rosmaster.master][INFO] 2017-09-25 17:22:12,120: publisherUpdate[/rosout] -> http://ubuntu:43660/ ['http://ubuntu:42205/']: sec=0.01, result=[1, '', 0]
[rosmaster.master][INFO] 2017-09-25 17:22:12,121: publisherUpdate[/rosout] -> http://ubuntu:43660/ ['http://ubuntu:42205/', 'http://ubuntu:40655/']
[rosmaster.master][INFO] 2017-09-25 17:22:12,124: publisherUpdate[/rosout] -> http://ubuntu:43660/ ['http://ubuntu:42205/', 'http://ubuntu:40655/']: sec=0.00, result=[1, '', 0]
[rosmaster.master][INFO] 2017-09-25 17:22:12,124: publisherUpdate[/rosout] -> http://ubuntu:43660/ ['http://ubuntu:42205/', 'http://ubuntu:40655/', 'http://ubuntu:46736/']
[rosmaster.master][INFO] 2017-09-25 17:22:12,125: publisherUpdate[/rosout] -> http://ubuntu:43660/ ['http://ubuntu:42205/', 'http://ubuntu:40655/', 'http://ubuntu:46736/']: sec=0.00, result=[1, '', 0]
[rosmaster.master][INFO] 2017-09-25 17:22:12,126: +SUB [/tf] /view http://ubuntu:46736/
[rosmaster.master][INFO] 2017-09-25 17:22:12,136: +SUB [/tf_static] /view http://ubuntu:46736/
[rosmaster.master][INFO] 2017-09-25 17:22:12,172: +SERVICE [/camera/set_camera_info] /camera http://ubuntu:40655/
[rosmaster.master][INFO] 2017-09-25 17:22:12,174: -SERVICE [/camera/set_camera_info] /camera rosrpc://ubuntu:40411
[rosmaster.master][INFO] 2017-09-25 17:22:12,193: +PUB [/image/screenpoint] /view http://ubuntu:46736/
[rosmaster.master][INFO] 2017-09-25 17:22:12,195: +PUB [/image/screenpoint_array] /view http://ubuntu:46736/
[rosmaster.master][INFO] 2017-09-25 17:22:12,196: +PUB [/image/screenrectangle] /view http://ubuntu:46736/
[rosmaster.master][INFO] 2017-09-25 17:22:12,196: +PUB [/image/screenrectangle_image] /view http://ubuntu:46736/
[rosmaster.master][INFO] 2017-09-25 17:22:12,197: +PUB [/image/movepoint] /view http://ubuntu:46736/
[rosmaster.master][INFO] 2017-09-25 17:22:12,198: +PUB [/image/foreground] /view http://ubuntu:46736/
[rosmaster.master][INFO] 2017-09-25 17:22:12,198: +PUB [/image/background] /view http://ubuntu:46736/
[rosmaster.master][INFO] 2017-09-25 17:22:12,205: +PUB [/image/foreground_rect] /view http://ubuntu:46736/
[rosmaster.master][INFO] 2017-09-25 17:22:12,207: +PUB [/image/background_rect] /view http://ubuntu:46736/
[rosmaster.master][INFO] 2017-09-25 17:22:12,211: +PUB [/image/line] /view http://ubuntu:46736/
[rosmaster.master][INFO] 2017-09-25 17:22:12,213: +PUB [/image/poly] /view http://ubuntu:46736/
[rosmaster.master][INFO] 2017-09-25 17:22:12,241: +SUB [/camera/image_raw] /mask_orange http://ubuntu:42205/
[rosmaster.master][INFO] 2017-09-25 17:22:12,289: +PUB [/image_marked/compressedDepth] /view http://ubuntu:46736/
[rosmaster.master][INFO] 2017-09-25 17:22:12,290: +SERVICE [/image_marked/compressedDepth/set_parameters] /view http://ubuntu:46736/
[rosmaster.master][INFO] 2017-09-25 17:22:12,291: +PUB [/image_marked/compressedDepth/parameter_descriptions] /view http://ubuntu:46736/
[rosmaster.master][INFO] 2017-09-25 17:22:12,292: +PUB [/image_marked/compressedDepth/parameter_updates] /view http://ubuntu:46736/
[rosmaster.master][INFO] 2017-09-25 17:22:12,294: +PARAM [/image_marked/compressedDepth/depth_max] by /view
[rosmaster.master][INFO] 2017-09-25 17:22:12,295: +PUB [/image/compressedDepth] /mask_orange http://ubuntu:42205/
[rosmaster.master][INFO] 2017-09-25 17:22:12,295: +PARAM [/image_marked/compressedDepth/depth_quantization] by /view
[rosmaster.master][INFO] 2017-09-25 17:22:12,296: +SERVICE [/image/compressedDepth/set_parameters] /mask_orange http://ubuntu:42205/
[rosmaster.master][INFO] 2017-09-25 17:22:12,297: +PARAM [/image_marked/compressedDepth/png_level] by /view
[rosmaster.master][INFO] 2017-09-25 17:22:12,298: +PUB [/image/compressedDepth/parameter_descriptions] /mask_orange http://ubuntu:42205/
[rosmaster.master][INFO] 2017-09-25 17:22:12,298: +PARAM [/image_marked/compressedDepth/depth_max] by /view
[rosmaster.master][INFO] 2017-09-25 17:22:12,299: +PUB [/image/compressedDepth/parameter_updates] /mask_orange http://ubuntu:42205/
[rosmaster.master][INFO] 2017-09-25 17:22:12,300: +PARAM [/image_marked/compressedDepth/depth_quantization] by /view
[rosmaster.master][INFO] 2017-09-25 17:22:12,301: +PARAM [/image_marked/compressedDepth/png_level] by /view
[rosmaster.master][INFO] 2017-09-25 17:22:12,309: +PARAM [/image/compressedDepth/depth_max] by /mask_orange
[rosmaster.master][INFO] 2017-09-25 17:22:12,309: +PARAM [/image/compressedDepth/depth_quantization] by /mask_orange
[rosmaster.master][INFO] 2017-09-25 17:22:12,310: +PARAM [/image/compressedDepth/png_level] by /mask_orange
[rosmaster.master][INFO] 2017-09-25 17:22:12,311: +PARAM [/image/compressedDepth/depth_max] by /mask_orange
[rosmaster.master][INFO] 2017-09-25 17:22:12,313: +PARAM [/image/compressedDepth/depth_quantization] by /mask_orange
[rosmaster.master][INFO] 2017-09-25 17:22:12,314: +PARAM [/image/compressedDepth/png_level] by /mask_orange
[rosmaster.master][INFO] 2017-09-25 17:22:12,326: -PUB [/rosout] /camera http://ubuntu:40655/
[rosmaster.master][INFO] 2017-09-25 17:22:12,326: publisherUpdate[/rosout] -> http://ubuntu:43660/ ['http://ubuntu:42205/', 'http://ubuntu:46736/']
[rosmaster.master][INFO] 2017-09-25 17:22:12,328: publisherUpdate[/rosout] -> http://ubuntu:43660/ ['http://ubuntu:42205/', 'http://ubuntu:46736/']: sec=0.00, result=[1, '', 0]
[rosmaster.master][INFO] 2017-09-25 17:22:12,328: -SERVICE [/camera/get_loggers] /camera rosrpc://ubuntu:40411
[rosmaster.master][INFO] 2017-09-25 17:22:12,329: -SERVICE [/camera/set_logger_level] /camera rosrpc://ubuntu:40411
[rosmaster.master][INFO] 2017-09-25 17:22:12,370: +PUB [/image_marked/compressed] /view http://ubuntu:46736/
[rosmaster.master][INFO] 2017-09-25 17:22:12,371: +SERVICE [/image_marked/compressed/set_parameters] /view http://ubuntu:46736/
[rosmaster.master][INFO] 2017-09-25 17:22:12,372: +PUB [/image_marked/compressed/parameter_descriptions] /view http://ubuntu:46736/
[rosmaster.master][INFO] 2017-09-25 17:22:12,373: +PUB [/image_marked/compressed/parameter_updates] /view http://ubuntu:46736/
[rosmaster.master][INFO] 2017-09-25 17:22:12,381: +PARAM [/image_marked/compressed/format] by /view
[rosmaster.master][INFO] 2017-09-25 17:22:12,381: +PARAM [/image_marked/compressed/jpeg_quality] by /view
[rosmaster.master][INFO] 2017-09-25 17:22:12,388: +PARAM [/image_marked/compressed/png_level] by /view
[rosmaster.master][INFO] 2017-09-25 17:22:12,389: +PUB [/image/compressed] /mask_orange http://ubuntu:42205/
[rosmaster.master][INFO] 2017-09-25 17:22:12,390: +PARAM [/image_marked/compressed/format] by /view
[rosmaster.master][INFO] 2017-09-25 17:22:12,391: +SERVICE [/image/compressed/set_parameters] /mask_orange http://ubuntu:42205/
[rosmaster.master][INFO] 2017-09-25 17:22:12,392: +PARAM [/image_marked/compressed/jpeg_quality] by /view
[rosmaster.master][INFO] 2017-09-25 17:22:12,393: +PUB [/image/compressed/parameter_descriptions] /mask_orange http://ubuntu:42205/
[rosmaster.master][INFO] 2017-09-25 17:22:12,395: +PARAM [/image_marked/compressed/png_level] by /view
[rosmaster.master][INFO] 2017-09-25 17:22:12,400: +PUB [/image/compressed/parameter_updates] /mask_orange http://ubuntu:42205/
[rosmaster.master][INFO] 2017-09-25 17:22:12,407: +PARAM [/image/compressed/format] by /mask_orange
[rosmaster.master][INFO] 2017-09-25 17:22:12,407: +PARAM [/image/compressed/jpeg_quality] by /mask_orange
[rosmaster.master][INFO] 2017-09-25 17:22:12,408: +PARAM [/image/compressed/png_level] by /mask_orange
[rosmaster.master][INFO] 2017-09-25 17:22:12,409: +PARAM [/image/compressed/format] by /mask_orange
[rosmaster.master][INFO] 2017-09-25 17:22:12,412: +PARAM [/image/compressed/jpeg_quality] by /mask_orange
[rosmaster.master][INFO] 2017-09-25 17:22:12,413: +PARAM [/image/compressed/png_level] by /mask_orange
[rosmaster.master][INFO] 2017-09-25 17:22:12,458: +PUB [/image_marked] /view http://ubuntu:46736/
[rosmaster.master][INFO] 2017-09-25 17:22:12,466: +PUB [/image] /mask_orange http://ubuntu:42205/
[rosmaster.master][INFO] 2017-09-25 17:22:12,510: +PUB [/image_marked/theora] /view http://ubuntu:46736/
[rosmaster.master][INFO] 2017-09-25 17:22:12,511: +SERVICE [/image_marked/theora/set_parameters] /view http://ubuntu:46736/
[rosmaster.master][INFO] 2017-09-25 17:22:12,511: +PUB [/image_marked/theora/parameter_descriptions] /view http://ubuntu:46736/
[rosmaster.master][INFO] 2017-09-25 17:22:12,512: +PUB [/image_marked/theora/parameter_updates] /view http://ubuntu:46736/
[rosmaster.master][INFO] 2017-09-25 17:22:12,515: +PARAM [/image_marked/theora/optimize_for] by /view
[rosmaster.master][INFO] 2017-09-25 17:22:12,516: +PARAM [/image_marked/theora/target_bitrate] by /view
[rosmaster.master][INFO] 2017-09-25 17:22:12,519: +PARAM [/image_marked/theora/quality] by /view
[rosmaster.master][INFO] 2017-09-25 17:22:12,520: +PUB [/image/theora] /mask_orange http://ubuntu:42205/
[rosmaster.master][INFO] 2017-09-25 17:22:12,520: +PARAM [/image_marked/theora/keyframe_frequency] by /view
[rosmaster.master][INFO] 2017-09-25 17:22:12,521: +PARAM [/image_marked/theora/optimize_for] by /view
[rosmaster.master][INFO] 2017-09-25 17:22:12,523: +SERVICE [/image/theora/set_parameters] /mask_orange http://ubuntu:42205/
[rosmaster.master][INFO] 2017-09-25 17:22:12,524: +PARAM [/image_marked/theora/target_bitrate] by /view
[rosmaster.master][INFO] 2017-09-25 17:22:12,526: +PUB [/image/theora/parameter_descriptions] /mask_orange http://ubuntu:42205/
[rosmaster.master][INFO] 2017-09-25 17:22:12,527: +PARAM [/image_marked/theora/quality] by /view
[rosmaster.master][INFO] 2017-09-25 17:22:12,528: +PUB [/image/theora/parameter_updates] /mask_orange http://ubuntu:42205/
[rosmaster.master][INFO] 2017-09-25 17:22:12,529: +PARAM [/image_marked/theora/keyframe_frequency] by /view
[rosmaster.master][INFO] 2017-09-25 17:22:12,542: +PARAM [/image/theora/optimize_for] by /mask_orange
[rosmaster.master][INFO] 2017-09-25 17:22:12,543: +PARAM [/image/theora/target_bitrate] by /mask_orange
[rosmaster.master][INFO] 2017-09-25 17:22:12,543: +PARAM [/image/theora/quality] by /mask_orange
[rosmaster.master][INFO] 2017-09-25 17:22:12,544: +PARAM [/image/theora/keyframe_frequency] by /mask_orange
[rosmaster.master][INFO] 2017-09-25 17:22:12,545: +PARAM [/image/theora/optimize_for] by /mask_orange
[rosmaster.master][INFO] 2017-09-25 17:22:12,549: +PARAM [/image/theora/target_bitrate] by /mask_orange
[rosmaster.master][INFO] 2017-09-25 17:22:12,549: +PARAM [/image/theora/quality] by /mask_orange
[rosmaster.master][INFO] 2017-09-25 17:22:12,550: +PARAM [/image/theora/keyframe_frequency] by /mask_orange
[rosmaster.master][INFO] 2017-09-25 17:22:12,568: +PUB [/image/marked/compressedDepth] /view http://ubuntu:46736/
[rosmaster.master][INFO] 2017-09-25 17:22:12,569: +SERVICE [/image/marked/compressedDepth/set_parameters] /view http://ubuntu:46736/
[rosmaster.master][INFO] 2017-09-25 17:22:12,570: +PUB [/image/marked/compressedDepth/parameter_descriptions] /view http://ubuntu:46736/
[rosmaster.master][INFO] 2017-09-25 17:22:12,570: +PUB [/image/marked/compressedDepth/parameter_updates] /view http://ubuntu:46736/
[rosmaster.master][INFO] 2017-09-25 17:22:12,573: +PARAM [/image/marked/compressedDepth/depth_max] by /view
[rosmaster.master][INFO] 2017-09-25 17:22:12,573: +PARAM [/image/marked/compressedDepth/depth_quantization] by /view
[rosmaster.master][INFO] 2017-09-25 17:22:12,574: +PARAM [/image/marked/compressedDepth/png_level] by /view
[rosmaster.master][INFO] 2017-09-25 17:22:12,574: +PARAM [/image/marked/compressedDepth/depth_max] by /view
[rosmaster.master][INFO] 2017-09-25 17:22:12,575: +PARAM [/image/marked/compressedDepth/depth_quantization] by /view
[rosmaster.master][INFO] 2017-09-25 17:22:12,576: +PARAM [/image/marked/compressedDepth/png_level] by /view
[rosmaster.master][INFO] 2017-09-25 17:22:12,601: +PUB [/image/marked/compressed] /view http://ubuntu:46736/
[rosmaster.master][INFO] 2017-09-25 17:22:12,602: +SERVICE [/image/marked/compressed/set_parameters] /view http://ubuntu:46736/
[rosmaster.master][INFO] 2017-09-25 17:22:12,602: +PUB [/image/marked/compressed/parameter_descriptions] /view http://ubuntu:46736/
[rosmaster.master][INFO] 2017-09-25 17:22:12,603: +PUB [/image/marked/compressed/parameter_updates] /view http://ubuntu:46736/
[rosmaster.master][INFO] 2017-09-25 17:22:12,605: +PARAM [/image/marked/compressed/format] by /view
[rosmaster.master][INFO] 2017-09-25 17:22:12,606: +PARAM [/image/marked/compressed/jpeg_quality] by /view
[rosmaster.master][INFO] 2017-09-25 17:22:12,606: +PARAM [/image/marked/compressed/png_level] by /view
[rosmaster.master][INFO] 2017-09-25 17:22:12,607: +PARAM [/image/marked/compressed/format] by /view
[rosmaster.master][INFO] 2017-09-25 17:22:12,607: +PARAM [/image/marked/compressed/jpeg_quality] by /view
[rosmaster.master][INFO] 2017-09-25 17:22:12,608: +PARAM [/image/marked/compressed/png_level] by /view
[rosmaster.master][INFO] 2017-09-25 17:22:12,634: +PUB [/image/marked] /view http://ubuntu:46736/
[rosmaster.master][INFO] 2017-09-25 17:22:12,659: +PUB [/image/marked/theora] /view http://ubuntu:46736/
[rosmaster.master][INFO] 2017-09-25 17:22:12,660: +SERVICE [/image/marked/theora/set_parameters] /view http://ubuntu:46736/
[rosmaster.master][INFO] 2017-09-25 17:22:12,660: +PUB [/image/marked/theora/parameter_descriptions] /view http://ubuntu:46736/
[rosmaster.master][INFO] 2017-09-25 17:22:12,661: +PUB [/image/marked/theora/parameter_updates] /view http://ubuntu:46736/
[rosmaster.master][INFO] 2017-09-25 17:22:12,664: +PARAM [/image/marked/theora/optimize_for] by /view
[rosmaster.master][INFO] 2017-09-25 17:22:12,664: +PARAM [/image/marked/theora/target_bitrate] by /view
[rosmaster.master][INFO] 2017-09-25 17:22:12,665: +PARAM [/image/marked/theora/quality] by /view
[rosmaster.master][INFO] 2017-09-25 17:22:12,665: +PARAM [/image/marked/theora/keyframe_frequency] by /view
[rosmaster.master][INFO] 2017-09-25 17:22:12,666: +PARAM [/image/marked/theora/optimize_for] by /view
[rosmaster.master][INFO] 2017-09-25 17:22:12,667: +PARAM [/image/marked/theora/target_bitrate] by /view
[rosmaster.master][INFO] 2017-09-25 17:22:12,667: +PARAM [/image/marked/theora/quality] by /view
[rosmaster.master][INFO] 2017-09-25 17:22:12,668: +PARAM [/image/marked/theora/keyframe_frequency] by /view
[rosmaster.master][INFO] 2017-09-25 17:22:12,696: +SUB [/image] /view http://ubuntu:46736/
[rosmaster.master][INFO] 2017-09-25 17:22:12,699: +SUB [/camera_info] /view http://ubuntu:46736/
[rosmaster.master][INFO] 2017-09-25 17:22:12,703: +SUB [/image_marker] /view http://ubuntu:46736/
[rosmaster.master][INFO] 2017-09-25 17:22:12,706: +SUB [/image/event] /view http://ubuntu:46736/
[rosmaster.master][INFO] 2017-09-25 17:22:12,706: +SERVICE [/view/change_mode] /view http://ubuntu:46736/
[rosmaster.master][INFO] 2017-09-25 17:22:12,707: +SERVICE [/view/rectangle_mode] /view http://ubuntu:46736/
[rosmaster.master][INFO] 2017-09-25 17:22:12,708: +SERVICE [/view/grabcut_mode] /view http://ubuntu:46736/
[rosmaster.master][INFO] 2017-09-25 17:22:12,708: +SERVICE [/view/grabcut_rect_mode] /view http://ubuntu:46736/
[rosmaster.master][INFO] 2017-09-25 17:22:12,709: +SERVICE [/view/line_mode] /view http://ubuntu:46736/
[rosmaster.master][INFO] 2017-09-25 17:22:12,710: +SERVICE [/view/poly_mode] /view http://ubuntu:46736/
[rosmaster.master][INFO] 2017-09-25 17:22:12,710: +SERVICE [/view/none_mode] /view http://ubuntu:46736/
[rosmaster.master][INFO] 2017-09-25 17:22:12,711: +SERVICE [/view/set_parameters] /view http://ubuntu:46736/
[rosmaster.master][INFO] 2017-09-25 17:22:12,712: +PUB [/view/parameter_descriptions] /view http://ubuntu:46736/
[rosmaster.master][INFO] 2017-09-25 17:22:12,713: +PUB [/view/parameter_updates] /view http://ubuntu:46736/
[rosmaster.master][INFO] 2017-09-25 17:22:12,718: +PARAM [/view/grid] by /view
[rosmaster.master][INFO] 2017-09-25 17:22:12,719: +PARAM [/view/fisheye_mode] by /view
[rosmaster.master][INFO] 2017-09-25 17:22:12,719: +PARAM [/view/div_u] by /view
[rosmaster.master][INFO] 2017-09-25 17:22:12,720: +PARAM [/view/div_v] by /view
[rosmaster.master][INFO] 2017-09-25 17:22:12,721: +PARAM [/view/grid_red] by /view
[rosmaster.master][INFO] 2017-09-25 17:22:12,722: +PARAM [/view/grid_green] by /view
[rosmaster.master][INFO] 2017-09-25 17:22:12,723: +PARAM [/view/grid_blue] by /view
[rosmaster.master][INFO] 2017-09-25 17:22:12,723: +PARAM [/view/grid_thickness] by /view
[rosmaster.master][INFO] 2017-09-25 17:22:12,724: +PARAM [/view/grid_space] by /view
[rosmaster.master][INFO] 2017-09-25 17:22:12,725: +PARAM [/view/grid] by /view
[rosmaster.master][INFO] 2017-09-25 17:22:12,725: +PARAM [/view/fisheye_mode] by /view
[rosmaster.master][INFO] 2017-09-25 17:22:12,726: +PARAM [/view/div_u] by /view
[rosmaster.master][INFO] 2017-09-25 17:22:12,727: +PARAM [/view/div_v] by /view
[rosmaster.master][INFO] 2017-09-25 17:22:12,727: +PARAM [/view/grid_red] by /view
[rosmaster.master][INFO] 2017-09-25 17:22:12,728: +PARAM [/view/grid_green] by /view
[rosmaster.master][INFO] 2017-09-25 17:22:12,729: +PARAM [/view/grid_blue] by /view
[rosmaster.master][INFO] 2017-09-25 17:22:12,729: +PARAM [/view/grid_thickness] by /view
[rosmaster.master][INFO] 2017-09-25 17:22:12,730: +PARAM [/view/grid_space] by /view
[rosmaster.master][INFO] 2017-09-25 17:22:15,953: -PUB [/rosout] /mask_orange http://ubuntu:42205/
[rosmaster.master][INFO] 2017-09-25 17:22:15,954: -PUB [/image/compressedDepth] /mask_orange http://ubuntu:42205/
[rosmaster.master][INFO] 2017-09-25 17:22:15,954: -PUB [/image/compressedDepth/parameter_descriptions] /mask_orange http://ubuntu:42205/
[rosmaster.master][INFO] 2017-09-25 17:22:15,955: -PUB [/image/compressedDepth/parameter_updates] /mask_orange http://ubuntu:42205/
[rosmaster.master][INFO] 2017-09-25 17:22:15,957: -PUB [/image/compressed] /mask_orange http://ubuntu:42205/
[rosmaster.master][INFO] 2017-09-25 17:22:15,958: -PUB [/image/compressed/parameter_descriptions] /mask_orange http://ubuntu:42205/
[rosmaster.master][INFO] 2017-09-25 17:22:15,959: -PUB [/image/compressed/parameter_updates] /mask_orange http://ubuntu:42205/
[rosmaster.master][INFO] 2017-09-25 17:22:15,961: -PUB [/rosout] /view http://ubuntu:46736/
[rosmaster.master][INFO] 2017-09-25 17:22:15,965: -PUB [/image] /mask_orange http://ubuntu:42205/
[rosmaster.master][INFO] 2017-09-25 17:22:15,965: -PUB [/image/screenpoint] /view http://ubuntu:46736/
[rosmaster.master][INFO] 2017-09-25 17:22:15,967: -PUB [/image/screenpoint_array] /view http://ubuntu:46736/
[rosmaster.master][INFO] 2017-09-25 17:22:15,968: -PUB [/image/screenrectangle] /view http://ubuntu:46736/
[rosmaster.master][INFO] 2017-09-25 17:22:15,969: -PUB [/image/screenrectangle_image] /view http://ubuntu:46736/
[rosmaster.master][INFO] 2017-09-25 17:22:15,970: -PUB [/image/movepoint] /view http://ubuntu:46736/
[rosmaster.master][INFO] 2017-09-25 17:22:15,971: -PUB [/image/foreground] /view http://ubuntu:46736/
[rosmaster.master][INFO] 2017-09-25 17:22:15,973: -PUB [/image/theora] /mask_orange http://ubuntu:42205/
[rosmaster.master][INFO] 2017-09-25 17:22:15,975: -PUB [/image/background] /view http://ubuntu:46736/
[rosmaster.master][INFO] 2017-09-25 17:22:15,976: -PUB [/image/theora/parameter_descriptions] /mask_orange http://ubuntu:42205/
[rosmaster.master][INFO] 2017-09-25 17:22:15,977: -PUB [/image/foreground_rect] /view http://ubuntu:46736/
[rosmaster.master][INFO] 2017-09-25 17:22:15,981: -PUB [/image/theora/parameter_updates] /mask_orange http://ubuntu:42205/
[rosmaster.master][INFO] 2017-09-25 17:22:15,983: -PUB [/image/background_rect] /view http://ubuntu:46736/
[rosmaster.master][INFO] 2017-09-25 17:22:15,985: -PUB [/image/line] /view http://ubuntu:46736/
[rosmaster.master][INFO] 2017-09-25 17:22:15,986: -PUB [/image/poly] /view http://ubuntu:46736/
[rosmaster.master][INFO] 2017-09-25 17:22:15,987: -PUB [/image_marked/compressedDepth] /view http://ubuntu:46736/
[rosmaster.master][INFO] 2017-09-25 17:22:15,989: -PUB [/image_marked/compressedDepth/parameter_descriptions] /view http://ubuntu:46736/
[rosmaster.master][INFO] 2017-09-25 17:22:15,991: -SUB [/camera/image_raw] /mask_orange http://ubuntu:42205/
[rosmaster.master][INFO] 2017-09-25 17:22:15,993: -SERVICE [/mask_orange/get_loggers] /mask_orange rosrpc://ubuntu:49193
[rosmaster.master][INFO] 2017-09-25 17:22:15,995: -PUB [/image_marked/compressedDepth/parameter_updates] /view http://ubuntu:46736/
[rosmaster.master][INFO] 2017-09-25 17:22:15,995: -SERVICE [/mask_orange/set_logger_level] /mask_orange rosrpc://ubuntu:49193
[rosmaster.master][INFO] 2017-09-25 17:22:15,997: -SERVICE [/image/compressedDepth/set_parameters] /mask_orange rosrpc://ubuntu:49193
[rosmaster.master][INFO] 2017-09-25 17:22:15,999: -PUB [/image_marked/compressed] /view http://ubuntu:46736/
[rosmaster.master][INFO] 2017-09-25 17:22:16,001: -SERVICE [/image/compressed/set_parameters] /mask_orange rosrpc://ubuntu:49193
[rosmaster.master][INFO] 2017-09-25 17:22:16,003: -PUB [/image_marked/compressed/parameter_descriptions] /view http://ubuntu:46736/
[rosmaster.master][INFO] 2017-09-25 17:22:16,005: -SERVICE [/image/theora/set_parameters] /mask_orange rosrpc://ubuntu:49193
[rosmaster.master][INFO] 2017-09-25 17:22:16,005: -PUB [/image_marked/compressed/parameter_updates] /view http://ubuntu:46736/
[rosmaster.master][INFO] 2017-09-25 17:22:16,007: -PUB [/image_marked] /view http://ubuntu:46736/
[rosmaster.master][INFO] 2017-09-25 17:22:16,009: -PUB [/image_marked/theora] /view http://ubuntu:46736/
[rosmaster.master][INFO] 2017-09-25 17:22:16,011: -PUB [/image_marked/theora/parameter_descriptions] /view http://ubuntu:46736/
[rosmaster.master][INFO] 2017-09-25 17:22:16,013: -PUB [/image_marked/theora/parameter_updates] /view http://ubuntu:46736/
[rosmaster.master][INFO] 2017-09-25 17:22:16,015: -PUB [/image/marked/compressedDepth] /view http://ubuntu:46736/
[rosmaster.master][INFO] 2017-09-25 17:22:16,017: -PUB [/image/marked/compressedDepth/parameter_descriptions] /view http://ubuntu:46736/
[rosmaster.master][INFO] 2017-09-25 17:22:16,019: -PUB [/image/marked/compressedDepth/parameter_updates] /view http://ubuntu:46736/
[rosmaster.master][INFO] 2017-09-25 17:22:16,021: -PUB [/image/marked/compressed] /view http://ubuntu:46736/
[rosmaster.master][INFO] 2017-09-25 17:22:16,021: -PUB [/image/marked/compressed/parameter_descriptions] /view http://ubuntu:46736/
[rosmaster.master][INFO] 2017-09-25 17:22:16,023: -PUB [/image/marked/compressed/parameter_updates] /view http://ubuntu:46736/
[rosmaster.master][INFO] 2017-09-25 17:22:16,025: -PUB [/image/marked] /view http://ubuntu:46736/
[rosmaster.master][INFO] 2017-09-25 17:22:16,027: -PUB [/image/marked/theora] /view http://ubuntu:46736/
[rosmaster.master][INFO] 2017-09-25 17:22:16,029: -PUB [/image/marked/theora/parameter_descriptions] /view http://ubuntu:46736/
[rosmaster.master][INFO] 2017-09-25 17:22:16,030: -PUB [/image/marked/theora/parameter_updates] /view http://ubuntu:46736/
[rosmaster.master][INFO] 2017-09-25 17:22:16,031: -PUB [/view/parameter_descriptions] /view http://ubuntu:46736/
[rosmaster.master][INFO] 2017-09-25 17:22:16,032: -PUB [/view/parameter_updates] /view http://ubuntu:46736/
[rosmaster.master][INFO] 2017-09-25 17:22:16,039: publisherUpdate[/rosout] -> http://ubuntu:43660/ ['http://ubuntu:46736/']
[rosmaster.master][INFO] 2017-09-25 17:22:16,039: publisherUpdate[/image] -> http://ubuntu:46736/ []
[rosmaster.master][INFO] 2017-09-25 17:22:16,040: publisherUpdate[/rosout] -> http://ubuntu:43660/ ['http://ubuntu:46736/']: sec=0.00, result=[1, '', 0]
[rosmaster.master][INFO] 2017-09-25 17:22:16,040: publisherUpdate[/rosout] -> http://ubuntu:43660/ []
[rosmaster.master][INFO] 2017-09-25 17:22:16,040: publisherUpdate[/rosout] -> http://ubuntu:43660/ []: sec=0.00, result=[1, '', 0]
[rosmaster.master][INFO] 2017-09-25 17:22:16,041: -SUB [/tf] /view http://ubuntu:46736/
[rosmaster.master][INFO] 2017-09-25 17:22:16,043: publisherUpdate[/image] -> http://ubuntu:46736/ []: sec=0.00, exception=<Fault -1: 'publisherUpdate: unknown method name'>
[rosmaster.threadpool][ERROR] 2017-09-25 17:22:16,043: Traceback (most recent call last):
  File "/opt/ros/kinetic/lib/python2.7/dist-packages/rosmaster/threadpool.py", line 218, in run
    result = cmd(*args)
  File "/opt/ros/kinetic/lib/python2.7/dist-packages/rosmaster/master_api.py", line 210, in publisher_update_task
    ret = xmlrpcapi(api).publisherUpdate('/master', topic, pub_uris)
  File "/usr/lib/python2.7/xmlrpclib.py", line 1243, in __call__
    return self.__send(self.__name, args)
  File "/usr/lib/python2.7/xmlrpclib.py", line 1602, in __request
    verbose=self.__verbose
  File "/usr/lib/python2.7/xmlrpclib.py", line 1283, in request
    return self.single_request(host, handler, request_body, verbose)
  File "/usr/lib/python2.7/xmlrpclib.py", line 1316, in single_request
    return self.parse_response(response)
  File "/usr/lib/python2.7/xmlrpclib.py", line 1493, in parse_response
    return u.close()
  File "/usr/lib/python2.7/xmlrpclib.py", line 800, in close
    raise Fault(**self._stack[0])
Fault: <Fault -1: 'publisherUpdate: unknown method name'>

[rosmaster.master][INFO] 2017-09-25 17:22:16,044: -SUB [/tf_static] /view http://ubuntu:46736/
[rosmaster.master][INFO] 2017-09-25 17:22:16,046: -SUB [/image] /view http://ubuntu:46736/
[rosmaster.master][INFO] 2017-09-25 17:22:16,052: -SUB [/camera_info] /view http://ubuntu:46736/
[rosmaster.master][INFO] 2017-09-25 17:22:16,054: -SUB [/image_marker] /view http://ubuntu:46736/
[rosmaster.master][INFO] 2017-09-25 17:22:16,056: -SUB [/image/event] /view http://ubuntu:46736/
[rosmaster.master][INFO] 2017-09-25 17:22:16,059: -SERVICE [/view/get_loggers] /view rosrpc://ubuntu:55588
[rosmaster.master][INFO] 2017-09-25 17:22:16,062: -SERVICE [/view/set_logger_level] /view rosrpc://ubuntu:55588
[rosmaster.master][INFO] 2017-09-25 17:22:16,063: -SERVICE [/image_marked/compressedDepth/set_parameters] /view rosrpc://ubuntu:55588
[rosmaster.master][INFO] 2017-09-25 17:22:16,064: -SERVICE [/image_marked/compressed/set_parameters] /view rosrpc://ubuntu:55588
[rosmaster.master][INFO] 2017-09-25 17:22:16,066: -SERVICE [/image_marked/theora/set_parameters] /view rosrpc://ubuntu:55588
[rosmaster.master][INFO] 2017-09-25 17:22:16,068: -SERVICE [/image/marked/compressedDepth/set_parameters] /view rosrpc://ubuntu:55588
[rosmaster.master][INFO] 2017-09-25 17:22:16,070: -SERVICE [/image/marked/compressed/set_parameters] /view rosrpc://ubuntu:55588
[rosmaster.master][INFO] 2017-09-25 17:22:16,072: -SERVICE [/image/marked/theora/set_parameters] /view rosrpc://ubuntu:55588
[rosmaster.master][INFO] 2017-09-25 17:22:16,074: -SERVICE [/view/change_mode] /view rosrpc://ubuntu:55588
[rosmaster.master][INFO] 2017-09-25 17:22:16,075: -SERVICE [/view/rectangle_mode] /view rosrpc://ubuntu:55588
[rosmaster.master][INFO] 2017-09-25 17:22:16,076: -SERVICE [/view/grabcut_mode] /view rosrpc://ubuntu:55588
[rosmaster.master][INFO] 2017-09-25 17:22:16,077: -SERVICE [/view/grabcut_rect_mode] /view rosrpc://ubuntu:55588
[rosmaster.master][INFO] 2017-09-25 17:22:16,079: -SERVICE [/view/line_mode] /view rosrpc://ubuntu:55588
[rosmaster.master][INFO] 2017-09-25 17:22:16,080: -SERVICE [/view/poly_mode] /view rosrpc://ubuntu:55588
[rosmaster.master][INFO] 2017-09-25 17:22:16,081: -SERVICE [/view/none_mode] /view rosrpc://ubuntu:55588
[rosmaster.master][INFO] 2017-09-25 17:22:16,082: -SERVICE [/view/set_parameters] /view rosrpc://ubuntu:55588
[rosmaster.master][INFO] 2017-09-25 17:22:16,444: -PUB [/rosout_agg] /rosout http://ubuntu:43660/
[rosmaster.master][INFO] 2017-09-25 17:22:16,445: -SUB [/rosout] /rosout http://ubuntu:43660/
[rosmaster.master][INFO] 2017-09-25 17:22:16,446: -SERVICE [/rosout/get_loggers] /rosout rosrpc://ubuntu:37644
[rosmaster.master][INFO] 2017-09-25 17:22:16,447: -SERVICE [/rosout/set_logger_level] /rosout rosrpc://ubuntu:37644
[rosmaster.main][INFO] 2017-09-25 17:22:16,481: keyboard interrupt, will exit
[rosmaster.main][INFO] 2017-09-25 17:22:16,481: stopping master...
[rospy.core][INFO] 2017-09-25 17:22:16,481: signal_shutdown [atexit]
