[rosmaster.main][INFO] 2017-09-20 17:51:57,934: initialization complete, waiting for shutdown
[rosmaster.main][INFO] 2017-09-20 17:51:57,934: Starting ROS Master Node
[xmlrpc][INFO] 2017-09-20 17:51:57,934: XML-RPC server binding to 0.0.0.0:11311
[xmlrpc][INFO] 2017-09-20 17:51:57,935: Started XML-RPC server [http://ubuntu:11311/]
[xmlrpc][INFO] 2017-09-20 17:51:57,935: xml rpc node: starting XML-RPC server
[rosmaster.master][INFO] 2017-09-20 17:51:57,935: Master initialized: port[11311], uri[http://ubuntu:11311/]
[rosmaster.master][INFO] 2017-09-20 17:51:57,992: +PARAM [/run_id] by /roslaunch
[rosmaster.master][INFO] 2017-09-20 17:51:57,993: +PARAM [/roslaunch/uris/host_ubuntu__41621] by /roslaunch
[rosmaster.master][INFO] 2017-09-20 17:51:58,062: +PARAM [/rosversion] by /roslaunch
[rosmaster.master][INFO] 2017-09-20 17:51:58,062: +PARAM [/rosdistro] by /roslaunch
[rosmaster.master][INFO] 2017-09-20 17:51:58,062: +PARAM [/camera/device_id] by /roslaunch
[rosmaster.master][INFO] 2017-09-20 17:51:58,120: +SERVICE [/rosout/get_loggers] /rosout http://ubuntu:44054/
[rosmaster.master][INFO] 2017-09-20 17:51:58,122: +SERVICE [/rosout/set_logger_level] /rosout http://ubuntu:44054/
[rosmaster.master][INFO] 2017-09-20 17:51:58,129: +PUB [/rosout_agg] /rosout http://ubuntu:44054/
[rosmaster.master][INFO] 2017-09-20 17:51:58,185: +SUB [/rosout] /rosout http://ubuntu:44054/
[rosmaster.master][INFO] 2017-09-20 17:51:58,266: +PUB [/rosout] /image_converter http://ubuntu:39510/
[rosmaster.master][INFO] 2017-09-20 17:51:58,267: +SERVICE [/image_converter/get_loggers] /image_converter http://ubuntu:39510/
[rosmaster.master][INFO] 2017-09-20 17:51:58,268: +SERVICE [/image_converter/set_logger_level] /image_converter http://ubuntu:39510/
[rosmaster.master][INFO] 2017-09-20 17:51:58,336: +PUB [/rosout] /camera http://ubuntu:42366/
[rosmaster.master][INFO] 2017-09-20 17:51:58,338: +SERVICE [/camera/get_loggers] /camera http://ubuntu:42366/
[rosmaster.master][INFO] 2017-09-20 17:51:58,338: publisherUpdate[/rosout] -> http://ubuntu:44054/ ['http://ubuntu:39510/']
[rosmaster.master][INFO] 2017-09-20 17:51:58,342: publisherUpdate[/rosout] -> http://ubuntu:44054/ ['http://ubuntu:39510/']: sec=0.00, result=[1, '', 0]
[rosmaster.master][INFO] 2017-09-20 17:51:58,342: publisherUpdate[/rosout] -> http://ubuntu:44054/ ['http://ubuntu:39510/', 'http://ubuntu:42366/']
[rosmaster.master][INFO] 2017-09-20 17:51:58,344: publisherUpdate[/rosout] -> http://ubuntu:44054/ ['http://ubuntu:39510/', 'http://ubuntu:42366/']: sec=0.00, result=[1, '', 0]
[rosmaster.master][INFO] 2017-09-20 17:51:58,345: +SERVICE [/camera/set_logger_level] /camera http://ubuntu:42366/
[rosmaster.master][INFO] 2017-09-20 17:51:58,349: +PUB [/rosout] /view http://ubuntu:42997/
[rosmaster.master][INFO] 2017-09-20 17:51:58,352: +SERVICE [/view/get_loggers] /view http://ubuntu:42997/
[rosmaster.master][INFO] 2017-09-20 17:51:58,353: +SERVICE [/view/set_logger_level] /view http://ubuntu:42997/
[rosmaster.master][INFO] 2017-09-20 17:51:58,369: +SUB [/tf] /view http://ubuntu:42997/
[rosmaster.master][INFO] 2017-09-20 17:51:58,380: +SUB [/tf_static] /view http://ubuntu:42997/
[rosmaster.master][INFO] 2017-09-20 17:51:58,408: +SUB [/camera/image_raw] /image_converter http://ubuntu:39510/
[rosmaster.master][INFO] 2017-09-20 17:51:58,428: +SERVICE [/camera/set_camera_info] /camera http://ubuntu:42366/
[rosmaster.master][INFO] 2017-09-20 17:51:58,439: +PUB [/image/screenpoint] /view http://ubuntu:42997/
[rosmaster.master][INFO] 2017-09-20 17:51:58,440: +PUB [/image/screenpoint_array] /view http://ubuntu:42997/
[rosmaster.master][INFO] 2017-09-20 17:51:58,440: +PUB [/image/screenrectangle] /view http://ubuntu:42997/
[rosmaster.master][INFO] 2017-09-20 17:51:58,441: +PUB [/image/screenrectangle_image] /view http://ubuntu:42997/
[rosmaster.master][INFO] 2017-09-20 17:51:58,441: publisherUpdate[/rosout] -> http://ubuntu:44054/ ['http://ubuntu:39510/', 'http://ubuntu:42366/', 'http://ubuntu:42997/']
[rosmaster.master][INFO] 2017-09-20 17:51:58,442: publisherUpdate[/rosout] -> http://ubuntu:44054/ ['http://ubuntu:39510/', 'http://ubuntu:42366/', 'http://ubuntu:42997/']: sec=0.00, result=[1, '', 0]
[rosmaster.master][INFO] 2017-09-20 17:51:58,443: +PUB [/image/movepoint] /view http://ubuntu:42997/
[rosmaster.master][INFO] 2017-09-20 17:51:58,443: +PUB [/image/foreground] /view http://ubuntu:42997/
[rosmaster.master][INFO] 2017-09-20 17:51:58,445: +PUB [/image/background] /view http://ubuntu:42997/
[rosmaster.master][INFO] 2017-09-20 17:51:58,448: +PUB [/image/foreground_rect] /view http://ubuntu:42997/
[rosmaster.master][INFO] 2017-09-20 17:51:58,449: +PUB [/image/background_rect] /view http://ubuntu:42997/
[rosmaster.master][INFO] 2017-09-20 17:51:58,450: +PUB [/image/line] /view http://ubuntu:42997/
[rosmaster.master][INFO] 2017-09-20 17:51:58,450: +PUB [/image/poly] /view http://ubuntu:42997/
[rosmaster.master][INFO] 2017-09-20 17:51:58,482: +PUB [/image/compressedDepth] /image_converter http://ubuntu:39510/
[rosmaster.master][INFO] 2017-09-20 17:51:58,483: +SERVICE [/image/compressedDepth/set_parameters] /image_converter http://ubuntu:39510/
[rosmaster.master][INFO] 2017-09-20 17:51:58,483: +PUB [/image/compressedDepth/parameter_descriptions] /image_converter http://ubuntu:39510/
[rosmaster.master][INFO] 2017-09-20 17:51:58,484: +PUB [/image/compressedDepth/parameter_updates] /image_converter http://ubuntu:39510/
[rosmaster.master][INFO] 2017-09-20 17:51:58,489: +PARAM [/image/compressedDepth/depth_max] by /image_converter
[rosmaster.master][INFO] 2017-09-20 17:51:58,490: +PARAM [/image/compressedDepth/depth_quantization] by /image_converter
[rosmaster.master][INFO] 2017-09-20 17:51:58,491: +PARAM [/image/compressedDepth/png_level] by /image_converter
[rosmaster.master][INFO] 2017-09-20 17:51:58,492: +PARAM [/image/compressedDepth/depth_max] by /image_converter
[rosmaster.master][INFO] 2017-09-20 17:51:58,494: +PARAM [/image/compressedDepth/depth_quantization] by /image_converter
[rosmaster.master][INFO] 2017-09-20 17:51:58,496: +PARAM [/image/compressedDepth/png_level] by /image_converter
[rosmaster.master][INFO] 2017-09-20 17:51:58,524: +PUB [/image_marked/compressedDepth] /view http://ubuntu:42997/
[rosmaster.master][INFO] 2017-09-20 17:51:58,524: +SERVICE [/image_marked/compressedDepth/set_parameters] /view http://ubuntu:42997/
[rosmaster.master][INFO] 2017-09-20 17:51:58,525: +PUB [/image_marked/compressedDepth/parameter_descriptions] /view http://ubuntu:42997/
[rosmaster.master][INFO] 2017-09-20 17:51:58,528: +PUB [/image_marked/compressedDepth/parameter_updates] /view http://ubuntu:42997/
[rosmaster.master][INFO] 2017-09-20 17:51:58,530: +PARAM [/image_marked/compressedDepth/depth_max] by /view
[rosmaster.master][INFO] 2017-09-20 17:51:58,531: +PARAM [/image_marked/compressedDepth/depth_quantization] by /view
[rosmaster.master][INFO] 2017-09-20 17:51:58,532: +PARAM [/image_marked/compressedDepth/png_level] by /view
[rosmaster.master][INFO] 2017-09-20 17:51:58,536: +PARAM [/image_marked/compressedDepth/depth_max] by /view
[rosmaster.master][INFO] 2017-09-20 17:51:58,537: +PARAM [/image_marked/compressedDepth/depth_quantization] by /view
[rosmaster.master][INFO] 2017-09-20 17:51:58,537: +PARAM [/image_marked/compressedDepth/png_level] by /view
[rosmaster.master][INFO] 2017-09-20 17:51:58,561: +PUB [/image/compressed] /image_converter http://ubuntu:39510/
[rosmaster.master][INFO] 2017-09-20 17:51:58,562: +SERVICE [/image/compressed/set_parameters] /image_converter http://ubuntu:39510/
[rosmaster.master][INFO] 2017-09-20 17:51:58,563: +PUB [/image/compressed/parameter_descriptions] /image_converter http://ubuntu:39510/
[rosmaster.master][INFO] 2017-09-20 17:51:58,564: +PUB [/image/compressed/parameter_updates] /image_converter http://ubuntu:39510/
[rosmaster.master][INFO] 2017-09-20 17:51:58,568: +PARAM [/image/compressed/format] by /image_converter
[rosmaster.master][INFO] 2017-09-20 17:51:58,569: +PARAM [/image/compressed/jpeg_quality] by /image_converter
[rosmaster.master][INFO] 2017-09-20 17:51:58,572: +PARAM [/image/compressed/png_level] by /image_converter
[rosmaster.master][INFO] 2017-09-20 17:51:58,573: +PARAM [/image/compressed/format] by /image_converter
[rosmaster.master][INFO] 2017-09-20 17:51:58,574: +PARAM [/image/compressed/jpeg_quality] by /image_converter
[rosmaster.master][INFO] 2017-09-20 17:51:58,576: +PARAM [/image/compressed/png_level] by /image_converter
[rosmaster.master][INFO] 2017-09-20 17:51:58,597: +PUB [/image_marked/compressed] /view http://ubuntu:42997/
[rosmaster.master][INFO] 2017-09-20 17:51:58,598: +SERVICE [/image_marked/compressed/set_parameters] /view http://ubuntu:42997/
[rosmaster.master][INFO] 2017-09-20 17:51:58,599: +PUB [/image_marked/compressed/parameter_descriptions] /view http://ubuntu:42997/
[rosmaster.master][INFO] 2017-09-20 17:51:58,600: +PUB [/image_marked/compressed/parameter_updates] /view http://ubuntu:42997/
[rosmaster.master][INFO] 2017-09-20 17:51:58,602: +PARAM [/image_marked/compressed/format] by /view
[rosmaster.master][INFO] 2017-09-20 17:51:58,605: +PARAM [/image_marked/compressed/jpeg_quality] by /view
[rosmaster.master][INFO] 2017-09-20 17:51:58,606: +PARAM [/image_marked/compressed/png_level] by /view
[rosmaster.master][INFO] 2017-09-20 17:51:58,607: +PARAM [/image_marked/compressed/format] by /view
[rosmaster.master][INFO] 2017-09-20 17:51:58,608: +PARAM [/image_marked/compressed/jpeg_quality] by /view
[rosmaster.master][INFO] 2017-09-20 17:51:58,611: +PARAM [/image_marked/compressed/png_level] by /view
[rosmaster.master][INFO] 2017-09-20 17:51:58,633: +PUB [/image] /image_converter http://ubuntu:39510/
[rosmaster.master][INFO] 2017-09-20 17:51:58,676: +PUB [/image_marked] /view http://ubuntu:42997/
[rosmaster.master][INFO] 2017-09-20 17:51:58,716: +PUB [/image/theora] /image_converter http://ubuntu:39510/
[rosmaster.master][INFO] 2017-09-20 17:51:58,717: +SERVICE [/image/theora/set_parameters] /image_converter http://ubuntu:39510/
[rosmaster.master][INFO] 2017-09-20 17:51:58,718: +PUB [/image/theora/parameter_descriptions] /image_converter http://ubuntu:39510/
[rosmaster.master][INFO] 2017-09-20 17:51:58,719: +PUB [/image/theora/parameter_updates] /image_converter http://ubuntu:39510/
[rosmaster.master][INFO] 2017-09-20 17:51:58,728: +PARAM [/image/theora/optimize_for] by /image_converter
[rosmaster.master][INFO] 2017-09-20 17:51:58,728: +PUB [/camera/image_raw/compressedDepth] /camera http://ubuntu:42366/
[rosmaster.master][INFO] 2017-09-20 17:51:58,730: +SERVICE [/camera/image_raw/compressedDepth/set_parameters] /camera http://ubuntu:42366/
[rosmaster.master][INFO] 2017-09-20 17:51:58,730: +PARAM [/image/theora/target_bitrate] by /image_converter
[rosmaster.master][INFO] 2017-09-20 17:51:58,731: +PUB [/camera/image_raw/compressedDepth/parameter_descriptions] /camera http://ubuntu:42366/
[rosmaster.master][INFO] 2017-09-20 17:51:58,733: +PARAM [/image/theora/quality] by /image_converter
[rosmaster.master][INFO] 2017-09-20 17:51:58,733: +PUB [/camera/image_raw/compressedDepth/parameter_updates] /camera http://ubuntu:42366/
[rosmaster.master][INFO] 2017-09-20 17:51:58,737: +PARAM [/image/theora/keyframe_frequency] by /image_converter
[rosmaster.master][INFO] 2017-09-20 17:51:58,738: +PARAM [/image/theora/optimize_for] by /image_converter
[rosmaster.master][INFO] 2017-09-20 17:51:58,741: +PARAM [/image/theora/target_bitrate] by /image_converter
[rosmaster.master][INFO] 2017-09-20 17:51:58,742: +PARAM [/image/theora/quality] by /image_converter
[rosmaster.master][INFO] 2017-09-20 17:51:58,745: +PARAM [/camera/image_raw/compressedDepth/depth_max] by /camera
[rosmaster.master][INFO] 2017-09-20 17:51:58,746: +PARAM [/image/theora/keyframe_frequency] by /image_converter
[rosmaster.master][INFO] 2017-09-20 17:51:58,747: +PARAM [/camera/image_raw/compressedDepth/depth_quantization] by /camera
[rosmaster.master][INFO] 2017-09-20 17:51:58,748: +PARAM [/camera/image_raw/compressedDepth/png_level] by /camera
[rosmaster.master][INFO] 2017-09-20 17:51:58,750: +PARAM [/camera/image_raw/compressedDepth/depth_max] by /camera
[rosmaster.master][INFO] 2017-09-20 17:51:58,752: +PARAM [/camera/image_raw/compressedDepth/depth_quantization] by /camera
[rosmaster.master][INFO] 2017-09-20 17:51:58,753: +PARAM [/camera/image_raw/compressedDepth/png_level] by /camera
[rosmaster.master][INFO] 2017-09-20 17:51:58,761: +PUB [/image_marked/theora] /view http://ubuntu:42997/
[rosmaster.master][INFO] 2017-09-20 17:51:58,762: +SERVICE [/image_marked/theora/set_parameters] /view http://ubuntu:42997/
[rosmaster.master][INFO] 2017-09-20 17:51:58,762: +PUB [/image_marked/theora/parameter_descriptions] /view http://ubuntu:42997/
[rosmaster.master][INFO] 2017-09-20 17:51:58,763: +PUB [/image_marked/theora/parameter_updates] /view http://ubuntu:42997/
[rosmaster.master][INFO] 2017-09-20 17:51:58,766: +PARAM [/image_marked/theora/optimize_for] by /view
[rosmaster.master][INFO] 2017-09-20 17:51:58,768: +PARAM [/image_marked/theora/target_bitrate] by /view
[rosmaster.master][INFO] 2017-09-20 17:51:58,769: +PARAM [/image_marked/theora/quality] by /view
[rosmaster.master][INFO] 2017-09-20 17:51:58,773: +PARAM [/image_marked/theora/keyframe_frequency] by /view
[rosmaster.master][INFO] 2017-09-20 17:51:58,775: +PARAM [/image_marked/theora/optimize_for] by /view
[rosmaster.master][INFO] 2017-09-20 17:51:58,777: +PARAM [/image_marked/theora/target_bitrate] by /view
[rosmaster.master][INFO] 2017-09-20 17:51:58,780: +PARAM [/image_marked/theora/quality] by /view
[rosmaster.master][INFO] 2017-09-20 17:51:58,786: +PARAM [/image_marked/theora/keyframe_frequency] by /view
[rosmaster.master][INFO] 2017-09-20 17:51:58,821: +PUB [/camera/image_raw/compressed] /camera http://ubuntu:42366/
[rosmaster.master][INFO] 2017-09-20 17:51:58,822: +SERVICE [/camera/image_raw/compressed/set_parameters] /camera http://ubuntu:42366/
[rosmaster.master][INFO] 2017-09-20 17:51:58,822: +PUB [/camera/image_raw/compressed/parameter_descriptions] /camera http://ubuntu:42366/
[rosmaster.master][INFO] 2017-09-20 17:51:58,823: +PUB [/camera/image_raw/compressed/parameter_updates] /camera http://ubuntu:42366/
[rosmaster.master][INFO] 2017-09-20 17:51:58,825: +PARAM [/camera/image_raw/compressed/format] by /camera
[rosmaster.master][INFO] 2017-09-20 17:51:58,826: +PARAM [/camera/image_raw/compressed/jpeg_quality] by /camera
[rosmaster.master][INFO] 2017-09-20 17:51:58,829: +PARAM [/camera/image_raw/compressed/png_level] by /camera
[rosmaster.master][INFO] 2017-09-20 17:51:58,830: +PARAM [/camera/image_raw/compressed/format] by /camera
[rosmaster.master][INFO] 2017-09-20 17:51:58,830: +PARAM [/camera/image_raw/compressed/jpeg_quality] by /camera
[rosmaster.master][INFO] 2017-09-20 17:51:58,833: +PARAM [/camera/image_raw/compressed/png_level] by /camera
[rosmaster.master][INFO] 2017-09-20 17:51:58,843: +PUB [/image/marked/compressedDepth] /view http://ubuntu:42997/
[rosmaster.master][INFO] 2017-09-20 17:51:58,844: +SERVICE [/image/marked/compressedDepth/set_parameters] /view http://ubuntu:42997/
[rosmaster.master][INFO] 2017-09-20 17:51:58,845: +PUB [/image/marked/compressedDepth/parameter_descriptions] /view http://ubuntu:42997/
[rosmaster.master][INFO] 2017-09-20 17:51:58,846: +PUB [/image/marked/compressedDepth/parameter_updates] /view http://ubuntu:42997/
[rosmaster.master][INFO] 2017-09-20 17:51:58,850: +PARAM [/image/marked/compressedDepth/depth_max] by /view
[rosmaster.master][INFO] 2017-09-20 17:51:58,851: +PARAM [/image/marked/compressedDepth/depth_quantization] by /view
[rosmaster.master][INFO] 2017-09-20 17:51:58,851: +PARAM [/image/marked/compressedDepth/png_level] by /view
[rosmaster.master][INFO] 2017-09-20 17:51:58,853: +PARAM [/image/marked/compressedDepth/depth_max] by /view
[rosmaster.master][INFO] 2017-09-20 17:51:58,854: +PARAM [/image/marked/compressedDepth/depth_quantization] by /view
[rosmaster.master][INFO] 2017-09-20 17:51:58,857: +PARAM [/image/marked/compressedDepth/png_level] by /view
[rosmaster.master][INFO] 2017-09-20 17:51:58,893: +PUB [/camera/image_raw] /camera http://ubuntu:42366/
[rosmaster.master][INFO] 2017-09-20 17:51:58,909: +PUB [/image/marked/compressed] /view http://ubuntu:42997/
[rosmaster.master][INFO] 2017-09-20 17:51:58,910: +SERVICE [/image/marked/compressed/set_parameters] /view http://ubuntu:42997/
[rosmaster.master][INFO] 2017-09-20 17:51:58,911: +PUB [/image/marked/compressed/parameter_descriptions] /view http://ubuntu:42997/
[rosmaster.master][INFO] 2017-09-20 17:51:58,911: +PUB [/image/marked/compressed/parameter_updates] /view http://ubuntu:42997/
[rosmaster.master][INFO] 2017-09-20 17:51:58,913: +PARAM [/image/marked/compressed/format] by /view
[rosmaster.master][INFO] 2017-09-20 17:51:58,914: +PARAM [/image/marked/compressed/jpeg_quality] by /view
[rosmaster.master][INFO] 2017-09-20 17:51:58,915: +PARAM [/image/marked/compressed/png_level] by /view
[rosmaster.master][INFO] 2017-09-20 17:51:58,915: +PARAM [/image/marked/compressed/format] by /view
[rosmaster.master][INFO] 2017-09-20 17:51:58,916: +PARAM [/image/marked/compressed/jpeg_quality] by /view
[rosmaster.master][INFO] 2017-09-20 17:51:58,917: +PARAM [/image/marked/compressed/png_level] by /view
[rosmaster.master][INFO] 2017-09-20 17:51:58,945: publisherUpdate[/camera/image_raw] -> http://ubuntu:39510/ ['http://ubuntu:42366/']
[rosmaster.master][INFO] 2017-09-20 17:51:58,946: publisherUpdate[/camera/image_raw] -> http://ubuntu:39510/ ['http://ubuntu:42366/']: sec=0.00, result=[1, '', 0]
[rosmaster.master][INFO] 2017-09-20 17:51:58,961: +PUB [/camera/image_raw/theora] /camera http://ubuntu:42366/
[rosmaster.master][INFO] 2017-09-20 17:51:58,962: +SERVICE [/camera/image_raw/theora/set_parameters] /camera http://ubuntu:42366/
[rosmaster.master][INFO] 2017-09-20 17:51:58,963: +PUB [/camera/image_raw/theora/parameter_descriptions] /camera http://ubuntu:42366/
[rosmaster.master][INFO] 2017-09-20 17:51:58,964: +PUB [/camera/image_raw/theora/parameter_updates] /camera http://ubuntu:42366/
[rosmaster.master][INFO] 2017-09-20 17:51:58,966: +PARAM [/camera/image_raw/theora/optimize_for] by /camera
[rosmaster.master][INFO] 2017-09-20 17:51:58,967: +PARAM [/camera/image_raw/theora/target_bitrate] by /camera
[rosmaster.master][INFO] 2017-09-20 17:51:58,968: +PARAM [/camera/image_raw/theora/quality] by /camera
[rosmaster.master][INFO] 2017-09-20 17:51:58,968: +PARAM [/camera/image_raw/theora/keyframe_frequency] by /camera
[rosmaster.master][INFO] 2017-09-20 17:51:58,969: +PARAM [/camera/image_raw/theora/optimize_for] by /camera
[rosmaster.master][INFO] 2017-09-20 17:51:58,970: +PARAM [/camera/image_raw/theora/target_bitrate] by /camera
[rosmaster.master][INFO] 2017-09-20 17:51:58,972: +PARAM [/camera/image_raw/theora/quality] by /camera
[rosmaster.master][INFO] 2017-09-20 17:51:58,972: +PARAM [/camera/image_raw/theora/keyframe_frequency] by /camera
[rosmaster.master][INFO] 2017-09-20 17:51:58,974: +PUB [/camera/camera_info] /camera http://ubuntu:42366/
[rosmaster.master][INFO] 2017-09-20 17:51:58,975: +PUB [/image/marked] /view http://ubuntu:42997/
[rosmaster.master][INFO] 2017-09-20 17:51:59,013: +PUB [/image/marked/theora] /view http://ubuntu:42997/
[rosmaster.master][INFO] 2017-09-20 17:51:59,014: +SERVICE [/image/marked/theora/set_parameters] /view http://ubuntu:42997/
[rosmaster.master][INFO] 2017-09-20 17:51:59,015: +PUB [/image/marked/theora/parameter_descriptions] /view http://ubuntu:42997/
[rosmaster.master][INFO] 2017-09-20 17:51:59,016: +PUB [/image/marked/theora/parameter_updates] /view http://ubuntu:42997/
[rosmaster.master][INFO] 2017-09-20 17:51:59,018: +PARAM [/image/marked/theora/optimize_for] by /view
[rosmaster.master][INFO] 2017-09-20 17:51:59,019: +PARAM [/image/marked/theora/target_bitrate] by /view
[rosmaster.master][INFO] 2017-09-20 17:51:59,019: +PARAM [/image/marked/theora/quality] by /view
[rosmaster.master][INFO] 2017-09-20 17:51:59,020: +PARAM [/image/marked/theora/keyframe_frequency] by /view
[rosmaster.master][INFO] 2017-09-20 17:51:59,021: +PARAM [/image/marked/theora/optimize_for] by /view
[rosmaster.master][INFO] 2017-09-20 17:51:59,021: +PARAM [/image/marked/theora/target_bitrate] by /view
[rosmaster.master][INFO] 2017-09-20 17:51:59,022: +PARAM [/image/marked/theora/quality] by /view
[rosmaster.master][INFO] 2017-09-20 17:51:59,023: +PARAM [/image/marked/theora/keyframe_frequency] by /view
[rosmaster.master][INFO] 2017-09-20 17:51:59,052: +SUB [/image] /view http://ubuntu:42997/
[rosmaster.master][INFO] 2017-09-20 17:51:59,055: +SUB [/camera_info] /view http://ubuntu:42997/
[rosmaster.master][INFO] 2017-09-20 17:51:59,058: +SUB [/image_marker] /view http://ubuntu:42997/
[rosmaster.master][INFO] 2017-09-20 17:51:59,062: +SUB [/image/event] /view http://ubuntu:42997/
[rosmaster.master][INFO] 2017-09-20 17:51:59,062: +SERVICE [/view/change_mode] /view http://ubuntu:42997/
[rosmaster.master][INFO] 2017-09-20 17:51:59,063: +SERVICE [/view/rectangle_mode] /view http://ubuntu:42997/
[rosmaster.master][INFO] 2017-09-20 17:51:59,064: +SERVICE [/view/grabcut_mode] /view http://ubuntu:42997/
[rosmaster.master][INFO] 2017-09-20 17:51:59,064: +SERVICE [/view/grabcut_rect_mode] /view http://ubuntu:42997/
[rosmaster.master][INFO] 2017-09-20 17:51:59,065: +SERVICE [/view/line_mode] /view http://ubuntu:42997/
[rosmaster.master][INFO] 2017-09-20 17:51:59,066: +SERVICE [/view/poly_mode] /view http://ubuntu:42997/
[rosmaster.master][INFO] 2017-09-20 17:51:59,066: +SERVICE [/view/none_mode] /view http://ubuntu:42997/
[rosmaster.master][INFO] 2017-09-20 17:51:59,067: +SERVICE [/view/set_parameters] /view http://ubuntu:42997/
[rosmaster.master][INFO] 2017-09-20 17:51:59,068: +PUB [/view/parameter_descriptions] /view http://ubuntu:42997/
[rosmaster.master][INFO] 2017-09-20 17:51:59,069: +PUB [/view/parameter_updates] /view http://ubuntu:42997/
[rosmaster.master][INFO] 2017-09-20 17:51:59,074: +PARAM [/view/grid] by /view
[rosmaster.master][INFO] 2017-09-20 17:51:59,075: +PARAM [/view/fisheye_mode] by /view
[rosmaster.master][INFO] 2017-09-20 17:51:59,075: +PARAM [/view/div_u] by /view
[rosmaster.master][INFO] 2017-09-20 17:51:59,076: +PARAM [/view/div_v] by /view
[rosmaster.master][INFO] 2017-09-20 17:51:59,076: +PARAM [/view/grid_red] by /view
[rosmaster.master][INFO] 2017-09-20 17:51:59,077: +PARAM [/view/grid_green] by /view
[rosmaster.master][INFO] 2017-09-20 17:51:59,078: +PARAM [/view/grid_blue] by /view
[rosmaster.master][INFO] 2017-09-20 17:51:59,078: +PARAM [/view/grid_thickness] by /view
[rosmaster.master][INFO] 2017-09-20 17:51:59,079: +PARAM [/view/grid_space] by /view
[rosmaster.master][INFO] 2017-09-20 17:51:59,080: +PARAM [/view/grid] by /view
[rosmaster.master][INFO] 2017-09-20 17:51:59,080: +PARAM [/view/fisheye_mode] by /view
[rosmaster.master][INFO] 2017-09-20 17:51:59,081: +PARAM [/view/div_u] by /view
[rosmaster.master][INFO] 2017-09-20 17:51:59,082: +PARAM [/view/div_v] by /view
[rosmaster.master][INFO] 2017-09-20 17:51:59,082: +PARAM [/view/grid_red] by /view
[rosmaster.master][INFO] 2017-09-20 17:51:59,083: +PARAM [/view/grid_green] by /view
[rosmaster.master][INFO] 2017-09-20 17:51:59,084: +PARAM [/view/grid_blue] by /view
[rosmaster.master][INFO] 2017-09-20 17:51:59,084: +PARAM [/view/grid_thickness] by /view
[rosmaster.master][INFO] 2017-09-20 17:51:59,085: +PARAM [/view/grid_space] by /view
[rosmaster.master][INFO] 2017-09-20 17:52:04,112: -PUB [/rosout] /image_converter http://ubuntu:39510/
[rosmaster.master][INFO] 2017-09-20 17:52:04,116: -PUB [/image/compressedDepth] /image_converter http://ubuntu:39510/
[rosmaster.master][INFO] 2017-09-20 17:52:04,121: -PUB [/image/compressedDepth/parameter_descriptions] /image_converter http://ubuntu:39510/
[rosmaster.master][INFO] 2017-09-20 17:52:04,122: -PUB [/image/compressedDepth/parameter_updates] /image_converter http://ubuntu:39510/
[rosmaster.master][INFO] 2017-09-20 17:52:04,124: -PUB [/image/compressed] /image_converter http://ubuntu:39510/
[rosmaster.master][INFO] 2017-09-20 17:52:04,129: -PUB [/image/compressed/parameter_descriptions] /image_converter http://ubuntu:39510/
[rosmaster.master][INFO] 2017-09-20 17:52:04,136: -PUB [/image/compressed/parameter_updates] /image_converter http://ubuntu:39510/
[rosmaster.master][INFO] 2017-09-20 17:52:04,144: -PUB [/image] /image_converter http://ubuntu:39510/
[rosmaster.master][INFO] 2017-09-20 17:52:04,144: -PUB [/image/theora] /image_converter http://ubuntu:39510/
[rosmaster.master][INFO] 2017-09-20 17:52:04,148: -PUB [/image/theora/parameter_descriptions] /image_converter http://ubuntu:39510/
[rosmaster.master][INFO] 2017-09-20 17:52:04,152: -PUB [/image/theora/parameter_updates] /image_converter http://ubuntu:39510/
[rosmaster.master][INFO] 2017-09-20 17:52:04,162: -SUB [/camera/image_raw] /image_converter http://ubuntu:39510/
[rosmaster.master][INFO] 2017-09-20 17:52:04,166: -SERVICE [/image_converter/get_loggers] /image_converter rosrpc://ubuntu:50084
[rosmaster.master][INFO] 2017-09-20 17:52:04,169: -SERVICE [/image_converter/set_logger_level] /image_converter rosrpc://ubuntu:50084
[rosmaster.master][INFO] 2017-09-20 17:52:04,171: publisherUpdate[/rosout] -> http://ubuntu:44054/ ['http://ubuntu:42366/', 'http://ubuntu:42997/']
[rosmaster.master][INFO] 2017-09-20 17:52:04,171: publisherUpdate[/image] -> http://ubuntu:42997/ []
[rosmaster.master][INFO] 2017-09-20 17:52:04,172: publisherUpdate[/rosout] -> http://ubuntu:44054/ ['http://ubuntu:42366/', 'http://ubuntu:42997/']: sec=0.00, result=[1, '', 0]
[rosmaster.master][INFO] 2017-09-20 17:52:04,173: -SERVICE [/image/compressedDepth/set_parameters] /image_converter rosrpc://ubuntu:50084
[rosmaster.master][INFO] 2017-09-20 17:52:04,175: publisherUpdate[/image] -> http://ubuntu:42997/ []: sec=0.00, result=[0, 'Unable to convert bgr8 image to bgr8', 0]
[rosmaster.master][INFO] 2017-09-20 17:52:04,181: -SERVICE [/image/compressed/set_parameters] /image_converter rosrpc://ubuntu:50084
[rosmaster.master][INFO] 2017-09-20 17:52:04,182: -PUB [/rosout] /camera http://ubuntu:42366/
[rosmaster.master][INFO] 2017-09-20 17:52:04,188: -SERVICE [/image/theora/set_parameters] /image_converter rosrpc://ubuntu:50084
[rosmaster.master][INFO] 2017-09-20 17:52:04,192: -PUB [/camera/image_raw/compressedDepth] /camera http://ubuntu:42366/
[rosmaster.master][INFO] 2017-09-20 17:52:04,193: -PUB [/camera/image_raw/compressedDepth/parameter_descriptions] /camera http://ubuntu:42366/
[rosmaster.master][INFO] 2017-09-20 17:52:04,198: -PUB [/camera/image_raw/compressedDepth/parameter_updates] /camera http://ubuntu:42366/
[rosmaster.master][INFO] 2017-09-20 17:52:04,205: -PUB [/camera/image_raw/compressed] /camera http://ubuntu:42366/
[rosmaster.master][INFO] 2017-09-20 17:52:04,211: -PUB [/camera/image_raw/compressed/parameter_descriptions] /camera http://ubuntu:42366/
[rosmaster.master][INFO] 2017-09-20 17:52:04,218: -PUB [/camera/image_raw/compressed/parameter_updates] /camera http://ubuntu:42366/
[rosmaster.master][INFO] 2017-09-20 17:52:04,219: -PUB [/camera/image_raw] /camera http://ubuntu:42366/
[rosmaster.master][INFO] 2017-09-20 17:52:04,223: -PUB [/camera/image_raw/theora] /camera http://ubuntu:42366/
[rosmaster.master][INFO] 2017-09-20 17:52:04,229: -PUB [/camera/image_raw/theora/parameter_descriptions] /camera http://ubuntu:42366/
[rosmaster.master][INFO] 2017-09-20 17:52:04,231: -PUB [/camera/image_raw/theora/parameter_updates] /camera http://ubuntu:42366/
[rosmaster.master][INFO] 2017-09-20 17:52:04,234: -PUB [/camera/camera_info] /camera http://ubuntu:42366/
[rosmaster.master][INFO] 2017-09-20 17:52:04,247: -SERVICE [/camera/get_loggers] /camera rosrpc://ubuntu:47363
[rosmaster.master][INFO] 2017-09-20 17:52:04,249: -SERVICE [/camera/set_logger_level] /camera rosrpc://ubuntu:47363
[rosmaster.master][INFO] 2017-09-20 17:52:04,253: -SERVICE [/camera/set_camera_info] /camera rosrpc://ubuntu:47363
[rosmaster.master][INFO] 2017-09-20 17:52:04,258: -SERVICE [/camera/image_raw/compressedDepth/set_parameters] /camera rosrpc://ubuntu:47363
[rosmaster.master][INFO] 2017-09-20 17:52:04,264: -SERVICE [/camera/image_raw/compressed/set_parameters] /camera rosrpc://ubuntu:47363
[rosmaster.master][INFO] 2017-09-20 17:52:04,265: -SERVICE [/camera/image_raw/theora/set_parameters] /camera rosrpc://ubuntu:47363
[rosmaster.master][INFO] 2017-09-20 17:52:04,273: publisherUpdate[/rosout] -> http://ubuntu:44054/ ['http://ubuntu:42997/']
[rosmaster.master][INFO] 2017-09-20 17:52:04,273: publisherUpdate[/rosout] -> http://ubuntu:44054/ ['http://ubuntu:42997/']: sec=0.00, result=[1, '', 0]
[rosmaster.master][INFO] 2017-09-20 17:52:04,275: -PUB [/rosout] /view http://ubuntu:42997/
[rosmaster.master][INFO] 2017-09-20 17:52:04,276: publisherUpdate[/rosout] -> http://ubuntu:44054/ []
[rosmaster.master][INFO] 2017-09-20 17:52:04,281: publisherUpdate[/rosout] -> http://ubuntu:44054/ []: sec=0.00, result=[1, '', 0]
[rosmaster.master][INFO] 2017-09-20 17:52:04,282: -PUB [/image/screenpoint] /view http://ubuntu:42997/
[rosmaster.master][INFO] 2017-09-20 17:52:04,284: -PUB [/image/screenpoint_array] /view http://ubuntu:42997/
[rosmaster.master][INFO] 2017-09-20 17:52:04,287: -PUB [/image/screenrectangle] /view http://ubuntu:42997/
[rosmaster.master][INFO] 2017-09-20 17:52:04,290: -PUB [/image/screenrectangle_image] /view http://ubuntu:42997/
[rosmaster.master][INFO] 2017-09-20 17:52:04,294: -PUB [/image/movepoint] /view http://ubuntu:42997/
[rosmaster.master][INFO] 2017-09-20 17:52:04,295: -PUB [/image/foreground] /view http://ubuntu:42997/
[rosmaster.master][INFO] 2017-09-20 17:52:04,297: -PUB [/image/background] /view http://ubuntu:42997/
[rosmaster.master][INFO] 2017-09-20 17:52:04,299: -PUB [/image/foreground_rect] /view http://ubuntu:42997/
[rosmaster.master][INFO] 2017-09-20 17:52:04,300: -PUB [/image/background_rect] /view http://ubuntu:42997/
[rosmaster.master][INFO] 2017-09-20 17:52:04,301: -PUB [/image/line] /view http://ubuntu:42997/
[rosmaster.master][INFO] 2017-09-20 17:52:04,302: -PUB [/image/poly] /view http://ubuntu:42997/
[rosmaster.master][INFO] 2017-09-20 17:52:04,303: -PUB [/image_marked/compressedDepth] /view http://ubuntu:42997/
[rosmaster.master][INFO] 2017-09-20 17:52:04,305: -PUB [/image_marked/compressedDepth/parameter_descriptions] /view http://ubuntu:42997/
[rosmaster.master][INFO] 2017-09-20 17:52:04,306: -PUB [/image_marked/compressedDepth/parameter_updates] /view http://ubuntu:42997/
[rosmaster.master][INFO] 2017-09-20 17:52:04,307: -PUB [/image_marked/compressed] /view http://ubuntu:42997/
[rosmaster.master][INFO] 2017-09-20 17:52:04,309: -PUB [/image_marked/compressed/parameter_descriptions] /view http://ubuntu:42997/
[rosmaster.master][INFO] 2017-09-20 17:52:04,310: -PUB [/image_marked/compressed/parameter_updates] /view http://ubuntu:42997/
[rosmaster.master][INFO] 2017-09-20 17:52:04,311: -PUB [/image_marked] /view http://ubuntu:42997/
[rosmaster.master][INFO] 2017-09-20 17:52:04,313: -PUB [/image_marked/theora] /view http://ubuntu:42997/
[rosmaster.master][INFO] 2017-09-20 17:52:04,313: -PUB [/image_marked/theora/parameter_descriptions] /view http://ubuntu:42997/
[rosmaster.master][INFO] 2017-09-20 17:52:04,315: -PUB [/image_marked/theora/parameter_updates] /view http://ubuntu:42997/
[rosmaster.master][INFO] 2017-09-20 17:52:04,316: -PUB [/image/marked/compressedDepth] /view http://ubuntu:42997/
[rosmaster.master][INFO] 2017-09-20 17:52:04,317: -PUB [/image/marked/compressedDepth/parameter_descriptions] /view http://ubuntu:42997/
[rosmaster.master][INFO] 2017-09-20 17:52:04,319: -PUB [/image/marked/compressedDepth/parameter_updates] /view http://ubuntu:42997/
[rosmaster.master][INFO] 2017-09-20 17:52:04,320: -PUB [/image/marked/compressed] /view http://ubuntu:42997/
[rosmaster.master][INFO] 2017-09-20 17:52:04,320: -PUB [/image/marked/compressed/parameter_descriptions] /view http://ubuntu:42997/
[rosmaster.master][INFO] 2017-09-20 17:52:04,321: -PUB [/image/marked/compressed/parameter_updates] /view http://ubuntu:42997/
[rosmaster.master][INFO] 2017-09-20 17:52:04,323: -PUB [/image/marked] /view http://ubuntu:42997/
[rosmaster.master][INFO] 2017-09-20 17:52:04,324: -PUB [/image/marked/theora] /view http://ubuntu:42997/
[rosmaster.master][INFO] 2017-09-20 17:52:04,326: -PUB [/image/marked/theora/parameter_descriptions] /view http://ubuntu:42997/
[rosmaster.master][INFO] 2017-09-20 17:52:04,327: -PUB [/image/marked/theora/parameter_updates] /view http://ubuntu:42997/
[rosmaster.master][INFO] 2017-09-20 17:52:04,328: -PUB [/view/parameter_descriptions] /view http://ubuntu:42997/
[rosmaster.master][INFO] 2017-09-20 17:52:04,328: -PUB [/view/parameter_updates] /view http://ubuntu:42997/
[rosmaster.master][INFO] 2017-09-20 17:52:04,331: -SUB [/tf] /view http://ubuntu:42997/
[rosmaster.master][INFO] 2017-09-20 17:52:04,332: -SUB [/tf_static] /view http://ubuntu:42997/
[rosmaster.master][INFO] 2017-09-20 17:52:04,332: -SUB [/image] /view http://ubuntu:42997/
[rosmaster.master][INFO] 2017-09-20 17:52:04,333: -SUB [/camera_info] /view http://ubuntu:42997/
[rosmaster.master][INFO] 2017-09-20 17:52:04,335: -SUB [/image_marker] /view http://ubuntu:42997/
[rosmaster.master][INFO] 2017-09-20 17:52:04,335: -SUB [/image/event] /view http://ubuntu:42997/
[rosmaster.master][INFO] 2017-09-20 17:52:04,336: -SERVICE [/view/get_loggers] /view rosrpc://ubuntu:41775
[rosmaster.master][INFO] 2017-09-20 17:52:04,338: -SERVICE [/view/set_logger_level] /view rosrpc://ubuntu:41775
[rosmaster.master][INFO] 2017-09-20 17:52:04,339: -SERVICE [/image_marked/compressedDepth/set_parameters] /view rosrpc://ubuntu:41775
[rosmaster.master][INFO] 2017-09-20 17:52:04,340: -SERVICE [/image_marked/compressed/set_parameters] /view rosrpc://ubuntu:41775
[rosmaster.master][INFO] 2017-09-20 17:52:04,341: -SERVICE [/image_marked/theora/set_parameters] /view rosrpc://ubuntu:41775
[rosmaster.master][INFO] 2017-09-20 17:52:04,343: -SERVICE [/image/marked/compressedDepth/set_parameters] /view rosrpc://ubuntu:41775
[rosmaster.master][INFO] 2017-09-20 17:52:04,347: -SERVICE [/image/marked/compressed/set_parameters] /view rosrpc://ubuntu:41775
[rosmaster.master][INFO] 2017-09-20 17:52:04,348: -SERVICE [/image/marked/theora/set_parameters] /view rosrpc://ubuntu:41775
[rosmaster.master][INFO] 2017-09-20 17:52:04,351: -SERVICE [/view/change_mode] /view rosrpc://ubuntu:41775
[rosmaster.master][INFO] 2017-09-20 17:52:04,351: -SERVICE [/view/rectangle_mode] /view rosrpc://ubuntu:41775
[rosmaster.master][INFO] 2017-09-20 17:52:04,352: -SERVICE [/view/grabcut_mode] /view rosrpc://ubuntu:41775
[rosmaster.master][INFO] 2017-09-20 17:52:04,354: -SERVICE [/view/grabcut_rect_mode] /view rosrpc://ubuntu:41775
[rosmaster.master][INFO] 2017-09-20 17:52:04,354: -SERVICE [/view/line_mode] /view rosrpc://ubuntu:41775
[rosmaster.master][INFO] 2017-09-20 17:52:04,355: -SERVICE [/view/poly_mode] /view rosrpc://ubuntu:41775
[rosmaster.master][INFO] 2017-09-20 17:52:04,356: -SERVICE [/view/none_mode] /view rosrpc://ubuntu:41775
[rosmaster.master][INFO] 2017-09-20 17:52:04,358: -SERVICE [/view/set_parameters] /view rosrpc://ubuntu:41775
[rosmaster.master][INFO] 2017-09-20 17:52:04,781: -PUB [/rosout_agg] /rosout http://ubuntu:44054/
[rosmaster.master][INFO] 2017-09-20 17:52:04,782: -SUB [/rosout] /rosout http://ubuntu:44054/
[rosmaster.master][INFO] 2017-09-20 17:52:04,782: -SERVICE [/rosout/get_loggers] /rosout rosrpc://ubuntu:44006
[rosmaster.master][INFO] 2017-09-20 17:52:04,783: -SERVICE [/rosout/set_logger_level] /rosout rosrpc://ubuntu:44006
[rosmaster.main][INFO] 2017-09-20 17:52:04,799: keyboard interrupt, will exit
[rosmaster.main][INFO] 2017-09-20 17:52:04,799: stopping master...
[rospy.core][INFO] 2017-09-20 17:52:04,800: signal_shutdown [atexit]
