[rosmaster.main][INFO] 2017-09-21 19:39:45,178: initialization complete, waiting for shutdown
[rosmaster.main][INFO] 2017-09-21 19:39:45,178: Starting ROS Master Node
[xmlrpc][INFO] 2017-09-21 19:39:45,179: XML-RPC server binding to 0.0.0.0:11311
[rosmaster.master][INFO] 2017-09-21 19:39:45,180: Master initialized: port[11311], uri[http://ubuntu:11311/]
[xmlrpc][INFO] 2017-09-21 19:39:45,179: Started XML-RPC server [http://ubuntu:11311/]
[xmlrpc][INFO] 2017-09-21 19:39:45,180: xml rpc node: starting XML-RPC server
[rosmaster.master][INFO] 2017-09-21 19:39:45,231: +PARAM [/run_id] by /roslaunch
[rosmaster.master][INFO] 2017-09-21 19:39:45,233: +PARAM [/roslaunch/uris/host_ubuntu__36102] by /roslaunch
[rosmaster.master][INFO] 2017-09-21 19:39:45,303: +PARAM [/rosversion] by /roslaunch
[rosmaster.master][INFO] 2017-09-21 19:39:45,303: +PARAM [/rosdistro] by /roslaunch
[rosmaster.master][INFO] 2017-09-21 19:39:45,303: +PARAM [/camera/device_id] by /roslaunch
[rosmaster.master][INFO] 2017-09-21 19:39:45,314: +SERVICE [/rosout/get_loggers] /rosout http://ubuntu:44933/
[rosmaster.master][INFO] 2017-09-21 19:39:45,315: +SERVICE [/rosout/set_logger_level] /rosout http://ubuntu:44933/
[rosmaster.master][INFO] 2017-09-21 19:39:45,317: +PUB [/rosout_agg] /rosout http://ubuntu:44933/
[rosmaster.master][INFO] 2017-09-21 19:39:45,336: +SUB [/rosout] /rosout http://ubuntu:44933/
[rosmaster.master][INFO] 2017-09-21 19:39:45,434: +PUB [/rosout] /image_converter http://ubuntu:46113/
[rosmaster.master][INFO] 2017-09-21 19:39:45,435: +SERVICE [/image_converter/get_loggers] /image_converter http://ubuntu:46113/
[rosmaster.master][INFO] 2017-09-21 19:39:45,436: +SERVICE [/image_converter/set_logger_level] /image_converter http://ubuntu:46113/
[rosmaster.master][INFO] 2017-09-21 19:39:45,474: +PUB [/rosout] /camera http://ubuntu:45783/
[rosmaster.master][INFO] 2017-09-21 19:39:45,475: +SERVICE [/camera/get_loggers] /camera http://ubuntu:45783/
[rosmaster.master][INFO] 2017-09-21 19:39:45,476: +PUB [/rosout] /view http://ubuntu:35139/
[rosmaster.master][INFO] 2017-09-21 19:39:45,477: +SERVICE [/view/get_loggers] /view http://ubuntu:35139/
[rosmaster.master][INFO] 2017-09-21 19:39:45,477: +SERVICE [/camera/set_logger_level] /camera http://ubuntu:45783/
[rosmaster.master][INFO] 2017-09-21 19:39:45,478: +SERVICE [/view/set_logger_level] /view http://ubuntu:35139/
[rosmaster.master][INFO] 2017-09-21 19:39:45,481: publisherUpdate[/rosout] -> http://ubuntu:44933/ ['http://ubuntu:46113/']
[rosmaster.master][INFO] 2017-09-21 19:39:45,487: publisherUpdate[/rosout] -> http://ubuntu:44933/ ['http://ubuntu:46113/']: sec=0.01, result=[1, '', 0]
[rosmaster.master][INFO] 2017-09-21 19:39:45,487: publisherUpdate[/rosout] -> http://ubuntu:44933/ ['http://ubuntu:46113/', 'http://ubuntu:45783/']
[rosmaster.master][INFO] 2017-09-21 19:39:45,487: publisherUpdate[/rosout] -> http://ubuntu:44933/ ['http://ubuntu:46113/', 'http://ubuntu:45783/']: sec=0.00, result=[1, '', 0]
[rosmaster.master][INFO] 2017-09-21 19:39:45,488: publisherUpdate[/rosout] -> http://ubuntu:44933/ ['http://ubuntu:46113/', 'http://ubuntu:45783/', 'http://ubuntu:35139/']
[rosmaster.master][INFO] 2017-09-21 19:39:45,488: publisherUpdate[/rosout] -> http://ubuntu:44933/ ['http://ubuntu:46113/', 'http://ubuntu:45783/', 'http://ubuntu:35139/']: sec=0.00, result=[1, '', 0]
[rosmaster.master][INFO] 2017-09-21 19:39:45,502: +SUB [/tf] /view http://ubuntu:35139/
[rosmaster.master][INFO] 2017-09-21 19:39:45,512: +SUB [/tf_static] /view http://ubuntu:35139/
[rosmaster.master][INFO] 2017-09-21 19:39:45,553: +SERVICE [/camera/set_camera_info] /camera http://ubuntu:45783/
[rosmaster.master][INFO] 2017-09-21 19:39:45,567: +PUB [/image/screenpoint] /view http://ubuntu:35139/
[rosmaster.master][INFO] 2017-09-21 19:39:45,570: +PUB [/image/screenpoint_array] /view http://ubuntu:35139/
[rosmaster.master][INFO] 2017-09-21 19:39:45,571: +PUB [/image/screenrectangle] /view http://ubuntu:35139/
[rosmaster.master][INFO] 2017-09-21 19:39:45,572: +PUB [/image/screenrectangle_image] /view http://ubuntu:35139/
[rosmaster.master][INFO] 2017-09-21 19:39:45,572: +PUB [/image/movepoint] /view http://ubuntu:35139/
[rosmaster.master][INFO] 2017-09-21 19:39:45,573: +PUB [/image/foreground] /view http://ubuntu:35139/
[rosmaster.master][INFO] 2017-09-21 19:39:45,574: +PUB [/image/background] /view http://ubuntu:35139/
[rosmaster.master][INFO] 2017-09-21 19:39:45,575: +PUB [/image/foreground_rect] /view http://ubuntu:35139/
[rosmaster.master][INFO] 2017-09-21 19:39:45,577: +PUB [/image/background_rect] /view http://ubuntu:35139/
[rosmaster.master][INFO] 2017-09-21 19:39:45,578: +PUB [/image/line] /view http://ubuntu:35139/
[rosmaster.master][INFO] 2017-09-21 19:39:45,579: +PUB [/image/poly] /view http://ubuntu:35139/
[rosmaster.master][INFO] 2017-09-21 19:39:45,594: +SUB [/camera/image_raw] /image_converter http://ubuntu:46113/
[rosmaster.master][INFO] 2017-09-21 19:39:45,652: +PUB [/image/compressedDepth] /image_converter http://ubuntu:46113/
[rosmaster.master][INFO] 2017-09-21 19:39:45,653: +SERVICE [/image/compressedDepth/set_parameters] /image_converter http://ubuntu:46113/
[rosmaster.master][INFO] 2017-09-21 19:39:45,654: +PUB [/image/compressedDepth/parameter_descriptions] /image_converter http://ubuntu:46113/
[rosmaster.master][INFO] 2017-09-21 19:39:45,654: +PUB [/image/compressedDepth/parameter_updates] /image_converter http://ubuntu:46113/
[rosmaster.master][INFO] 2017-09-21 19:39:45,657: +PARAM [/image/compressedDepth/depth_max] by /image_converter
[rosmaster.master][INFO] 2017-09-21 19:39:45,657: +PUB [/image_marked/compressedDepth] /view http://ubuntu:35139/
[rosmaster.master][INFO] 2017-09-21 19:39:45,658: +PARAM [/image/compressedDepth/depth_quantization] by /image_converter
[rosmaster.master][INFO] 2017-09-21 19:39:45,659: +SERVICE [/image_marked/compressedDepth/set_parameters] /view http://ubuntu:35139/
[rosmaster.master][INFO] 2017-09-21 19:39:45,660: +PARAM [/image/compressedDepth/png_level] by /image_converter
[rosmaster.master][INFO] 2017-09-21 19:39:45,661: +PUB [/image_marked/compressedDepth/parameter_descriptions] /view http://ubuntu:35139/
[rosmaster.master][INFO] 2017-09-21 19:39:45,661: +PARAM [/image/compressedDepth/depth_max] by /image_converter
[rosmaster.master][INFO] 2017-09-21 19:39:45,662: +PUB [/image_marked/compressedDepth/parameter_updates] /view http://ubuntu:35139/
[rosmaster.master][INFO] 2017-09-21 19:39:45,663: +PARAM [/image/compressedDepth/depth_quantization] by /image_converter
[rosmaster.master][INFO] 2017-09-21 19:39:45,664: +PARAM [/image/compressedDepth/png_level] by /image_converter
[rosmaster.master][INFO] 2017-09-21 19:39:45,671: +PARAM [/image_marked/compressedDepth/depth_max] by /view
[rosmaster.master][INFO] 2017-09-21 19:39:45,674: +PARAM [/image_marked/compressedDepth/depth_quantization] by /view
[rosmaster.master][INFO] 2017-09-21 19:39:45,675: +PARAM [/image_marked/compressedDepth/png_level] by /view
[rosmaster.master][INFO] 2017-09-21 19:39:45,676: +PARAM [/image_marked/compressedDepth/depth_max] by /view
[rosmaster.master][INFO] 2017-09-21 19:39:45,677: +PARAM [/image_marked/compressedDepth/depth_quantization] by /view
[rosmaster.master][INFO] 2017-09-21 19:39:45,678: +PARAM [/image_marked/compressedDepth/png_level] by /view
[rosmaster.master][INFO] 2017-09-21 19:39:45,726: +PUB [/image/compressed] /image_converter http://ubuntu:46113/
[rosmaster.master][INFO] 2017-09-21 19:39:45,727: +SERVICE [/image/compressed/set_parameters] /image_converter http://ubuntu:46113/
[rosmaster.master][INFO] 2017-09-21 19:39:45,728: +PUB [/image/compressed/parameter_descriptions] /image_converter http://ubuntu:46113/
[rosmaster.master][INFO] 2017-09-21 19:39:45,729: +PUB [/image/compressed/parameter_updates] /image_converter http://ubuntu:46113/
[rosmaster.master][INFO] 2017-09-21 19:39:45,731: +PARAM [/image/compressed/format] by /image_converter
[rosmaster.master][INFO] 2017-09-21 19:39:45,732: +PARAM [/image/compressed/jpeg_quality] by /image_converter
[rosmaster.master][INFO] 2017-09-21 19:39:45,732: +PARAM [/image/compressed/png_level] by /image_converter
[rosmaster.master][INFO] 2017-09-21 19:39:45,735: +PARAM [/image/compressed/format] by /image_converter
[rosmaster.master][INFO] 2017-09-21 19:39:45,735: +PARAM [/image/compressed/jpeg_quality] by /image_converter
[rosmaster.master][INFO] 2017-09-21 19:39:45,738: +PUB [/image_marked/compressed] /view http://ubuntu:35139/
[rosmaster.master][INFO] 2017-09-21 19:39:45,738: +PARAM [/image/compressed/png_level] by /image_converter
[rosmaster.master][INFO] 2017-09-21 19:39:45,743: +SERVICE [/image_marked/compressed/set_parameters] /view http://ubuntu:35139/
[rosmaster.master][INFO] 2017-09-21 19:39:45,744: +PUB [/image_marked/compressed/parameter_descriptions] /view http://ubuntu:35139/
[rosmaster.master][INFO] 2017-09-21 19:39:45,746: +PUB [/image_marked/compressed/parameter_updates] /view http://ubuntu:35139/
[rosmaster.master][INFO] 2017-09-21 19:39:45,752: +PARAM [/image_marked/compressed/format] by /view
[rosmaster.master][INFO] 2017-09-21 19:39:45,753: +PARAM [/image_marked/compressed/jpeg_quality] by /view
[rosmaster.master][INFO] 2017-09-21 19:39:45,754: +PARAM [/image_marked/compressed/png_level] by /view
[rosmaster.master][INFO] 2017-09-21 19:39:45,758: +PARAM [/image_marked/compressed/format] by /view
[rosmaster.master][INFO] 2017-09-21 19:39:45,758: +PARAM [/image_marked/compressed/jpeg_quality] by /view
[rosmaster.master][INFO] 2017-09-21 19:39:45,759: +PARAM [/image_marked/compressed/png_level] by /view
[rosmaster.master][INFO] 2017-09-21 19:39:45,796: +PUB [/image] /image_converter http://ubuntu:46113/
[rosmaster.master][INFO] 2017-09-21 19:39:45,820: +PUB [/image_marked] /view http://ubuntu:35139/
[rosmaster.master][INFO] 2017-09-21 19:39:45,889: +PUB [/image/theora] /image_converter http://ubuntu:46113/
[rosmaster.master][INFO] 2017-09-21 19:39:45,890: +PUB [/camera/image_raw/compressedDepth] /camera http://ubuntu:45783/
[rosmaster.master][INFO] 2017-09-21 19:39:45,890: +SERVICE [/image/theora/set_parameters] /image_converter http://ubuntu:46113/
[rosmaster.master][INFO] 2017-09-21 19:39:45,891: +SERVICE [/camera/image_raw/compressedDepth/set_parameters] /camera http://ubuntu:45783/
[rosmaster.master][INFO] 2017-09-21 19:39:45,892: +PUB [/camera/image_raw/compressedDepth/parameter_descriptions] /camera http://ubuntu:45783/
[rosmaster.master][INFO] 2017-09-21 19:39:45,893: +PUB [/image/theora/parameter_descriptions] /image_converter http://ubuntu:46113/
[rosmaster.master][INFO] 2017-09-21 19:39:45,894: +PUB [/image/theora/parameter_updates] /image_converter http://ubuntu:46113/
[rosmaster.master][INFO] 2017-09-21 19:39:45,894: +PUB [/camera/image_raw/compressedDepth/parameter_updates] /camera http://ubuntu:45783/
[rosmaster.master][INFO] 2017-09-21 19:39:45,903: +PARAM [/camera/image_raw/compressedDepth/depth_max] by /camera
[rosmaster.master][INFO] 2017-09-21 19:39:45,907: +PARAM [/camera/image_raw/compressedDepth/depth_quantization] by /camera
[rosmaster.master][INFO] 2017-09-21 19:39:45,907: +PARAM [/image/theora/optimize_for] by /image_converter
[rosmaster.master][INFO] 2017-09-21 19:39:45,908: +PARAM [/camera/image_raw/compressedDepth/png_level] by /camera
[rosmaster.master][INFO] 2017-09-21 19:39:45,909: +PARAM [/image/theora/target_bitrate] by /image_converter
[rosmaster.master][INFO] 2017-09-21 19:39:45,912: +PARAM [/camera/image_raw/compressedDepth/depth_max] by /camera
[rosmaster.master][INFO] 2017-09-21 19:39:45,912: +PUB [/image_marked/theora] /view http://ubuntu:35139/
[rosmaster.master][INFO] 2017-09-21 19:39:45,913: +PARAM [/image/theora/quality] by /image_converter
[rosmaster.master][INFO] 2017-09-21 19:39:45,914: +PARAM [/camera/image_raw/compressedDepth/depth_quantization] by /camera
[rosmaster.master][INFO] 2017-09-21 19:39:45,915: +SERVICE [/image_marked/theora/set_parameters] /view http://ubuntu:35139/
[rosmaster.master][INFO] 2017-09-21 19:39:45,915: +PARAM [/image/theora/keyframe_frequency] by /image_converter
[rosmaster.master][INFO] 2017-09-21 19:39:45,916: +PARAM [/camera/image_raw/compressedDepth/png_level] by /camera
[rosmaster.master][INFO] 2017-09-21 19:39:45,921: +PUB [/image_marked/theora/parameter_descriptions] /view http://ubuntu:35139/
[rosmaster.master][INFO] 2017-09-21 19:39:45,922: +PARAM [/image/theora/optimize_for] by /image_converter
[rosmaster.master][INFO] 2017-09-21 19:39:45,924: +PUB [/image_marked/theora/parameter_updates] /view http://ubuntu:35139/
[rosmaster.master][INFO] 2017-09-21 19:39:45,925: +PARAM [/image/theora/target_bitrate] by /image_converter
[rosmaster.master][INFO] 2017-09-21 19:39:45,931: +PARAM [/image/theora/quality] by /image_converter
[rosmaster.master][INFO] 2017-09-21 19:39:45,932: +PARAM [/image/theora/keyframe_frequency] by /image_converter
[rosmaster.master][INFO] 2017-09-21 19:39:45,934: +PARAM [/image_marked/theora/optimize_for] by /view
[rosmaster.master][INFO] 2017-09-21 19:39:45,934: +PARAM [/image_marked/theora/target_bitrate] by /view
[rosmaster.master][INFO] 2017-09-21 19:39:45,938: +PARAM [/image_marked/theora/quality] by /view
[rosmaster.master][INFO] 2017-09-21 19:39:45,939: +PARAM [/image_marked/theora/keyframe_frequency] by /view
[rosmaster.master][INFO] 2017-09-21 19:39:45,940: +PARAM [/image_marked/theora/optimize_for] by /view
[rosmaster.master][INFO] 2017-09-21 19:39:45,942: +PARAM [/image_marked/theora/target_bitrate] by /view
[rosmaster.master][INFO] 2017-09-21 19:39:45,945: +PARAM [/image_marked/theora/quality] by /view
[rosmaster.master][INFO] 2017-09-21 19:39:45,946: +PARAM [/image_marked/theora/keyframe_frequency] by /view
[rosmaster.master][INFO] 2017-09-21 19:39:45,977: +PUB [/camera/image_raw/compressed] /camera http://ubuntu:45783/
[rosmaster.master][INFO] 2017-09-21 19:39:45,978: +SERVICE [/camera/image_raw/compressed/set_parameters] /camera http://ubuntu:45783/
[rosmaster.master][INFO] 2017-09-21 19:39:45,978: +PUB [/camera/image_raw/compressed/parameter_descriptions] /camera http://ubuntu:45783/
[rosmaster.master][INFO] 2017-09-21 19:39:45,979: +PUB [/camera/image_raw/compressed/parameter_updates] /camera http://ubuntu:45783/
[rosmaster.master][INFO] 2017-09-21 19:39:45,981: +PARAM [/camera/image_raw/compressed/format] by /camera
[rosmaster.master][INFO] 2017-09-21 19:39:45,982: +PARAM [/camera/image_raw/compressed/jpeg_quality] by /camera
[rosmaster.master][INFO] 2017-09-21 19:39:45,983: +PARAM [/camera/image_raw/compressed/png_level] by /camera
[rosmaster.master][INFO] 2017-09-21 19:39:45,984: +PARAM [/camera/image_raw/compressed/format] by /camera
[rosmaster.master][INFO] 2017-09-21 19:39:45,986: +PARAM [/camera/image_raw/compressed/jpeg_quality] by /camera
[rosmaster.master][INFO] 2017-09-21 19:39:45,987: +PARAM [/camera/image_raw/compressed/png_level] by /camera
[rosmaster.master][INFO] 2017-09-21 19:39:46,005: +PUB [/image/marked/compressedDepth] /view http://ubuntu:35139/
[rosmaster.master][INFO] 2017-09-21 19:39:46,006: +SERVICE [/image/marked/compressedDepth/set_parameters] /view http://ubuntu:35139/
[rosmaster.master][INFO] 2017-09-21 19:39:46,006: +PUB [/image/marked/compressedDepth/parameter_descriptions] /view http://ubuntu:35139/
[rosmaster.master][INFO] 2017-09-21 19:39:46,007: +PUB [/image/marked/compressedDepth/parameter_updates] /view http://ubuntu:35139/
[rosmaster.master][INFO] 2017-09-21 19:39:46,012: +PARAM [/image/marked/compressedDepth/depth_max] by /view
[rosmaster.master][INFO] 2017-09-21 19:39:46,012: +PARAM [/image/marked/compressedDepth/depth_quantization] by /view
[rosmaster.master][INFO] 2017-09-21 19:39:46,013: +PARAM [/image/marked/compressedDepth/png_level] by /view
[rosmaster.master][INFO] 2017-09-21 19:39:46,016: +PARAM [/image/marked/compressedDepth/depth_max] by /view
[rosmaster.master][INFO] 2017-09-21 19:39:46,017: +PARAM [/image/marked/compressedDepth/depth_quantization] by /view
[rosmaster.master][INFO] 2017-09-21 19:39:46,018: +PARAM [/image/marked/compressedDepth/png_level] by /view
[rosmaster.master][INFO] 2017-09-21 19:39:46,050: +PUB [/camera/image_raw] /camera http://ubuntu:45783/
[rosmaster.master][INFO] 2017-09-21 19:39:46,070: +PUB [/image/marked/compressed] /view http://ubuntu:35139/
[rosmaster.master][INFO] 2017-09-21 19:39:46,071: +SERVICE [/image/marked/compressed/set_parameters] /view http://ubuntu:35139/
[rosmaster.master][INFO] 2017-09-21 19:39:46,072: +PUB [/image/marked/compressed/parameter_descriptions] /view http://ubuntu:35139/
[rosmaster.master][INFO] 2017-09-21 19:39:46,073: +PUB [/image/marked/compressed/parameter_updates] /view http://ubuntu:35139/
[rosmaster.master][INFO] 2017-09-21 19:39:46,075: +PARAM [/image/marked/compressed/format] by /view
[rosmaster.master][INFO] 2017-09-21 19:39:46,075: +PARAM [/image/marked/compressed/jpeg_quality] by /view
[rosmaster.master][INFO] 2017-09-21 19:39:46,076: +PARAM [/image/marked/compressed/png_level] by /view
[rosmaster.master][INFO] 2017-09-21 19:39:46,078: +PARAM [/image/marked/compressed/format] by /view
[rosmaster.master][INFO] 2017-09-21 19:39:46,079: +PARAM [/image/marked/compressed/jpeg_quality] by /view
[rosmaster.master][INFO] 2017-09-21 19:39:46,082: +PARAM [/image/marked/compressed/png_level] by /view
[rosmaster.master][INFO] 2017-09-21 19:39:46,090: publisherUpdate[/camera/image_raw] -> http://ubuntu:46113/ ['http://ubuntu:45783/']
[rosmaster.master][INFO] 2017-09-21 19:39:46,091: publisherUpdate[/camera/image_raw] -> http://ubuntu:46113/ ['http://ubuntu:45783/']: sec=0.00, result=[1, '', 0]
[rosmaster.master][INFO] 2017-09-21 19:39:46,114: +PUB [/camera/image_raw/theora] /camera http://ubuntu:45783/
[rosmaster.master][INFO] 2017-09-21 19:39:46,115: +SERVICE [/camera/image_raw/theora/set_parameters] /camera http://ubuntu:45783/
[rosmaster.master][INFO] 2017-09-21 19:39:46,116: +PUB [/camera/image_raw/theora/parameter_descriptions] /camera http://ubuntu:45783/
[rosmaster.master][INFO] 2017-09-21 19:39:46,117: +PUB [/camera/image_raw/theora/parameter_updates] /camera http://ubuntu:45783/
[rosmaster.master][INFO] 2017-09-21 19:39:46,120: +PARAM [/camera/image_raw/theora/optimize_for] by /camera
[rosmaster.master][INFO] 2017-09-21 19:39:46,121: +PARAM [/camera/image_raw/theora/target_bitrate] by /camera
[rosmaster.master][INFO] 2017-09-21 19:39:46,122: +PARAM [/camera/image_raw/theora/quality] by /camera
[rosmaster.master][INFO] 2017-09-21 19:39:46,127: +PARAM [/camera/image_raw/theora/keyframe_frequency] by /camera
[rosmaster.master][INFO] 2017-09-21 19:39:46,127: +PARAM [/camera/image_raw/theora/optimize_for] by /camera
[rosmaster.master][INFO] 2017-09-21 19:39:46,128: +PARAM [/camera/image_raw/theora/target_bitrate] by /camera
[rosmaster.master][INFO] 2017-09-21 19:39:46,129: +PARAM [/camera/image_raw/theora/quality] by /camera
[rosmaster.master][INFO] 2017-09-21 19:39:46,129: +PARAM [/camera/image_raw/theora/keyframe_frequency] by /camera
[rosmaster.master][INFO] 2017-09-21 19:39:46,134: +PUB [/camera/camera_info] /camera http://ubuntu:45783/
[rosmaster.master][INFO] 2017-09-21 19:39:46,140: +PUB [/image/marked] /view http://ubuntu:35139/
[rosmaster.master][INFO] 2017-09-21 19:39:46,177: +PUB [/image/marked/theora] /view http://ubuntu:35139/
[rosmaster.master][INFO] 2017-09-21 19:39:46,178: +SERVICE [/image/marked/theora/set_parameters] /view http://ubuntu:35139/
[rosmaster.master][INFO] 2017-09-21 19:39:46,178: +PUB [/image/marked/theora/parameter_descriptions] /view http://ubuntu:35139/
[rosmaster.master][INFO] 2017-09-21 19:39:46,179: +PUB [/image/marked/theora/parameter_updates] /view http://ubuntu:35139/
[rosmaster.master][INFO] 2017-09-21 19:39:46,182: +PARAM [/image/marked/theora/optimize_for] by /view
[rosmaster.master][INFO] 2017-09-21 19:39:46,183: +PARAM [/image/marked/theora/target_bitrate] by /view
[rosmaster.master][INFO] 2017-09-21 19:39:46,183: +PARAM [/image/marked/theora/quality] by /view
[rosmaster.master][INFO] 2017-09-21 19:39:46,184: +PARAM [/image/marked/theora/keyframe_frequency] by /view
[rosmaster.master][INFO] 2017-09-21 19:39:46,185: +PARAM [/image/marked/theora/optimize_for] by /view
[rosmaster.master][INFO] 2017-09-21 19:39:46,185: +PARAM [/image/marked/theora/target_bitrate] by /view
[rosmaster.master][INFO] 2017-09-21 19:39:46,186: +PARAM [/image/marked/theora/quality] by /view
[rosmaster.master][INFO] 2017-09-21 19:39:46,187: +PARAM [/image/marked/theora/keyframe_frequency] by /view
[rosmaster.master][INFO] 2017-09-21 19:39:46,216: +SUB [/image] /view http://ubuntu:35139/
[rosmaster.master][INFO] 2017-09-21 19:39:46,220: +SUB [/camera_info] /view http://ubuntu:35139/
[rosmaster.master][INFO] 2017-09-21 19:39:46,223: +SUB [/image_marker] /view http://ubuntu:35139/
[rosmaster.master][INFO] 2017-09-21 19:39:46,226: +SUB [/image/event] /view http://ubuntu:35139/
[rosmaster.master][INFO] 2017-09-21 19:39:46,227: +SERVICE [/view/change_mode] /view http://ubuntu:35139/
[rosmaster.master][INFO] 2017-09-21 19:39:46,228: +SERVICE [/view/rectangle_mode] /view http://ubuntu:35139/
[rosmaster.master][INFO] 2017-09-21 19:39:46,228: +SERVICE [/view/grabcut_mode] /view http://ubuntu:35139/
[rosmaster.master][INFO] 2017-09-21 19:39:46,229: +SERVICE [/view/grabcut_rect_mode] /view http://ubuntu:35139/
[rosmaster.master][INFO] 2017-09-21 19:39:46,230: +SERVICE [/view/line_mode] /view http://ubuntu:35139/
[rosmaster.master][INFO] 2017-09-21 19:39:46,230: +SERVICE [/view/poly_mode] /view http://ubuntu:35139/
[rosmaster.master][INFO] 2017-09-21 19:39:46,231: +SERVICE [/view/none_mode] /view http://ubuntu:35139/
[rosmaster.master][INFO] 2017-09-21 19:39:46,232: +SERVICE [/view/set_parameters] /view http://ubuntu:35139/
[rosmaster.master][INFO] 2017-09-21 19:39:46,233: +PUB [/view/parameter_descriptions] /view http://ubuntu:35139/
[rosmaster.master][INFO] 2017-09-21 19:39:46,233: +PUB [/view/parameter_updates] /view http://ubuntu:35139/
[rosmaster.master][INFO] 2017-09-21 19:39:46,239: +PARAM [/view/grid] by /view
[rosmaster.master][INFO] 2017-09-21 19:39:46,239: +PARAM [/view/fisheye_mode] by /view
[rosmaster.master][INFO] 2017-09-21 19:39:46,240: +PARAM [/view/div_u] by /view
[rosmaster.master][INFO] 2017-09-21 19:39:46,240: +PARAM [/view/div_v] by /view
[rosmaster.master][INFO] 2017-09-21 19:39:46,241: +PARAM [/view/grid_red] by /view
[rosmaster.master][INFO] 2017-09-21 19:39:46,242: +PARAM [/view/grid_green] by /view
[rosmaster.master][INFO] 2017-09-21 19:39:46,242: +PARAM [/view/grid_blue] by /view
[rosmaster.master][INFO] 2017-09-21 19:39:46,243: +PARAM [/view/grid_thickness] by /view
[rosmaster.master][INFO] 2017-09-21 19:39:46,244: +PARAM [/view/grid_space] by /view
[rosmaster.master][INFO] 2017-09-21 19:39:46,244: +PARAM [/view/grid] by /view
[rosmaster.master][INFO] 2017-09-21 19:39:46,245: +PARAM [/view/fisheye_mode] by /view
[rosmaster.master][INFO] 2017-09-21 19:39:46,245: +PARAM [/view/div_u] by /view
[rosmaster.master][INFO] 2017-09-21 19:39:46,246: +PARAM [/view/div_v] by /view
[rosmaster.master][INFO] 2017-09-21 19:39:46,247: +PARAM [/view/grid_red] by /view
[rosmaster.master][INFO] 2017-09-21 19:39:46,248: +PARAM [/view/grid_green] by /view
[rosmaster.master][INFO] 2017-09-21 19:39:46,248: +PARAM [/view/grid_blue] by /view
[rosmaster.master][INFO] 2017-09-21 19:39:46,249: +PARAM [/view/grid_thickness] by /view
[rosmaster.master][INFO] 2017-09-21 19:39:46,249: +PARAM [/view/grid_space] by /view
[rosmaster.master][INFO] 2017-09-21 19:39:51,449: -PUB [/rosout] /view http://ubuntu:35139/
[rosmaster.master][INFO] 2017-09-21 19:39:51,450: -PUB [/image/screenpoint] /view http://ubuntu:35139/
[rosmaster.master][INFO] 2017-09-21 19:39:51,451: -PUB [/image/screenpoint_array] /view http://ubuntu:35139/
[rosmaster.master][INFO] 2017-09-21 19:39:51,452: -PUB [/image/screenrectangle] /view http://ubuntu:35139/
[rosmaster.master][INFO] 2017-09-21 19:39:51,459: -PUB [/image/screenrectangle_image] /view http://ubuntu:35139/
[rosmaster.master][INFO] 2017-09-21 19:39:51,461: -PUB [/image/movepoint] /view http://ubuntu:35139/
[rosmaster.master][INFO] 2017-09-21 19:39:51,463: -PUB [/image/foreground] /view http://ubuntu:35139/
[rosmaster.master][INFO] 2017-09-21 19:39:51,464: -PUB [/image/background] /view http://ubuntu:35139/
[rosmaster.master][INFO] 2017-09-21 19:39:51,466: -PUB [/image/foreground_rect] /view http://ubuntu:35139/
[rosmaster.master][INFO] 2017-09-21 19:39:51,468: -PUB [/image/background_rect] /view http://ubuntu:35139/
[rosmaster.master][INFO] 2017-09-21 19:39:51,472: -PUB [/image/line] /view http://ubuntu:35139/
[rosmaster.master][INFO] 2017-09-21 19:39:51,476: -PUB [/image/poly] /view http://ubuntu:35139/
[rosmaster.master][INFO] 2017-09-21 19:39:51,478: -PUB [/image_marked/compressedDepth] /view http://ubuntu:35139/
[rosmaster.master][INFO] 2017-09-21 19:39:51,482: -PUB [/image_marked/compressedDepth/parameter_descriptions] /view http://ubuntu:35139/
[rosmaster.master][INFO] 2017-09-21 19:39:51,486: -PUB [/image_marked/compressedDepth/parameter_updates] /view http://ubuntu:35139/
[rosmaster.master][INFO] 2017-09-21 19:39:51,489: -PUB [/image_marked/compressed] /view http://ubuntu:35139/
[rosmaster.master][INFO] 2017-09-21 19:39:51,490: -PUB [/image_marked/compressed/parameter_descriptions] /view http://ubuntu:35139/
[rosmaster.master][INFO] 2017-09-21 19:39:51,491: -PUB [/image_marked/compressed/parameter_updates] /view http://ubuntu:35139/
[rosmaster.master][INFO] 2017-09-21 19:39:51,492: -PUB [/image_marked] /view http://ubuntu:35139/
[rosmaster.master][INFO] 2017-09-21 19:39:51,496: -PUB [/image_marked/theora] /view http://ubuntu:35139/
[rosmaster.master][INFO] 2017-09-21 19:39:51,503: -PUB [/image_marked/theora/parameter_descriptions] /view http://ubuntu:35139/
[rosmaster.master][INFO] 2017-09-21 19:39:51,507: -PUB [/image_marked/theora/parameter_updates] /view http://ubuntu:35139/
[rosmaster.master][INFO] 2017-09-21 19:39:51,509: -PUB [/image/marked/compressedDepth] /view http://ubuntu:35139/
[rosmaster.master][INFO] 2017-09-21 19:39:51,510: -PUB [/image/marked/compressedDepth/parameter_descriptions] /view http://ubuntu:35139/
[rosmaster.master][INFO] 2017-09-21 19:39:51,512: -PUB [/image/marked/compressedDepth/parameter_updates] /view http://ubuntu:35139/
[rosmaster.master][INFO] 2017-09-21 19:39:51,517: -PUB [/image/marked/compressed] /view http://ubuntu:35139/
[rosmaster.master][INFO] 2017-09-21 19:39:51,518: -PUB [/image/marked/compressed/parameter_descriptions] /view http://ubuntu:35139/
[rosmaster.master][INFO] 2017-09-21 19:39:51,520: -PUB [/image/marked/compressed/parameter_updates] /view http://ubuntu:35139/
[rosmaster.master][INFO] 2017-09-21 19:39:51,522: publisherUpdate[/rosout] -> http://ubuntu:44933/ ['http://ubuntu:46113/', 'http://ubuntu:45783/']
[rosmaster.master][INFO] 2017-09-21 19:39:51,524: publisherUpdate[/rosout] -> http://ubuntu:44933/ ['http://ubuntu:46113/', 'http://ubuntu:45783/']: sec=0.00, result=[1, '', 0]
[rosmaster.master][INFO] 2017-09-21 19:39:51,524: -PUB [/image/marked] /view http://ubuntu:35139/
[rosmaster.master][INFO] 2017-09-21 19:39:51,529: -PUB [/image/marked/theora] /view http://ubuntu:35139/
[rosmaster.master][INFO] 2017-09-21 19:39:51,533: -PUB [/image/marked/theora/parameter_descriptions] /view http://ubuntu:35139/
[rosmaster.master][INFO] 2017-09-21 19:39:51,534: -PUB [/image/marked/theora/parameter_updates] /view http://ubuntu:35139/
[rosmaster.master][INFO] 2017-09-21 19:39:51,537: -PUB [/rosout] /camera http://ubuntu:45783/
[rosmaster.master][INFO] 2017-09-21 19:39:51,538: -PUB [/camera/image_raw/compressedDepth] /camera http://ubuntu:45783/
[rosmaster.master][INFO] 2017-09-21 19:39:51,541: -PUB [/camera/image_raw/compressedDepth/parameter_descriptions] /camera http://ubuntu:45783/
[rosmaster.master][INFO] 2017-09-21 19:39:51,546: -PUB [/view/parameter_descriptions] /view http://ubuntu:35139/
[rosmaster.master][INFO] 2017-09-21 19:39:51,547: -PUB [/camera/image_raw/compressedDepth/parameter_updates] /camera http://ubuntu:45783/
[rosmaster.master][INFO] 2017-09-21 19:39:51,551: -PUB [/view/parameter_updates] /view http://ubuntu:35139/
[rosmaster.master][INFO] 2017-09-21 19:39:51,553: -PUB [/camera/image_raw/compressed] /camera http://ubuntu:45783/
[rosmaster.master][INFO] 2017-09-21 19:39:51,554: -SUB [/tf] /view http://ubuntu:35139/
[rosmaster.master][INFO] 2017-09-21 19:39:51,555: -PUB [/camera/image_raw/compressed/parameter_descriptions] /camera http://ubuntu:45783/
[rosmaster.master][INFO] 2017-09-21 19:39:51,561: -SUB [/tf_static] /view http://ubuntu:35139/
[rosmaster.master][INFO] 2017-09-21 19:39:51,561: -PUB [/camera/image_raw/compressed/parameter_updates] /camera http://ubuntu:45783/
[rosmaster.master][INFO] 2017-09-21 19:39:51,566: -SUB [/image] /view http://ubuntu:35139/
[rosmaster.master][INFO] 2017-09-21 19:39:51,567: -PUB [/camera/image_raw] /camera http://ubuntu:45783/
[rosmaster.master][INFO] 2017-09-21 19:39:51,571: -SUB [/camera_info] /view http://ubuntu:35139/
[rosmaster.master][INFO] 2017-09-21 19:39:51,576: -PUB [/camera/image_raw/theora] /camera http://ubuntu:45783/
[rosmaster.master][INFO] 2017-09-21 19:39:51,578: -SUB [/image_marker] /view http://ubuntu:35139/
[rosmaster.master][INFO] 2017-09-21 19:39:51,578: -PUB [/camera/image_raw/theora/parameter_descriptions] /camera http://ubuntu:45783/
[rosmaster.master][INFO] 2017-09-21 19:39:51,581: -SUB [/image/event] /view http://ubuntu:35139/
[rosmaster.master][INFO] 2017-09-21 19:39:51,582: -PUB [/camera/image_raw/theora/parameter_updates] /camera http://ubuntu:45783/
[rosmaster.master][INFO] 2017-09-21 19:39:51,584: -PUB [/camera/camera_info] /camera http://ubuntu:45783/
[rosmaster.master][INFO] 2017-09-21 19:39:51,590: -SERVICE [/view/get_loggers] /view rosrpc://ubuntu:43453
[rosmaster.master][INFO] 2017-09-21 19:39:51,591: -SERVICE [/camera/get_loggers] /camera rosrpc://ubuntu:36157
[rosmaster.master][INFO] 2017-09-21 19:39:51,593: -SERVICE [/view/set_logger_level] /view rosrpc://ubuntu:43453
[rosmaster.master][INFO] 2017-09-21 19:39:51,596: -SERVICE [/camera/set_logger_level] /camera rosrpc://ubuntu:36157
[rosmaster.master][INFO] 2017-09-21 19:39:51,599: -SERVICE [/camera/set_camera_info] /camera rosrpc://ubuntu:36157
[rosmaster.master][INFO] 2017-09-21 19:39:51,604: -SERVICE [/image_marked/compressedDepth/set_parameters] /view rosrpc://ubuntu:43453
[rosmaster.master][INFO] 2017-09-21 19:39:51,609: -SERVICE [/camera/image_raw/compressedDepth/set_parameters] /camera rosrpc://ubuntu:36157
[rosmaster.master][INFO] 2017-09-21 19:39:51,610: -SERVICE [/image_marked/compressed/set_parameters] /view rosrpc://ubuntu:43453
[rosmaster.master][INFO] 2017-09-21 19:39:51,612: -SERVICE [/camera/image_raw/compressed/set_parameters] /camera rosrpc://ubuntu:36157
[rosmaster.master][INFO] 2017-09-21 19:39:51,616: -SERVICE [/image_marked/theora/set_parameters] /view rosrpc://ubuntu:43453
[rosmaster.master][INFO] 2017-09-21 19:39:51,621: -SERVICE [/camera/image_raw/theora/set_parameters] /camera rosrpc://ubuntu:36157
[rosmaster.master][INFO] 2017-09-21 19:39:51,622: -SERVICE [/image/marked/compressedDepth/set_parameters] /view rosrpc://ubuntu:43453
[rosmaster.master][INFO] 2017-09-21 19:39:51,623: publisherUpdate[/rosout] -> http://ubuntu:44933/ ['http://ubuntu:46113/']
[rosmaster.master][INFO] 2017-09-21 19:39:51,624: publisherUpdate[/camera/image_raw] -> http://ubuntu:46113/ []
[rosmaster.master][INFO] 2017-09-21 19:39:51,625: publisherUpdate[/rosout] -> http://ubuntu:44933/ ['http://ubuntu:46113/']: sec=0.00, result=[1, '', 0]
[rosmaster.master][INFO] 2017-09-21 19:39:51,625: publisherUpdate[/camera/image_raw] -> http://ubuntu:46113/ []: sec=0.00, exception=[Errno 111] Connection refused
[rosmaster.threadpool][ERROR] 2017-09-21 19:39:51,639: Traceback (most recent call last):
  File "/opt/ros/kinetic/lib/python2.7/dist-packages/rosmaster/threadpool.py", line 218, in run
    result = cmd(*args)
  File "/opt/ros/kinetic/lib/python2.7/dist-packages/rosmaster/master_api.py", line 210, in publisher_update_task
    ret = xmlrpcapi(api).publisherUpdate('/master', topic, pub_uris)
  File "/usr/lib/python2.7/xmlrpclib.py", line 1243, in __call__
    return self.__send(self.__name, args)
  File "/usr/lib/python2.7/xmlrpclib.py", line 1602, in __request
    verbose=self.__verbose
  File "/usr/lib/python2.7/xmlrpclib.py", line 1283, in request
    return self.single_request(host, handler, request_body, verbose)
  File "/usr/lib/python2.7/xmlrpclib.py", line 1311, in single_request
    self.send_content(h, request_body)
  File "/usr/lib/python2.7/xmlrpclib.py", line 1459, in send_content
    connection.endheaders(request_body)
  File "/usr/lib/python2.7/httplib.py", line 1053, in endheaders
    self._send_output(message_body)
  File "/usr/lib/python2.7/httplib.py", line 897, in _send_output
    self.send(msg)
  File "/usr/lib/python2.7/httplib.py", line 859, in send
    self.connect()
  File "/usr/lib/python2.7/httplib.py", line 836, in connect
    self.timeout, self.source_address)
  File "/usr/lib/python2.7/socket.py", line 575, in create_connection
    raise err
error: [Errno 111] Connection refused

[rosmaster.master][INFO] 2017-09-21 19:39:51,639: -SERVICE [/image/marked/compressed/set_parameters] /view rosrpc://ubuntu:43453
[rosmaster.master][INFO] 2017-09-21 19:39:51,641: -SERVICE [/image/marked/theora/set_parameters] /view rosrpc://ubuntu:43453
[rosmaster.master][INFO] 2017-09-21 19:39:51,645: -SERVICE [/view/change_mode] /view rosrpc://ubuntu:43453
[rosmaster.master][INFO] 2017-09-21 19:39:51,650: -SERVICE [/view/rectangle_mode] /view rosrpc://ubuntu:43453
[rosmaster.master][INFO] 2017-09-21 19:39:51,654: -SERVICE [/view/grabcut_mode] /view rosrpc://ubuntu:43453
[rosmaster.master][INFO] 2017-09-21 19:39:51,656: -SERVICE [/view/grabcut_rect_mode] /view rosrpc://ubuntu:43453
[rosmaster.master][INFO] 2017-09-21 19:39:51,658: -SERVICE [/view/line_mode] /view rosrpc://ubuntu:43453
[rosmaster.master][INFO] 2017-09-21 19:39:51,662: -SERVICE [/view/poly_mode] /view rosrpc://ubuntu:43453
[rosmaster.master][INFO] 2017-09-21 19:39:51,664: -SERVICE [/view/none_mode] /view rosrpc://ubuntu:43453
[rosmaster.master][INFO] 2017-09-21 19:39:51,666: -SERVICE [/view/set_parameters] /view rosrpc://ubuntu:43453
[rosmaster.master][INFO] 2017-09-21 19:39:52,027: -PUB [/rosout_agg] /rosout http://ubuntu:44933/
[rosmaster.master][INFO] 2017-09-21 19:39:52,028: -SUB [/rosout] /rosout http://ubuntu:44933/
[rosmaster.master][INFO] 2017-09-21 19:39:52,029: -SERVICE [/rosout/get_loggers] /rosout rosrpc://ubuntu:39223
[rosmaster.master][INFO] 2017-09-21 19:39:52,030: -SERVICE [/rosout/set_logger_level] /rosout rosrpc://ubuntu:39223
[rosmaster.main][INFO] 2017-09-21 19:39:52,057: keyboard interrupt, will exit
[rosmaster.main][INFO] 2017-09-21 19:39:52,057: stopping master...
[rospy.core][INFO] 2017-09-21 19:39:52,057: signal_shutdown [atexit]
