[rosmaster.main][INFO] 2017-10-05 18:14:02,319: initialization complete, waiting for shutdown
[rosmaster.main][INFO] 2017-10-05 18:14:02,319: Starting ROS Master Node
[xmlrpc][INFO] 2017-10-05 18:14:02,320: XML-RPC server binding to 0.0.0.0:11311
[xmlrpc][INFO] 2017-10-05 18:14:02,320: Started XML-RPC server [http://ubuntu:11311/]
[xmlrpc][INFO] 2017-10-05 18:14:02,320: xml rpc node: starting XML-RPC server
[rosmaster.master][INFO] 2017-10-05 18:14:02,321: Master initialized: port[11311], uri[http://ubuntu:11311/]
[rosmaster.master][INFO] 2017-10-05 18:14:02,362: +PARAM [/run_id] by /roslaunch
[rosmaster.master][INFO] 2017-10-05 18:14:02,363: +PARAM [/roslaunch/uris/host_ubuntu__39503] by /roslaunch
[rosmaster.master][INFO] 2017-10-05 18:14:02,441: +PARAM [/rosversion] by /roslaunch
[rosmaster.master][INFO] 2017-10-05 18:14:02,441: +PARAM [/rosdistro] by /roslaunch
[rosmaster.master][INFO] 2017-10-05 18:14:02,441: +PARAM [/camera/device_id] by /roslaunch
[rosmaster.master][INFO] 2017-10-05 18:14:02,454: +SERVICE [/rosout/get_loggers] /rosout http://ubuntu:44600/
[rosmaster.master][INFO] 2017-10-05 18:14:02,466: +SERVICE [/rosout/set_logger_level] /rosout http://ubuntu:44600/
[rosmaster.master][INFO] 2017-10-05 18:14:02,470: +PUB [/rosout_agg] /rosout http://ubuntu:44600/
[rosmaster.master][INFO] 2017-10-05 18:14:02,483: +SUB [/rosout] /rosout http://ubuntu:44600/
[rosmaster.master][INFO] 2017-10-05 18:14:02,563: +PUB [/rosout] /mask_orange http://ubuntu:35195/
[rosmaster.master][INFO] 2017-10-05 18:14:02,565: +SERVICE [/mask_orange/get_loggers] /mask_orange http://ubuntu:35195/
[rosmaster.master][INFO] 2017-10-05 18:14:02,568: +SERVICE [/mask_orange/set_logger_level] /mask_orange http://ubuntu:35195/
[rosmaster.master][INFO] 2017-10-05 18:14:02,614: +PUB [/rosout] /camera http://ubuntu:45658/
[rosmaster.master][INFO] 2017-10-05 18:14:02,615: +SERVICE [/camera/get_loggers] /camera http://ubuntu:45658/
[rosmaster.master][INFO] 2017-10-05 18:14:02,616: +SERVICE [/camera/set_logger_level] /camera http://ubuntu:45658/
[rosmaster.master][INFO] 2017-10-05 18:14:02,620: publisherUpdate[/rosout] -> http://ubuntu:44600/ ['http://ubuntu:35195/']
[rosmaster.master][INFO] 2017-10-05 18:14:02,622: publisherUpdate[/rosout] -> http://ubuntu:44600/ ['http://ubuntu:35195/']: sec=0.00, result=[1, '', 0]
[rosmaster.master][INFO] 2017-10-05 18:14:02,622: publisherUpdate[/rosout] -> http://ubuntu:44600/ ['http://ubuntu:35195/', 'http://ubuntu:45658/']
[rosmaster.master][INFO] 2017-10-05 18:14:02,623: publisherUpdate[/rosout] -> http://ubuntu:44600/ ['http://ubuntu:35195/', 'http://ubuntu:45658/']: sec=0.00, result=[1, '', 0]
[rosmaster.master][INFO] 2017-10-05 18:14:02,639: +PUB [/rosout] /view http://ubuntu:34624/
[rosmaster.master][INFO] 2017-10-05 18:14:02,641: +SERVICE [/view/get_loggers] /view http://ubuntu:34624/
[rosmaster.master][INFO] 2017-10-05 18:14:02,642: +SERVICE [/view/set_logger_level] /view http://ubuntu:34624/
[rosmaster.master][INFO] 2017-10-05 18:14:02,655: +SUB [/tf] /view http://ubuntu:34624/
[rosmaster.master][INFO] 2017-10-05 18:14:02,667: +SUB [/tf_static] /view http://ubuntu:34624/
[rosmaster.master][INFO] 2017-10-05 18:14:02,697: +SERVICE [/camera/set_camera_info] /camera http://ubuntu:45658/
[rosmaster.master][INFO] 2017-10-05 18:14:02,717: +PUB [/image/screenpoint] /view http://ubuntu:34624/
[rosmaster.master][INFO] 2017-10-05 18:14:02,718: +PUB [/image/screenpoint_array] /view http://ubuntu:34624/
[rosmaster.master][INFO] 2017-10-05 18:14:02,719: +PUB [/image/screenrectangle] /view http://ubuntu:34624/
[rosmaster.master][INFO] 2017-10-05 18:14:02,720: +PUB [/image/screenrectangle_image] /view http://ubuntu:34624/
[rosmaster.master][INFO] 2017-10-05 18:14:02,720: +PUB [/image/movepoint] /view http://ubuntu:34624/
[rosmaster.master][INFO] 2017-10-05 18:14:02,721: +PUB [/image/foreground] /view http://ubuntu:34624/
[rosmaster.master][INFO] 2017-10-05 18:14:02,723: publisherUpdate[/rosout] -> http://ubuntu:44600/ ['http://ubuntu:35195/', 'http://ubuntu:45658/', 'http://ubuntu:34624/']
[rosmaster.master][INFO] 2017-10-05 18:14:02,724: publisherUpdate[/rosout] -> http://ubuntu:44600/ ['http://ubuntu:35195/', 'http://ubuntu:45658/', 'http://ubuntu:34624/']: sec=0.00, result=[1, '', 0]
[rosmaster.master][INFO] 2017-10-05 18:14:02,724: +PUB [/image/background] /view http://ubuntu:34624/
[rosmaster.master][INFO] 2017-10-05 18:14:02,726: +PUB [/image/foreground_rect] /view http://ubuntu:34624/
[rosmaster.master][INFO] 2017-10-05 18:14:02,727: +PUB [/image/background_rect] /view http://ubuntu:34624/
[rosmaster.master][INFO] 2017-10-05 18:14:02,728: +PUB [/image/line] /view http://ubuntu:34624/
[rosmaster.master][INFO] 2017-10-05 18:14:02,730: +PUB [/image/poly] /view http://ubuntu:34624/
[rosmaster.master][INFO] 2017-10-05 18:14:02,731: +SUB [/camera/image_raw] /mask_orange http://ubuntu:35195/
[rosmaster.master][INFO] 2017-10-05 18:14:02,792: +PUB [/image/compressedDepth] /mask_orange http://ubuntu:35195/
[rosmaster.master][INFO] 2017-10-05 18:14:02,794: +SERVICE [/image/compressedDepth/set_parameters] /mask_orange http://ubuntu:35195/
[rosmaster.master][INFO] 2017-10-05 18:14:02,795: +PUB [/image/compressedDepth/parameter_descriptions] /mask_orange http://ubuntu:35195/
[rosmaster.master][INFO] 2017-10-05 18:14:02,797: +PUB [/image/compressedDepth/parameter_updates] /mask_orange http://ubuntu:35195/
[rosmaster.master][INFO] 2017-10-05 18:14:02,801: +PARAM [/image/compressedDepth/depth_max] by /mask_orange
[rosmaster.master][INFO] 2017-10-05 18:14:02,803: +PARAM [/image/compressedDepth/depth_quantization] by /mask_orange
[rosmaster.master][INFO] 2017-10-05 18:14:02,804: +PARAM [/image/compressedDepth/png_level] by /mask_orange
[rosmaster.master][INFO] 2017-10-05 18:14:02,806: +PARAM [/image/compressedDepth/depth_max] by /mask_orange
[rosmaster.master][INFO] 2017-10-05 18:14:02,813: +PARAM [/image/compressedDepth/depth_quantization] by /mask_orange
[rosmaster.master][INFO] 2017-10-05 18:14:02,815: +PARAM [/image/compressedDepth/png_level] by /mask_orange
[rosmaster.master][INFO] 2017-10-05 18:14:02,820: +PUB [/image_marked/compressedDepth] /view http://ubuntu:34624/
[rosmaster.master][INFO] 2017-10-05 18:14:02,825: +SERVICE [/image_marked/compressedDepth/set_parameters] /view http://ubuntu:34624/
[rosmaster.master][INFO] 2017-10-05 18:14:02,827: +PUB [/image_marked/compressedDepth/parameter_descriptions] /view http://ubuntu:34624/
[rosmaster.master][INFO] 2017-10-05 18:14:02,829: +PUB [/image_marked/compressedDepth/parameter_updates] /view http://ubuntu:34624/
[rosmaster.master][INFO] 2017-10-05 18:14:02,842: +PARAM [/image_marked/compressedDepth/depth_max] by /view
[rosmaster.master][INFO] 2017-10-05 18:14:02,843: +PARAM [/image_marked/compressedDepth/depth_quantization] by /view
[rosmaster.master][INFO] 2017-10-05 18:14:02,843: +PARAM [/image_marked/compressedDepth/png_level] by /view
[rosmaster.master][INFO] 2017-10-05 18:14:02,844: +PARAM [/image_marked/compressedDepth/depth_max] by /view
[rosmaster.master][INFO] 2017-10-05 18:14:02,848: +PARAM [/image_marked/compressedDepth/depth_quantization] by /view
[rosmaster.master][INFO] 2017-10-05 18:14:02,849: +PARAM [/image_marked/compressedDepth/png_level] by /view
[rosmaster.master][INFO] 2017-10-05 18:14:02,907: +PUB [/camera/image_raw/compressedDepth] /camera http://ubuntu:45658/
[rosmaster.master][INFO] 2017-10-05 18:14:02,908: +SERVICE [/camera/image_raw/compressedDepth/set_parameters] /camera http://ubuntu:45658/
[rosmaster.master][INFO] 2017-10-05 18:14:02,909: +PUB [/camera/image_raw/compressedDepth/parameter_descriptions] /camera http://ubuntu:45658/
[rosmaster.master][INFO] 2017-10-05 18:14:02,909: +PUB [/camera/image_raw/compressedDepth/parameter_updates] /camera http://ubuntu:45658/
[rosmaster.master][INFO] 2017-10-05 18:14:02,912: +PUB [/image/compressed] /mask_orange http://ubuntu:35195/
[rosmaster.master][INFO] 2017-10-05 18:14:02,914: +PARAM [/camera/image_raw/compressedDepth/depth_max] by /camera
[rosmaster.master][INFO] 2017-10-05 18:14:02,915: +SERVICE [/image/compressed/set_parameters] /mask_orange http://ubuntu:35195/
[rosmaster.master][INFO] 2017-10-05 18:14:02,920: +PARAM [/camera/image_raw/compressedDepth/depth_quantization] by /camera
[rosmaster.master][INFO] 2017-10-05 18:14:02,921: +PUB [/image/compressed/parameter_descriptions] /mask_orange http://ubuntu:35195/
[rosmaster.master][INFO] 2017-10-05 18:14:02,922: +PARAM [/camera/image_raw/compressedDepth/png_level] by /camera
[rosmaster.master][INFO] 2017-10-05 18:14:02,923: +PUB [/image/compressed/parameter_updates] /mask_orange http://ubuntu:35195/
[rosmaster.master][INFO] 2017-10-05 18:14:02,923: +PARAM [/camera/image_raw/compressedDepth/depth_max] by /camera
[rosmaster.master][INFO] 2017-10-05 18:14:02,928: +PARAM [/camera/image_raw/compressedDepth/depth_quantization] by /camera
[rosmaster.master][INFO] 2017-10-05 18:14:02,929: +PUB [/image_marked/compressed] /view http://ubuntu:34624/
[rosmaster.master][INFO] 2017-10-05 18:14:02,931: +PARAM [/camera/image_raw/compressedDepth/png_level] by /camera
[rosmaster.master][INFO] 2017-10-05 18:14:02,937: +SERVICE [/image_marked/compressed/set_parameters] /view http://ubuntu:34624/
[rosmaster.master][INFO] 2017-10-05 18:14:02,938: +PUB [/image_marked/compressed/parameter_descriptions] /view http://ubuntu:34624/
[rosmaster.master][INFO] 2017-10-05 18:14:02,941: +PARAM [/image/compressed/format] by /mask_orange
[rosmaster.master][INFO] 2017-10-05 18:14:02,942: +PUB [/image_marked/compressed/parameter_updates] /view http://ubuntu:34624/
[rosmaster.master][INFO] 2017-10-05 18:14:02,945: +PARAM [/image/compressed/jpeg_quality] by /mask_orange
[rosmaster.master][INFO] 2017-10-05 18:14:02,946: +PARAM [/image/compressed/png_level] by /mask_orange
[rosmaster.master][INFO] 2017-10-05 18:14:02,949: +PARAM [/image/compressed/format] by /mask_orange
[rosmaster.master][INFO] 2017-10-05 18:14:02,954: +PARAM [/image/compressed/jpeg_quality] by /mask_orange
[rosmaster.master][INFO] 2017-10-05 18:14:02,954: +PARAM [/image_marked/compressed/format] by /view
[rosmaster.master][INFO] 2017-10-05 18:14:02,955: +PARAM [/image/compressed/png_level] by /mask_orange
[rosmaster.master][INFO] 2017-10-05 18:14:02,961: +PARAM [/image_marked/compressed/jpeg_quality] by /view
[rosmaster.master][INFO] 2017-10-05 18:14:02,965: +PARAM [/image_marked/compressed/png_level] by /view
[rosmaster.master][INFO] 2017-10-05 18:14:02,966: +PARAM [/image_marked/compressed/format] by /view
[rosmaster.master][INFO] 2017-10-05 18:14:02,968: +PARAM [/image_marked/compressed/jpeg_quality] by /view
[rosmaster.master][INFO] 2017-10-05 18:14:02,969: +PARAM [/image_marked/compressed/png_level] by /view
[rosmaster.master][INFO] 2017-10-05 18:14:03,025: +PUB [/camera/image_raw/compressed] /camera http://ubuntu:45658/
[rosmaster.master][INFO] 2017-10-05 18:14:03,027: +SERVICE [/camera/image_raw/compressed/set_parameters] /camera http://ubuntu:45658/
[rosmaster.master][INFO] 2017-10-05 18:14:03,028: +PUB [/camera/image_raw/compressed/parameter_descriptions] /camera http://ubuntu:45658/
[rosmaster.master][INFO] 2017-10-05 18:14:03,029: +PUB [/camera/image_raw/compressed/parameter_updates] /camera http://ubuntu:45658/
[rosmaster.master][INFO] 2017-10-05 18:14:03,038: +PARAM [/camera/image_raw/compressed/format] by /camera
[rosmaster.master][INFO] 2017-10-05 18:14:03,041: +PARAM [/camera/image_raw/compressed/jpeg_quality] by /camera
[rosmaster.master][INFO] 2017-10-05 18:14:03,042: +PARAM [/camera/image_raw/compressed/png_level] by /camera
[rosmaster.master][INFO] 2017-10-05 18:14:03,047: +PARAM [/camera/image_raw/compressed/format] by /camera
[rosmaster.master][INFO] 2017-10-05 18:14:03,048: +PARAM [/camera/image_raw/compressed/jpeg_quality] by /camera
[rosmaster.master][INFO] 2017-10-05 18:14:03,050: +PUB [/image] /mask_orange http://ubuntu:35195/
[rosmaster.master][INFO] 2017-10-05 18:14:03,051: +PARAM [/camera/image_raw/compressed/png_level] by /camera
[rosmaster.master][INFO] 2017-10-05 18:14:03,069: +PUB [/image_marked] /view http://ubuntu:34624/
[rosmaster.master][INFO] 2017-10-05 18:14:03,137: +PUB [/camera/image_raw] /camera http://ubuntu:45658/
[rosmaster.master][INFO] 2017-10-05 18:14:03,145: +PUB [/image/theora] /mask_orange http://ubuntu:35195/
[rosmaster.master][INFO] 2017-10-05 18:14:03,146: +SERVICE [/image/theora/set_parameters] /mask_orange http://ubuntu:35195/
[rosmaster.master][INFO] 2017-10-05 18:14:03,146: +PUB [/image/theora/parameter_descriptions] /mask_orange http://ubuntu:35195/
[rosmaster.master][INFO] 2017-10-05 18:14:03,149: +PUB [/image/theora/parameter_updates] /mask_orange http://ubuntu:35195/
[rosmaster.master][INFO] 2017-10-05 18:14:03,153: +PARAM [/image/theora/optimize_for] by /mask_orange
[rosmaster.master][INFO] 2017-10-05 18:14:03,156: +PARAM [/image/theora/target_bitrate] by /mask_orange
[rosmaster.master][INFO] 2017-10-05 18:14:03,161: +PARAM [/image/theora/quality] by /mask_orange
[rosmaster.master][INFO] 2017-10-05 18:14:03,163: +PUB [/image_marked/theora] /view http://ubuntu:34624/
[rosmaster.master][INFO] 2017-10-05 18:14:03,164: +PARAM [/image/theora/keyframe_frequency] by /mask_orange
[rosmaster.master][INFO] 2017-10-05 18:14:03,165: +SERVICE [/image_marked/theora/set_parameters] /view http://ubuntu:34624/
[rosmaster.master][INFO] 2017-10-05 18:14:03,166: +PARAM [/image/theora/optimize_for] by /mask_orange
[rosmaster.master][INFO] 2017-10-05 18:14:03,169: +PUB [/image_marked/theora/parameter_descriptions] /view http://ubuntu:34624/
[rosmaster.master][INFO] 2017-10-05 18:14:03,170: +PARAM [/image/theora/target_bitrate] by /mask_orange
[rosmaster.master][INFO] 2017-10-05 18:14:03,171: +PUB [/image_marked/theora/parameter_updates] /view http://ubuntu:34624/
[rosmaster.master][INFO] 2017-10-05 18:14:03,172: +PARAM [/image/theora/quality] by /mask_orange
[rosmaster.master][INFO] 2017-10-05 18:14:03,176: +PARAM [/image/theora/keyframe_frequency] by /mask_orange
[rosmaster.master][INFO] 2017-10-05 18:14:03,182: +PARAM [/image_marked/theora/optimize_for] by /view
[rosmaster.master][INFO] 2017-10-05 18:14:03,183: +PARAM [/image_marked/theora/target_bitrate] by /view
[rosmaster.master][INFO] 2017-10-05 18:14:03,183: +PARAM [/image_marked/theora/quality] by /view
[rosmaster.master][INFO] 2017-10-05 18:14:03,184: +PARAM [/image_marked/theora/keyframe_frequency] by /view
[rosmaster.master][INFO] 2017-10-05 18:14:03,185: +PARAM [/image_marked/theora/optimize_for] by /view
[rosmaster.master][INFO] 2017-10-05 18:14:03,189: +PARAM [/image_marked/theora/target_bitrate] by /view
[rosmaster.master][INFO] 2017-10-05 18:14:03,190: +PARAM [/image_marked/theora/quality] by /view
[rosmaster.master][INFO] 2017-10-05 18:14:03,191: +PARAM [/image_marked/theora/keyframe_frequency] by /view
[rosmaster.master][INFO] 2017-10-05 18:14:03,215: +PUB [/camera/image_raw/theora] /camera http://ubuntu:45658/
[rosmaster.master][INFO] 2017-10-05 18:14:03,216: +SERVICE [/camera/image_raw/theora/set_parameters] /camera http://ubuntu:45658/
[rosmaster.master][INFO] 2017-10-05 18:14:03,217: +PUB [/camera/image_raw/theora/parameter_descriptions] /camera http://ubuntu:45658/
[rosmaster.master][INFO] 2017-10-05 18:14:03,218: +PUB [/camera/image_raw/theora/parameter_updates] /camera http://ubuntu:45658/
[rosmaster.master][INFO] 2017-10-05 18:14:03,221: +PARAM [/camera/image_raw/theora/optimize_for] by /camera
[rosmaster.master][INFO] 2017-10-05 18:14:03,225: +PARAM [/camera/image_raw/theora/target_bitrate] by /camera
[rosmaster.master][INFO] 2017-10-05 18:14:03,226: +PARAM [/camera/image_raw/theora/quality] by /camera
[rosmaster.master][INFO] 2017-10-05 18:14:03,227: publisherUpdate[/camera/image_raw] -> http://ubuntu:35195/ ['http://ubuntu:45658/']
[rosmaster.master][INFO] 2017-10-05 18:14:03,228: publisherUpdate[/camera/image_raw] -> http://ubuntu:35195/ ['http://ubuntu:45658/']: sec=0.00, result=[1, '', 0]
[rosmaster.master][INFO] 2017-10-05 18:14:03,229: +PARAM [/camera/image_raw/theora/keyframe_frequency] by /camera
[rosmaster.master][INFO] 2017-10-05 18:14:03,231: +PARAM [/camera/image_raw/theora/optimize_for] by /camera
[rosmaster.master][INFO] 2017-10-05 18:14:03,233: +PARAM [/camera/image_raw/theora/target_bitrate] by /camera
[rosmaster.master][INFO] 2017-10-05 18:14:03,233: +PARAM [/camera/image_raw/theora/quality] by /camera
[rosmaster.master][INFO] 2017-10-05 18:14:03,237: +PARAM [/camera/image_raw/theora/keyframe_frequency] by /camera
[rosmaster.master][INFO] 2017-10-05 18:14:03,238: +PUB [/camera/camera_info] /camera http://ubuntu:45658/
[rosmaster.master][INFO] 2017-10-05 18:14:03,254: +PUB [/image/marked/compressedDepth] /view http://ubuntu:34624/
[rosmaster.master][INFO] 2017-10-05 18:14:03,255: +SERVICE [/image/marked/compressedDepth/set_parameters] /view http://ubuntu:34624/
[rosmaster.master][INFO] 2017-10-05 18:14:03,257: +PUB [/image/marked/compressedDepth/parameter_descriptions] /view http://ubuntu:34624/
[rosmaster.master][INFO] 2017-10-05 18:14:03,258: +PUB [/image/marked/compressedDepth/parameter_updates] /view http://ubuntu:34624/
[rosmaster.master][INFO] 2017-10-05 18:14:03,263: +PARAM [/image/marked/compressedDepth/depth_max] by /view
[rosmaster.master][INFO] 2017-10-05 18:14:03,264: +PARAM [/image/marked/compressedDepth/depth_quantization] by /view
[rosmaster.master][INFO] 2017-10-05 18:14:03,265: +PARAM [/image/marked/compressedDepth/png_level] by /view
[rosmaster.master][INFO] 2017-10-05 18:14:03,266: +PARAM [/image/marked/compressedDepth/depth_max] by /view
[rosmaster.master][INFO] 2017-10-05 18:14:03,267: +PARAM [/image/marked/compressedDepth/depth_quantization] by /view
[rosmaster.master][INFO] 2017-10-05 18:14:04,014: +PARAM [/image/marked/compressedDepth/png_level] by /view
[rosmaster.master][INFO] 2017-10-05 18:14:04,072: +PUB [/image/marked/compressed] /view http://ubuntu:34624/
[rosmaster.master][INFO] 2017-10-05 18:14:04,073: +SERVICE [/image/marked/compressed/set_parameters] /view http://ubuntu:34624/
[rosmaster.master][INFO] 2017-10-05 18:14:04,074: +PUB [/image/marked/compressed/parameter_descriptions] /view http://ubuntu:34624/
[rosmaster.master][INFO] 2017-10-05 18:14:04,075: +PUB [/image/marked/compressed/parameter_updates] /view http://ubuntu:34624/
[rosmaster.master][INFO] 2017-10-05 18:14:04,077: +PARAM [/image/marked/compressed/format] by /view
[rosmaster.master][INFO] 2017-10-05 18:14:04,078: +PARAM [/image/marked/compressed/jpeg_quality] by /view
[rosmaster.master][INFO] 2017-10-05 18:14:04,079: +PARAM [/image/marked/compressed/png_level] by /view
[rosmaster.master][INFO] 2017-10-05 18:14:04,079: +PARAM [/image/marked/compressed/format] by /view
[rosmaster.master][INFO] 2017-10-05 18:14:04,080: +PARAM [/image/marked/compressed/jpeg_quality] by /view
[rosmaster.master][INFO] 2017-10-05 18:14:04,081: +PARAM [/image/marked/compressed/png_level] by /view
[rosmaster.master][INFO] 2017-10-05 18:14:04,110: +PUB [/image/marked] /view http://ubuntu:34624/
[rosmaster.master][INFO] 2017-10-05 18:14:04,161: +PUB [/image/marked/theora] /view http://ubuntu:34624/
[rosmaster.master][INFO] 2017-10-05 18:14:04,162: +SERVICE [/image/marked/theora/set_parameters] /view http://ubuntu:34624/
[rosmaster.master][INFO] 2017-10-05 18:14:04,163: +PUB [/image/marked/theora/parameter_descriptions] /view http://ubuntu:34624/
[rosmaster.master][INFO] 2017-10-05 18:14:04,164: +PUB [/image/marked/theora/parameter_updates] /view http://ubuntu:34624/
[rosmaster.master][INFO] 2017-10-05 18:14:04,170: +PARAM [/image/marked/theora/optimize_for] by /view
[rosmaster.master][INFO] 2017-10-05 18:14:04,170: +PARAM [/image/marked/theora/target_bitrate] by /view
[rosmaster.master][INFO] 2017-10-05 18:14:04,173: +PARAM [/image/marked/theora/quality] by /view
[rosmaster.master][INFO] 2017-10-05 18:14:04,174: +PARAM [/image/marked/theora/keyframe_frequency] by /view
[rosmaster.master][INFO] 2017-10-05 18:14:04,175: +PARAM [/image/marked/theora/optimize_for] by /view
[rosmaster.master][INFO] 2017-10-05 18:14:04,177: +PARAM [/image/marked/theora/target_bitrate] by /view
[rosmaster.master][INFO] 2017-10-05 18:14:04,178: +PARAM [/image/marked/theora/quality] by /view
[rosmaster.master][INFO] 2017-10-05 18:14:04,185: +PARAM [/image/marked/theora/keyframe_frequency] by /view
[rosmaster.master][INFO] 2017-10-05 18:14:04,250: +SUB [/image] /view http://ubuntu:34624/
[rosmaster.master][INFO] 2017-10-05 18:14:04,253: +SUB [/camera_info] /view http://ubuntu:34624/
[rosmaster.master][INFO] 2017-10-05 18:14:04,260: +SUB [/image_marker] /view http://ubuntu:34624/
[rosmaster.master][INFO] 2017-10-05 18:14:04,266: +SUB [/image/event] /view http://ubuntu:34624/
[rosmaster.master][INFO] 2017-10-05 18:14:04,267: +SERVICE [/view/change_mode] /view http://ubuntu:34624/
[rosmaster.master][INFO] 2017-10-05 18:14:04,269: +SERVICE [/view/rectangle_mode] /view http://ubuntu:34624/
[rosmaster.master][INFO] 2017-10-05 18:14:04,270: +SERVICE [/view/grabcut_mode] /view http://ubuntu:34624/
[rosmaster.master][INFO] 2017-10-05 18:14:04,273: +SERVICE [/view/grabcut_rect_mode] /view http://ubuntu:34624/
[rosmaster.master][INFO] 2017-10-05 18:14:04,274: +SERVICE [/view/line_mode] /view http://ubuntu:34624/
[rosmaster.master][INFO] 2017-10-05 18:14:04,277: +SERVICE [/view/poly_mode] /view http://ubuntu:34624/
[rosmaster.master][INFO] 2017-10-05 18:14:04,281: +SERVICE [/view/none_mode] /view http://ubuntu:34624/
[rosmaster.master][INFO] 2017-10-05 18:14:04,284: +SERVICE [/view/set_parameters] /view http://ubuntu:34624/
[rosmaster.master][INFO] 2017-10-05 18:14:04,286: +PUB [/view/parameter_descriptions] /view http://ubuntu:34624/
[rosmaster.master][INFO] 2017-10-05 18:14:04,287: +PUB [/view/parameter_updates] /view http://ubuntu:34624/
[rosmaster.master][INFO] 2017-10-05 18:14:04,298: +PARAM [/view/grid] by /view
[rosmaster.master][INFO] 2017-10-05 18:14:04,301: +PARAM [/view/fisheye_mode] by /view
[rosmaster.master][INFO] 2017-10-05 18:14:04,302: +PARAM [/view/div_u] by /view
[rosmaster.master][INFO] 2017-10-05 18:14:04,302: +PARAM [/view/div_v] by /view
[rosmaster.master][INFO] 2017-10-05 18:14:04,304: +PARAM [/view/grid_red] by /view
[rosmaster.master][INFO] 2017-10-05 18:14:04,307: +PARAM [/view/grid_green] by /view
[rosmaster.master][INFO] 2017-10-05 18:14:04,308: +PARAM [/view/grid_blue] by /view
[rosmaster.master][INFO] 2017-10-05 18:14:04,308: +PARAM [/view/grid_thickness] by /view
[rosmaster.master][INFO] 2017-10-05 18:14:04,311: +PARAM [/view/grid_space] by /view
[rosmaster.master][INFO] 2017-10-05 18:14:04,312: +PARAM [/view/grid] by /view
[rosmaster.master][INFO] 2017-10-05 18:14:04,313: +PARAM [/view/fisheye_mode] by /view
[rosmaster.master][INFO] 2017-10-05 18:14:04,314: +PARAM [/view/div_u] by /view
[rosmaster.master][INFO] 2017-10-05 18:14:04,317: +PARAM [/view/div_v] by /view
[rosmaster.master][INFO] 2017-10-05 18:14:04,321: +PARAM [/view/grid_red] by /view
[rosmaster.master][INFO] 2017-10-05 18:14:04,322: +PARAM [/view/grid_green] by /view
[rosmaster.master][INFO] 2017-10-05 18:14:04,323: +PARAM [/view/grid_blue] by /view
[rosmaster.master][INFO] 2017-10-05 18:14:04,323: +PARAM [/view/grid_thickness] by /view
[rosmaster.master][INFO] 2017-10-05 18:14:04,324: +PARAM [/view/grid_space] by /view
[rosmaster.master][INFO] 2017-10-05 18:14:07,536: -PUB [/rosout] /camera http://ubuntu:45658/
[rosmaster.master][INFO] 2017-10-05 18:14:07,537: -PUB [/camera/image_raw/compressedDepth] /camera http://ubuntu:45658/
[rosmaster.master][INFO] 2017-10-05 18:14:07,538: -PUB [/camera/image_raw/compressedDepth/parameter_descriptions] /camera http://ubuntu:45658/
[rosmaster.master][INFO] 2017-10-05 18:14:07,538: -PUB [/camera/image_raw/compressedDepth/parameter_updates] /camera http://ubuntu:45658/
[rosmaster.master][INFO] 2017-10-05 18:14:07,539: -PUB [/camera/image_raw/compressed] /camera http://ubuntu:45658/
[rosmaster.master][INFO] 2017-10-05 18:14:07,541: -PUB [/camera/image_raw/compressed/parameter_descriptions] /camera http://ubuntu:45658/
[rosmaster.master][INFO] 2017-10-05 18:14:07,543: -PUB [/camera/image_raw/compressed/parameter_updates] /camera http://ubuntu:45658/
[rosmaster.master][INFO] 2017-10-05 18:14:07,544: -PUB [/camera/image_raw] /camera http://ubuntu:45658/
[rosmaster.master][INFO] 2017-10-05 18:14:07,546: -PUB [/camera/image_raw/theora] /camera http://ubuntu:45658/
[rosmaster.master][INFO] 2017-10-05 18:14:07,550: -PUB [/camera/image_raw/theora/parameter_descriptions] /camera http://ubuntu:45658/
[rosmaster.master][INFO] 2017-10-05 18:14:07,551: -PUB [/camera/image_raw/theora/parameter_updates] /camera http://ubuntu:45658/
[rosmaster.master][INFO] 2017-10-05 18:14:07,553: -PUB [/camera/camera_info] /camera http://ubuntu:45658/
[rosmaster.master][INFO] 2017-10-05 18:14:07,555: -SERVICE [/camera/get_loggers] /camera rosrpc://ubuntu:42820
[rosmaster.master][INFO] 2017-10-05 18:14:07,556: -SERVICE [/camera/set_logger_level] /camera rosrpc://ubuntu:42820
[rosmaster.master][INFO] 2017-10-05 18:14:07,558: -SERVICE [/camera/set_camera_info] /camera rosrpc://ubuntu:42820
[rosmaster.master][INFO] 2017-10-05 18:14:07,559: -SERVICE [/camera/image_raw/compressedDepth/set_parameters] /camera rosrpc://ubuntu:42820
[rosmaster.master][INFO] 2017-10-05 18:14:07,560: -SERVICE [/camera/image_raw/compressed/set_parameters] /camera rosrpc://ubuntu:42820
[rosmaster.master][INFO] 2017-10-05 18:14:07,562: -SERVICE [/camera/image_raw/theora/set_parameters] /camera rosrpc://ubuntu:42820
[rosmaster.master][INFO] 2017-10-05 18:14:07,585: -PUB [/rosout] /view http://ubuntu:34624/
[rosmaster.master][INFO] 2017-10-05 18:14:07,587: -PUB [/image/screenpoint] /view http://ubuntu:34624/
[rosmaster.master][INFO] 2017-10-05 18:14:07,590: -PUB [/image/screenpoint_array] /view http://ubuntu:34624/
[rosmaster.master][INFO] 2017-10-05 18:14:07,591: -PUB [/image/screenrectangle] /view http://ubuntu:34624/
[rosmaster.master][INFO] 2017-10-05 18:14:07,593: -PUB [/image/screenrectangle_image] /view http://ubuntu:34624/
[rosmaster.master][INFO] 2017-10-05 18:14:07,595: -PUB [/image/movepoint] /view http://ubuntu:34624/
[rosmaster.master][INFO] 2017-10-05 18:14:07,595: -PUB [/image/foreground] /view http://ubuntu:34624/
[rosmaster.master][INFO] 2017-10-05 18:14:07,597: -PUB [/image/background] /view http://ubuntu:34624/
[rosmaster.master][INFO] 2017-10-05 18:14:07,597: -PUB [/image/foreground_rect] /view http://ubuntu:34624/
[rosmaster.master][INFO] 2017-10-05 18:14:07,599: -PUB [/image/background_rect] /view http://ubuntu:34624/
[rosmaster.master][INFO] 2017-10-05 18:14:07,601: -PUB [/image/line] /view http://ubuntu:34624/
[rosmaster.master][INFO] 2017-10-05 18:14:07,602: -PUB [/image/poly] /view http://ubuntu:34624/
[rosmaster.master][INFO] 2017-10-05 18:14:07,603: -PUB [/image_marked/compressedDepth] /view http://ubuntu:34624/
[rosmaster.master][INFO] 2017-10-05 18:14:07,605: -PUB [/image_marked/compressedDepth/parameter_descriptions] /view http://ubuntu:34624/
[rosmaster.master][INFO] 2017-10-05 18:14:07,606: -PUB [/image_marked/compressedDepth/parameter_updates] /view http://ubuntu:34624/
[rosmaster.master][INFO] 2017-10-05 18:14:07,607: -PUB [/image_marked/compressed] /view http://ubuntu:34624/
[rosmaster.master][INFO] 2017-10-05 18:14:07,609: -PUB [/image_marked/compressed/parameter_descriptions] /view http://ubuntu:34624/
[rosmaster.master][INFO] 2017-10-05 18:14:07,609: -PUB [/image_marked/compressed/parameter_updates] /view http://ubuntu:34624/
[rosmaster.master][INFO] 2017-10-05 18:14:07,613: -PUB [/image_marked] /view http://ubuntu:34624/
[rosmaster.master][INFO] 2017-10-05 18:14:07,615: -PUB [/image_marked/theora] /view http://ubuntu:34624/
[rosmaster.master][INFO] 2017-10-05 18:14:07,616: -PUB [/image_marked/theora/parameter_descriptions] /view http://ubuntu:34624/
[rosmaster.master][INFO] 2017-10-05 18:14:07,617: -PUB [/image_marked/theora/parameter_updates] /view http://ubuntu:34624/
[rosmaster.master][INFO] 2017-10-05 18:14:07,619: -PUB [/image/marked/compressedDepth] /view http://ubuntu:34624/
[rosmaster.master][INFO] 2017-10-05 18:14:07,620: -PUB [/image/marked/compressedDepth/parameter_descriptions] /view http://ubuntu:34624/
[rosmaster.master][INFO] 2017-10-05 18:14:07,621: -PUB [/image/marked/compressedDepth/parameter_updates] /view http://ubuntu:34624/
[rosmaster.master][INFO] 2017-10-05 18:14:07,622: -PUB [/image/marked/compressed] /view http://ubuntu:34624/
[rosmaster.master][INFO] 2017-10-05 18:14:07,624: -PUB [/image/marked/compressed/parameter_descriptions] /view http://ubuntu:34624/
[rosmaster.master][INFO] 2017-10-05 18:14:07,628: -PUB [/image/marked/compressed/parameter_updates] /view http://ubuntu:34624/
[rosmaster.master][INFO] 2017-10-05 18:14:07,629: -PUB [/image/marked] /view http://ubuntu:34624/
[rosmaster.master][INFO] 2017-10-05 18:14:07,631: publisherUpdate[/rosout] -> http://ubuntu:44600/ ['http://ubuntu:35195/', 'http://ubuntu:34624/']
[rosmaster.master][INFO] 2017-10-05 18:14:07,631: publisherUpdate[/camera/image_raw] -> http://ubuntu:35195/ []
[rosmaster.master][INFO] 2017-10-05 18:14:07,632: publisherUpdate[/rosout] -> http://ubuntu:44600/ ['http://ubuntu:35195/', 'http://ubuntu:34624/']: sec=0.00, result=[1, '', 0]
[rosmaster.master][INFO] 2017-10-05 18:14:07,632: publisherUpdate[/rosout] -> http://ubuntu:44600/ ['http://ubuntu:35195/']
[rosmaster.master][INFO] 2017-10-05 18:14:07,632: publisherUpdate[/camera/image_raw] -> http://ubuntu:35195/ []: sec=0.00, exception=[Errno 111] Connection refused
[rosmaster.threadpool][ERROR] 2017-10-05 18:14:07,633: Traceback (most recent call last):
  File "/opt/ros/kinetic/lib/python2.7/dist-packages/rosmaster/threadpool.py", line 218, in run
    result = cmd(*args)
  File "/opt/ros/kinetic/lib/python2.7/dist-packages/rosmaster/master_api.py", line 210, in publisher_update_task
    ret = xmlrpcapi(api).publisherUpdate('/master', topic, pub_uris)
  File "/usr/lib/python2.7/xmlrpclib.py", line 1243, in __call__
    return self.__send(self.__name, args)
  File "/usr/lib/python2.7/xmlrpclib.py", line 1602, in __request
    verbose=self.__verbose
  File "/usr/lib/python2.7/xmlrpclib.py", line 1283, in request
    return self.single_request(host, handler, request_body, verbose)
  File "/usr/lib/python2.7/xmlrpclib.py", line 1311, in single_request
    self.send_content(h, request_body)
  File "/usr/lib/python2.7/xmlrpclib.py", line 1459, in send_content
    connection.endheaders(request_body)
  File "/usr/lib/python2.7/httplib.py", line 1053, in endheaders
    self._send_output(message_body)
  File "/usr/lib/python2.7/httplib.py", line 897, in _send_output
    self.send(msg)
  File "/usr/lib/python2.7/httplib.py", line 859, in send
    self.connect()
  File "/usr/lib/python2.7/httplib.py", line 836, in connect
    self.timeout, self.source_address)
  File "/usr/lib/python2.7/socket.py", line 575, in create_connection
    raise err
error: [Errno 111] Connection refused

[rosmaster.master][INFO] 2017-10-05 18:14:07,633: publisherUpdate[/rosout] -> http://ubuntu:44600/ ['http://ubuntu:35195/']: sec=0.00, result=[1, '', 0]
[rosmaster.master][INFO] 2017-10-05 18:14:07,634: -PUB [/image/marked/theora] /view http://ubuntu:34624/
[rosmaster.master][INFO] 2017-10-05 18:14:07,637: -PUB [/image/marked/theora/parameter_descriptions] /view http://ubuntu:34624/
[rosmaster.master][INFO] 2017-10-05 18:14:07,639: -PUB [/image/marked/theora/parameter_updates] /view http://ubuntu:34624/
[rosmaster.master][INFO] 2017-10-05 18:14:07,641: -PUB [/view/parameter_descriptions] /view http://ubuntu:34624/
[rosmaster.master][INFO] 2017-10-05 18:14:07,642: -PUB [/view/parameter_updates] /view http://ubuntu:34624/
[rosmaster.master][INFO] 2017-10-05 18:14:07,643: -SUB [/tf] /view http://ubuntu:34624/
[rosmaster.master][INFO] 2017-10-05 18:14:07,645: -SUB [/tf_static] /view http://ubuntu:34624/
[rosmaster.master][INFO] 2017-10-05 18:14:07,647: -SUB [/image] /view http://ubuntu:34624/
[rosmaster.master][INFO] 2017-10-05 18:14:07,647: -SUB [/camera_info] /view http://ubuntu:34624/
[rosmaster.master][INFO] 2017-10-05 18:14:07,649: -SUB [/image_marker] /view http://ubuntu:34624/
[rosmaster.master][INFO] 2017-10-05 18:14:07,650: -SUB [/image/event] /view http://ubuntu:34624/
[rosmaster.master][INFO] 2017-10-05 18:14:07,651: -SERVICE [/view/get_loggers] /view rosrpc://ubuntu:41268
[rosmaster.master][INFO] 2017-10-05 18:14:07,653: -SERVICE [/view/set_logger_level] /view rosrpc://ubuntu:41268
[rosmaster.master][INFO] 2017-10-05 18:14:07,655: -SERVICE [/image_marked/compressedDepth/set_parameters] /view rosrpc://ubuntu:41268
[rosmaster.master][INFO] 2017-10-05 18:14:07,656: -SERVICE [/image_marked/compressed/set_parameters] /view rosrpc://ubuntu:41268
[rosmaster.master][INFO] 2017-10-05 18:14:07,657: -SERVICE [/image_marked/theora/set_parameters] /view rosrpc://ubuntu:41268
[rosmaster.master][INFO] 2017-10-05 18:14:07,659: -SERVICE [/image/marked/compressedDepth/set_parameters] /view rosrpc://ubuntu:41268
[rosmaster.master][INFO] 2017-10-05 18:14:07,660: -SERVICE [/image/marked/compressed/set_parameters] /view rosrpc://ubuntu:41268
[rosmaster.master][INFO] 2017-10-05 18:14:07,660: -SERVICE [/image/marked/theora/set_parameters] /view rosrpc://ubuntu:41268
[rosmaster.master][INFO] 2017-10-05 18:14:07,662: -SERVICE [/view/change_mode] /view rosrpc://ubuntu:41268
[rosmaster.master][INFO] 2017-10-05 18:14:07,663: -SERVICE [/view/rectangle_mode] /view rosrpc://ubuntu:41268
[rosmaster.master][INFO] 2017-10-05 18:14:07,668: -SERVICE [/view/grabcut_mode] /view rosrpc://ubuntu:41268
[rosmaster.master][INFO] 2017-10-05 18:14:07,669: -SERVICE [/view/grabcut_rect_mode] /view rosrpc://ubuntu:41268
[rosmaster.master][INFO] 2017-10-05 18:14:07,670: -SERVICE [/view/line_mode] /view rosrpc://ubuntu:41268
[rosmaster.master][INFO] 2017-10-05 18:14:07,671: -SERVICE [/view/poly_mode] /view rosrpc://ubuntu:41268
[rosmaster.master][INFO] 2017-10-05 18:14:07,672: -SERVICE [/view/none_mode] /view rosrpc://ubuntu:41268
[rosmaster.master][INFO] 2017-10-05 18:14:07,673: -SERVICE [/view/set_parameters] /view rosrpc://ubuntu:41268
[rosmaster.master][INFO] 2017-10-05 18:14:08,134: -PUB [/rosout_agg] /rosout http://ubuntu:44600/
[rosmaster.master][INFO] 2017-10-05 18:14:08,135: -SUB [/rosout] /rosout http://ubuntu:44600/
[rosmaster.master][INFO] 2017-10-05 18:14:08,136: -SERVICE [/rosout/get_loggers] /rosout rosrpc://ubuntu:39898
[rosmaster.master][INFO] 2017-10-05 18:14:08,141: -SERVICE [/rosout/set_logger_level] /rosout rosrpc://ubuntu:39898
[rosmaster.main][INFO] 2017-10-05 18:14:08,247: keyboard interrupt, will exit
[rosmaster.main][INFO] 2017-10-05 18:14:08,247: stopping master...
[rospy.core][INFO] 2017-10-05 18:14:08,248: signal_shutdown [atexit]
