[rosmaster.main][INFO] 2017-09-21 18:38:22,750: initialization complete, waiting for shutdown
[rosmaster.main][INFO] 2017-09-21 18:38:22,750: Starting ROS Master Node
[xmlrpc][INFO] 2017-09-21 18:38:22,751: XML-RPC server binding to 0.0.0.0:11311
[xmlrpc][INFO] 2017-09-21 18:38:22,751: Started XML-RPC server [http://ubuntu:11311/]
[xmlrpc][INFO] 2017-09-21 18:38:22,751: xml rpc node: starting XML-RPC server
[rosmaster.master][INFO] 2017-09-21 18:38:22,751: Master initialized: port[11311], uri[http://ubuntu:11311/]
[rosmaster.master][INFO] 2017-09-21 18:38:22,787: +PARAM [/run_id] by /roslaunch
[rosmaster.master][INFO] 2017-09-21 18:38:22,788: +PARAM [/roslaunch/uris/host_ubuntu__33707] by /roslaunch
[rosmaster.master][INFO] 2017-09-21 18:38:22,864: +PARAM [/rosversion] by /roslaunch
[rosmaster.master][INFO] 2017-09-21 18:38:22,864: +PARAM [/rosdistro] by /roslaunch
[rosmaster.master][INFO] 2017-09-21 18:38:22,864: +PARAM [/camera/device_id] by /roslaunch
[rosmaster.master][INFO] 2017-09-21 18:38:22,883: +SERVICE [/rosout/get_loggers] /rosout http://ubuntu:38705/
[rosmaster.master][INFO] 2017-09-21 18:38:22,896: +SERVICE [/rosout/set_logger_level] /rosout http://ubuntu:38705/
[rosmaster.master][INFO] 2017-09-21 18:38:22,900: +PUB [/rosout_agg] /rosout http://ubuntu:38705/
[rosmaster.master][INFO] 2017-09-21 18:38:22,917: +SUB [/rosout] /rosout http://ubuntu:38705/
[rosmaster.master][INFO] 2017-09-21 18:38:23,009: +PUB [/rosout] /image_converter http://ubuntu:36344/
[rosmaster.master][INFO] 2017-09-21 18:38:23,010: +SERVICE [/image_converter/get_loggers] /image_converter http://ubuntu:36344/
[rosmaster.master][INFO] 2017-09-21 18:38:23,011: +SERVICE [/image_converter/set_logger_level] /image_converter http://ubuntu:36344/
[rosmaster.master][INFO] 2017-09-21 18:38:23,052: publisherUpdate[/rosout] -> http://ubuntu:38705/ ['http://ubuntu:36344/']
[rosmaster.master][INFO] 2017-09-21 18:38:23,053: publisherUpdate[/rosout] -> http://ubuntu:38705/ ['http://ubuntu:36344/']: sec=0.00, result=[1, '', 0]
[rosmaster.master][INFO] 2017-09-21 18:38:23,055: +PUB [/rosout] /view http://ubuntu:37610/
[rosmaster.master][INFO] 2017-09-21 18:38:23,056: +SERVICE [/view/get_loggers] /view http://ubuntu:37610/
[rosmaster.master][INFO] 2017-09-21 18:38:23,057: +SERVICE [/view/set_logger_level] /view http://ubuntu:37610/
[rosmaster.master][INFO] 2017-09-21 18:38:23,067: +SUB [/tf] /view http://ubuntu:37610/
[rosmaster.master][INFO] 2017-09-21 18:38:23,076: +PUB [/rosout] /camera http://ubuntu:34739/
[rosmaster.master][INFO] 2017-09-21 18:38:23,077: +SERVICE [/camera/get_loggers] /camera http://ubuntu:34739/
[rosmaster.master][INFO] 2017-09-21 18:38:23,078: +SERVICE [/camera/set_logger_level] /camera http://ubuntu:34739/
[rosmaster.master][INFO] 2017-09-21 18:38:23,082: +SUB [/tf_static] /view http://ubuntu:37610/
[rosmaster.master][INFO] 2017-09-21 18:38:23,146: +PUB [/image/screenpoint] /view http://ubuntu:37610/
[rosmaster.master][INFO] 2017-09-21 18:38:23,147: +SERVICE [/camera/set_camera_info] /camera http://ubuntu:34739/
[rosmaster.master][INFO] 2017-09-21 18:38:23,148: +PUB [/image/screenpoint_array] /view http://ubuntu:37610/
[rosmaster.master][INFO] 2017-09-21 18:38:23,149: +PUB [/image/screenrectangle] /view http://ubuntu:37610/
[rosmaster.master][INFO] 2017-09-21 18:38:23,150: +PUB [/image/screenrectangle_image] /view http://ubuntu:37610/
[rosmaster.master][INFO] 2017-09-21 18:38:23,151: +PUB [/image/movepoint] /view http://ubuntu:37610/
[rosmaster.master][INFO] 2017-09-21 18:38:23,152: +PUB [/image/foreground] /view http://ubuntu:37610/
[rosmaster.master][INFO] 2017-09-21 18:38:23,153: publisherUpdate[/rosout] -> http://ubuntu:38705/ ['http://ubuntu:36344/', 'http://ubuntu:37610/']
[rosmaster.master][INFO] 2017-09-21 18:38:23,154: publisherUpdate[/rosout] -> http://ubuntu:38705/ ['http://ubuntu:36344/', 'http://ubuntu:37610/']: sec=0.00, result=[1, '', 0]
[rosmaster.master][INFO] 2017-09-21 18:38:23,154: publisherUpdate[/rosout] -> http://ubuntu:38705/ ['http://ubuntu:36344/', 'http://ubuntu:37610/', 'http://ubuntu:34739/']
[rosmaster.master][INFO] 2017-09-21 18:38:23,155: publisherUpdate[/rosout] -> http://ubuntu:38705/ ['http://ubuntu:36344/', 'http://ubuntu:37610/', 'http://ubuntu:34739/']: sec=0.00, result=[1, '', 0]
[rosmaster.master][INFO] 2017-09-21 18:38:23,156: +PUB [/image/background] /view http://ubuntu:37610/
[rosmaster.master][INFO] 2017-09-21 18:38:23,157: +PUB [/image/foreground_rect] /view http://ubuntu:37610/
[rosmaster.master][INFO] 2017-09-21 18:38:23,159: +PUB [/image/background_rect] /view http://ubuntu:37610/
[rosmaster.master][INFO] 2017-09-21 18:38:23,160: +PUB [/image/line] /view http://ubuntu:37610/
[rosmaster.master][INFO] 2017-09-21 18:38:23,162: +PUB [/image/poly] /view http://ubuntu:37610/
[rosmaster.master][INFO] 2017-09-21 18:38:23,163: +SUB [/camera/image_raw] /image_converter http://ubuntu:36344/
[rosmaster.master][INFO] 2017-09-21 18:38:23,221: +PUB [/image/compressedDepth] /image_converter http://ubuntu:36344/
[rosmaster.master][INFO] 2017-09-21 18:38:23,222: +SERVICE [/image/compressedDepth/set_parameters] /image_converter http://ubuntu:36344/
[rosmaster.master][INFO] 2017-09-21 18:38:23,223: +PUB [/image/compressedDepth/parameter_descriptions] /image_converter http://ubuntu:36344/
[rosmaster.master][INFO] 2017-09-21 18:38:23,223: +PUB [/image/compressedDepth/parameter_updates] /image_converter http://ubuntu:36344/
[rosmaster.master][INFO] 2017-09-21 18:38:23,228: +PARAM [/image/compressedDepth/depth_max] by /image_converter
[rosmaster.master][INFO] 2017-09-21 18:38:23,230: +PARAM [/image/compressedDepth/depth_quantization] by /image_converter
[rosmaster.master][INFO] 2017-09-21 18:38:23,231: +PARAM [/image/compressedDepth/png_level] by /image_converter
[rosmaster.master][INFO] 2017-09-21 18:38:23,233: +PUB [/image_marked/compressedDepth] /view http://ubuntu:37610/
[rosmaster.master][INFO] 2017-09-21 18:38:23,233: +PARAM [/image/compressedDepth/depth_max] by /image_converter
[rosmaster.master][INFO] 2017-09-21 18:38:23,234: +SERVICE [/image_marked/compressedDepth/set_parameters] /view http://ubuntu:37610/
[rosmaster.master][INFO] 2017-09-21 18:38:23,235: +PARAM [/image/compressedDepth/depth_quantization] by /image_converter
[rosmaster.master][INFO] 2017-09-21 18:38:23,235: +PUB [/image_marked/compressedDepth/parameter_descriptions] /view http://ubuntu:37610/
[rosmaster.master][INFO] 2017-09-21 18:38:23,236: +PARAM [/image/compressedDepth/png_level] by /image_converter
[rosmaster.master][INFO] 2017-09-21 18:38:23,243: +PUB [/image_marked/compressedDepth/parameter_updates] /view http://ubuntu:37610/
[rosmaster.master][INFO] 2017-09-21 18:38:23,245: +PARAM [/image_marked/compressedDepth/depth_max] by /view
[rosmaster.master][INFO] 2017-09-21 18:38:23,247: +PARAM [/image_marked/compressedDepth/depth_quantization] by /view
[rosmaster.master][INFO] 2017-09-21 18:38:23,249: +PARAM [/image_marked/compressedDepth/png_level] by /view
[rosmaster.master][INFO] 2017-09-21 18:38:23,250: +PARAM [/image_marked/compressedDepth/depth_max] by /view
[rosmaster.master][INFO] 2017-09-21 18:38:23,251: +PARAM [/image_marked/compressedDepth/depth_quantization] by /view
[rosmaster.master][INFO] 2017-09-21 18:38:23,253: +PARAM [/image_marked/compressedDepth/png_level] by /view
[rosmaster.master][INFO] 2017-09-21 18:38:23,297: +PUB [/image/compressed] /image_converter http://ubuntu:36344/
[rosmaster.master][INFO] 2017-09-21 18:38:23,298: +SERVICE [/image/compressed/set_parameters] /image_converter http://ubuntu:36344/
[rosmaster.master][INFO] 2017-09-21 18:38:23,298: +PUB [/image/compressed/parameter_descriptions] /image_converter http://ubuntu:36344/
[rosmaster.master][INFO] 2017-09-21 18:38:23,299: +PUB [/image/compressed/parameter_updates] /image_converter http://ubuntu:36344/
[rosmaster.master][INFO] 2017-09-21 18:38:23,303: +PARAM [/image/compressed/format] by /image_converter
[rosmaster.master][INFO] 2017-09-21 18:38:23,305: +PARAM [/image/compressed/jpeg_quality] by /image_converter
[rosmaster.master][INFO] 2017-09-21 18:38:23,308: +PARAM [/image/compressed/png_level] by /image_converter
[rosmaster.master][INFO] 2017-09-21 18:38:23,309: +PARAM [/image/compressed/format] by /image_converter
[rosmaster.master][INFO] 2017-09-21 18:38:23,309: +PARAM [/image/compressed/jpeg_quality] by /image_converter
[rosmaster.master][INFO] 2017-09-21 18:38:23,310: +PUB [/image_marked/compressed] /view http://ubuntu:37610/
[rosmaster.master][INFO] 2017-09-21 18:38:23,311: +PARAM [/image/compressed/png_level] by /image_converter
[rosmaster.master][INFO] 2017-09-21 18:38:23,317: +SERVICE [/image_marked/compressed/set_parameters] /view http://ubuntu:37610/
[rosmaster.master][INFO] 2017-09-21 18:38:23,318: +PUB [/image_marked/compressed/parameter_descriptions] /view http://ubuntu:37610/
[rosmaster.master][INFO] 2017-09-21 18:38:23,318: +PUB [/image_marked/compressed/parameter_updates] /view http://ubuntu:37610/
[rosmaster.master][INFO] 2017-09-21 18:38:23,323: +PARAM [/image_marked/compressed/format] by /view
[rosmaster.master][INFO] 2017-09-21 18:38:23,324: +PARAM [/image_marked/compressed/jpeg_quality] by /view
[rosmaster.master][INFO] 2017-09-21 18:38:23,326: +PARAM [/image_marked/compressed/png_level] by /view
[rosmaster.master][INFO] 2017-09-21 18:38:23,327: +PARAM [/image_marked/compressed/format] by /view
[rosmaster.master][INFO] 2017-09-21 18:38:23,330: +PARAM [/image_marked/compressed/jpeg_quality] by /view
[rosmaster.master][INFO] 2017-09-21 18:38:23,332: +PARAM [/image_marked/compressed/png_level] by /view
[rosmaster.master][INFO] 2017-09-21 18:38:23,382: +PUB [/image] /image_converter http://ubuntu:36344/
[rosmaster.master][INFO] 2017-09-21 18:38:23,422: +PUB [/image_marked] /view http://ubuntu:37610/
[rosmaster.master][INFO] 2017-09-21 18:38:23,453: +PUB [/camera/image_raw/compressedDepth] /camera http://ubuntu:34739/
[rosmaster.master][INFO] 2017-09-21 18:38:23,454: +SERVICE [/camera/image_raw/compressedDepth/set_parameters] /camera http://ubuntu:34739/
[rosmaster.master][INFO] 2017-09-21 18:38:23,458: +PUB [/camera/image_raw/compressedDepth/parameter_descriptions] /camera http://ubuntu:34739/
[rosmaster.master][INFO] 2017-09-21 18:38:23,464: +PUB [/camera/image_raw/compressedDepth/parameter_updates] /camera http://ubuntu:34739/
[rosmaster.master][INFO] 2017-09-21 18:38:23,464: +PUB [/image/theora] /image_converter http://ubuntu:36344/
[rosmaster.master][INFO] 2017-09-21 18:38:23,466: +SERVICE [/image/theora/set_parameters] /image_converter http://ubuntu:36344/
[rosmaster.master][INFO] 2017-09-21 18:38:23,467: +PUB [/image/theora/parameter_descriptions] /image_converter http://ubuntu:36344/
[rosmaster.master][INFO] 2017-09-21 18:38:23,471: +PUB [/image/theora/parameter_updates] /image_converter http://ubuntu:36344/
[rosmaster.master][INFO] 2017-09-21 18:38:23,472: +PARAM [/camera/image_raw/compressedDepth/depth_max] by /camera
[rosmaster.master][INFO] 2017-09-21 18:38:23,475: +PARAM [/camera/image_raw/compressedDepth/depth_quantization] by /camera
[rosmaster.master][INFO] 2017-09-21 18:38:23,476: +PARAM [/camera/image_raw/compressedDepth/png_level] by /camera
[rosmaster.master][INFO] 2017-09-21 18:38:23,479: +PARAM [/camera/image_raw/compressedDepth/depth_max] by /camera
[rosmaster.master][INFO] 2017-09-21 18:38:23,483: +PARAM [/camera/image_raw/compressedDepth/depth_quantization] by /camera
[rosmaster.master][INFO] 2017-09-21 18:38:23,484: +PARAM [/image/theora/optimize_for] by /image_converter
[rosmaster.master][INFO] 2017-09-21 18:38:23,484: +PARAM [/camera/image_raw/compressedDepth/png_level] by /camera
[rosmaster.master][INFO] 2017-09-21 18:38:23,490: +PARAM [/image/theora/target_bitrate] by /image_converter
[rosmaster.master][INFO] 2017-09-21 18:38:23,493: +PARAM [/image/theora/quality] by /image_converter
[rosmaster.master][INFO] 2017-09-21 18:38:23,494: +PARAM [/image/theora/keyframe_frequency] by /image_converter
[rosmaster.master][INFO] 2017-09-21 18:38:23,495: +PARAM [/image/theora/optimize_for] by /image_converter
[rosmaster.master][INFO] 2017-09-21 18:38:23,497: +PUB [/image_marked/theora] /view http://ubuntu:37610/
[rosmaster.master][INFO] 2017-09-21 18:38:23,501: +PARAM [/image/theora/target_bitrate] by /image_converter
[rosmaster.master][INFO] 2017-09-21 18:38:23,502: +SERVICE [/image_marked/theora/set_parameters] /view http://ubuntu:37610/
[rosmaster.master][INFO] 2017-09-21 18:38:23,503: +PARAM [/image/theora/quality] by /image_converter
[rosmaster.master][INFO] 2017-09-21 18:38:23,504: +PUB [/image_marked/theora/parameter_descriptions] /view http://ubuntu:37610/
[rosmaster.master][INFO] 2017-09-21 18:38:23,504: +PARAM [/image/theora/keyframe_frequency] by /image_converter
[rosmaster.master][INFO] 2017-09-21 18:38:23,506: +PUB [/image_marked/theora/parameter_updates] /view http://ubuntu:37610/
[rosmaster.master][INFO] 2017-09-21 18:38:23,512: +PARAM [/image_marked/theora/optimize_for] by /view
[rosmaster.master][INFO] 2017-09-21 18:38:23,513: +PARAM [/image_marked/theora/target_bitrate] by /view
[rosmaster.master][INFO] 2017-09-21 18:38:23,513: +PARAM [/image_marked/theora/quality] by /view
[rosmaster.master][INFO] 2017-09-21 18:38:23,518: +PARAM [/image_marked/theora/keyframe_frequency] by /view
[rosmaster.master][INFO] 2017-09-21 18:38:23,519: +PARAM [/image_marked/theora/optimize_for] by /view
[rosmaster.master][INFO] 2017-09-21 18:38:23,520: +PARAM [/image_marked/theora/target_bitrate] by /view
[rosmaster.master][INFO] 2017-09-21 18:38:23,521: +PARAM [/image_marked/theora/quality] by /view
[rosmaster.master][INFO] 2017-09-21 18:38:23,521: +PARAM [/image_marked/theora/keyframe_frequency] by /view
[rosmaster.master][INFO] 2017-09-21 18:38:23,546: +PUB [/camera/image_raw/compressed] /camera http://ubuntu:34739/
[rosmaster.master][INFO] 2017-09-21 18:38:23,547: +SERVICE [/camera/image_raw/compressed/set_parameters] /camera http://ubuntu:34739/
[rosmaster.master][INFO] 2017-09-21 18:38:23,548: +PUB [/camera/image_raw/compressed/parameter_descriptions] /camera http://ubuntu:34739/
[rosmaster.master][INFO] 2017-09-21 18:38:23,549: +PUB [/camera/image_raw/compressed/parameter_updates] /camera http://ubuntu:34739/
[rosmaster.master][INFO] 2017-09-21 18:38:23,551: +PARAM [/camera/image_raw/compressed/format] by /camera
[rosmaster.master][INFO] 2017-09-21 18:38:23,552: +PARAM [/camera/image_raw/compressed/jpeg_quality] by /camera
[rosmaster.master][INFO] 2017-09-21 18:38:23,552: +PARAM [/camera/image_raw/compressed/png_level] by /camera
[rosmaster.master][INFO] 2017-09-21 18:38:23,555: +PARAM [/camera/image_raw/compressed/format] by /camera
[rosmaster.master][INFO] 2017-09-21 18:38:23,555: +PARAM [/camera/image_raw/compressed/jpeg_quality] by /camera
[rosmaster.master][INFO] 2017-09-21 18:38:23,556: +PARAM [/camera/image_raw/compressed/png_level] by /camera
[rosmaster.master][INFO] 2017-09-21 18:38:23,579: +PUB [/image/marked/compressedDepth] /view http://ubuntu:37610/
[rosmaster.master][INFO] 2017-09-21 18:38:23,580: +SERVICE [/image/marked/compressedDepth/set_parameters] /view http://ubuntu:37610/
[rosmaster.master][INFO] 2017-09-21 18:38:23,580: +PUB [/image/marked/compressedDepth/parameter_descriptions] /view http://ubuntu:37610/
[rosmaster.master][INFO] 2017-09-21 18:38:23,583: +PUB [/image/marked/compressedDepth/parameter_updates] /view http://ubuntu:37610/
[rosmaster.master][INFO] 2017-09-21 18:38:23,585: +PARAM [/image/marked/compressedDepth/depth_max] by /view
[rosmaster.master][INFO] 2017-09-21 18:38:23,585: +PARAM [/image/marked/compressedDepth/depth_quantization] by /view
[rosmaster.master][INFO] 2017-09-21 18:38:23,586: +PARAM [/image/marked/compressedDepth/png_level] by /view
[rosmaster.master][INFO] 2017-09-21 18:38:23,591: +PARAM [/image/marked/compressedDepth/depth_max] by /view
[rosmaster.master][INFO] 2017-09-21 18:38:23,591: +PARAM [/image/marked/compressedDepth/depth_quantization] by /view
[rosmaster.master][INFO] 2017-09-21 18:38:23,592: +PARAM [/image/marked/compressedDepth/png_level] by /view
[rosmaster.master][INFO] 2017-09-21 18:38:23,615: +PUB [/camera/image_raw] /camera http://ubuntu:34739/
[rosmaster.master][INFO] 2017-09-21 18:38:23,643: +PUB [/image/marked/compressed] /view http://ubuntu:37610/
[rosmaster.master][INFO] 2017-09-21 18:38:23,643: +SERVICE [/image/marked/compressed/set_parameters] /view http://ubuntu:37610/
[rosmaster.master][INFO] 2017-09-21 18:38:23,644: +PUB [/image/marked/compressed/parameter_descriptions] /view http://ubuntu:37610/
[rosmaster.master][INFO] 2017-09-21 18:38:23,645: +PUB [/image/marked/compressed/parameter_updates] /view http://ubuntu:37610/
[rosmaster.master][INFO] 2017-09-21 18:38:23,650: +PARAM [/image/marked/compressed/format] by /view
[rosmaster.master][INFO] 2017-09-21 18:38:23,651: +PARAM [/image/marked/compressed/jpeg_quality] by /view
[rosmaster.master][INFO] 2017-09-21 18:38:23,652: +PARAM [/image/marked/compressed/png_level] by /view
[rosmaster.master][INFO] 2017-09-21 18:38:23,652: +PARAM [/image/marked/compressed/format] by /view
[rosmaster.master][INFO] 2017-09-21 18:38:23,653: +PARAM [/image/marked/compressed/jpeg_quality] by /view
[rosmaster.master][INFO] 2017-09-21 18:38:23,654: +PARAM [/image/marked/compressed/png_level] by /view
[rosmaster.master][INFO] 2017-09-21 18:38:23,662: publisherUpdate[/camera/image_raw] -> http://ubuntu:36344/ ['http://ubuntu:34739/']
[rosmaster.master][INFO] 2017-09-21 18:38:23,663: publisherUpdate[/camera/image_raw] -> http://ubuntu:36344/ ['http://ubuntu:34739/']: sec=0.00, result=[1, '', 0]
[rosmaster.master][INFO] 2017-09-21 18:38:23,683: +PUB [/camera/image_raw/theora] /camera http://ubuntu:34739/
[rosmaster.master][INFO] 2017-09-21 18:38:23,684: +SERVICE [/camera/image_raw/theora/set_parameters] /camera http://ubuntu:34739/
[rosmaster.master][INFO] 2017-09-21 18:38:23,684: +PUB [/camera/image_raw/theora/parameter_descriptions] /camera http://ubuntu:34739/
[rosmaster.master][INFO] 2017-09-21 18:38:23,686: +PUB [/camera/image_raw/theora/parameter_updates] /camera http://ubuntu:34739/
[rosmaster.master][INFO] 2017-09-21 18:38:23,688: +PARAM [/camera/image_raw/theora/optimize_for] by /camera
[rosmaster.master][INFO] 2017-09-21 18:38:23,689: +PARAM [/camera/image_raw/theora/target_bitrate] by /camera
[rosmaster.master][INFO] 2017-09-21 18:38:23,690: +PARAM [/camera/image_raw/theora/quality] by /camera
[rosmaster.master][INFO] 2017-09-21 18:38:23,694: +PARAM [/camera/image_raw/theora/keyframe_frequency] by /camera
[rosmaster.master][INFO] 2017-09-21 18:38:23,695: +PARAM [/camera/image_raw/theora/optimize_for] by /camera
[rosmaster.master][INFO] 2017-09-21 18:38:23,695: +PARAM [/camera/image_raw/theora/target_bitrate] by /camera
[rosmaster.master][INFO] 2017-09-21 18:38:23,696: +PARAM [/camera/image_raw/theora/quality] by /camera
[rosmaster.master][INFO] 2017-09-21 18:38:23,697: +PARAM [/camera/image_raw/theora/keyframe_frequency] by /camera
[rosmaster.master][INFO] 2017-09-21 18:38:23,700: +PUB [/camera/camera_info] /camera http://ubuntu:34739/
[rosmaster.master][INFO] 2017-09-21 18:38:23,714: +PUB [/image/marked] /view http://ubuntu:37610/
[rosmaster.master][INFO] 2017-09-21 18:38:23,744: +PUB [/image/marked/theora] /view http://ubuntu:37610/
[rosmaster.master][INFO] 2017-09-21 18:38:23,745: +SERVICE [/image/marked/theora/set_parameters] /view http://ubuntu:37610/
[rosmaster.master][INFO] 2017-09-21 18:38:23,746: +PUB [/image/marked/theora/parameter_descriptions] /view http://ubuntu:37610/
[rosmaster.master][INFO] 2017-09-21 18:38:23,747: +PUB [/image/marked/theora/parameter_updates] /view http://ubuntu:37610/
[rosmaster.master][INFO] 2017-09-21 18:38:23,749: +PARAM [/image/marked/theora/optimize_for] by /view
[rosmaster.master][INFO] 2017-09-21 18:38:23,750: +PARAM [/image/marked/theora/target_bitrate] by /view
[rosmaster.master][INFO] 2017-09-21 18:38:23,751: +PARAM [/image/marked/theora/quality] by /view
[rosmaster.master][INFO] 2017-09-21 18:38:23,751: +PARAM [/image/marked/theora/keyframe_frequency] by /view
[rosmaster.master][INFO] 2017-09-21 18:38:23,752: +PARAM [/image/marked/theora/optimize_for] by /view
[rosmaster.master][INFO] 2017-09-21 18:38:23,753: +PARAM [/image/marked/theora/target_bitrate] by /view
[rosmaster.master][INFO] 2017-09-21 18:38:23,753: +PARAM [/image/marked/theora/quality] by /view
[rosmaster.master][INFO] 2017-09-21 18:38:23,754: +PARAM [/image/marked/theora/keyframe_frequency] by /view
[rosmaster.master][INFO] 2017-09-21 18:38:23,784: +SUB [/image] /view http://ubuntu:37610/
[rosmaster.master][INFO] 2017-09-21 18:38:23,787: +SUB [/camera_info] /view http://ubuntu:37610/
[rosmaster.master][INFO] 2017-09-21 18:38:23,790: +SUB [/image_marker] /view http://ubuntu:37610/
[rosmaster.master][INFO] 2017-09-21 18:38:23,793: +SUB [/image/event] /view http://ubuntu:37610/
[rosmaster.master][INFO] 2017-09-21 18:38:23,794: +SERVICE [/view/change_mode] /view http://ubuntu:37610/
[rosmaster.master][INFO] 2017-09-21 18:38:23,795: +SERVICE [/view/rectangle_mode] /view http://ubuntu:37610/
[rosmaster.master][INFO] 2017-09-21 18:38:23,796: +SERVICE [/view/grabcut_mode] /view http://ubuntu:37610/
[rosmaster.master][INFO] 2017-09-21 18:38:23,796: +SERVICE [/view/grabcut_rect_mode] /view http://ubuntu:37610/
[rosmaster.master][INFO] 2017-09-21 18:38:23,797: +SERVICE [/view/line_mode] /view http://ubuntu:37610/
[rosmaster.master][INFO] 2017-09-21 18:38:23,798: +SERVICE [/view/poly_mode] /view http://ubuntu:37610/
[rosmaster.master][INFO] 2017-09-21 18:38:23,798: +SERVICE [/view/none_mode] /view http://ubuntu:37610/
[rosmaster.master][INFO] 2017-09-21 18:38:23,799: +SERVICE [/view/set_parameters] /view http://ubuntu:37610/
[rosmaster.master][INFO] 2017-09-21 18:38:23,800: +PUB [/view/parameter_descriptions] /view http://ubuntu:37610/
[rosmaster.master][INFO] 2017-09-21 18:38:23,801: +PUB [/view/parameter_updates] /view http://ubuntu:37610/
[rosmaster.master][INFO] 2017-09-21 18:38:23,806: +PARAM [/view/grid] by /view
[rosmaster.master][INFO] 2017-09-21 18:38:23,807: +PARAM [/view/fisheye_mode] by /view
[rosmaster.master][INFO] 2017-09-21 18:38:23,807: +PARAM [/view/div_u] by /view
[rosmaster.master][INFO] 2017-09-21 18:38:23,808: +PARAM [/view/div_v] by /view
[rosmaster.master][INFO] 2017-09-21 18:38:23,809: +PARAM [/view/grid_red] by /view
[rosmaster.master][INFO] 2017-09-21 18:38:23,809: +PARAM [/view/grid_green] by /view
[rosmaster.master][INFO] 2017-09-21 18:38:23,810: +PARAM [/view/grid_blue] by /view
[rosmaster.master][INFO] 2017-09-21 18:38:23,811: +PARAM [/view/grid_thickness] by /view
[rosmaster.master][INFO] 2017-09-21 18:38:23,811: +PARAM [/view/grid_space] by /view
[rosmaster.master][INFO] 2017-09-21 18:38:23,812: +PARAM [/view/grid] by /view
[rosmaster.master][INFO] 2017-09-21 18:38:23,813: +PARAM [/view/fisheye_mode] by /view
[rosmaster.master][INFO] 2017-09-21 18:38:23,813: +PARAM [/view/div_u] by /view
[rosmaster.master][INFO] 2017-09-21 18:38:23,814: +PARAM [/view/div_v] by /view
[rosmaster.master][INFO] 2017-09-21 18:38:23,815: +PARAM [/view/grid_red] by /view
[rosmaster.master][INFO] 2017-09-21 18:38:23,816: +PARAM [/view/grid_green] by /view
[rosmaster.master][INFO] 2017-09-21 18:38:23,816: +PARAM [/view/grid_blue] by /view
[rosmaster.master][INFO] 2017-09-21 18:38:23,817: +PARAM [/view/grid_thickness] by /view
[rosmaster.master][INFO] 2017-09-21 18:38:23,817: +PARAM [/view/grid_space] by /view
[rosmaster.master][INFO] 2017-09-21 18:38:27,291: -PUB [/rosout] /view http://ubuntu:37610/
[rosmaster.master][INFO] 2017-09-21 18:38:27,294: -PUB [/image/screenpoint] /view http://ubuntu:37610/
[rosmaster.master][INFO] 2017-09-21 18:38:27,296: -PUB [/image/screenpoint_array] /view http://ubuntu:37610/
[rosmaster.master][INFO] 2017-09-21 18:38:27,297: -PUB [/image/screenrectangle] /view http://ubuntu:37610/
[rosmaster.master][INFO] 2017-09-21 18:38:27,298: -PUB [/image/screenrectangle_image] /view http://ubuntu:37610/
[rosmaster.master][INFO] 2017-09-21 18:38:27,300: -PUB [/image/movepoint] /view http://ubuntu:37610/
[rosmaster.master][INFO] 2017-09-21 18:38:27,301: -PUB [/image/foreground] /view http://ubuntu:37610/
[rosmaster.master][INFO] 2017-09-21 18:38:27,302: -PUB [/image/background] /view http://ubuntu:37610/
[rosmaster.master][INFO] 2017-09-21 18:38:27,306: -PUB [/image/foreground_rect] /view http://ubuntu:37610/
[rosmaster.master][INFO] 2017-09-21 18:38:27,314: -PUB [/image/background_rect] /view http://ubuntu:37610/
[rosmaster.master][INFO] 2017-09-21 18:38:27,315: -PUB [/image/line] /view http://ubuntu:37610/
[rosmaster.master][INFO] 2017-09-21 18:38:27,316: -PUB [/image/poly] /view http://ubuntu:37610/
[rosmaster.master][INFO] 2017-09-21 18:38:27,318: -PUB [/image_marked/compressedDepth] /view http://ubuntu:37610/
[rosmaster.master][INFO] 2017-09-21 18:38:27,321: -PUB [/image_marked/compressedDepth/parameter_descriptions] /view http://ubuntu:37610/
[rosmaster.master][INFO] 2017-09-21 18:38:27,327: -PUB [/image_marked/compressedDepth/parameter_updates] /view http://ubuntu:37610/
[rosmaster.master][INFO] 2017-09-21 18:38:27,330: -PUB [/image_marked/compressed] /view http://ubuntu:37610/
[rosmaster.master][INFO] 2017-09-21 18:38:27,332: -PUB [/image_marked/compressed/parameter_descriptions] /view http://ubuntu:37610/
[rosmaster.master][INFO] 2017-09-21 18:38:27,335: -PUB [/image_marked/compressed/parameter_updates] /view http://ubuntu:37610/
[rosmaster.master][INFO] 2017-09-21 18:38:27,339: -PUB [/image_marked] /view http://ubuntu:37610/
[rosmaster.master][INFO] 2017-09-21 18:38:27,342: -PUB [/image_marked/theora] /view http://ubuntu:37610/
[rosmaster.master][INFO] 2017-09-21 18:38:27,344: -PUB [/image_marked/theora/parameter_descriptions] /view http://ubuntu:37610/
[rosmaster.master][INFO] 2017-09-21 18:38:27,345: -PUB [/image_marked/theora/parameter_updates] /view http://ubuntu:37610/
[rosmaster.master][INFO] 2017-09-21 18:38:27,346: -PUB [/image/marked/compressedDepth] /view http://ubuntu:37610/
[rosmaster.master][INFO] 2017-09-21 18:38:27,347: -PUB [/image/marked/compressedDepth/parameter_descriptions] /view http://ubuntu:37610/
[rosmaster.master][INFO] 2017-09-21 18:38:27,349: -PUB [/image/marked/compressedDepth/parameter_updates] /view http://ubuntu:37610/
[rosmaster.master][INFO] 2017-09-21 18:38:27,354: -PUB [/image/marked/compressed] /view http://ubuntu:37610/
[rosmaster.master][INFO] 2017-09-21 18:38:27,360: -PUB [/image/marked/compressed/parameter_descriptions] /view http://ubuntu:37610/
[rosmaster.master][INFO] 2017-09-21 18:38:27,361: -PUB [/image/marked/compressed/parameter_updates] /view http://ubuntu:37610/
[rosmaster.master][INFO] 2017-09-21 18:38:27,362: -PUB [/image/marked] /view http://ubuntu:37610/
[rosmaster.master][INFO] 2017-09-21 18:38:27,365: -PUB [/image/marked/theora] /view http://ubuntu:37610/
[rosmaster.master][INFO] 2017-09-21 18:38:27,368: -PUB [/image/marked/theora/parameter_descriptions] /view http://ubuntu:37610/
[rosmaster.master][INFO] 2017-09-21 18:38:27,369: -PUB [/image/marked/theora/parameter_updates] /view http://ubuntu:37610/
[rosmaster.master][INFO] 2017-09-21 18:38:27,373: -PUB [/view/parameter_descriptions] /view http://ubuntu:37610/
[rosmaster.master][INFO] 2017-09-21 18:38:27,376: -PUB [/view/parameter_updates] /view http://ubuntu:37610/
[rosmaster.master][INFO] 2017-09-21 18:38:27,379: -SUB [/tf] /view http://ubuntu:37610/
[rosmaster.master][INFO] 2017-09-21 18:38:27,382: publisherUpdate[/rosout] -> http://ubuntu:38705/ ['http://ubuntu:36344/', 'http://ubuntu:34739/']
[rosmaster.master][INFO] 2017-09-21 18:38:27,384: publisherUpdate[/rosout] -> http://ubuntu:38705/ ['http://ubuntu:36344/', 'http://ubuntu:34739/']: sec=0.00, result=[1, '', 0]
[rosmaster.master][INFO] 2017-09-21 18:38:27,387: -PUB [/rosout] /camera http://ubuntu:34739/
[rosmaster.master][INFO] 2017-09-21 18:38:27,390: -SUB [/tf_static] /view http://ubuntu:37610/
[rosmaster.master][INFO] 2017-09-21 18:38:27,390: -PUB [/camera/image_raw/compressedDepth] /camera http://ubuntu:34739/
[rosmaster.master][INFO] 2017-09-21 18:38:27,391: -PUB [/camera/image_raw/compressedDepth/parameter_descriptions] /camera http://ubuntu:34739/
[rosmaster.master][INFO] 2017-09-21 18:38:27,393: -SUB [/image] /view http://ubuntu:37610/
[rosmaster.master][INFO] 2017-09-21 18:38:27,394: -PUB [/camera/image_raw/compressedDepth/parameter_updates] /camera http://ubuntu:34739/
[rosmaster.master][INFO] 2017-09-21 18:38:27,394: -PUB [/camera/image_raw/compressed] /camera http://ubuntu:34739/
[rosmaster.master][INFO] 2017-09-21 18:38:27,397: -SUB [/camera_info] /view http://ubuntu:37610/
[rosmaster.master][INFO] 2017-09-21 18:38:27,398: -PUB [/camera/image_raw/compressed/parameter_descriptions] /camera http://ubuntu:34739/
[rosmaster.master][INFO] 2017-09-21 18:38:27,398: -PUB [/camera/image_raw/compressed/parameter_updates] /camera http://ubuntu:34739/
[rosmaster.master][INFO] 2017-09-21 18:38:27,409: -SUB [/image_marker] /view http://ubuntu:37610/
[rosmaster.master][INFO] 2017-09-21 18:38:27,409: -PUB [/camera/image_raw] /camera http://ubuntu:34739/
[rosmaster.master][INFO] 2017-09-21 18:38:27,412: -SUB [/image/event] /view http://ubuntu:37610/
[rosmaster.master][INFO] 2017-09-21 18:38:27,412: -PUB [/camera/image_raw/theora] /camera http://ubuntu:34739/
[rosmaster.master][INFO] 2017-09-21 18:38:27,415: -SERVICE [/view/get_loggers] /view rosrpc://ubuntu:39240
[rosmaster.master][INFO] 2017-09-21 18:38:27,416: -PUB [/camera/image_raw/theora/parameter_descriptions] /camera http://ubuntu:34739/
[rosmaster.master][INFO] 2017-09-21 18:38:27,422: -SERVICE [/view/set_logger_level] /view rosrpc://ubuntu:39240
[rosmaster.master][INFO] 2017-09-21 18:38:27,422: -PUB [/camera/image_raw/theora/parameter_updates] /camera http://ubuntu:34739/
[rosmaster.master][INFO] 2017-09-21 18:38:27,426: -PUB [/camera/camera_info] /camera http://ubuntu:34739/
[rosmaster.master][INFO] 2017-09-21 18:38:27,431: -SERVICE [/image_marked/compressedDepth/set_parameters] /view rosrpc://ubuntu:39240
[rosmaster.master][INFO] 2017-09-21 18:38:27,434: -SERVICE [/camera/get_loggers] /camera rosrpc://ubuntu:41482
[rosmaster.master][INFO] 2017-09-21 18:38:27,439: -SERVICE [/image_marked/compressed/set_parameters] /view rosrpc://ubuntu:39240
[rosmaster.master][INFO] 2017-09-21 18:38:27,440: -SERVICE [/camera/set_logger_level] /camera rosrpc://ubuntu:41482
[rosmaster.master][INFO] 2017-09-21 18:38:27,442: -SERVICE [/image_marked/theora/set_parameters] /view rosrpc://ubuntu:39240
[rosmaster.master][INFO] 2017-09-21 18:38:27,443: -SERVICE [/camera/set_camera_info] /camera rosrpc://ubuntu:41482
[rosmaster.master][INFO] 2017-09-21 18:38:27,443: -SERVICE [/camera/image_raw/compressedDepth/set_parameters] /camera rosrpc://ubuntu:41482
[rosmaster.master][INFO] 2017-09-21 18:38:27,446: -SERVICE [/image/marked/compressedDepth/set_parameters] /view rosrpc://ubuntu:39240
[rosmaster.master][INFO] 2017-09-21 18:38:27,453: -SERVICE [/camera/image_raw/compressed/set_parameters] /camera rosrpc://ubuntu:41482
[rosmaster.master][INFO] 2017-09-21 18:38:27,458: -SERVICE [/image/marked/compressed/set_parameters] /view rosrpc://ubuntu:39240
[rosmaster.master][INFO] 2017-09-21 18:38:27,458: -SERVICE [/camera/image_raw/theora/set_parameters] /camera rosrpc://ubuntu:41482
[rosmaster.master][INFO] 2017-09-21 18:38:27,460: -SERVICE [/image/marked/theora/set_parameters] /view rosrpc://ubuntu:39240
[rosmaster.master][INFO] 2017-09-21 18:38:27,466: -SERVICE [/view/change_mode] /view rosrpc://ubuntu:39240
[rosmaster.master][INFO] 2017-09-21 18:38:27,470: -SERVICE [/view/rectangle_mode] /view rosrpc://ubuntu:39240
[rosmaster.master][INFO] 2017-09-21 18:38:27,471: -SERVICE [/view/grabcut_mode] /view rosrpc://ubuntu:39240
[rosmaster.master][INFO] 2017-09-21 18:38:27,475: -SERVICE [/view/grabcut_rect_mode] /view rosrpc://ubuntu:39240
[rosmaster.master][INFO] 2017-09-21 18:38:27,478: -SERVICE [/view/line_mode] /view rosrpc://ubuntu:39240
[rosmaster.master][INFO] 2017-09-21 18:38:27,480: -SERVICE [/view/poly_mode] /view rosrpc://ubuntu:39240
[rosmaster.master][INFO] 2017-09-21 18:38:27,480: -SERVICE [/view/none_mode] /view rosrpc://ubuntu:39240
[rosmaster.master][INFO] 2017-09-21 18:38:27,482: -SERVICE [/view/set_parameters] /view rosrpc://ubuntu:39240
[rosmaster.master][INFO] 2017-09-21 18:38:27,484: publisherUpdate[/rosout] -> http://ubuntu:38705/ ['http://ubuntu:36344/']
[rosmaster.master][INFO] 2017-09-21 18:38:27,484: publisherUpdate[/camera/image_raw] -> http://ubuntu:36344/ []
[rosmaster.master][INFO] 2017-09-21 18:38:27,484: publisherUpdate[/rosout] -> http://ubuntu:38705/ ['http://ubuntu:36344/']: sec=0.00, result=[1, '', 0]
[rosmaster.master][INFO] 2017-09-21 18:38:27,485: publisherUpdate[/camera/image_raw] -> http://ubuntu:36344/ []: sec=0.00, exception=[Errno 111] Connection refused
[rosmaster.threadpool][ERROR] 2017-09-21 18:38:27,494: Traceback (most recent call last):
  File "/opt/ros/kinetic/lib/python2.7/dist-packages/rosmaster/threadpool.py", line 218, in run
    result = cmd(*args)
  File "/opt/ros/kinetic/lib/python2.7/dist-packages/rosmaster/master_api.py", line 210, in publisher_update_task
    ret = xmlrpcapi(api).publisherUpdate('/master', topic, pub_uris)
  File "/usr/lib/python2.7/xmlrpclib.py", line 1243, in __call__
    return self.__send(self.__name, args)
  File "/usr/lib/python2.7/xmlrpclib.py", line 1602, in __request
    verbose=self.__verbose
  File "/usr/lib/python2.7/xmlrpclib.py", line 1283, in request
    return self.single_request(host, handler, request_body, verbose)
  File "/usr/lib/python2.7/xmlrpclib.py", line 1311, in single_request
    self.send_content(h, request_body)
  File "/usr/lib/python2.7/xmlrpclib.py", line 1459, in send_content
    connection.endheaders(request_body)
  File "/usr/lib/python2.7/httplib.py", line 1053, in endheaders
    self._send_output(message_body)
  File "/usr/lib/python2.7/httplib.py", line 897, in _send_output
    self.send(msg)
  File "/usr/lib/python2.7/httplib.py", line 859, in send
    self.connect()
  File "/usr/lib/python2.7/httplib.py", line 836, in connect
    self.timeout, self.source_address)
  File "/usr/lib/python2.7/socket.py", line 575, in create_connection
    raise err
error: [Errno 111] Connection refused

[rosmaster.master][INFO] 2017-09-21 18:38:27,887: -PUB [/rosout_agg] /rosout http://ubuntu:38705/
[rosmaster.master][INFO] 2017-09-21 18:38:27,888: -SUB [/rosout] /rosout http://ubuntu:38705/
[rosmaster.master][INFO] 2017-09-21 18:38:27,889: -SERVICE [/rosout/get_loggers] /rosout rosrpc://ubuntu:55310
[rosmaster.master][INFO] 2017-09-21 18:38:27,889: -SERVICE [/rosout/set_logger_level] /rosout rosrpc://ubuntu:55310
[rosmaster.main][INFO] 2017-09-21 18:38:27,983: keyboard interrupt, will exit
[rosmaster.main][INFO] 2017-09-21 18:38:27,983: stopping master...
[rospy.core][INFO] 2017-09-21 18:38:27,983: signal_shutdown [atexit]
