[rosmaster.main][INFO] 2017-09-26 19:00:01,672: initialization complete, waiting for shutdown
[rosmaster.main][INFO] 2017-09-26 19:00:01,673: Starting ROS Master Node
[xmlrpc][INFO] 2017-09-26 19:00:01,673: XML-RPC server binding to 0.0.0.0:11311
[rosmaster.master][INFO] 2017-09-26 19:00:01,674: Master initialized: port[11311], uri[http://ubuntu:11311/]
[xmlrpc][INFO] 2017-09-26 19:00:01,673: Started XML-RPC server [http://ubuntu:11311/]
[xmlrpc][INFO] 2017-09-26 19:00:01,674: xml rpc node: starting XML-RPC server
[rosmaster.master][INFO] 2017-09-26 19:00:01,709: +PARAM [/run_id] by /roslaunch
[rosmaster.master][INFO] 2017-09-26 19:00:01,711: +PARAM [/roslaunch/uris/host_ubuntu__41813] by /roslaunch
[rosmaster.master][INFO] 2017-09-26 19:00:01,780: +PARAM [/rosversion] by /roslaunch
[rosmaster.master][INFO] 2017-09-26 19:00:01,781: +PARAM [/rosdistro] by /roslaunch
[rosmaster.master][INFO] 2017-09-26 19:00:01,781: +PARAM [/camera/device_id] by /roslaunch
[rosmaster.master][INFO] 2017-09-26 19:00:01,796: +SERVICE [/rosout/get_loggers] /rosout http://ubuntu:44452/
[rosmaster.master][INFO] 2017-09-26 19:00:01,798: +SERVICE [/rosout/set_logger_level] /rosout http://ubuntu:44452/
[rosmaster.master][INFO] 2017-09-26 19:00:01,800: +PUB [/rosout_agg] /rosout http://ubuntu:44452/
[rosmaster.master][INFO] 2017-09-26 19:00:01,821: +SUB [/rosout] /rosout http://ubuntu:44452/
[rosmaster.master][INFO] 2017-09-26 19:00:01,949: +PUB [/rosout] /mask_orange http://ubuntu:34200/
[rosmaster.master][INFO] 2017-09-26 19:00:01,951: +SERVICE [/mask_orange/get_loggers] /mask_orange http://ubuntu:34200/
[rosmaster.master][INFO] 2017-09-26 19:00:01,952: +SERVICE [/mask_orange/set_logger_level] /mask_orange http://ubuntu:34200/
[rosmaster.master][INFO] 2017-09-26 19:00:01,974: publisherUpdate[/rosout] -> http://ubuntu:44452/ ['http://ubuntu:34200/']
[rosmaster.master][INFO] 2017-09-26 19:00:01,975: publisherUpdate[/rosout] -> http://ubuntu:44452/ ['http://ubuntu:34200/']: sec=0.00, result=[1, '', 0]
[rosmaster.master][INFO] 2017-09-26 19:00:01,982: +PUB [/rosout] /camera http://ubuntu:34069/
[rosmaster.master][INFO] 2017-09-26 19:00:01,983: +SERVICE [/camera/get_loggers] /camera http://ubuntu:34069/
[rosmaster.master][INFO] 2017-09-26 19:00:01,984: +SERVICE [/camera/set_logger_level] /camera http://ubuntu:34069/
[rosmaster.master][INFO] 2017-09-26 19:00:02,003: +PUB [/rosout] /view http://ubuntu:43307/
[rosmaster.master][INFO] 2017-09-26 19:00:02,004: +SERVICE [/view/get_loggers] /view http://ubuntu:43307/
[rosmaster.master][INFO] 2017-09-26 19:00:02,005: +SERVICE [/view/set_logger_level] /view http://ubuntu:43307/
[rosmaster.master][INFO] 2017-09-26 19:00:02,025: +SUB [/tf] /view http://ubuntu:43307/
[rosmaster.master][INFO] 2017-09-26 19:00:02,044: +SUB [/tf_static] /view http://ubuntu:43307/
[rosmaster.master][INFO] 2017-09-26 19:00:02,064: +SERVICE [/camera/set_camera_info] /camera http://ubuntu:34069/
[rosmaster.master][INFO] 2017-09-26 19:00:02,075: publisherUpdate[/rosout] -> http://ubuntu:44452/ ['http://ubuntu:34200/', 'http://ubuntu:34069/']
[rosmaster.master][INFO] 2017-09-26 19:00:02,076: publisherUpdate[/rosout] -> http://ubuntu:44452/ ['http://ubuntu:34200/', 'http://ubuntu:34069/']: sec=0.00, result=[1, '', 0]
[rosmaster.master][INFO] 2017-09-26 19:00:02,076: publisherUpdate[/rosout] -> http://ubuntu:44452/ ['http://ubuntu:34200/', 'http://ubuntu:34069/', 'http://ubuntu:43307/']
[rosmaster.master][INFO] 2017-09-26 19:00:02,077: publisherUpdate[/rosout] -> http://ubuntu:44452/ ['http://ubuntu:34200/', 'http://ubuntu:34069/', 'http://ubuntu:43307/']: sec=0.00, result=[1, '', 0]
[rosmaster.master][INFO] 2017-09-26 19:00:02,115: +PUB [/image/screenpoint] /view http://ubuntu:43307/
[rosmaster.master][INFO] 2017-09-26 19:00:02,118: +PUB [/image/screenpoint_array] /view http://ubuntu:43307/
[rosmaster.master][INFO] 2017-09-26 19:00:02,119: +PUB [/image/screenrectangle] /view http://ubuntu:43307/
[rosmaster.master][INFO] 2017-09-26 19:00:02,120: +PUB [/image/screenrectangle_image] /view http://ubuntu:43307/
[rosmaster.master][INFO] 2017-09-26 19:00:02,121: +PUB [/image/movepoint] /view http://ubuntu:43307/
[rosmaster.master][INFO] 2017-09-26 19:00:02,121: +PUB [/image/foreground] /view http://ubuntu:43307/
[rosmaster.master][INFO] 2017-09-26 19:00:02,123: +PUB [/image/background] /view http://ubuntu:43307/
[rosmaster.master][INFO] 2017-09-26 19:00:02,127: +PUB [/image/foreground_rect] /view http://ubuntu:43307/
[rosmaster.master][INFO] 2017-09-26 19:00:02,128: +PUB [/image/background_rect] /view http://ubuntu:43307/
[rosmaster.master][INFO] 2017-09-26 19:00:02,131: +PUB [/image/line] /view http://ubuntu:43307/
[rosmaster.master][INFO] 2017-09-26 19:00:02,134: +PUB [/image/poly] /view http://ubuntu:43307/
[rosmaster.master][INFO] 2017-09-26 19:00:02,149: +SUB [/camera/image_raw] /mask_orange http://ubuntu:34200/
[rosmaster.master][INFO] 2017-09-26 19:00:02,241: +PUB [/image/compressedDepth] /mask_orange http://ubuntu:34200/
[rosmaster.master][INFO] 2017-09-26 19:00:02,243: +SERVICE [/image/compressedDepth/set_parameters] /mask_orange http://ubuntu:34200/
[rosmaster.master][INFO] 2017-09-26 19:00:02,244: +PUB [/image/compressedDepth/parameter_descriptions] /mask_orange http://ubuntu:34200/
[rosmaster.master][INFO] 2017-09-26 19:00:02,245: +PUB [/image/compressedDepth/parameter_updates] /mask_orange http://ubuntu:34200/
[rosmaster.master][INFO] 2017-09-26 19:00:02,248: +PARAM [/image/compressedDepth/depth_max] by /mask_orange
[rosmaster.master][INFO] 2017-09-26 19:00:02,251: +PARAM [/image/compressedDepth/depth_quantization] by /mask_orange
[rosmaster.master][INFO] 2017-09-26 19:00:02,256: +PARAM [/image/compressedDepth/png_level] by /mask_orange
[rosmaster.master][INFO] 2017-09-26 19:00:02,257: +PARAM [/image/compressedDepth/depth_max] by /mask_orange
[rosmaster.master][INFO] 2017-09-26 19:00:02,258: +PARAM [/image/compressedDepth/depth_quantization] by /mask_orange
[rosmaster.master][INFO] 2017-09-26 19:00:02,263: +PARAM [/image/compressedDepth/png_level] by /mask_orange
[rosmaster.master][INFO] 2017-09-26 19:00:02,271: +PUB [/image_marked/compressedDepth] /view http://ubuntu:43307/
[rosmaster.master][INFO] 2017-09-26 19:00:02,272: +SERVICE [/image_marked/compressedDepth/set_parameters] /view http://ubuntu:43307/
[rosmaster.master][INFO] 2017-09-26 19:00:02,275: +PUB [/image_marked/compressedDepth/parameter_descriptions] /view http://ubuntu:43307/
[rosmaster.master][INFO] 2017-09-26 19:00:02,285: +PUB [/image_marked/compressedDepth/parameter_updates] /view http://ubuntu:43307/
[rosmaster.master][INFO] 2017-09-26 19:00:02,299: +PARAM [/image_marked/compressedDepth/depth_max] by /view
[rosmaster.master][INFO] 2017-09-26 19:00:02,302: +PARAM [/image_marked/compressedDepth/depth_quantization] by /view
[rosmaster.master][INFO] 2017-09-26 19:00:02,303: +PARAM [/image_marked/compressedDepth/png_level] by /view
[rosmaster.master][INFO] 2017-09-26 19:00:02,307: +PARAM [/image_marked/compressedDepth/depth_max] by /view
[rosmaster.master][INFO] 2017-09-26 19:00:02,314: +PARAM [/image_marked/compressedDepth/depth_quantization] by /view
[rosmaster.master][INFO] 2017-09-26 19:00:02,323: +PARAM [/image_marked/compressedDepth/png_level] by /view
[rosmaster.master][INFO] 2017-09-26 19:00:02,396: +PUB [/image/compressed] /mask_orange http://ubuntu:34200/
[rosmaster.master][INFO] 2017-09-26 19:00:02,397: +SERVICE [/image/compressed/set_parameters] /mask_orange http://ubuntu:34200/
[rosmaster.master][INFO] 2017-09-26 19:00:02,398: +PUB [/camera/image_raw/compressedDepth] /camera http://ubuntu:34069/
[rosmaster.master][INFO] 2017-09-26 19:00:02,402: +PUB [/image/compressed/parameter_descriptions] /mask_orange http://ubuntu:34200/
[rosmaster.master][INFO] 2017-09-26 19:00:02,403: +SERVICE [/camera/image_raw/compressedDepth/set_parameters] /camera http://ubuntu:34069/
[rosmaster.master][INFO] 2017-09-26 19:00:02,404: +PUB [/image/compressed/parameter_updates] /mask_orange http://ubuntu:34200/
[rosmaster.master][INFO] 2017-09-26 19:00:02,408: +PUB [/camera/image_raw/compressedDepth/parameter_descriptions] /camera http://ubuntu:34069/
[rosmaster.master][INFO] 2017-09-26 19:00:02,412: +PUB [/camera/image_raw/compressedDepth/parameter_updates] /camera http://ubuntu:34069/
[rosmaster.master][INFO] 2017-09-26 19:00:02,421: +PARAM [/image/compressed/format] by /mask_orange
[rosmaster.master][INFO] 2017-09-26 19:00:02,426: +PARAM [/image/compressed/jpeg_quality] by /mask_orange
[rosmaster.master][INFO] 2017-09-26 19:00:02,428: +PARAM [/camera/image_raw/compressedDepth/depth_max] by /camera
[rosmaster.master][INFO] 2017-09-26 19:00:02,432: +PARAM [/image/compressed/png_level] by /mask_orange
[rosmaster.master][INFO] 2017-09-26 19:00:02,435: +PARAM [/camera/image_raw/compressedDepth/depth_quantization] by /camera
[rosmaster.master][INFO] 2017-09-26 19:00:02,436: +PARAM [/image/compressed/format] by /mask_orange
[rosmaster.master][INFO] 2017-09-26 19:00:02,437: +PUB [/image_marked/compressed] /view http://ubuntu:43307/
[rosmaster.master][INFO] 2017-09-26 19:00:02,438: +PARAM [/camera/image_raw/compressedDepth/png_level] by /camera
[rosmaster.master][INFO] 2017-09-26 19:00:02,439: +PARAM [/image/compressed/jpeg_quality] by /mask_orange
[rosmaster.master][INFO] 2017-09-26 19:00:02,441: +SERVICE [/image_marked/compressed/set_parameters] /view http://ubuntu:43307/
[rosmaster.master][INFO] 2017-09-26 19:00:02,442: +PARAM [/camera/image_raw/compressedDepth/depth_max] by /camera
[rosmaster.master][INFO] 2017-09-26 19:00:02,447: +PARAM [/image/compressed/png_level] by /mask_orange
[rosmaster.master][INFO] 2017-09-26 19:00:02,451: +PUB [/image_marked/compressed/parameter_descriptions] /view http://ubuntu:43307/
[rosmaster.master][INFO] 2017-09-26 19:00:02,455: +PARAM [/camera/image_raw/compressedDepth/depth_quantization] by /camera
[rosmaster.master][INFO] 2017-09-26 19:00:02,456: +PUB [/image_marked/compressed/parameter_updates] /view http://ubuntu:43307/
[rosmaster.master][INFO] 2017-09-26 19:00:02,459: +PARAM [/camera/image_raw/compressedDepth/png_level] by /camera
[rosmaster.master][INFO] 2017-09-26 19:00:02,475: +PARAM [/image_marked/compressed/format] by /view
[rosmaster.master][INFO] 2017-09-26 19:00:02,476: +PARAM [/image_marked/compressed/jpeg_quality] by /view
[rosmaster.master][INFO] 2017-09-26 19:00:02,478: +PARAM [/image_marked/compressed/png_level] by /view
[rosmaster.master][INFO] 2017-09-26 19:00:02,482: +PARAM [/image_marked/compressed/format] by /view
[rosmaster.master][INFO] 2017-09-26 19:00:02,486: +PARAM [/image_marked/compressed/jpeg_quality] by /view
[rosmaster.master][INFO] 2017-09-26 19:00:02,487: +PARAM [/image_marked/compressed/png_level] by /view
[rosmaster.master][INFO] 2017-09-26 19:00:02,563: +PUB [/image] /mask_orange http://ubuntu:34200/
[rosmaster.master][INFO] 2017-09-26 19:00:02,574: +PUB [/camera/image_raw/compressed] /camera http://ubuntu:34069/
[rosmaster.master][INFO] 2017-09-26 19:00:02,579: +SERVICE [/camera/image_raw/compressed/set_parameters] /camera http://ubuntu:34069/
[rosmaster.master][INFO] 2017-09-26 19:00:02,580: +PUB [/camera/image_raw/compressed/parameter_descriptions] /camera http://ubuntu:34069/
[rosmaster.master][INFO] 2017-09-26 19:00:02,582: +PUB [/camera/image_raw/compressed/parameter_updates] /camera http://ubuntu:34069/
[rosmaster.master][INFO] 2017-09-26 19:00:02,591: +PARAM [/camera/image_raw/compressed/format] by /camera
[rosmaster.master][INFO] 2017-09-26 19:00:02,597: +PARAM [/camera/image_raw/compressed/jpeg_quality] by /camera
[rosmaster.master][INFO] 2017-09-26 19:00:02,597: +PARAM [/camera/image_raw/compressed/png_level] by /camera
[rosmaster.master][INFO] 2017-09-26 19:00:02,601: +PARAM [/camera/image_raw/compressed/format] by /camera
[rosmaster.master][INFO] 2017-09-26 19:00:02,607: +PARAM [/camera/image_raw/compressed/jpeg_quality] by /camera
[rosmaster.master][INFO] 2017-09-26 19:00:02,610: +PUB [/image_marked] /view http://ubuntu:43307/
[rosmaster.master][INFO] 2017-09-26 19:00:02,613: +PARAM [/camera/image_raw/compressed/png_level] by /camera
[rosmaster.master][INFO] 2017-09-26 19:00:02,700: +PUB [/image/theora] /mask_orange http://ubuntu:34200/
[rosmaster.master][INFO] 2017-09-26 19:00:02,703: +SERVICE [/image/theora/set_parameters] /mask_orange http://ubuntu:34200/
[rosmaster.master][INFO] 2017-09-26 19:00:02,704: +PUB [/image/theora/parameter_descriptions] /mask_orange http://ubuntu:34200/
[rosmaster.master][INFO] 2017-09-26 19:00:02,705: +PUB [/image/theora/parameter_updates] /mask_orange http://ubuntu:34200/
[rosmaster.master][INFO] 2017-09-26 19:00:02,712: +PARAM [/image/theora/optimize_for] by /mask_orange
[rosmaster.master][INFO] 2017-09-26 19:00:02,712: +PARAM [/image/theora/target_bitrate] by /mask_orange
[rosmaster.master][INFO] 2017-09-26 19:00:02,713: +PARAM [/image/theora/quality] by /mask_orange
[rosmaster.master][INFO] 2017-09-26 19:00:02,719: +PARAM [/image/theora/keyframe_frequency] by /mask_orange
[rosmaster.master][INFO] 2017-09-26 19:00:02,720: +PARAM [/image/theora/optimize_for] by /mask_orange
[rosmaster.master][INFO] 2017-09-26 19:00:02,723: +PARAM [/image/theora/target_bitrate] by /mask_orange
[rosmaster.master][INFO] 2017-09-26 19:00:02,726: +PARAM [/image/theora/quality] by /mask_orange
[rosmaster.master][INFO] 2017-09-26 19:00:02,731: +PARAM [/image/theora/keyframe_frequency] by /mask_orange
[rosmaster.master][INFO] 2017-09-26 19:00:02,734: +PUB [/camera/image_raw] /camera http://ubuntu:34069/
[rosmaster.master][INFO] 2017-09-26 19:00:02,739: +PARAM [/low_h] by /mask_orange
[rosmaster.master][INFO] 2017-09-26 19:00:02,743: +PARAM [/low_s] by /mask_orange
[rosmaster.master][INFO] 2017-09-26 19:00:02,747: +PARAM [/low_v] by /mask_orange
[rosmaster.master][INFO] 2017-09-26 19:00:02,748: +PUB [/image_marked/theora] /view http://ubuntu:43307/
[rosmaster.master][INFO] 2017-09-26 19:00:02,749: +PARAM [/high_h] by /mask_orange
[rosmaster.master][INFO] 2017-09-26 19:00:02,752: +SERVICE [/image_marked/theora/set_parameters] /view http://ubuntu:43307/
[rosmaster.master][INFO] 2017-09-26 19:00:02,753: +PARAM [/high_s] by /mask_orange
[rosmaster.master][INFO] 2017-09-26 19:00:02,756: +PUB [/image_marked/theora/parameter_descriptions] /view http://ubuntu:43307/
[rosmaster.master][INFO] 2017-09-26 19:00:02,759: +PARAM [/high_v] by /mask_orange
[rosmaster.master][INFO] 2017-09-26 19:00:02,764: +PUB [/image_marked/theora/parameter_updates] /view http://ubuntu:43307/
[rosmaster.master][INFO] 2017-09-26 19:00:02,769: +PARAM [/image_marked/theora/optimize_for] by /view
[rosmaster.master][INFO] 2017-09-26 19:00:02,775: +PARAM [/image_marked/theora/target_bitrate] by /view
[rosmaster.master][INFO] 2017-09-26 19:00:02,776: +PARAM [/image_marked/theora/quality] by /view
[rosmaster.master][INFO] 2017-09-26 19:00:02,777: +PARAM [/image_marked/theora/keyframe_frequency] by /view
[rosmaster.master][INFO] 2017-09-26 19:00:02,779: +PARAM [/image_marked/theora/optimize_for] by /view
[rosmaster.master][INFO] 2017-09-26 19:00:02,784: +PARAM [/image_marked/theora/target_bitrate] by /view
[rosmaster.master][INFO] 2017-09-26 19:00:02,785: +PARAM [/image_marked/theora/quality] by /view
[rosmaster.master][INFO] 2017-09-26 19:00:02,786: publisherUpdate[/camera/image_raw] -> http://ubuntu:34200/ ['http://ubuntu:34069/']
[rosmaster.master][INFO] 2017-09-26 19:00:02,790: publisherUpdate[/camera/image_raw] -> http://ubuntu:34200/ ['http://ubuntu:34069/']: sec=0.00, result=[1, '', 0]
[rosmaster.master][INFO] 2017-09-26 19:00:02,791: +PARAM [/image_marked/theora/keyframe_frequency] by /view
[rosmaster.master][INFO] 2017-09-26 19:00:02,832: +PUB [/camera/image_raw/theora] /camera http://ubuntu:34069/
[rosmaster.master][INFO] 2017-09-26 19:00:02,833: +SERVICE [/camera/image_raw/theora/set_parameters] /camera http://ubuntu:34069/
[rosmaster.master][INFO] 2017-09-26 19:00:02,834: +PUB [/camera/image_raw/theora/parameter_descriptions] /camera http://ubuntu:34069/
[rosmaster.master][INFO] 2017-09-26 19:00:02,835: +PUB [/camera/image_raw/theora/parameter_updates] /camera http://ubuntu:34069/
[rosmaster.master][INFO] 2017-09-26 19:00:02,843: +PARAM [/camera/image_raw/theora/optimize_for] by /camera
[rosmaster.master][INFO] 2017-09-26 19:00:02,844: +PARAM [/camera/image_raw/theora/target_bitrate] by /camera
[rosmaster.master][INFO] 2017-09-26 19:00:02,847: +PARAM [/camera/image_raw/theora/quality] by /camera
[rosmaster.master][INFO] 2017-09-26 19:00:02,848: +PARAM [/camera/image_raw/theora/keyframe_frequency] by /camera
[rosmaster.master][INFO] 2017-09-26 19:00:02,851: +PARAM [/camera/image_raw/theora/optimize_for] by /camera
[rosmaster.master][INFO] 2017-09-26 19:00:02,854: +PARAM [/camera/image_raw/theora/target_bitrate] by /camera
[rosmaster.master][INFO] 2017-09-26 19:00:02,855: +PARAM [/camera/image_raw/theora/quality] by /camera
[rosmaster.master][INFO] 2017-09-26 19:00:02,859: +PARAM [/camera/image_raw/theora/keyframe_frequency] by /camera
[rosmaster.master][INFO] 2017-09-26 19:00:02,861: +PUB [/camera/camera_info] /camera http://ubuntu:34069/
[rosmaster.master][INFO] 2017-09-26 19:00:02,881: +PUB [/image/marked/compressedDepth] /view http://ubuntu:43307/
[rosmaster.master][INFO] 2017-09-26 19:00:02,883: +SERVICE [/image/marked/compressedDepth/set_parameters] /view http://ubuntu:43307/
[rosmaster.master][INFO] 2017-09-26 19:00:02,887: +PUB [/image/marked/compressedDepth/parameter_descriptions] /view http://ubuntu:43307/
[rosmaster.master][INFO] 2017-09-26 19:00:02,890: +PUB [/image/marked/compressedDepth/parameter_updates] /view http://ubuntu:43307/
[rosmaster.master][INFO] 2017-09-26 19:00:02,900: +PARAM [/image/marked/compressedDepth/depth_max] by /view
[rosmaster.master][INFO] 2017-09-26 19:00:02,903: +PARAM [/image/marked/compressedDepth/depth_quantization] by /view
[rosmaster.master][INFO] 2017-09-26 19:00:02,906: +PARAM [/image/marked/compressedDepth/png_level] by /view
[rosmaster.master][INFO] 2017-09-26 19:00:02,912: +PARAM [/image/marked/compressedDepth/depth_max] by /view
[rosmaster.master][INFO] 2017-09-26 19:00:02,914: +PARAM [/image/marked/compressedDepth/depth_quantization] by /view
[rosmaster.master][INFO] 2017-09-26 19:00:02,915: +PARAM [/image/marked/compressedDepth/png_level] by /view
[rosmaster.master][INFO] 2017-09-26 19:00:02,973: +PUB [/image/marked/compressed] /view http://ubuntu:43307/
[rosmaster.master][INFO] 2017-09-26 19:00:02,974: +SERVICE [/image/marked/compressed/set_parameters] /view http://ubuntu:43307/
[rosmaster.master][INFO] 2017-09-26 19:00:02,975: +PUB [/image/marked/compressed/parameter_descriptions] /view http://ubuntu:43307/
[rosmaster.master][INFO] 2017-09-26 19:00:02,976: +PUB [/image/marked/compressed/parameter_updates] /view http://ubuntu:43307/
[rosmaster.master][INFO] 2017-09-26 19:00:02,980: +PARAM [/image/marked/compressed/format] by /view
[rosmaster.master][INFO] 2017-09-26 19:00:02,983: +PARAM [/image/marked/compressed/jpeg_quality] by /view
[rosmaster.master][INFO] 2017-09-26 19:00:02,984: +PARAM [/image/marked/compressed/png_level] by /view
[rosmaster.master][INFO] 2017-09-26 19:00:02,987: +PARAM [/image/marked/compressed/format] by /view
[rosmaster.master][INFO] 2017-09-26 19:00:02,989: +PARAM [/image/marked/compressed/jpeg_quality] by /view
[rosmaster.master][INFO] 2017-09-26 19:00:02,996: +PARAM [/image/marked/compressed/png_level] by /view
[rosmaster.master][INFO] 2017-09-26 19:00:03,091: -PUB [/rosout] /view http://ubuntu:43307/
[rosmaster.master][INFO] 2017-09-26 19:00:03,093: publisherUpdate[/rosout] -> http://ubuntu:44452/ ['http://ubuntu:34200/', 'http://ubuntu:34069/']
[rosmaster.master][INFO] 2017-09-26 19:00:03,094: publisherUpdate[/rosout] -> http://ubuntu:44452/ ['http://ubuntu:34200/', 'http://ubuntu:34069/']: sec=0.00, result=[1, '', 0]
[rosmaster.master][INFO] 2017-09-26 19:00:03,099: -PUB [/image/screenpoint] /view http://ubuntu:43307/
[rosmaster.master][INFO] 2017-09-26 19:00:03,101: -PUB [/image/screenpoint_array] /view http://ubuntu:43307/
[rosmaster.master][INFO] 2017-09-26 19:00:03,104: -PUB [/image/screenrectangle] /view http://ubuntu:43307/
[rosmaster.master][INFO] 2017-09-26 19:00:03,107: -PUB [/image/screenrectangle_image] /view http://ubuntu:43307/
[rosmaster.master][INFO] 2017-09-26 19:00:03,111: -PUB [/image/movepoint] /view http://ubuntu:43307/
[rosmaster.master][INFO] 2017-09-26 19:00:03,115: -PUB [/image/foreground] /view http://ubuntu:43307/
[rosmaster.master][INFO] 2017-09-26 19:00:03,117: -PUB [/image/background] /view http://ubuntu:43307/
[rosmaster.master][INFO] 2017-09-26 19:00:03,120: -PUB [/image/foreground_rect] /view http://ubuntu:43307/
[rosmaster.master][INFO] 2017-09-26 19:00:03,126: -PUB [/image/background_rect] /view http://ubuntu:43307/
[rosmaster.master][INFO] 2017-09-26 19:00:03,127: -PUB [/image/line] /view http://ubuntu:43307/
[rosmaster.master][INFO] 2017-09-26 19:00:03,128: -PUB [/image/poly] /view http://ubuntu:43307/
[rosmaster.master][INFO] 2017-09-26 19:00:03,129: -PUB [/image_marked/compressedDepth] /view http://ubuntu:43307/
[rosmaster.master][INFO] 2017-09-26 19:00:03,129: -PUB [/image_marked/compressedDepth/parameter_descriptions] /view http://ubuntu:43307/
[rosmaster.master][INFO] 2017-09-26 19:00:03,136: -PUB [/image_marked/compressedDepth/parameter_updates] /view http://ubuntu:43307/
[rosmaster.master][INFO] 2017-09-26 19:00:03,137: -PUB [/image_marked/compressed] /view http://ubuntu:43307/
[rosmaster.master][INFO] 2017-09-26 19:00:03,139: -PUB [/image_marked/compressed/parameter_descriptions] /view http://ubuntu:43307/
[rosmaster.master][INFO] 2017-09-26 19:00:03,144: -PUB [/image_marked/compressed/parameter_updates] /view http://ubuntu:43307/
[rosmaster.master][INFO] 2017-09-26 19:00:03,144: -PUB [/image_marked] /view http://ubuntu:43307/
[rosmaster.master][INFO] 2017-09-26 19:00:03,145: -PUB [/image_marked/theora] /view http://ubuntu:43307/
[rosmaster.master][INFO] 2017-09-26 19:00:03,147: -PUB [/image_marked/theora/parameter_descriptions] /view http://ubuntu:43307/
[rosmaster.master][INFO] 2017-09-26 19:00:03,151: -PUB [/image_marked/theora/parameter_updates] /view http://ubuntu:43307/
[rosmaster.master][INFO] 2017-09-26 19:00:03,155: -PUB [/image/marked/compressedDepth] /view http://ubuntu:43307/
[rosmaster.master][INFO] 2017-09-26 19:00:03,156: -PUB [/image/marked/compressedDepth/parameter_descriptions] /view http://ubuntu:43307/
[rosmaster.master][INFO] 2017-09-26 19:00:03,157: -PUB [/image/marked/compressedDepth/parameter_updates] /view http://ubuntu:43307/
[rosmaster.master][INFO] 2017-09-26 19:00:03,158: -PUB [/image/marked/compressed] /view http://ubuntu:43307/
[rosmaster.master][INFO] 2017-09-26 19:00:03,163: -PUB [/image/marked/compressed/parameter_descriptions] /view http://ubuntu:43307/
[rosmaster.master][INFO] 2017-09-26 19:00:03,164: -PUB [/image/marked/compressed/parameter_updates] /view http://ubuntu:43307/
[rosmaster.master][INFO] 2017-09-26 19:00:03,175: -SUB [/tf] /view http://ubuntu:43307/
[rosmaster.master][INFO] 2017-09-26 19:00:03,184: -SUB [/tf_static] /view http://ubuntu:43307/
[rosmaster.master][INFO] 2017-09-26 19:00:03,184: -SERVICE [/view/get_loggers] /view rosrpc://ubuntu:46498
[rosmaster.master][INFO] 2017-09-26 19:00:03,191: -SERVICE [/view/set_logger_level] /view rosrpc://ubuntu:46498
[rosmaster.master][INFO] 2017-09-26 19:00:03,194: -PUB [/rosout] /camera http://ubuntu:34069/
[rosmaster.master][INFO] 2017-09-26 19:00:03,194: publisherUpdate[/rosout] -> http://ubuntu:44452/ ['http://ubuntu:34200/']
[rosmaster.master][INFO] 2017-09-26 19:00:03,196: publisherUpdate[/rosout] -> http://ubuntu:44452/ ['http://ubuntu:34200/']: sec=0.00, result=[1, '', 0]
[rosmaster.master][INFO] 2017-09-26 19:00:03,198: -PUB [/camera/image_raw/compressedDepth] /camera http://ubuntu:34069/
[rosmaster.master][INFO] 2017-09-26 19:00:03,202: -PUB [/rosout] /mask_orange http://ubuntu:34200/
[rosmaster.master][INFO] 2017-09-26 19:00:03,212: -SERVICE [/image_marked/compressedDepth/set_parameters] /view rosrpc://ubuntu:46498
[rosmaster.master][INFO] 2017-09-26 19:00:03,214: -PUB [/camera/image_raw/compressedDepth/parameter_descriptions] /camera http://ubuntu:34069/
[rosmaster.master][INFO] 2017-09-26 19:00:03,219: -SERVICE [/image_marked/compressed/set_parameters] /view rosrpc://ubuntu:46498
[rosmaster.master][INFO] 2017-09-26 19:00:03,220: -PUB [/camera/image_raw/compressedDepth/parameter_updates] /camera http://ubuntu:34069/
[rosmaster.master][INFO] 2017-09-26 19:00:03,224: -PUB [/image/compressedDepth] /mask_orange http://ubuntu:34200/
[rosmaster.master][INFO] 2017-09-26 19:00:03,225: -PUB [/camera/image_raw/compressed] /camera http://ubuntu:34069/
[rosmaster.master][INFO] 2017-09-26 19:00:03,231: -PUB [/image/compressedDepth/parameter_descriptions] /mask_orange http://ubuntu:34200/
[rosmaster.master][INFO] 2017-09-26 19:00:03,232: -PUB [/camera/image_raw/compressed/parameter_descriptions] /camera http://ubuntu:34069/
[rosmaster.master][INFO] 2017-09-26 19:00:03,238: -SERVICE [/image_marked/theora/set_parameters] /view rosrpc://ubuntu:46498
[rosmaster.master][INFO] 2017-09-26 19:00:03,243: -PUB [/camera/image_raw/compressed/parameter_updates] /camera http://ubuntu:34069/
[rosmaster.master][INFO] 2017-09-26 19:00:03,247: -PUB [/image/compressedDepth/parameter_updates] /mask_orange http://ubuntu:34200/
[rosmaster.master][INFO] 2017-09-26 19:00:03,248: -PUB [/camera/image_raw] /camera http://ubuntu:34069/
[rosmaster.master][INFO] 2017-09-26 19:00:03,252: -PUB [/camera/image_raw/theora] /camera http://ubuntu:34069/
[rosmaster.master][INFO] 2017-09-26 19:00:03,252: -PUB [/camera/image_raw/theora/parameter_descriptions] /camera http://ubuntu:34069/
[rosmaster.master][INFO] 2017-09-26 19:00:03,259: -PUB [/image/compressed] /mask_orange http://ubuntu:34200/
[rosmaster.master][INFO] 2017-09-26 19:00:03,260: -PUB [/camera/image_raw/theora/parameter_updates] /camera http://ubuntu:34069/
[rosmaster.master][INFO] 2017-09-26 19:00:03,266: -SERVICE [/image/marked/compressedDepth/set_parameters] /view rosrpc://ubuntu:46498
[rosmaster.master][INFO] 2017-09-26 19:00:03,266: -PUB [/image/compressed/parameter_descriptions] /mask_orange http://ubuntu:34200/
[rosmaster.master][INFO] 2017-09-26 19:00:03,269: -PUB [/camera/camera_info] /camera http://ubuntu:34069/
[rosmaster.master][INFO] 2017-09-26 19:00:03,271: -PUB [/image/compressed/parameter_updates] /mask_orange http://ubuntu:34200/
[rosmaster.master][INFO] 2017-09-26 19:00:03,272: -SERVICE [/camera/get_loggers] /camera rosrpc://ubuntu:55169
[rosmaster.master][INFO] 2017-09-26 19:00:03,277: -SERVICE [/image/marked/compressed/set_parameters] /view rosrpc://ubuntu:46498
[rosmaster.master][INFO] 2017-09-26 19:00:03,278: -PUB [/image] /mask_orange http://ubuntu:34200/
[rosmaster.master][INFO] 2017-09-26 19:00:03,287: -SERVICE [/camera/set_logger_level] /camera rosrpc://ubuntu:55169
[rosmaster.master][INFO] 2017-09-26 19:00:03,288: -PUB [/image/theora] /mask_orange http://ubuntu:34200/
[rosmaster.master][INFO] 2017-09-26 19:00:03,289: -SERVICE [/camera/set_camera_info] /camera rosrpc://ubuntu:55169
[rosmaster.master][INFO] 2017-09-26 19:00:03,293: -SERVICE [/camera/image_raw/compressedDepth/set_parameters] /camera rosrpc://ubuntu:55169
[rosmaster.master][INFO] 2017-09-26 19:00:03,295: -PUB [/image/theora/parameter_descriptions] /mask_orange http://ubuntu:34200/
[rosmaster.master][INFO] 2017-09-26 19:00:03,299: publisherUpdate[/rosout] -> http://ubuntu:44452/ []
[rosmaster.master][INFO] 2017-09-26 19:00:03,302: publisherUpdate[/camera/image_raw] -> http://ubuntu:34200/ []
[rosmaster.master][INFO] 2017-09-26 19:00:03,303: publisherUpdate[/rosout] -> http://ubuntu:44452/ []: sec=0.00, result=[1, '', 0]
[rosmaster.master][INFO] 2017-09-26 19:00:03,303: -SERVICE [/camera/image_raw/compressed/set_parameters] /camera rosrpc://ubuntu:55169
[rosmaster.master][INFO] 2017-09-26 19:00:03,304: -PUB [/image/theora/parameter_updates] /mask_orange http://ubuntu:34200/
[rosmaster.master][INFO] 2017-09-26 19:00:03,311: publisherUpdate[/camera/image_raw] -> http://ubuntu:34200/ []: sec=0.01, exception=<Fault -1: 'publisherUpdate: unknown method name'>
[rosmaster.threadpool][ERROR] 2017-09-26 19:00:03,312: Traceback (most recent call last):
  File "/opt/ros/kinetic/lib/python2.7/dist-packages/rosmaster/threadpool.py", line 218, in run
    result = cmd(*args)
  File "/opt/ros/kinetic/lib/python2.7/dist-packages/rosmaster/master_api.py", line 210, in publisher_update_task
    ret = xmlrpcapi(api).publisherUpdate('/master', topic, pub_uris)
  File "/usr/lib/python2.7/xmlrpclib.py", line 1243, in __call__
    return self.__send(self.__name, args)
  File "/usr/lib/python2.7/xmlrpclib.py", line 1602, in __request
    verbose=self.__verbose
  File "/usr/lib/python2.7/xmlrpclib.py", line 1283, in request
    return self.single_request(host, handler, request_body, verbose)
  File "/usr/lib/python2.7/xmlrpclib.py", line 1316, in single_request
    return self.parse_response(response)
  File "/usr/lib/python2.7/xmlrpclib.py", line 1493, in parse_response
    return u.close()
  File "/usr/lib/python2.7/xmlrpclib.py", line 800, in close
    raise Fault(**self._stack[0])
Fault: <Fault -1: 'publisherUpdate: unknown method name'>

[rosmaster.master][INFO] 2017-09-26 19:00:03,314: -SERVICE [/camera/image_raw/theora/set_parameters] /camera rosrpc://ubuntu:55169
[rosmaster.master][INFO] 2017-09-26 19:00:03,315: -SUB [/camera/image_raw] /mask_orange http://ubuntu:34200/
[rosmaster.master][INFO] 2017-09-26 19:00:03,320: +PARAM [/image/marked/theora/optimize_for] by /view
[rosmaster.master][INFO] 2017-09-26 19:00:03,321: -SERVICE [/mask_orange/get_loggers] /mask_orange rosrpc://ubuntu:55975
[rosmaster.master][INFO] 2017-09-26 19:00:03,322: +PARAM [/image/marked/theora/target_bitrate] by /view
[rosmaster.master][INFO] 2017-09-26 19:00:03,327: -SERVICE [/mask_orange/set_logger_level] /mask_orange rosrpc://ubuntu:55975
[rosmaster.master][INFO] 2017-09-26 19:00:03,332: +PARAM [/image/marked/theora/quality] by /view
[rosmaster.master][INFO] 2017-09-26 19:00:03,332: +PARAM [/image/marked/theora/keyframe_frequency] by /view
[rosmaster.master][INFO] 2017-09-26 19:00:03,333: +PARAM [/image/marked/theora/optimize_for] by /view
[rosmaster.master][INFO] 2017-09-26 19:00:03,334: +PARAM [/image/marked/theora/target_bitrate] by /view
[rosmaster.master][INFO] 2017-09-26 19:00:03,339: +PARAM [/image/marked/theora/quality] by /view
[rosmaster.master][INFO] 2017-09-26 19:00:03,344: -SERVICE [/image/compressedDepth/set_parameters] /mask_orange rosrpc://ubuntu:55975
[rosmaster.master][INFO] 2017-09-26 19:00:03,344: +PARAM [/image/marked/theora/keyframe_frequency] by /view
[rosmaster.master][INFO] 2017-09-26 19:00:03,354: -SERVICE [/image/compressed/set_parameters] /mask_orange rosrpc://ubuntu:55975
[rosmaster.master][INFO] 2017-09-26 19:00:03,356: -SERVICE [/image/theora/set_parameters] /mask_orange rosrpc://ubuntu:55975
[rosmaster.master][INFO] 2017-09-26 19:00:03,435: +PARAM [/view/grid] by /view
[rosmaster.master][INFO] 2017-09-26 19:00:03,436: +PARAM [/view/fisheye_mode] by /view
[rosmaster.master][INFO] 2017-09-26 19:00:03,439: +PARAM [/view/div_u] by /view
[rosmaster.master][INFO] 2017-09-26 19:00:03,440: +PARAM [/view/div_v] by /view
[rosmaster.master][INFO] 2017-09-26 19:00:03,441: +PARAM [/view/grid_red] by /view
[rosmaster.master][INFO] 2017-09-26 19:00:03,442: +PARAM [/view/grid_green] by /view
[rosmaster.master][INFO] 2017-09-26 19:00:03,444: +PARAM [/view/grid_blue] by /view
[rosmaster.master][INFO] 2017-09-26 19:00:03,445: +PARAM [/view/grid_thickness] by /view
[rosmaster.master][INFO] 2017-09-26 19:00:03,447: +PARAM [/view/grid_space] by /view
[rosmaster.master][INFO] 2017-09-26 19:00:03,448: +PARAM [/view/grid] by /view
[rosmaster.master][INFO] 2017-09-26 19:00:03,451: +PARAM [/view/fisheye_mode] by /view
[rosmaster.master][INFO] 2017-09-26 19:00:03,452: +PARAM [/view/div_u] by /view
[rosmaster.master][INFO] 2017-09-26 19:00:03,455: +PARAM [/view/div_v] by /view
[rosmaster.master][INFO] 2017-09-26 19:00:03,456: +PARAM [/view/grid_red] by /view
[rosmaster.master][INFO] 2017-09-26 19:00:03,459: +PARAM [/view/grid_green] by /view
[rosmaster.master][INFO] 2017-09-26 19:00:03,460: +PARAM [/view/grid_blue] by /view
[rosmaster.master][INFO] 2017-09-26 19:00:03,461: +PARAM [/view/grid_thickness] by /view
[rosmaster.master][INFO] 2017-09-26 19:00:03,463: +PARAM [/view/grid_space] by /view
[rosmaster.master][INFO] 2017-09-26 19:00:04,414: +PUB [/rosout] /rqt_reconfigure http://ubuntu:34115/
[rosmaster.master][INFO] 2017-09-26 19:00:04,417: publisherUpdate[/rosout] -> http://ubuntu:44452/ ['http://ubuntu:34115/']
[rosmaster.master][INFO] 2017-09-26 19:00:04,419: publisherUpdate[/rosout] -> http://ubuntu:44452/ ['http://ubuntu:34115/']: sec=0.00, result=[1, '', 0]
[rosmaster.master][INFO] 2017-09-26 19:00:04,427: +SERVICE [/rqt_reconfigure/get_loggers] /rqt_reconfigure http://ubuntu:34115/
[rosmaster.master][INFO] 2017-09-26 19:00:04,432: +SERVICE [/rqt_reconfigure/set_logger_level] /rqt_reconfigure http://ubuntu:34115/
[rosmaster.master][INFO] 2017-09-26 19:00:17,618: -PUB [/rosout] /rqt_reconfigure http://ubuntu:34115/
[rosmaster.master][INFO] 2017-09-26 19:00:17,619: -SERVICE [/rqt_reconfigure/set_logger_level] /rqt_reconfigure rosrpc://ubuntu:37693
[rosmaster.master][INFO] 2017-09-26 19:00:17,619: -SERVICE [/rqt_reconfigure/get_loggers] /rqt_reconfigure rosrpc://ubuntu:37693
[rosmaster.master][INFO] 2017-09-26 19:00:17,686: publisherUpdate[/rosout] -> http://ubuntu:44452/ []
[rosmaster.master][INFO] 2017-09-26 19:00:17,687: publisherUpdate[/rosout] -> http://ubuntu:44452/ []: sec=0.00, result=[1, '', 0]
[rosmaster.master][INFO] 2017-09-26 19:00:17,989: -PUB [/rosout_agg] /rosout http://ubuntu:44452/
[rosmaster.master][INFO] 2017-09-26 19:00:17,990: -SUB [/rosout] /rosout http://ubuntu:44452/
[rosmaster.master][INFO] 2017-09-26 19:00:17,991: -SERVICE [/rosout/get_loggers] /rosout rosrpc://ubuntu:52612
[rosmaster.master][INFO] 2017-09-26 19:00:17,995: -SERVICE [/rosout/set_logger_level] /rosout rosrpc://ubuntu:52612
[rosmaster.main][INFO] 2017-09-26 19:00:18,087: keyboard interrupt, will exit
[rosmaster.main][INFO] 2017-09-26 19:00:18,088: stopping master...
[rospy.core][INFO] 2017-09-26 19:00:18,091: signal_shutdown [atexit]
