[rosmaster.main][INFO] 2017-10-04 13:02:02,511: initialization complete, waiting for shutdown
[rosmaster.main][INFO] 2017-10-04 13:02:02,511: Starting ROS Master Node
[xmlrpc][INFO] 2017-10-04 13:02:02,512: XML-RPC server binding to 0.0.0.0:11311
[xmlrpc][INFO] 2017-10-04 13:02:02,512: Started XML-RPC server [http://ubuntu:11311/]
[xmlrpc][INFO] 2017-10-04 13:02:02,513: xml rpc node: starting XML-RPC server
[rosmaster.master][INFO] 2017-10-04 13:02:02,513: Master initialized: port[11311], uri[http://ubuntu:11311/]
[rosmaster.master][INFO] 2017-10-04 13:02:02,568: +PARAM [/run_id] by /roslaunch
[rosmaster.master][INFO] 2017-10-04 13:02:02,576: +PARAM [/roslaunch/uris/host_ubuntu__45157] by /roslaunch
[rosmaster.master][INFO] 2017-10-04 13:02:02,643: +PARAM [/rosversion] by /roslaunch
[rosmaster.master][INFO] 2017-10-04 13:02:02,643: +PARAM [/rosdistro] by /roslaunch
[rosmaster.master][INFO] 2017-10-04 13:02:02,643: +PARAM [/camera/device_id] by /roslaunch
[rosmaster.master][INFO] 2017-10-04 13:02:02,649: +SERVICE [/rosout/get_loggers] /rosout http://ubuntu:35834/
[rosmaster.master][INFO] 2017-10-04 13:02:02,650: +SERVICE [/rosout/set_logger_level] /rosout http://ubuntu:35834/
[rosmaster.master][INFO] 2017-10-04 13:02:02,653: +PUB [/rosout_agg] /rosout http://ubuntu:35834/
[rosmaster.master][INFO] 2017-10-04 13:02:02,677: +SUB [/rosout] /rosout http://ubuntu:35834/
[rosmaster.master][INFO] 2017-10-04 13:02:02,768: +PUB [/rosout] /mask_orange http://ubuntu:41888/
[rosmaster.master][INFO] 2017-10-04 13:02:02,769: +SERVICE [/mask_orange/get_loggers] /mask_orange http://ubuntu:41888/
[rosmaster.master][INFO] 2017-10-04 13:02:02,769: +SERVICE [/mask_orange/set_logger_level] /mask_orange http://ubuntu:41888/
[rosmaster.master][INFO] 2017-10-04 13:02:02,811: +PUB [/rosout] /camera http://ubuntu:37033/
[rosmaster.master][INFO] 2017-10-04 13:02:02,812: +SERVICE [/camera/get_loggers] /camera http://ubuntu:37033/
[rosmaster.master][INFO] 2017-10-04 13:02:02,813: publisherUpdate[/rosout] -> http://ubuntu:35834/ ['http://ubuntu:41888/']
[rosmaster.master][INFO] 2017-10-04 13:02:02,814: publisherUpdate[/rosout] -> http://ubuntu:35834/ ['http://ubuntu:41888/']: sec=0.00, result=[1, '', 0]
[rosmaster.master][INFO] 2017-10-04 13:02:02,814: publisherUpdate[/rosout] -> http://ubuntu:35834/ ['http://ubuntu:41888/', 'http://ubuntu:37033/']
[rosmaster.master][INFO] 2017-10-04 13:02:02,814: publisherUpdate[/rosout] -> http://ubuntu:35834/ ['http://ubuntu:41888/', 'http://ubuntu:37033/']: sec=0.00, result=[1, '', 0]
[rosmaster.master][INFO] 2017-10-04 13:02:02,815: +SERVICE [/camera/set_logger_level] /camera http://ubuntu:37033/
[rosmaster.master][INFO] 2017-10-04 13:02:02,825: +PUB [/rosout] /view http://ubuntu:42172/
[rosmaster.master][INFO] 2017-10-04 13:02:02,829: +SERVICE [/view/get_loggers] /view http://ubuntu:42172/
[rosmaster.master][INFO] 2017-10-04 13:02:02,830: +SERVICE [/view/set_logger_level] /view http://ubuntu:42172/
[rosmaster.master][INFO] 2017-10-04 13:02:02,850: +SUB [/tf] /view http://ubuntu:42172/
[rosmaster.master][INFO] 2017-10-04 13:02:02,859: +SUB [/tf_static] /view http://ubuntu:42172/
[rosmaster.master][INFO] 2017-10-04 13:02:02,892: +SERVICE [/camera/set_camera_info] /camera http://ubuntu:37033/
[rosmaster.master][INFO] 2017-10-04 13:02:02,914: publisherUpdate[/rosout] -> http://ubuntu:35834/ ['http://ubuntu:41888/', 'http://ubuntu:37033/', 'http://ubuntu:42172/']
[rosmaster.master][INFO] 2017-10-04 13:02:02,915: publisherUpdate[/rosout] -> http://ubuntu:35834/ ['http://ubuntu:41888/', 'http://ubuntu:37033/', 'http://ubuntu:42172/']: sec=0.00, result=[1, '', 0]
[rosmaster.master][INFO] 2017-10-04 13:02:02,915: +PUB [/image/screenpoint] /view http://ubuntu:42172/
[rosmaster.master][INFO] 2017-10-04 13:02:02,916: +PUB [/image/screenpoint_array] /view http://ubuntu:42172/
[rosmaster.master][INFO] 2017-10-04 13:02:02,917: +PUB [/image/screenrectangle] /view http://ubuntu:42172/
[rosmaster.master][INFO] 2017-10-04 13:02:02,918: +PUB [/image/screenrectangle_image] /view http://ubuntu:42172/
[rosmaster.master][INFO] 2017-10-04 13:02:02,920: +PUB [/image/movepoint] /view http://ubuntu:42172/
[rosmaster.master][INFO] 2017-10-04 13:02:02,922: +PUB [/image/foreground] /view http://ubuntu:42172/
[rosmaster.master][INFO] 2017-10-04 13:02:02,924: +PUB [/image/background] /view http://ubuntu:42172/
[rosmaster.master][INFO] 2017-10-04 13:02:02,925: +PUB [/image/foreground_rect] /view http://ubuntu:42172/
[rosmaster.master][INFO] 2017-10-04 13:02:02,927: +PUB [/image/background_rect] /view http://ubuntu:42172/
[rosmaster.master][INFO] 2017-10-04 13:02:02,928: +SUB [/camera/image_raw] /mask_orange http://ubuntu:41888/
[rosmaster.master][INFO] 2017-10-04 13:02:02,932: +PUB [/image/line] /view http://ubuntu:42172/
[rosmaster.master][INFO] 2017-10-04 13:02:02,935: +PUB [/image/poly] /view http://ubuntu:42172/
[rosmaster.master][INFO] 2017-10-04 13:02:02,994: +PUB [/image/compressedDepth] /mask_orange http://ubuntu:41888/
[rosmaster.master][INFO] 2017-10-04 13:02:02,995: +SERVICE [/image/compressedDepth/set_parameters] /mask_orange http://ubuntu:41888/
[rosmaster.master][INFO] 2017-10-04 13:02:02,996: +PUB [/image/compressedDepth/parameter_descriptions] /mask_orange http://ubuntu:41888/
[rosmaster.master][INFO] 2017-10-04 13:02:02,997: +PUB [/image/compressedDepth/parameter_updates] /mask_orange http://ubuntu:41888/
[rosmaster.master][INFO] 2017-10-04 13:02:02,999: +PARAM [/image/compressedDepth/depth_max] by /mask_orange
[rosmaster.master][INFO] 2017-10-04 13:02:03,000: +PARAM [/image/compressedDepth/depth_quantization] by /mask_orange
[rosmaster.master][INFO] 2017-10-04 13:02:03,003: +PARAM [/image/compressedDepth/png_level] by /mask_orange
[rosmaster.master][INFO] 2017-10-04 13:02:03,004: +PARAM [/image/compressedDepth/depth_max] by /mask_orange
[rosmaster.master][INFO] 2017-10-04 13:02:03,004: +PARAM [/image/compressedDepth/depth_quantization] by /mask_orange
[rosmaster.master][INFO] 2017-10-04 13:02:03,008: +PARAM [/image/compressedDepth/png_level] by /mask_orange
[rosmaster.master][INFO] 2017-10-04 13:02:03,018: +PUB [/image_marked/compressedDepth] /view http://ubuntu:42172/
[rosmaster.master][INFO] 2017-10-04 13:02:03,020: +SERVICE [/image_marked/compressedDepth/set_parameters] /view http://ubuntu:42172/
[rosmaster.master][INFO] 2017-10-04 13:02:03,021: +PUB [/image_marked/compressedDepth/parameter_descriptions] /view http://ubuntu:42172/
[rosmaster.master][INFO] 2017-10-04 13:02:03,022: +PUB [/image_marked/compressedDepth/parameter_updates] /view http://ubuntu:42172/
[rosmaster.master][INFO] 2017-10-04 13:02:03,024: +PARAM [/image_marked/compressedDepth/depth_max] by /view
[rosmaster.master][INFO] 2017-10-04 13:02:03,027: +PARAM [/image_marked/compressedDepth/depth_quantization] by /view
[rosmaster.master][INFO] 2017-10-04 13:02:03,029: +PARAM [/image_marked/compressedDepth/png_level] by /view
[rosmaster.master][INFO] 2017-10-04 13:02:03,029: +PARAM [/image_marked/compressedDepth/depth_max] by /view
[rosmaster.master][INFO] 2017-10-04 13:02:03,031: +PARAM [/image_marked/compressedDepth/depth_quantization] by /view
[rosmaster.master][INFO] 2017-10-04 13:02:03,033: +PARAM [/image_marked/compressedDepth/png_level] by /view
[rosmaster.master][INFO] 2017-10-04 13:02:03,074: +PUB [/image/compressed] /mask_orange http://ubuntu:41888/
[rosmaster.master][INFO] 2017-10-04 13:02:03,075: +SERVICE [/image/compressed/set_parameters] /mask_orange http://ubuntu:41888/
[rosmaster.master][INFO] 2017-10-04 13:02:03,076: +PUB [/image/compressed/parameter_descriptions] /mask_orange http://ubuntu:41888/
[rosmaster.master][INFO] 2017-10-04 13:02:03,077: +PUB [/image/compressed/parameter_updates] /mask_orange http://ubuntu:41888/
[rosmaster.master][INFO] 2017-10-04 13:02:03,079: +PARAM [/image/compressed/format] by /mask_orange
[rosmaster.master][INFO] 2017-10-04 13:02:03,081: +PARAM [/image/compressed/jpeg_quality] by /mask_orange
[rosmaster.master][INFO] 2017-10-04 13:02:03,083: +PARAM [/image/compressed/png_level] by /mask_orange
[rosmaster.master][INFO] 2017-10-04 13:02:03,084: +PARAM [/image/compressed/format] by /mask_orange
[rosmaster.master][INFO] 2017-10-04 13:02:03,086: +PARAM [/image/compressed/jpeg_quality] by /mask_orange
[rosmaster.master][INFO] 2017-10-04 13:02:03,087: +PARAM [/image/compressed/png_level] by /mask_orange
[rosmaster.master][INFO] 2017-10-04 13:02:03,101: +PUB [/image_marked/compressed] /view http://ubuntu:42172/
[rosmaster.master][INFO] 2017-10-04 13:02:03,101: +SERVICE [/image_marked/compressed/set_parameters] /view http://ubuntu:42172/
[rosmaster.master][INFO] 2017-10-04 13:02:03,102: +PUB [/image_marked/compressed/parameter_descriptions] /view http://ubuntu:42172/
[rosmaster.master][INFO] 2017-10-04 13:02:03,103: +PUB [/image_marked/compressed/parameter_updates] /view http://ubuntu:42172/
[rosmaster.master][INFO] 2017-10-04 13:02:03,105: +PARAM [/image_marked/compressed/format] by /view
[rosmaster.master][INFO] 2017-10-04 13:02:03,106: +PARAM [/image_marked/compressed/jpeg_quality] by /view
[rosmaster.master][INFO] 2017-10-04 13:02:03,107: +PARAM [/image_marked/compressed/png_level] by /view
[rosmaster.master][INFO] 2017-10-04 13:02:03,114: +PARAM [/image_marked/compressed/format] by /view
[rosmaster.master][INFO] 2017-10-04 13:02:03,116: +PARAM [/image_marked/compressed/jpeg_quality] by /view
[rosmaster.master][INFO] 2017-10-04 13:02:03,117: +PARAM [/image_marked/compressed/png_level] by /view
[rosmaster.master][INFO] 2017-10-04 13:02:03,188: +PUB [/image] /mask_orange http://ubuntu:41888/
[rosmaster.master][INFO] 2017-10-04 13:02:03,204: +PUB [/camera/image_raw/compressedDepth] /camera http://ubuntu:37033/
[rosmaster.master][INFO] 2017-10-04 13:02:03,205: +SERVICE [/camera/image_raw/compressedDepth/set_parameters] /camera http://ubuntu:37033/
[rosmaster.master][INFO] 2017-10-04 13:02:03,206: +PUB [/camera/image_raw/compressedDepth/parameter_descriptions] /camera http://ubuntu:37033/
[rosmaster.master][INFO] 2017-10-04 13:02:03,208: +PUB [/camera/image_raw/compressedDepth/parameter_updates] /camera http://ubuntu:37033/
[rosmaster.master][INFO] 2017-10-04 13:02:03,212: +PARAM [/camera/image_raw/compressedDepth/depth_max] by /camera
[rosmaster.master][INFO] 2017-10-04 13:02:03,213: +PARAM [/camera/image_raw/compressedDepth/depth_quantization] by /camera
[rosmaster.master][INFO] 2017-10-04 13:02:03,216: +PARAM [/camera/image_raw/compressedDepth/png_level] by /camera
[rosmaster.master][INFO] 2017-10-04 13:02:03,218: +PUB [/image_marked] /view http://ubuntu:42172/
[rosmaster.master][INFO] 2017-10-04 13:02:03,218: +PARAM [/camera/image_raw/compressedDepth/depth_max] by /camera
[rosmaster.master][INFO] 2017-10-04 13:02:03,225: +PARAM [/camera/image_raw/compressedDepth/depth_quantization] by /camera
[rosmaster.master][INFO] 2017-10-04 13:02:03,228: +PARAM [/camera/image_raw/compressedDepth/png_level] by /camera
[rosmaster.master][INFO] 2017-10-04 13:02:03,283: +PUB [/image/theora] /mask_orange http://ubuntu:41888/
[rosmaster.master][INFO] 2017-10-04 13:02:03,284: +SERVICE [/image/theora/set_parameters] /mask_orange http://ubuntu:41888/
[rosmaster.master][INFO] 2017-10-04 13:02:03,287: +PUB [/image/theora/parameter_descriptions] /mask_orange http://ubuntu:41888/
[rosmaster.master][INFO] 2017-10-04 13:02:03,288: +PUB [/image/theora/parameter_updates] /mask_orange http://ubuntu:41888/
[rosmaster.master][INFO] 2017-10-04 13:02:03,291: +PARAM [/image/theora/optimize_for] by /mask_orange
[rosmaster.master][INFO] 2017-10-04 13:02:03,291: +PARAM [/image/theora/target_bitrate] by /mask_orange
[rosmaster.master][INFO] 2017-10-04 13:02:03,296: +PARAM [/image/theora/quality] by /mask_orange
[rosmaster.master][INFO] 2017-10-04 13:02:03,300: +PARAM [/image/theora/keyframe_frequency] by /mask_orange
[rosmaster.master][INFO] 2017-10-04 13:02:03,301: +PARAM [/image/theora/optimize_for] by /mask_orange
[rosmaster.master][INFO] 2017-10-04 13:02:03,302: +PARAM [/image/theora/target_bitrate] by /mask_orange
[rosmaster.master][INFO] 2017-10-04 13:02:03,303: +PARAM [/image/theora/quality] by /mask_orange
[rosmaster.master][INFO] 2017-10-04 13:02:03,303: +PARAM [/image/theora/keyframe_frequency] by /mask_orange
[rosmaster.master][INFO] 2017-10-04 13:02:03,309: +PUB [/camera/image_raw/compressed] /camera http://ubuntu:37033/
[rosmaster.master][INFO] 2017-10-04 13:02:03,310: +SERVICE [/camera/image_raw/compressed/set_parameters] /camera http://ubuntu:37033/
[rosmaster.master][INFO] 2017-10-04 13:02:03,310: +PUB [/camera/image_raw/compressed/parameter_descriptions] /camera http://ubuntu:37033/
[rosmaster.master][INFO] 2017-10-04 13:02:03,311: +PUB [/camera/image_raw/compressed/parameter_updates] /camera http://ubuntu:37033/
[rosmaster.master][INFO] 2017-10-04 13:02:03,312: +PUB [/image_marked/theora] /view http://ubuntu:42172/
[rosmaster.master][INFO] 2017-10-04 13:02:03,314: +SERVICE [/image_marked/theora/set_parameters] /view http://ubuntu:42172/
[rosmaster.master][INFO] 2017-10-04 13:02:03,315: +PUB [/image_marked/theora/parameter_descriptions] /view http://ubuntu:42172/
[rosmaster.master][INFO] 2017-10-04 13:02:03,316: +PARAM [/camera/image_raw/compressed/format] by /camera
[rosmaster.master][INFO] 2017-10-04 13:02:03,316: +PUB [/image_marked/theora/parameter_updates] /view http://ubuntu:42172/
[rosmaster.master][INFO] 2017-10-04 13:02:03,317: +PARAM [/camera/image_raw/compressed/jpeg_quality] by /camera
[rosmaster.master][INFO] 2017-10-04 13:02:03,318: +PARAM [/camera/image_raw/compressed/png_level] by /camera
[rosmaster.master][INFO] 2017-10-04 13:02:03,319: +PARAM [/camera/image_raw/compressed/format] by /camera
[rosmaster.master][INFO] 2017-10-04 13:02:03,321: +PARAM [/camera/image_raw/compressed/jpeg_quality] by /camera
[rosmaster.master][INFO] 2017-10-04 13:02:03,322: +PARAM [/camera/image_raw/compressed/png_level] by /camera
[rosmaster.master][INFO] 2017-10-04 13:02:03,326: +PARAM [/image_marked/theora/optimize_for] by /view
[rosmaster.master][INFO] 2017-10-04 13:02:03,328: +PARAM [/image_marked/theora/target_bitrate] by /view
[rosmaster.master][INFO] 2017-10-04 13:02:03,329: +PARAM [/image_marked/theora/quality] by /view
[rosmaster.master][INFO] 2017-10-04 13:02:03,331: +PARAM [/image_marked/theora/keyframe_frequency] by /view
[rosmaster.master][INFO] 2017-10-04 13:02:03,332: +PARAM [/image_marked/theora/optimize_for] by /view
[rosmaster.master][INFO] 2017-10-04 13:02:03,334: +PARAM [/image_marked/theora/target_bitrate] by /view
[rosmaster.master][INFO] 2017-10-04 13:02:03,335: +PARAM [/image_marked/theora/quality] by /view
[rosmaster.master][INFO] 2017-10-04 13:02:03,336: +PARAM [/image_marked/theora/keyframe_frequency] by /view
[rosmaster.master][INFO] 2017-10-04 13:02:03,390: +PUB [/camera/image_raw] /camera http://ubuntu:37033/
[rosmaster.master][INFO] 2017-10-04 13:02:03,399: +PUB [/image/marked/compressedDepth] /view http://ubuntu:42172/
[rosmaster.master][INFO] 2017-10-04 13:02:03,400: +SERVICE [/image/marked/compressedDepth/set_parameters] /view http://ubuntu:42172/
[rosmaster.master][INFO] 2017-10-04 13:02:03,400: +PUB [/image/marked/compressedDepth/parameter_descriptions] /view http://ubuntu:42172/
[rosmaster.master][INFO] 2017-10-04 13:02:03,401: +PUB [/image/marked/compressedDepth/parameter_updates] /view http://ubuntu:42172/
[rosmaster.master][INFO] 2017-10-04 13:02:03,404: +PARAM [/image/marked/compressedDepth/depth_max] by /view
[rosmaster.master][INFO] 2017-10-04 13:02:03,404: +PARAM [/image/marked/compressedDepth/depth_quantization] by /view
[rosmaster.master][INFO] 2017-10-04 13:02:03,408: +PARAM [/image/marked/compressedDepth/png_level] by /view
[rosmaster.master][INFO] 2017-10-04 13:02:03,409: +PARAM [/image/marked/compressedDepth/depth_max] by /view
[rosmaster.master][INFO] 2017-10-04 13:02:03,410: +PARAM [/image/marked/compressedDepth/depth_quantization] by /view
[rosmaster.master][INFO] 2017-10-04 13:02:03,413: +PARAM [/image/marked/compressedDepth/png_level] by /view
[rosmaster.master][INFO] 2017-10-04 13:02:03,416: publisherUpdate[/camera/image_raw] -> http://ubuntu:41888/ ['http://ubuntu:37033/']
[rosmaster.master][INFO] 2017-10-04 13:02:03,420: publisherUpdate[/camera/image_raw] -> http://ubuntu:41888/ ['http://ubuntu:37033/']: sec=0.00, result=[1, '', 0]
[rosmaster.master][INFO] 2017-10-04 13:02:03,454: +PUB [/camera/image_raw/theora] /camera http://ubuntu:37033/
[rosmaster.master][INFO] 2017-10-04 13:02:03,460: +SERVICE [/camera/image_raw/theora/set_parameters] /camera http://ubuntu:37033/
[rosmaster.master][INFO] 2017-10-04 13:02:03,464: +PUB [/camera/image_raw/theora/parameter_descriptions] /camera http://ubuntu:37033/
[rosmaster.master][INFO] 2017-10-04 13:02:03,465: +PUB [/camera/image_raw/theora/parameter_updates] /camera http://ubuntu:37033/
[rosmaster.master][INFO] 2017-10-04 13:02:03,468: +PARAM [/camera/image_raw/theora/optimize_for] by /camera
[rosmaster.master][INFO] 2017-10-04 13:02:03,469: +PARAM [/camera/image_raw/theora/target_bitrate] by /camera
[rosmaster.master][INFO] 2017-10-04 13:02:03,469: +PARAM [/camera/image_raw/theora/quality] by /camera
[rosmaster.master][INFO] 2017-10-04 13:02:03,470: +PARAM [/camera/image_raw/theora/keyframe_frequency] by /camera
[rosmaster.master][INFO] 2017-10-04 13:02:03,471: +PARAM [/camera/image_raw/theora/optimize_for] by /camera
[rosmaster.master][INFO] 2017-10-04 13:02:03,473: +PUB [/image/marked/compressed] /view http://ubuntu:42172/
[rosmaster.master][INFO] 2017-10-04 13:02:03,473: +PARAM [/camera/image_raw/theora/target_bitrate] by /camera
[rosmaster.master][INFO] 2017-10-04 13:02:03,474: +SERVICE [/image/marked/compressed/set_parameters] /view http://ubuntu:42172/
[rosmaster.master][INFO] 2017-10-04 13:02:03,475: +PARAM [/camera/image_raw/theora/quality] by /camera
[rosmaster.master][INFO] 2017-10-04 13:02:03,476: +PUB [/image/marked/compressed/parameter_descriptions] /view http://ubuntu:42172/
[rosmaster.master][INFO] 2017-10-04 13:02:03,477: +PARAM [/camera/image_raw/theora/keyframe_frequency] by /camera
[rosmaster.master][INFO] 2017-10-04 13:02:03,478: +PUB [/image/marked/compressed/parameter_updates] /view http://ubuntu:42172/
[rosmaster.master][INFO] 2017-10-04 13:02:03,478: +PUB [/camera/camera_info] /camera http://ubuntu:37033/
[rosmaster.master][INFO] 2017-10-04 13:02:03,482: +PARAM [/image/marked/compressed/format] by /view
[rosmaster.master][INFO] 2017-10-04 13:02:03,483: +PARAM [/image/marked/compressed/jpeg_quality] by /view
[rosmaster.master][INFO] 2017-10-04 13:02:03,485: +PARAM [/image/marked/compressed/png_level] by /view
[rosmaster.master][INFO] 2017-10-04 13:02:03,486: +PARAM [/image/marked/compressed/format] by /view
[rosmaster.master][INFO] 2017-10-04 13:02:03,487: +PARAM [/image/marked/compressed/jpeg_quality] by /view
[rosmaster.master][INFO] 2017-10-04 13:02:03,488: +PARAM [/image/marked/compressed/png_level] by /view
[rosmaster.master][INFO] 2017-10-04 13:02:03,524: +PUB [/image/marked] /view http://ubuntu:42172/
[rosmaster.master][INFO] 2017-10-04 13:02:03,551: +PUB [/image/marked/theora] /view http://ubuntu:42172/
[rosmaster.master][INFO] 2017-10-04 13:02:03,552: +SERVICE [/image/marked/theora/set_parameters] /view http://ubuntu:42172/
[rosmaster.master][INFO] 2017-10-04 13:02:03,553: +PUB [/image/marked/theora/parameter_descriptions] /view http://ubuntu:42172/
[rosmaster.master][INFO] 2017-10-04 13:02:03,554: +PUB [/image/marked/theora/parameter_updates] /view http://ubuntu:42172/
[rosmaster.master][INFO] 2017-10-04 13:02:03,556: +PARAM [/image/marked/theora/optimize_for] by /view
[rosmaster.master][INFO] 2017-10-04 13:02:03,557: +PARAM [/image/marked/theora/target_bitrate] by /view
[rosmaster.master][INFO] 2017-10-04 13:02:03,557: +PARAM [/image/marked/theora/quality] by /view
[rosmaster.master][INFO] 2017-10-04 13:02:03,563: +PARAM [/image/marked/theora/keyframe_frequency] by /view
[rosmaster.master][INFO] 2017-10-04 13:02:03,563: +PARAM [/image/marked/theora/optimize_for] by /view
[rosmaster.master][INFO] 2017-10-04 13:02:03,564: +PARAM [/image/marked/theora/target_bitrate] by /view
[rosmaster.master][INFO] 2017-10-04 13:02:03,565: +PARAM [/image/marked/theora/quality] by /view
[rosmaster.master][INFO] 2017-10-04 13:02:03,565: +PARAM [/image/marked/theora/keyframe_frequency] by /view
[rosmaster.master][INFO] 2017-10-04 13:02:03,596: +SUB [/image] /view http://ubuntu:42172/
[rosmaster.master][INFO] 2017-10-04 13:02:03,600: +SUB [/camera_info] /view http://ubuntu:42172/
[rosmaster.master][INFO] 2017-10-04 13:02:03,603: +SUB [/image_marker] /view http://ubuntu:42172/
[rosmaster.master][INFO] 2017-10-04 13:02:03,606: +SUB [/image/event] /view http://ubuntu:42172/
[rosmaster.master][INFO] 2017-10-04 13:02:03,607: +SERVICE [/view/change_mode] /view http://ubuntu:42172/
[rosmaster.master][INFO] 2017-10-04 13:02:03,607: +SERVICE [/view/rectangle_mode] /view http://ubuntu:42172/
[rosmaster.master][INFO] 2017-10-04 13:02:03,608: +SERVICE [/view/grabcut_mode] /view http://ubuntu:42172/
[rosmaster.master][INFO] 2017-10-04 13:02:03,609: +SERVICE [/view/grabcut_rect_mode] /view http://ubuntu:42172/
[rosmaster.master][INFO] 2017-10-04 13:02:03,609: +SERVICE [/view/line_mode] /view http://ubuntu:42172/
[rosmaster.master][INFO] 2017-10-04 13:02:03,610: +SERVICE [/view/poly_mode] /view http://ubuntu:42172/
[rosmaster.master][INFO] 2017-10-04 13:02:03,611: +SERVICE [/view/none_mode] /view http://ubuntu:42172/
[rosmaster.master][INFO] 2017-10-04 13:02:03,612: +SERVICE [/view/set_parameters] /view http://ubuntu:42172/
[rosmaster.master][INFO] 2017-10-04 13:02:03,612: +PUB [/view/parameter_descriptions] /view http://ubuntu:42172/
[rosmaster.master][INFO] 2017-10-04 13:02:03,613: +PUB [/view/parameter_updates] /view http://ubuntu:42172/
[rosmaster.master][INFO] 2017-10-04 13:02:03,619: +PARAM [/view/grid] by /view
[rosmaster.master][INFO] 2017-10-04 13:02:03,620: +PARAM [/view/fisheye_mode] by /view
[rosmaster.master][INFO] 2017-10-04 13:02:03,621: +PARAM [/view/div_u] by /view
[rosmaster.master][INFO] 2017-10-04 13:02:03,621: +PARAM [/view/div_v] by /view
[rosmaster.master][INFO] 2017-10-04 13:02:03,623: +PARAM [/view/grid_red] by /view
[rosmaster.master][INFO] 2017-10-04 13:02:03,624: +PARAM [/view/grid_green] by /view
[rosmaster.master][INFO] 2017-10-04 13:02:03,624: +PARAM [/view/grid_blue] by /view
[rosmaster.master][INFO] 2017-10-04 13:02:03,625: +PARAM [/view/grid_thickness] by /view
[rosmaster.master][INFO] 2017-10-04 13:02:03,626: +PARAM [/view/grid_space] by /view
[rosmaster.master][INFO] 2017-10-04 13:02:03,626: +PARAM [/view/grid] by /view
[rosmaster.master][INFO] 2017-10-04 13:02:03,627: +PARAM [/view/fisheye_mode] by /view
[rosmaster.master][INFO] 2017-10-04 13:02:03,628: +PARAM [/view/div_u] by /view
[rosmaster.master][INFO] 2017-10-04 13:02:03,628: +PARAM [/view/div_v] by /view
[rosmaster.master][INFO] 2017-10-04 13:02:03,629: +PARAM [/view/grid_red] by /view
[rosmaster.master][INFO] 2017-10-04 13:02:03,630: +PARAM [/view/grid_green] by /view
[rosmaster.master][INFO] 2017-10-04 13:02:03,631: +PARAM [/view/grid_blue] by /view
[rosmaster.master][INFO] 2017-10-04 13:02:03,631: +PARAM [/view/grid_thickness] by /view
[rosmaster.master][INFO] 2017-10-04 13:02:03,632: +PARAM [/view/grid_space] by /view
[rosmaster.master][INFO] 2017-10-04 13:02:30,040: -PUB [/rosout] /mask_orange http://ubuntu:41888/
[rosmaster.master][INFO] 2017-10-04 13:02:30,047: -PUB [/image/compressedDepth] /mask_orange http://ubuntu:41888/
[rosmaster.master][INFO] 2017-10-04 13:02:30,048: -PUB [/image/compressedDepth/parameter_descriptions] /mask_orange http://ubuntu:41888/
[rosmaster.master][INFO] 2017-10-04 13:02:30,053: -PUB [/image/compressedDepth/parameter_updates] /mask_orange http://ubuntu:41888/
[rosmaster.master][INFO] 2017-10-04 13:02:30,064: -PUB [/image/compressed] /mask_orange http://ubuntu:41888/
[rosmaster.master][INFO] 2017-10-04 13:02:30,070: -PUB [/image/compressed/parameter_descriptions] /mask_orange http://ubuntu:41888/
[rosmaster.master][INFO] 2017-10-04 13:02:30,078: -PUB [/image/compressed/parameter_updates] /mask_orange http://ubuntu:41888/
[rosmaster.master][INFO] 2017-10-04 13:02:30,079: -PUB [/image] /mask_orange http://ubuntu:41888/
[rosmaster.master][INFO] 2017-10-04 13:02:30,089: publisherUpdate[/rosout] -> http://ubuntu:35834/ ['http://ubuntu:37033/', 'http://ubuntu:42172/']
[rosmaster.master][INFO] 2017-10-04 13:02:30,090: publisherUpdate[/image] -> http://ubuntu:42172/ []
[rosmaster.master][INFO] 2017-10-04 13:02:30,093: publisherUpdate[/rosout] -> http://ubuntu:35834/ ['http://ubuntu:37033/', 'http://ubuntu:42172/']: sec=0.00, result=[1, '', 0]
[rosmaster.master][INFO] 2017-10-04 13:02:30,093: -PUB [/image/theora] /mask_orange http://ubuntu:41888/
[rosmaster.master][INFO] 2017-10-04 13:02:30,096: publisherUpdate[/image] -> http://ubuntu:42172/ []: sec=0.01, result=[1, '', 0]
[rosmaster.master][INFO] 2017-10-04 13:02:30,101: -PUB [/image/theora/parameter_descriptions] /mask_orange http://ubuntu:41888/
[rosmaster.master][INFO] 2017-10-04 13:02:30,111: -PUB [/image/theora/parameter_updates] /mask_orange http://ubuntu:41888/
[rosmaster.master][INFO] 2017-10-04 13:02:30,120: -SUB [/camera/image_raw] /mask_orange http://ubuntu:41888/
[rosmaster.master][INFO] 2017-10-04 13:02:30,127: -SERVICE [/mask_orange/get_loggers] /mask_orange rosrpc://ubuntu:60338
[rosmaster.master][INFO] 2017-10-04 13:02:30,128: -SERVICE [/mask_orange/set_logger_level] /mask_orange rosrpc://ubuntu:60338
[rosmaster.master][INFO] 2017-10-04 13:02:30,132: -SERVICE [/image/compressedDepth/set_parameters] /mask_orange rosrpc://ubuntu:60338
[rosmaster.master][INFO] 2017-10-04 13:02:30,136: -SERVICE [/image/compressed/set_parameters] /mask_orange rosrpc://ubuntu:60338
[rosmaster.master][INFO] 2017-10-04 13:02:30,137: -SERVICE [/image/theora/set_parameters] /mask_orange rosrpc://ubuntu:60338
[rosmaster.master][INFO] 2017-10-04 13:02:30,196: -PUB [/rosout] /view http://ubuntu:42172/
[rosmaster.master][INFO] 2017-10-04 13:02:30,197: publisherUpdate[/rosout] -> http://ubuntu:35834/ ['http://ubuntu:37033/']
[rosmaster.master][INFO] 2017-10-04 13:02:30,197: publisherUpdate[/rosout] -> http://ubuntu:35834/ ['http://ubuntu:37033/']: sec=0.00, result=[1, '', 0]
[rosmaster.master][INFO] 2017-10-04 13:02:30,199: -PUB [/image/screenpoint] /view http://ubuntu:42172/
[rosmaster.master][INFO] 2017-10-04 13:02:30,201: -PUB [/image/screenpoint_array] /view http://ubuntu:42172/
[rosmaster.master][INFO] 2017-10-04 13:02:30,205: -PUB [/image/screenrectangle] /view http://ubuntu:42172/
[rosmaster.master][INFO] 2017-10-04 13:02:30,210: -PUB [/image/screenrectangle_image] /view http://ubuntu:42172/
[rosmaster.master][INFO] 2017-10-04 13:02:30,213: -PUB [/image/movepoint] /view http://ubuntu:42172/
[rosmaster.master][INFO] 2017-10-04 13:02:30,219: -PUB [/image/foreground] /view http://ubuntu:42172/
[rosmaster.master][INFO] 2017-10-04 13:02:30,228: -PUB [/image/background] /view http://ubuntu:42172/
[rosmaster.master][INFO] 2017-10-04 13:02:30,229: -PUB [/rosout] /camera http://ubuntu:37033/
[rosmaster.master][INFO] 2017-10-04 13:02:30,230: -PUB [/camera/image_raw/compressedDepth] /camera http://ubuntu:37033/
[rosmaster.master][INFO] 2017-10-04 13:02:30,233: -PUB [/image/foreground_rect] /view http://ubuntu:42172/
[rosmaster.master][INFO] 2017-10-04 13:02:30,233: -PUB [/camera/image_raw/compressedDepth/parameter_descriptions] /camera http://ubuntu:37033/
[rosmaster.master][INFO] 2017-10-04 13:02:30,236: -PUB [/camera/image_raw/compressedDepth/parameter_updates] /camera http://ubuntu:37033/
[rosmaster.master][INFO] 2017-10-04 13:02:30,238: -PUB [/image/background_rect] /view http://ubuntu:42172/
[rosmaster.master][INFO] 2017-10-04 13:02:30,239: -PUB [/camera/image_raw/compressed] /camera http://ubuntu:37033/
[rosmaster.master][INFO] 2017-10-04 13:02:30,245: -PUB [/image/line] /view http://ubuntu:42172/
[rosmaster.master][INFO] 2017-10-04 13:02:30,245: -PUB [/camera/image_raw/compressed/parameter_descriptions] /camera http://ubuntu:37033/
[rosmaster.master][INFO] 2017-10-04 13:02:30,246: -PUB [/camera/image_raw/compressed/parameter_updates] /camera http://ubuntu:37033/
[rosmaster.master][INFO] 2017-10-04 13:02:30,248: -PUB [/image/poly] /view http://ubuntu:42172/
[rosmaster.master][INFO] 2017-10-04 13:02:30,250: -PUB [/camera/image_raw] /camera http://ubuntu:37033/
[rosmaster.master][INFO] 2017-10-04 13:02:30,251: -PUB [/camera/image_raw/theora] /camera http://ubuntu:37033/
[rosmaster.master][INFO] 2017-10-04 13:02:30,253: -PUB [/image_marked/compressedDepth] /view http://ubuntu:42172/
[rosmaster.master][INFO] 2017-10-04 13:02:30,253: -PUB [/camera/image_raw/theora/parameter_descriptions] /camera http://ubuntu:37033/
[rosmaster.master][INFO] 2017-10-04 13:02:30,259: -PUB [/image_marked/compressedDepth/parameter_descriptions] /view http://ubuntu:42172/
[rosmaster.master][INFO] 2017-10-04 13:02:30,261: -PUB [/camera/image_raw/theora/parameter_updates] /camera http://ubuntu:37033/
[rosmaster.master][INFO] 2017-10-04 13:02:30,265: -PUB [/image_marked/compressedDepth/parameter_updates] /view http://ubuntu:42172/
[rosmaster.master][INFO] 2017-10-04 13:02:30,265: -PUB [/camera/camera_info] /camera http://ubuntu:37033/
[rosmaster.master][INFO] 2017-10-04 13:02:30,269: -PUB [/image_marked/compressed] /view http://ubuntu:42172/
[rosmaster.master][INFO] 2017-10-04 13:02:30,269: -SERVICE [/camera/get_loggers] /camera rosrpc://ubuntu:48887
[rosmaster.master][INFO] 2017-10-04 13:02:30,278: -PUB [/image_marked/compressed/parameter_descriptions] /view http://ubuntu:42172/
[rosmaster.master][INFO] 2017-10-04 13:02:30,278: -SERVICE [/camera/set_logger_level] /camera rosrpc://ubuntu:48887
[rosmaster.master][INFO] 2017-10-04 13:02:30,279: -SERVICE [/camera/set_camera_info] /camera rosrpc://ubuntu:48887
[rosmaster.master][INFO] 2017-10-04 13:02:30,280: -PUB [/image_marked/compressed/parameter_updates] /view http://ubuntu:42172/
[rosmaster.master][INFO] 2017-10-04 13:02:30,284: -SERVICE [/camera/image_raw/compressedDepth/set_parameters] /camera rosrpc://ubuntu:48887
[rosmaster.master][INFO] 2017-10-04 13:02:30,285: -PUB [/image_marked] /view http://ubuntu:42172/
[rosmaster.master][INFO] 2017-10-04 13:02:30,286: -SERVICE [/camera/image_raw/compressed/set_parameters] /camera rosrpc://ubuntu:48887
[rosmaster.master][INFO] 2017-10-04 13:02:30,294: publisherUpdate[/rosout] -> http://ubuntu:35834/ []
[rosmaster.master][INFO] 2017-10-04 13:02:30,295: publisherUpdate[/rosout] -> http://ubuntu:35834/ []: sec=0.00, result=[1, '', 0]
[rosmaster.master][INFO] 2017-10-04 13:02:30,298: -PUB [/image_marked/theora] /view http://ubuntu:42172/
[rosmaster.master][INFO] 2017-10-04 13:02:30,304: -SERVICE [/camera/image_raw/theora/set_parameters] /camera rosrpc://ubuntu:48887
[rosmaster.master][INFO] 2017-10-04 13:02:30,309: -PUB [/image_marked/theora/parameter_descriptions] /view http://ubuntu:42172/
[rosmaster.master][INFO] 2017-10-04 13:02:30,312: -PUB [/image_marked/theora/parameter_updates] /view http://ubuntu:42172/
[rosmaster.master][INFO] 2017-10-04 13:02:30,317: -PUB [/image/marked/compressedDepth] /view http://ubuntu:42172/
[rosmaster.master][INFO] 2017-10-04 13:02:30,321: -PUB [/image/marked/compressedDepth/parameter_descriptions] /view http://ubuntu:42172/
[rosmaster.master][INFO] 2017-10-04 13:02:30,324: -PUB [/image/marked/compressedDepth/parameter_updates] /view http://ubuntu:42172/
[rosmaster.master][INFO] 2017-10-04 13:02:30,324: -PUB [/image/marked/compressed] /view http://ubuntu:42172/
[rosmaster.master][INFO] 2017-10-04 13:02:30,326: -PUB [/image/marked/compressed/parameter_descriptions] /view http://ubuntu:42172/
[rosmaster.master][INFO] 2017-10-04 13:02:30,327: -PUB [/image/marked/compressed/parameter_updates] /view http://ubuntu:42172/
[rosmaster.master][INFO] 2017-10-04 13:02:30,330: -PUB [/image/marked] /view http://ubuntu:42172/
[rosmaster.master][INFO] 2017-10-04 13:02:30,336: -PUB [/image/marked/theora] /view http://ubuntu:42172/
[rosmaster.master][INFO] 2017-10-04 13:02:30,337: -PUB [/image/marked/theora/parameter_descriptions] /view http://ubuntu:42172/
[rosmaster.master][INFO] 2017-10-04 13:02:30,339: -PUB [/image/marked/theora/parameter_updates] /view http://ubuntu:42172/
[rosmaster.master][INFO] 2017-10-04 13:02:30,340: -PUB [/view/parameter_descriptions] /view http://ubuntu:42172/
[rosmaster.master][INFO] 2017-10-04 13:02:30,343: -PUB [/view/parameter_updates] /view http://ubuntu:42172/
[rosmaster.master][INFO] 2017-10-04 13:02:30,345: -SUB [/tf] /view http://ubuntu:42172/
[rosmaster.master][INFO] 2017-10-04 13:02:30,348: -SUB [/tf_static] /view http://ubuntu:42172/
[rosmaster.master][INFO] 2017-10-04 13:02:30,349: -SUB [/image] /view http://ubuntu:42172/
[rosmaster.master][INFO] 2017-10-04 13:02:30,349: -SUB [/camera_info] /view http://ubuntu:42172/
[rosmaster.master][INFO] 2017-10-04 13:02:30,350: -SUB [/image_marker] /view http://ubuntu:42172/
[rosmaster.master][INFO] 2017-10-04 13:02:30,352: -SUB [/image/event] /view http://ubuntu:42172/
[rosmaster.master][INFO] 2017-10-04 13:02:30,353: -SERVICE [/view/get_loggers] /view rosrpc://ubuntu:43280
[rosmaster.master][INFO] 2017-10-04 13:02:30,355: -SERVICE [/view/set_logger_level] /view rosrpc://ubuntu:43280
[rosmaster.master][INFO] 2017-10-04 13:02:30,357: -SERVICE [/image_marked/compressedDepth/set_parameters] /view rosrpc://ubuntu:43280
[rosmaster.master][INFO] 2017-10-04 13:02:30,360: -SERVICE [/image_marked/compressed/set_parameters] /view rosrpc://ubuntu:43280
[rosmaster.master][INFO] 2017-10-04 13:02:30,365: -SERVICE [/image_marked/theora/set_parameters] /view rosrpc://ubuntu:43280
[rosmaster.master][INFO] 2017-10-04 13:02:30,377: -SERVICE [/image/marked/compressedDepth/set_parameters] /view rosrpc://ubuntu:43280
[rosmaster.master][INFO] 2017-10-04 13:02:30,379: -SERVICE [/image/marked/compressed/set_parameters] /view rosrpc://ubuntu:43280
[rosmaster.master][INFO] 2017-10-04 13:02:30,381: -SERVICE [/image/marked/theora/set_parameters] /view rosrpc://ubuntu:43280
[rosmaster.master][INFO] 2017-10-04 13:02:30,386: -SERVICE [/view/change_mode] /view rosrpc://ubuntu:43280
[rosmaster.master][INFO] 2017-10-04 13:02:30,388: -SERVICE [/view/rectangle_mode] /view rosrpc://ubuntu:43280
[rosmaster.master][INFO] 2017-10-04 13:02:30,392: -SERVICE [/view/grabcut_mode] /view rosrpc://ubuntu:43280
[rosmaster.master][INFO] 2017-10-04 13:02:30,395: -SERVICE [/view/grabcut_rect_mode] /view rosrpc://ubuntu:43280
[rosmaster.master][INFO] 2017-10-04 13:02:30,396: -SERVICE [/view/line_mode] /view rosrpc://ubuntu:43280
[rosmaster.master][INFO] 2017-10-04 13:02:30,397: -SERVICE [/view/poly_mode] /view rosrpc://ubuntu:43280
[rosmaster.master][INFO] 2017-10-04 13:02:30,401: -SERVICE [/view/none_mode] /view rosrpc://ubuntu:43280
[rosmaster.master][INFO] 2017-10-04 13:02:30,406: -SERVICE [/view/set_parameters] /view rosrpc://ubuntu:43280
[rosmaster.master][INFO] 2017-10-04 13:02:30,701: -PUB [/rosout_agg] /rosout http://ubuntu:35834/
[rosmaster.master][INFO] 2017-10-04 13:02:30,702: -SUB [/rosout] /rosout http://ubuntu:35834/
[rosmaster.master][INFO] 2017-10-04 13:02:30,702: -SERVICE [/rosout/get_loggers] /rosout rosrpc://ubuntu:37490
[rosmaster.master][INFO] 2017-10-04 13:02:30,703: -SERVICE [/rosout/set_logger_level] /rosout rosrpc://ubuntu:37490
[rosmaster.main][INFO] 2017-10-04 13:02:30,724: keyboard interrupt, will exit
[rosmaster.main][INFO] 2017-10-04 13:02:30,724: stopping master...
[rospy.core][INFO] 2017-10-04 13:02:30,724: signal_shutdown [atexit]
