[rosmaster.main][INFO] 2017-09-25 17:23:13,471: initialization complete, waiting for shutdown
[rosmaster.main][INFO] 2017-09-25 17:23:13,471: Starting ROS Master Node
[xmlrpc][INFO] 2017-09-25 17:23:13,472: XML-RPC server binding to 0.0.0.0:11311
[xmlrpc][INFO] 2017-09-25 17:23:13,473: Started XML-RPC server [http://ubuntu:11311/]
[xmlrpc][INFO] 2017-09-25 17:23:13,473: xml rpc node: starting XML-RPC server
[rosmaster.master][INFO] 2017-09-25 17:23:13,473: Master initialized: port[11311], uri[http://ubuntu:11311/]
[rosmaster.master][INFO] 2017-09-25 17:23:13,489: +PARAM [/run_id] by /roslaunch
[rosmaster.master][INFO] 2017-09-25 17:23:13,491: +PARAM [/roslaunch/uris/host_ubuntu__32944] by /roslaunch
[rosmaster.master][INFO] 2017-09-25 17:23:13,569: +PARAM [/rosversion] by /roslaunch
[rosmaster.master][INFO] 2017-09-25 17:23:13,569: +PARAM [/rosdistro] by /roslaunch
[rosmaster.master][INFO] 2017-09-25 17:23:13,569: +PARAM [/camera/device_id] by /roslaunch
[rosmaster.master][INFO] 2017-09-25 17:23:13,577: +SERVICE [/rosout/get_loggers] /rosout http://ubuntu:39752/
[rosmaster.master][INFO] 2017-09-25 17:23:13,580: +SERVICE [/rosout/set_logger_level] /rosout http://ubuntu:39752/
[rosmaster.master][INFO] 2017-09-25 17:23:13,585: +PUB [/rosout_agg] /rosout http://ubuntu:39752/
[rosmaster.master][INFO] 2017-09-25 17:23:13,612: +SUB [/rosout] /rosout http://ubuntu:39752/
[rosmaster.master][INFO] 2017-09-25 17:23:13,674: +PUB [/rosout] /mask_orange http://ubuntu:42748/
[rosmaster.master][INFO] 2017-09-25 17:23:13,675: +SERVICE [/mask_orange/get_loggers] /mask_orange http://ubuntu:42748/
[rosmaster.master][INFO] 2017-09-25 17:23:13,676: +SERVICE [/mask_orange/set_logger_level] /mask_orange http://ubuntu:42748/
[rosmaster.master][INFO] 2017-09-25 17:23:13,726: +PUB [/rosout] /camera http://ubuntu:38942/
[rosmaster.master][INFO] 2017-09-25 17:23:13,727: +SERVICE [/camera/get_loggers] /camera http://ubuntu:38942/
[rosmaster.master][INFO] 2017-09-25 17:23:13,727: +SERVICE [/camera/set_logger_level] /camera http://ubuntu:38942/
[rosmaster.master][INFO] 2017-09-25 17:23:13,734: +PUB [/rosout] /view http://ubuntu:42220/
[rosmaster.master][INFO] 2017-09-25 17:23:13,735: +SERVICE [/view/get_loggers] /view http://ubuntu:42220/
[rosmaster.master][INFO] 2017-09-25 17:23:13,736: +SERVICE [/view/set_logger_level] /view http://ubuntu:42220/
[rosmaster.master][INFO] 2017-09-25 17:23:13,747: +SUB [/tf] /view http://ubuntu:42220/
[rosmaster.master][INFO] 2017-09-25 17:23:13,757: +SUB [/tf_static] /view http://ubuntu:42220/
[rosmaster.master][INFO] 2017-09-25 17:23:13,774: publisherUpdate[/rosout] -> http://ubuntu:39752/ ['http://ubuntu:42748/']
[rosmaster.master][INFO] 2017-09-25 17:23:13,776: publisherUpdate[/rosout] -> http://ubuntu:39752/ ['http://ubuntu:42748/']: sec=0.00, result=[1, '', 0]
[rosmaster.master][INFO] 2017-09-25 17:23:13,776: publisherUpdate[/rosout] -> http://ubuntu:39752/ ['http://ubuntu:42748/', 'http://ubuntu:38942/']
[rosmaster.master][INFO] 2017-09-25 17:23:13,776: publisherUpdate[/rosout] -> http://ubuntu:39752/ ['http://ubuntu:42748/', 'http://ubuntu:38942/']: sec=0.00, result=[1, '', 0]
[rosmaster.master][INFO] 2017-09-25 17:23:13,777: publisherUpdate[/rosout] -> http://ubuntu:39752/ ['http://ubuntu:42748/', 'http://ubuntu:38942/', 'http://ubuntu:42220/']
[rosmaster.master][INFO] 2017-09-25 17:23:13,777: publisherUpdate[/rosout] -> http://ubuntu:39752/ ['http://ubuntu:42748/', 'http://ubuntu:38942/', 'http://ubuntu:42220/']: sec=0.00, result=[1, '', 0]
[rosmaster.master][INFO] 2017-09-25 17:23:13,805: +SERVICE [/camera/set_camera_info] /camera http://ubuntu:38942/
[rosmaster.master][INFO] 2017-09-25 17:23:13,806: -SERVICE [/camera/set_camera_info] /camera rosrpc://ubuntu:33298
[rosmaster.master][INFO] 2017-09-25 17:23:13,814: +PUB [/image/screenpoint] /view http://ubuntu:42220/
[rosmaster.master][INFO] 2017-09-25 17:23:13,815: +PUB [/image/screenpoint_array] /view http://ubuntu:42220/
[rosmaster.master][INFO] 2017-09-25 17:23:13,818: +PUB [/image/screenrectangle] /view http://ubuntu:42220/
[rosmaster.master][INFO] 2017-09-25 17:23:13,819: +PUB [/image/screenrectangle_image] /view http://ubuntu:42220/
[rosmaster.master][INFO] 2017-09-25 17:23:13,821: +PUB [/image/movepoint] /view http://ubuntu:42220/
[rosmaster.master][INFO] 2017-09-25 17:23:13,822: +PUB [/image/foreground] /view http://ubuntu:42220/
[rosmaster.master][INFO] 2017-09-25 17:23:13,829: +PUB [/image/background] /view http://ubuntu:42220/
[rosmaster.master][INFO] 2017-09-25 17:23:13,830: +PUB [/image/foreground_rect] /view http://ubuntu:42220/
[rosmaster.master][INFO] 2017-09-25 17:23:13,830: +PUB [/image/background_rect] /view http://ubuntu:42220/
[rosmaster.master][INFO] 2017-09-25 17:23:13,832: +PUB [/image/line] /view http://ubuntu:42220/
[rosmaster.master][INFO] 2017-09-25 17:23:13,838: +PUB [/image/poly] /view http://ubuntu:42220/
[rosmaster.master][INFO] 2017-09-25 17:23:13,858: +SUB [/camera/image_raw] /mask_orange http://ubuntu:42748/
[rosmaster.master][INFO] 2017-09-25 17:23:13,912: +PUB [/image/compressedDepth] /mask_orange http://ubuntu:42748/
[rosmaster.master][INFO] 2017-09-25 17:23:13,913: +SERVICE [/image/compressedDepth/set_parameters] /mask_orange http://ubuntu:42748/
[rosmaster.master][INFO] 2017-09-25 17:23:13,914: +PUB [/image/compressedDepth/parameter_descriptions] /mask_orange http://ubuntu:42748/
[rosmaster.master][INFO] 2017-09-25 17:23:13,916: +PUB [/image/compressedDepth/parameter_updates] /mask_orange http://ubuntu:42748/
[rosmaster.master][INFO] 2017-09-25 17:23:13,918: +PARAM [/image/compressedDepth/depth_max] by /mask_orange
[rosmaster.master][INFO] 2017-09-25 17:23:13,919: +PARAM [/image/compressedDepth/depth_quantization] by /mask_orange
[rosmaster.master][INFO] 2017-09-25 17:23:13,921: +PARAM [/image/compressedDepth/png_level] by /mask_orange
[rosmaster.master][INFO] 2017-09-25 17:23:13,922: +PUB [/image_marked/compressedDepth] /view http://ubuntu:42220/
[rosmaster.master][INFO] 2017-09-25 17:23:13,922: +PARAM [/image/compressedDepth/depth_max] by /mask_orange
[rosmaster.master][INFO] 2017-09-25 17:23:13,923: +SERVICE [/image_marked/compressedDepth/set_parameters] /view http://ubuntu:42220/
[rosmaster.master][INFO] 2017-09-25 17:23:13,924: +PARAM [/image/compressedDepth/depth_quantization] by /mask_orange
[rosmaster.master][INFO] 2017-09-25 17:23:13,924: +PUB [/image_marked/compressedDepth/parameter_descriptions] /view http://ubuntu:42220/
[rosmaster.master][INFO] 2017-09-25 17:23:13,925: +PARAM [/image/compressedDepth/png_level] by /mask_orange
[rosmaster.master][INFO] 2017-09-25 17:23:13,931: +PUB [/image_marked/compressedDepth/parameter_updates] /view http://ubuntu:42220/
[rosmaster.master][INFO] 2017-09-25 17:23:13,933: +PARAM [/image_marked/compressedDepth/depth_max] by /view
[rosmaster.master][INFO] 2017-09-25 17:23:13,936: +PARAM [/image_marked/compressedDepth/depth_quantization] by /view
[rosmaster.master][INFO] 2017-09-25 17:23:13,937: +PARAM [/image_marked/compressedDepth/png_level] by /view
[rosmaster.master][INFO] 2017-09-25 17:23:13,938: +PARAM [/image_marked/compressedDepth/depth_max] by /view
[rosmaster.master][INFO] 2017-09-25 17:23:13,938: +PARAM [/image_marked/compressedDepth/depth_quantization] by /view
[rosmaster.master][INFO] 2017-09-25 17:23:13,940: +PARAM [/image_marked/compressedDepth/png_level] by /view
[rosmaster.master][INFO] 2017-09-25 17:23:13,978: +PUB [/image/compressed] /mask_orange http://ubuntu:42748/
[rosmaster.master][INFO] 2017-09-25 17:23:13,979: -PUB [/rosout] /camera http://ubuntu:38942/
[rosmaster.master][INFO] 2017-09-25 17:23:13,980: -SERVICE [/camera/get_loggers] /camera rosrpc://ubuntu:33298
[rosmaster.master][INFO] 2017-09-25 17:23:13,981: -SERVICE [/camera/set_logger_level] /camera rosrpc://ubuntu:33298
[rosmaster.master][INFO] 2017-09-25 17:23:13,983: +SERVICE [/image/compressed/set_parameters] /mask_orange http://ubuntu:42748/
[rosmaster.master][INFO] 2017-09-25 17:23:13,983: +PUB [/image/compressed/parameter_descriptions] /mask_orange http://ubuntu:42748/
[rosmaster.master][INFO] 2017-09-25 17:23:13,986: +PUB [/image/compressed/parameter_updates] /mask_orange http://ubuntu:42748/
[rosmaster.master][INFO] 2017-09-25 17:23:13,998: +PARAM [/image/compressed/format] by /mask_orange
[rosmaster.master][INFO] 2017-09-25 17:23:13,999: +PARAM [/image/compressed/jpeg_quality] by /mask_orange
[rosmaster.master][INFO] 2017-09-25 17:23:14,001: +PARAM [/image/compressed/png_level] by /mask_orange
[rosmaster.master][INFO] 2017-09-25 17:23:14,003: +PUB [/image_marked/compressed] /view http://ubuntu:42220/
[rosmaster.master][INFO] 2017-09-25 17:23:14,003: +PARAM [/image/compressed/format] by /mask_orange
[rosmaster.master][INFO] 2017-09-25 17:23:14,004: +SERVICE [/image_marked/compressed/set_parameters] /view http://ubuntu:42220/
[rosmaster.master][INFO] 2017-09-25 17:23:14,005: +PARAM [/image/compressed/jpeg_quality] by /mask_orange
[rosmaster.master][INFO] 2017-09-25 17:23:14,006: +PUB [/image_marked/compressed/parameter_descriptions] /view http://ubuntu:42220/
[rosmaster.master][INFO] 2017-09-25 17:23:14,007: +PARAM [/image/compressed/png_level] by /mask_orange
[rosmaster.master][INFO] 2017-09-25 17:23:14,012: +PUB [/image_marked/compressed/parameter_updates] /view http://ubuntu:42220/
[rosmaster.master][INFO] 2017-09-25 17:23:14,017: +PARAM [/image_marked/compressed/format] by /view
[rosmaster.master][INFO] 2017-09-25 17:23:14,017: +PARAM [/image_marked/compressed/jpeg_quality] by /view
[rosmaster.master][INFO] 2017-09-25 17:23:14,018: +PARAM [/image_marked/compressed/png_level] by /view
[rosmaster.master][INFO] 2017-09-25 17:23:14,021: +PARAM [/image_marked/compressed/format] by /view
[rosmaster.master][INFO] 2017-09-25 17:23:14,025: +PARAM [/image_marked/compressed/jpeg_quality] by /view
[rosmaster.master][INFO] 2017-09-25 17:23:14,027: +PARAM [/image_marked/compressed/png_level] by /view
[rosmaster.master][INFO] 2017-09-25 17:23:14,076: publisherUpdate[/rosout] -> http://ubuntu:39752/ ['http://ubuntu:42748/', 'http://ubuntu:42220/']
[rosmaster.master][INFO] 2017-09-25 17:23:14,077: publisherUpdate[/rosout] -> http://ubuntu:39752/ ['http://ubuntu:42748/', 'http://ubuntu:42220/']: sec=0.00, result=[1, '', 0]
[rosmaster.master][INFO] 2017-09-25 17:23:14,101: +PUB [/image] /mask_orange http://ubuntu:42748/
[rosmaster.master][INFO] 2017-09-25 17:23:14,129: +PUB [/image_marked] /view http://ubuntu:42220/
[rosmaster.master][INFO] 2017-09-25 17:23:14,177: +PUB [/image/theora] /mask_orange http://ubuntu:42748/
[rosmaster.master][INFO] 2017-09-25 17:23:14,178: +SERVICE [/image/theora/set_parameters] /mask_orange http://ubuntu:42748/
[rosmaster.master][INFO] 2017-09-25 17:23:14,178: +PUB [/image/theora/parameter_descriptions] /mask_orange http://ubuntu:42748/
[rosmaster.master][INFO] 2017-09-25 17:23:14,179: +PUB [/image/theora/parameter_updates] /mask_orange http://ubuntu:42748/
[rosmaster.master][INFO] 2017-09-25 17:23:14,183: +PARAM [/image/theora/optimize_for] by /mask_orange
[rosmaster.master][INFO] 2017-09-25 17:23:14,185: +PARAM [/image/theora/target_bitrate] by /mask_orange
[rosmaster.master][INFO] 2017-09-25 17:23:14,186: +PARAM [/image/theora/quality] by /mask_orange
[rosmaster.master][INFO] 2017-09-25 17:23:14,187: +PARAM [/image/theora/keyframe_frequency] by /mask_orange
[rosmaster.master][INFO] 2017-09-25 17:23:14,189: +PARAM [/image/theora/optimize_for] by /mask_orange
[rosmaster.master][INFO] 2017-09-25 17:23:14,190: +PARAM [/image/theora/target_bitrate] by /mask_orange
[rosmaster.master][INFO] 2017-09-25 17:23:14,193: +PARAM [/image/theora/quality] by /mask_orange
[rosmaster.master][INFO] 2017-09-25 17:23:14,193: +PARAM [/image/theora/keyframe_frequency] by /mask_orange
[rosmaster.master][INFO] 2017-09-25 17:23:14,194: +PUB [/image_marked/theora] /view http://ubuntu:42220/
[rosmaster.master][INFO] 2017-09-25 17:23:14,195: +SERVICE [/image_marked/theora/set_parameters] /view http://ubuntu:42220/
[rosmaster.master][INFO] 2017-09-25 17:23:14,195: +PUB [/image_marked/theora/parameter_descriptions] /view http://ubuntu:42220/
[rosmaster.master][INFO] 2017-09-25 17:23:14,196: +PUB [/image_marked/theora/parameter_updates] /view http://ubuntu:42220/
[rosmaster.master][INFO] 2017-09-25 17:23:14,199: +PARAM [/image_marked/theora/optimize_for] by /view
[rosmaster.master][INFO] 2017-09-25 17:23:14,199: +PARAM [/image_marked/theora/target_bitrate] by /view
[rosmaster.master][INFO] 2017-09-25 17:23:14,200: +PARAM [/image_marked/theora/quality] by /view
[rosmaster.master][INFO] 2017-09-25 17:23:14,200: +PARAM [/image_marked/theora/keyframe_frequency] by /view
[rosmaster.master][INFO] 2017-09-25 17:23:14,201: +PARAM [/image_marked/theora/optimize_for] by /view
[rosmaster.master][INFO] 2017-09-25 17:23:14,202: +PARAM [/image_marked/theora/target_bitrate] by /view
[rosmaster.master][INFO] 2017-09-25 17:23:14,202: +PARAM [/image_marked/theora/quality] by /view
[rosmaster.master][INFO] 2017-09-25 17:23:14,203: +PARAM [/image_marked/theora/keyframe_frequency] by /view
[rosmaster.master][INFO] 2017-09-25 17:23:14,228: +PUB [/image/marked/compressedDepth] /view http://ubuntu:42220/
[rosmaster.master][INFO] 2017-09-25 17:23:14,229: +SERVICE [/image/marked/compressedDepth/set_parameters] /view http://ubuntu:42220/
[rosmaster.master][INFO] 2017-09-25 17:23:14,229: +PUB [/image/marked/compressedDepth/parameter_descriptions] /view http://ubuntu:42220/
[rosmaster.master][INFO] 2017-09-25 17:23:14,230: +PUB [/image/marked/compressedDepth/parameter_updates] /view http://ubuntu:42220/
[rosmaster.master][INFO] 2017-09-25 17:23:14,232: +PARAM [/image/marked/compressedDepth/depth_max] by /view
[rosmaster.master][INFO] 2017-09-25 17:23:14,233: +PARAM [/image/marked/compressedDepth/depth_quantization] by /view
[rosmaster.master][INFO] 2017-09-25 17:23:14,233: +PARAM [/image/marked/compressedDepth/png_level] by /view
[rosmaster.master][INFO] 2017-09-25 17:23:14,234: +PARAM [/image/marked/compressedDepth/depth_max] by /view
[rosmaster.master][INFO] 2017-09-25 17:23:14,235: +PARAM [/image/marked/compressedDepth/depth_quantization] by /view
[rosmaster.master][INFO] 2017-09-25 17:23:14,235: +PARAM [/image/marked/compressedDepth/png_level] by /view
[rosmaster.master][INFO] 2017-09-25 17:23:14,261: +PUB [/image/marked/compressed] /view http://ubuntu:42220/
[rosmaster.master][INFO] 2017-09-25 17:23:14,261: +SERVICE [/image/marked/compressed/set_parameters] /view http://ubuntu:42220/
[rosmaster.master][INFO] 2017-09-25 17:23:14,262: +PUB [/image/marked/compressed/parameter_descriptions] /view http://ubuntu:42220/
[rosmaster.master][INFO] 2017-09-25 17:23:14,263: +PUB [/image/marked/compressed/parameter_updates] /view http://ubuntu:42220/
[rosmaster.master][INFO] 2017-09-25 17:23:14,265: +PARAM [/image/marked/compressed/format] by /view
[rosmaster.master][INFO] 2017-09-25 17:23:14,266: +PARAM [/image/marked/compressed/jpeg_quality] by /view
[rosmaster.master][INFO] 2017-09-25 17:23:14,266: +PARAM [/image/marked/compressed/png_level] by /view
[rosmaster.master][INFO] 2017-09-25 17:23:14,267: +PARAM [/image/marked/compressed/format] by /view
[rosmaster.master][INFO] 2017-09-25 17:23:14,267: +PARAM [/image/marked/compressed/jpeg_quality] by /view
[rosmaster.master][INFO] 2017-09-25 17:23:14,268: +PARAM [/image/marked/compressed/png_level] by /view
[rosmaster.master][INFO] 2017-09-25 17:23:14,294: +PUB [/image/marked] /view http://ubuntu:42220/
[rosmaster.master][INFO] 2017-09-25 17:23:14,319: +PUB [/image/marked/theora] /view http://ubuntu:42220/
[rosmaster.master][INFO] 2017-09-25 17:23:14,320: +SERVICE [/image/marked/theora/set_parameters] /view http://ubuntu:42220/
[rosmaster.master][INFO] 2017-09-25 17:23:14,321: +PUB [/image/marked/theora/parameter_descriptions] /view http://ubuntu:42220/
[rosmaster.master][INFO] 2017-09-25 17:23:14,321: +PUB [/image/marked/theora/parameter_updates] /view http://ubuntu:42220/
[rosmaster.master][INFO] 2017-09-25 17:23:14,324: +PARAM [/image/marked/theora/optimize_for] by /view
[rosmaster.master][INFO] 2017-09-25 17:23:14,324: +PARAM [/image/marked/theora/target_bitrate] by /view
[rosmaster.master][INFO] 2017-09-25 17:23:14,325: +PARAM [/image/marked/theora/quality] by /view
[rosmaster.master][INFO] 2017-09-25 17:23:14,326: +PARAM [/image/marked/theora/keyframe_frequency] by /view
[rosmaster.master][INFO] 2017-09-25 17:23:14,326: +PARAM [/image/marked/theora/optimize_for] by /view
[rosmaster.master][INFO] 2017-09-25 17:23:14,327: +PARAM [/image/marked/theora/target_bitrate] by /view
[rosmaster.master][INFO] 2017-09-25 17:23:14,328: +PARAM [/image/marked/theora/quality] by /view
[rosmaster.master][INFO] 2017-09-25 17:23:14,328: +PARAM [/image/marked/theora/keyframe_frequency] by /view
[rosmaster.master][INFO] 2017-09-25 17:23:14,357: +SUB [/image] /view http://ubuntu:42220/
[rosmaster.master][INFO] 2017-09-25 17:23:14,360: +SUB [/camera_info] /view http://ubuntu:42220/
[rosmaster.master][INFO] 2017-09-25 17:23:14,363: +SUB [/image_marker] /view http://ubuntu:42220/
[rosmaster.master][INFO] 2017-09-25 17:23:14,366: +SUB [/image/event] /view http://ubuntu:42220/
[rosmaster.master][INFO] 2017-09-25 17:23:14,367: +SERVICE [/view/change_mode] /view http://ubuntu:42220/
[rosmaster.master][INFO] 2017-09-25 17:23:14,367: +SERVICE [/view/rectangle_mode] /view http://ubuntu:42220/
[rosmaster.master][INFO] 2017-09-25 17:23:14,368: +SERVICE [/view/grabcut_mode] /view http://ubuntu:42220/
[rosmaster.master][INFO] 2017-09-25 17:23:14,369: +SERVICE [/view/grabcut_rect_mode] /view http://ubuntu:42220/
[rosmaster.master][INFO] 2017-09-25 17:23:14,370: +SERVICE [/view/line_mode] /view http://ubuntu:42220/
[rosmaster.master][INFO] 2017-09-25 17:23:14,370: +SERVICE [/view/poly_mode] /view http://ubuntu:42220/
[rosmaster.master][INFO] 2017-09-25 17:23:14,371: +SERVICE [/view/none_mode] /view http://ubuntu:42220/
[rosmaster.master][INFO] 2017-09-25 17:23:14,372: +SERVICE [/view/set_parameters] /view http://ubuntu:42220/
[rosmaster.master][INFO] 2017-09-25 17:23:14,372: +PUB [/view/parameter_descriptions] /view http://ubuntu:42220/
[rosmaster.master][INFO] 2017-09-25 17:23:14,373: +PUB [/view/parameter_updates] /view http://ubuntu:42220/
[rosmaster.master][INFO] 2017-09-25 17:23:14,378: +PARAM [/view/grid] by /view
[rosmaster.master][INFO] 2017-09-25 17:23:14,379: +PARAM [/view/fisheye_mode] by /view
[rosmaster.master][INFO] 2017-09-25 17:23:14,379: +PARAM [/view/div_u] by /view
[rosmaster.master][INFO] 2017-09-25 17:23:14,380: +PARAM [/view/div_v] by /view
[rosmaster.master][INFO] 2017-09-25 17:23:14,381: +PARAM [/view/grid_red] by /view
[rosmaster.master][INFO] 2017-09-25 17:23:14,381: +PARAM [/view/grid_green] by /view
[rosmaster.master][INFO] 2017-09-25 17:23:14,382: +PARAM [/view/grid_blue] by /view
[rosmaster.master][INFO] 2017-09-25 17:23:14,383: +PARAM [/view/grid_thickness] by /view
[rosmaster.master][INFO] 2017-09-25 17:23:14,383: +PARAM [/view/grid_space] by /view
[rosmaster.master][INFO] 2017-09-25 17:23:14,384: +PARAM [/view/grid] by /view
[rosmaster.master][INFO] 2017-09-25 17:23:14,385: +PARAM [/view/fisheye_mode] by /view
[rosmaster.master][INFO] 2017-09-25 17:23:14,385: +PARAM [/view/div_u] by /view
[rosmaster.master][INFO] 2017-09-25 17:23:14,386: +PARAM [/view/div_v] by /view
[rosmaster.master][INFO] 2017-09-25 17:23:14,387: +PARAM [/view/grid_red] by /view
[rosmaster.master][INFO] 2017-09-25 17:23:14,387: +PARAM [/view/grid_green] by /view
[rosmaster.master][INFO] 2017-09-25 17:23:14,388: +PARAM [/view/grid_blue] by /view
[rosmaster.master][INFO] 2017-09-25 17:23:14,388: +PARAM [/view/grid_thickness] by /view
[rosmaster.master][INFO] 2017-09-25 17:23:14,389: +PARAM [/view/grid_space] by /view
[rosmaster.master][INFO] 2017-09-25 17:23:24,120: -PUB [/rosout] /mask_orange http://ubuntu:42748/
[rosmaster.master][INFO] 2017-09-25 17:23:24,121: -PUB [/image/compressedDepth] /mask_orange http://ubuntu:42748/
[rosmaster.master][INFO] 2017-09-25 17:23:24,122: -PUB [/image/compressedDepth/parameter_descriptions] /mask_orange http://ubuntu:42748/
[rosmaster.master][INFO] 2017-09-25 17:23:24,123: -PUB [/image/compressedDepth/parameter_updates] /mask_orange http://ubuntu:42748/
[rosmaster.master][INFO] 2017-09-25 17:23:24,124: -PUB [/image/compressed] /mask_orange http://ubuntu:42748/
[rosmaster.master][INFO] 2017-09-25 17:23:24,125: -PUB [/image/compressed/parameter_descriptions] /mask_orange http://ubuntu:42748/
[rosmaster.master][INFO] 2017-09-25 17:23:24,127: -PUB [/image/compressed/parameter_updates] /mask_orange http://ubuntu:42748/
[rosmaster.master][INFO] 2017-09-25 17:23:24,129: -PUB [/image] /mask_orange http://ubuntu:42748/
[rosmaster.master][INFO] 2017-09-25 17:23:24,131: -PUB [/image/theora] /mask_orange http://ubuntu:42748/
[rosmaster.master][INFO] 2017-09-25 17:23:24,133: -PUB [/rosout] /view http://ubuntu:42220/
[rosmaster.master][INFO] 2017-09-25 17:23:24,137: -PUB [/image/theora/parameter_descriptions] /mask_orange http://ubuntu:42748/
[rosmaster.master][INFO] 2017-09-25 17:23:24,138: -PUB [/image/screenpoint] /view http://ubuntu:42220/
[rosmaster.master][INFO] 2017-09-25 17:23:24,139: -PUB [/image/screenpoint_array] /view http://ubuntu:42220/
[rosmaster.master][INFO] 2017-09-25 17:23:24,140: -PUB [/image/screenrectangle] /view http://ubuntu:42220/
[rosmaster.master][INFO] 2017-09-25 17:23:24,141: -PUB [/image/screenrectangle_image] /view http://ubuntu:42220/
[rosmaster.master][INFO] 2017-09-25 17:23:24,143: -PUB [/image/movepoint] /view http://ubuntu:42220/
[rosmaster.master][INFO] 2017-09-25 17:23:24,145: -PUB [/image/theora/parameter_updates] /mask_orange http://ubuntu:42748/
[rosmaster.master][INFO] 2017-09-25 17:23:24,145: -PUB [/image/foreground] /view http://ubuntu:42220/
[rosmaster.master][INFO] 2017-09-25 17:23:24,147: -PUB [/image/background] /view http://ubuntu:42220/
[rosmaster.master][INFO] 2017-09-25 17:23:24,149: -SUB [/camera/image_raw] /mask_orange http://ubuntu:42748/
[rosmaster.master][INFO] 2017-09-25 17:23:24,150: -PUB [/image/foreground_rect] /view http://ubuntu:42220/
[rosmaster.master][INFO] 2017-09-25 17:23:24,153: -PUB [/image/background_rect] /view http://ubuntu:42220/
[rosmaster.master][INFO] 2017-09-25 17:23:24,157: -SERVICE [/mask_orange/get_loggers] /mask_orange rosrpc://ubuntu:35502
[rosmaster.master][INFO] 2017-09-25 17:23:24,158: -PUB [/image/line] /view http://ubuntu:42220/
[rosmaster.master][INFO] 2017-09-25 17:23:24,159: -PUB [/image/poly] /view http://ubuntu:42220/
[rosmaster.master][INFO] 2017-09-25 17:23:24,159: -PUB [/image_marked/compressedDepth] /view http://ubuntu:42220/
[rosmaster.master][INFO] 2017-09-25 17:23:24,161: -PUB [/image_marked/compressedDepth/parameter_descriptions] /view http://ubuntu:42220/
[rosmaster.master][INFO] 2017-09-25 17:23:24,163: -PUB [/image_marked/compressedDepth/parameter_updates] /view http://ubuntu:42220/
[rosmaster.master][INFO] 2017-09-25 17:23:24,165: -SERVICE [/mask_orange/set_logger_level] /mask_orange rosrpc://ubuntu:35502
[rosmaster.master][INFO] 2017-09-25 17:23:24,167: -PUB [/image_marked/compressed] /view http://ubuntu:42220/
[rosmaster.master][INFO] 2017-09-25 17:23:24,169: -SERVICE [/image/compressedDepth/set_parameters] /mask_orange rosrpc://ubuntu:35502
[rosmaster.master][INFO] 2017-09-25 17:23:24,170: -PUB [/image_marked/compressed/parameter_descriptions] /view http://ubuntu:42220/
[rosmaster.master][INFO] 2017-09-25 17:23:24,170: -PUB [/image_marked/compressed/parameter_updates] /view http://ubuntu:42220/
[rosmaster.master][INFO] 2017-09-25 17:23:24,172: -PUB [/image_marked] /view http://ubuntu:42220/
[rosmaster.master][INFO] 2017-09-25 17:23:24,173: -SERVICE [/image/compressed/set_parameters] /mask_orange rosrpc://ubuntu:35502
[rosmaster.master][INFO] 2017-09-25 17:23:24,174: -SERVICE [/image/theora/set_parameters] /mask_orange rosrpc://ubuntu:35502
[rosmaster.master][INFO] 2017-09-25 17:23:24,179: -PUB [/image_marked/theora] /view http://ubuntu:42220/
[rosmaster.master][INFO] 2017-09-25 17:23:24,180: -PUB [/image_marked/theora/parameter_descriptions] /view http://ubuntu:42220/
[rosmaster.master][INFO] 2017-09-25 17:23:24,181: -PUB [/image_marked/theora/parameter_updates] /view http://ubuntu:42220/
[rosmaster.master][INFO] 2017-09-25 17:23:24,186: -PUB [/image/marked/compressedDepth] /view http://ubuntu:42220/
[rosmaster.master][INFO] 2017-09-25 17:23:24,189: -PUB [/image/marked/compressedDepth/parameter_descriptions] /view http://ubuntu:42220/
[rosmaster.master][INFO] 2017-09-25 17:23:24,190: -PUB [/image/marked/compressedDepth/parameter_updates] /view http://ubuntu:42220/
[rosmaster.master][INFO] 2017-09-25 17:23:24,191: -PUB [/image/marked/compressed] /view http://ubuntu:42220/
[rosmaster.master][INFO] 2017-09-25 17:23:24,193: -PUB [/image/marked/compressed/parameter_descriptions] /view http://ubuntu:42220/
[rosmaster.master][INFO] 2017-09-25 17:23:24,197: -PUB [/image/marked/compressed/parameter_updates] /view http://ubuntu:42220/
[rosmaster.master][INFO] 2017-09-25 17:23:24,198: -PUB [/image/marked] /view http://ubuntu:42220/
[rosmaster.master][INFO] 2017-09-25 17:23:24,199: -PUB [/image/marked/theora] /view http://ubuntu:42220/
[rosmaster.master][INFO] 2017-09-25 17:23:24,200: -PUB [/image/marked/theora/parameter_descriptions] /view http://ubuntu:42220/
[rosmaster.master][INFO] 2017-09-25 17:23:24,201: -PUB [/image/marked/theora/parameter_updates] /view http://ubuntu:42220/
[rosmaster.master][INFO] 2017-09-25 17:23:24,203: -PUB [/view/parameter_descriptions] /view http://ubuntu:42220/
[rosmaster.master][INFO] 2017-09-25 17:23:24,208: -PUB [/view/parameter_updates] /view http://ubuntu:42220/
[rosmaster.master][INFO] 2017-09-25 17:23:24,209: -SUB [/tf] /view http://ubuntu:42220/
[rosmaster.master][INFO] 2017-09-25 17:23:24,210: -SUB [/tf_static] /view http://ubuntu:42220/
[rosmaster.master][INFO] 2017-09-25 17:23:24,212: -SUB [/image] /view http://ubuntu:42220/
[rosmaster.master][INFO] 2017-09-25 17:23:24,213: -SUB [/camera_info] /view http://ubuntu:42220/
[rosmaster.master][INFO] 2017-09-25 17:23:24,213: -SUB [/image_marker] /view http://ubuntu:42220/
[rosmaster.master][INFO] 2017-09-25 17:23:24,216: -SUB [/image/event] /view http://ubuntu:42220/
[rosmaster.master][INFO] 2017-09-25 17:23:24,218: -SERVICE [/view/get_loggers] /view rosrpc://ubuntu:44291
[rosmaster.master][INFO] 2017-09-25 17:23:24,219: -SERVICE [/view/set_logger_level] /view rosrpc://ubuntu:44291
[rosmaster.master][INFO] 2017-09-25 17:23:24,219: -SERVICE [/image_marked/compressedDepth/set_parameters] /view rosrpc://ubuntu:44291
[rosmaster.master][INFO] 2017-09-25 17:23:24,220: publisherUpdate[/rosout] -> http://ubuntu:39752/ ['http://ubuntu:42220/']
[rosmaster.master][INFO] 2017-09-25 17:23:24,220: publisherUpdate[/image] -> http://ubuntu:42220/ []
[rosmaster.master][INFO] 2017-09-25 17:23:24,220: publisherUpdate[/rosout] -> http://ubuntu:39752/ ['http://ubuntu:42220/']: sec=0.00, result=[1, '', 0]
[rosmaster.master][INFO] 2017-09-25 17:23:24,221: publisherUpdate[/rosout] -> http://ubuntu:39752/ []
[rosmaster.master][INFO] 2017-09-25 17:23:24,223: publisherUpdate[/rosout] -> http://ubuntu:39752/ []: sec=0.00, result=[1, '', 0]
[rosmaster.master][INFO] 2017-09-25 17:23:24,223: -SERVICE [/image_marked/compressed/set_parameters] /view rosrpc://ubuntu:44291
[rosmaster.master][INFO] 2017-09-25 17:23:24,227: publisherUpdate[/image] -> http://ubuntu:42220/ []: sec=0.01, exception=<Fault -1: 'publisherUpdate: unknown method name'>
[rosmaster.threadpool][ERROR] 2017-09-25 17:23:24,228: Traceback (most recent call last):
  File "/opt/ros/kinetic/lib/python2.7/dist-packages/rosmaster/threadpool.py", line 218, in run
    result = cmd(*args)
  File "/opt/ros/kinetic/lib/python2.7/dist-packages/rosmaster/master_api.py", line 210, in publisher_update_task
    ret = xmlrpcapi(api).publisherUpdate('/master', topic, pub_uris)
  File "/usr/lib/python2.7/xmlrpclib.py", line 1243, in __call__
    return self.__send(self.__name, args)
  File "/usr/lib/python2.7/xmlrpclib.py", line 1602, in __request
    verbose=self.__verbose
  File "/usr/lib/python2.7/xmlrpclib.py", line 1283, in request
    return self.single_request(host, handler, request_body, verbose)
  File "/usr/lib/python2.7/xmlrpclib.py", line 1316, in single_request
    return self.parse_response(response)
  File "/usr/lib/python2.7/xmlrpclib.py", line 1493, in parse_response
    return u.close()
  File "/usr/lib/python2.7/xmlrpclib.py", line 800, in close
    raise Fault(**self._stack[0])
Fault: <Fault -1: 'publisherUpdate: unknown method name'>

[rosmaster.master][INFO] 2017-09-25 17:23:24,231: -SERVICE [/image_marked/theora/set_parameters] /view rosrpc://ubuntu:44291
[rosmaster.master][INFO] 2017-09-25 17:23:24,234: -SERVICE [/image/marked/compressedDepth/set_parameters] /view rosrpc://ubuntu:44291
[rosmaster.master][INFO] 2017-09-25 17:23:24,235: -SERVICE [/image/marked/compressed/set_parameters] /view rosrpc://ubuntu:44291
[rosmaster.master][INFO] 2017-09-25 17:23:24,236: -SERVICE [/image/marked/theora/set_parameters] /view rosrpc://ubuntu:44291
[rosmaster.master][INFO] 2017-09-25 17:23:24,237: -SERVICE [/view/change_mode] /view rosrpc://ubuntu:44291
[rosmaster.master][INFO] 2017-09-25 17:23:24,240: -SERVICE [/view/rectangle_mode] /view rosrpc://ubuntu:44291
[rosmaster.master][INFO] 2017-09-25 17:23:24,241: -SERVICE [/view/grabcut_mode] /view rosrpc://ubuntu:44291
[rosmaster.master][INFO] 2017-09-25 17:23:24,241: -SERVICE [/view/grabcut_rect_mode] /view rosrpc://ubuntu:44291
[rosmaster.master][INFO] 2017-09-25 17:23:24,242: -SERVICE [/view/line_mode] /view rosrpc://ubuntu:44291
[rosmaster.master][INFO] 2017-09-25 17:23:24,244: -SERVICE [/view/poly_mode] /view rosrpc://ubuntu:44291
[rosmaster.master][INFO] 2017-09-25 17:23:24,245: -SERVICE [/view/none_mode] /view rosrpc://ubuntu:44291
[rosmaster.master][INFO] 2017-09-25 17:23:24,245: -SERVICE [/view/set_parameters] /view rosrpc://ubuntu:44291
[rosmaster.master][INFO] 2017-09-25 17:23:24,623: -PUB [/rosout_agg] /rosout http://ubuntu:39752/
[rosmaster.master][INFO] 2017-09-25 17:23:24,624: -SUB [/rosout] /rosout http://ubuntu:39752/
[rosmaster.master][INFO] 2017-09-25 17:23:24,625: -SERVICE [/rosout/get_loggers] /rosout rosrpc://ubuntu:32900
[rosmaster.master][INFO] 2017-09-25 17:23:24,625: -SERVICE [/rosout/set_logger_level] /rosout rosrpc://ubuntu:32900
[rosmaster.main][INFO] 2017-09-25 17:23:24,732: keyboard interrupt, will exit
[rosmaster.main][INFO] 2017-09-25 17:23:24,732: stopping master...
[rospy.core][INFO] 2017-09-25 17:23:24,733: signal_shutdown [atexit]
