[rosmaster.main][INFO] 2017-09-30 15:09:21,033: initialization complete, waiting for shutdown
[rosmaster.main][INFO] 2017-09-30 15:09:21,033: Starting ROS Master Node
[xmlrpc][INFO] 2017-09-30 15:09:21,033: XML-RPC server binding to 0.0.0.0:11311
[xmlrpc][INFO] 2017-09-30 15:09:21,034: Started XML-RPC server [http://ubuntu:11311/]
[xmlrpc][INFO] 2017-09-30 15:09:21,034: xml rpc node: starting XML-RPC server
[rosmaster.master][INFO] 2017-09-30 15:09:21,034: Master initialized: port[11311], uri[http://ubuntu:11311/]
[rosmaster.master][INFO] 2017-09-30 15:09:21,056: +PARAM [/run_id] by /roslaunch
[rosmaster.master][INFO] 2017-09-30 15:09:21,057: +PARAM [/roslaunch/uris/host_ubuntu__34790] by /roslaunch
[rosmaster.master][INFO] 2017-09-30 15:09:21,130: +PARAM [/rosversion] by /roslaunch
[rosmaster.master][INFO] 2017-09-30 15:09:21,130: +PARAM [/rosdistro] by /roslaunch
[rosmaster.master][INFO] 2017-09-30 15:09:21,131: +PARAM [/camera/device_id] by /roslaunch
[rosmaster.master][INFO] 2017-09-30 15:09:21,148: +SERVICE [/rosout/get_loggers] /rosout http://ubuntu:40859/
[rosmaster.master][INFO] 2017-09-30 15:09:21,149: +SERVICE [/rosout/set_logger_level] /rosout http://ubuntu:40859/
[rosmaster.master][INFO] 2017-09-30 15:09:21,158: +PUB [/rosout_agg] /rosout http://ubuntu:40859/
[rosmaster.master][INFO] 2017-09-30 15:09:21,172: +SUB [/rosout] /rosout http://ubuntu:40859/
[rosmaster.master][INFO] 2017-09-30 15:09:21,307: +PUB [/rosout] /mask_orange http://ubuntu:41975/
[rosmaster.master][INFO] 2017-09-30 15:09:21,308: +SERVICE [/mask_orange/get_loggers] /mask_orange http://ubuntu:41975/
[rosmaster.master][INFO] 2017-09-30 15:09:21,309: +SERVICE [/mask_orange/set_logger_level] /mask_orange http://ubuntu:41975/
[rosmaster.master][INFO] 2017-09-30 15:09:21,334: publisherUpdate[/rosout] -> http://ubuntu:40859/ ['http://ubuntu:41975/']
[rosmaster.master][INFO] 2017-09-30 15:09:21,336: publisherUpdate[/rosout] -> http://ubuntu:40859/ ['http://ubuntu:41975/']: sec=0.00, result=[1, '', 0]
[rosmaster.master][INFO] 2017-09-30 15:09:21,359: +PUB [/rosout] /camera http://ubuntu:44883/
[rosmaster.master][INFO] 2017-09-30 15:09:21,360: +SERVICE [/camera/get_loggers] /camera http://ubuntu:44883/
[rosmaster.master][INFO] 2017-09-30 15:09:21,360: +SERVICE [/camera/set_logger_level] /camera http://ubuntu:44883/
[rosmaster.master][INFO] 2017-09-30 15:09:21,378: +PUB [/rosout] /view http://ubuntu:41566/
[rosmaster.master][INFO] 2017-09-30 15:09:21,382: +SERVICE [/view/get_loggers] /view http://ubuntu:41566/
[rosmaster.master][INFO] 2017-09-30 15:09:21,383: +SERVICE [/view/set_logger_level] /view http://ubuntu:41566/
[rosmaster.master][INFO] 2017-09-30 15:09:21,390: +SUB [/tf] /view http://ubuntu:41566/
[rosmaster.master][INFO] 2017-09-30 15:09:21,405: +SUB [/tf_static] /view http://ubuntu:41566/
[rosmaster.master][INFO] 2017-09-30 15:09:21,436: publisherUpdate[/rosout] -> http://ubuntu:40859/ ['http://ubuntu:41975/', 'http://ubuntu:44883/']
[rosmaster.master][INFO] 2017-09-30 15:09:21,436: publisherUpdate[/rosout] -> http://ubuntu:40859/ ['http://ubuntu:41975/', 'http://ubuntu:44883/']: sec=0.00, result=[1, '', 0]
[rosmaster.master][INFO] 2017-09-30 15:09:21,436: publisherUpdate[/rosout] -> http://ubuntu:40859/ ['http://ubuntu:41975/', 'http://ubuntu:44883/', 'http://ubuntu:41566/']
[rosmaster.master][INFO] 2017-09-30 15:09:21,437: publisherUpdate[/rosout] -> http://ubuntu:40859/ ['http://ubuntu:41975/', 'http://ubuntu:44883/', 'http://ubuntu:41566/']: sec=0.00, result=[1, '', 0]
[rosmaster.master][INFO] 2017-09-30 15:09:21,439: +SERVICE [/camera/set_camera_info] /camera http://ubuntu:44883/
[rosmaster.master][INFO] 2017-09-30 15:09:21,444: -SERVICE [/camera/set_camera_info] /camera rosrpc://ubuntu:33808
[rosmaster.master][INFO] 2017-09-30 15:09:21,510: +PUB [/image/screenpoint] /view http://ubuntu:41566/
[rosmaster.master][INFO] 2017-09-30 15:09:21,513: +PUB [/image/screenpoint_array] /view http://ubuntu:41566/
[rosmaster.master][INFO] 2017-09-30 15:09:21,514: +PUB [/image/screenrectangle] /view http://ubuntu:41566/
[rosmaster.master][INFO] 2017-09-30 15:09:21,515: +PUB [/image/screenrectangle_image] /view http://ubuntu:41566/
[rosmaster.master][INFO] 2017-09-30 15:09:21,516: +PUB [/image/movepoint] /view http://ubuntu:41566/
[rosmaster.master][INFO] 2017-09-30 15:09:21,516: +PUB [/image/foreground] /view http://ubuntu:41566/
[rosmaster.master][INFO] 2017-09-30 15:09:21,517: +PUB [/image/background] /view http://ubuntu:41566/
[rosmaster.master][INFO] 2017-09-30 15:09:21,518: +PUB [/image/foreground_rect] /view http://ubuntu:41566/
[rosmaster.master][INFO] 2017-09-30 15:09:21,519: +PUB [/image/background_rect] /view http://ubuntu:41566/
[rosmaster.master][INFO] 2017-09-30 15:09:21,523: +PUB [/image/line] /view http://ubuntu:41566/
[rosmaster.master][INFO] 2017-09-30 15:09:21,524: +PUB [/image/poly] /view http://ubuntu:41566/
[rosmaster.master][INFO] 2017-09-30 15:09:21,535: +SUB [/camera/image_raw] /mask_orange http://ubuntu:41975/
[rosmaster.master][INFO] 2017-09-30 15:09:21,636: +PUB [/image/compressedDepth] /mask_orange http://ubuntu:41975/
[rosmaster.master][INFO] 2017-09-30 15:09:21,637: +SERVICE [/image/compressedDepth/set_parameters] /mask_orange http://ubuntu:41975/
[rosmaster.master][INFO] 2017-09-30 15:09:21,639: +PUB [/image/compressedDepth/parameter_descriptions] /mask_orange http://ubuntu:41975/
[rosmaster.master][INFO] 2017-09-30 15:09:21,643: +PUB [/image/compressedDepth/parameter_updates] /mask_orange http://ubuntu:41975/
[rosmaster.master][INFO] 2017-09-30 15:09:21,644: -PUB [/rosout] /camera http://ubuntu:44883/
[rosmaster.master][INFO] 2017-09-30 15:09:21,645: -SERVICE [/camera/get_loggers] /camera rosrpc://ubuntu:33808
[rosmaster.master][INFO] 2017-09-30 15:09:21,646: -SERVICE [/camera/set_logger_level] /camera rosrpc://ubuntu:33808
[rosmaster.master][INFO] 2017-09-30 15:09:21,657: +PUB [/image_marked/compressedDepth] /view http://ubuntu:41566/
[rosmaster.master][INFO] 2017-09-30 15:09:21,659: +PARAM [/image/compressedDepth/depth_max] by /mask_orange
[rosmaster.master][INFO] 2017-09-30 15:09:21,660: +SERVICE [/image_marked/compressedDepth/set_parameters] /view http://ubuntu:41566/
[rosmaster.master][INFO] 2017-09-30 15:09:21,660: +PARAM [/image/compressedDepth/depth_quantization] by /mask_orange
[rosmaster.master][INFO] 2017-09-30 15:09:21,661: +PUB [/image_marked/compressedDepth/parameter_descriptions] /view http://ubuntu:41566/
[rosmaster.master][INFO] 2017-09-30 15:09:21,662: +PARAM [/image/compressedDepth/png_level] by /mask_orange
[rosmaster.master][INFO] 2017-09-30 15:09:21,667: +PUB [/image_marked/compressedDepth/parameter_updates] /view http://ubuntu:41566/
[rosmaster.master][INFO] 2017-09-30 15:09:21,667: +PARAM [/image/compressedDepth/depth_max] by /mask_orange
[rosmaster.master][INFO] 2017-09-30 15:09:21,669: +PARAM [/image/compressedDepth/depth_quantization] by /mask_orange
[rosmaster.master][INFO] 2017-09-30 15:09:21,670: +PARAM [/image/compressedDepth/png_level] by /mask_orange
[rosmaster.master][INFO] 2017-09-30 15:09:21,679: +PARAM [/image_marked/compressedDepth/depth_max] by /view
[rosmaster.master][INFO] 2017-09-30 15:09:21,683: +PARAM [/image_marked/compressedDepth/depth_quantization] by /view
[rosmaster.master][INFO] 2017-09-30 15:09:21,683: +PARAM [/image_marked/compressedDepth/png_level] by /view
[rosmaster.master][INFO] 2017-09-30 15:09:21,684: +PARAM [/image_marked/compressedDepth/depth_max] by /view
[rosmaster.master][INFO] 2017-09-30 15:09:21,685: +PARAM [/image_marked/compressedDepth/depth_quantization] by /view
[rosmaster.master][INFO] 2017-09-30 15:09:21,686: +PARAM [/image_marked/compressedDepth/png_level] by /view
[rosmaster.master][INFO] 2017-09-30 15:09:21,743: publisherUpdate[/rosout] -> http://ubuntu:40859/ ['http://ubuntu:41975/', 'http://ubuntu:41566/']
[rosmaster.master][INFO] 2017-09-30 15:09:21,744: publisherUpdate[/rosout] -> http://ubuntu:40859/ ['http://ubuntu:41975/', 'http://ubuntu:41566/']: sec=0.00, result=[1, '', 0]
[rosmaster.master][INFO] 2017-09-30 15:09:21,751: +PUB [/image/compressed] /mask_orange http://ubuntu:41975/
[rosmaster.master][INFO] 2017-09-30 15:09:21,754: +SERVICE [/image/compressed/set_parameters] /mask_orange http://ubuntu:41975/
[rosmaster.master][INFO] 2017-09-30 15:09:21,755: +PUB [/image/compressed/parameter_descriptions] /mask_orange http://ubuntu:41975/
[rosmaster.master][INFO] 2017-09-30 15:09:21,757: +PUB [/image/compressed/parameter_updates] /mask_orange http://ubuntu:41975/
[rosmaster.master][INFO] 2017-09-30 15:09:21,767: +PARAM [/image/compressed/format] by /mask_orange
[rosmaster.master][INFO] 2017-09-30 15:09:21,768: +PARAM [/image/compressed/jpeg_quality] by /mask_orange
[rosmaster.master][INFO] 2017-09-30 15:09:21,779: +PARAM [/image/compressed/png_level] by /mask_orange
[rosmaster.master][INFO] 2017-09-30 15:09:21,780: +PARAM [/image/compressed/format] by /mask_orange
[rosmaster.master][INFO] 2017-09-30 15:09:21,781: +PARAM [/image/compressed/jpeg_quality] by /mask_orange
[rosmaster.master][INFO] 2017-09-30 15:09:21,785: +PUB [/image_marked/compressed] /view http://ubuntu:41566/
[rosmaster.master][INFO] 2017-09-30 15:09:21,787: +PARAM [/image/compressed/png_level] by /mask_orange
[rosmaster.master][INFO] 2017-09-30 15:09:21,791: +SERVICE [/image_marked/compressed/set_parameters] /view http://ubuntu:41566/
[rosmaster.master][INFO] 2017-09-30 15:09:21,803: +PUB [/image_marked/compressed/parameter_descriptions] /view http://ubuntu:41566/
[rosmaster.master][INFO] 2017-09-30 15:09:21,804: +PUB [/image_marked/compressed/parameter_updates] /view http://ubuntu:41566/
[rosmaster.master][INFO] 2017-09-30 15:09:21,806: +PARAM [/image_marked/compressed/format] by /view
[rosmaster.master][INFO] 2017-09-30 15:09:21,807: +PARAM [/image_marked/compressed/jpeg_quality] by /view
[rosmaster.master][INFO] 2017-09-30 15:09:21,812: +PARAM [/image_marked/compressed/png_level] by /view
[rosmaster.master][INFO] 2017-09-30 15:09:21,815: +PARAM [/image_marked/compressed/format] by /view
[rosmaster.master][INFO] 2017-09-30 15:09:21,816: +PARAM [/image_marked/compressed/jpeg_quality] by /view
[rosmaster.master][INFO] 2017-09-30 15:09:21,816: +PARAM [/image_marked/compressed/png_level] by /view
[rosmaster.master][INFO] 2017-09-30 15:09:21,871: +PUB [/image] /mask_orange http://ubuntu:41975/
[rosmaster.master][INFO] 2017-09-30 15:09:21,894: +PUB [/image_marked] /view http://ubuntu:41566/
[rosmaster.master][INFO] 2017-09-30 15:09:21,951: +PUB [/image/theora] /mask_orange http://ubuntu:41975/
[rosmaster.master][INFO] 2017-09-30 15:09:21,952: +SERVICE [/image/theora/set_parameters] /mask_orange http://ubuntu:41975/
[rosmaster.master][INFO] 2017-09-30 15:09:21,953: +PUB [/image/theora/parameter_descriptions] /mask_orange http://ubuntu:41975/
[rosmaster.master][INFO] 2017-09-30 15:09:21,954: +PUB [/image/theora/parameter_updates] /mask_orange http://ubuntu:41975/
[rosmaster.master][INFO] 2017-09-30 15:09:21,957: +PARAM [/image/theora/optimize_for] by /mask_orange
[rosmaster.master][INFO] 2017-09-30 15:09:21,960: +PARAM [/image/theora/target_bitrate] by /mask_orange
[rosmaster.master][INFO] 2017-09-30 15:09:21,962: +PARAM [/image/theora/quality] by /mask_orange
[rosmaster.master][INFO] 2017-09-30 15:09:21,963: +PARAM [/image/theora/keyframe_frequency] by /mask_orange
[rosmaster.master][INFO] 2017-09-30 15:09:21,970: +PARAM [/image/theora/optimize_for] by /mask_orange
[rosmaster.master][INFO] 2017-09-30 15:09:21,971: +PARAM [/image/theora/target_bitrate] by /mask_orange
[rosmaster.master][INFO] 2017-09-30 15:09:21,973: +PARAM [/image/theora/quality] by /mask_orange
[rosmaster.master][INFO] 2017-09-30 15:09:21,974: +PARAM [/image/theora/keyframe_frequency] by /mask_orange
[rosmaster.master][INFO] 2017-09-30 15:09:21,978: +SERVICE [/mask_orange/set_parameters] /mask_orange http://ubuntu:41975/
[rosmaster.master][INFO] 2017-09-30 15:09:21,979: +PUB [/mask_orange/parameter_descriptions] /mask_orange http://ubuntu:41975/
[rosmaster.master][INFO] 2017-09-30 15:09:21,983: +PUB [/mask_orange/parameter_updates] /mask_orange http://ubuntu:41975/
[rosmaster.master][INFO] 2017-09-30 15:09:21,988: +PUB [/image_marked/theora] /view http://ubuntu:41566/
[rosmaster.master][INFO] 2017-09-30 15:09:21,990: +SERVICE [/image_marked/theora/set_parameters] /view http://ubuntu:41566/
[rosmaster.master][INFO] 2017-09-30 15:09:21,993: +PUB [/image_marked/theora/parameter_descriptions] /view http://ubuntu:41566/
[rosmaster.master][INFO] 2017-09-30 15:09:21,995: +PUB [/image_marked/theora/parameter_updates] /view http://ubuntu:41566/
[rosmaster.master][INFO] 2017-09-30 15:09:22,000: +PARAM [/mask_orange/low_h] by /mask_orange
[rosmaster.master][INFO] 2017-09-30 15:09:22,004: +PARAM [/mask_orange/low_s] by /mask_orange
[rosmaster.master][INFO] 2017-09-30 15:09:22,011: +PARAM [/mask_orange/low_v] by /mask_orange
[rosmaster.master][INFO] 2017-09-30 15:09:22,021: +PARAM [/mask_orange/high_h] by /mask_orange
[rosmaster.master][INFO] 2017-09-30 15:09:22,032: +PARAM [/image_marked/theora/optimize_for] by /view
[rosmaster.master][INFO] 2017-09-30 15:09:22,036: +PARAM [/mask_orange/high_s] by /mask_orange
[rosmaster.master][INFO] 2017-09-30 15:09:22,042: +PARAM [/image_marked/theora/target_bitrate] by /view
[rosmaster.master][INFO] 2017-09-30 15:09:22,047: +PARAM [/mask_orange/high_v] by /mask_orange
[rosmaster.master][INFO] 2017-09-30 15:09:22,050: +PARAM [/image_marked/theora/quality] by /view
[rosmaster.master][INFO] 2017-09-30 15:09:22,056: +PARAM [/mask_orange/low_h] by /mask_orange
[rosmaster.master][INFO] 2017-09-30 15:09:22,058: +PARAM [/image_marked/theora/keyframe_frequency] by /view
[rosmaster.master][INFO] 2017-09-30 15:09:22,060: +PARAM [/mask_orange/low_s] by /mask_orange
[rosmaster.master][INFO] 2017-09-30 15:09:22,064: +PARAM [/image_marked/theora/optimize_for] by /view
[rosmaster.master][INFO] 2017-09-30 15:09:22,069: +PARAM [/mask_orange/low_v] by /mask_orange
[rosmaster.master][INFO] 2017-09-30 15:09:22,070: +PARAM [/image_marked/theora/target_bitrate] by /view
[rosmaster.master][INFO] 2017-09-30 15:09:22,079: +PARAM [/mask_orange/high_h] by /mask_orange
[rosmaster.master][INFO] 2017-09-30 15:09:22,084: +PARAM [/image_marked/theora/quality] by /view
[rosmaster.master][INFO] 2017-09-30 15:09:22,090: +PARAM [/mask_orange/high_s] by /mask_orange
[rosmaster.master][INFO] 2017-09-30 15:09:22,095: +PARAM [/image_marked/theora/keyframe_frequency] by /view
[rosmaster.master][INFO] 2017-09-30 15:09:22,107: +PARAM [/mask_orange/high_v] by /mask_orange
[rosmaster.master][INFO] 2017-09-30 15:09:22,246: +PUB [/image/marked/compressedDepth] /view http://ubuntu:41566/
[rosmaster.master][INFO] 2017-09-30 15:09:22,248: +SERVICE [/image/marked/compressedDepth/set_parameters] /view http://ubuntu:41566/
[rosmaster.master][INFO] 2017-09-30 15:09:22,249: +PUB [/image/marked/compressedDepth/parameter_descriptions] /view http://ubuntu:41566/
[rosmaster.master][INFO] 2017-09-30 15:09:22,249: +PUB [/image/marked/compressedDepth/parameter_updates] /view http://ubuntu:41566/
[rosmaster.master][INFO] 2017-09-30 15:09:22,258: +PARAM [/image/marked/compressedDepth/depth_max] by /view
[rosmaster.master][INFO] 2017-09-30 15:09:22,259: +PARAM [/image/marked/compressedDepth/depth_quantization] by /view
[rosmaster.master][INFO] 2017-09-30 15:09:22,260: +PARAM [/image/marked/compressedDepth/png_level] by /view
[rosmaster.master][INFO] 2017-09-30 15:09:22,261: +PARAM [/image/marked/compressedDepth/depth_max] by /view
[rosmaster.master][INFO] 2017-09-30 15:09:22,263: +PARAM [/image/marked/compressedDepth/depth_quantization] by /view
[rosmaster.master][INFO] 2017-09-30 15:09:22,264: +PARAM [/image/marked/compressedDepth/png_level] by /view
[rosmaster.master][INFO] 2017-09-30 15:09:22,327: +PUB [/image/marked/compressed] /view http://ubuntu:41566/
[rosmaster.master][INFO] 2017-09-30 15:09:22,328: +SERVICE [/image/marked/compressed/set_parameters] /view http://ubuntu:41566/
[rosmaster.master][INFO] 2017-09-30 15:09:22,329: +PUB [/image/marked/compressed/parameter_descriptions] /view http://ubuntu:41566/
[rosmaster.master][INFO] 2017-09-30 15:09:22,329: +PUB [/image/marked/compressed/parameter_updates] /view http://ubuntu:41566/
[rosmaster.master][INFO] 2017-09-30 15:09:22,332: +PARAM [/image/marked/compressed/format] by /view
[rosmaster.master][INFO] 2017-09-30 15:09:22,332: +PARAM [/image/marked/compressed/jpeg_quality] by /view
[rosmaster.master][INFO] 2017-09-30 15:09:22,333: +PARAM [/image/marked/compressed/png_level] by /view
[rosmaster.master][INFO] 2017-09-30 15:09:22,334: +PARAM [/image/marked/compressed/format] by /view
[rosmaster.master][INFO] 2017-09-30 15:09:22,334: +PARAM [/image/marked/compressed/jpeg_quality] by /view
[rosmaster.master][INFO] 2017-09-30 15:09:22,336: +PARAM [/image/marked/compressed/png_level] by /view
[rosmaster.master][INFO] 2017-09-30 15:09:22,392: +PUB [/image/marked] /view http://ubuntu:41566/
[rosmaster.master][INFO] 2017-09-30 15:09:22,445: +PUB [/image/marked/theora] /view http://ubuntu:41566/
[rosmaster.master][INFO] 2017-09-30 15:09:22,446: +SERVICE [/image/marked/theora/set_parameters] /view http://ubuntu:41566/
[rosmaster.master][INFO] 2017-09-30 15:09:22,447: +PUB [/image/marked/theora/parameter_descriptions] /view http://ubuntu:41566/
[rosmaster.master][INFO] 2017-09-30 15:09:22,448: +PUB [/image/marked/theora/parameter_updates] /view http://ubuntu:41566/
[rosmaster.master][INFO] 2017-09-30 15:09:22,454: +PARAM [/image/marked/theora/optimize_for] by /view
[rosmaster.master][INFO] 2017-09-30 15:09:22,455: +PARAM [/image/marked/theora/target_bitrate] by /view
[rosmaster.master][INFO] 2017-09-30 15:09:22,456: +PARAM [/image/marked/theora/quality] by /view
[rosmaster.master][INFO] 2017-09-30 15:09:22,457: +PARAM [/image/marked/theora/keyframe_frequency] by /view
[rosmaster.master][INFO] 2017-09-30 15:09:22,458: +PARAM [/image/marked/theora/optimize_for] by /view
[rosmaster.master][INFO] 2017-09-30 15:09:22,462: +PARAM [/image/marked/theora/target_bitrate] by /view
[rosmaster.master][INFO] 2017-09-30 15:09:22,462: +PARAM [/image/marked/theora/quality] by /view
[rosmaster.master][INFO] 2017-09-30 15:09:22,463: +PARAM [/image/marked/theora/keyframe_frequency] by /view
[rosmaster.master][INFO] 2017-09-30 15:09:22,519: +SUB [/image] /view http://ubuntu:41566/
[rosmaster.master][INFO] 2017-09-30 15:09:22,526: +SUB [/camera_info] /view http://ubuntu:41566/
[rosmaster.master][INFO] 2017-09-30 15:09:22,532: +SUB [/image_marker] /view http://ubuntu:41566/
[rosmaster.master][INFO] 2017-09-30 15:09:22,539: +SUB [/image/event] /view http://ubuntu:41566/
[rosmaster.master][INFO] 2017-09-30 15:09:22,540: +SERVICE [/view/change_mode] /view http://ubuntu:41566/
[rosmaster.master][INFO] 2017-09-30 15:09:22,543: +SERVICE [/view/rectangle_mode] /view http://ubuntu:41566/
[rosmaster.master][INFO] 2017-09-30 15:09:22,544: +SERVICE [/view/grabcut_mode] /view http://ubuntu:41566/
[rosmaster.master][INFO] 2017-09-30 15:09:22,544: +SERVICE [/view/grabcut_rect_mode] /view http://ubuntu:41566/
[rosmaster.master][INFO] 2017-09-30 15:09:22,545: +SERVICE [/view/line_mode] /view http://ubuntu:41566/
[rosmaster.master][INFO] 2017-09-30 15:09:22,547: +SERVICE [/view/poly_mode] /view http://ubuntu:41566/
[rosmaster.master][INFO] 2017-09-30 15:09:22,551: +SERVICE [/view/none_mode] /view http://ubuntu:41566/
[rosmaster.master][INFO] 2017-09-30 15:09:22,552: +SERVICE [/view/set_parameters] /view http://ubuntu:41566/
[rosmaster.master][INFO] 2017-09-30 15:09:22,553: +PUB [/view/parameter_descriptions] /view http://ubuntu:41566/
[rosmaster.master][INFO] 2017-09-30 15:09:22,553: +PUB [/view/parameter_updates] /view http://ubuntu:41566/
[rosmaster.master][INFO] 2017-09-30 15:09:22,567: +PARAM [/view/grid] by /view
[rosmaster.master][INFO] 2017-09-30 15:09:22,568: +PARAM [/view/fisheye_mode] by /view
[rosmaster.master][INFO] 2017-09-30 15:09:22,569: +PARAM [/view/div_u] by /view
[rosmaster.master][INFO] 2017-09-30 15:09:22,570: +PARAM [/view/div_v] by /view
[rosmaster.master][INFO] 2017-09-30 15:09:22,572: +PARAM [/view/grid_red] by /view
[rosmaster.master][INFO] 2017-09-30 15:09:22,575: +PARAM [/view/grid_green] by /view
[rosmaster.master][INFO] 2017-09-30 15:09:22,576: +PARAM [/view/grid_blue] by /view
[rosmaster.master][INFO] 2017-09-30 15:09:22,576: +PARAM [/view/grid_thickness] by /view
[rosmaster.master][INFO] 2017-09-30 15:09:22,577: +PARAM [/view/grid_space] by /view
[rosmaster.master][INFO] 2017-09-30 15:09:22,579: +PARAM [/view/grid] by /view
[rosmaster.master][INFO] 2017-09-30 15:09:22,580: +PARAM [/view/fisheye_mode] by /view
[rosmaster.master][INFO] 2017-09-30 15:09:22,581: +PARAM [/view/div_u] by /view
[rosmaster.master][INFO] 2017-09-30 15:09:22,583: +PARAM [/view/div_v] by /view
[rosmaster.master][INFO] 2017-09-30 15:09:22,587: +PARAM [/view/grid_red] by /view
[rosmaster.master][INFO] 2017-09-30 15:09:22,588: +PARAM [/view/grid_green] by /view
[rosmaster.master][INFO] 2017-09-30 15:09:22,588: +PARAM [/view/grid_blue] by /view
[rosmaster.master][INFO] 2017-09-30 15:09:22,589: +PARAM [/view/grid_thickness] by /view
[rosmaster.master][INFO] 2017-09-30 15:09:22,590: +PARAM [/view/grid_space] by /view
[rosmaster.master][INFO] 2017-09-30 15:09:23,763: +PUB [/rosout] /threshold_sender http://ubuntu:39551/
[rosmaster.master][INFO] 2017-09-30 15:09:23,777: +SERVICE [/threshold_sender/get_loggers] /threshold_sender http://ubuntu:39551/
[rosmaster.master][INFO] 2017-09-30 15:09:23,782: +SERVICE [/threshold_sender/set_logger_level] /threshold_sender http://ubuntu:39551/
[rosmaster.master][INFO] 2017-09-30 15:09:23,836: +SUB [/image/compressed/parameter_descriptions] /threshold_sender http://ubuntu:39551/
[rosmaster.master][INFO] 2017-09-30 15:09:23,840: +SUB [/image/compressed/parameter_updates] /threshold_sender http://ubuntu:39551/
[rosmaster.master][INFO] 2017-09-30 15:09:23,843: +SUB [/image/compressedDepth/parameter_descriptions] /threshold_sender http://ubuntu:39551/
[rosmaster.master][INFO] 2017-09-30 15:09:23,847: +SUB [/image/compressedDepth/parameter_updates] /threshold_sender http://ubuntu:39551/
[rosmaster.master][INFO] 2017-09-30 15:09:23,849: +SUB [/image/marked/compressed/parameter_descriptions] /threshold_sender http://ubuntu:39551/
[rosmaster.master][INFO] 2017-09-30 15:09:23,854: publisherUpdate[/rosout] -> http://ubuntu:40859/ ['http://ubuntu:41975/', 'http://ubuntu:41566/', 'http://ubuntu:39551/']
[rosmaster.master][INFO] 2017-09-30 15:09:23,855: publisherUpdate[/rosout] -> http://ubuntu:40859/ ['http://ubuntu:41975/', 'http://ubuntu:41566/', 'http://ubuntu:39551/']: sec=0.00, result=[1, '', 0]
[rosmaster.master][INFO] 2017-09-30 15:09:23,855: +SUB [/image/marked/compressed/parameter_updates] /threshold_sender http://ubuntu:39551/
[rosmaster.master][INFO] 2017-09-30 15:09:23,859: +SUB [/image/marked/compressedDepth/parameter_descriptions] /threshold_sender http://ubuntu:39551/
[rosmaster.master][INFO] 2017-09-30 15:09:23,862: +SUB [/image/marked/compressedDepth/parameter_updates] /threshold_sender http://ubuntu:39551/
[rosmaster.master][INFO] 2017-09-30 15:09:23,865: +SUB [/image/marked/theora/parameter_descriptions] /threshold_sender http://ubuntu:39551/
[rosmaster.master][INFO] 2017-09-30 15:09:23,869: +SUB [/image/marked/theora/parameter_updates] /threshold_sender http://ubuntu:39551/
[rosmaster.master][INFO] 2017-09-30 15:09:23,872: +SUB [/image/theora/parameter_descriptions] /threshold_sender http://ubuntu:39551/
[rosmaster.master][INFO] 2017-09-30 15:09:23,876: +SUB [/image/theora/parameter_updates] /threshold_sender http://ubuntu:39551/
[rosmaster.master][INFO] 2017-09-30 15:09:23,879: +SUB [/image_marked/compressed/parameter_descriptions] /threshold_sender http://ubuntu:39551/
[rosmaster.master][INFO] 2017-09-30 15:09:23,884: +SUB [/image_marked/compressed/parameter_updates] /threshold_sender http://ubuntu:39551/
[rosmaster.master][INFO] 2017-09-30 15:09:23,886: +SUB [/image_marked/compressedDepth/parameter_descriptions] /threshold_sender http://ubuntu:39551/
[rosmaster.master][INFO] 2017-09-30 15:09:23,892: +SUB [/image_marked/compressedDepth/parameter_updates] /threshold_sender http://ubuntu:39551/
[rosmaster.master][INFO] 2017-09-30 15:09:23,896: +SUB [/image_marked/theora/parameter_descriptions] /threshold_sender http://ubuntu:39551/
[rosmaster.master][INFO] 2017-09-30 15:09:23,906: +SUB [/image_marked/theora/parameter_updates] /threshold_sender http://ubuntu:39551/
[rosmaster.master][INFO] 2017-09-30 15:09:23,909: +SUB [/mask_orange/parameter_descriptions] /threshold_sender http://ubuntu:39551/
[rosmaster.master][INFO] 2017-09-30 15:09:23,914: +SUB [/mask_orange/parameter_updates] /threshold_sender http://ubuntu:39551/
[rosmaster.master][INFO] 2017-09-30 15:09:23,916: +SUB [/view/parameter_descriptions] /threshold_sender http://ubuntu:39551/
[rosmaster.master][INFO] 2017-09-30 15:09:23,920: +SUB [/view/parameter_updates] /threshold_sender http://ubuntu:39551/
[rosmaster.master][INFO] 2017-09-30 15:10:05,981: -SUB [/mask_orange/parameter_descriptions] /threshold_sender http://ubuntu:39551/
[rosmaster.master][INFO] 2017-09-30 15:10:05,987: -SUB [/mask_orange/parameter_updates] /threshold_sender http://ubuntu:39551/
[rosmaster.master][INFO] 2017-09-30 15:10:06,058: -SUB [/image/marked/compressed/parameter_descriptions] /threshold_sender http://ubuntu:39551/
[rosmaster.master][INFO] 2017-09-30 15:10:06,059: -SUB [/image/marked/theora/parameter_descriptions] /threshold_sender http://ubuntu:39551/
[rosmaster.master][INFO] 2017-09-30 15:10:06,059: -SUB [/image_marked/theora/parameter_descriptions] /threshold_sender http://ubuntu:39551/
[rosmaster.master][INFO] 2017-09-30 15:10:06,059: -SUB [/image_marked/compressed/parameter_updates] /threshold_sender http://ubuntu:39551/
[rosmaster.master][INFO] 2017-09-30 15:10:06,059: -SUB [/image/theora/parameter_descriptions] /threshold_sender http://ubuntu:39551/
[rosmaster.master][INFO] 2017-09-30 15:10:06,059: -SUB [/image_marked/compressedDepth/parameter_descriptions] /threshold_sender http://ubuntu:39551/
[rosmaster.master][INFO] 2017-09-30 15:10:06,059: -SUB [/image/compressedDepth/parameter_updates] /threshold_sender http://ubuntu:39551/
[rosmaster.master][INFO] 2017-09-30 15:10:06,059: -SUB [/image/marked/theora/parameter_updates] /threshold_sender http://ubuntu:39551/
[rosmaster.master][INFO] 2017-09-30 15:10:06,059: -SUB [/image_marked/compressedDepth/parameter_updates] /threshold_sender http://ubuntu:39551/
[rosmaster.master][INFO] 2017-09-30 15:10:06,059: -SUB [/image/compressed/parameter_descriptions] /threshold_sender http://ubuntu:39551/
[rosmaster.master][INFO] 2017-09-30 15:10:06,059: -SUB [/view/parameter_updates] /threshold_sender http://ubuntu:39551/
[rosmaster.master][INFO] 2017-09-30 15:10:06,059: -SUB [/image/marked/compressedDepth/parameter_descriptions] /threshold_sender http://ubuntu:39551/
[rosmaster.master][INFO] 2017-09-30 15:10:06,059: -SUB [/image/compressedDepth/parameter_descriptions] /threshold_sender http://ubuntu:39551/
[rosmaster.master][INFO] 2017-09-30 15:10:06,059: -SUB [/image_marked/theora/parameter_updates] /threshold_sender http://ubuntu:39551/
[rosmaster.master][INFO] 2017-09-30 15:10:06,060: -SUB [/image/marked/compressed/parameter_updates] /threshold_sender http://ubuntu:39551/
[rosmaster.master][INFO] 2017-09-30 15:10:06,060: -SUB [/image/marked/compressedDepth/parameter_updates] /threshold_sender http://ubuntu:39551/
[rosmaster.master][INFO] 2017-09-30 15:10:06,060: -SUB [/view/parameter_descriptions] /threshold_sender http://ubuntu:39551/
[rosmaster.master][INFO] 2017-09-30 15:10:06,060: -SUB [/image/compressed/parameter_updates] /threshold_sender http://ubuntu:39551/
[rosmaster.master][INFO] 2017-09-30 15:10:06,060: -SUB [/image_marked/compressed/parameter_descriptions] /threshold_sender http://ubuntu:39551/
[rosmaster.master][INFO] 2017-09-30 15:10:06,060: -SUB [/image/theora/parameter_updates] /threshold_sender http://ubuntu:39551/
[rosmaster.master][INFO] 2017-09-30 15:10:06,060: -PUB [/rosout] /threshold_sender http://ubuntu:39551/
[rosmaster.master][INFO] 2017-09-30 15:10:06,060: -SERVICE [/threshold_sender/set_logger_level] /threshold_sender rosrpc://ubuntu:43672
[rosmaster.master][INFO] 2017-09-30 15:10:06,060: -SERVICE [/threshold_sender/get_loggers] /threshold_sender rosrpc://ubuntu:43672
[rosmaster.master][INFO] 2017-09-30 15:10:06,134: publisherUpdate[/rosout] -> http://ubuntu:40859/ ['http://ubuntu:41975/', 'http://ubuntu:41566/']
[rosmaster.master][INFO] 2017-09-30 15:10:06,136: publisherUpdate[/rosout] -> http://ubuntu:40859/ ['http://ubuntu:41975/', 'http://ubuntu:41566/']: sec=0.00, result=[1, '', 0]
[rosmaster.master][INFO] 2017-09-30 15:10:11,122: -PUB [/rosout] /mask_orange http://ubuntu:41975/
[rosmaster.master][INFO] 2017-09-30 15:10:11,123: -PUB [/image/compressedDepth] /mask_orange http://ubuntu:41975/
[rosmaster.master][INFO] 2017-09-30 15:10:11,127: -PUB [/rosout] /view http://ubuntu:41566/
[rosmaster.master][INFO] 2017-09-30 15:10:11,128: -PUB [/image/screenpoint] /view http://ubuntu:41566/
[rosmaster.master][INFO] 2017-09-30 15:10:11,130: -PUB [/image/screenpoint_array] /view http://ubuntu:41566/
[rosmaster.master][INFO] 2017-09-30 15:10:11,131: -PUB [/image/compressedDepth/parameter_descriptions] /mask_orange http://ubuntu:41975/
[rosmaster.master][INFO] 2017-09-30 15:10:11,132: -PUB [/image/compressedDepth/parameter_updates] /mask_orange http://ubuntu:41975/
[rosmaster.master][INFO] 2017-09-30 15:10:11,132: -PUB [/image/compressed] /mask_orange http://ubuntu:41975/
[rosmaster.master][INFO] 2017-09-30 15:10:11,134: -PUB [/image/compressed/parameter_descriptions] /mask_orange http://ubuntu:41975/
[rosmaster.master][INFO] 2017-09-30 15:10:11,136: -PUB [/image/screenrectangle] /view http://ubuntu:41566/
[rosmaster.master][INFO] 2017-09-30 15:10:11,138: -PUB [/image/compressed/parameter_updates] /mask_orange http://ubuntu:41975/
[rosmaster.master][INFO] 2017-09-30 15:10:11,140: -PUB [/image/screenrectangle_image] /view http://ubuntu:41566/
[rosmaster.master][INFO] 2017-09-30 15:10:11,141: -PUB [/image] /mask_orange http://ubuntu:41975/
[rosmaster.master][INFO] 2017-09-30 15:10:11,142: -PUB [/image/theora] /mask_orange http://ubuntu:41975/
[rosmaster.master][INFO] 2017-09-30 15:10:11,144: -PUB [/image/movepoint] /view http://ubuntu:41566/
[rosmaster.master][INFO] 2017-09-30 15:10:11,146: -PUB [/image/theora/parameter_descriptions] /mask_orange http://ubuntu:41975/
[rosmaster.master][INFO] 2017-09-30 15:10:11,147: -PUB [/image/foreground] /view http://ubuntu:41566/
[rosmaster.master][INFO] 2017-09-30 15:10:11,148: -PUB [/image/background] /view http://ubuntu:41566/
[rosmaster.master][INFO] 2017-09-30 15:10:11,150: -PUB [/image/theora/parameter_updates] /mask_orange http://ubuntu:41975/
[rosmaster.master][INFO] 2017-09-30 15:10:11,152: -PUB [/image/foreground_rect] /view http://ubuntu:41566/
[rosmaster.master][INFO] 2017-09-30 15:10:11,154: -PUB [/mask_orange/parameter_descriptions] /mask_orange http://ubuntu:41975/
[rosmaster.master][INFO] 2017-09-30 15:10:11,156: -PUB [/image/background_rect] /view http://ubuntu:41566/
[rosmaster.master][INFO] 2017-09-30 15:10:11,157: -PUB [/mask_orange/parameter_updates] /mask_orange http://ubuntu:41975/
[rosmaster.master][INFO] 2017-09-30 15:10:11,158: -SUB [/camera/image_raw] /mask_orange http://ubuntu:41975/
[rosmaster.master][INFO] 2017-09-30 15:10:11,159: -PUB [/image/line] /view http://ubuntu:41566/
[rosmaster.master][INFO] 2017-09-30 15:10:11,161: -PUB [/image/poly] /view http://ubuntu:41566/
[rosmaster.master][INFO] 2017-09-30 15:10:11,166: -SERVICE [/mask_orange/get_loggers] /mask_orange rosrpc://ubuntu:55293
[rosmaster.master][INFO] 2017-09-30 15:10:11,168: -PUB [/image_marked/compressedDepth] /view http://ubuntu:41566/
[rosmaster.master][INFO] 2017-09-30 15:10:11,169: -PUB [/image_marked/compressedDepth/parameter_descriptions] /view http://ubuntu:41566/
[rosmaster.master][INFO] 2017-09-30 15:10:11,170: -PUB [/image_marked/compressedDepth/parameter_updates] /view http://ubuntu:41566/
[rosmaster.master][INFO] 2017-09-30 15:10:11,171: publisherUpdate[/rosout] -> http://ubuntu:40859/ ['http://ubuntu:41566/']
[rosmaster.master][INFO] 2017-09-30 15:10:11,172: publisherUpdate[/image] -> http://ubuntu:41566/ []
[rosmaster.master][INFO] 2017-09-30 15:10:11,172: publisherUpdate[/rosout] -> http://ubuntu:40859/ ['http://ubuntu:41566/']: sec=0.00, result=[1, '', 0]
[rosmaster.master][INFO] 2017-09-30 15:10:11,172: publisherUpdate[/rosout] -> http://ubuntu:40859/ []
[rosmaster.master][INFO] 2017-09-30 15:10:11,173: publisherUpdate[/rosout] -> http://ubuntu:40859/ []: sec=0.00, result=[1, '', 0]
[rosmaster.master][INFO] 2017-09-30 15:10:11,173: -PUB [/image_marked/compressed] /view http://ubuntu:41566/
[rosmaster.master][INFO] 2017-09-30 15:10:11,178: publisherUpdate[/image] -> http://ubuntu:41566/ []: sec=0.01, exception=<Fault -1: 'publisherUpdate: unknown method name'>
[rosmaster.threadpool][ERROR] 2017-09-30 15:10:11,181: Traceback (most recent call last):
  File "/opt/ros/kinetic/lib/python2.7/dist-packages/rosmaster/threadpool.py", line 218, in run
    result = cmd(*args)
  File "/opt/ros/kinetic/lib/python2.7/dist-packages/rosmaster/master_api.py", line 210, in publisher_update_task
    ret = xmlrpcapi(api).publisherUpdate('/master', topic, pub_uris)
  File "/usr/lib/python2.7/xmlrpclib.py", line 1243, in __call__
    return self.__send(self.__name, args)
  File "/usr/lib/python2.7/xmlrpclib.py", line 1602, in __request
    verbose=self.__verbose
  File "/usr/lib/python2.7/xmlrpclib.py", line 1283, in request
    return self.single_request(host, handler, request_body, verbose)
  File "/usr/lib/python2.7/xmlrpclib.py", line 1316, in single_request
    return self.parse_response(response)
  File "/usr/lib/python2.7/xmlrpclib.py", line 1493, in parse_response
    return u.close()
  File "/usr/lib/python2.7/xmlrpclib.py", line 800, in close
    raise Fault(**self._stack[0])
Fault: <Fault -1: 'publisherUpdate: unknown method name'>

[rosmaster.master][INFO] 2017-09-30 15:10:11,182: -PUB [/image_marked/compressed/parameter_descriptions] /view http://ubuntu:41566/
[rosmaster.master][INFO] 2017-09-30 15:10:11,182: -SERVICE [/mask_orange/set_logger_level] /mask_orange rosrpc://ubuntu:55293
[rosmaster.master][INFO] 2017-09-30 15:10:11,184: -PUB [/image_marked/compressed/parameter_updates] /view http://ubuntu:41566/
[rosmaster.master][INFO] 2017-09-30 15:10:11,185: -SERVICE [/image/compressedDepth/set_parameters] /mask_orange rosrpc://ubuntu:55293
[rosmaster.master][INFO] 2017-09-30 15:10:11,186: -SERVICE [/image/compressed/set_parameters] /mask_orange rosrpc://ubuntu:55293
[rosmaster.master][INFO] 2017-09-30 15:10:11,188: -PUB [/image_marked] /view http://ubuntu:41566/
[rosmaster.master][INFO] 2017-09-30 15:10:11,190: -SERVICE [/image/theora/set_parameters] /mask_orange rosrpc://ubuntu:55293
[rosmaster.master][INFO] 2017-09-30 15:10:11,192: -PUB [/image_marked/theora] /view http://ubuntu:41566/
[rosmaster.master][INFO] 2017-09-30 15:10:11,194: -SERVICE [/mask_orange/set_parameters] /mask_orange rosrpc://ubuntu:55293
[rosmaster.master][INFO] 2017-09-30 15:10:11,196: -PUB [/image_marked/theora/parameter_descriptions] /view http://ubuntu:41566/
[rosmaster.master][INFO] 2017-09-30 15:10:11,198: -PUB [/image_marked/theora/parameter_updates] /view http://ubuntu:41566/
[rosmaster.master][INFO] 2017-09-30 15:10:11,199: -PUB [/image/marked/compressedDepth] /view http://ubuntu:41566/
[rosmaster.master][INFO] 2017-09-30 15:10:11,200: -PUB [/image/marked/compressedDepth/parameter_descriptions] /view http://ubuntu:41566/
[rosmaster.master][INFO] 2017-09-30 15:10:11,203: -PUB [/image/marked/compressedDepth/parameter_updates] /view http://ubuntu:41566/
[rosmaster.master][INFO] 2017-09-30 15:10:11,204: -PUB [/image/marked/compressed] /view http://ubuntu:41566/
[rosmaster.master][INFO] 2017-09-30 15:10:11,207: -PUB [/image/marked/compressed/parameter_descriptions] /view http://ubuntu:41566/
[rosmaster.master][INFO] 2017-09-30 15:10:11,208: -PUB [/image/marked/compressed/parameter_updates] /view http://ubuntu:41566/
[rosmaster.master][INFO] 2017-09-30 15:10:11,211: -PUB [/image/marked] /view http://ubuntu:41566/
[rosmaster.master][INFO] 2017-09-30 15:10:11,211: -PUB [/image/marked/theora] /view http://ubuntu:41566/
[rosmaster.master][INFO] 2017-09-30 15:10:11,212: -PUB [/image/marked/theora/parameter_descriptions] /view http://ubuntu:41566/
[rosmaster.master][INFO] 2017-09-30 15:10:11,213: -PUB [/image/marked/theora/parameter_updates] /view http://ubuntu:41566/
[rosmaster.master][INFO] 2017-09-30 15:10:11,217: -PUB [/view/parameter_descriptions] /view http://ubuntu:41566/
[rosmaster.master][INFO] 2017-09-30 15:10:11,223: -PUB [/view/parameter_updates] /view http://ubuntu:41566/
[rosmaster.master][INFO] 2017-09-30 15:10:11,224: -SUB [/tf] /view http://ubuntu:41566/
[rosmaster.master][INFO] 2017-09-30 15:10:11,225: -SUB [/tf_static] /view http://ubuntu:41566/
[rosmaster.master][INFO] 2017-09-30 15:10:11,227: -SUB [/image] /view http://ubuntu:41566/
[rosmaster.master][INFO] 2017-09-30 15:10:11,227: -SUB [/camera_info] /view http://ubuntu:41566/
[rosmaster.master][INFO] 2017-09-30 15:10:11,228: -SUB [/image_marker] /view http://ubuntu:41566/
[rosmaster.master][INFO] 2017-09-30 15:10:11,230: -SUB [/image/event] /view http://ubuntu:41566/
[rosmaster.master][INFO] 2017-09-30 15:10:11,233: -SERVICE [/view/get_loggers] /view rosrpc://ubuntu:36850
[rosmaster.master][INFO] 2017-09-30 15:10:11,233: -SERVICE [/view/set_logger_level] /view rosrpc://ubuntu:36850
[rosmaster.master][INFO] 2017-09-30 15:10:11,234: -SERVICE [/image_marked/compressedDepth/set_parameters] /view rosrpc://ubuntu:36850
[rosmaster.master][INFO] 2017-09-30 15:10:11,235: -SERVICE [/image_marked/compressed/set_parameters] /view rosrpc://ubuntu:36850
[rosmaster.master][INFO] 2017-09-30 15:10:11,236: -SERVICE [/image_marked/theora/set_parameters] /view rosrpc://ubuntu:36850
[rosmaster.master][INFO] 2017-09-30 15:10:11,241: -SERVICE [/image/marked/compressedDepth/set_parameters] /view rosrpc://ubuntu:36850
[rosmaster.master][INFO] 2017-09-30 15:10:11,243: -SERVICE [/image/marked/compressed/set_parameters] /view rosrpc://ubuntu:36850
[rosmaster.master][INFO] 2017-09-30 15:10:11,243: -SERVICE [/image/marked/theora/set_parameters] /view rosrpc://ubuntu:36850
[rosmaster.master][INFO] 2017-09-30 15:10:11,246: -SERVICE [/view/change_mode] /view rosrpc://ubuntu:36850
[rosmaster.master][INFO] 2017-09-30 15:10:11,247: -SERVICE [/view/rectangle_mode] /view rosrpc://ubuntu:36850
[rosmaster.master][INFO] 2017-09-30 15:10:11,247: -SERVICE [/view/grabcut_mode] /view rosrpc://ubuntu:36850
[rosmaster.master][INFO] 2017-09-30 15:10:11,248: -SERVICE [/view/grabcut_rect_mode] /view rosrpc://ubuntu:36850
[rosmaster.master][INFO] 2017-09-30 15:10:11,250: -SERVICE [/view/line_mode] /view rosrpc://ubuntu:36850
[rosmaster.master][INFO] 2017-09-30 15:10:11,250: -SERVICE [/view/poly_mode] /view rosrpc://ubuntu:36850
[rosmaster.master][INFO] 2017-09-30 15:10:11,252: -SERVICE [/view/none_mode] /view rosrpc://ubuntu:36850
[rosmaster.master][INFO] 2017-09-30 15:10:11,252: -SERVICE [/view/set_parameters] /view rosrpc://ubuntu:36850
[rosmaster.master][INFO] 2017-09-30 15:10:11,478: -PUB [/rosout_agg] /rosout http://ubuntu:40859/
[rosmaster.master][INFO] 2017-09-30 15:10:11,482: -SUB [/rosout] /rosout http://ubuntu:40859/
[rosmaster.master][INFO] 2017-09-30 15:10:11,483: -SERVICE [/rosout/get_loggers] /rosout rosrpc://ubuntu:59515
[rosmaster.master][INFO] 2017-09-30 15:10:11,485: -SERVICE [/rosout/set_logger_level] /rosout rosrpc://ubuntu:59515
[rosmaster.main][INFO] 2017-09-30 15:10:11,627: keyboard interrupt, will exit
[rosmaster.main][INFO] 2017-09-30 15:10:11,627: stopping master...
[rospy.core][INFO] 2017-09-30 15:10:11,627: signal_shutdown [atexit]
