[rosmaster.main][INFO] 2017-09-21 19:11:31,509: initialization complete, waiting for shutdown
[rosmaster.main][INFO] 2017-09-21 19:11:31,509: Starting ROS Master Node
[xmlrpc][INFO] 2017-09-21 19:11:31,509: XML-RPC server binding to 0.0.0.0:11311
[xmlrpc][INFO] 2017-09-21 19:11:31,510: Started XML-RPC server [http://ubuntu:11311/]
[xmlrpc][INFO] 2017-09-21 19:11:31,510: xml rpc node: starting XML-RPC server
[rosmaster.master][INFO] 2017-09-21 19:11:31,510: Master initialized: port[11311], uri[http://ubuntu:11311/]
[rosmaster.master][INFO] 2017-09-21 19:11:31,566: +PARAM [/run_id] by /roslaunch
[rosmaster.master][INFO] 2017-09-21 19:11:31,568: +PARAM [/roslaunch/uris/host_ubuntu__45660] by /roslaunch
[rosmaster.master][INFO] 2017-09-21 19:11:31,641: +PARAM [/rosversion] by /roslaunch
[rosmaster.master][INFO] 2017-09-21 19:11:31,641: +PARAM [/rosdistro] by /roslaunch
[rosmaster.master][INFO] 2017-09-21 19:11:31,641: +PARAM [/camera/device_id] by /roslaunch
[rosmaster.master][INFO] 2017-09-21 19:11:31,666: +SERVICE [/rosout/get_loggers] /rosout http://ubuntu:37858/
[rosmaster.master][INFO] 2017-09-21 19:11:31,667: +SERVICE [/rosout/set_logger_level] /rosout http://ubuntu:37858/
[rosmaster.master][INFO] 2017-09-21 19:11:31,670: +PUB [/rosout_agg] /rosout http://ubuntu:37858/
[rosmaster.master][INFO] 2017-09-21 19:11:31,678: +SUB [/rosout] /rosout http://ubuntu:37858/
[rosmaster.master][INFO] 2017-09-21 19:11:31,756: +PUB [/rosout] /image_converter http://ubuntu:36173/
[rosmaster.master][INFO] 2017-09-21 19:11:31,757: +SERVICE [/image_converter/get_loggers] /image_converter http://ubuntu:36173/
[rosmaster.master][INFO] 2017-09-21 19:11:31,757: +SERVICE [/image_converter/set_logger_level] /image_converter http://ubuntu:36173/
[rosmaster.master][INFO] 2017-09-21 19:11:31,802: +PUB [/rosout] /camera http://ubuntu:40576/
[rosmaster.master][INFO] 2017-09-21 19:11:31,803: +SERVICE [/camera/get_loggers] /camera http://ubuntu:40576/
[rosmaster.master][INFO] 2017-09-21 19:11:31,804: +SERVICE [/camera/set_logger_level] /camera http://ubuntu:40576/
[rosmaster.master][INFO] 2017-09-21 19:11:31,811: publisherUpdate[/rosout] -> http://ubuntu:37858/ ['http://ubuntu:36173/']
[rosmaster.master][INFO] 2017-09-21 19:11:31,814: publisherUpdate[/rosout] -> http://ubuntu:37858/ ['http://ubuntu:36173/']: sec=0.00, result=[1, '', 0]
[rosmaster.master][INFO] 2017-09-21 19:11:31,814: publisherUpdate[/rosout] -> http://ubuntu:37858/ ['http://ubuntu:36173/', 'http://ubuntu:40576/']
[rosmaster.master][INFO] 2017-09-21 19:11:31,815: publisherUpdate[/rosout] -> http://ubuntu:37858/ ['http://ubuntu:36173/', 'http://ubuntu:40576/']: sec=0.00, result=[1, '', 0]
[rosmaster.master][INFO] 2017-09-21 19:11:31,815: +PUB [/rosout] /view http://ubuntu:46691/
[rosmaster.master][INFO] 2017-09-21 19:11:31,822: +SERVICE [/view/get_loggers] /view http://ubuntu:46691/
[rosmaster.master][INFO] 2017-09-21 19:11:31,823: +SERVICE [/view/set_logger_level] /view http://ubuntu:46691/
[rosmaster.master][INFO] 2017-09-21 19:11:31,830: +SUB [/tf] /view http://ubuntu:46691/
[rosmaster.master][INFO] 2017-09-21 19:11:31,841: +SUB [/tf_static] /view http://ubuntu:46691/
[rosmaster.master][INFO] 2017-09-21 19:11:31,878: +SERVICE [/camera/set_camera_info] /camera http://ubuntu:40576/
[rosmaster.master][INFO] 2017-09-21 19:11:31,892: +PUB [/image/screenpoint] /view http://ubuntu:46691/
[rosmaster.master][INFO] 2017-09-21 19:11:31,893: +PUB [/image/screenpoint_array] /view http://ubuntu:46691/
[rosmaster.master][INFO] 2017-09-21 19:11:31,894: +PUB [/image/screenrectangle] /view http://ubuntu:46691/
[rosmaster.master][INFO] 2017-09-21 19:11:31,895: +PUB [/image/screenrectangle_image] /view http://ubuntu:46691/
[rosmaster.master][INFO] 2017-09-21 19:11:31,898: +PUB [/image/movepoint] /view http://ubuntu:46691/
[rosmaster.master][INFO] 2017-09-21 19:11:31,899: +PUB [/image/foreground] /view http://ubuntu:46691/
[rosmaster.master][INFO] 2017-09-21 19:11:31,899: +PUB [/image/background] /view http://ubuntu:46691/
[rosmaster.master][INFO] 2017-09-21 19:11:31,900: +PUB [/image/foreground_rect] /view http://ubuntu:46691/
[rosmaster.master][INFO] 2017-09-21 19:11:31,901: +PUB [/image/background_rect] /view http://ubuntu:46691/
[rosmaster.master][INFO] 2017-09-21 19:11:31,901: +PUB [/image/line] /view http://ubuntu:46691/
[rosmaster.master][INFO] 2017-09-21 19:11:31,902: +PUB [/image/poly] /view http://ubuntu:46691/
[rosmaster.master][INFO] 2017-09-21 19:11:31,915: publisherUpdate[/rosout] -> http://ubuntu:37858/ ['http://ubuntu:36173/', 'http://ubuntu:40576/', 'http://ubuntu:46691/']
[rosmaster.master][INFO] 2017-09-21 19:11:31,916: publisherUpdate[/rosout] -> http://ubuntu:37858/ ['http://ubuntu:36173/', 'http://ubuntu:40576/', 'http://ubuntu:46691/']: sec=0.00, result=[1, '', 0]
[rosmaster.master][INFO] 2017-09-21 19:11:31,928: +SUB [/camera/image_raw] /image_converter http://ubuntu:36173/
[rosmaster.master][INFO] 2017-09-21 19:11:31,971: +PUB [/image_marked/compressedDepth] /view http://ubuntu:46691/
[rosmaster.master][INFO] 2017-09-21 19:11:31,972: +SERVICE [/image_marked/compressedDepth/set_parameters] /view http://ubuntu:46691/
[rosmaster.master][INFO] 2017-09-21 19:11:31,973: +PUB [/image_marked/compressedDepth/parameter_descriptions] /view http://ubuntu:46691/
[rosmaster.master][INFO] 2017-09-21 19:11:31,974: +PUB [/image_marked/compressedDepth/parameter_updates] /view http://ubuntu:46691/
[rosmaster.master][INFO] 2017-09-21 19:11:31,976: +PARAM [/image_marked/compressedDepth/depth_max] by /view
[rosmaster.master][INFO] 2017-09-21 19:11:31,978: +PARAM [/image_marked/compressedDepth/depth_quantization] by /view
[rosmaster.master][INFO] 2017-09-21 19:11:31,979: +PARAM [/image_marked/compressedDepth/png_level] by /view
[rosmaster.master][INFO] 2017-09-21 19:11:31,981: +PARAM [/image_marked/compressedDepth/depth_max] by /view
[rosmaster.master][INFO] 2017-09-21 19:11:31,982: +PUB [/image/compressedDepth] /image_converter http://ubuntu:36173/
[rosmaster.master][INFO] 2017-09-21 19:11:31,983: +PARAM [/image_marked/compressedDepth/depth_quantization] by /view
[rosmaster.master][INFO] 2017-09-21 19:11:31,984: +SERVICE [/image/compressedDepth/set_parameters] /image_converter http://ubuntu:36173/
[rosmaster.master][INFO] 2017-09-21 19:11:31,984: +PARAM [/image_marked/compressedDepth/png_level] by /view
[rosmaster.master][INFO] 2017-09-21 19:11:31,989: +PUB [/image/compressedDepth/parameter_descriptions] /image_converter http://ubuntu:36173/
[rosmaster.master][INFO] 2017-09-21 19:11:31,994: +PUB [/image/compressedDepth/parameter_updates] /image_converter http://ubuntu:36173/
[rosmaster.master][INFO] 2017-09-21 19:11:31,996: +PARAM [/image/compressedDepth/depth_max] by /image_converter
[rosmaster.master][INFO] 2017-09-21 19:11:31,997: +PARAM [/image/compressedDepth/depth_quantization] by /image_converter
[rosmaster.master][INFO] 2017-09-21 19:11:31,998: +PARAM [/image/compressedDepth/png_level] by /image_converter
[rosmaster.master][INFO] 2017-09-21 19:11:31,999: +PARAM [/image/compressedDepth/depth_max] by /image_converter
[rosmaster.master][INFO] 2017-09-21 19:11:32,003: +PARAM [/image/compressedDepth/depth_quantization] by /image_converter
[rosmaster.master][INFO] 2017-09-21 19:11:32,003: +PARAM [/image/compressedDepth/png_level] by /image_converter
[rosmaster.master][INFO] 2017-09-21 19:11:32,041: +PUB [/image_marked/compressed] /view http://ubuntu:46691/
[rosmaster.master][INFO] 2017-09-21 19:11:32,042: +SERVICE [/image_marked/compressed/set_parameters] /view http://ubuntu:46691/
[rosmaster.master][INFO] 2017-09-21 19:11:32,043: +PUB [/image_marked/compressed/parameter_descriptions] /view http://ubuntu:46691/
[rosmaster.master][INFO] 2017-09-21 19:11:32,045: +PUB [/image_marked/compressed/parameter_updates] /view http://ubuntu:46691/
[rosmaster.master][INFO] 2017-09-21 19:11:32,048: +PARAM [/image_marked/compressed/format] by /view
[rosmaster.master][INFO] 2017-09-21 19:11:32,048: +PARAM [/image_marked/compressed/jpeg_quality] by /view
[rosmaster.master][INFO] 2017-09-21 19:11:32,051: +PARAM [/image_marked/compressed/png_level] by /view
[rosmaster.master][INFO] 2017-09-21 19:11:32,052: +PARAM [/image_marked/compressed/format] by /view
[rosmaster.master][INFO] 2017-09-21 19:11:32,054: +PARAM [/image_marked/compressed/jpeg_quality] by /view
[rosmaster.master][INFO] 2017-09-21 19:11:32,055: +PARAM [/image_marked/compressed/png_level] by /view
[rosmaster.master][INFO] 2017-09-21 19:11:32,064: +PUB [/image/compressed] /image_converter http://ubuntu:36173/
[rosmaster.master][INFO] 2017-09-21 19:11:32,065: +SERVICE [/image/compressed/set_parameters] /image_converter http://ubuntu:36173/
[rosmaster.master][INFO] 2017-09-21 19:11:32,066: +PUB [/image/compressed/parameter_descriptions] /image_converter http://ubuntu:36173/
[rosmaster.master][INFO] 2017-09-21 19:11:32,066: +PUB [/image/compressed/parameter_updates] /image_converter http://ubuntu:36173/
[rosmaster.master][INFO] 2017-09-21 19:11:32,069: +PARAM [/image/compressed/format] by /image_converter
[rosmaster.master][INFO] 2017-09-21 19:11:32,071: +PARAM [/image/compressed/jpeg_quality] by /image_converter
[rosmaster.master][INFO] 2017-09-21 19:11:32,071: +PARAM [/image/compressed/png_level] by /image_converter
[rosmaster.master][INFO] 2017-09-21 19:11:32,074: +PARAM [/image/compressed/format] by /image_converter
[rosmaster.master][INFO] 2017-09-21 19:11:32,075: +PARAM [/image/compressed/jpeg_quality] by /image_converter
[rosmaster.master][INFO] 2017-09-21 19:11:32,077: +PARAM [/image/compressed/png_level] by /image_converter
[rosmaster.master][INFO] 2017-09-21 19:11:32,134: +PUB [/image_marked] /view http://ubuntu:46691/
[rosmaster.master][INFO] 2017-09-21 19:11:32,150: +PUB [/image] /image_converter http://ubuntu:36173/
[rosmaster.master][INFO] 2017-09-21 19:11:32,183: +PUB [/camera/image_raw/compressedDepth] /camera http://ubuntu:40576/
[rosmaster.master][INFO] 2017-09-21 19:11:32,184: +SERVICE [/camera/image_raw/compressedDepth/set_parameters] /camera http://ubuntu:40576/
[rosmaster.master][INFO] 2017-09-21 19:11:32,184: +PUB [/camera/image_raw/compressedDepth/parameter_descriptions] /camera http://ubuntu:40576/
[rosmaster.master][INFO] 2017-09-21 19:11:32,185: +PUB [/camera/image_raw/compressedDepth/parameter_updates] /camera http://ubuntu:40576/
[rosmaster.master][INFO] 2017-09-21 19:11:32,187: +PARAM [/camera/image_raw/compressedDepth/depth_max] by /camera
[rosmaster.master][INFO] 2017-09-21 19:11:32,188: +PARAM [/camera/image_raw/compressedDepth/depth_quantization] by /camera
[rosmaster.master][INFO] 2017-09-21 19:11:32,189: +PARAM [/camera/image_raw/compressedDepth/png_level] by /camera
[rosmaster.master][INFO] 2017-09-21 19:11:32,189: +PARAM [/camera/image_raw/compressedDepth/depth_max] by /camera
[rosmaster.master][INFO] 2017-09-21 19:11:32,190: +PARAM [/camera/image_raw/compressedDepth/depth_quantization] by /camera
[rosmaster.master][INFO] 2017-09-21 19:11:32,194: +PARAM [/camera/image_raw/compressedDepth/png_level] by /camera
[rosmaster.master][INFO] 2017-09-21 19:11:32,226: +PUB [/image_marked/theora] /view http://ubuntu:46691/
[rosmaster.master][INFO] 2017-09-21 19:11:32,227: +SERVICE [/image_marked/theora/set_parameters] /view http://ubuntu:46691/
[rosmaster.master][INFO] 2017-09-21 19:11:32,228: +PUB [/image_marked/theora/parameter_descriptions] /view http://ubuntu:46691/
[rosmaster.master][INFO] 2017-09-21 19:11:32,228: +PUB [/image_marked/theora/parameter_updates] /view http://ubuntu:46691/
[rosmaster.master][INFO] 2017-09-21 19:11:32,234: +PARAM [/image_marked/theora/optimize_for] by /view
[rosmaster.master][INFO] 2017-09-21 19:11:32,234: +PARAM [/image_marked/theora/target_bitrate] by /view
[rosmaster.master][INFO] 2017-09-21 19:11:32,237: +PARAM [/image_marked/theora/quality] by /view
[rosmaster.master][INFO] 2017-09-21 19:11:32,244: +PARAM [/image_marked/theora/keyframe_frequency] by /view
[rosmaster.master][INFO] 2017-09-21 19:11:32,245: +PUB [/image/theora] /image_converter http://ubuntu:36173/
[rosmaster.master][INFO] 2017-09-21 19:11:32,246: +PARAM [/image_marked/theora/optimize_for] by /view
[rosmaster.master][INFO] 2017-09-21 19:11:32,247: +SERVICE [/image/theora/set_parameters] /image_converter http://ubuntu:36173/
[rosmaster.master][INFO] 2017-09-21 19:11:32,247: +PARAM [/image_marked/theora/target_bitrate] by /view
[rosmaster.master][INFO] 2017-09-21 19:11:32,248: +PUB [/image/theora/parameter_descriptions] /image_converter http://ubuntu:36173/
[rosmaster.master][INFO] 2017-09-21 19:11:32,250: +PARAM [/image_marked/theora/quality] by /view
[rosmaster.master][INFO] 2017-09-21 19:11:32,251: +PUB [/image/theora/parameter_updates] /image_converter http://ubuntu:36173/
[rosmaster.master][INFO] 2017-09-21 19:11:32,254: +PARAM [/image_marked/theora/keyframe_frequency] by /view
[rosmaster.master][INFO] 2017-09-21 19:11:32,267: +PARAM [/image/theora/optimize_for] by /image_converter
[rosmaster.master][INFO] 2017-09-21 19:11:32,267: +PARAM [/image/theora/target_bitrate] by /image_converter
[rosmaster.master][INFO] 2017-09-21 19:11:32,268: +PARAM [/image/theora/quality] by /image_converter
[rosmaster.master][INFO] 2017-09-21 19:11:32,270: +PARAM [/image/theora/keyframe_frequency] by /image_converter
[rosmaster.master][INFO] 2017-09-21 19:11:32,273: +PARAM [/image/theora/optimize_for] by /image_converter
[rosmaster.master][INFO] 2017-09-21 19:11:32,278: +PARAM [/image/theora/target_bitrate] by /image_converter
[rosmaster.master][INFO] 2017-09-21 19:11:32,279: +PARAM [/image/theora/quality] by /image_converter
[rosmaster.master][INFO] 2017-09-21 19:11:32,282: +PARAM [/image/theora/keyframe_frequency] by /image_converter
[rosmaster.master][INFO] 2017-09-21 19:11:32,282: +PUB [/camera/image_raw/compressed] /camera http://ubuntu:40576/
[rosmaster.master][INFO] 2017-09-21 19:11:32,283: +SERVICE [/camera/image_raw/compressed/set_parameters] /camera http://ubuntu:40576/
[rosmaster.master][INFO] 2017-09-21 19:11:32,284: +PUB [/camera/image_raw/compressed/parameter_descriptions] /camera http://ubuntu:40576/
[rosmaster.master][INFO] 2017-09-21 19:11:32,286: +PUB [/camera/image_raw/compressed/parameter_updates] /camera http://ubuntu:40576/
[rosmaster.master][INFO] 2017-09-21 19:11:32,291: +PARAM [/camera/image_raw/compressed/format] by /camera
[rosmaster.master][INFO] 2017-09-21 19:11:32,292: +PARAM [/camera/image_raw/compressed/jpeg_quality] by /camera
[rosmaster.master][INFO] 2017-09-21 19:11:32,292: +PARAM [/camera/image_raw/compressed/png_level] by /camera
[rosmaster.master][INFO] 2017-09-21 19:11:32,293: +PARAM [/camera/image_raw/compressed/format] by /camera
[rosmaster.master][INFO] 2017-09-21 19:11:32,294: +PARAM [/camera/image_raw/compressed/jpeg_quality] by /camera
[rosmaster.master][INFO] 2017-09-21 19:11:32,298: +PARAM [/camera/image_raw/compressed/png_level] by /camera
[rosmaster.master][INFO] 2017-09-21 19:11:32,318: +PUB [/image/marked/compressedDepth] /view http://ubuntu:46691/
[rosmaster.master][INFO] 2017-09-21 19:11:32,319: +SERVICE [/image/marked/compressedDepth/set_parameters] /view http://ubuntu:46691/
[rosmaster.master][INFO] 2017-09-21 19:11:32,320: +PUB [/image/marked/compressedDepth/parameter_descriptions] /view http://ubuntu:46691/
[rosmaster.master][INFO] 2017-09-21 19:11:32,320: +PUB [/image/marked/compressedDepth/parameter_updates] /view http://ubuntu:46691/
[rosmaster.master][INFO] 2017-09-21 19:11:32,323: +PARAM [/image/marked/compressedDepth/depth_max] by /view
[rosmaster.master][INFO] 2017-09-21 19:11:32,324: +PARAM [/image/marked/compressedDepth/depth_quantization] by /view
[rosmaster.master][INFO] 2017-09-21 19:11:32,326: +PARAM [/image/marked/compressedDepth/png_level] by /view
[rosmaster.master][INFO] 2017-09-21 19:11:32,327: +PARAM [/image/marked/compressedDepth/depth_max] by /view
[rosmaster.master][INFO] 2017-09-21 19:11:32,329: +PARAM [/image/marked/compressedDepth/depth_quantization] by /view
[rosmaster.master][INFO] 2017-09-21 19:11:32,330: +PARAM [/image/marked/compressedDepth/png_level] by /view
[rosmaster.master][INFO] 2017-09-21 19:11:32,358: +PUB [/camera/image_raw] /camera http://ubuntu:40576/
[rosmaster.master][INFO] 2017-09-21 19:11:32,382: +PUB [/image/marked/compressed] /view http://ubuntu:46691/
[rosmaster.master][INFO] 2017-09-21 19:11:32,383: +SERVICE [/image/marked/compressed/set_parameters] /view http://ubuntu:46691/
[rosmaster.master][INFO] 2017-09-21 19:11:32,384: +PUB [/image/marked/compressed/parameter_descriptions] /view http://ubuntu:46691/
[rosmaster.master][INFO] 2017-09-21 19:11:32,385: +PUB [/image/marked/compressed/parameter_updates] /view http://ubuntu:46691/
[rosmaster.master][INFO] 2017-09-21 19:11:32,387: +PARAM [/image/marked/compressed/format] by /view
[rosmaster.master][INFO] 2017-09-21 19:11:32,387: +PARAM [/image/marked/compressed/jpeg_quality] by /view
[rosmaster.master][INFO] 2017-09-21 19:11:32,388: +PARAM [/image/marked/compressed/png_level] by /view
[rosmaster.master][INFO] 2017-09-21 19:11:32,389: +PARAM [/image/marked/compressed/format] by /view
[rosmaster.master][INFO] 2017-09-21 19:11:32,391: +PARAM [/image/marked/compressed/jpeg_quality] by /view
[rosmaster.master][INFO] 2017-09-21 19:11:32,392: +PARAM [/image/marked/compressed/png_level] by /view
[rosmaster.master][INFO] 2017-09-21 19:11:32,417: publisherUpdate[/camera/image_raw] -> http://ubuntu:36173/ ['http://ubuntu:40576/']
[rosmaster.master][INFO] 2017-09-21 19:11:32,418: publisherUpdate[/camera/image_raw] -> http://ubuntu:36173/ ['http://ubuntu:40576/']: sec=0.00, result=[1, '', 0]
[rosmaster.master][INFO] 2017-09-21 19:11:32,421: +PUB [/camera/image_raw/theora] /camera http://ubuntu:40576/
[rosmaster.master][INFO] 2017-09-21 19:11:32,422: +SERVICE [/camera/image_raw/theora/set_parameters] /camera http://ubuntu:40576/
[rosmaster.master][INFO] 2017-09-21 19:11:32,423: +PUB [/camera/image_raw/theora/parameter_descriptions] /camera http://ubuntu:40576/
[rosmaster.master][INFO] 2017-09-21 19:11:32,424: +PUB [/camera/image_raw/theora/parameter_updates] /camera http://ubuntu:40576/
[rosmaster.master][INFO] 2017-09-21 19:11:32,426: +PARAM [/camera/image_raw/theora/optimize_for] by /camera
[rosmaster.master][INFO] 2017-09-21 19:11:32,427: +PARAM [/camera/image_raw/theora/target_bitrate] by /camera
[rosmaster.master][INFO] 2017-09-21 19:11:32,431: +PARAM [/camera/image_raw/theora/quality] by /camera
[rosmaster.master][INFO] 2017-09-21 19:11:32,431: +PARAM [/camera/image_raw/theora/keyframe_frequency] by /camera
[rosmaster.master][INFO] 2017-09-21 19:11:32,432: +PARAM [/camera/image_raw/theora/optimize_for] by /camera
[rosmaster.master][INFO] 2017-09-21 19:11:32,433: +PARAM [/camera/image_raw/theora/target_bitrate] by /camera
[rosmaster.master][INFO] 2017-09-21 19:11:32,433: +PARAM [/camera/image_raw/theora/quality] by /camera
[rosmaster.master][INFO] 2017-09-21 19:11:32,435: +PARAM [/camera/image_raw/theora/keyframe_frequency] by /camera
[rosmaster.master][INFO] 2017-09-21 19:11:32,439: +PUB [/camera/camera_info] /camera http://ubuntu:40576/
[rosmaster.master][INFO] 2017-09-21 19:11:32,452: +PUB [/image/marked] /view http://ubuntu:46691/
[rosmaster.master][INFO] 2017-09-21 19:11:32,482: +PUB [/image/marked/theora] /view http://ubuntu:46691/
[rosmaster.master][INFO] 2017-09-21 19:11:32,483: +SERVICE [/image/marked/theora/set_parameters] /view http://ubuntu:46691/
[rosmaster.master][INFO] 2017-09-21 19:11:32,484: +PUB [/image/marked/theora/parameter_descriptions] /view http://ubuntu:46691/
[rosmaster.master][INFO] 2017-09-21 19:11:32,484: +PUB [/image/marked/theora/parameter_updates] /view http://ubuntu:46691/
[rosmaster.master][INFO] 2017-09-21 19:11:32,487: +PARAM [/image/marked/theora/optimize_for] by /view
[rosmaster.master][INFO] 2017-09-21 19:11:32,488: +PARAM [/image/marked/theora/target_bitrate] by /view
[rosmaster.master][INFO] 2017-09-21 19:11:32,488: +PARAM [/image/marked/theora/quality] by /view
[rosmaster.master][INFO] 2017-09-21 19:11:32,489: +PARAM [/image/marked/theora/keyframe_frequency] by /view
[rosmaster.master][INFO] 2017-09-21 19:11:32,489: +PARAM [/image/marked/theora/optimize_for] by /view
[rosmaster.master][INFO] 2017-09-21 19:11:32,490: +PARAM [/image/marked/theora/target_bitrate] by /view
[rosmaster.master][INFO] 2017-09-21 19:11:32,491: +PARAM [/image/marked/theora/quality] by /view
[rosmaster.master][INFO] 2017-09-21 19:11:32,491: +PARAM [/image/marked/theora/keyframe_frequency] by /view
[rosmaster.master][INFO] 2017-09-21 19:11:32,520: +SUB [/image] /view http://ubuntu:46691/
[rosmaster.master][INFO] 2017-09-21 19:11:32,523: +SUB [/camera_info] /view http://ubuntu:46691/
[rosmaster.master][INFO] 2017-09-21 19:11:32,527: +SUB [/image_marker] /view http://ubuntu:46691/
[rosmaster.master][INFO] 2017-09-21 19:11:32,530: +SUB [/image/event] /view http://ubuntu:46691/
[rosmaster.master][INFO] 2017-09-21 19:11:32,531: +SERVICE [/view/change_mode] /view http://ubuntu:46691/
[rosmaster.master][INFO] 2017-09-21 19:11:32,531: +SERVICE [/view/rectangle_mode] /view http://ubuntu:46691/
[rosmaster.master][INFO] 2017-09-21 19:11:32,532: +SERVICE [/view/grabcut_mode] /view http://ubuntu:46691/
[rosmaster.master][INFO] 2017-09-21 19:11:32,533: +SERVICE [/view/grabcut_rect_mode] /view http://ubuntu:46691/
[rosmaster.master][INFO] 2017-09-21 19:11:32,533: +SERVICE [/view/line_mode] /view http://ubuntu:46691/
[rosmaster.master][INFO] 2017-09-21 19:11:32,534: +SERVICE [/view/poly_mode] /view http://ubuntu:46691/
[rosmaster.master][INFO] 2017-09-21 19:11:32,535: +SERVICE [/view/none_mode] /view http://ubuntu:46691/
[rosmaster.master][INFO] 2017-09-21 19:11:32,536: +SERVICE [/view/set_parameters] /view http://ubuntu:46691/
[rosmaster.master][INFO] 2017-09-21 19:11:32,536: +PUB [/view/parameter_descriptions] /view http://ubuntu:46691/
[rosmaster.master][INFO] 2017-09-21 19:11:32,537: +PUB [/view/parameter_updates] /view http://ubuntu:46691/
[rosmaster.master][INFO] 2017-09-21 19:11:32,542: +PARAM [/view/grid] by /view
[rosmaster.master][INFO] 2017-09-21 19:11:32,543: +PARAM [/view/fisheye_mode] by /view
[rosmaster.master][INFO] 2017-09-21 19:11:32,543: +PARAM [/view/div_u] by /view
[rosmaster.master][INFO] 2017-09-21 19:11:32,544: +PARAM [/view/div_v] by /view
[rosmaster.master][INFO] 2017-09-21 19:11:32,545: +PARAM [/view/grid_red] by /view
[rosmaster.master][INFO] 2017-09-21 19:11:32,545: +PARAM [/view/grid_green] by /view
[rosmaster.master][INFO] 2017-09-21 19:11:32,546: +PARAM [/view/grid_blue] by /view
[rosmaster.master][INFO] 2017-09-21 19:11:32,547: +PARAM [/view/grid_thickness] by /view
[rosmaster.master][INFO] 2017-09-21 19:11:32,547: +PARAM [/view/grid_space] by /view
[rosmaster.master][INFO] 2017-09-21 19:11:32,548: +PARAM [/view/grid] by /view
[rosmaster.master][INFO] 2017-09-21 19:11:32,549: +PARAM [/view/fisheye_mode] by /view
[rosmaster.master][INFO] 2017-09-21 19:11:32,549: +PARAM [/view/div_u] by /view
[rosmaster.master][INFO] 2017-09-21 19:11:32,550: +PARAM [/view/div_v] by /view
[rosmaster.master][INFO] 2017-09-21 19:11:32,551: +PARAM [/view/grid_red] by /view
[rosmaster.master][INFO] 2017-09-21 19:11:32,551: +PARAM [/view/grid_green] by /view
[rosmaster.master][INFO] 2017-09-21 19:11:32,552: +PARAM [/view/grid_blue] by /view
[rosmaster.master][INFO] 2017-09-21 19:11:32,552: +PARAM [/view/grid_thickness] by /view
[rosmaster.master][INFO] 2017-09-21 19:11:32,553: +PARAM [/view/grid_space] by /view
[rosmaster.master][INFO] 2017-09-21 19:11:40,776: -PUB [/rosout] /view http://ubuntu:46691/
[rosmaster.master][INFO] 2017-09-21 19:11:40,777: -PUB [/image/screenpoint] /view http://ubuntu:46691/
[rosmaster.master][INFO] 2017-09-21 19:11:40,778: -PUB [/image/screenpoint_array] /view http://ubuntu:46691/
[rosmaster.master][INFO] 2017-09-21 19:11:40,779: -PUB [/image/screenrectangle] /view http://ubuntu:46691/
[rosmaster.master][INFO] 2017-09-21 19:11:40,779: -PUB [/image/screenrectangle_image] /view http://ubuntu:46691/
[rosmaster.master][INFO] 2017-09-21 19:11:40,789: -PUB [/image/movepoint] /view http://ubuntu:46691/
[rosmaster.master][INFO] 2017-09-21 19:11:40,789: -PUB [/rosout] /camera http://ubuntu:40576/
[rosmaster.master][INFO] 2017-09-21 19:11:40,790: -PUB [/camera/image_raw/compressedDepth] /camera http://ubuntu:40576/
[rosmaster.master][INFO] 2017-09-21 19:11:40,795: -PUB [/image/foreground] /view http://ubuntu:46691/
[rosmaster.master][INFO] 2017-09-21 19:11:40,796: -PUB [/camera/image_raw/compressedDepth/parameter_descriptions] /camera http://ubuntu:40576/
[rosmaster.master][INFO] 2017-09-21 19:11:40,802: -PUB [/camera/image_raw/compressedDepth/parameter_updates] /camera http://ubuntu:40576/
[rosmaster.master][INFO] 2017-09-21 19:11:40,803: -PUB [/image/background] /view http://ubuntu:46691/
[rosmaster.master][INFO] 2017-09-21 19:11:40,803: -PUB [/camera/image_raw/compressed] /camera http://ubuntu:40576/
[rosmaster.master][INFO] 2017-09-21 19:11:40,809: -PUB [/image/foreground_rect] /view http://ubuntu:46691/
[rosmaster.master][INFO] 2017-09-21 19:11:40,810: -PUB [/camera/image_raw/compressed/parameter_descriptions] /camera http://ubuntu:40576/
[rosmaster.master][INFO] 2017-09-21 19:11:40,814: -PUB [/image/background_rect] /view http://ubuntu:46691/
[rosmaster.master][INFO] 2017-09-21 19:11:40,816: -PUB [/camera/image_raw/compressed/parameter_updates] /camera http://ubuntu:40576/
[rosmaster.master][INFO] 2017-09-21 19:11:40,817: -PUB [/image/line] /view http://ubuntu:46691/
[rosmaster.master][INFO] 2017-09-21 19:11:40,817: -PUB [/camera/image_raw] /camera http://ubuntu:40576/
[rosmaster.master][INFO] 2017-09-21 19:11:40,818: -PUB [/camera/image_raw/theora] /camera http://ubuntu:40576/
[rosmaster.master][INFO] 2017-09-21 19:11:40,820: -PUB [/image/poly] /view http://ubuntu:46691/
[rosmaster.master][INFO] 2017-09-21 19:11:40,821: -PUB [/camera/image_raw/theora/parameter_descriptions] /camera http://ubuntu:40576/
[rosmaster.master][INFO] 2017-09-21 19:11:40,822: -PUB [/camera/image_raw/theora/parameter_updates] /camera http://ubuntu:40576/
[rosmaster.master][INFO] 2017-09-21 19:11:40,826: -PUB [/image_marked/compressedDepth] /view http://ubuntu:46691/
[rosmaster.master][INFO] 2017-09-21 19:11:40,834: -PUB [/camera/camera_info] /camera http://ubuntu:40576/
[rosmaster.master][INFO] 2017-09-21 19:11:40,839: -SERVICE [/camera/get_loggers] /camera rosrpc://ubuntu:43919
[rosmaster.master][INFO] 2017-09-21 19:11:40,841: -PUB [/image_marked/compressedDepth/parameter_descriptions] /view http://ubuntu:46691/
[rosmaster.master][INFO] 2017-09-21 19:11:40,842: -SERVICE [/camera/set_logger_level] /camera rosrpc://ubuntu:43919
[rosmaster.master][INFO] 2017-09-21 19:11:40,845: -PUB [/image_marked/compressedDepth/parameter_updates] /view http://ubuntu:46691/
[rosmaster.master][INFO] 2017-09-21 19:11:40,848: -SERVICE [/camera/set_camera_info] /camera rosrpc://ubuntu:43919
[rosmaster.master][INFO] 2017-09-21 19:11:40,853: -PUB [/image_marked/compressed] /view http://ubuntu:46691/
[rosmaster.master][INFO] 2017-09-21 19:11:40,854: -SERVICE [/camera/image_raw/compressedDepth/set_parameters] /camera rosrpc://ubuntu:43919
[rosmaster.master][INFO] 2017-09-21 19:11:40,857: publisherUpdate[/rosout] -> http://ubuntu:37858/ ['http://ubuntu:36173/', 'http://ubuntu:40576/']
[rosmaster.master][INFO] 2017-09-21 19:11:40,859: publisherUpdate[/rosout] -> http://ubuntu:37858/ ['http://ubuntu:36173/', 'http://ubuntu:40576/']: sec=0.00, result=[1, '', 0]
[rosmaster.master][INFO] 2017-09-21 19:11:40,859: publisherUpdate[/rosout] -> http://ubuntu:37858/ ['http://ubuntu:36173/']
[rosmaster.master][INFO] 2017-09-21 19:11:40,862: publisherUpdate[/camera/image_raw] -> http://ubuntu:36173/ []
[rosmaster.master][INFO] 2017-09-21 19:11:40,863: publisherUpdate[/camera/image_raw] -> http://ubuntu:36173/ []: sec=0.00, exception=[Errno 111] Connection refused
[rosmaster.threadpool][ERROR] 2017-09-21 19:11:40,863: Traceback (most recent call last):
  File "/opt/ros/kinetic/lib/python2.7/dist-packages/rosmaster/threadpool.py", line 218, in run
    result = cmd(*args)
  File "/opt/ros/kinetic/lib/python2.7/dist-packages/rosmaster/master_api.py", line 210, in publisher_update_task
    ret = xmlrpcapi(api).publisherUpdate('/master', topic, pub_uris)
  File "/usr/lib/python2.7/xmlrpclib.py", line 1243, in __call__
    return self.__send(self.__name, args)
  File "/usr/lib/python2.7/xmlrpclib.py", line 1602, in __request
    verbose=self.__verbose
  File "/usr/lib/python2.7/xmlrpclib.py", line 1283, in request
    return self.single_request(host, handler, request_body, verbose)
  File "/usr/lib/python2.7/xmlrpclib.py", line 1311, in single_request
    self.send_content(h, request_body)
  File "/usr/lib/python2.7/xmlrpclib.py", line 1459, in send_content
    connection.endheaders(request_body)
  File "/usr/lib/python2.7/httplib.py", line 1053, in endheaders
    self._send_output(message_body)
  File "/usr/lib/python2.7/httplib.py", line 897, in _send_output
    self.send(msg)
  File "/usr/lib/python2.7/httplib.py", line 859, in send
    self.connect()
  File "/usr/lib/python2.7/httplib.py", line 836, in connect
    self.timeout, self.source_address)
  File "/usr/lib/python2.7/socket.py", line 575, in create_connection
    raise err
error: [Errno 111] Connection refused

[rosmaster.master][INFO] 2017-09-21 19:11:40,866: publisherUpdate[/rosout] -> http://ubuntu:37858/ ['http://ubuntu:36173/']: sec=0.01, result=[1, '', 0]
[rosmaster.master][INFO] 2017-09-21 19:11:40,866: -SERVICE [/camera/image_raw/compressed/set_parameters] /camera rosrpc://ubuntu:43919
[rosmaster.master][INFO] 2017-09-21 19:11:40,867: -PUB [/image_marked/compressed/parameter_descriptions] /view http://ubuntu:46691/
[rosmaster.master][INFO] 2017-09-21 19:11:40,867: -SERVICE [/camera/image_raw/theora/set_parameters] /camera rosrpc://ubuntu:43919
[rosmaster.master][INFO] 2017-09-21 19:11:40,868: -PUB [/image_marked/compressed/parameter_updates] /view http://ubuntu:46691/
[rosmaster.master][INFO] 2017-09-21 19:11:40,871: -PUB [/image_marked] /view http://ubuntu:46691/
[rosmaster.master][INFO] 2017-09-21 19:11:40,873: -PUB [/image_marked/theora] /view http://ubuntu:46691/
[rosmaster.master][INFO] 2017-09-21 19:11:40,883: -PUB [/image_marked/theora/parameter_descriptions] /view http://ubuntu:46691/
[rosmaster.master][INFO] 2017-09-21 19:11:40,885: -PUB [/image_marked/theora/parameter_updates] /view http://ubuntu:46691/
[rosmaster.master][INFO] 2017-09-21 19:11:40,886: -PUB [/image/marked/compressedDepth] /view http://ubuntu:46691/
[rosmaster.master][INFO] 2017-09-21 19:11:40,888: -PUB [/image/marked/compressedDepth/parameter_descriptions] /view http://ubuntu:46691/
[rosmaster.master][INFO] 2017-09-21 19:11:40,893: -PUB [/image/marked/compressedDepth/parameter_updates] /view http://ubuntu:46691/
[rosmaster.master][INFO] 2017-09-21 19:11:40,894: -PUB [/image/marked/compressed] /view http://ubuntu:46691/
[rosmaster.master][INFO] 2017-09-21 19:11:40,896: -PUB [/image/marked/compressed/parameter_descriptions] /view http://ubuntu:46691/
[rosmaster.master][INFO] 2017-09-21 19:11:40,899: -PUB [/image/marked/compressed/parameter_updates] /view http://ubuntu:46691/
[rosmaster.master][INFO] 2017-09-21 19:11:40,901: -PUB [/image/marked] /view http://ubuntu:46691/
[rosmaster.master][INFO] 2017-09-21 19:11:40,907: -PUB [/image/marked/theora] /view http://ubuntu:46691/
[rosmaster.master][INFO] 2017-09-21 19:11:40,907: -PUB [/image/marked/theora/parameter_descriptions] /view http://ubuntu:46691/
[rosmaster.master][INFO] 2017-09-21 19:11:40,908: -PUB [/image/marked/theora/parameter_updates] /view http://ubuntu:46691/
[rosmaster.master][INFO] 2017-09-21 19:11:40,910: -PUB [/view/parameter_descriptions] /view http://ubuntu:46691/
[rosmaster.master][INFO] 2017-09-21 19:11:40,910: -PUB [/view/parameter_updates] /view http://ubuntu:46691/
[rosmaster.master][INFO] 2017-09-21 19:11:40,912: -SUB [/tf] /view http://ubuntu:46691/
[rosmaster.master][INFO] 2017-09-21 19:11:40,913: -SUB [/tf_static] /view http://ubuntu:46691/
[rosmaster.master][INFO] 2017-09-21 19:11:40,914: -SUB [/image] /view http://ubuntu:46691/
[rosmaster.master][INFO] 2017-09-21 19:11:40,915: -SUB [/camera_info] /view http://ubuntu:46691/
[rosmaster.master][INFO] 2017-09-21 19:11:40,918: -SUB [/image_marker] /view http://ubuntu:46691/
[rosmaster.master][INFO] 2017-09-21 19:11:40,918: -SUB [/image/event] /view http://ubuntu:46691/
[rosmaster.master][INFO] 2017-09-21 19:11:40,919: -SERVICE [/view/get_loggers] /view rosrpc://ubuntu:36315
[rosmaster.master][INFO] 2017-09-21 19:11:40,920: -SERVICE [/view/set_logger_level] /view rosrpc://ubuntu:36315
[rosmaster.master][INFO] 2017-09-21 19:11:40,921: -SERVICE [/image_marked/compressedDepth/set_parameters] /view rosrpc://ubuntu:36315
[rosmaster.master][INFO] 2017-09-21 19:11:40,922: -SERVICE [/image_marked/compressed/set_parameters] /view rosrpc://ubuntu:36315
[rosmaster.master][INFO] 2017-09-21 19:11:40,925: -SERVICE [/image_marked/theora/set_parameters] /view rosrpc://ubuntu:36315
[rosmaster.master][INFO] 2017-09-21 19:11:40,925: -SERVICE [/image/marked/compressedDepth/set_parameters] /view rosrpc://ubuntu:36315
[rosmaster.master][INFO] 2017-09-21 19:11:40,926: -SERVICE [/image/marked/compressed/set_parameters] /view rosrpc://ubuntu:36315
[rosmaster.master][INFO] 2017-09-21 19:11:40,927: -SERVICE [/image/marked/theora/set_parameters] /view rosrpc://ubuntu:36315
[rosmaster.master][INFO] 2017-09-21 19:11:40,928: -SERVICE [/view/change_mode] /view rosrpc://ubuntu:36315
[rosmaster.master][INFO] 2017-09-21 19:11:40,929: -SERVICE [/view/rectangle_mode] /view rosrpc://ubuntu:36315
[rosmaster.master][INFO] 2017-09-21 19:11:40,930: -SERVICE [/view/grabcut_mode] /view rosrpc://ubuntu:36315
[rosmaster.master][INFO] 2017-09-21 19:11:40,932: -SERVICE [/view/grabcut_rect_mode] /view rosrpc://ubuntu:36315
[rosmaster.master][INFO] 2017-09-21 19:11:40,933: -SERVICE [/view/line_mode] /view rosrpc://ubuntu:36315
[rosmaster.master][INFO] 2017-09-21 19:11:40,933: -SERVICE [/view/poly_mode] /view rosrpc://ubuntu:36315
[rosmaster.master][INFO] 2017-09-21 19:11:40,934: -SERVICE [/view/none_mode] /view rosrpc://ubuntu:36315
[rosmaster.master][INFO] 2017-09-21 19:11:40,936: -SERVICE [/view/set_parameters] /view rosrpc://ubuntu:36315
[rosmaster.master][INFO] 2017-09-21 19:11:41,267: -PUB [/rosout_agg] /rosout http://ubuntu:37858/
[rosmaster.master][INFO] 2017-09-21 19:11:41,268: -SUB [/rosout] /rosout http://ubuntu:37858/
[rosmaster.master][INFO] 2017-09-21 19:11:41,269: -SERVICE [/rosout/get_loggers] /rosout rosrpc://ubuntu:55477
[rosmaster.master][INFO] 2017-09-21 19:11:41,274: -SERVICE [/rosout/set_logger_level] /rosout rosrpc://ubuntu:55477
[rosmaster.main][INFO] 2017-09-21 19:11:41,307: keyboard interrupt, will exit
[rosmaster.main][INFO] 2017-09-21 19:11:41,307: stopping master...
[rospy.core][INFO] 2017-09-21 19:11:41,307: signal_shutdown [atexit]
